[2024-06-10T14:08:32.890+0000] {local_task_job_runner.py:120} INFO - ::group::Pre task execution logs
[2024-06-10T14:08:32.921+0000] {taskinstance.py:2076} INFO - Dependencies all met for dep_context=non-requeueable deps ti=<TaskInstance: ETL_toll_data.download_data manual__2024-06-10T14:08:28.852914+00:00 [queued]>
[2024-06-10T14:08:32.930+0000] {taskinstance.py:2076} INFO - Dependencies all met for dep_context=requeueable deps ti=<TaskInstance: ETL_toll_data.download_data manual__2024-06-10T14:08:28.852914+00:00 [queued]>
[2024-06-10T14:08:32.931+0000] {taskinstance.py:2306} INFO - Starting attempt 1 of 2
[2024-06-10T14:08:32.944+0000] {taskinstance.py:2330} INFO - Executing <Task(BashOperator): download_data> on 2024-06-10 14:08:28.852914+00:00
[2024-06-10T14:08:32.951+0000] {warnings.py:112} WARNING - /home/***/.local/lib/python3.12/site-packages/***/task/task_runner/standard_task_runner.py:61: DeprecationWarning: This process (pid=62) is multi-threaded, use of fork() may lead to deadlocks in the child.
  pid = os.fork()

[2024-06-10T14:08:32.952+0000] {standard_task_runner.py:63} INFO - Started process 64 to run task
[2024-06-10T14:08:32.952+0000] {standard_task_runner.py:90} INFO - Running: ['***', 'tasks', 'run', 'ETL_toll_data', 'download_data', 'manual__2024-06-10T14:08:28.852914+00:00', '--job-id', '36', '--raw', '--subdir', 'DAGS_FOLDER/ETL_toll_data.py', '--cfg-path', '/tmp/tmpfburzok3']
[2024-06-10T14:08:32.954+0000] {standard_task_runner.py:91} INFO - Job 36: Subtask download_data
[2024-06-10T14:08:32.998+0000] {task_command.py:426} INFO - Running <TaskInstance: ETL_toll_data.download_data manual__2024-06-10T14:08:28.852914+00:00 [running]> on host 2c4b4cb333a5
[2024-06-10T14:08:33.076+0000] {taskinstance.py:2648} INFO - Exporting env vars: AIRFLOW_CTX_DAG_EMAIL='21521333@gm.uit.edu.vn' AIRFLOW_CTX_DAG_OWNER='quan' AIRFLOW_CTX_DAG_ID='ETL_toll_data' AIRFLOW_CTX_TASK_ID='download_data' AIRFLOW_CTX_EXECUTION_DATE='2024-06-10T14:08:28.852914+00:00' AIRFLOW_CTX_TRY_NUMBER='1' AIRFLOW_CTX_DAG_RUN_ID='manual__2024-06-10T14:08:28.852914+00:00'
[2024-06-10T14:08:33.078+0000] {taskinstance.py:430} INFO - ::endgroup::
[2024-06-10T14:08:33.079+0000] {subprocess.py:63} INFO - Tmp dir root location: /tmp
[2024-06-10T14:08:33.080+0000] {subprocess.py:75} INFO - Running command: ['/usr/bin/bash', '-c', 'curl -o /tmp/tolldata.tgz https://cf-courses-data.s3.us.cloud-object-storage.appdomain.cloud/IBM-DB0250EN-SkillsNetwork/labs/Final%20Assignment/tolldata.tgz']
[2024-06-10T14:08:33.092+0000] {subprocess.py:86} INFO - Output:
[2024-06-10T14:08:33.100+0000] {subprocess.py:93} INFO -   % Total    % Received % Xferd  Average Speed   Time    Time     Time  Current
[2024-06-10T14:08:33.101+0000] {subprocess.py:93} INFO -                                  Dload  Upload   Total   Spent    Left  Speed
[2024-06-10T14:08:50.692+0000] {subprocess.py:93} INFO -   0     0    0     0    0     0      0      0 --:--:-- --:--:-- --:--:--     0  0     0    0     0    0     0      0      0 --:--:-- --:--:-- --:--:--     0  0     0    0     0    0     0      0      0 --:--:--  0:00:01 --:--:--     0  0     0    0     0    0     0      0      0 --:--:--  0:00:02 --:--:--     0  0     0    0     0    0     0      0      0 --:--:--  0:00:03 --:--:--     0  0     0    0     0    0     0      0      0 --:--:--  0:00:04 --:--:--     0  2  516k    2 15400    0     0   2874      0  0:03:04  0:00:05  0:02:59  2927  9  516k    9 49152    0     0   7817      0  0:01:07  0:00:06  0:01:01  9555 15  516k   15 81347    0     0  11137      0  0:00:47  0:00:07  0:00:40 15767 18  516k   18 98304    0     0  11569      0  0:00:45  0:00:08  0:00:37 18378 21  516k   21  112k    0     0  12542      0  0:00:42  0:00:09  0:00:33 22951 27  516k   27  144k    0     0  14216      0  0:00:37  0:00:10  0:00:27 26337 34  516k   34  176k    0     0  16242      0  0:00:32  0:00:11  0:00:21 27255 43  516k   43  224k    0     0  18422      0  0:00:28  0:00:12  0:00:16 28765 49  516k   49  256k    0     0  19799      0  0:00:26  0:00:13  0:00:13 34536 61  516k   61  320k    0     0  22803      0  0:00:23  0:00:14  0:00:09 40764 68  516k   68  352k    0     0  23572      0  0:00:22  0:00:15  0:00:07 43299 77  516k   77  400k    0     0  24902      0  0:00:21  0:00:16  0:00:05 42857 92  516k   92  480k    0     0  28439      0  0:00:18  0:00:17  0:00:01 54240100  516k  100  516k    0     0  30067      0  0:00:17  0:00:17 --:--:-- 61302
[2024-06-10T14:08:50.695+0000] {subprocess.py:97} INFO - Command exited with return code 0
[2024-06-10T14:08:50.696+0000] {taskinstance.py:441} INFO - ::group::Post task execution logs
[2024-06-10T14:08:50.719+0000] {taskinstance.py:1206} INFO - Marking task as SUCCESS. dag_id=ETL_toll_data, task_id=download_data, run_id=manual__2024-06-10T14:08:28.852914+00:00, execution_date=20240610T140828, start_date=20240610T140832, end_date=20240610T140850
[2024-06-10T14:08:50.742+0000] {local_task_job_runner.py:240} INFO - Task exited with return code 0
[2024-06-10T14:08:50.766+0000] {taskinstance.py:3503} INFO - 1 downstream tasks scheduled from follow-on schedule check
[2024-06-10T14:08:50.769+0000] {local_task_job_runner.py:222} INFO - ::endgroup::
