[2024-06-11T01:19:20.353+0000] {processor.py:161} INFO - Started process (PID=49) to work on /home/airflow/.local/lib/python3.12/site-packages/airflow/example_dags/example_datasets.py
[2024-06-11T01:19:20.354+0000] {processor.py:830} INFO - Processing file /home/airflow/.local/lib/python3.12/site-packages/airflow/example_dags/example_datasets.py for tasks to queue
[2024-06-11T01:19:20.356+0000] {logging_mixin.py:188} INFO - [2024-06-11T01:19:20.355+0000] {dagbag.py:545} INFO - Filling up the DagBag from /home/airflow/.local/lib/python3.12/site-packages/airflow/example_dags/example_datasets.py
[2024-06-11T01:19:20.421+0000] {processor.py:840} INFO - DAG(s) 'dataset_consumes_unknown_never_scheduled', 'dataset_produces_2', 'conditional_dataset_and_time_based_timetable', 'consume_1_and_2_with_dataset_expressions', 'consume_1_or_2_with_dataset_expressions', 'dataset_produces_1', 'dataset_consumes_1_and_2', 'consume_1_or_both_2_and_3_with_dataset_expressions', 'dataset_consumes_1', 'dataset_consumes_1_never_scheduled' retrieved from /home/airflow/.local/lib/python3.12/site-packages/airflow/example_dags/example_datasets.py
[2024-06-11T01:19:20.623+0000] {logging_mixin.py:188} INFO - [2024-06-11T01:19:20.623+0000] {dag.py:3096} INFO - Sync 10 DAGs
[2024-06-11T01:19:20.881+0000] {logging_mixin.py:188} INFO - [2024-06-11T01:19:20.881+0000] {dag.py:3954} INFO - Setting next_dagrun for conditional_dataset_and_time_based_timetable to 2024-06-05 01:00:00+00:00, run_after=2024-06-05 01:00:00+00:00
[2024-06-11T01:19:20.898+0000] {logging_mixin.py:188} INFO - [2024-06-11T01:19:20.897+0000] {dag.py:3954} INFO - Setting next_dagrun for consume_1_and_2_with_dataset_expressions to None, run_after=None
[2024-06-11T01:19:20.900+0000] {logging_mixin.py:188} INFO - [2024-06-11T01:19:20.899+0000] {dag.py:3954} INFO - Setting next_dagrun for consume_1_or_2_with_dataset_expressions to None, run_after=None
[2024-06-11T01:19:20.902+0000] {logging_mixin.py:188} INFO - [2024-06-11T01:19:20.901+0000] {dag.py:3954} INFO - Setting next_dagrun for consume_1_or_both_2_and_3_with_dataset_expressions to None, run_after=None
[2024-06-11T01:19:20.904+0000] {logging_mixin.py:188} INFO - [2024-06-11T01:19:20.904+0000] {dag.py:3954} INFO - Setting next_dagrun for dataset_consumes_1 to None, run_after=None
[2024-06-11T01:19:20.906+0000] {logging_mixin.py:188} INFO - [2024-06-11T01:19:20.906+0000] {dag.py:3954} INFO - Setting next_dagrun for dataset_consumes_1_and_2 to None, run_after=None
[2024-06-11T01:19:20.908+0000] {logging_mixin.py:188} INFO - [2024-06-11T01:19:20.907+0000] {dag.py:3954} INFO - Setting next_dagrun for dataset_consumes_1_never_scheduled to None, run_after=None
[2024-06-11T01:19:20.910+0000] {logging_mixin.py:188} INFO - [2024-06-11T01:19:20.909+0000] {dag.py:3954} INFO - Setting next_dagrun for dataset_consumes_unknown_never_scheduled to None, run_after=None
[2024-06-11T01:19:20.913+0000] {logging_mixin.py:188} INFO - [2024-06-11T01:19:20.912+0000] {dag.py:3954} INFO - Setting next_dagrun for dataset_produces_1 to 2024-06-10 00:00:00+00:00, run_after=2024-06-11 00:00:00+00:00
[2024-06-11T01:19:20.915+0000] {logging_mixin.py:188} INFO - [2024-06-11T01:19:20.915+0000] {dag.py:3954} INFO - Setting next_dagrun for dataset_produces_2 to None, run_after=None
[2024-06-11T01:19:20.985+0000] {processor.py:183} INFO - Processing /home/airflow/.local/lib/python3.12/site-packages/airflow/example_dags/example_datasets.py took 0.638 seconds
[2024-06-11T01:19:51.731+0000] {processor.py:161} INFO - Started process (PID=109) to work on /home/airflow/.local/lib/python3.12/site-packages/airflow/example_dags/example_datasets.py
[2024-06-11T01:19:51.732+0000] {processor.py:830} INFO - Processing file /home/airflow/.local/lib/python3.12/site-packages/airflow/example_dags/example_datasets.py for tasks to queue
[2024-06-11T01:19:51.734+0000] {logging_mixin.py:188} INFO - [2024-06-11T01:19:51.734+0000] {dagbag.py:545} INFO - Filling up the DagBag from /home/airflow/.local/lib/python3.12/site-packages/airflow/example_dags/example_datasets.py
[2024-06-11T01:19:51.753+0000] {processor.py:840} INFO - DAG(s) 'consume_1_or_2_with_dataset_expressions', 'dataset_produces_2', 'dataset_consumes_unknown_never_scheduled', 'consume_1_and_2_with_dataset_expressions', 'dataset_consumes_1', 'consume_1_or_both_2_and_3_with_dataset_expressions', 'dataset_consumes_1_never_scheduled', 'conditional_dataset_and_time_based_timetable', 'dataset_consumes_1_and_2', 'dataset_produces_1' retrieved from /home/airflow/.local/lib/python3.12/site-packages/airflow/example_dags/example_datasets.py
[2024-06-11T01:19:51.816+0000] {logging_mixin.py:188} INFO - [2024-06-11T01:19:51.815+0000] {dag.py:3096} INFO - Sync 10 DAGs
[2024-06-11T01:19:51.845+0000] {logging_mixin.py:188} INFO - [2024-06-11T01:19:51.845+0000] {dag.py:3954} INFO - Setting next_dagrun for conditional_dataset_and_time_based_timetable to 2024-06-05 01:00:00+00:00, run_after=2024-06-05 01:00:00+00:00
[2024-06-11T01:19:51.850+0000] {logging_mixin.py:188} INFO - [2024-06-11T01:19:51.850+0000] {dag.py:3954} INFO - Setting next_dagrun for consume_1_and_2_with_dataset_expressions to None, run_after=None
[2024-06-11T01:19:51.853+0000] {logging_mixin.py:188} INFO - [2024-06-11T01:19:51.853+0000] {dag.py:3954} INFO - Setting next_dagrun for consume_1_or_2_with_dataset_expressions to None, run_after=None
[2024-06-11T01:19:51.856+0000] {logging_mixin.py:188} INFO - [2024-06-11T01:19:51.856+0000] {dag.py:3954} INFO - Setting next_dagrun for consume_1_or_both_2_and_3_with_dataset_expressions to None, run_after=None
[2024-06-11T01:19:51.859+0000] {logging_mixin.py:188} INFO - [2024-06-11T01:19:51.858+0000] {dag.py:3954} INFO - Setting next_dagrun for dataset_consumes_1 to None, run_after=None
[2024-06-11T01:19:51.861+0000] {logging_mixin.py:188} INFO - [2024-06-11T01:19:51.860+0000] {dag.py:3954} INFO - Setting next_dagrun for dataset_consumes_1_and_2 to None, run_after=None
[2024-06-11T01:19:51.863+0000] {logging_mixin.py:188} INFO - [2024-06-11T01:19:51.863+0000] {dag.py:3954} INFO - Setting next_dagrun for dataset_consumes_1_never_scheduled to None, run_after=None
[2024-06-11T01:19:51.865+0000] {logging_mixin.py:188} INFO - [2024-06-11T01:19:51.865+0000] {dag.py:3954} INFO - Setting next_dagrun for dataset_consumes_unknown_never_scheduled to None, run_after=None
[2024-06-11T01:19:51.868+0000] {logging_mixin.py:188} INFO - [2024-06-11T01:19:51.867+0000] {dag.py:3954} INFO - Setting next_dagrun for dataset_produces_1 to 2024-06-10 00:00:00+00:00, run_after=2024-06-11 00:00:00+00:00
[2024-06-11T01:19:51.871+0000] {logging_mixin.py:188} INFO - [2024-06-11T01:19:51.870+0000] {dag.py:3954} INFO - Setting next_dagrun for dataset_produces_2 to None, run_after=None
[2024-06-11T01:19:51.916+0000] {processor.py:183} INFO - Processing /home/airflow/.local/lib/python3.12/site-packages/airflow/example_dags/example_datasets.py took 0.192 seconds
