[2024-06-11T01:19:25.179+0000] {local_task_job_runner.py:120} INFO - ::group::Pre task execution logs
[2024-06-11T01:19:25.215+0000] {taskinstance.py:2076} INFO - Dependencies all met for dep_context=non-requeueable deps ti=<TaskInstance: ETL_toll_data.download_data scheduled__2024-06-10T00:00:00+00:00 [queued]>
[2024-06-11T01:19:25.225+0000] {taskinstance.py:2076} INFO - Dependencies all met for dep_context=requeueable deps ti=<TaskInstance: ETL_toll_data.download_data scheduled__2024-06-10T00:00:00+00:00 [queued]>
[2024-06-11T01:19:25.226+0000] {taskinstance.py:2306} INFO - Starting attempt 1 of 2
[2024-06-11T01:19:25.240+0000] {taskinstance.py:2330} INFO - Executing <Task(BashOperator): download_data> on 2024-06-10 00:00:00+00:00
[2024-06-11T01:19:25.249+0000] {warnings.py:112} WARNING - /home/***/.local/lib/python3.12/site-packages/***/task/task_runner/standard_task_runner.py:61: DeprecationWarning: This process (pid=47) is multi-threaded, use of fork() may lead to deadlocks in the child.
  pid = os.fork()

[2024-06-11T01:19:25.251+0000] {standard_task_runner.py:90} INFO - Running: ['***', 'tasks', 'run', 'ETL_toll_data', 'download_data', 'scheduled__2024-06-10T00:00:00+00:00', '--job-id', '12', '--raw', '--subdir', 'DAGS_FOLDER/ETL_toll_data.py', '--cfg-path', '/tmp/tmphn2u3sk1']
[2024-06-11T01:19:25.255+0000] {standard_task_runner.py:63} INFO - Started process 49 to run task
[2024-06-11T01:19:25.255+0000] {standard_task_runner.py:91} INFO - Job 12: Subtask download_data
[2024-06-11T01:19:25.375+0000] {task_command.py:426} INFO - Running <TaskInstance: ETL_toll_data.download_data scheduled__2024-06-10T00:00:00+00:00 [running]> on host ec95ec94af47
[2024-06-11T01:19:25.511+0000] {taskinstance.py:2648} INFO - Exporting env vars: AIRFLOW_CTX_DAG_EMAIL='21521333@gm.uit.edu.vn' AIRFLOW_CTX_DAG_OWNER='quan' AIRFLOW_CTX_DAG_ID='ETL_toll_data' AIRFLOW_CTX_TASK_ID='download_data' AIRFLOW_CTX_EXECUTION_DATE='2024-06-10T00:00:00+00:00' AIRFLOW_CTX_TRY_NUMBER='1' AIRFLOW_CTX_DAG_RUN_ID='scheduled__2024-06-10T00:00:00+00:00'
[2024-06-11T01:19:25.513+0000] {taskinstance.py:430} INFO - ::endgroup::
[2024-06-11T01:19:25.514+0000] {subprocess.py:63} INFO - Tmp dir root location: /tmp
[2024-06-11T01:19:25.515+0000] {subprocess.py:75} INFO - Running command: ['/usr/bin/bash', '-c', 'curl -o /tmp/tolldata.tgz https://cf-courses-data.s3.us.cloud-object-storage.appdomain.cloud/IBM-DB0250EN-SkillsNetwork/labs/Final%20Assignment/tolldata.tgz']
[2024-06-11T01:19:25.527+0000] {subprocess.py:86} INFO - Output:
[2024-06-11T01:19:25.618+0000] {subprocess.py:93} INFO -   % Total    % Received % Xferd  Average Speed   Time    Time     Time  Current
[2024-06-11T01:19:25.619+0000] {subprocess.py:93} INFO -                                  Dload  Upload   Total   Spent    Left  Speed
[2024-06-11T01:19:38.056+0000] {subprocess.py:93} INFO -   0     0    0     0    0     0      0      0 --:--:-- --:--:-- --:--:--     0  0     0    0     0    0     0      0      0 --:--:-- --:--:-- --:--:--     0  0     0    0     0    0     0      0      0 --:--:--  0:00:01 --:--:--     0  0     0    0     0    0     0      0      0 --:--:--  0:00:02 --:--:--     0  6  516k    6 32768    0     0   7795      0  0:01:07  0:00:04  0:01:03  7796 15  516k   15 81920    0     0  17006      0  0:00:31  0:00:04  0:00:27 17006 18  516k   18 98304    0     0  17150      0  0:00:30  0:00:05  0:00:25 19629 27  516k   27  144k    0     0  21617      0  0:00:24  0:00:06  0:00:18 29663 40  516k   40  208k    0     0  25980      0  0:00:20  0:00:08  0:00:12 39225 49  516k   49  256k    0     0  28804      0  0:00:18  0:00:09  0:00:09 46830 58  516k   58  304k    0     0  31648      0  0:00:16  0:00:09  0:00:07 45710 71  516k   71  368k    0     0  34576      0  0:00:15  0:00:10  0:00:05 53915 86  516k   86  448k    0     0  38875      0  0:00:13  0:00:11  0:00:02 62509100  516k  100  516k    0     0  42530      0  0:00:12  0:00:12 --:--:-- 74546
[2024-06-11T01:19:38.059+0000] {subprocess.py:97} INFO - Command exited with return code 0
[2024-06-11T01:19:38.060+0000] {taskinstance.py:441} INFO - ::group::Post task execution logs
[2024-06-11T01:19:38.092+0000] {taskinstance.py:1206} INFO - Marking task as SUCCESS. dag_id=ETL_toll_data, task_id=download_data, run_id=scheduled__2024-06-10T00:00:00+00:00, execution_date=20240610T000000, start_date=20240611T011925, end_date=20240611T011938
[2024-06-11T01:19:38.131+0000] {local_task_job_runner.py:240} INFO - Task exited with return code 0
[2024-06-11T01:19:38.184+0000] {taskinstance.py:3503} INFO - 1 downstream tasks scheduled from follow-on schedule check
[2024-06-11T01:19:38.187+0000] {local_task_job_runner.py:222} INFO - ::endgroup::
[2024-06-14T04:28:36.039+0000] {local_task_job_runner.py:120} INFO - ::group::Pre task execution logs
[2024-06-14T04:28:36.065+0000] {taskinstance.py:2076} INFO - Dependencies all met for dep_context=non-requeueable deps ti=<TaskInstance: ETL_toll_data.download_data scheduled__2024-06-10T00:00:00+00:00 [queued]>
[2024-06-14T04:28:36.073+0000] {taskinstance.py:2076} INFO - Dependencies all met for dep_context=requeueable deps ti=<TaskInstance: ETL_toll_data.download_data scheduled__2024-06-10T00:00:00+00:00 [queued]>
[2024-06-14T04:28:36.074+0000] {taskinstance.py:2306} INFO - Starting attempt 1 of 2
[2024-06-14T04:28:36.215+0000] {taskinstance.py:2330} INFO - Executing <Task(BashOperator): download_data> on 2024-06-10 00:00:00+00:00
[2024-06-14T04:28:36.223+0000] {warnings.py:112} WARNING - /home/***/.local/lib/python3.12/site-packages/***/task/task_runner/standard_task_runner.py:61: DeprecationWarning: This process (pid=77) is multi-threaded, use of fork() may lead to deadlocks in the child.
  pid = os.fork()

[2024-06-14T04:28:36.225+0000] {standard_task_runner.py:63} INFO - Started process 87 to run task
[2024-06-14T04:28:36.226+0000] {standard_task_runner.py:90} INFO - Running: ['***', 'tasks', 'run', 'ETL_toll_data', 'download_data', 'scheduled__2024-06-10T00:00:00+00:00', '--job-id', '3', '--raw', '--subdir', 'DAGS_FOLDER/ETL_toll_data.py', '--cfg-path', '/tmp/tmp1yoadvnd']
[2024-06-14T04:28:36.228+0000] {standard_task_runner.py:91} INFO - Job 3: Subtask download_data
[2024-06-14T04:28:36.286+0000] {task_command.py:426} INFO - Running <TaskInstance: ETL_toll_data.download_data scheduled__2024-06-10T00:00:00+00:00 [running]> on host af8e208997f1
[2024-06-14T04:28:36.399+0000] {taskinstance.py:2648} INFO - Exporting env vars: AIRFLOW_CTX_DAG_EMAIL='21521333@gm.uit.edu.vn' AIRFLOW_CTX_DAG_OWNER='quan' AIRFLOW_CTX_DAG_ID='ETL_toll_data' AIRFLOW_CTX_TASK_ID='download_data' AIRFLOW_CTX_EXECUTION_DATE='2024-06-10T00:00:00+00:00' AIRFLOW_CTX_TRY_NUMBER='1' AIRFLOW_CTX_DAG_RUN_ID='scheduled__2024-06-10T00:00:00+00:00'
[2024-06-14T04:28:36.401+0000] {taskinstance.py:430} INFO - ::endgroup::
[2024-06-14T04:28:36.407+0000] {subprocess.py:63} INFO - Tmp dir root location: /tmp
[2024-06-14T04:28:36.409+0000] {subprocess.py:75} INFO - Running command: ['/usr/bin/bash', '-c', 'curl -o /tmp/tolldata.tgz https://cf-courses-data.s3.us.cloud-object-storage.appdomain.cloud/IBM-DB0250EN-SkillsNetwork/labs/Final%20Assignment/tolldata.tgz']
[2024-06-14T04:28:36.428+0000] {subprocess.py:86} INFO - Output:
[2024-06-14T04:28:36.491+0000] {subprocess.py:93} INFO -   % Total    % Received % Xferd  Average Speed   Time    Time     Time  Current
[2024-06-14T04:28:36.492+0000] {subprocess.py:93} INFO -                                  Dload  Upload   Total   Spent    Left  Speed
[2024-06-14T04:28:39.495+0000] {subprocess.py:93} INFO -   0     0    0     0    0     0      0      0 --:--:-- --:--:-- --:--:--     0  0     0    0     0    0     0      0      0 --:--:-- --:--:-- --:--:--     0  0     0    0     0    0     0      0      0 --:--:--  0:00:01 --:--:--     0 64  516k   64  333k    0     0   120k      0  0:00:04  0:00:02  0:00:02  120k100  516k  100  516k    0     0   171k      0  0:00:03  0:00:03 --:--:--  172k
[2024-06-14T04:28:39.532+0000] {subprocess.py:97} INFO - Command exited with return code 0
[2024-06-14T04:28:39.534+0000] {taskinstance.py:441} INFO - ::group::Post task execution logs
[2024-06-14T04:28:39.664+0000] {taskinstance.py:1206} INFO - Marking task as SUCCESS. dag_id=ETL_toll_data, task_id=download_data, run_id=scheduled__2024-06-10T00:00:00+00:00, execution_date=20240610T000000, start_date=20240614T042836, end_date=20240614T042839
[2024-06-14T04:28:39.732+0000] {local_task_job_runner.py:240} INFO - Task exited with return code 0
[2024-06-14T04:28:39.766+0000] {taskinstance.py:3503} INFO - 1 downstream tasks scheduled from follow-on schedule check
[2024-06-14T04:28:39.774+0000] {local_task_job_runner.py:222} INFO - ::endgroup::
