[2024-06-13T14:36:03.957+0000] {processor.py:161} INFO - Started process (PID=36) to work on /opt/airflow/dags/ETL_toll_data.py
[2024-06-13T14:36:03.967+0000] {processor.py:830} INFO - Processing file /opt/airflow/dags/ETL_toll_data.py for tasks to queue
[2024-06-13T14:36:04.018+0000] {logging_mixin.py:188} INFO - [2024-06-13T14:36:03.999+0000] {dagbag.py:545} INFO - Filling up the DagBag from /opt/airflow/dags/ETL_toll_data.py
[2024-06-13T14:36:14.379+0000] {processor.py:840} INFO - DAG(s) 'ETL_toll_data' retrieved from /opt/airflow/dags/ETL_toll_data.py
[2024-06-13T14:36:17.178+0000] {logging_mixin.py:188} INFO - [2024-06-13T14:36:17.177+0000] {override.py:1829} INFO - Created Permission View: can read on DAG:ETL_toll_data
[2024-06-13T14:36:17.198+0000] {logging_mixin.py:188} INFO - [2024-06-13T14:36:17.198+0000] {override.py:1829} INFO - Created Permission View: can edit on DAG:ETL_toll_data
[2024-06-13T14:36:17.209+0000] {logging_mixin.py:188} INFO - [2024-06-13T14:36:17.208+0000] {override.py:1829} INFO - Created Permission View: can delete on DAG:ETL_toll_data
[2024-06-13T14:36:17.210+0000] {logging_mixin.py:188} INFO - [2024-06-13T14:36:17.210+0000] {dag.py:3096} INFO - Sync 1 DAGs
[2024-06-13T14:36:17.225+0000] {logging_mixin.py:188} INFO - [2024-06-13T14:36:17.224+0000] {dag.py:3118} INFO - Creating ORM DAG for ETL_toll_data
[2024-06-13T14:36:17.240+0000] {logging_mixin.py:188} INFO - [2024-06-13T14:36:17.240+0000] {dag.py:3954} INFO - Setting next_dagrun for ETL_toll_data to 2024-06-10 00:00:00+00:00, run_after=2024-06-11 00:00:00+00:00
[2024-06-13T14:36:17.278+0000] {processor.py:183} INFO - Processing /opt/airflow/dags/ETL_toll_data.py took 13.427 seconds
[2024-06-13T14:36:47.651+0000] {processor.py:161} INFO - Started process (PID=101) to work on /opt/airflow/dags/ETL_toll_data.py
[2024-06-13T14:36:47.677+0000] {processor.py:830} INFO - Processing file /opt/airflow/dags/ETL_toll_data.py for tasks to queue
[2024-06-13T14:36:47.681+0000] {logging_mixin.py:188} INFO - [2024-06-13T14:36:47.680+0000] {dagbag.py:545} INFO - Filling up the DagBag from /opt/airflow/dags/ETL_toll_data.py
[2024-06-13T14:36:50.225+0000] {processor.py:840} INFO - DAG(s) 'ETL_toll_data' retrieved from /opt/airflow/dags/ETL_toll_data.py
[2024-06-13T14:36:50.248+0000] {logging_mixin.py:188} INFO - [2024-06-13T14:36:50.247+0000] {dag.py:3096} INFO - Sync 1 DAGs
[2024-06-13T14:36:50.272+0000] {logging_mixin.py:188} INFO - [2024-06-13T14:36:50.272+0000] {dag.py:3954} INFO - Setting next_dagrun for ETL_toll_data to 2024-06-10 00:00:00+00:00, run_after=2024-06-11 00:00:00+00:00
[2024-06-13T14:36:50.300+0000] {processor.py:183} INFO - Processing /opt/airflow/dags/ETL_toll_data.py took 2.689 seconds
[2024-06-13T16:37:19.525+0000] {processor.py:161} INFO - Started process (PID=30) to work on /opt/airflow/dags/ETL_toll_data.py
[2024-06-13T16:37:19.527+0000] {processor.py:830} INFO - Processing file /opt/airflow/dags/ETL_toll_data.py for tasks to queue
[2024-06-13T16:37:19.530+0000] {logging_mixin.py:188} INFO - [2024-06-13T16:37:19.530+0000] {dagbag.py:545} INFO - Filling up the DagBag from /opt/airflow/dags/ETL_toll_data.py
[2024-06-13T16:37:22.452+0000] {processor.py:840} INFO - DAG(s) 'ETL_toll_data' retrieved from /opt/airflow/dags/ETL_toll_data.py
[2024-06-13T16:37:22.858+0000] {logging_mixin.py:188} INFO - [2024-06-13T16:37:22.858+0000] {dag.py:3096} INFO - Sync 1 DAGs
[2024-06-13T16:37:22.915+0000] {logging_mixin.py:188} INFO - [2024-06-13T16:37:22.915+0000] {dag.py:3954} INFO - Setting next_dagrun for ETL_toll_data to 2024-06-10 00:00:00+00:00, run_after=2024-06-11 00:00:00+00:00
[2024-06-13T16:37:22.983+0000] {processor.py:183} INFO - Processing /opt/airflow/dags/ETL_toll_data.py took 3.468 seconds
