[2024-06-10T14:18:48.020+0000] {local_task_job_runner.py:120} INFO - ::group::Pre task execution logs
[2024-06-10T14:18:48.045+0000] {taskinstance.py:2076} INFO - Dependencies all met for dep_context=non-requeueable deps ti=<TaskInstance: ETL_toll_data.download_data manual__2024-06-10T14:18:45.755476+00:00 [queued]>
[2024-06-10T14:18:48.054+0000] {taskinstance.py:2076} INFO - Dependencies all met for dep_context=requeueable deps ti=<TaskInstance: ETL_toll_data.download_data manual__2024-06-10T14:18:45.755476+00:00 [queued]>
[2024-06-10T14:18:48.055+0000] {taskinstance.py:2306} INFO - Starting attempt 1 of 2
[2024-06-10T14:18:48.073+0000] {taskinstance.py:2330} INFO - Executing <Task(BashOperator): download_data> on 2024-06-10 14:18:45.755476+00:00
[2024-06-10T14:18:48.081+0000] {warnings.py:112} WARNING - /home/***/.local/lib/python3.12/site-packages/***/task/task_runner/standard_task_runner.py:61: DeprecationWarning: This process (pid=215) is multi-threaded, use of fork() may lead to deadlocks in the child.
  pid = os.fork()

[2024-06-10T14:18:48.082+0000] {standard_task_runner.py:63} INFO - Started process 217 to run task
[2024-06-10T14:18:48.082+0000] {standard_task_runner.py:90} INFO - Running: ['***', 'tasks', 'run', 'ETL_toll_data', 'download_data', 'manual__2024-06-10T14:18:45.755476+00:00', '--job-id', '43', '--raw', '--subdir', 'DAGS_FOLDER/ETL_toll_data.py', '--cfg-path', '/tmp/tmpvxtosxyw']
[2024-06-10T14:18:48.084+0000] {standard_task_runner.py:91} INFO - Job 43: Subtask download_data
[2024-06-10T14:18:48.130+0000] {task_command.py:426} INFO - Running <TaskInstance: ETL_toll_data.download_data manual__2024-06-10T14:18:45.755476+00:00 [running]> on host 2c4b4cb333a5
[2024-06-10T14:18:48.218+0000] {taskinstance.py:2648} INFO - Exporting env vars: AIRFLOW_CTX_DAG_EMAIL='21521333@gm.uit.edu.vn' AIRFLOW_CTX_DAG_OWNER='quan' AIRFLOW_CTX_DAG_ID='ETL_toll_data' AIRFLOW_CTX_TASK_ID='download_data' AIRFLOW_CTX_EXECUTION_DATE='2024-06-10T14:18:45.755476+00:00' AIRFLOW_CTX_TRY_NUMBER='1' AIRFLOW_CTX_DAG_RUN_ID='manual__2024-06-10T14:18:45.755476+00:00'
[2024-06-10T14:18:48.220+0000] {taskinstance.py:430} INFO - ::endgroup::
[2024-06-10T14:18:48.221+0000] {subprocess.py:63} INFO - Tmp dir root location: /tmp
[2024-06-10T14:18:48.222+0000] {subprocess.py:75} INFO - Running command: ['/usr/bin/bash', '-c', 'curl -o /tmp/tolldata.tgz https://cf-courses-data.s3.us.cloud-object-storage.appdomain.cloud/IBM-DB0250EN-SkillsNetwork/labs/Final%20Assignment/tolldata.tgz']
[2024-06-10T14:18:48.236+0000] {subprocess.py:86} INFO - Output:
[2024-06-10T14:18:48.244+0000] {subprocess.py:93} INFO -   % Total    % Received % Xferd  Average Speed   Time    Time     Time  Current
[2024-06-10T14:18:48.244+0000] {subprocess.py:93} INFO -                                  Dload  Upload   Total   Spent    Left  Speed
[2024-06-10T14:19:00.644+0000] {subprocess.py:93} INFO -   0     0    0     0    0     0      0      0 --:--:-- --:--:-- --:--:--     0  0     0    0     0    0     0      0      0 --:--:-- --:--:-- --:--:--     0  0     0    0     0    0     0      0      0 --:--:--  0:00:02 --:--:--     0  0     0    0     0    0     0      0      0 --:--:--  0:00:03 --:--:--     0  3  516k    3 15973    0     0   3851      0  0:02:17  0:00:04  0:02:13  3851  6  516k    6 32768    0     0   6518      0  0:01:21  0:00:05  0:01:16  6519 12  516k   12 65536    0     0  10919      0  0:00:48  0:00:06  0:00:42 12977 21  516k   21  112k    0     0  16183      0  0:00:32  0:00:07  0:00:25 22937 30  516k   30  160k    0     0  19657      0  0:00:26  0:00:08  0:00:18 31183 37  516k   37  192k    0     0  22030      0  0:00:24  0:00:08  0:00:16 37805 49  516k   49  256k    0     0  25327      0  0:00:20  0:00:10  0:00:10 43091 55  516k   55  288k    0     0  26872      0  0:00:19  0:00:10  0:00:09 46124 74  516k   74  384k    0     0  32860      0  0:00:16  0:00:11  0:00:05 57075100  516k  100  516k    0     0  42655      0  0:00:12  0:00:12 --:--:-- 89806
[2024-06-10T14:19:00.646+0000] {subprocess.py:97} INFO - Command exited with return code 0
[2024-06-10T14:19:00.647+0000] {taskinstance.py:441} INFO - ::group::Post task execution logs
[2024-06-10T14:19:00.674+0000] {taskinstance.py:1206} INFO - Marking task as SUCCESS. dag_id=ETL_toll_data, task_id=download_data, run_id=manual__2024-06-10T14:18:45.755476+00:00, execution_date=20240610T141845, start_date=20240610T141848, end_date=20240610T141900
[2024-06-10T14:19:00.706+0000] {local_task_job_runner.py:240} INFO - Task exited with return code 0
[2024-06-10T14:19:00.735+0000] {taskinstance.py:3503} INFO - 1 downstream tasks scheduled from follow-on schedule check
[2024-06-10T14:19:00.737+0000] {local_task_job_runner.py:222} INFO - ::endgroup::
