[2024-06-14T04:30:27.062+0000] {local_task_job_runner.py:120} INFO - ::group::Pre task execution logs
[2024-06-14T04:30:27.163+0000] {taskinstance.py:2076} INFO - Dependencies all met for dep_context=non-requeueable deps ti=<TaskInstance: ETL_toll_data.unzip_data scheduled__2024-06-13T00:00:00+00:00 [queued]>
[2024-06-14T04:30:27.179+0000] {taskinstance.py:2076} INFO - Dependencies all met for dep_context=requeueable deps ti=<TaskInstance: ETL_toll_data.unzip_data scheduled__2024-06-13T00:00:00+00:00 [queued]>
[2024-06-14T04:30:27.181+0000] {taskinstance.py:2306} INFO - Starting attempt 2 of 2
[2024-06-14T04:30:27.746+0000] {taskinstance.py:2330} INFO - Executing <Task(BashOperator): unzip_data> on 2024-06-13 00:00:00+00:00
[2024-06-14T04:30:27.769+0000] {standard_task_runner.py:90} INFO - Running: ['***', 'tasks', 'run', 'ETL_toll_data', 'unzip_data', 'scheduled__2024-06-13T00:00:00+00:00', '--job-id', '9', '--raw', '--subdir', 'DAGS_FOLDER/ETL_toll_data.py', '--cfg-path', '/tmp/tmp85gg8eol']
[2024-06-14T04:30:27.775+0000] {standard_task_runner.py:91} INFO - Job 9: Subtask unzip_data
[2024-06-14T04:30:27.784+0000] {warnings.py:112} WARNING - /home/***/.local/lib/python3.12/site-packages/***/task/task_runner/standard_task_runner.py:61: DeprecationWarning: This process (pid=135) is multi-threaded, use of fork() may lead to deadlocks in the child.
  pid = os.fork()

[2024-06-14T04:30:27.785+0000] {standard_task_runner.py:63} INFO - Started process 139 to run task
[2024-06-14T04:30:42.789+0000] {cli_action_loggers.py:137} WARNING - Failed to log action (psycopg2.OperationalError) could not translate host name "postgres" to address: Temporary failure in name resolution

(Background on this error at: https://sqlalche.me/e/14/e3q8)
[2024-06-14T04:30:42.949+0000] {task_command.py:426} INFO - Running <TaskInstance: ETL_toll_data.unzip_data scheduled__2024-06-13T00:00:00+00:00 [running]> on host af8e208997f1
[2024-06-14T04:30:43.081+0000] {taskinstance.py:2648} INFO - Exporting env vars: AIRFLOW_CTX_DAG_EMAIL='21521333@gm.uit.edu.vn' AIRFLOW_CTX_DAG_OWNER='quan' AIRFLOW_CTX_DAG_ID='ETL_toll_data' AIRFLOW_CTX_TASK_ID='unzip_data' AIRFLOW_CTX_EXECUTION_DATE='2024-06-13T00:00:00+00:00' AIRFLOW_CTX_TRY_NUMBER='2' AIRFLOW_CTX_DAG_RUN_ID='scheduled__2024-06-13T00:00:00+00:00'
[2024-06-14T04:30:43.083+0000] {taskinstance.py:430} INFO - ::endgroup::
[2024-06-14T04:30:43.090+0000] {subprocess.py:63} INFO - Tmp dir root location: /tmp
[2024-06-14T04:30:43.094+0000] {subprocess.py:75} INFO - Running command: ['/usr/bin/bash', '-c', 'tar -xzvf /tmp/tolldata.tgz -C /tmp']
[2024-06-14T04:30:43.114+0000] {subprocess.py:86} INFO - Output:
[2024-06-14T04:30:43.160+0000] {subprocess.py:93} INFO - fileformats.txt
[2024-06-14T04:30:43.162+0000] {subprocess.py:93} INFO - payment-data.txt
[2024-06-14T04:30:43.171+0000] {subprocess.py:93} INFO - ._tollplaza-data.tsv
[2024-06-14T04:30:43.172+0000] {subprocess.py:93} INFO - tollplaza-data.tsv
[2024-06-14T04:30:43.180+0000] {subprocess.py:93} INFO - ._vehicle-data.csv
[2024-06-14T04:30:43.181+0000] {subprocess.py:93} INFO - vehicle-data.csv
[2024-06-14T04:30:43.185+0000] {subprocess.py:97} INFO - Command exited with return code 0
[2024-06-14T04:30:43.186+0000] {taskinstance.py:441} INFO - ::group::Post task execution logs
[2024-06-14T04:30:43.232+0000] {taskinstance.py:1206} INFO - Marking task as SUCCESS. dag_id=ETL_toll_data, task_id=unzip_data, run_id=scheduled__2024-06-13T00:00:00+00:00, execution_date=20240613T000000, start_date=20240614T043027, end_date=20240614T043043
[2024-06-14T04:30:43.291+0000] {local_task_job_runner.py:240} INFO - Task exited with return code 0
[2024-06-14T04:30:43.320+0000] {taskinstance.py:3503} INFO - 1 downstream tasks scheduled from follow-on schedule check
[2024-06-14T04:30:43.324+0000] {local_task_job_runner.py:222} INFO - ::endgroup::
