[2024-06-14T03:04:57.634+0000] {processor.py:161} INFO - Started process (PID=31) to work on /home/airflow/.local/lib/python3.12/site-packages/airflow/example_dags/example_latest_only.py
[2024-06-14T03:04:57.635+0000] {processor.py:830} INFO - Processing file /home/airflow/.local/lib/python3.12/site-packages/airflow/example_dags/example_latest_only.py for tasks to queue
[2024-06-14T03:04:57.638+0000] {logging_mixin.py:188} INFO - [2024-06-14T03:04:57.637+0000] {dagbag.py:545} INFO - Filling up the DagBag from /home/airflow/.local/lib/python3.12/site-packages/airflow/example_dags/example_latest_only.py
[2024-06-14T03:04:57.650+0000] {processor.py:840} INFO - DAG(s) 'latest_only' retrieved from /home/airflow/.local/lib/python3.12/site-packages/airflow/example_dags/example_latest_only.py
[2024-06-14T03:04:57.680+0000] {logging_mixin.py:188} INFO - [2024-06-14T03:04:57.680+0000] {dag.py:3096} INFO - Sync 1 DAGs
[2024-06-14T03:04:57.709+0000] {logging_mixin.py:188} INFO - [2024-06-14T03:04:57.709+0000] {dag.py:3954} INFO - Setting next_dagrun for latest_only to 2024-06-13 20:00:00+00:00, run_after=2024-06-14 00:00:00+00:00
[2024-06-14T03:04:57.730+0000] {processor.py:183} INFO - Processing /home/airflow/.local/lib/python3.12/site-packages/airflow/example_dags/example_latest_only.py took 0.102 seconds
[2024-06-14T03:05:31.646+0000] {processor.py:161} INFO - Started process (PID=33) to work on /home/airflow/.local/lib/python3.12/site-packages/airflow/example_dags/example_latest_only.py
[2024-06-14T03:05:31.647+0000] {processor.py:830} INFO - Processing file /home/airflow/.local/lib/python3.12/site-packages/airflow/example_dags/example_latest_only.py for tasks to queue
[2024-06-14T03:05:31.650+0000] {logging_mixin.py:188} INFO - [2024-06-14T03:05:31.649+0000] {dagbag.py:545} INFO - Filling up the DagBag from /home/airflow/.local/lib/python3.12/site-packages/airflow/example_dags/example_latest_only.py
[2024-06-14T03:05:31.663+0000] {processor.py:840} INFO - DAG(s) 'latest_only' retrieved from /home/airflow/.local/lib/python3.12/site-packages/airflow/example_dags/example_latest_only.py
[2024-06-14T03:05:31.710+0000] {logging_mixin.py:188} INFO - [2024-06-14T03:05:31.709+0000] {dag.py:3096} INFO - Sync 1 DAGs
[2024-06-14T03:05:31.747+0000] {logging_mixin.py:188} INFO - [2024-06-14T03:05:31.747+0000] {dag.py:3954} INFO - Setting next_dagrun for latest_only to 2024-06-13 20:00:00+00:00, run_after=2024-06-14 00:00:00+00:00
[2024-06-14T03:05:31.772+0000] {processor.py:183} INFO - Processing /home/airflow/.local/lib/python3.12/site-packages/airflow/example_dags/example_latest_only.py took 0.133 seconds
[2024-06-14T03:06:01.898+0000] {processor.py:161} INFO - Started process (PID=91) to work on /home/airflow/.local/lib/python3.12/site-packages/airflow/example_dags/example_latest_only.py
[2024-06-14T03:06:01.900+0000] {processor.py:830} INFO - Processing file /home/airflow/.local/lib/python3.12/site-packages/airflow/example_dags/example_latest_only.py for tasks to queue
[2024-06-14T03:06:01.902+0000] {logging_mixin.py:188} INFO - [2024-06-14T03:06:01.902+0000] {dagbag.py:545} INFO - Filling up the DagBag from /home/airflow/.local/lib/python3.12/site-packages/airflow/example_dags/example_latest_only.py
[2024-06-14T03:06:01.909+0000] {processor.py:840} INFO - DAG(s) 'latest_only' retrieved from /home/airflow/.local/lib/python3.12/site-packages/airflow/example_dags/example_latest_only.py
[2024-06-14T03:06:01.937+0000] {logging_mixin.py:188} INFO - [2024-06-14T03:06:01.936+0000] {dag.py:3096} INFO - Sync 1 DAGs
[2024-06-14T03:06:01.970+0000] {logging_mixin.py:188} INFO - [2024-06-14T03:06:01.969+0000] {dag.py:3954} INFO - Setting next_dagrun for latest_only to 2024-06-13 20:00:00+00:00, run_after=2024-06-14 00:00:00+00:00
[2024-06-14T03:06:01.997+0000] {processor.py:183} INFO - Processing /home/airflow/.local/lib/python3.12/site-packages/airflow/example_dags/example_latest_only.py took 0.104 seconds
[2024-06-14T03:06:32.209+0000] {processor.py:161} INFO - Started process (PID=151) to work on /home/airflow/.local/lib/python3.12/site-packages/airflow/example_dags/example_latest_only.py
[2024-06-14T03:06:32.210+0000] {processor.py:830} INFO - Processing file /home/airflow/.local/lib/python3.12/site-packages/airflow/example_dags/example_latest_only.py for tasks to queue
[2024-06-14T03:06:32.212+0000] {logging_mixin.py:188} INFO - [2024-06-14T03:06:32.212+0000] {dagbag.py:545} INFO - Filling up the DagBag from /home/airflow/.local/lib/python3.12/site-packages/airflow/example_dags/example_latest_only.py
[2024-06-14T03:06:32.218+0000] {processor.py:840} INFO - DAG(s) 'latest_only' retrieved from /home/airflow/.local/lib/python3.12/site-packages/airflow/example_dags/example_latest_only.py
[2024-06-14T03:06:32.243+0000] {logging_mixin.py:188} INFO - [2024-06-14T03:06:32.242+0000] {dag.py:3096} INFO - Sync 1 DAGs
[2024-06-14T03:06:32.271+0000] {logging_mixin.py:188} INFO - [2024-06-14T03:06:32.271+0000] {dag.py:3954} INFO - Setting next_dagrun for latest_only to 2024-06-13 20:00:00+00:00, run_after=2024-06-14 00:00:00+00:00
[2024-06-14T03:06:32.299+0000] {processor.py:183} INFO - Processing /home/airflow/.local/lib/python3.12/site-packages/airflow/example_dags/example_latest_only.py took 0.098 seconds
[2024-06-14T04:26:12.467+0000] {processor.py:161} INFO - Started process (PID=33) to work on /home/airflow/.local/lib/python3.12/site-packages/airflow/example_dags/example_latest_only.py
[2024-06-14T04:26:12.468+0000] {processor.py:830} INFO - Processing file /home/airflow/.local/lib/python3.12/site-packages/airflow/example_dags/example_latest_only.py for tasks to queue
[2024-06-14T04:26:12.470+0000] {logging_mixin.py:188} INFO - [2024-06-14T04:26:12.470+0000] {dagbag.py:545} INFO - Filling up the DagBag from /home/airflow/.local/lib/python3.12/site-packages/airflow/example_dags/example_latest_only.py
[2024-06-14T04:26:12.482+0000] {processor.py:840} INFO - DAG(s) 'latest_only' retrieved from /home/airflow/.local/lib/python3.12/site-packages/airflow/example_dags/example_latest_only.py
[2024-06-14T04:26:12.604+0000] {logging_mixin.py:188} INFO - [2024-06-14T04:26:12.603+0000] {dag.py:3096} INFO - Sync 1 DAGs
[2024-06-14T04:26:12.623+0000] {logging_mixin.py:188} INFO - [2024-06-14T04:26:12.623+0000] {dag.py:3954} INFO - Setting next_dagrun for latest_only to 2024-06-14 00:00:00+00:00, run_after=2024-06-14 04:00:00+00:00
[2024-06-14T04:26:12.650+0000] {processor.py:183} INFO - Processing /home/airflow/.local/lib/python3.12/site-packages/airflow/example_dags/example_latest_only.py took 0.188 seconds
[2024-06-14T04:26:43.196+0000] {processor.py:161} INFO - Started process (PID=91) to work on /home/airflow/.local/lib/python3.12/site-packages/airflow/example_dags/example_latest_only.py
[2024-06-14T04:26:43.197+0000] {processor.py:830} INFO - Processing file /home/airflow/.local/lib/python3.12/site-packages/airflow/example_dags/example_latest_only.py for tasks to queue
[2024-06-14T04:26:43.199+0000] {logging_mixin.py:188} INFO - [2024-06-14T04:26:43.199+0000] {dagbag.py:545} INFO - Filling up the DagBag from /home/airflow/.local/lib/python3.12/site-packages/airflow/example_dags/example_latest_only.py
[2024-06-14T04:26:43.208+0000] {processor.py:840} INFO - DAG(s) 'latest_only' retrieved from /home/airflow/.local/lib/python3.12/site-packages/airflow/example_dags/example_latest_only.py
[2024-06-14T04:26:43.225+0000] {logging_mixin.py:188} INFO - [2024-06-14T04:26:43.225+0000] {dag.py:3096} INFO - Sync 1 DAGs
[2024-06-14T04:26:43.272+0000] {logging_mixin.py:188} INFO - [2024-06-14T04:26:43.272+0000] {dag.py:3954} INFO - Setting next_dagrun for latest_only to 2024-06-14 00:00:00+00:00, run_after=2024-06-14 04:00:00+00:00
[2024-06-14T04:26:43.497+0000] {processor.py:183} INFO - Processing /home/airflow/.local/lib/python3.12/site-packages/airflow/example_dags/example_latest_only.py took 0.308 seconds
[2024-06-14T04:27:13.894+0000] {processor.py:161} INFO - Started process (PID=151) to work on /home/airflow/.local/lib/python3.12/site-packages/airflow/example_dags/example_latest_only.py
[2024-06-14T04:27:13.895+0000] {processor.py:830} INFO - Processing file /home/airflow/.local/lib/python3.12/site-packages/airflow/example_dags/example_latest_only.py for tasks to queue
[2024-06-14T04:27:13.897+0000] {logging_mixin.py:188} INFO - [2024-06-14T04:27:13.897+0000] {dagbag.py:545} INFO - Filling up the DagBag from /home/airflow/.local/lib/python3.12/site-packages/airflow/example_dags/example_latest_only.py
[2024-06-14T04:27:13.902+0000] {processor.py:840} INFO - DAG(s) 'latest_only' retrieved from /home/airflow/.local/lib/python3.12/site-packages/airflow/example_dags/example_latest_only.py
[2024-06-14T04:27:13.915+0000] {logging_mixin.py:188} INFO - [2024-06-14T04:27:13.915+0000] {dag.py:3096} INFO - Sync 1 DAGs
[2024-06-14T04:27:13.948+0000] {logging_mixin.py:188} INFO - [2024-06-14T04:27:13.948+0000] {dag.py:3954} INFO - Setting next_dagrun for latest_only to 2024-06-14 00:00:00+00:00, run_after=2024-06-14 04:00:00+00:00
[2024-06-14T04:27:13.975+0000] {processor.py:183} INFO - Processing /home/airflow/.local/lib/python3.12/site-packages/airflow/example_dags/example_latest_only.py took 0.087 seconds
[2024-06-14T04:27:44.279+0000] {processor.py:161} INFO - Started process (PID=211) to work on /home/airflow/.local/lib/python3.12/site-packages/airflow/example_dags/example_latest_only.py
[2024-06-14T04:27:44.280+0000] {processor.py:830} INFO - Processing file /home/airflow/.local/lib/python3.12/site-packages/airflow/example_dags/example_latest_only.py for tasks to queue
[2024-06-14T04:27:44.282+0000] {logging_mixin.py:188} INFO - [2024-06-14T04:27:44.281+0000] {dagbag.py:545} INFO - Filling up the DagBag from /home/airflow/.local/lib/python3.12/site-packages/airflow/example_dags/example_latest_only.py
[2024-06-14T04:27:44.286+0000] {processor.py:840} INFO - DAG(s) 'latest_only' retrieved from /home/airflow/.local/lib/python3.12/site-packages/airflow/example_dags/example_latest_only.py
[2024-06-14T04:27:44.383+0000] {logging_mixin.py:188} INFO - [2024-06-14T04:27:44.382+0000] {dag.py:3096} INFO - Sync 1 DAGs
[2024-06-14T04:27:44.404+0000] {logging_mixin.py:188} INFO - [2024-06-14T04:27:44.404+0000] {dag.py:3954} INFO - Setting next_dagrun for latest_only to 2024-06-14 00:00:00+00:00, run_after=2024-06-14 04:00:00+00:00
[2024-06-14T04:27:44.427+0000] {processor.py:183} INFO - Processing /home/airflow/.local/lib/python3.12/site-packages/airflow/example_dags/example_latest_only.py took 0.154 seconds
[2024-06-14T04:28:15.265+0000] {processor.py:161} INFO - Started process (PID=271) to work on /home/airflow/.local/lib/python3.12/site-packages/airflow/example_dags/example_latest_only.py
[2024-06-14T04:28:15.267+0000] {processor.py:830} INFO - Processing file /home/airflow/.local/lib/python3.12/site-packages/airflow/example_dags/example_latest_only.py for tasks to queue
[2024-06-14T04:28:15.269+0000] {logging_mixin.py:188} INFO - [2024-06-14T04:28:15.269+0000] {dagbag.py:545} INFO - Filling up the DagBag from /home/airflow/.local/lib/python3.12/site-packages/airflow/example_dags/example_latest_only.py
[2024-06-14T04:28:15.274+0000] {processor.py:840} INFO - DAG(s) 'latest_only' retrieved from /home/airflow/.local/lib/python3.12/site-packages/airflow/example_dags/example_latest_only.py
[2024-06-14T04:28:15.295+0000] {logging_mixin.py:188} INFO - [2024-06-14T04:28:15.294+0000] {dag.py:3096} INFO - Sync 1 DAGs
[2024-06-14T04:28:15.344+0000] {logging_mixin.py:188} INFO - [2024-06-14T04:28:15.344+0000] {dag.py:3954} INFO - Setting next_dagrun for latest_only to 2024-06-14 00:00:00+00:00, run_after=2024-06-14 04:00:00+00:00
[2024-06-14T04:28:15.366+0000] {processor.py:183} INFO - Processing /home/airflow/.local/lib/python3.12/site-packages/airflow/example_dags/example_latest_only.py took 0.106 seconds
[2024-06-14T04:28:46.394+0000] {processor.py:161} INFO - Started process (PID=344) to work on /home/airflow/.local/lib/python3.12/site-packages/airflow/example_dags/example_latest_only.py
[2024-06-14T04:28:57.393+0000] {processor.py:830} INFO - Processing file /home/airflow/.local/lib/python3.12/site-packages/airflow/example_dags/example_latest_only.py for tasks to queue
[2024-06-14T04:29:22.161+0000] {logging_mixin.py:188} INFO - [2024-06-14T04:29:16.310+0000] {dagbag.py:545} INFO - Filling up the DagBag from /home/airflow/.local/lib/python3.12/site-packages/airflow/example_dags/example_latest_only.py
[2024-06-14T04:29:22.180+0000] {processor.py:840} INFO - DAG(s) 'latest_only' retrieved from /home/airflow/.local/lib/python3.12/site-packages/airflow/example_dags/example_latest_only.py
[2024-06-14T04:29:22.572+0000] {logging_mixin.py:188} INFO - [2024-06-14T04:29:22.571+0000] {dag.py:3096} INFO - Sync 1 DAGs
[2024-06-14T04:29:22.661+0000] {logging_mixin.py:188} INFO - [2024-06-14T04:29:22.661+0000] {dag.py:3954} INFO - Setting next_dagrun for latest_only to 2024-06-14 00:00:00+00:00, run_after=2024-06-14 04:00:00+00:00
[2024-06-14T04:29:22.716+0000] {processor.py:183} INFO - Processing /home/airflow/.local/lib/python3.12/site-packages/airflow/example_dags/example_latest_only.py took 36.477 seconds
[2024-06-14T04:29:53.534+0000] {processor.py:161} INFO - Started process (PID=410) to work on /home/airflow/.local/lib/python3.12/site-packages/airflow/example_dags/example_latest_only.py
[2024-06-14T04:29:53.536+0000] {processor.py:830} INFO - Processing file /home/airflow/.local/lib/python3.12/site-packages/airflow/example_dags/example_latest_only.py for tasks to queue
[2024-06-14T04:29:53.542+0000] {logging_mixin.py:188} INFO - [2024-06-14T04:29:53.542+0000] {dagbag.py:545} INFO - Filling up the DagBag from /home/airflow/.local/lib/python3.12/site-packages/airflow/example_dags/example_latest_only.py
[2024-06-14T04:29:53.550+0000] {processor.py:840} INFO - DAG(s) 'latest_only' retrieved from /home/airflow/.local/lib/python3.12/site-packages/airflow/example_dags/example_latest_only.py
[2024-06-14T04:29:53.577+0000] {logging_mixin.py:188} INFO - [2024-06-14T04:29:53.576+0000] {dag.py:3096} INFO - Sync 1 DAGs
[2024-06-14T04:29:53.611+0000] {logging_mixin.py:188} INFO - [2024-06-14T04:29:53.610+0000] {dag.py:3954} INFO - Setting next_dagrun for latest_only to 2024-06-14 00:00:00+00:00, run_after=2024-06-14 04:00:00+00:00
[2024-06-14T04:29:53.638+0000] {processor.py:183} INFO - Processing /home/airflow/.local/lib/python3.12/site-packages/airflow/example_dags/example_latest_only.py took 0.112 seconds
[2024-06-14T04:30:24.257+0000] {processor.py:161} INFO - Started process (PID=476) to work on /home/airflow/.local/lib/python3.12/site-packages/airflow/example_dags/example_latest_only.py
[2024-06-14T04:30:24.259+0000] {processor.py:830} INFO - Processing file /home/airflow/.local/lib/python3.12/site-packages/airflow/example_dags/example_latest_only.py for tasks to queue
[2024-06-14T04:30:24.267+0000] {logging_mixin.py:188} INFO - [2024-06-14T04:30:24.266+0000] {dagbag.py:545} INFO - Filling up the DagBag from /home/airflow/.local/lib/python3.12/site-packages/airflow/example_dags/example_latest_only.py
[2024-06-14T04:30:24.277+0000] {processor.py:840} INFO - DAG(s) 'latest_only' retrieved from /home/airflow/.local/lib/python3.12/site-packages/airflow/example_dags/example_latest_only.py
[2024-06-14T04:30:24.326+0000] {logging_mixin.py:188} INFO - [2024-06-14T04:30:24.326+0000] {dag.py:3096} INFO - Sync 1 DAGs
[2024-06-14T04:30:24.366+0000] {logging_mixin.py:188} INFO - [2024-06-14T04:30:24.366+0000] {dag.py:3954} INFO - Setting next_dagrun for latest_only to 2024-06-14 00:00:00+00:00, run_after=2024-06-14 04:00:00+00:00
[2024-06-14T04:30:24.757+0000] {processor.py:183} INFO - Processing /home/airflow/.local/lib/python3.12/site-packages/airflow/example_dags/example_latest_only.py took 0.508 seconds
[2024-06-14T04:30:55.090+0000] {processor.py:161} INFO - Started process (PID=558) to work on /home/airflow/.local/lib/python3.12/site-packages/airflow/example_dags/example_latest_only.py
[2024-06-14T04:30:55.092+0000] {processor.py:830} INFO - Processing file /home/airflow/.local/lib/python3.12/site-packages/airflow/example_dags/example_latest_only.py for tasks to queue
[2024-06-14T04:30:55.093+0000] {logging_mixin.py:188} INFO - [2024-06-14T04:30:55.093+0000] {dagbag.py:545} INFO - Filling up the DagBag from /home/airflow/.local/lib/python3.12/site-packages/airflow/example_dags/example_latest_only.py
[2024-06-14T04:30:55.100+0000] {processor.py:840} INFO - DAG(s) 'latest_only' retrieved from /home/airflow/.local/lib/python3.12/site-packages/airflow/example_dags/example_latest_only.py
[2024-06-14T04:30:55.121+0000] {logging_mixin.py:188} INFO - [2024-06-14T04:30:55.120+0000] {dag.py:3096} INFO - Sync 1 DAGs
[2024-06-14T04:30:55.144+0000] {logging_mixin.py:188} INFO - [2024-06-14T04:30:55.144+0000] {dag.py:3954} INFO - Setting next_dagrun for latest_only to 2024-06-14 00:00:00+00:00, run_after=2024-06-14 04:00:00+00:00
[2024-06-14T04:30:55.168+0000] {processor.py:183} INFO - Processing /home/airflow/.local/lib/python3.12/site-packages/airflow/example_dags/example_latest_only.py took 0.084 seconds
[2024-06-14T04:31:25.665+0000] {processor.py:161} INFO - Started process (PID=618) to work on /home/airflow/.local/lib/python3.12/site-packages/airflow/example_dags/example_latest_only.py
[2024-06-14T04:31:25.666+0000] {processor.py:830} INFO - Processing file /home/airflow/.local/lib/python3.12/site-packages/airflow/example_dags/example_latest_only.py for tasks to queue
[2024-06-14T04:31:25.669+0000] {logging_mixin.py:188} INFO - [2024-06-14T04:31:25.668+0000] {dagbag.py:545} INFO - Filling up the DagBag from /home/airflow/.local/lib/python3.12/site-packages/airflow/example_dags/example_latest_only.py
[2024-06-14T04:31:25.673+0000] {processor.py:840} INFO - DAG(s) 'latest_only' retrieved from /home/airflow/.local/lib/python3.12/site-packages/airflow/example_dags/example_latest_only.py
[2024-06-14T04:31:25.693+0000] {logging_mixin.py:188} INFO - [2024-06-14T04:31:25.693+0000] {dag.py:3096} INFO - Sync 1 DAGs
[2024-06-14T04:31:25.717+0000] {logging_mixin.py:188} INFO - [2024-06-14T04:31:25.716+0000] {dag.py:3954} INFO - Setting next_dagrun for latest_only to 2024-06-14 00:00:00+00:00, run_after=2024-06-14 04:00:00+00:00
[2024-06-14T04:31:25.739+0000] {processor.py:183} INFO - Processing /home/airflow/.local/lib/python3.12/site-packages/airflow/example_dags/example_latest_only.py took 0.080 seconds
[2024-06-14T04:31:55.793+0000] {processor.py:161} INFO - Started process (PID=678) to work on /home/airflow/.local/lib/python3.12/site-packages/airflow/example_dags/example_latest_only.py
[2024-06-14T04:31:55.794+0000] {processor.py:830} INFO - Processing file /home/airflow/.local/lib/python3.12/site-packages/airflow/example_dags/example_latest_only.py for tasks to queue
[2024-06-14T04:31:55.796+0000] {logging_mixin.py:188} INFO - [2024-06-14T04:31:55.796+0000] {dagbag.py:545} INFO - Filling up the DagBag from /home/airflow/.local/lib/python3.12/site-packages/airflow/example_dags/example_latest_only.py
[2024-06-14T04:31:55.801+0000] {processor.py:840} INFO - DAG(s) 'latest_only' retrieved from /home/airflow/.local/lib/python3.12/site-packages/airflow/example_dags/example_latest_only.py
[2024-06-14T04:31:55.822+0000] {logging_mixin.py:188} INFO - [2024-06-14T04:31:55.821+0000] {dag.py:3096} INFO - Sync 1 DAGs
[2024-06-14T04:31:55.841+0000] {logging_mixin.py:188} INFO - [2024-06-14T04:31:55.841+0000] {dag.py:3954} INFO - Setting next_dagrun for latest_only to 2024-06-14 00:00:00+00:00, run_after=2024-06-14 04:00:00+00:00
[2024-06-14T04:31:55.863+0000] {processor.py:183} INFO - Processing /home/airflow/.local/lib/python3.12/site-packages/airflow/example_dags/example_latest_only.py took 0.075 seconds
[2024-06-14T04:32:26.350+0000] {processor.py:161} INFO - Started process (PID=738) to work on /home/airflow/.local/lib/python3.12/site-packages/airflow/example_dags/example_latest_only.py
[2024-06-14T04:32:26.351+0000] {processor.py:830} INFO - Processing file /home/airflow/.local/lib/python3.12/site-packages/airflow/example_dags/example_latest_only.py for tasks to queue
[2024-06-14T04:32:26.354+0000] {logging_mixin.py:188} INFO - [2024-06-14T04:32:26.353+0000] {dagbag.py:545} INFO - Filling up the DagBag from /home/airflow/.local/lib/python3.12/site-packages/airflow/example_dags/example_latest_only.py
[2024-06-14T04:32:26.360+0000] {processor.py:840} INFO - DAG(s) 'latest_only' retrieved from /home/airflow/.local/lib/python3.12/site-packages/airflow/example_dags/example_latest_only.py
[2024-06-14T04:32:26.385+0000] {logging_mixin.py:188} INFO - [2024-06-14T04:32:26.385+0000] {dag.py:3096} INFO - Sync 1 DAGs
[2024-06-14T04:32:26.413+0000] {logging_mixin.py:188} INFO - [2024-06-14T04:32:26.412+0000] {dag.py:3954} INFO - Setting next_dagrun for latest_only to 2024-06-14 00:00:00+00:00, run_after=2024-06-14 04:00:00+00:00
[2024-06-14T04:32:26.432+0000] {processor.py:183} INFO - Processing /home/airflow/.local/lib/python3.12/site-packages/airflow/example_dags/example_latest_only.py took 0.089 seconds
