[2024-06-14T03:05:35.695+0000] {processor.py:161} INFO - Started process (PID=64) to work on /home/airflow/.local/lib/python3.12/site-packages/airflow/example_dags/example_sla_dag.py
[2024-06-14T03:05:35.696+0000] {processor.py:830} INFO - Processing file /home/airflow/.local/lib/python3.12/site-packages/airflow/example_dags/example_sla_dag.py for tasks to queue
[2024-06-14T03:05:35.699+0000] {logging_mixin.py:188} INFO - [2024-06-14T03:05:35.699+0000] {dagbag.py:545} INFO - Filling up the DagBag from /home/airflow/.local/lib/python3.12/site-packages/airflow/example_dags/example_sla_dag.py
[2024-06-14T03:05:35.710+0000] {processor.py:840} INFO - DAG(s) 'example_sla_dag' retrieved from /home/airflow/.local/lib/python3.12/site-packages/airflow/example_dags/example_sla_dag.py
[2024-06-14T03:05:35.734+0000] {logging_mixin.py:188} INFO - [2024-06-14T03:05:35.734+0000] {dag.py:3096} INFO - Sync 1 DAGs
[2024-06-14T03:05:35.761+0000] {logging_mixin.py:188} INFO - [2024-06-14T03:05:35.761+0000] {dag.py:3954} INFO - Setting next_dagrun for example_sla_dag to 2024-06-14 03:02:00+00:00, run_after=2024-06-14 03:04:00+00:00
[2024-06-14T03:05:35.790+0000] {processor.py:183} INFO - Processing /home/airflow/.local/lib/python3.12/site-packages/airflow/example_dags/example_sla_dag.py took 0.101 seconds
[2024-06-14T03:06:06.355+0000] {processor.py:161} INFO - Started process (PID=124) to work on /home/airflow/.local/lib/python3.12/site-packages/airflow/example_dags/example_sla_dag.py
[2024-06-14T03:06:06.356+0000] {processor.py:830} INFO - Processing file /home/airflow/.local/lib/python3.12/site-packages/airflow/example_dags/example_sla_dag.py for tasks to queue
[2024-06-14T03:06:06.359+0000] {logging_mixin.py:188} INFO - [2024-06-14T03:06:06.359+0000] {dagbag.py:545} INFO - Filling up the DagBag from /home/airflow/.local/lib/python3.12/site-packages/airflow/example_dags/example_sla_dag.py
[2024-06-14T03:06:06.367+0000] {processor.py:840} INFO - DAG(s) 'example_sla_dag' retrieved from /home/airflow/.local/lib/python3.12/site-packages/airflow/example_dags/example_sla_dag.py
[2024-06-14T03:06:06.392+0000] {logging_mixin.py:188} INFO - [2024-06-14T03:06:06.392+0000] {dag.py:3096} INFO - Sync 1 DAGs
[2024-06-14T03:06:06.424+0000] {logging_mixin.py:188} INFO - [2024-06-14T03:06:06.423+0000] {dag.py:3954} INFO - Setting next_dagrun for example_sla_dag to 2024-06-14 03:04:00+00:00, run_after=2024-06-14 03:06:00+00:00
[2024-06-14T03:06:06.446+0000] {processor.py:183} INFO - Processing /home/airflow/.local/lib/python3.12/site-packages/airflow/example_dags/example_sla_dag.py took 0.096 seconds
[2024-06-14T03:06:37.107+0000] {processor.py:161} INFO - Started process (PID=184) to work on /home/airflow/.local/lib/python3.12/site-packages/airflow/example_dags/example_sla_dag.py
[2024-06-14T03:06:37.108+0000] {processor.py:830} INFO - Processing file /home/airflow/.local/lib/python3.12/site-packages/airflow/example_dags/example_sla_dag.py for tasks to queue
[2024-06-14T03:06:37.110+0000] {logging_mixin.py:188} INFO - [2024-06-14T03:06:37.110+0000] {dagbag.py:545} INFO - Filling up the DagBag from /home/airflow/.local/lib/python3.12/site-packages/airflow/example_dags/example_sla_dag.py
[2024-06-14T03:06:37.119+0000] {processor.py:840} INFO - DAG(s) 'example_sla_dag' retrieved from /home/airflow/.local/lib/python3.12/site-packages/airflow/example_dags/example_sla_dag.py
[2024-06-14T03:06:37.142+0000] {logging_mixin.py:188} INFO - [2024-06-14T03:06:37.142+0000] {dag.py:3096} INFO - Sync 1 DAGs
[2024-06-14T03:06:37.170+0000] {logging_mixin.py:188} INFO - [2024-06-14T03:06:37.170+0000] {dag.py:3954} INFO - Setting next_dagrun for example_sla_dag to 2024-06-14 03:04:00+00:00, run_after=2024-06-14 03:06:00+00:00
[2024-06-14T03:06:37.190+0000] {processor.py:183} INFO - Processing /home/airflow/.local/lib/python3.12/site-packages/airflow/example_dags/example_sla_dag.py took 0.090 seconds
[2024-06-14T04:26:22.711+0000] {processor.py:161} INFO - Started process (PID=70) to work on /home/airflow/.local/lib/python3.12/site-packages/airflow/example_dags/example_sla_dag.py
[2024-06-14T04:26:22.713+0000] {processor.py:830} INFO - Processing file /home/airflow/.local/lib/python3.12/site-packages/airflow/example_dags/example_sla_dag.py for tasks to queue
[2024-06-14T04:26:22.716+0000] {logging_mixin.py:188} INFO - [2024-06-14T04:26:22.715+0000] {dagbag.py:545} INFO - Filling up the DagBag from /home/airflow/.local/lib/python3.12/site-packages/airflow/example_dags/example_sla_dag.py
[2024-06-14T04:26:22.732+0000] {processor.py:840} INFO - DAG(s) 'example_sla_dag' retrieved from /home/airflow/.local/lib/python3.12/site-packages/airflow/example_dags/example_sla_dag.py
[2024-06-14T04:26:22.886+0000] {logging_mixin.py:188} INFO - [2024-06-14T04:26:22.886+0000] {dag.py:3096} INFO - Sync 1 DAGs
[2024-06-14T04:26:22.924+0000] {logging_mixin.py:188} INFO - [2024-06-14T04:26:22.923+0000] {dag.py:3954} INFO - Setting next_dagrun for example_sla_dag to 2024-06-14 04:24:00+00:00, run_after=2024-06-14 04:26:00+00:00
[2024-06-14T04:26:22.955+0000] {processor.py:183} INFO - Processing /home/airflow/.local/lib/python3.12/site-packages/airflow/example_dags/example_sla_dag.py took 0.253 seconds
[2024-06-14T04:26:53.074+0000] {processor.py:161} INFO - Started process (PID=129) to work on /home/airflow/.local/lib/python3.12/site-packages/airflow/example_dags/example_sla_dag.py
[2024-06-14T04:26:53.075+0000] {processor.py:830} INFO - Processing file /home/airflow/.local/lib/python3.12/site-packages/airflow/example_dags/example_sla_dag.py for tasks to queue
[2024-06-14T04:26:53.078+0000] {logging_mixin.py:188} INFO - [2024-06-14T04:26:53.077+0000] {dagbag.py:545} INFO - Filling up the DagBag from /home/airflow/.local/lib/python3.12/site-packages/airflow/example_dags/example_sla_dag.py
[2024-06-14T04:26:53.155+0000] {processor.py:840} INFO - DAG(s) 'example_sla_dag' retrieved from /home/airflow/.local/lib/python3.12/site-packages/airflow/example_dags/example_sla_dag.py
[2024-06-14T04:26:53.184+0000] {logging_mixin.py:188} INFO - [2024-06-14T04:26:53.184+0000] {dag.py:3096} INFO - Sync 1 DAGs
[2024-06-14T04:26:53.254+0000] {logging_mixin.py:188} INFO - [2024-06-14T04:26:53.254+0000] {dag.py:3954} INFO - Setting next_dagrun for example_sla_dag to 2024-06-14 04:24:00+00:00, run_after=2024-06-14 04:26:00+00:00
[2024-06-14T04:26:53.293+0000] {processor.py:183} INFO - Processing /home/airflow/.local/lib/python3.12/site-packages/airflow/example_dags/example_sla_dag.py took 0.226 seconds
[2024-06-14T04:27:23.516+0000] {processor.py:161} INFO - Started process (PID=189) to work on /home/airflow/.local/lib/python3.12/site-packages/airflow/example_dags/example_sla_dag.py
[2024-06-14T04:27:23.517+0000] {processor.py:830} INFO - Processing file /home/airflow/.local/lib/python3.12/site-packages/airflow/example_dags/example_sla_dag.py for tasks to queue
[2024-06-14T04:27:23.520+0000] {logging_mixin.py:188} INFO - [2024-06-14T04:27:23.520+0000] {dagbag.py:545} INFO - Filling up the DagBag from /home/airflow/.local/lib/python3.12/site-packages/airflow/example_dags/example_sla_dag.py
[2024-06-14T04:27:23.529+0000] {processor.py:840} INFO - DAG(s) 'example_sla_dag' retrieved from /home/airflow/.local/lib/python3.12/site-packages/airflow/example_dags/example_sla_dag.py
[2024-06-14T04:27:23.633+0000] {logging_mixin.py:188} INFO - [2024-06-14T04:27:23.633+0000] {dag.py:3096} INFO - Sync 1 DAGs
[2024-06-14T04:27:23.656+0000] {logging_mixin.py:188} INFO - [2024-06-14T04:27:23.656+0000] {dag.py:3954} INFO - Setting next_dagrun for example_sla_dag to 2024-06-14 04:24:00+00:00, run_after=2024-06-14 04:26:00+00:00
[2024-06-14T04:27:23.676+0000] {processor.py:183} INFO - Processing /home/airflow/.local/lib/python3.12/site-packages/airflow/example_dags/example_sla_dag.py took 0.167 seconds
[2024-06-14T04:27:53.736+0000] {processor.py:161} INFO - Started process (PID=249) to work on /home/airflow/.local/lib/python3.12/site-packages/airflow/example_dags/example_sla_dag.py
[2024-06-14T04:27:53.738+0000] {processor.py:830} INFO - Processing file /home/airflow/.local/lib/python3.12/site-packages/airflow/example_dags/example_sla_dag.py for tasks to queue
[2024-06-14T04:27:53.739+0000] {logging_mixin.py:188} INFO - [2024-06-14T04:27:53.739+0000] {dagbag.py:545} INFO - Filling up the DagBag from /home/airflow/.local/lib/python3.12/site-packages/airflow/example_dags/example_sla_dag.py
[2024-06-14T04:27:53.747+0000] {processor.py:840} INFO - DAG(s) 'example_sla_dag' retrieved from /home/airflow/.local/lib/python3.12/site-packages/airflow/example_dags/example_sla_dag.py
[2024-06-14T04:27:53.765+0000] {logging_mixin.py:188} INFO - [2024-06-14T04:27:53.764+0000] {dag.py:3096} INFO - Sync 1 DAGs
[2024-06-14T04:27:53.785+0000] {logging_mixin.py:188} INFO - [2024-06-14T04:27:53.785+0000] {dag.py:3954} INFO - Setting next_dagrun for example_sla_dag to 2024-06-14 04:24:00+00:00, run_after=2024-06-14 04:26:00+00:00
[2024-06-14T04:27:53.804+0000] {processor.py:183} INFO - Processing /home/airflow/.local/lib/python3.12/site-packages/airflow/example_dags/example_sla_dag.py took 0.073 seconds
[2024-06-14T04:28:24.026+0000] {processor.py:161} INFO - Started process (PID=310) to work on /home/airflow/.local/lib/python3.12/site-packages/airflow/example_dags/example_sla_dag.py
[2024-06-14T04:28:24.027+0000] {processor.py:830} INFO - Processing file /home/airflow/.local/lib/python3.12/site-packages/airflow/example_dags/example_sla_dag.py for tasks to queue
[2024-06-14T04:28:24.029+0000] {logging_mixin.py:188} INFO - [2024-06-14T04:28:24.029+0000] {dagbag.py:545} INFO - Filling up the DagBag from /home/airflow/.local/lib/python3.12/site-packages/airflow/example_dags/example_sla_dag.py
[2024-06-14T04:28:24.039+0000] {processor.py:840} INFO - DAG(s) 'example_sla_dag' retrieved from /home/airflow/.local/lib/python3.12/site-packages/airflow/example_dags/example_sla_dag.py
[2024-06-14T04:28:24.063+0000] {logging_mixin.py:188} INFO - [2024-06-14T04:28:24.063+0000] {dag.py:3096} INFO - Sync 1 DAGs
[2024-06-14T04:28:24.090+0000] {logging_mixin.py:188} INFO - [2024-06-14T04:28:24.090+0000] {dag.py:3954} INFO - Setting next_dagrun for example_sla_dag to 2024-06-14 04:26:00+00:00, run_after=2024-06-14 04:28:00+00:00
[2024-06-14T04:28:24.112+0000] {processor.py:183} INFO - Processing /home/airflow/.local/lib/python3.12/site-packages/airflow/example_dags/example_sla_dag.py took 0.093 seconds
[2024-06-14T04:29:26.755+0000] {processor.py:161} INFO - Started process (PID=383) to work on /home/airflow/.local/lib/python3.12/site-packages/airflow/example_dags/example_sla_dag.py
[2024-06-14T04:29:26.756+0000] {processor.py:830} INFO - Processing file /home/airflow/.local/lib/python3.12/site-packages/airflow/example_dags/example_sla_dag.py for tasks to queue
[2024-06-14T04:29:26.758+0000] {logging_mixin.py:188} INFO - [2024-06-14T04:29:26.758+0000] {dagbag.py:545} INFO - Filling up the DagBag from /home/airflow/.local/lib/python3.12/site-packages/airflow/example_dags/example_sla_dag.py
[2024-06-14T04:29:26.769+0000] {processor.py:840} INFO - DAG(s) 'example_sla_dag' retrieved from /home/airflow/.local/lib/python3.12/site-packages/airflow/example_dags/example_sla_dag.py
[2024-06-14T04:29:26.791+0000] {logging_mixin.py:188} INFO - [2024-06-14T04:29:26.791+0000] {dag.py:3096} INFO - Sync 1 DAGs
[2024-06-14T04:29:26.822+0000] {logging_mixin.py:188} INFO - [2024-06-14T04:29:26.822+0000] {dag.py:3954} INFO - Setting next_dagrun for example_sla_dag to 2024-06-14 04:26:00+00:00, run_after=2024-06-14 04:28:00+00:00
[2024-06-14T04:29:26.852+0000] {processor.py:183} INFO - Processing /home/airflow/.local/lib/python3.12/site-packages/airflow/example_dags/example_sla_dag.py took 0.103 seconds
[2024-06-14T04:29:57.977+0000] {processor.py:161} INFO - Started process (PID=443) to work on /home/airflow/.local/lib/python3.12/site-packages/airflow/example_dags/example_sla_dag.py
[2024-06-14T04:29:57.979+0000] {processor.py:830} INFO - Processing file /home/airflow/.local/lib/python3.12/site-packages/airflow/example_dags/example_sla_dag.py for tasks to queue
[2024-06-14T04:29:57.981+0000] {logging_mixin.py:188} INFO - [2024-06-14T04:29:57.981+0000] {dagbag.py:545} INFO - Filling up the DagBag from /home/airflow/.local/lib/python3.12/site-packages/airflow/example_dags/example_sla_dag.py
[2024-06-14T04:29:57.989+0000] {processor.py:840} INFO - DAG(s) 'example_sla_dag' retrieved from /home/airflow/.local/lib/python3.12/site-packages/airflow/example_dags/example_sla_dag.py
[2024-06-14T04:29:58.010+0000] {logging_mixin.py:188} INFO - [2024-06-14T04:29:58.009+0000] {dag.py:3096} INFO - Sync 1 DAGs
[2024-06-14T04:29:58.035+0000] {logging_mixin.py:188} INFO - [2024-06-14T04:29:58.035+0000] {dag.py:3954} INFO - Setting next_dagrun for example_sla_dag to 2024-06-14 04:26:00+00:00, run_after=2024-06-14 04:28:00+00:00
[2024-06-14T04:29:58.058+0000] {processor.py:183} INFO - Processing /home/airflow/.local/lib/python3.12/site-packages/airflow/example_dags/example_sla_dag.py took 0.086 seconds
[2024-06-14T04:30:44.753+0000] {processor.py:161} INFO - Started process (PID=513) to work on /home/airflow/.local/lib/python3.12/site-packages/airflow/example_dags/example_sla_dag.py
[2024-06-14T04:30:44.755+0000] {processor.py:830} INFO - Processing file /home/airflow/.local/lib/python3.12/site-packages/airflow/example_dags/example_sla_dag.py for tasks to queue
[2024-06-14T04:30:44.758+0000] {logging_mixin.py:188} INFO - [2024-06-14T04:30:44.758+0000] {dagbag.py:545} INFO - Filling up the DagBag from /home/airflow/.local/lib/python3.12/site-packages/airflow/example_dags/example_sla_dag.py
[2024-06-14T04:30:44.769+0000] {processor.py:840} INFO - DAG(s) 'example_sla_dag' retrieved from /home/airflow/.local/lib/python3.12/site-packages/airflow/example_dags/example_sla_dag.py
[2024-06-14T04:30:44.795+0000] {logging_mixin.py:188} INFO - [2024-06-14T04:30:44.795+0000] {dag.py:3096} INFO - Sync 1 DAGs
[2024-06-14T04:30:44.830+0000] {logging_mixin.py:188} INFO - [2024-06-14T04:30:44.829+0000] {dag.py:3954} INFO - Setting next_dagrun for example_sla_dag to 2024-06-14 04:28:00+00:00, run_after=2024-06-14 04:30:00+00:00
[2024-06-14T04:30:44.855+0000] {processor.py:183} INFO - Processing /home/airflow/.local/lib/python3.12/site-packages/airflow/example_dags/example_sla_dag.py took 0.110 seconds
[2024-06-14T04:31:15.474+0000] {processor.py:161} INFO - Started process (PID=591) to work on /home/airflow/.local/lib/python3.12/site-packages/airflow/example_dags/example_sla_dag.py
[2024-06-14T04:31:15.476+0000] {processor.py:830} INFO - Processing file /home/airflow/.local/lib/python3.12/site-packages/airflow/example_dags/example_sla_dag.py for tasks to queue
[2024-06-14T04:31:15.478+0000] {logging_mixin.py:188} INFO - [2024-06-14T04:31:15.478+0000] {dagbag.py:545} INFO - Filling up the DagBag from /home/airflow/.local/lib/python3.12/site-packages/airflow/example_dags/example_sla_dag.py
[2024-06-14T04:31:15.487+0000] {processor.py:840} INFO - DAG(s) 'example_sla_dag' retrieved from /home/airflow/.local/lib/python3.12/site-packages/airflow/example_dags/example_sla_dag.py
[2024-06-14T04:31:15.510+0000] {logging_mixin.py:188} INFO - [2024-06-14T04:31:15.509+0000] {dag.py:3096} INFO - Sync 1 DAGs
[2024-06-14T04:31:15.538+0000] {logging_mixin.py:188} INFO - [2024-06-14T04:31:15.538+0000] {dag.py:3954} INFO - Setting next_dagrun for example_sla_dag to 2024-06-14 04:28:00+00:00, run_after=2024-06-14 04:30:00+00:00
[2024-06-14T04:31:15.564+0000] {processor.py:183} INFO - Processing /home/airflow/.local/lib/python3.12/site-packages/airflow/example_dags/example_sla_dag.py took 0.095 seconds
[2024-06-14T04:31:45.661+0000] {processor.py:161} INFO - Started process (PID=651) to work on /home/airflow/.local/lib/python3.12/site-packages/airflow/example_dags/example_sla_dag.py
[2024-06-14T04:31:45.663+0000] {processor.py:830} INFO - Processing file /home/airflow/.local/lib/python3.12/site-packages/airflow/example_dags/example_sla_dag.py for tasks to queue
[2024-06-14T04:31:45.665+0000] {logging_mixin.py:188} INFO - [2024-06-14T04:31:45.665+0000] {dagbag.py:545} INFO - Filling up the DagBag from /home/airflow/.local/lib/python3.12/site-packages/airflow/example_dags/example_sla_dag.py
[2024-06-14T04:31:45.672+0000] {processor.py:840} INFO - DAG(s) 'example_sla_dag' retrieved from /home/airflow/.local/lib/python3.12/site-packages/airflow/example_dags/example_sla_dag.py
[2024-06-14T04:31:45.691+0000] {logging_mixin.py:188} INFO - [2024-06-14T04:31:45.691+0000] {dag.py:3096} INFO - Sync 1 DAGs
[2024-06-14T04:31:45.714+0000] {logging_mixin.py:188} INFO - [2024-06-14T04:31:45.714+0000] {dag.py:3954} INFO - Setting next_dagrun for example_sla_dag to 2024-06-14 04:28:00+00:00, run_after=2024-06-14 04:30:00+00:00
[2024-06-14T04:31:45.734+0000] {processor.py:183} INFO - Processing /home/airflow/.local/lib/python3.12/site-packages/airflow/example_dags/example_sla_dag.py took 0.078 seconds
[2024-06-14T04:32:16.103+0000] {processor.py:161} INFO - Started process (PID=711) to work on /home/airflow/.local/lib/python3.12/site-packages/airflow/example_dags/example_sla_dag.py
[2024-06-14T04:32:16.105+0000] {processor.py:830} INFO - Processing file /home/airflow/.local/lib/python3.12/site-packages/airflow/example_dags/example_sla_dag.py for tasks to queue
[2024-06-14T04:32:16.107+0000] {logging_mixin.py:188} INFO - [2024-06-14T04:32:16.106+0000] {dagbag.py:545} INFO - Filling up the DagBag from /home/airflow/.local/lib/python3.12/site-packages/airflow/example_dags/example_sla_dag.py
[2024-06-14T04:32:16.117+0000] {processor.py:840} INFO - DAG(s) 'example_sla_dag' retrieved from /home/airflow/.local/lib/python3.12/site-packages/airflow/example_dags/example_sla_dag.py
[2024-06-14T04:32:16.137+0000] {logging_mixin.py:188} INFO - [2024-06-14T04:32:16.137+0000] {dag.py:3096} INFO - Sync 1 DAGs
[2024-06-14T04:32:16.168+0000] {logging_mixin.py:188} INFO - [2024-06-14T04:32:16.168+0000] {dag.py:3954} INFO - Setting next_dagrun for example_sla_dag to 2024-06-14 04:30:00+00:00, run_after=2024-06-14 04:32:00+00:00
[2024-06-14T04:32:16.202+0000] {processor.py:183} INFO - Processing /home/airflow/.local/lib/python3.12/site-packages/airflow/example_dags/example_sla_dag.py took 0.104 seconds
