[2024-06-14T03:05:34.600+0000] {processor.py:161} INFO - Started process (PID=53) to work on /home/airflow/.local/lib/python3.12/site-packages/airflow/example_dags/example_python_decorator.py
[2024-06-14T03:05:34.602+0000] {processor.py:830} INFO - Processing file /home/airflow/.local/lib/python3.12/site-packages/airflow/example_dags/example_python_decorator.py for tasks to queue
[2024-06-14T03:05:34.604+0000] {logging_mixin.py:188} INFO - [2024-06-14T03:05:34.604+0000] {dagbag.py:545} INFO - Filling up the DagBag from /home/airflow/.local/lib/python3.12/site-packages/airflow/example_dags/example_python_decorator.py
[2024-06-14T03:05:34.623+0000] {processor.py:840} INFO - DAG(s) 'example_python_decorator' retrieved from /home/airflow/.local/lib/python3.12/site-packages/airflow/example_dags/example_python_decorator.py
[2024-06-14T03:05:34.766+0000] {logging_mixin.py:188} INFO - [2024-06-14T03:05:34.765+0000] {dag.py:3096} INFO - Sync 1 DAGs
[2024-06-14T03:05:34.782+0000] {logging_mixin.py:188} INFO - [2024-06-14T03:05:34.781+0000] {dag.py:3954} INFO - Setting next_dagrun for example_python_decorator to None, run_after=None
[2024-06-14T03:05:34.816+0000] {processor.py:183} INFO - Processing /home/airflow/.local/lib/python3.12/site-packages/airflow/example_dags/example_python_decorator.py took 0.223 seconds
[2024-06-14T03:06:05.536+0000] {processor.py:161} INFO - Started process (PID=113) to work on /home/airflow/.local/lib/python3.12/site-packages/airflow/example_dags/example_python_decorator.py
[2024-06-14T03:06:05.537+0000] {processor.py:830} INFO - Processing file /home/airflow/.local/lib/python3.12/site-packages/airflow/example_dags/example_python_decorator.py for tasks to queue
[2024-06-14T03:06:05.540+0000] {logging_mixin.py:188} INFO - [2024-06-14T03:06:05.539+0000] {dagbag.py:545} INFO - Filling up the DagBag from /home/airflow/.local/lib/python3.12/site-packages/airflow/example_dags/example_python_decorator.py
[2024-06-14T03:06:05.575+0000] {processor.py:840} INFO - DAG(s) 'example_python_decorator' retrieved from /home/airflow/.local/lib/python3.12/site-packages/airflow/example_dags/example_python_decorator.py
[2024-06-14T03:06:05.611+0000] {logging_mixin.py:188} INFO - [2024-06-14T03:06:05.611+0000] {dag.py:3096} INFO - Sync 1 DAGs
[2024-06-14T03:06:05.636+0000] {logging_mixin.py:188} INFO - [2024-06-14T03:06:05.636+0000] {dag.py:3954} INFO - Setting next_dagrun for example_python_decorator to None, run_after=None
[2024-06-14T03:06:05.661+0000] {processor.py:183} INFO - Processing /home/airflow/.local/lib/python3.12/site-packages/airflow/example_dags/example_python_decorator.py took 0.133 seconds
[2024-06-14T03:06:36.292+0000] {processor.py:161} INFO - Started process (PID=173) to work on /home/airflow/.local/lib/python3.12/site-packages/airflow/example_dags/example_python_decorator.py
[2024-06-14T03:06:36.293+0000] {processor.py:830} INFO - Processing file /home/airflow/.local/lib/python3.12/site-packages/airflow/example_dags/example_python_decorator.py for tasks to queue
[2024-06-14T03:06:36.295+0000] {logging_mixin.py:188} INFO - [2024-06-14T03:06:36.295+0000] {dagbag.py:545} INFO - Filling up the DagBag from /home/airflow/.local/lib/python3.12/site-packages/airflow/example_dags/example_python_decorator.py
[2024-06-14T03:06:36.308+0000] {processor.py:840} INFO - DAG(s) 'example_python_decorator' retrieved from /home/airflow/.local/lib/python3.12/site-packages/airflow/example_dags/example_python_decorator.py
[2024-06-14T03:06:36.332+0000] {logging_mixin.py:188} INFO - [2024-06-14T03:06:36.332+0000] {dag.py:3096} INFO - Sync 1 DAGs
[2024-06-14T03:06:36.346+0000] {logging_mixin.py:188} INFO - [2024-06-14T03:06:36.346+0000] {dag.py:3954} INFO - Setting next_dagrun for example_python_decorator to None, run_after=None
[2024-06-14T03:06:36.366+0000] {processor.py:183} INFO - Processing /home/airflow/.local/lib/python3.12/site-packages/airflow/example_dags/example_python_decorator.py took 0.080 seconds
[2024-06-14T04:26:20.650+0000] {processor.py:161} INFO - Started process (PID=59) to work on /home/airflow/.local/lib/python3.12/site-packages/airflow/example_dags/example_python_decorator.py
[2024-06-14T04:26:20.651+0000] {processor.py:830} INFO - Processing file /home/airflow/.local/lib/python3.12/site-packages/airflow/example_dags/example_python_decorator.py for tasks to queue
[2024-06-14T04:26:20.653+0000] {logging_mixin.py:188} INFO - [2024-06-14T04:26:20.653+0000] {dagbag.py:545} INFO - Filling up the DagBag from /home/airflow/.local/lib/python3.12/site-packages/airflow/example_dags/example_python_decorator.py
[2024-06-14T04:26:20.674+0000] {processor.py:840} INFO - DAG(s) 'example_python_decorator' retrieved from /home/airflow/.local/lib/python3.12/site-packages/airflow/example_dags/example_python_decorator.py
[2024-06-14T04:26:20.827+0000] {logging_mixin.py:188} INFO - [2024-06-14T04:26:20.827+0000] {dag.py:3096} INFO - Sync 1 DAGs
[2024-06-14T04:26:20.849+0000] {logging_mixin.py:188} INFO - [2024-06-14T04:26:20.849+0000] {dag.py:3954} INFO - Setting next_dagrun for example_python_decorator to None, run_after=None
[2024-06-14T04:26:20.881+0000] {processor.py:183} INFO - Processing /home/airflow/.local/lib/python3.12/site-packages/airflow/example_dags/example_python_decorator.py took 0.240 seconds
[2024-06-14T04:26:51.319+0000] {processor.py:161} INFO - Started process (PID=119) to work on /home/airflow/.local/lib/python3.12/site-packages/airflow/example_dags/example_python_decorator.py
[2024-06-14T04:26:51.320+0000] {processor.py:830} INFO - Processing file /home/airflow/.local/lib/python3.12/site-packages/airflow/example_dags/example_python_decorator.py for tasks to queue
[2024-06-14T04:26:51.322+0000] {logging_mixin.py:188} INFO - [2024-06-14T04:26:51.322+0000] {dagbag.py:545} INFO - Filling up the DagBag from /home/airflow/.local/lib/python3.12/site-packages/airflow/example_dags/example_python_decorator.py
[2024-06-14T04:26:51.335+0000] {processor.py:840} INFO - DAG(s) 'example_python_decorator' retrieved from /home/airflow/.local/lib/python3.12/site-packages/airflow/example_dags/example_python_decorator.py
[2024-06-14T04:26:51.347+0000] {logging_mixin.py:188} INFO - [2024-06-14T04:26:51.347+0000] {dag.py:3096} INFO - Sync 1 DAGs
[2024-06-14T04:26:51.360+0000] {logging_mixin.py:188} INFO - [2024-06-14T04:26:51.360+0000] {dag.py:3954} INFO - Setting next_dagrun for example_python_decorator to None, run_after=None
[2024-06-14T04:26:51.380+0000] {processor.py:183} INFO - Processing /home/airflow/.local/lib/python3.12/site-packages/airflow/example_dags/example_python_decorator.py took 0.069 seconds
[2024-06-14T04:27:22.275+0000] {processor.py:161} INFO - Started process (PID=179) to work on /home/airflow/.local/lib/python3.12/site-packages/airflow/example_dags/example_python_decorator.py
[2024-06-14T04:27:22.277+0000] {processor.py:830} INFO - Processing file /home/airflow/.local/lib/python3.12/site-packages/airflow/example_dags/example_python_decorator.py for tasks to queue
[2024-06-14T04:27:22.279+0000] {logging_mixin.py:188} INFO - [2024-06-14T04:27:22.278+0000] {dagbag.py:545} INFO - Filling up the DagBag from /home/airflow/.local/lib/python3.12/site-packages/airflow/example_dags/example_python_decorator.py
[2024-06-14T04:27:22.293+0000] {processor.py:840} INFO - DAG(s) 'example_python_decorator' retrieved from /home/airflow/.local/lib/python3.12/site-packages/airflow/example_dags/example_python_decorator.py
[2024-06-14T04:27:22.399+0000] {logging_mixin.py:188} INFO - [2024-06-14T04:27:22.399+0000] {dag.py:3096} INFO - Sync 1 DAGs
[2024-06-14T04:27:22.409+0000] {logging_mixin.py:188} INFO - [2024-06-14T04:27:22.409+0000] {dag.py:3954} INFO - Setting next_dagrun for example_python_decorator to None, run_after=None
[2024-06-14T04:27:22.429+0000] {processor.py:183} INFO - Processing /home/airflow/.local/lib/python3.12/site-packages/airflow/example_dags/example_python_decorator.py took 0.162 seconds
[2024-06-14T04:27:53.095+0000] {processor.py:161} INFO - Started process (PID=239) to work on /home/airflow/.local/lib/python3.12/site-packages/airflow/example_dags/example_python_decorator.py
[2024-06-14T04:27:53.096+0000] {processor.py:830} INFO - Processing file /home/airflow/.local/lib/python3.12/site-packages/airflow/example_dags/example_python_decorator.py for tasks to queue
[2024-06-14T04:27:53.098+0000] {logging_mixin.py:188} INFO - [2024-06-14T04:27:53.098+0000] {dagbag.py:545} INFO - Filling up the DagBag from /home/airflow/.local/lib/python3.12/site-packages/airflow/example_dags/example_python_decorator.py
[2024-06-14T04:27:53.111+0000] {processor.py:840} INFO - DAG(s) 'example_python_decorator' retrieved from /home/airflow/.local/lib/python3.12/site-packages/airflow/example_dags/example_python_decorator.py
[2024-06-14T04:27:53.132+0000] {logging_mixin.py:188} INFO - [2024-06-14T04:27:53.132+0000] {dag.py:3096} INFO - Sync 1 DAGs
[2024-06-14T04:27:53.145+0000] {logging_mixin.py:188} INFO - [2024-06-14T04:27:53.144+0000] {dag.py:3954} INFO - Setting next_dagrun for example_python_decorator to None, run_after=None
[2024-06-14T04:27:53.168+0000] {processor.py:183} INFO - Processing /home/airflow/.local/lib/python3.12/site-packages/airflow/example_dags/example_python_decorator.py took 0.078 seconds
[2024-06-14T04:28:23.347+0000] {processor.py:161} INFO - Started process (PID=300) to work on /home/airflow/.local/lib/python3.12/site-packages/airflow/example_dags/example_python_decorator.py
[2024-06-14T04:28:23.349+0000] {processor.py:830} INFO - Processing file /home/airflow/.local/lib/python3.12/site-packages/airflow/example_dags/example_python_decorator.py for tasks to queue
[2024-06-14T04:28:23.351+0000] {logging_mixin.py:188} INFO - [2024-06-14T04:28:23.350+0000] {dagbag.py:545} INFO - Filling up the DagBag from /home/airflow/.local/lib/python3.12/site-packages/airflow/example_dags/example_python_decorator.py
[2024-06-14T04:28:23.363+0000] {processor.py:840} INFO - DAG(s) 'example_python_decorator' retrieved from /home/airflow/.local/lib/python3.12/site-packages/airflow/example_dags/example_python_decorator.py
[2024-06-14T04:28:23.388+0000] {logging_mixin.py:188} INFO - [2024-06-14T04:28:23.388+0000] {dag.py:3096} INFO - Sync 1 DAGs
[2024-06-14T04:28:23.405+0000] {logging_mixin.py:188} INFO - [2024-06-14T04:28:23.404+0000] {dag.py:3954} INFO - Setting next_dagrun for example_python_decorator to None, run_after=None
[2024-06-14T04:28:23.426+0000] {processor.py:183} INFO - Processing /home/airflow/.local/lib/python3.12/site-packages/airflow/example_dags/example_python_decorator.py took 0.084 seconds
[2024-06-14T04:29:25.899+0000] {processor.py:161} INFO - Started process (PID=372) to work on /home/airflow/.local/lib/python3.12/site-packages/airflow/example_dags/example_python_decorator.py
[2024-06-14T04:29:25.900+0000] {processor.py:830} INFO - Processing file /home/airflow/.local/lib/python3.12/site-packages/airflow/example_dags/example_python_decorator.py for tasks to queue
[2024-06-14T04:29:25.903+0000] {logging_mixin.py:188} INFO - [2024-06-14T04:29:25.902+0000] {dagbag.py:545} INFO - Filling up the DagBag from /home/airflow/.local/lib/python3.12/site-packages/airflow/example_dags/example_python_decorator.py
[2024-06-14T04:29:25.920+0000] {processor.py:840} INFO - DAG(s) 'example_python_decorator' retrieved from /home/airflow/.local/lib/python3.12/site-packages/airflow/example_dags/example_python_decorator.py
[2024-06-14T04:29:25.949+0000] {logging_mixin.py:188} INFO - [2024-06-14T04:29:25.949+0000] {dag.py:3096} INFO - Sync 1 DAGs
[2024-06-14T04:29:25.967+0000] {logging_mixin.py:188} INFO - [2024-06-14T04:29:25.967+0000] {dag.py:3954} INFO - Setting next_dagrun for example_python_decorator to None, run_after=None
[2024-06-14T04:29:25.993+0000] {processor.py:183} INFO - Processing /home/airflow/.local/lib/python3.12/site-packages/airflow/example_dags/example_python_decorator.py took 0.103 seconds
[2024-06-14T04:29:57.111+0000] {processor.py:161} INFO - Started process (PID=432) to work on /home/airflow/.local/lib/python3.12/site-packages/airflow/example_dags/example_python_decorator.py
[2024-06-14T04:29:57.112+0000] {processor.py:830} INFO - Processing file /home/airflow/.local/lib/python3.12/site-packages/airflow/example_dags/example_python_decorator.py for tasks to queue
[2024-06-14T04:29:57.115+0000] {logging_mixin.py:188} INFO - [2024-06-14T04:29:57.114+0000] {dagbag.py:545} INFO - Filling up the DagBag from /home/airflow/.local/lib/python3.12/site-packages/airflow/example_dags/example_python_decorator.py
[2024-06-14T04:29:57.127+0000] {processor.py:840} INFO - DAG(s) 'example_python_decorator' retrieved from /home/airflow/.local/lib/python3.12/site-packages/airflow/example_dags/example_python_decorator.py
[2024-06-14T04:29:57.151+0000] {logging_mixin.py:188} INFO - [2024-06-14T04:29:57.151+0000] {dag.py:3096} INFO - Sync 1 DAGs
[2024-06-14T04:29:57.168+0000] {logging_mixin.py:188} INFO - [2024-06-14T04:29:57.167+0000] {dag.py:3954} INFO - Setting next_dagrun for example_python_decorator to None, run_after=None
[2024-06-14T04:29:57.191+0000] {processor.py:183} INFO - Processing /home/airflow/.local/lib/python3.12/site-packages/airflow/example_dags/example_python_decorator.py took 0.087 seconds
[2024-06-14T04:30:43.646+0000] {processor.py:161} INFO - Started process (PID=498) to work on /home/airflow/.local/lib/python3.12/site-packages/airflow/example_dags/example_python_decorator.py
[2024-06-14T04:30:43.648+0000] {processor.py:830} INFO - Processing file /home/airflow/.local/lib/python3.12/site-packages/airflow/example_dags/example_python_decorator.py for tasks to queue
[2024-06-14T04:30:43.650+0000] {logging_mixin.py:188} INFO - [2024-06-14T04:30:43.649+0000] {dagbag.py:545} INFO - Filling up the DagBag from /home/airflow/.local/lib/python3.12/site-packages/airflow/example_dags/example_python_decorator.py
[2024-06-14T04:30:43.667+0000] {processor.py:840} INFO - DAG(s) 'example_python_decorator' retrieved from /home/airflow/.local/lib/python3.12/site-packages/airflow/example_dags/example_python_decorator.py
[2024-06-14T04:30:43.693+0000] {logging_mixin.py:188} INFO - [2024-06-14T04:30:43.693+0000] {dag.py:3096} INFO - Sync 1 DAGs
[2024-06-14T04:30:43.714+0000] {logging_mixin.py:188} INFO - [2024-06-14T04:30:43.713+0000] {dag.py:3954} INFO - Setting next_dagrun for example_python_decorator to None, run_after=None
[2024-06-14T04:30:43.741+0000] {processor.py:183} INFO - Processing /home/airflow/.local/lib/python3.12/site-packages/airflow/example_dags/example_python_decorator.py took 0.101 seconds
[2024-06-14T04:31:14.674+0000] {processor.py:161} INFO - Started process (PID=580) to work on /home/airflow/.local/lib/python3.12/site-packages/airflow/example_dags/example_python_decorator.py
[2024-06-14T04:31:14.676+0000] {processor.py:830} INFO - Processing file /home/airflow/.local/lib/python3.12/site-packages/airflow/example_dags/example_python_decorator.py for tasks to queue
[2024-06-14T04:31:14.678+0000] {logging_mixin.py:188} INFO - [2024-06-14T04:31:14.678+0000] {dagbag.py:545} INFO - Filling up the DagBag from /home/airflow/.local/lib/python3.12/site-packages/airflow/example_dags/example_python_decorator.py
[2024-06-14T04:31:14.692+0000] {processor.py:840} INFO - DAG(s) 'example_python_decorator' retrieved from /home/airflow/.local/lib/python3.12/site-packages/airflow/example_dags/example_python_decorator.py
[2024-06-14T04:31:14.715+0000] {logging_mixin.py:188} INFO - [2024-06-14T04:31:14.715+0000] {dag.py:3096} INFO - Sync 1 DAGs
[2024-06-14T04:31:14.731+0000] {logging_mixin.py:188} INFO - [2024-06-14T04:31:14.730+0000] {dag.py:3954} INFO - Setting next_dagrun for example_python_decorator to None, run_after=None
[2024-06-14T04:31:14.755+0000] {processor.py:183} INFO - Processing /home/airflow/.local/lib/python3.12/site-packages/airflow/example_dags/example_python_decorator.py took 0.089 seconds
[2024-06-14T04:31:45.054+0000] {processor.py:161} INFO - Started process (PID=640) to work on /home/airflow/.local/lib/python3.12/site-packages/airflow/example_dags/example_python_decorator.py
[2024-06-14T04:31:45.056+0000] {processor.py:830} INFO - Processing file /home/airflow/.local/lib/python3.12/site-packages/airflow/example_dags/example_python_decorator.py for tasks to queue
[2024-06-14T04:31:45.057+0000] {logging_mixin.py:188} INFO - [2024-06-14T04:31:45.057+0000] {dagbag.py:545} INFO - Filling up the DagBag from /home/airflow/.local/lib/python3.12/site-packages/airflow/example_dags/example_python_decorator.py
[2024-06-14T04:31:45.069+0000] {processor.py:840} INFO - DAG(s) 'example_python_decorator' retrieved from /home/airflow/.local/lib/python3.12/site-packages/airflow/example_dags/example_python_decorator.py
[2024-06-14T04:31:45.091+0000] {logging_mixin.py:188} INFO - [2024-06-14T04:31:45.091+0000] {dag.py:3096} INFO - Sync 1 DAGs
[2024-06-14T04:31:45.103+0000] {logging_mixin.py:188} INFO - [2024-06-14T04:31:45.103+0000] {dag.py:3954} INFO - Setting next_dagrun for example_python_decorator to None, run_after=None
[2024-06-14T04:31:45.124+0000] {processor.py:183} INFO - Processing /home/airflow/.local/lib/python3.12/site-packages/airflow/example_dags/example_python_decorator.py took 0.075 seconds
[2024-06-14T04:32:15.306+0000] {processor.py:161} INFO - Started process (PID=700) to work on /home/airflow/.local/lib/python3.12/site-packages/airflow/example_dags/example_python_decorator.py
[2024-06-14T04:32:15.308+0000] {processor.py:830} INFO - Processing file /home/airflow/.local/lib/python3.12/site-packages/airflow/example_dags/example_python_decorator.py for tasks to queue
[2024-06-14T04:32:15.310+0000] {logging_mixin.py:188} INFO - [2024-06-14T04:32:15.309+0000] {dagbag.py:545} INFO - Filling up the DagBag from /home/airflow/.local/lib/python3.12/site-packages/airflow/example_dags/example_python_decorator.py
[2024-06-14T04:32:15.327+0000] {processor.py:840} INFO - DAG(s) 'example_python_decorator' retrieved from /home/airflow/.local/lib/python3.12/site-packages/airflow/example_dags/example_python_decorator.py
[2024-06-14T04:32:15.352+0000] {logging_mixin.py:188} INFO - [2024-06-14T04:32:15.351+0000] {dag.py:3096} INFO - Sync 1 DAGs
[2024-06-14T04:32:15.366+0000] {logging_mixin.py:188} INFO - [2024-06-14T04:32:15.366+0000] {dag.py:3954} INFO - Setting next_dagrun for example_python_decorator to None, run_after=None
[2024-06-14T04:32:15.388+0000] {processor.py:183} INFO - Processing /home/airflow/.local/lib/python3.12/site-packages/airflow/example_dags/example_python_decorator.py took 0.089 seconds
