[2024-06-14T03:05:36.700+0000] {processor.py:161} INFO - Started process (PID=76) to work on /home/airflow/.local/lib/python3.12/site-packages/airflow/example_dags/example_branch_datetime_operator.py
[2024-06-14T03:05:36.703+0000] {processor.py:830} INFO - Processing file /home/airflow/.local/lib/python3.12/site-packages/airflow/example_dags/example_branch_datetime_operator.py for tasks to queue
[2024-06-14T03:05:36.705+0000] {logging_mixin.py:188} INFO - [2024-06-14T03:05:36.705+0000] {dagbag.py:545} INFO - Filling up the DagBag from /home/airflow/.local/lib/python3.12/site-packages/airflow/example_dags/example_branch_datetime_operator.py
[2024-06-14T03:05:36.719+0000] {processor.py:840} INFO - DAG(s) 'example_branch_datetime_operator_2', 'example_branch_datetime_operator_3', 'example_branch_datetime_operator' retrieved from /home/airflow/.local/lib/python3.12/site-packages/airflow/example_dags/example_branch_datetime_operator.py
[2024-06-14T03:05:36.849+0000] {logging_mixin.py:188} INFO - [2024-06-14T03:05:36.849+0000] {dag.py:3096} INFO - Sync 3 DAGs
[2024-06-14T03:05:36.879+0000] {logging_mixin.py:188} INFO - [2024-06-14T03:05:36.878+0000] {dag.py:3954} INFO - Setting next_dagrun for example_branch_datetime_operator to 2024-06-13 00:00:00+00:00, run_after=2024-06-14 00:00:00+00:00
[2024-06-14T03:05:36.884+0000] {logging_mixin.py:188} INFO - [2024-06-14T03:05:36.883+0000] {dag.py:3954} INFO - Setting next_dagrun for example_branch_datetime_operator_2 to 2024-06-13 00:00:00+00:00, run_after=2024-06-14 00:00:00+00:00
[2024-06-14T03:05:36.887+0000] {logging_mixin.py:188} INFO - [2024-06-14T03:05:36.887+0000] {dag.py:3954} INFO - Setting next_dagrun for example_branch_datetime_operator_3 to 2024-06-13 00:00:00+00:00, run_after=2024-06-14 00:00:00+00:00
[2024-06-14T03:05:36.917+0000] {processor.py:183} INFO - Processing /home/airflow/.local/lib/python3.12/site-packages/airflow/example_dags/example_branch_datetime_operator.py took 0.223 seconds
[2024-06-14T03:06:07.308+0000] {processor.py:161} INFO - Started process (PID=136) to work on /home/airflow/.local/lib/python3.12/site-packages/airflow/example_dags/example_branch_datetime_operator.py
[2024-06-14T03:06:07.309+0000] {processor.py:830} INFO - Processing file /home/airflow/.local/lib/python3.12/site-packages/airflow/example_dags/example_branch_datetime_operator.py for tasks to queue
[2024-06-14T03:06:07.311+0000] {logging_mixin.py:188} INFO - [2024-06-14T03:06:07.311+0000] {dagbag.py:545} INFO - Filling up the DagBag from /home/airflow/.local/lib/python3.12/site-packages/airflow/example_dags/example_branch_datetime_operator.py
[2024-06-14T03:06:07.322+0000] {processor.py:840} INFO - DAG(s) 'example_branch_datetime_operator_3', 'example_branch_datetime_operator', 'example_branch_datetime_operator_2' retrieved from /home/airflow/.local/lib/python3.12/site-packages/airflow/example_dags/example_branch_datetime_operator.py
[2024-06-14T03:06:07.357+0000] {logging_mixin.py:188} INFO - [2024-06-14T03:06:07.357+0000] {dag.py:3096} INFO - Sync 3 DAGs
[2024-06-14T03:06:07.384+0000] {logging_mixin.py:188} INFO - [2024-06-14T03:06:07.384+0000] {dag.py:3954} INFO - Setting next_dagrun for example_branch_datetime_operator to 2024-06-13 00:00:00+00:00, run_after=2024-06-14 00:00:00+00:00
[2024-06-14T03:06:07.390+0000] {logging_mixin.py:188} INFO - [2024-06-14T03:06:07.390+0000] {dag.py:3954} INFO - Setting next_dagrun for example_branch_datetime_operator_2 to 2024-06-13 00:00:00+00:00, run_after=2024-06-14 00:00:00+00:00
[2024-06-14T03:06:07.395+0000] {logging_mixin.py:188} INFO - [2024-06-14T03:06:07.395+0000] {dag.py:3954} INFO - Setting next_dagrun for example_branch_datetime_operator_3 to 2024-06-13 00:00:00+00:00, run_after=2024-06-14 00:00:00+00:00
[2024-06-14T03:06:07.491+0000] {processor.py:183} INFO - Processing /home/airflow/.local/lib/python3.12/site-packages/airflow/example_dags/example_branch_datetime_operator.py took 0.190 seconds
[2024-06-14T03:06:37.832+0000] {processor.py:161} INFO - Started process (PID=196) to work on /home/airflow/.local/lib/python3.12/site-packages/airflow/example_dags/example_branch_datetime_operator.py
[2024-06-14T03:06:37.834+0000] {processor.py:830} INFO - Processing file /home/airflow/.local/lib/python3.12/site-packages/airflow/example_dags/example_branch_datetime_operator.py for tasks to queue
[2024-06-14T03:06:37.835+0000] {logging_mixin.py:188} INFO - [2024-06-14T03:06:37.835+0000] {dagbag.py:545} INFO - Filling up the DagBag from /home/airflow/.local/lib/python3.12/site-packages/airflow/example_dags/example_branch_datetime_operator.py
[2024-06-14T03:06:37.845+0000] {processor.py:840} INFO - DAG(s) 'example_branch_datetime_operator_2', 'example_branch_datetime_operator', 'example_branch_datetime_operator_3' retrieved from /home/airflow/.local/lib/python3.12/site-packages/airflow/example_dags/example_branch_datetime_operator.py
[2024-06-14T03:06:37.873+0000] {logging_mixin.py:188} INFO - [2024-06-14T03:06:37.873+0000] {dag.py:3096} INFO - Sync 3 DAGs
[2024-06-14T03:06:37.899+0000] {logging_mixin.py:188} INFO - [2024-06-14T03:06:37.898+0000] {dag.py:3954} INFO - Setting next_dagrun for example_branch_datetime_operator to 2024-06-13 00:00:00+00:00, run_after=2024-06-14 00:00:00+00:00
[2024-06-14T03:06:37.904+0000] {logging_mixin.py:188} INFO - [2024-06-14T03:06:37.903+0000] {dag.py:3954} INFO - Setting next_dagrun for example_branch_datetime_operator_2 to 2024-06-13 00:00:00+00:00, run_after=2024-06-14 00:00:00+00:00
[2024-06-14T03:06:37.906+0000] {logging_mixin.py:188} INFO - [2024-06-14T03:06:37.906+0000] {dag.py:3954} INFO - Setting next_dagrun for example_branch_datetime_operator_3 to 2024-06-13 00:00:00+00:00, run_after=2024-06-14 00:00:00+00:00
[2024-06-14T03:06:37.924+0000] {processor.py:183} INFO - Processing /home/airflow/.local/lib/python3.12/site-packages/airflow/example_dags/example_branch_datetime_operator.py took 0.097 seconds
[2024-06-14T04:26:25.331+0000] {processor.py:161} INFO - Started process (PID=82) to work on /home/airflow/.local/lib/python3.12/site-packages/airflow/example_dags/example_branch_datetime_operator.py
[2024-06-14T04:26:25.333+0000] {processor.py:830} INFO - Processing file /home/airflow/.local/lib/python3.12/site-packages/airflow/example_dags/example_branch_datetime_operator.py for tasks to queue
[2024-06-14T04:26:25.336+0000] {logging_mixin.py:188} INFO - [2024-06-14T04:26:25.335+0000] {dagbag.py:545} INFO - Filling up the DagBag from /home/airflow/.local/lib/python3.12/site-packages/airflow/example_dags/example_branch_datetime_operator.py
[2024-06-14T04:26:25.355+0000] {processor.py:840} INFO - DAG(s) 'example_branch_datetime_operator_3', 'example_branch_datetime_operator_2', 'example_branch_datetime_operator' retrieved from /home/airflow/.local/lib/python3.12/site-packages/airflow/example_dags/example_branch_datetime_operator.py
[2024-06-14T04:26:25.606+0000] {logging_mixin.py:188} INFO - [2024-06-14T04:26:25.605+0000] {dag.py:3096} INFO - Sync 3 DAGs
[2024-06-14T04:26:25.642+0000] {logging_mixin.py:188} INFO - [2024-06-14T04:26:25.641+0000] {dag.py:3954} INFO - Setting next_dagrun for example_branch_datetime_operator to 2024-06-13 00:00:00+00:00, run_after=2024-06-14 00:00:00+00:00
[2024-06-14T04:26:25.653+0000] {logging_mixin.py:188} INFO - [2024-06-14T04:26:25.652+0000] {dag.py:3954} INFO - Setting next_dagrun for example_branch_datetime_operator_2 to 2024-06-13 00:00:00+00:00, run_after=2024-06-14 00:00:00+00:00
[2024-06-14T04:26:25.657+0000] {logging_mixin.py:188} INFO - [2024-06-14T04:26:25.657+0000] {dag.py:3954} INFO - Setting next_dagrun for example_branch_datetime_operator_3 to 2024-06-13 00:00:00+00:00, run_after=2024-06-14 00:00:00+00:00
[2024-06-14T04:26:25.690+0000] {processor.py:183} INFO - Processing /home/airflow/.local/lib/python3.12/site-packages/airflow/example_dags/example_branch_datetime_operator.py took 0.370 seconds
[2024-06-14T04:26:56.495+0000] {processor.py:161} INFO - Started process (PID=142) to work on /home/airflow/.local/lib/python3.12/site-packages/airflow/example_dags/example_branch_datetime_operator.py
[2024-06-14T04:26:56.497+0000] {processor.py:830} INFO - Processing file /home/airflow/.local/lib/python3.12/site-packages/airflow/example_dags/example_branch_datetime_operator.py for tasks to queue
[2024-06-14T04:26:56.499+0000] {logging_mixin.py:188} INFO - [2024-06-14T04:26:56.499+0000] {dagbag.py:545} INFO - Filling up the DagBag from /home/airflow/.local/lib/python3.12/site-packages/airflow/example_dags/example_branch_datetime_operator.py
[2024-06-14T04:26:56.511+0000] {processor.py:840} INFO - DAG(s) 'example_branch_datetime_operator_3', 'example_branch_datetime_operator_2', 'example_branch_datetime_operator' retrieved from /home/airflow/.local/lib/python3.12/site-packages/airflow/example_dags/example_branch_datetime_operator.py
[2024-06-14T04:26:56.528+0000] {logging_mixin.py:188} INFO - [2024-06-14T04:26:56.527+0000] {dag.py:3096} INFO - Sync 3 DAGs
[2024-06-14T04:26:56.554+0000] {logging_mixin.py:188} INFO - [2024-06-14T04:26:56.554+0000] {dag.py:3954} INFO - Setting next_dagrun for example_branch_datetime_operator to 2024-06-13 00:00:00+00:00, run_after=2024-06-14 00:00:00+00:00
[2024-06-14T04:26:56.563+0000] {logging_mixin.py:188} INFO - [2024-06-14T04:26:56.562+0000] {dag.py:3954} INFO - Setting next_dagrun for example_branch_datetime_operator_2 to 2024-06-13 00:00:00+00:00, run_after=2024-06-14 00:00:00+00:00
[2024-06-14T04:26:56.566+0000] {logging_mixin.py:188} INFO - [2024-06-14T04:26:56.566+0000] {dag.py:3954} INFO - Setting next_dagrun for example_branch_datetime_operator_3 to 2024-06-13 00:00:00+00:00, run_after=2024-06-14 00:00:00+00:00
[2024-06-14T04:26:56.592+0000] {processor.py:183} INFO - Processing /home/airflow/.local/lib/python3.12/site-packages/airflow/example_dags/example_branch_datetime_operator.py took 0.103 seconds
[2024-06-14T04:27:26.750+0000] {processor.py:161} INFO - Started process (PID=202) to work on /home/airflow/.local/lib/python3.12/site-packages/airflow/example_dags/example_branch_datetime_operator.py
[2024-06-14T04:27:26.751+0000] {processor.py:830} INFO - Processing file /home/airflow/.local/lib/python3.12/site-packages/airflow/example_dags/example_branch_datetime_operator.py for tasks to queue
[2024-06-14T04:27:26.753+0000] {logging_mixin.py:188} INFO - [2024-06-14T04:27:26.753+0000] {dagbag.py:545} INFO - Filling up the DagBag from /home/airflow/.local/lib/python3.12/site-packages/airflow/example_dags/example_branch_datetime_operator.py
[2024-06-14T04:27:26.765+0000] {processor.py:840} INFO - DAG(s) 'example_branch_datetime_operator_2', 'example_branch_datetime_operator', 'example_branch_datetime_operator_3' retrieved from /home/airflow/.local/lib/python3.12/site-packages/airflow/example_dags/example_branch_datetime_operator.py
[2024-06-14T04:27:26.908+0000] {logging_mixin.py:188} INFO - [2024-06-14T04:27:26.908+0000] {dag.py:3096} INFO - Sync 3 DAGs
[2024-06-14T04:27:26.932+0000] {logging_mixin.py:188} INFO - [2024-06-14T04:27:26.931+0000] {dag.py:3954} INFO - Setting next_dagrun for example_branch_datetime_operator to 2024-06-13 00:00:00+00:00, run_after=2024-06-14 00:00:00+00:00
[2024-06-14T04:27:26.937+0000] {logging_mixin.py:188} INFO - [2024-06-14T04:27:26.936+0000] {dag.py:3954} INFO - Setting next_dagrun for example_branch_datetime_operator_2 to 2024-06-13 00:00:00+00:00, run_after=2024-06-14 00:00:00+00:00
[2024-06-14T04:27:26.940+0000] {logging_mixin.py:188} INFO - [2024-06-14T04:27:26.940+0000] {dag.py:3954} INFO - Setting next_dagrun for example_branch_datetime_operator_3 to 2024-06-13 00:00:00+00:00, run_after=2024-06-14 00:00:00+00:00
[2024-06-14T04:27:26.957+0000] {processor.py:183} INFO - Processing /home/airflow/.local/lib/python3.12/site-packages/airflow/example_dags/example_branch_datetime_operator.py took 0.214 seconds
[2024-06-14T04:27:57.505+0000] {processor.py:161} INFO - Started process (PID=262) to work on /home/airflow/.local/lib/python3.12/site-packages/airflow/example_dags/example_branch_datetime_operator.py
[2024-06-14T04:27:57.507+0000] {processor.py:830} INFO - Processing file /home/airflow/.local/lib/python3.12/site-packages/airflow/example_dags/example_branch_datetime_operator.py for tasks to queue
[2024-06-14T04:27:57.509+0000] {logging_mixin.py:188} INFO - [2024-06-14T04:27:57.508+0000] {dagbag.py:545} INFO - Filling up the DagBag from /home/airflow/.local/lib/python3.12/site-packages/airflow/example_dags/example_branch_datetime_operator.py
[2024-06-14T04:27:57.518+0000] {processor.py:840} INFO - DAG(s) 'example_branch_datetime_operator_2', 'example_branch_datetime_operator', 'example_branch_datetime_operator_3' retrieved from /home/airflow/.local/lib/python3.12/site-packages/airflow/example_dags/example_branch_datetime_operator.py
[2024-06-14T04:27:57.547+0000] {logging_mixin.py:188} INFO - [2024-06-14T04:27:57.547+0000] {dag.py:3096} INFO - Sync 3 DAGs
[2024-06-14T04:27:57.569+0000] {logging_mixin.py:188} INFO - [2024-06-14T04:27:57.569+0000] {dag.py:3954} INFO - Setting next_dagrun for example_branch_datetime_operator to 2024-06-13 00:00:00+00:00, run_after=2024-06-14 00:00:00+00:00
[2024-06-14T04:27:57.575+0000] {logging_mixin.py:188} INFO - [2024-06-14T04:27:57.574+0000] {dag.py:3954} INFO - Setting next_dagrun for example_branch_datetime_operator_2 to 2024-06-13 00:00:00+00:00, run_after=2024-06-14 00:00:00+00:00
[2024-06-14T04:27:57.577+0000] {logging_mixin.py:188} INFO - [2024-06-14T04:27:57.577+0000] {dag.py:3954} INFO - Setting next_dagrun for example_branch_datetime_operator_3 to 2024-06-13 00:00:00+00:00, run_after=2024-06-14 00:00:00+00:00
[2024-06-14T04:27:57.599+0000] {processor.py:183} INFO - Processing /home/airflow/.local/lib/python3.12/site-packages/airflow/example_dags/example_branch_datetime_operator.py took 0.099 seconds
[2024-06-14T04:28:27.835+0000] {processor.py:161} INFO - Started process (PID=323) to work on /home/airflow/.local/lib/python3.12/site-packages/airflow/example_dags/example_branch_datetime_operator.py
[2024-06-14T04:28:27.836+0000] {processor.py:830} INFO - Processing file /home/airflow/.local/lib/python3.12/site-packages/airflow/example_dags/example_branch_datetime_operator.py for tasks to queue
[2024-06-14T04:28:27.838+0000] {logging_mixin.py:188} INFO - [2024-06-14T04:28:27.838+0000] {dagbag.py:545} INFO - Filling up the DagBag from /home/airflow/.local/lib/python3.12/site-packages/airflow/example_dags/example_branch_datetime_operator.py
[2024-06-14T04:28:27.850+0000] {processor.py:840} INFO - DAG(s) 'example_branch_datetime_operator_2', 'example_branch_datetime_operator_3', 'example_branch_datetime_operator' retrieved from /home/airflow/.local/lib/python3.12/site-packages/airflow/example_dags/example_branch_datetime_operator.py
[2024-06-14T04:28:27.877+0000] {logging_mixin.py:188} INFO - [2024-06-14T04:28:27.876+0000] {dag.py:3096} INFO - Sync 3 DAGs
[2024-06-14T04:28:27.903+0000] {logging_mixin.py:188} INFO - [2024-06-14T04:28:27.902+0000] {dag.py:3954} INFO - Setting next_dagrun for example_branch_datetime_operator to 2024-06-13 00:00:00+00:00, run_after=2024-06-14 00:00:00+00:00
[2024-06-14T04:28:27.908+0000] {logging_mixin.py:188} INFO - [2024-06-14T04:28:27.908+0000] {dag.py:3954} INFO - Setting next_dagrun for example_branch_datetime_operator_2 to 2024-06-13 00:00:00+00:00, run_after=2024-06-14 00:00:00+00:00
[2024-06-14T04:28:27.911+0000] {logging_mixin.py:188} INFO - [2024-06-14T04:28:27.911+0000] {dag.py:3954} INFO - Setting next_dagrun for example_branch_datetime_operator_3 to 2024-06-13 00:00:00+00:00, run_after=2024-06-14 00:00:00+00:00
[2024-06-14T04:28:27.930+0000] {processor.py:183} INFO - Processing /home/airflow/.local/lib/python3.12/site-packages/airflow/example_dags/example_branch_datetime_operator.py took 0.102 seconds
[2024-06-14T04:29:27.559+0000] {processor.py:161} INFO - Started process (PID=395) to work on /home/airflow/.local/lib/python3.12/site-packages/airflow/example_dags/example_branch_datetime_operator.py
[2024-06-14T04:29:27.561+0000] {processor.py:830} INFO - Processing file /home/airflow/.local/lib/python3.12/site-packages/airflow/example_dags/example_branch_datetime_operator.py for tasks to queue
[2024-06-14T04:29:27.563+0000] {logging_mixin.py:188} INFO - [2024-06-14T04:29:27.562+0000] {dagbag.py:545} INFO - Filling up the DagBag from /home/airflow/.local/lib/python3.12/site-packages/airflow/example_dags/example_branch_datetime_operator.py
[2024-06-14T04:29:27.574+0000] {processor.py:840} INFO - DAG(s) 'example_branch_datetime_operator', 'example_branch_datetime_operator_2', 'example_branch_datetime_operator_3' retrieved from /home/airflow/.local/lib/python3.12/site-packages/airflow/example_dags/example_branch_datetime_operator.py
[2024-06-14T04:29:27.604+0000] {logging_mixin.py:188} INFO - [2024-06-14T04:29:27.604+0000] {dag.py:3096} INFO - Sync 3 DAGs
[2024-06-14T04:29:27.630+0000] {logging_mixin.py:188} INFO - [2024-06-14T04:29:27.630+0000] {dag.py:3954} INFO - Setting next_dagrun for example_branch_datetime_operator to 2024-06-13 00:00:00+00:00, run_after=2024-06-14 00:00:00+00:00
[2024-06-14T04:29:27.637+0000] {logging_mixin.py:188} INFO - [2024-06-14T04:29:27.636+0000] {dag.py:3954} INFO - Setting next_dagrun for example_branch_datetime_operator_2 to 2024-06-13 00:00:00+00:00, run_after=2024-06-14 00:00:00+00:00
[2024-06-14T04:29:27.640+0000] {logging_mixin.py:188} INFO - [2024-06-14T04:29:27.639+0000] {dag.py:3954} INFO - Setting next_dagrun for example_branch_datetime_operator_3 to 2024-06-13 00:00:00+00:00, run_after=2024-06-14 00:00:00+00:00
[2024-06-14T04:29:27.660+0000] {processor.py:183} INFO - Processing /home/airflow/.local/lib/python3.12/site-packages/airflow/example_dags/example_branch_datetime_operator.py took 0.106 seconds
[2024-06-14T04:29:58.746+0000] {processor.py:161} INFO - Started process (PID=455) to work on /home/airflow/.local/lib/python3.12/site-packages/airflow/example_dags/example_branch_datetime_operator.py
[2024-06-14T04:29:58.747+0000] {processor.py:830} INFO - Processing file /home/airflow/.local/lib/python3.12/site-packages/airflow/example_dags/example_branch_datetime_operator.py for tasks to queue
[2024-06-14T04:29:58.749+0000] {logging_mixin.py:188} INFO - [2024-06-14T04:29:58.749+0000] {dagbag.py:545} INFO - Filling up the DagBag from /home/airflow/.local/lib/python3.12/site-packages/airflow/example_dags/example_branch_datetime_operator.py
[2024-06-14T04:29:58.760+0000] {processor.py:840} INFO - DAG(s) 'example_branch_datetime_operator', 'example_branch_datetime_operator_2', 'example_branch_datetime_operator_3' retrieved from /home/airflow/.local/lib/python3.12/site-packages/airflow/example_dags/example_branch_datetime_operator.py
[2024-06-14T04:29:58.787+0000] {logging_mixin.py:188} INFO - [2024-06-14T04:29:58.787+0000] {dag.py:3096} INFO - Sync 3 DAGs
[2024-06-14T04:29:58.809+0000] {logging_mixin.py:188} INFO - [2024-06-14T04:29:58.809+0000] {dag.py:3954} INFO - Setting next_dagrun for example_branch_datetime_operator to 2024-06-13 00:00:00+00:00, run_after=2024-06-14 00:00:00+00:00
[2024-06-14T04:29:58.814+0000] {logging_mixin.py:188} INFO - [2024-06-14T04:29:58.814+0000] {dag.py:3954} INFO - Setting next_dagrun for example_branch_datetime_operator_2 to 2024-06-13 00:00:00+00:00, run_after=2024-06-14 00:00:00+00:00
[2024-06-14T04:29:58.816+0000] {logging_mixin.py:188} INFO - [2024-06-14T04:29:58.816+0000] {dag.py:3954} INFO - Setting next_dagrun for example_branch_datetime_operator_3 to 2024-06-13 00:00:00+00:00, run_after=2024-06-14 00:00:00+00:00
[2024-06-14T04:29:58.839+0000] {processor.py:183} INFO - Processing /home/airflow/.local/lib/python3.12/site-packages/airflow/example_dags/example_branch_datetime_operator.py took 0.099 seconds
[2024-06-14T04:30:45.822+0000] {processor.py:161} INFO - Started process (PID=525) to work on /home/airflow/.local/lib/python3.12/site-packages/airflow/example_dags/example_branch_datetime_operator.py
[2024-06-14T04:30:45.823+0000] {processor.py:830} INFO - Processing file /home/airflow/.local/lib/python3.12/site-packages/airflow/example_dags/example_branch_datetime_operator.py for tasks to queue
[2024-06-14T04:30:45.826+0000] {logging_mixin.py:188} INFO - [2024-06-14T04:30:45.826+0000] {dagbag.py:545} INFO - Filling up the DagBag from /home/airflow/.local/lib/python3.12/site-packages/airflow/example_dags/example_branch_datetime_operator.py
[2024-06-14T04:30:45.843+0000] {processor.py:840} INFO - DAG(s) 'example_branch_datetime_operator', 'example_branch_datetime_operator_3', 'example_branch_datetime_operator_2' retrieved from /home/airflow/.local/lib/python3.12/site-packages/airflow/example_dags/example_branch_datetime_operator.py
[2024-06-14T04:30:45.883+0000] {logging_mixin.py:188} INFO - [2024-06-14T04:30:45.882+0000] {dag.py:3096} INFO - Sync 3 DAGs
[2024-06-14T04:30:45.918+0000] {logging_mixin.py:188} INFO - [2024-06-14T04:30:45.918+0000] {dag.py:3954} INFO - Setting next_dagrun for example_branch_datetime_operator to 2024-06-13 00:00:00+00:00, run_after=2024-06-14 00:00:00+00:00
[2024-06-14T04:30:45.928+0000] {logging_mixin.py:188} INFO - [2024-06-14T04:30:45.928+0000] {dag.py:3954} INFO - Setting next_dagrun for example_branch_datetime_operator_2 to 2024-06-13 00:00:00+00:00, run_after=2024-06-14 00:00:00+00:00
[2024-06-14T04:30:45.932+0000] {logging_mixin.py:188} INFO - [2024-06-14T04:30:45.932+0000] {dag.py:3954} INFO - Setting next_dagrun for example_branch_datetime_operator_3 to 2024-06-13 00:00:00+00:00, run_after=2024-06-14 00:00:00+00:00
[2024-06-14T04:30:45.960+0000] {processor.py:183} INFO - Processing /home/airflow/.local/lib/python3.12/site-packages/airflow/example_dags/example_branch_datetime_operator.py took 0.146 seconds
[2024-06-14T04:31:16.340+0000] {processor.py:161} INFO - Started process (PID=603) to work on /home/airflow/.local/lib/python3.12/site-packages/airflow/example_dags/example_branch_datetime_operator.py
[2024-06-14T04:31:16.341+0000] {processor.py:830} INFO - Processing file /home/airflow/.local/lib/python3.12/site-packages/airflow/example_dags/example_branch_datetime_operator.py for tasks to queue
[2024-06-14T04:31:16.344+0000] {logging_mixin.py:188} INFO - [2024-06-14T04:31:16.343+0000] {dagbag.py:545} INFO - Filling up the DagBag from /home/airflow/.local/lib/python3.12/site-packages/airflow/example_dags/example_branch_datetime_operator.py
[2024-06-14T04:31:16.355+0000] {processor.py:840} INFO - DAG(s) 'example_branch_datetime_operator_2', 'example_branch_datetime_operator', 'example_branch_datetime_operator_3' retrieved from /home/airflow/.local/lib/python3.12/site-packages/airflow/example_dags/example_branch_datetime_operator.py
[2024-06-14T04:31:16.385+0000] {logging_mixin.py:188} INFO - [2024-06-14T04:31:16.384+0000] {dag.py:3096} INFO - Sync 3 DAGs
[2024-06-14T04:31:16.411+0000] {logging_mixin.py:188} INFO - [2024-06-14T04:31:16.411+0000] {dag.py:3954} INFO - Setting next_dagrun for example_branch_datetime_operator to 2024-06-13 00:00:00+00:00, run_after=2024-06-14 00:00:00+00:00
[2024-06-14T04:31:16.417+0000] {logging_mixin.py:188} INFO - [2024-06-14T04:31:16.417+0000] {dag.py:3954} INFO - Setting next_dagrun for example_branch_datetime_operator_2 to 2024-06-13 00:00:00+00:00, run_after=2024-06-14 00:00:00+00:00
[2024-06-14T04:31:16.420+0000] {logging_mixin.py:188} INFO - [2024-06-14T04:31:16.420+0000] {dag.py:3954} INFO - Setting next_dagrun for example_branch_datetime_operator_3 to 2024-06-13 00:00:00+00:00, run_after=2024-06-14 00:00:00+00:00
[2024-06-14T04:31:16.442+0000] {processor.py:183} INFO - Processing /home/airflow/.local/lib/python3.12/site-packages/airflow/example_dags/example_branch_datetime_operator.py took 0.109 seconds
[2024-06-14T04:31:46.530+0000] {processor.py:161} INFO - Started process (PID=664) to work on /home/airflow/.local/lib/python3.12/site-packages/airflow/example_dags/example_branch_datetime_operator.py
[2024-06-14T04:31:46.532+0000] {processor.py:830} INFO - Processing file /home/airflow/.local/lib/python3.12/site-packages/airflow/example_dags/example_branch_datetime_operator.py for tasks to queue
[2024-06-14T04:31:46.534+0000] {logging_mixin.py:188} INFO - [2024-06-14T04:31:46.534+0000] {dagbag.py:545} INFO - Filling up the DagBag from /home/airflow/.local/lib/python3.12/site-packages/airflow/example_dags/example_branch_datetime_operator.py
[2024-06-14T04:31:46.544+0000] {processor.py:840} INFO - DAG(s) 'example_branch_datetime_operator', 'example_branch_datetime_operator_2', 'example_branch_datetime_operator_3' retrieved from /home/airflow/.local/lib/python3.12/site-packages/airflow/example_dags/example_branch_datetime_operator.py
[2024-06-14T04:31:46.569+0000] {logging_mixin.py:188} INFO - [2024-06-14T04:31:46.569+0000] {dag.py:3096} INFO - Sync 3 DAGs
[2024-06-14T04:31:46.592+0000] {logging_mixin.py:188} INFO - [2024-06-14T04:31:46.592+0000] {dag.py:3954} INFO - Setting next_dagrun for example_branch_datetime_operator to 2024-06-13 00:00:00+00:00, run_after=2024-06-14 00:00:00+00:00
[2024-06-14T04:31:46.597+0000] {logging_mixin.py:188} INFO - [2024-06-14T04:31:46.597+0000] {dag.py:3954} INFO - Setting next_dagrun for example_branch_datetime_operator_2 to 2024-06-13 00:00:00+00:00, run_after=2024-06-14 00:00:00+00:00
[2024-06-14T04:31:46.600+0000] {logging_mixin.py:188} INFO - [2024-06-14T04:31:46.600+0000] {dag.py:3954} INFO - Setting next_dagrun for example_branch_datetime_operator_3 to 2024-06-13 00:00:00+00:00, run_after=2024-06-14 00:00:00+00:00
[2024-06-14T04:31:46.619+0000] {processor.py:183} INFO - Processing /home/airflow/.local/lib/python3.12/site-packages/airflow/example_dags/example_branch_datetime_operator.py took 0.094 seconds
[2024-06-14T04:32:17.038+0000] {processor.py:161} INFO - Started process (PID=724) to work on /home/airflow/.local/lib/python3.12/site-packages/airflow/example_dags/example_branch_datetime_operator.py
[2024-06-14T04:32:17.039+0000] {processor.py:830} INFO - Processing file /home/airflow/.local/lib/python3.12/site-packages/airflow/example_dags/example_branch_datetime_operator.py for tasks to queue
[2024-06-14T04:32:17.041+0000] {logging_mixin.py:188} INFO - [2024-06-14T04:32:17.041+0000] {dagbag.py:545} INFO - Filling up the DagBag from /home/airflow/.local/lib/python3.12/site-packages/airflow/example_dags/example_branch_datetime_operator.py
[2024-06-14T04:32:17.051+0000] {processor.py:840} INFO - DAG(s) 'example_branch_datetime_operator_2', 'example_branch_datetime_operator_3', 'example_branch_datetime_operator' retrieved from /home/airflow/.local/lib/python3.12/site-packages/airflow/example_dags/example_branch_datetime_operator.py
[2024-06-14T04:32:17.077+0000] {logging_mixin.py:188} INFO - [2024-06-14T04:32:17.076+0000] {dag.py:3096} INFO - Sync 3 DAGs
[2024-06-14T04:32:17.098+0000] {logging_mixin.py:188} INFO - [2024-06-14T04:32:17.098+0000] {dag.py:3954} INFO - Setting next_dagrun for example_branch_datetime_operator to 2024-06-13 00:00:00+00:00, run_after=2024-06-14 00:00:00+00:00
[2024-06-14T04:32:17.103+0000] {logging_mixin.py:188} INFO - [2024-06-14T04:32:17.103+0000] {dag.py:3954} INFO - Setting next_dagrun for example_branch_datetime_operator_2 to 2024-06-13 00:00:00+00:00, run_after=2024-06-14 00:00:00+00:00
[2024-06-14T04:32:17.106+0000] {logging_mixin.py:188} INFO - [2024-06-14T04:32:17.106+0000] {dag.py:3954} INFO - Setting next_dagrun for example_branch_datetime_operator_3 to 2024-06-13 00:00:00+00:00, run_after=2024-06-14 00:00:00+00:00
[2024-06-14T04:32:17.127+0000] {processor.py:183} INFO - Processing /home/airflow/.local/lib/python3.12/site-packages/airflow/example_dags/example_branch_datetime_operator.py took 0.094 seconds
