[2024-06-14T03:05:01.982+0000] {processor.py:161} INFO - Started process (PID=45) to work on /home/airflow/.local/lib/python3.12/site-packages/airflow/example_dags/example_display_name.py
[2024-06-14T03:05:01.984+0000] {processor.py:830} INFO - Processing file /home/airflow/.local/lib/python3.12/site-packages/airflow/example_dags/example_display_name.py for tasks to queue
[2024-06-14T03:05:01.987+0000] {logging_mixin.py:188} INFO - [2024-06-14T03:05:01.987+0000] {dagbag.py:545} INFO - Filling up the DagBag from /home/airflow/.local/lib/python3.12/site-packages/airflow/example_dags/example_display_name.py
[2024-06-14T03:05:02.002+0000] {processor.py:840} INFO - DAG(s) 'example_display_name' retrieved from /home/airflow/.local/lib/python3.12/site-packages/airflow/example_dags/example_display_name.py
[2024-06-14T03:05:02.075+0000] {logging_mixin.py:188} INFO - [2024-06-14T03:05:02.074+0000] {dag.py:3096} INFO - Sync 1 DAGs
[2024-06-14T03:05:02.098+0000] {logging_mixin.py:188} INFO - [2024-06-14T03:05:02.097+0000] {dag.py:3954} INFO - Setting next_dagrun for example_display_name to None, run_after=None
[2024-06-14T03:05:02.151+0000] {processor.py:183} INFO - Processing /home/airflow/.local/lib/python3.12/site-packages/airflow/example_dags/example_display_name.py took 0.176 seconds
[2024-06-14T03:05:32.976+0000] {processor.py:161} INFO - Started process (PID=39) to work on /home/airflow/.local/lib/python3.12/site-packages/airflow/example_dags/example_display_name.py
[2024-06-14T03:05:32.977+0000] {processor.py:830} INFO - Processing file /home/airflow/.local/lib/python3.12/site-packages/airflow/example_dags/example_display_name.py for tasks to queue
[2024-06-14T03:05:32.979+0000] {logging_mixin.py:188} INFO - [2024-06-14T03:05:32.979+0000] {dagbag.py:545} INFO - Filling up the DagBag from /home/airflow/.local/lib/python3.12/site-packages/airflow/example_dags/example_display_name.py
[2024-06-14T03:05:32.988+0000] {processor.py:840} INFO - DAG(s) 'example_display_name' retrieved from /home/airflow/.local/lib/python3.12/site-packages/airflow/example_dags/example_display_name.py
[2024-06-14T03:05:33.021+0000] {logging_mixin.py:188} INFO - [2024-06-14T03:05:33.021+0000] {dag.py:3096} INFO - Sync 1 DAGs
[2024-06-14T03:05:33.037+0000] {logging_mixin.py:188} INFO - [2024-06-14T03:05:33.036+0000] {dag.py:3954} INFO - Setting next_dagrun for example_display_name to None, run_after=None
[2024-06-14T03:05:33.062+0000] {processor.py:183} INFO - Processing /home/airflow/.local/lib/python3.12/site-packages/airflow/example_dags/example_display_name.py took 0.092 seconds
[2024-06-14T03:06:03.607+0000] {processor.py:161} INFO - Started process (PID=99) to work on /home/airflow/.local/lib/python3.12/site-packages/airflow/example_dags/example_display_name.py
[2024-06-14T03:06:03.608+0000] {processor.py:830} INFO - Processing file /home/airflow/.local/lib/python3.12/site-packages/airflow/example_dags/example_display_name.py for tasks to queue
[2024-06-14T03:06:03.612+0000] {logging_mixin.py:188} INFO - [2024-06-14T03:06:03.611+0000] {dagbag.py:545} INFO - Filling up the DagBag from /home/airflow/.local/lib/python3.12/site-packages/airflow/example_dags/example_display_name.py
[2024-06-14T03:06:03.623+0000] {processor.py:840} INFO - DAG(s) 'example_display_name' retrieved from /home/airflow/.local/lib/python3.12/site-packages/airflow/example_dags/example_display_name.py
[2024-06-14T03:06:03.644+0000] {logging_mixin.py:188} INFO - [2024-06-14T03:06:03.644+0000] {dag.py:3096} INFO - Sync 1 DAGs
[2024-06-14T03:06:03.661+0000] {logging_mixin.py:188} INFO - [2024-06-14T03:06:03.661+0000] {dag.py:3954} INFO - Setting next_dagrun for example_display_name to None, run_after=None
[2024-06-14T03:06:03.689+0000] {processor.py:183} INFO - Processing /home/airflow/.local/lib/python3.12/site-packages/airflow/example_dags/example_display_name.py took 0.089 seconds
[2024-06-14T03:06:33.787+0000] {processor.py:161} INFO - Started process (PID=158) to work on /home/airflow/.local/lib/python3.12/site-packages/airflow/example_dags/example_display_name.py
[2024-06-14T03:06:33.789+0000] {processor.py:830} INFO - Processing file /home/airflow/.local/lib/python3.12/site-packages/airflow/example_dags/example_display_name.py for tasks to queue
[2024-06-14T03:06:33.792+0000] {logging_mixin.py:188} INFO - [2024-06-14T03:06:33.791+0000] {dagbag.py:545} INFO - Filling up the DagBag from /home/airflow/.local/lib/python3.12/site-packages/airflow/example_dags/example_display_name.py
[2024-06-14T03:06:33.798+0000] {processor.py:840} INFO - DAG(s) 'example_display_name' retrieved from /home/airflow/.local/lib/python3.12/site-packages/airflow/example_dags/example_display_name.py
[2024-06-14T03:06:33.820+0000] {logging_mixin.py:188} INFO - [2024-06-14T03:06:33.820+0000] {dag.py:3096} INFO - Sync 1 DAGs
[2024-06-14T03:06:33.833+0000] {logging_mixin.py:188} INFO - [2024-06-14T03:06:33.833+0000] {dag.py:3954} INFO - Setting next_dagrun for example_display_name to None, run_after=None
[2024-06-14T03:06:33.854+0000] {processor.py:183} INFO - Processing /home/airflow/.local/lib/python3.12/site-packages/airflow/example_dags/example_display_name.py took 0.074 seconds
[2024-06-14T04:26:14.728+0000] {processor.py:161} INFO - Started process (PID=39) to work on /home/airflow/.local/lib/python3.12/site-packages/airflow/example_dags/example_display_name.py
[2024-06-14T04:26:14.736+0000] {processor.py:830} INFO - Processing file /home/airflow/.local/lib/python3.12/site-packages/airflow/example_dags/example_display_name.py for tasks to queue
[2024-06-14T04:26:14.747+0000] {logging_mixin.py:188} INFO - [2024-06-14T04:26:14.747+0000] {dagbag.py:545} INFO - Filling up the DagBag from /home/airflow/.local/lib/python3.12/site-packages/airflow/example_dags/example_display_name.py
[2024-06-14T04:26:14.760+0000] {processor.py:840} INFO - DAG(s) 'example_display_name' retrieved from /home/airflow/.local/lib/python3.12/site-packages/airflow/example_dags/example_display_name.py
[2024-06-14T04:26:14.923+0000] {logging_mixin.py:188} INFO - [2024-06-14T04:26:14.923+0000] {dag.py:3096} INFO - Sync 1 DAGs
[2024-06-14T04:26:14.947+0000] {logging_mixin.py:188} INFO - [2024-06-14T04:26:14.947+0000] {dag.py:3954} INFO - Setting next_dagrun for example_display_name to None, run_after=None
[2024-06-14T04:26:15.140+0000] {processor.py:183} INFO - Processing /home/airflow/.local/lib/python3.12/site-packages/airflow/example_dags/example_display_name.py took 0.430 seconds
[2024-06-14T04:26:45.422+0000] {processor.py:161} INFO - Started process (PID=99) to work on /home/airflow/.local/lib/python3.12/site-packages/airflow/example_dags/example_display_name.py
[2024-06-14T04:26:45.424+0000] {processor.py:830} INFO - Processing file /home/airflow/.local/lib/python3.12/site-packages/airflow/example_dags/example_display_name.py for tasks to queue
[2024-06-14T04:26:45.426+0000] {logging_mixin.py:188} INFO - [2024-06-14T04:26:45.425+0000] {dagbag.py:545} INFO - Filling up the DagBag from /home/airflow/.local/lib/python3.12/site-packages/airflow/example_dags/example_display_name.py
[2024-06-14T04:26:45.435+0000] {processor.py:840} INFO - DAG(s) 'example_display_name' retrieved from /home/airflow/.local/lib/python3.12/site-packages/airflow/example_dags/example_display_name.py
[2024-06-14T04:26:45.449+0000] {logging_mixin.py:188} INFO - [2024-06-14T04:26:45.448+0000] {dag.py:3096} INFO - Sync 1 DAGs
[2024-06-14T04:26:45.466+0000] {logging_mixin.py:188} INFO - [2024-06-14T04:26:45.466+0000] {dag.py:3954} INFO - Setting next_dagrun for example_display_name to None, run_after=None
[2024-06-14T04:26:45.491+0000] {processor.py:183} INFO - Processing /home/airflow/.local/lib/python3.12/site-packages/airflow/example_dags/example_display_name.py took 0.075 seconds
[2024-06-14T04:27:16.402+0000] {processor.py:161} INFO - Started process (PID=158) to work on /home/airflow/.local/lib/python3.12/site-packages/airflow/example_dags/example_display_name.py
[2024-06-14T04:27:16.403+0000] {processor.py:830} INFO - Processing file /home/airflow/.local/lib/python3.12/site-packages/airflow/example_dags/example_display_name.py for tasks to queue
[2024-06-14T04:27:16.406+0000] {logging_mixin.py:188} INFO - [2024-06-14T04:27:16.406+0000] {dagbag.py:545} INFO - Filling up the DagBag from /home/airflow/.local/lib/python3.12/site-packages/airflow/example_dags/example_display_name.py
[2024-06-14T04:27:16.414+0000] {processor.py:840} INFO - DAG(s) 'example_display_name' retrieved from /home/airflow/.local/lib/python3.12/site-packages/airflow/example_dags/example_display_name.py
[2024-06-14T04:27:16.428+0000] {logging_mixin.py:188} INFO - [2024-06-14T04:27:16.428+0000] {dag.py:3096} INFO - Sync 1 DAGs
[2024-06-14T04:27:16.446+0000] {logging_mixin.py:188} INFO - [2024-06-14T04:27:16.446+0000] {dag.py:3954} INFO - Setting next_dagrun for example_display_name to None, run_after=None
[2024-06-14T04:27:16.474+0000] {processor.py:183} INFO - Processing /home/airflow/.local/lib/python3.12/site-packages/airflow/example_dags/example_display_name.py took 0.080 seconds
[2024-06-14T04:27:46.691+0000] {processor.py:161} INFO - Started process (PID=217) to work on /home/airflow/.local/lib/python3.12/site-packages/airflow/example_dags/example_display_name.py
[2024-06-14T04:27:46.693+0000] {processor.py:830} INFO - Processing file /home/airflow/.local/lib/python3.12/site-packages/airflow/example_dags/example_display_name.py for tasks to queue
[2024-06-14T04:27:46.695+0000] {logging_mixin.py:188} INFO - [2024-06-14T04:27:46.694+0000] {dagbag.py:545} INFO - Filling up the DagBag from /home/airflow/.local/lib/python3.12/site-packages/airflow/example_dags/example_display_name.py
[2024-06-14T04:27:46.700+0000] {processor.py:840} INFO - DAG(s) 'example_display_name' retrieved from /home/airflow/.local/lib/python3.12/site-packages/airflow/example_dags/example_display_name.py
[2024-06-14T04:27:46.801+0000] {logging_mixin.py:188} INFO - [2024-06-14T04:27:46.800+0000] {dag.py:3096} INFO - Sync 1 DAGs
[2024-06-14T04:27:46.814+0000] {logging_mixin.py:188} INFO - [2024-06-14T04:27:46.813+0000] {dag.py:3954} INFO - Setting next_dagrun for example_display_name to None, run_after=None
[2024-06-14T04:27:46.838+0000] {processor.py:183} INFO - Processing /home/airflow/.local/lib/python3.12/site-packages/airflow/example_dags/example_display_name.py took 0.151 seconds
[2024-06-14T04:28:17.596+0000] {processor.py:161} INFO - Started process (PID=277) to work on /home/airflow/.local/lib/python3.12/site-packages/airflow/example_dags/example_display_name.py
[2024-06-14T04:28:17.598+0000] {processor.py:830} INFO - Processing file /home/airflow/.local/lib/python3.12/site-packages/airflow/example_dags/example_display_name.py for tasks to queue
[2024-06-14T04:28:17.600+0000] {logging_mixin.py:188} INFO - [2024-06-14T04:28:17.600+0000] {dagbag.py:545} INFO - Filling up the DagBag from /home/airflow/.local/lib/python3.12/site-packages/airflow/example_dags/example_display_name.py
[2024-06-14T04:28:17.608+0000] {processor.py:840} INFO - DAG(s) 'example_display_name' retrieved from /home/airflow/.local/lib/python3.12/site-packages/airflow/example_dags/example_display_name.py
[2024-06-14T04:28:17.635+0000] {logging_mixin.py:188} INFO - [2024-06-14T04:28:17.635+0000] {dag.py:3096} INFO - Sync 1 DAGs
[2024-06-14T04:28:17.651+0000] {logging_mixin.py:188} INFO - [2024-06-14T04:28:17.651+0000] {dag.py:3954} INFO - Setting next_dagrun for example_display_name to None, run_after=None
[2024-06-14T04:28:17.682+0000] {processor.py:183} INFO - Processing /home/airflow/.local/lib/python3.12/site-packages/airflow/example_dags/example_display_name.py took 0.093 seconds
[2024-06-14T04:29:23.981+0000] {processor.py:161} INFO - Started process (PID=358) to work on /home/airflow/.local/lib/python3.12/site-packages/airflow/example_dags/example_display_name.py
[2024-06-14T04:29:23.983+0000] {processor.py:830} INFO - Processing file /home/airflow/.local/lib/python3.12/site-packages/airflow/example_dags/example_display_name.py for tasks to queue
[2024-06-14T04:29:23.986+0000] {logging_mixin.py:188} INFO - [2024-06-14T04:29:23.985+0000] {dagbag.py:545} INFO - Filling up the DagBag from /home/airflow/.local/lib/python3.12/site-packages/airflow/example_dags/example_display_name.py
[2024-06-14T04:29:23.994+0000] {processor.py:840} INFO - DAG(s) 'example_display_name' retrieved from /home/airflow/.local/lib/python3.12/site-packages/airflow/example_dags/example_display_name.py
[2024-06-14T04:29:24.024+0000] {logging_mixin.py:188} INFO - [2024-06-14T04:29:24.024+0000] {dag.py:3096} INFO - Sync 1 DAGs
[2024-06-14T04:29:24.040+0000] {logging_mixin.py:188} INFO - [2024-06-14T04:29:24.040+0000] {dag.py:3954} INFO - Setting next_dagrun for example_display_name to None, run_after=None
[2024-06-14T04:29:24.293+0000] {processor.py:183} INFO - Processing /home/airflow/.local/lib/python3.12/site-packages/airflow/example_dags/example_display_name.py took 0.319 seconds
[2024-06-14T04:29:54.462+0000] {processor.py:161} INFO - Started process (PID=416) to work on /home/airflow/.local/lib/python3.12/site-packages/airflow/example_dags/example_display_name.py
[2024-06-14T04:29:54.463+0000] {processor.py:830} INFO - Processing file /home/airflow/.local/lib/python3.12/site-packages/airflow/example_dags/example_display_name.py for tasks to queue
[2024-06-14T04:29:54.466+0000] {logging_mixin.py:188} INFO - [2024-06-14T04:29:54.465+0000] {dagbag.py:545} INFO - Filling up the DagBag from /home/airflow/.local/lib/python3.12/site-packages/airflow/example_dags/example_display_name.py
[2024-06-14T04:29:54.471+0000] {processor.py:840} INFO - DAG(s) 'example_display_name' retrieved from /home/airflow/.local/lib/python3.12/site-packages/airflow/example_dags/example_display_name.py
[2024-06-14T04:29:54.491+0000] {logging_mixin.py:188} INFO - [2024-06-14T04:29:54.491+0000] {dag.py:3096} INFO - Sync 1 DAGs
[2024-06-14T04:29:54.504+0000] {logging_mixin.py:188} INFO - [2024-06-14T04:29:54.504+0000] {dag.py:3954} INFO - Setting next_dagrun for example_display_name to None, run_after=None
[2024-06-14T04:29:54.527+0000] {processor.py:183} INFO - Processing /home/airflow/.local/lib/python3.12/site-packages/airflow/example_dags/example_display_name.py took 0.072 seconds
[2024-06-14T04:30:25.382+0000] {processor.py:161} INFO - Started process (PID=482) to work on /home/airflow/.local/lib/python3.12/site-packages/airflow/example_dags/example_display_name.py
[2024-06-14T04:30:25.384+0000] {processor.py:830} INFO - Processing file /home/airflow/.local/lib/python3.12/site-packages/airflow/example_dags/example_display_name.py for tasks to queue
[2024-06-14T04:30:25.386+0000] {logging_mixin.py:188} INFO - [2024-06-14T04:30:25.385+0000] {dagbag.py:545} INFO - Filling up the DagBag from /home/airflow/.local/lib/python3.12/site-packages/airflow/example_dags/example_display_name.py
[2024-06-14T04:30:25.392+0000] {processor.py:840} INFO - DAG(s) 'example_display_name' retrieved from /home/airflow/.local/lib/python3.12/site-packages/airflow/example_dags/example_display_name.py
[2024-06-14T04:30:25.413+0000] {logging_mixin.py:188} INFO - [2024-06-14T04:30:25.412+0000] {dag.py:3096} INFO - Sync 1 DAGs
[2024-06-14T04:30:25.426+0000] {logging_mixin.py:188} INFO - [2024-06-14T04:30:25.426+0000] {dag.py:3954} INFO - Setting next_dagrun for example_display_name to None, run_after=None
[2024-06-14T04:30:25.742+0000] {processor.py:183} INFO - Processing /home/airflow/.local/lib/python3.12/site-packages/airflow/example_dags/example_display_name.py took 0.367 seconds
[2024-06-14T04:30:56.590+0000] {processor.py:161} INFO - Started process (PID=564) to work on /home/airflow/.local/lib/python3.12/site-packages/airflow/example_dags/example_display_name.py
[2024-06-14T04:30:56.591+0000] {processor.py:830} INFO - Processing file /home/airflow/.local/lib/python3.12/site-packages/airflow/example_dags/example_display_name.py for tasks to queue
[2024-06-14T04:30:56.593+0000] {logging_mixin.py:188} INFO - [2024-06-14T04:30:56.592+0000] {dagbag.py:545} INFO - Filling up the DagBag from /home/airflow/.local/lib/python3.12/site-packages/airflow/example_dags/example_display_name.py
[2024-06-14T04:30:56.599+0000] {processor.py:840} INFO - DAG(s) 'example_display_name' retrieved from /home/airflow/.local/lib/python3.12/site-packages/airflow/example_dags/example_display_name.py
[2024-06-14T04:30:56.621+0000] {logging_mixin.py:188} INFO - [2024-06-14T04:30:56.621+0000] {dag.py:3096} INFO - Sync 1 DAGs
[2024-06-14T04:30:56.634+0000] {logging_mixin.py:188} INFO - [2024-06-14T04:30:56.633+0000] {dag.py:3954} INFO - Setting next_dagrun for example_display_name to None, run_after=None
[2024-06-14T04:30:56.656+0000] {processor.py:183} INFO - Processing /home/airflow/.local/lib/python3.12/site-packages/airflow/example_dags/example_display_name.py took 0.072 seconds
[2024-06-14T04:31:27.122+0000] {processor.py:161} INFO - Started process (PID=624) to work on /home/airflow/.local/lib/python3.12/site-packages/airflow/example_dags/example_display_name.py
[2024-06-14T04:31:27.123+0000] {processor.py:830} INFO - Processing file /home/airflow/.local/lib/python3.12/site-packages/airflow/example_dags/example_display_name.py for tasks to queue
[2024-06-14T04:31:27.125+0000] {logging_mixin.py:188} INFO - [2024-06-14T04:31:27.125+0000] {dagbag.py:545} INFO - Filling up the DagBag from /home/airflow/.local/lib/python3.12/site-packages/airflow/example_dags/example_display_name.py
[2024-06-14T04:31:27.131+0000] {processor.py:840} INFO - DAG(s) 'example_display_name' retrieved from /home/airflow/.local/lib/python3.12/site-packages/airflow/example_dags/example_display_name.py
[2024-06-14T04:31:27.152+0000] {logging_mixin.py:188} INFO - [2024-06-14T04:31:27.152+0000] {dag.py:3096} INFO - Sync 1 DAGs
[2024-06-14T04:31:27.166+0000] {logging_mixin.py:188} INFO - [2024-06-14T04:31:27.165+0000] {dag.py:3954} INFO - Setting next_dagrun for example_display_name to None, run_after=None
[2024-06-14T04:31:27.188+0000] {processor.py:183} INFO - Processing /home/airflow/.local/lib/python3.12/site-packages/airflow/example_dags/example_display_name.py took 0.072 seconds
[2024-06-14T04:31:57.247+0000] {processor.py:161} INFO - Started process (PID=684) to work on /home/airflow/.local/lib/python3.12/site-packages/airflow/example_dags/example_display_name.py
[2024-06-14T04:31:57.248+0000] {processor.py:830} INFO - Processing file /home/airflow/.local/lib/python3.12/site-packages/airflow/example_dags/example_display_name.py for tasks to queue
[2024-06-14T04:31:57.250+0000] {logging_mixin.py:188} INFO - [2024-06-14T04:31:57.250+0000] {dagbag.py:545} INFO - Filling up the DagBag from /home/airflow/.local/lib/python3.12/site-packages/airflow/example_dags/example_display_name.py
[2024-06-14T04:31:57.257+0000] {processor.py:840} INFO - DAG(s) 'example_display_name' retrieved from /home/airflow/.local/lib/python3.12/site-packages/airflow/example_dags/example_display_name.py
[2024-06-14T04:31:57.276+0000] {logging_mixin.py:188} INFO - [2024-06-14T04:31:57.276+0000] {dag.py:3096} INFO - Sync 1 DAGs
[2024-06-14T04:31:57.287+0000] {logging_mixin.py:188} INFO - [2024-06-14T04:31:57.287+0000] {dag.py:3954} INFO - Setting next_dagrun for example_display_name to None, run_after=None
[2024-06-14T04:31:57.308+0000] {processor.py:183} INFO - Processing /home/airflow/.local/lib/python3.12/site-packages/airflow/example_dags/example_display_name.py took 0.066 seconds
[2024-06-14T04:32:27.817+0000] {processor.py:161} INFO - Started process (PID=744) to work on /home/airflow/.local/lib/python3.12/site-packages/airflow/example_dags/example_display_name.py
[2024-06-14T04:32:27.818+0000] {processor.py:830} INFO - Processing file /home/airflow/.local/lib/python3.12/site-packages/airflow/example_dags/example_display_name.py for tasks to queue
[2024-06-14T04:32:27.820+0000] {logging_mixin.py:188} INFO - [2024-06-14T04:32:27.820+0000] {dagbag.py:545} INFO - Filling up the DagBag from /home/airflow/.local/lib/python3.12/site-packages/airflow/example_dags/example_display_name.py
[2024-06-14T04:32:27.826+0000] {processor.py:840} INFO - DAG(s) 'example_display_name' retrieved from /home/airflow/.local/lib/python3.12/site-packages/airflow/example_dags/example_display_name.py
[2024-06-14T04:32:27.848+0000] {logging_mixin.py:188} INFO - [2024-06-14T04:32:27.847+0000] {dag.py:3096} INFO - Sync 1 DAGs
[2024-06-14T04:32:27.860+0000] {logging_mixin.py:188} INFO - [2024-06-14T04:32:27.860+0000] {dag.py:3954} INFO - Setting next_dagrun for example_display_name to None, run_after=None
[2024-06-14T04:32:27.879+0000] {processor.py:183} INFO - Processing /home/airflow/.local/lib/python3.12/site-packages/airflow/example_dags/example_display_name.py took 0.068 seconds
