[2024-06-14T03:05:35.954+0000] {processor.py:161} INFO - Started process (PID=67) to work on /home/airflow/.local/lib/python3.12/site-packages/airflow/example_dags/example_subdag_operator.py
[2024-06-14T03:05:35.955+0000] {processor.py:830} INFO - Processing file /home/airflow/.local/lib/python3.12/site-packages/airflow/example_dags/example_subdag_operator.py for tasks to queue
[2024-06-14T03:05:35.958+0000] {logging_mixin.py:188} INFO - [2024-06-14T03:05:35.957+0000] {dagbag.py:545} INFO - Filling up the DagBag from /home/airflow/.local/lib/python3.12/site-packages/airflow/example_dags/example_subdag_operator.py
[2024-06-14T03:05:35.986+0000] {processor.py:840} INFO - DAG(s) 'example_subdag_operator.section-1', 'example_subdag_operator.section-2', 'example_subdag_operator' retrieved from /home/airflow/.local/lib/python3.12/site-packages/airflow/example_dags/example_subdag_operator.py
[2024-06-14T03:05:36.005+0000] {logging_mixin.py:188} INFO - [2024-06-14T03:05:36.004+0000] {dag.py:3096} INFO - Sync 3 DAGs
[2024-06-14T03:05:36.026+0000] {logging_mixin.py:188} INFO - [2024-06-14T03:05:36.025+0000] {dag.py:3954} INFO - Setting next_dagrun for example_subdag_operator to 2022-01-01 00:00:00+00:00, run_after=2022-01-01 00:00:00+00:00
[2024-06-14T03:05:36.030+0000] {logging_mixin.py:188} INFO - [2024-06-14T03:05:36.029+0000] {dag.py:3954} INFO - Setting next_dagrun for example_subdag_operator.section-1 to None, run_after=None
[2024-06-14T03:05:36.032+0000] {logging_mixin.py:188} INFO - [2024-06-14T03:05:36.032+0000] {dag.py:3954} INFO - Setting next_dagrun for example_subdag_operator.section-2 to None, run_after=None
[2024-06-14T03:05:36.042+0000] {logging_mixin.py:188} INFO - [2024-06-14T03:05:36.041+0000] {dag.py:3096} INFO - Sync 2 DAGs
[2024-06-14T03:05:36.048+0000] {logging_mixin.py:188} INFO - [2024-06-14T03:05:36.047+0000] {dag.py:3954} INFO - Setting next_dagrun for example_subdag_operator.section-1 to None, run_after=None
[2024-06-14T03:05:36.048+0000] {logging_mixin.py:188} INFO - [2024-06-14T03:05:36.048+0000] {dag.py:3954} INFO - Setting next_dagrun for example_subdag_operator.section-2 to None, run_after=None
[2024-06-14T03:05:36.062+0000] {processor.py:183} INFO - Processing /home/airflow/.local/lib/python3.12/site-packages/airflow/example_dags/example_subdag_operator.py took 0.115 seconds
[2024-06-14T03:06:06.575+0000] {processor.py:161} INFO - Started process (PID=127) to work on /home/airflow/.local/lib/python3.12/site-packages/airflow/example_dags/example_subdag_operator.py
[2024-06-14T03:06:06.640+0000] {processor.py:830} INFO - Processing file /home/airflow/.local/lib/python3.12/site-packages/airflow/example_dags/example_subdag_operator.py for tasks to queue
[2024-06-14T03:06:06.645+0000] {logging_mixin.py:188} INFO - [2024-06-14T03:06:06.645+0000] {dagbag.py:545} INFO - Filling up the DagBag from /home/airflow/.local/lib/python3.12/site-packages/airflow/example_dags/example_subdag_operator.py
[2024-06-14T03:06:06.679+0000] {processor.py:840} INFO - DAG(s) 'example_subdag_operator.section-1', 'example_subdag_operator.section-2', 'example_subdag_operator' retrieved from /home/airflow/.local/lib/python3.12/site-packages/airflow/example_dags/example_subdag_operator.py
[2024-06-14T03:06:06.707+0000] {logging_mixin.py:188} INFO - [2024-06-14T03:06:06.706+0000] {dag.py:3096} INFO - Sync 3 DAGs
[2024-06-14T03:06:06.735+0000] {logging_mixin.py:188} INFO - [2024-06-14T03:06:06.735+0000] {dag.py:3954} INFO - Setting next_dagrun for example_subdag_operator to 2022-01-01 00:00:00+00:00, run_after=2022-01-01 00:00:00+00:00
[2024-06-14T03:06:06.741+0000] {logging_mixin.py:188} INFO - [2024-06-14T03:06:06.740+0000] {dag.py:3954} INFO - Setting next_dagrun for example_subdag_operator.section-1 to None, run_after=None
[2024-06-14T03:06:06.744+0000] {logging_mixin.py:188} INFO - [2024-06-14T03:06:06.744+0000] {dag.py:3954} INFO - Setting next_dagrun for example_subdag_operator.section-2 to None, run_after=None
[2024-06-14T03:06:06.754+0000] {logging_mixin.py:188} INFO - [2024-06-14T03:06:06.754+0000] {dag.py:3096} INFO - Sync 2 DAGs
[2024-06-14T03:06:06.761+0000] {logging_mixin.py:188} INFO - [2024-06-14T03:06:06.761+0000] {dag.py:3954} INFO - Setting next_dagrun for example_subdag_operator.section-1 to None, run_after=None
[2024-06-14T03:06:06.762+0000] {logging_mixin.py:188} INFO - [2024-06-14T03:06:06.762+0000] {dag.py:3954} INFO - Setting next_dagrun for example_subdag_operator.section-2 to None, run_after=None
[2024-06-14T03:06:06.777+0000] {processor.py:183} INFO - Processing /home/airflow/.local/lib/python3.12/site-packages/airflow/example_dags/example_subdag_operator.py took 0.208 seconds
[2024-06-14T03:06:37.343+0000] {processor.py:161} INFO - Started process (PID=187) to work on /home/airflow/.local/lib/python3.12/site-packages/airflow/example_dags/example_subdag_operator.py
[2024-06-14T03:06:37.344+0000] {processor.py:830} INFO - Processing file /home/airflow/.local/lib/python3.12/site-packages/airflow/example_dags/example_subdag_operator.py for tasks to queue
[2024-06-14T03:06:37.346+0000] {logging_mixin.py:188} INFO - [2024-06-14T03:06:37.346+0000] {dagbag.py:545} INFO - Filling up the DagBag from /home/airflow/.local/lib/python3.12/site-packages/airflow/example_dags/example_subdag_operator.py
[2024-06-14T03:06:37.370+0000] {processor.py:840} INFO - DAG(s) 'example_subdag_operator.section-1', 'example_subdag_operator.section-2', 'example_subdag_operator' retrieved from /home/airflow/.local/lib/python3.12/site-packages/airflow/example_dags/example_subdag_operator.py
[2024-06-14T03:06:37.385+0000] {logging_mixin.py:188} INFO - [2024-06-14T03:06:37.385+0000] {dag.py:3096} INFO - Sync 3 DAGs
[2024-06-14T03:06:37.408+0000] {logging_mixin.py:188} INFO - [2024-06-14T03:06:37.408+0000] {dag.py:3954} INFO - Setting next_dagrun for example_subdag_operator to 2022-01-01 00:00:00+00:00, run_after=2022-01-01 00:00:00+00:00
[2024-06-14T03:06:37.412+0000] {logging_mixin.py:188} INFO - [2024-06-14T03:06:37.412+0000] {dag.py:3954} INFO - Setting next_dagrun for example_subdag_operator.section-1 to None, run_after=None
[2024-06-14T03:06:37.414+0000] {logging_mixin.py:188} INFO - [2024-06-14T03:06:37.414+0000] {dag.py:3954} INFO - Setting next_dagrun for example_subdag_operator.section-2 to None, run_after=None
[2024-06-14T03:06:37.422+0000] {logging_mixin.py:188} INFO - [2024-06-14T03:06:37.421+0000] {dag.py:3096} INFO - Sync 2 DAGs
[2024-06-14T03:06:37.427+0000] {logging_mixin.py:188} INFO - [2024-06-14T03:06:37.426+0000] {dag.py:3954} INFO - Setting next_dagrun for example_subdag_operator.section-1 to None, run_after=None
[2024-06-14T03:06:37.427+0000] {logging_mixin.py:188} INFO - [2024-06-14T03:06:37.427+0000] {dag.py:3954} INFO - Setting next_dagrun for example_subdag_operator.section-2 to None, run_after=None
[2024-06-14T03:06:37.439+0000] {processor.py:183} INFO - Processing /home/airflow/.local/lib/python3.12/site-packages/airflow/example_dags/example_subdag_operator.py took 0.102 seconds
[2024-06-14T04:26:23.416+0000] {processor.py:161} INFO - Started process (PID=73) to work on /home/airflow/.local/lib/python3.12/site-packages/airflow/example_dags/example_subdag_operator.py
[2024-06-14T04:26:23.418+0000] {processor.py:830} INFO - Processing file /home/airflow/.local/lib/python3.12/site-packages/airflow/example_dags/example_subdag_operator.py for tasks to queue
[2024-06-14T04:26:23.421+0000] {logging_mixin.py:188} INFO - [2024-06-14T04:26:23.420+0000] {dagbag.py:545} INFO - Filling up the DagBag from /home/airflow/.local/lib/python3.12/site-packages/airflow/example_dags/example_subdag_operator.py
[2024-06-14T04:26:23.457+0000] {processor.py:840} INFO - DAG(s) 'example_subdag_operator.section-1', 'example_subdag_operator.section-2', 'example_subdag_operator' retrieved from /home/airflow/.local/lib/python3.12/site-packages/airflow/example_dags/example_subdag_operator.py
[2024-06-14T04:26:23.649+0000] {logging_mixin.py:188} INFO - [2024-06-14T04:26:23.649+0000] {dag.py:3096} INFO - Sync 3 DAGs
[2024-06-14T04:26:23.697+0000] {logging_mixin.py:188} INFO - [2024-06-14T04:26:23.696+0000] {dag.py:3954} INFO - Setting next_dagrun for example_subdag_operator to 2022-01-01 00:00:00+00:00, run_after=2022-01-01 00:00:00+00:00
[2024-06-14T04:26:23.703+0000] {logging_mixin.py:188} INFO - [2024-06-14T04:26:23.702+0000] {dag.py:3954} INFO - Setting next_dagrun for example_subdag_operator.section-1 to None, run_after=None
[2024-06-14T04:26:23.707+0000] {logging_mixin.py:188} INFO - [2024-06-14T04:26:23.706+0000] {dag.py:3954} INFO - Setting next_dagrun for example_subdag_operator.section-2 to None, run_after=None
[2024-06-14T04:26:23.724+0000] {logging_mixin.py:188} INFO - [2024-06-14T04:26:23.724+0000] {dag.py:3096} INFO - Sync 2 DAGs
[2024-06-14T04:26:23.733+0000] {logging_mixin.py:188} INFO - [2024-06-14T04:26:23.733+0000] {dag.py:3954} INFO - Setting next_dagrun for example_subdag_operator.section-1 to None, run_after=None
[2024-06-14T04:26:23.734+0000] {logging_mixin.py:188} INFO - [2024-06-14T04:26:23.734+0000] {dag.py:3954} INFO - Setting next_dagrun for example_subdag_operator.section-2 to None, run_after=None
[2024-06-14T04:26:23.768+0000] {processor.py:183} INFO - Processing /home/airflow/.local/lib/python3.12/site-packages/airflow/example_dags/example_subdag_operator.py took 0.360 seconds
[2024-06-14T04:26:54.036+0000] {processor.py:161} INFO - Started process (PID=133) to work on /home/airflow/.local/lib/python3.12/site-packages/airflow/example_dags/example_subdag_operator.py
[2024-06-14T04:26:54.037+0000] {processor.py:830} INFO - Processing file /home/airflow/.local/lib/python3.12/site-packages/airflow/example_dags/example_subdag_operator.py for tasks to queue
[2024-06-14T04:26:54.042+0000] {logging_mixin.py:188} INFO - [2024-06-14T04:26:54.040+0000] {dagbag.py:545} INFO - Filling up the DagBag from /home/airflow/.local/lib/python3.12/site-packages/airflow/example_dags/example_subdag_operator.py
[2024-06-14T04:26:54.072+0000] {processor.py:840} INFO - DAG(s) 'example_subdag_operator.section-1', 'example_subdag_operator.section-2', 'example_subdag_operator' retrieved from /home/airflow/.local/lib/python3.12/site-packages/airflow/example_dags/example_subdag_operator.py
[2024-06-14T04:26:54.078+0000] {logging_mixin.py:188} INFO - [2024-06-14T04:26:54.077+0000] {dag.py:3096} INFO - Sync 3 DAGs
[2024-06-14T04:26:54.102+0000] {logging_mixin.py:188} INFO - [2024-06-14T04:26:54.102+0000] {dag.py:3954} INFO - Setting next_dagrun for example_subdag_operator to 2022-01-01 00:00:00+00:00, run_after=2022-01-01 00:00:00+00:00
[2024-06-14T04:26:54.107+0000] {logging_mixin.py:188} INFO - [2024-06-14T04:26:54.107+0000] {dag.py:3954} INFO - Setting next_dagrun for example_subdag_operator.section-1 to None, run_after=None
[2024-06-14T04:26:54.109+0000] {logging_mixin.py:188} INFO - [2024-06-14T04:26:54.109+0000] {dag.py:3954} INFO - Setting next_dagrun for example_subdag_operator.section-2 to None, run_after=None
[2024-06-14T04:26:54.118+0000] {logging_mixin.py:188} INFO - [2024-06-14T04:26:54.118+0000] {dag.py:3096} INFO - Sync 2 DAGs
[2024-06-14T04:26:54.125+0000] {logging_mixin.py:188} INFO - [2024-06-14T04:26:54.125+0000] {dag.py:3954} INFO - Setting next_dagrun for example_subdag_operator.section-1 to None, run_after=None
[2024-06-14T04:26:54.126+0000] {logging_mixin.py:188} INFO - [2024-06-14T04:26:54.126+0000] {dag.py:3954} INFO - Setting next_dagrun for example_subdag_operator.section-2 to None, run_after=None
[2024-06-14T04:26:54.139+0000] {processor.py:183} INFO - Processing /home/airflow/.local/lib/python3.12/site-packages/airflow/example_dags/example_subdag_operator.py took 0.111 seconds
[2024-06-14T04:27:24.900+0000] {processor.py:161} INFO - Started process (PID=193) to work on /home/airflow/.local/lib/python3.12/site-packages/airflow/example_dags/example_subdag_operator.py
[2024-06-14T04:27:24.901+0000] {processor.py:830} INFO - Processing file /home/airflow/.local/lib/python3.12/site-packages/airflow/example_dags/example_subdag_operator.py for tasks to queue
[2024-06-14T04:27:24.903+0000] {logging_mixin.py:188} INFO - [2024-06-14T04:27:24.903+0000] {dagbag.py:545} INFO - Filling up the DagBag from /home/airflow/.local/lib/python3.12/site-packages/airflow/example_dags/example_subdag_operator.py
[2024-06-14T04:27:24.931+0000] {processor.py:840} INFO - DAG(s) 'example_subdag_operator.section-1', 'example_subdag_operator.section-2', 'example_subdag_operator' retrieved from /home/airflow/.local/lib/python3.12/site-packages/airflow/example_dags/example_subdag_operator.py
[2024-06-14T04:27:25.054+0000] {logging_mixin.py:188} INFO - [2024-06-14T04:27:25.053+0000] {dag.py:3096} INFO - Sync 3 DAGs
[2024-06-14T04:27:25.076+0000] {logging_mixin.py:188} INFO - [2024-06-14T04:27:25.076+0000] {dag.py:3954} INFO - Setting next_dagrun for example_subdag_operator to 2022-01-01 00:00:00+00:00, run_after=2022-01-01 00:00:00+00:00
[2024-06-14T04:27:25.080+0000] {logging_mixin.py:188} INFO - [2024-06-14T04:27:25.080+0000] {dag.py:3954} INFO - Setting next_dagrun for example_subdag_operator.section-1 to None, run_after=None
[2024-06-14T04:27:25.083+0000] {logging_mixin.py:188} INFO - [2024-06-14T04:27:25.083+0000] {dag.py:3954} INFO - Setting next_dagrun for example_subdag_operator.section-2 to None, run_after=None
[2024-06-14T04:27:25.093+0000] {logging_mixin.py:188} INFO - [2024-06-14T04:27:25.093+0000] {dag.py:3096} INFO - Sync 2 DAGs
[2024-06-14T04:27:25.099+0000] {logging_mixin.py:188} INFO - [2024-06-14T04:27:25.099+0000] {dag.py:3954} INFO - Setting next_dagrun for example_subdag_operator.section-1 to None, run_after=None
[2024-06-14T04:27:25.100+0000] {logging_mixin.py:188} INFO - [2024-06-14T04:27:25.099+0000] {dag.py:3954} INFO - Setting next_dagrun for example_subdag_operator.section-2 to None, run_after=None
[2024-06-14T04:27:25.113+0000] {processor.py:183} INFO - Processing /home/airflow/.local/lib/python3.12/site-packages/airflow/example_dags/example_subdag_operator.py took 0.220 seconds
[2024-06-14T04:27:55.383+0000] {processor.py:161} INFO - Started process (PID=253) to work on /home/airflow/.local/lib/python3.12/site-packages/airflow/example_dags/example_subdag_operator.py
[2024-06-14T04:27:55.384+0000] {processor.py:830} INFO - Processing file /home/airflow/.local/lib/python3.12/site-packages/airflow/example_dags/example_subdag_operator.py for tasks to queue
[2024-06-14T04:27:55.386+0000] {logging_mixin.py:188} INFO - [2024-06-14T04:27:55.386+0000] {dagbag.py:545} INFO - Filling up the DagBag from /home/airflow/.local/lib/python3.12/site-packages/airflow/example_dags/example_subdag_operator.py
[2024-06-14T04:27:55.416+0000] {processor.py:840} INFO - DAG(s) 'example_subdag_operator.section-1', 'example_subdag_operator.section-2', 'example_subdag_operator' retrieved from /home/airflow/.local/lib/python3.12/site-packages/airflow/example_dags/example_subdag_operator.py
[2024-06-14T04:27:55.435+0000] {logging_mixin.py:188} INFO - [2024-06-14T04:27:55.435+0000] {dag.py:3096} INFO - Sync 3 DAGs
[2024-06-14T04:27:55.472+0000] {logging_mixin.py:188} INFO - [2024-06-14T04:27:55.471+0000] {dag.py:3954} INFO - Setting next_dagrun for example_subdag_operator to 2022-01-01 00:00:00+00:00, run_after=2022-01-01 00:00:00+00:00
[2024-06-14T04:27:55.478+0000] {logging_mixin.py:188} INFO - [2024-06-14T04:27:55.478+0000] {dag.py:3954} INFO - Setting next_dagrun for example_subdag_operator.section-1 to None, run_after=None
[2024-06-14T04:27:55.481+0000] {logging_mixin.py:188} INFO - [2024-06-14T04:27:55.481+0000] {dag.py:3954} INFO - Setting next_dagrun for example_subdag_operator.section-2 to None, run_after=None
[2024-06-14T04:27:55.497+0000] {logging_mixin.py:188} INFO - [2024-06-14T04:27:55.497+0000] {dag.py:3096} INFO - Sync 2 DAGs
[2024-06-14T04:27:55.507+0000] {logging_mixin.py:188} INFO - [2024-06-14T04:27:55.506+0000] {dag.py:3954} INFO - Setting next_dagrun for example_subdag_operator.section-1 to None, run_after=None
[2024-06-14T04:27:55.514+0000] {logging_mixin.py:188} INFO - [2024-06-14T04:27:55.513+0000] {dag.py:3954} INFO - Setting next_dagrun for example_subdag_operator.section-2 to None, run_after=None
[2024-06-14T04:27:55.562+0000] {processor.py:183} INFO - Processing /home/airflow/.local/lib/python3.12/site-packages/airflow/example_dags/example_subdag_operator.py took 0.185 seconds
[2024-06-14T04:28:26.278+0000] {processor.py:161} INFO - Started process (PID=314) to work on /home/airflow/.local/lib/python3.12/site-packages/airflow/example_dags/example_subdag_operator.py
[2024-06-14T04:28:26.280+0000] {processor.py:830} INFO - Processing file /home/airflow/.local/lib/python3.12/site-packages/airflow/example_dags/example_subdag_operator.py for tasks to queue
[2024-06-14T04:28:26.282+0000] {logging_mixin.py:188} INFO - [2024-06-14T04:28:26.282+0000] {dagbag.py:545} INFO - Filling up the DagBag from /home/airflow/.local/lib/python3.12/site-packages/airflow/example_dags/example_subdag_operator.py
[2024-06-14T04:28:26.307+0000] {processor.py:840} INFO - DAG(s) 'example_subdag_operator.section-1', 'example_subdag_operator.section-2', 'example_subdag_operator' retrieved from /home/airflow/.local/lib/python3.12/site-packages/airflow/example_dags/example_subdag_operator.py
[2024-06-14T04:28:26.322+0000] {logging_mixin.py:188} INFO - [2024-06-14T04:28:26.322+0000] {dag.py:3096} INFO - Sync 3 DAGs
[2024-06-14T04:28:26.344+0000] {logging_mixin.py:188} INFO - [2024-06-14T04:28:26.344+0000] {dag.py:3954} INFO - Setting next_dagrun for example_subdag_operator to 2022-01-01 00:00:00+00:00, run_after=2022-01-01 00:00:00+00:00
[2024-06-14T04:28:26.348+0000] {logging_mixin.py:188} INFO - [2024-06-14T04:28:26.348+0000] {dag.py:3954} INFO - Setting next_dagrun for example_subdag_operator.section-1 to None, run_after=None
[2024-06-14T04:28:26.350+0000] {logging_mixin.py:188} INFO - [2024-06-14T04:28:26.350+0000] {dag.py:3954} INFO - Setting next_dagrun for example_subdag_operator.section-2 to None, run_after=None
[2024-06-14T04:28:26.357+0000] {logging_mixin.py:188} INFO - [2024-06-14T04:28:26.357+0000] {dag.py:3096} INFO - Sync 2 DAGs
[2024-06-14T04:28:26.362+0000] {logging_mixin.py:188} INFO - [2024-06-14T04:28:26.362+0000] {dag.py:3954} INFO - Setting next_dagrun for example_subdag_operator.section-1 to None, run_after=None
[2024-06-14T04:28:26.363+0000] {logging_mixin.py:188} INFO - [2024-06-14T04:28:26.363+0000] {dag.py:3954} INFO - Setting next_dagrun for example_subdag_operator.section-2 to None, run_after=None
[2024-06-14T04:28:26.377+0000] {processor.py:183} INFO - Processing /home/airflow/.local/lib/python3.12/site-packages/airflow/example_dags/example_subdag_operator.py took 0.106 seconds
[2024-06-14T04:29:27.029+0000] {processor.py:161} INFO - Started process (PID=386) to work on /home/airflow/.local/lib/python3.12/site-packages/airflow/example_dags/example_subdag_operator.py
[2024-06-14T04:29:27.031+0000] {processor.py:830} INFO - Processing file /home/airflow/.local/lib/python3.12/site-packages/airflow/example_dags/example_subdag_operator.py for tasks to queue
[2024-06-14T04:29:27.033+0000] {logging_mixin.py:188} INFO - [2024-06-14T04:29:27.032+0000] {dagbag.py:545} INFO - Filling up the DagBag from /home/airflow/.local/lib/python3.12/site-packages/airflow/example_dags/example_subdag_operator.py
[2024-06-14T04:29:27.059+0000] {processor.py:840} INFO - DAG(s) 'example_subdag_operator.section-1', 'example_subdag_operator.section-2', 'example_subdag_operator' retrieved from /home/airflow/.local/lib/python3.12/site-packages/airflow/example_dags/example_subdag_operator.py
[2024-06-14T04:29:27.078+0000] {logging_mixin.py:188} INFO - [2024-06-14T04:29:27.078+0000] {dag.py:3096} INFO - Sync 3 DAGs
[2024-06-14T04:29:27.103+0000] {logging_mixin.py:188} INFO - [2024-06-14T04:29:27.103+0000] {dag.py:3954} INFO - Setting next_dagrun for example_subdag_operator to 2022-01-01 00:00:00+00:00, run_after=2022-01-01 00:00:00+00:00
[2024-06-14T04:29:27.108+0000] {logging_mixin.py:188} INFO - [2024-06-14T04:29:27.108+0000] {dag.py:3954} INFO - Setting next_dagrun for example_subdag_operator.section-1 to None, run_after=None
[2024-06-14T04:29:27.110+0000] {logging_mixin.py:188} INFO - [2024-06-14T04:29:27.110+0000] {dag.py:3954} INFO - Setting next_dagrun for example_subdag_operator.section-2 to None, run_after=None
[2024-06-14T04:29:27.120+0000] {logging_mixin.py:188} INFO - [2024-06-14T04:29:27.119+0000] {dag.py:3096} INFO - Sync 2 DAGs
[2024-06-14T04:29:27.126+0000] {logging_mixin.py:188} INFO - [2024-06-14T04:29:27.126+0000] {dag.py:3954} INFO - Setting next_dagrun for example_subdag_operator.section-1 to None, run_after=None
[2024-06-14T04:29:27.127+0000] {logging_mixin.py:188} INFO - [2024-06-14T04:29:27.127+0000] {dag.py:3954} INFO - Setting next_dagrun for example_subdag_operator.section-2 to None, run_after=None
[2024-06-14T04:29:27.143+0000] {processor.py:183} INFO - Processing /home/airflow/.local/lib/python3.12/site-packages/airflow/example_dags/example_subdag_operator.py took 0.119 seconds
[2024-06-14T04:29:58.198+0000] {processor.py:161} INFO - Started process (PID=446) to work on /home/airflow/.local/lib/python3.12/site-packages/airflow/example_dags/example_subdag_operator.py
[2024-06-14T04:29:58.199+0000] {processor.py:830} INFO - Processing file /home/airflow/.local/lib/python3.12/site-packages/airflow/example_dags/example_subdag_operator.py for tasks to queue
[2024-06-14T04:29:58.201+0000] {logging_mixin.py:188} INFO - [2024-06-14T04:29:58.201+0000] {dagbag.py:545} INFO - Filling up the DagBag from /home/airflow/.local/lib/python3.12/site-packages/airflow/example_dags/example_subdag_operator.py
[2024-06-14T04:29:58.226+0000] {processor.py:840} INFO - DAG(s) 'example_subdag_operator.section-1', 'example_subdag_operator.section-2', 'example_subdag_operator' retrieved from /home/airflow/.local/lib/python3.12/site-packages/airflow/example_dags/example_subdag_operator.py
[2024-06-14T04:29:58.242+0000] {logging_mixin.py:188} INFO - [2024-06-14T04:29:58.242+0000] {dag.py:3096} INFO - Sync 3 DAGs
[2024-06-14T04:29:58.264+0000] {logging_mixin.py:188} INFO - [2024-06-14T04:29:58.264+0000] {dag.py:3954} INFO - Setting next_dagrun for example_subdag_operator to 2022-01-01 00:00:00+00:00, run_after=2022-01-01 00:00:00+00:00
[2024-06-14T04:29:58.269+0000] {logging_mixin.py:188} INFO - [2024-06-14T04:29:58.268+0000] {dag.py:3954} INFO - Setting next_dagrun for example_subdag_operator.section-1 to None, run_after=None
[2024-06-14T04:29:58.270+0000] {logging_mixin.py:188} INFO - [2024-06-14T04:29:58.270+0000] {dag.py:3954} INFO - Setting next_dagrun for example_subdag_operator.section-2 to None, run_after=None
[2024-06-14T04:29:58.277+0000] {logging_mixin.py:188} INFO - [2024-06-14T04:29:58.277+0000] {dag.py:3096} INFO - Sync 2 DAGs
[2024-06-14T04:29:58.283+0000] {logging_mixin.py:188} INFO - [2024-06-14T04:29:58.283+0000] {dag.py:3954} INFO - Setting next_dagrun for example_subdag_operator.section-1 to None, run_after=None
[2024-06-14T04:29:58.284+0000] {logging_mixin.py:188} INFO - [2024-06-14T04:29:58.284+0000] {dag.py:3954} INFO - Setting next_dagrun for example_subdag_operator.section-2 to None, run_after=None
[2024-06-14T04:29:58.297+0000] {processor.py:183} INFO - Processing /home/airflow/.local/lib/python3.12/site-packages/airflow/example_dags/example_subdag_operator.py took 0.106 seconds
[2024-06-14T04:30:45.068+0000] {processor.py:161} INFO - Started process (PID=516) to work on /home/airflow/.local/lib/python3.12/site-packages/airflow/example_dags/example_subdag_operator.py
[2024-06-14T04:30:45.070+0000] {processor.py:830} INFO - Processing file /home/airflow/.local/lib/python3.12/site-packages/airflow/example_dags/example_subdag_operator.py for tasks to queue
[2024-06-14T04:30:45.072+0000] {logging_mixin.py:188} INFO - [2024-06-14T04:30:45.072+0000] {dagbag.py:545} INFO - Filling up the DagBag from /home/airflow/.local/lib/python3.12/site-packages/airflow/example_dags/example_subdag_operator.py
[2024-06-14T04:30:45.102+0000] {processor.py:840} INFO - DAG(s) 'example_subdag_operator.section-1', 'example_subdag_operator.section-2', 'example_subdag_operator' retrieved from /home/airflow/.local/lib/python3.12/site-packages/airflow/example_dags/example_subdag_operator.py
[2024-06-14T04:30:45.121+0000] {logging_mixin.py:188} INFO - [2024-06-14T04:30:45.121+0000] {dag.py:3096} INFO - Sync 3 DAGs
[2024-06-14T04:30:45.152+0000] {logging_mixin.py:188} INFO - [2024-06-14T04:30:45.151+0000] {dag.py:3954} INFO - Setting next_dagrun for example_subdag_operator to 2022-01-01 00:00:00+00:00, run_after=2022-01-01 00:00:00+00:00
[2024-06-14T04:30:45.157+0000] {logging_mixin.py:188} INFO - [2024-06-14T04:30:45.156+0000] {dag.py:3954} INFO - Setting next_dagrun for example_subdag_operator.section-1 to None, run_after=None
[2024-06-14T04:30:45.160+0000] {logging_mixin.py:188} INFO - [2024-06-14T04:30:45.159+0000] {dag.py:3954} INFO - Setting next_dagrun for example_subdag_operator.section-2 to None, run_after=None
[2024-06-14T04:30:45.170+0000] {logging_mixin.py:188} INFO - [2024-06-14T04:30:45.169+0000] {dag.py:3096} INFO - Sync 2 DAGs
[2024-06-14T04:30:45.178+0000] {logging_mixin.py:188} INFO - [2024-06-14T04:30:45.177+0000] {dag.py:3954} INFO - Setting next_dagrun for example_subdag_operator.section-1 to None, run_after=None
[2024-06-14T04:30:45.179+0000] {logging_mixin.py:188} INFO - [2024-06-14T04:30:45.178+0000] {dag.py:3954} INFO - Setting next_dagrun for example_subdag_operator.section-2 to None, run_after=None
[2024-06-14T04:30:45.196+0000] {processor.py:183} INFO - Processing /home/airflow/.local/lib/python3.12/site-packages/airflow/example_dags/example_subdag_operator.py took 0.136 seconds
[2024-06-14T04:31:15.702+0000] {processor.py:161} INFO - Started process (PID=594) to work on /home/airflow/.local/lib/python3.12/site-packages/airflow/example_dags/example_subdag_operator.py
[2024-06-14T04:31:15.704+0000] {processor.py:830} INFO - Processing file /home/airflow/.local/lib/python3.12/site-packages/airflow/example_dags/example_subdag_operator.py for tasks to queue
[2024-06-14T04:31:15.706+0000] {logging_mixin.py:188} INFO - [2024-06-14T04:31:15.706+0000] {dagbag.py:545} INFO - Filling up the DagBag from /home/airflow/.local/lib/python3.12/site-packages/airflow/example_dags/example_subdag_operator.py
[2024-06-14T04:31:15.732+0000] {processor.py:840} INFO - DAG(s) 'example_subdag_operator.section-1', 'example_subdag_operator.section-2', 'example_subdag_operator' retrieved from /home/airflow/.local/lib/python3.12/site-packages/airflow/example_dags/example_subdag_operator.py
[2024-06-14T04:31:15.747+0000] {logging_mixin.py:188} INFO - [2024-06-14T04:31:15.747+0000] {dag.py:3096} INFO - Sync 3 DAGs
[2024-06-14T04:31:15.769+0000] {logging_mixin.py:188} INFO - [2024-06-14T04:31:15.768+0000] {dag.py:3954} INFO - Setting next_dagrun for example_subdag_operator to 2022-01-01 00:00:00+00:00, run_after=2022-01-01 00:00:00+00:00
[2024-06-14T04:31:15.773+0000] {logging_mixin.py:188} INFO - [2024-06-14T04:31:15.773+0000] {dag.py:3954} INFO - Setting next_dagrun for example_subdag_operator.section-1 to None, run_after=None
[2024-06-14T04:31:15.775+0000] {logging_mixin.py:188} INFO - [2024-06-14T04:31:15.775+0000] {dag.py:3954} INFO - Setting next_dagrun for example_subdag_operator.section-2 to None, run_after=None
[2024-06-14T04:31:15.783+0000] {logging_mixin.py:188} INFO - [2024-06-14T04:31:15.782+0000] {dag.py:3096} INFO - Sync 2 DAGs
[2024-06-14T04:31:15.789+0000] {logging_mixin.py:188} INFO - [2024-06-14T04:31:15.788+0000] {dag.py:3954} INFO - Setting next_dagrun for example_subdag_operator.section-1 to None, run_after=None
[2024-06-14T04:31:15.789+0000] {logging_mixin.py:188} INFO - [2024-06-14T04:31:15.789+0000] {dag.py:3954} INFO - Setting next_dagrun for example_subdag_operator.section-2 to None, run_after=None
[2024-06-14T04:31:15.826+0000] {processor.py:183} INFO - Processing /home/airflow/.local/lib/python3.12/site-packages/airflow/example_dags/example_subdag_operator.py took 0.131 seconds
[2024-06-14T04:31:45.890+0000] {processor.py:161} INFO - Started process (PID=654) to work on /home/airflow/.local/lib/python3.12/site-packages/airflow/example_dags/example_subdag_operator.py
[2024-06-14T04:31:45.891+0000] {processor.py:830} INFO - Processing file /home/airflow/.local/lib/python3.12/site-packages/airflow/example_dags/example_subdag_operator.py for tasks to queue
[2024-06-14T04:31:45.894+0000] {logging_mixin.py:188} INFO - [2024-06-14T04:31:45.893+0000] {dagbag.py:545} INFO - Filling up the DagBag from /home/airflow/.local/lib/python3.12/site-packages/airflow/example_dags/example_subdag_operator.py
[2024-06-14T04:31:45.917+0000] {processor.py:840} INFO - DAG(s) 'example_subdag_operator.section-1', 'example_subdag_operator.section-2', 'example_subdag_operator' retrieved from /home/airflow/.local/lib/python3.12/site-packages/airflow/example_dags/example_subdag_operator.py
[2024-06-14T04:31:45.933+0000] {logging_mixin.py:188} INFO - [2024-06-14T04:31:45.933+0000] {dag.py:3096} INFO - Sync 3 DAGs
[2024-06-14T04:31:45.954+0000] {logging_mixin.py:188} INFO - [2024-06-14T04:31:45.954+0000] {dag.py:3954} INFO - Setting next_dagrun for example_subdag_operator to 2022-01-01 00:00:00+00:00, run_after=2022-01-01 00:00:00+00:00
[2024-06-14T04:31:45.959+0000] {logging_mixin.py:188} INFO - [2024-06-14T04:31:45.958+0000] {dag.py:3954} INFO - Setting next_dagrun for example_subdag_operator.section-1 to None, run_after=None
[2024-06-14T04:31:45.961+0000] {logging_mixin.py:188} INFO - [2024-06-14T04:31:45.960+0000] {dag.py:3954} INFO - Setting next_dagrun for example_subdag_operator.section-2 to None, run_after=None
[2024-06-14T04:31:45.968+0000] {logging_mixin.py:188} INFO - [2024-06-14T04:31:45.968+0000] {dag.py:3096} INFO - Sync 2 DAGs
[2024-06-14T04:31:45.975+0000] {logging_mixin.py:188} INFO - [2024-06-14T04:31:45.975+0000] {dag.py:3954} INFO - Setting next_dagrun for example_subdag_operator.section-1 to None, run_after=None
[2024-06-14T04:31:45.976+0000] {logging_mixin.py:188} INFO - [2024-06-14T04:31:45.976+0000] {dag.py:3954} INFO - Setting next_dagrun for example_subdag_operator.section-2 to None, run_after=None
[2024-06-14T04:31:45.988+0000] {processor.py:183} INFO - Processing /home/airflow/.local/lib/python3.12/site-packages/airflow/example_dags/example_subdag_operator.py took 0.103 seconds
[2024-06-14T04:32:16.368+0000] {processor.py:161} INFO - Started process (PID=714) to work on /home/airflow/.local/lib/python3.12/site-packages/airflow/example_dags/example_subdag_operator.py
[2024-06-14T04:32:16.369+0000] {processor.py:830} INFO - Processing file /home/airflow/.local/lib/python3.12/site-packages/airflow/example_dags/example_subdag_operator.py for tasks to queue
[2024-06-14T04:32:16.371+0000] {logging_mixin.py:188} INFO - [2024-06-14T04:32:16.371+0000] {dagbag.py:545} INFO - Filling up the DagBag from /home/airflow/.local/lib/python3.12/site-packages/airflow/example_dags/example_subdag_operator.py
[2024-06-14T04:32:16.396+0000] {processor.py:840} INFO - DAG(s) 'example_subdag_operator.section-1', 'example_subdag_operator.section-2', 'example_subdag_operator' retrieved from /home/airflow/.local/lib/python3.12/site-packages/airflow/example_dags/example_subdag_operator.py
[2024-06-14T04:32:16.412+0000] {logging_mixin.py:188} INFO - [2024-06-14T04:32:16.412+0000] {dag.py:3096} INFO - Sync 3 DAGs
[2024-06-14T04:32:16.431+0000] {logging_mixin.py:188} INFO - [2024-06-14T04:32:16.431+0000] {dag.py:3954} INFO - Setting next_dagrun for example_subdag_operator to 2022-01-01 00:00:00+00:00, run_after=2022-01-01 00:00:00+00:00
[2024-06-14T04:32:16.435+0000] {logging_mixin.py:188} INFO - [2024-06-14T04:32:16.435+0000] {dag.py:3954} INFO - Setting next_dagrun for example_subdag_operator.section-1 to None, run_after=None
[2024-06-14T04:32:16.437+0000] {logging_mixin.py:188} INFO - [2024-06-14T04:32:16.436+0000] {dag.py:3954} INFO - Setting next_dagrun for example_subdag_operator.section-2 to None, run_after=None
[2024-06-14T04:32:16.443+0000] {logging_mixin.py:188} INFO - [2024-06-14T04:32:16.443+0000] {dag.py:3096} INFO - Sync 2 DAGs
[2024-06-14T04:32:16.448+0000] {logging_mixin.py:188} INFO - [2024-06-14T04:32:16.448+0000] {dag.py:3954} INFO - Setting next_dagrun for example_subdag_operator.section-1 to None, run_after=None
[2024-06-14T04:32:16.449+0000] {logging_mixin.py:188} INFO - [2024-06-14T04:32:16.449+0000] {dag.py:3954} INFO - Setting next_dagrun for example_subdag_operator.section-2 to None, run_after=None
[2024-06-14T04:32:16.460+0000] {processor.py:183} INFO - Processing /home/airflow/.local/lib/python3.12/site-packages/airflow/example_dags/example_subdag_operator.py took 0.098 seconds
