[2024-06-14T03:05:35.278+0000] {processor.py:161} INFO - Started process (PID=61) to work on /home/airflow/.local/lib/python3.12/site-packages/airflow/example_dags/example_task_group_decorator.py
[2024-06-14T03:05:35.279+0000] {processor.py:830} INFO - Processing file /home/airflow/.local/lib/python3.12/site-packages/airflow/example_dags/example_task_group_decorator.py for tasks to queue
[2024-06-14T03:05:35.283+0000] {logging_mixin.py:188} INFO - [2024-06-14T03:05:35.282+0000] {dagbag.py:545} INFO - Filling up the DagBag from /home/airflow/.local/lib/python3.12/site-packages/airflow/example_dags/example_task_group_decorator.py
[2024-06-14T03:05:35.302+0000] {processor.py:840} INFO - DAG(s) 'example_task_group_decorator' retrieved from /home/airflow/.local/lib/python3.12/site-packages/airflow/example_dags/example_task_group_decorator.py
[2024-06-14T03:05:35.329+0000] {logging_mixin.py:188} INFO - [2024-06-14T03:05:35.329+0000] {dag.py:3096} INFO - Sync 1 DAGs
[2024-06-14T03:05:35.354+0000] {logging_mixin.py:188} INFO - [2024-06-14T03:05:35.353+0000] {dag.py:3954} INFO - Setting next_dagrun for example_task_group_decorator to 2024-06-13 00:00:00+00:00, run_after=2024-06-14 00:00:00+00:00
[2024-06-14T03:05:35.383+0000] {processor.py:183} INFO - Processing /home/airflow/.local/lib/python3.12/site-packages/airflow/example_dags/example_task_group_decorator.py took 0.111 seconds
[2024-06-14T03:06:06.088+0000] {processor.py:161} INFO - Started process (PID=121) to work on /home/airflow/.local/lib/python3.12/site-packages/airflow/example_dags/example_task_group_decorator.py
[2024-06-14T03:06:06.090+0000] {processor.py:830} INFO - Processing file /home/airflow/.local/lib/python3.12/site-packages/airflow/example_dags/example_task_group_decorator.py for tasks to queue
[2024-06-14T03:06:06.092+0000] {logging_mixin.py:188} INFO - [2024-06-14T03:06:06.092+0000] {dagbag.py:545} INFO - Filling up the DagBag from /home/airflow/.local/lib/python3.12/site-packages/airflow/example_dags/example_task_group_decorator.py
[2024-06-14T03:06:06.105+0000] {processor.py:840} INFO - DAG(s) 'example_task_group_decorator' retrieved from /home/airflow/.local/lib/python3.12/site-packages/airflow/example_dags/example_task_group_decorator.py
[2024-06-14T03:06:06.128+0000] {logging_mixin.py:188} INFO - [2024-06-14T03:06:06.127+0000] {dag.py:3096} INFO - Sync 1 DAGs
[2024-06-14T03:06:06.151+0000] {logging_mixin.py:188} INFO - [2024-06-14T03:06:06.150+0000] {dag.py:3954} INFO - Setting next_dagrun for example_task_group_decorator to 2024-06-13 00:00:00+00:00, run_after=2024-06-14 00:00:00+00:00
[2024-06-14T03:06:06.169+0000] {processor.py:183} INFO - Processing /home/airflow/.local/lib/python3.12/site-packages/airflow/example_dags/example_task_group_decorator.py took 0.087 seconds
[2024-06-14T03:06:36.829+0000] {processor.py:161} INFO - Started process (PID=181) to work on /home/airflow/.local/lib/python3.12/site-packages/airflow/example_dags/example_task_group_decorator.py
[2024-06-14T03:06:36.830+0000] {processor.py:830} INFO - Processing file /home/airflow/.local/lib/python3.12/site-packages/airflow/example_dags/example_task_group_decorator.py for tasks to queue
[2024-06-14T03:06:36.833+0000] {logging_mixin.py:188} INFO - [2024-06-14T03:06:36.833+0000] {dagbag.py:545} INFO - Filling up the DagBag from /home/airflow/.local/lib/python3.12/site-packages/airflow/example_dags/example_task_group_decorator.py
[2024-06-14T03:06:36.855+0000] {processor.py:840} INFO - DAG(s) 'example_task_group_decorator' retrieved from /home/airflow/.local/lib/python3.12/site-packages/airflow/example_dags/example_task_group_decorator.py
[2024-06-14T03:06:36.881+0000] {logging_mixin.py:188} INFO - [2024-06-14T03:06:36.881+0000] {dag.py:3096} INFO - Sync 1 DAGs
[2024-06-14T03:06:36.902+0000] {logging_mixin.py:188} INFO - [2024-06-14T03:06:36.902+0000] {dag.py:3954} INFO - Setting next_dagrun for example_task_group_decorator to 2024-06-13 00:00:00+00:00, run_after=2024-06-14 00:00:00+00:00
[2024-06-14T03:06:36.924+0000] {processor.py:183} INFO - Processing /home/airflow/.local/lib/python3.12/site-packages/airflow/example_dags/example_task_group_decorator.py took 0.104 seconds
[2024-06-14T04:26:22.048+0000] {processor.py:161} INFO - Started process (PID=67) to work on /home/airflow/.local/lib/python3.12/site-packages/airflow/example_dags/example_task_group_decorator.py
[2024-06-14T04:26:22.049+0000] {processor.py:830} INFO - Processing file /home/airflow/.local/lib/python3.12/site-packages/airflow/example_dags/example_task_group_decorator.py for tasks to queue
[2024-06-14T04:26:22.054+0000] {logging_mixin.py:188} INFO - [2024-06-14T04:26:22.053+0000] {dagbag.py:545} INFO - Filling up the DagBag from /home/airflow/.local/lib/python3.12/site-packages/airflow/example_dags/example_task_group_decorator.py
[2024-06-14T04:26:22.081+0000] {processor.py:840} INFO - DAG(s) 'example_task_group_decorator' retrieved from /home/airflow/.local/lib/python3.12/site-packages/airflow/example_dags/example_task_group_decorator.py
[2024-06-14T04:26:22.251+0000] {logging_mixin.py:188} INFO - [2024-06-14T04:26:22.250+0000] {dag.py:3096} INFO - Sync 1 DAGs
[2024-06-14T04:26:22.284+0000] {logging_mixin.py:188} INFO - [2024-06-14T04:26:22.284+0000] {dag.py:3954} INFO - Setting next_dagrun for example_task_group_decorator to 2024-06-13 00:00:00+00:00, run_after=2024-06-14 00:00:00+00:00
[2024-06-14T04:26:22.314+0000] {processor.py:183} INFO - Processing /home/airflow/.local/lib/python3.12/site-packages/airflow/example_dags/example_task_group_decorator.py took 0.275 seconds
[2024-06-14T04:26:52.777+0000] {processor.py:161} INFO - Started process (PID=127) to work on /home/airflow/.local/lib/python3.12/site-packages/airflow/example_dags/example_task_group_decorator.py
[2024-06-14T04:26:52.778+0000] {processor.py:830} INFO - Processing file /home/airflow/.local/lib/python3.12/site-packages/airflow/example_dags/example_task_group_decorator.py for tasks to queue
[2024-06-14T04:26:52.781+0000] {logging_mixin.py:188} INFO - [2024-06-14T04:26:52.781+0000] {dagbag.py:545} INFO - Filling up the DagBag from /home/airflow/.local/lib/python3.12/site-packages/airflow/example_dags/example_task_group_decorator.py
[2024-06-14T04:26:52.798+0000] {processor.py:840} INFO - DAG(s) 'example_task_group_decorator' retrieved from /home/airflow/.local/lib/python3.12/site-packages/airflow/example_dags/example_task_group_decorator.py
[2024-06-14T04:26:52.818+0000] {logging_mixin.py:188} INFO - [2024-06-14T04:26:52.817+0000] {dag.py:3096} INFO - Sync 1 DAGs
[2024-06-14T04:26:52.869+0000] {logging_mixin.py:188} INFO - [2024-06-14T04:26:52.869+0000] {dag.py:3954} INFO - Setting next_dagrun for example_task_group_decorator to 2024-06-13 00:00:00+00:00, run_after=2024-06-14 00:00:00+00:00
[2024-06-14T04:26:52.908+0000] {processor.py:183} INFO - Processing /home/airflow/.local/lib/python3.12/site-packages/airflow/example_dags/example_task_group_decorator.py took 0.137 seconds
[2024-06-14T04:27:23.224+0000] {processor.py:161} INFO - Started process (PID=187) to work on /home/airflow/.local/lib/python3.12/site-packages/airflow/example_dags/example_task_group_decorator.py
[2024-06-14T04:27:23.226+0000] {processor.py:830} INFO - Processing file /home/airflow/.local/lib/python3.12/site-packages/airflow/example_dags/example_task_group_decorator.py for tasks to queue
[2024-06-14T04:27:23.228+0000] {logging_mixin.py:188} INFO - [2024-06-14T04:27:23.228+0000] {dagbag.py:545} INFO - Filling up the DagBag from /home/airflow/.local/lib/python3.12/site-packages/airflow/example_dags/example_task_group_decorator.py
[2024-06-14T04:27:23.243+0000] {processor.py:840} INFO - DAG(s) 'example_task_group_decorator' retrieved from /home/airflow/.local/lib/python3.12/site-packages/airflow/example_dags/example_task_group_decorator.py
[2024-06-14T04:27:23.413+0000] {logging_mixin.py:188} INFO - [2024-06-14T04:27:23.413+0000] {dag.py:3096} INFO - Sync 1 DAGs
[2024-06-14T04:27:23.451+0000] {logging_mixin.py:188} INFO - [2024-06-14T04:27:23.451+0000] {dag.py:3954} INFO - Setting next_dagrun for example_task_group_decorator to 2024-06-13 00:00:00+00:00, run_after=2024-06-14 00:00:00+00:00
[2024-06-14T04:27:23.478+0000] {processor.py:183} INFO - Processing /home/airflow/.local/lib/python3.12/site-packages/airflow/example_dags/example_task_group_decorator.py took 0.260 seconds
[2024-06-14T04:27:53.576+0000] {processor.py:161} INFO - Started process (PID=247) to work on /home/airflow/.local/lib/python3.12/site-packages/airflow/example_dags/example_task_group_decorator.py
[2024-06-14T04:27:53.577+0000] {processor.py:830} INFO - Processing file /home/airflow/.local/lib/python3.12/site-packages/airflow/example_dags/example_task_group_decorator.py for tasks to queue
[2024-06-14T04:27:53.579+0000] {logging_mixin.py:188} INFO - [2024-06-14T04:27:53.579+0000] {dagbag.py:545} INFO - Filling up the DagBag from /home/airflow/.local/lib/python3.12/site-packages/airflow/example_dags/example_task_group_decorator.py
[2024-06-14T04:27:53.594+0000] {processor.py:840} INFO - DAG(s) 'example_task_group_decorator' retrieved from /home/airflow/.local/lib/python3.12/site-packages/airflow/example_dags/example_task_group_decorator.py
[2024-06-14T04:27:53.620+0000] {logging_mixin.py:188} INFO - [2024-06-14T04:27:53.620+0000] {dag.py:3096} INFO - Sync 1 DAGs
[2024-06-14T04:27:53.641+0000] {logging_mixin.py:188} INFO - [2024-06-14T04:27:53.641+0000] {dag.py:3954} INFO - Setting next_dagrun for example_task_group_decorator to 2024-06-13 00:00:00+00:00, run_after=2024-06-14 00:00:00+00:00
[2024-06-14T04:27:53.662+0000] {processor.py:183} INFO - Processing /home/airflow/.local/lib/python3.12/site-packages/airflow/example_dags/example_task_group_decorator.py took 0.092 seconds
[2024-06-14T04:28:23.884+0000] {processor.py:161} INFO - Started process (PID=308) to work on /home/airflow/.local/lib/python3.12/site-packages/airflow/example_dags/example_task_group_decorator.py
[2024-06-14T04:28:23.885+0000] {processor.py:830} INFO - Processing file /home/airflow/.local/lib/python3.12/site-packages/airflow/example_dags/example_task_group_decorator.py for tasks to queue
[2024-06-14T04:28:23.887+0000] {logging_mixin.py:188} INFO - [2024-06-14T04:28:23.887+0000] {dagbag.py:545} INFO - Filling up the DagBag from /home/airflow/.local/lib/python3.12/site-packages/airflow/example_dags/example_task_group_decorator.py
[2024-06-14T04:28:23.908+0000] {processor.py:840} INFO - DAG(s) 'example_task_group_decorator' retrieved from /home/airflow/.local/lib/python3.12/site-packages/airflow/example_dags/example_task_group_decorator.py
[2024-06-14T04:28:23.938+0000] {logging_mixin.py:188} INFO - [2024-06-14T04:28:23.938+0000] {dag.py:3096} INFO - Sync 1 DAGs
[2024-06-14T04:28:23.967+0000] {logging_mixin.py:188} INFO - [2024-06-14T04:28:23.966+0000] {dag.py:3954} INFO - Setting next_dagrun for example_task_group_decorator to 2024-06-13 00:00:00+00:00, run_after=2024-06-14 00:00:00+00:00
[2024-06-14T04:28:23.995+0000] {processor.py:183} INFO - Processing /home/airflow/.local/lib/python3.12/site-packages/airflow/example_dags/example_task_group_decorator.py took 0.117 seconds
[2024-06-14T04:29:26.495+0000] {processor.py:161} INFO - Started process (PID=380) to work on /home/airflow/.local/lib/python3.12/site-packages/airflow/example_dags/example_task_group_decorator.py
[2024-06-14T04:29:26.497+0000] {processor.py:830} INFO - Processing file /home/airflow/.local/lib/python3.12/site-packages/airflow/example_dags/example_task_group_decorator.py for tasks to queue
[2024-06-14T04:29:26.499+0000] {logging_mixin.py:188} INFO - [2024-06-14T04:29:26.499+0000] {dagbag.py:545} INFO - Filling up the DagBag from /home/airflow/.local/lib/python3.12/site-packages/airflow/example_dags/example_task_group_decorator.py
[2024-06-14T04:29:26.519+0000] {processor.py:840} INFO - DAG(s) 'example_task_group_decorator' retrieved from /home/airflow/.local/lib/python3.12/site-packages/airflow/example_dags/example_task_group_decorator.py
[2024-06-14T04:29:26.545+0000] {logging_mixin.py:188} INFO - [2024-06-14T04:29:26.545+0000] {dag.py:3096} INFO - Sync 1 DAGs
[2024-06-14T04:29:26.567+0000] {logging_mixin.py:188} INFO - [2024-06-14T04:29:26.566+0000] {dag.py:3954} INFO - Setting next_dagrun for example_task_group_decorator to 2024-06-13 00:00:00+00:00, run_after=2024-06-14 00:00:00+00:00
[2024-06-14T04:29:26.589+0000] {processor.py:183} INFO - Processing /home/airflow/.local/lib/python3.12/site-packages/airflow/example_dags/example_task_group_decorator.py took 0.100 seconds
[2024-06-14T04:29:57.697+0000] {processor.py:161} INFO - Started process (PID=440) to work on /home/airflow/.local/lib/python3.12/site-packages/airflow/example_dags/example_task_group_decorator.py
[2024-06-14T04:29:57.699+0000] {processor.py:830} INFO - Processing file /home/airflow/.local/lib/python3.12/site-packages/airflow/example_dags/example_task_group_decorator.py for tasks to queue
[2024-06-14T04:29:57.701+0000] {logging_mixin.py:188} INFO - [2024-06-14T04:29:57.700+0000] {dagbag.py:545} INFO - Filling up the DagBag from /home/airflow/.local/lib/python3.12/site-packages/airflow/example_dags/example_task_group_decorator.py
[2024-06-14T04:29:57.715+0000] {processor.py:840} INFO - DAG(s) 'example_task_group_decorator' retrieved from /home/airflow/.local/lib/python3.12/site-packages/airflow/example_dags/example_task_group_decorator.py
[2024-06-14T04:29:57.743+0000] {logging_mixin.py:188} INFO - [2024-06-14T04:29:57.742+0000] {dag.py:3096} INFO - Sync 1 DAGs
[2024-06-14T04:29:57.783+0000] {logging_mixin.py:188} INFO - [2024-06-14T04:29:57.783+0000] {dag.py:3954} INFO - Setting next_dagrun for example_task_group_decorator to 2024-06-13 00:00:00+00:00, run_after=2024-06-14 00:00:00+00:00
[2024-06-14T04:29:57.808+0000] {processor.py:183} INFO - Processing /home/airflow/.local/lib/python3.12/site-packages/airflow/example_dags/example_task_group_decorator.py took 0.116 seconds
[2024-06-14T04:30:44.435+0000] {processor.py:161} INFO - Started process (PID=510) to work on /home/airflow/.local/lib/python3.12/site-packages/airflow/example_dags/example_task_group_decorator.py
[2024-06-14T04:30:44.437+0000] {processor.py:830} INFO - Processing file /home/airflow/.local/lib/python3.12/site-packages/airflow/example_dags/example_task_group_decorator.py for tasks to queue
[2024-06-14T04:30:44.440+0000] {logging_mixin.py:188} INFO - [2024-06-14T04:30:44.439+0000] {dagbag.py:545} INFO - Filling up the DagBag from /home/airflow/.local/lib/python3.12/site-packages/airflow/example_dags/example_task_group_decorator.py
[2024-06-14T04:30:44.465+0000] {processor.py:840} INFO - DAG(s) 'example_task_group_decorator' retrieved from /home/airflow/.local/lib/python3.12/site-packages/airflow/example_dags/example_task_group_decorator.py
[2024-06-14T04:30:44.509+0000] {logging_mixin.py:188} INFO - [2024-06-14T04:30:44.508+0000] {dag.py:3096} INFO - Sync 1 DAGs
[2024-06-14T04:30:44.539+0000] {logging_mixin.py:188} INFO - [2024-06-14T04:30:44.539+0000] {dag.py:3954} INFO - Setting next_dagrun for example_task_group_decorator to 2024-06-13 00:00:00+00:00, run_after=2024-06-14 00:00:00+00:00
[2024-06-14T04:30:44.567+0000] {processor.py:183} INFO - Processing /home/airflow/.local/lib/python3.12/site-packages/airflow/example_dags/example_task_group_decorator.py took 0.139 seconds
[2024-06-14T04:31:15.174+0000] {processor.py:161} INFO - Started process (PID=588) to work on /home/airflow/.local/lib/python3.12/site-packages/airflow/example_dags/example_task_group_decorator.py
[2024-06-14T04:31:15.176+0000] {processor.py:830} INFO - Processing file /home/airflow/.local/lib/python3.12/site-packages/airflow/example_dags/example_task_group_decorator.py for tasks to queue
[2024-06-14T04:31:15.179+0000] {logging_mixin.py:188} INFO - [2024-06-14T04:31:15.178+0000] {dagbag.py:545} INFO - Filling up the DagBag from /home/airflow/.local/lib/python3.12/site-packages/airflow/example_dags/example_task_group_decorator.py
[2024-06-14T04:31:15.195+0000] {processor.py:840} INFO - DAG(s) 'example_task_group_decorator' retrieved from /home/airflow/.local/lib/python3.12/site-packages/airflow/example_dags/example_task_group_decorator.py
[2024-06-14T04:31:15.228+0000] {logging_mixin.py:188} INFO - [2024-06-14T04:31:15.228+0000] {dag.py:3096} INFO - Sync 1 DAGs
[2024-06-14T04:31:15.249+0000] {logging_mixin.py:188} INFO - [2024-06-14T04:31:15.249+0000] {dag.py:3954} INFO - Setting next_dagrun for example_task_group_decorator to 2024-06-13 00:00:00+00:00, run_after=2024-06-14 00:00:00+00:00
[2024-06-14T04:31:15.271+0000] {processor.py:183} INFO - Processing /home/airflow/.local/lib/python3.12/site-packages/airflow/example_dags/example_task_group_decorator.py took 0.102 seconds
[2024-06-14T04:31:45.498+0000] {processor.py:161} INFO - Started process (PID=648) to work on /home/airflow/.local/lib/python3.12/site-packages/airflow/example_dags/example_task_group_decorator.py
[2024-06-14T04:31:45.500+0000] {processor.py:830} INFO - Processing file /home/airflow/.local/lib/python3.12/site-packages/airflow/example_dags/example_task_group_decorator.py for tasks to queue
[2024-06-14T04:31:45.502+0000] {logging_mixin.py:188} INFO - [2024-06-14T04:31:45.502+0000] {dagbag.py:545} INFO - Filling up the DagBag from /home/airflow/.local/lib/python3.12/site-packages/airflow/example_dags/example_task_group_decorator.py
[2024-06-14T04:31:45.517+0000] {processor.py:840} INFO - DAG(s) 'example_task_group_decorator' retrieved from /home/airflow/.local/lib/python3.12/site-packages/airflow/example_dags/example_task_group_decorator.py
[2024-06-14T04:31:45.544+0000] {logging_mixin.py:188} INFO - [2024-06-14T04:31:45.544+0000] {dag.py:3096} INFO - Sync 1 DAGs
[2024-06-14T04:31:45.565+0000] {logging_mixin.py:188} INFO - [2024-06-14T04:31:45.565+0000] {dag.py:3954} INFO - Setting next_dagrun for example_task_group_decorator to 2024-06-13 00:00:00+00:00, run_after=2024-06-14 00:00:00+00:00
[2024-06-14T04:31:45.584+0000] {processor.py:183} INFO - Processing /home/airflow/.local/lib/python3.12/site-packages/airflow/example_dags/example_task_group_decorator.py took 0.091 seconds
[2024-06-14T04:32:15.850+0000] {processor.py:161} INFO - Started process (PID=708) to work on /home/airflow/.local/lib/python3.12/site-packages/airflow/example_dags/example_task_group_decorator.py
[2024-06-14T04:32:15.851+0000] {processor.py:830} INFO - Processing file /home/airflow/.local/lib/python3.12/site-packages/airflow/example_dags/example_task_group_decorator.py for tasks to queue
[2024-06-14T04:32:15.853+0000] {logging_mixin.py:188} INFO - [2024-06-14T04:32:15.853+0000] {dagbag.py:545} INFO - Filling up the DagBag from /home/airflow/.local/lib/python3.12/site-packages/airflow/example_dags/example_task_group_decorator.py
[2024-06-14T04:32:15.871+0000] {processor.py:840} INFO - DAG(s) 'example_task_group_decorator' retrieved from /home/airflow/.local/lib/python3.12/site-packages/airflow/example_dags/example_task_group_decorator.py
[2024-06-14T04:32:15.902+0000] {logging_mixin.py:188} INFO - [2024-06-14T04:32:15.902+0000] {dag.py:3096} INFO - Sync 1 DAGs
[2024-06-14T04:32:15.924+0000] {logging_mixin.py:188} INFO - [2024-06-14T04:32:15.924+0000] {dag.py:3954} INFO - Setting next_dagrun for example_task_group_decorator to 2024-06-13 00:00:00+00:00, run_after=2024-06-14 00:00:00+00:00
[2024-06-14T04:32:15.944+0000] {processor.py:183} INFO - Processing /home/airflow/.local/lib/python3.12/site-packages/airflow/example_dags/example_task_group_decorator.py took 0.103 seconds
