[2024-06-14T03:05:34.411+0000] {processor.py:161} INFO - Started process (PID=51) to work on /home/airflow/.local/lib/python3.12/site-packages/airflow/example_dags/example_latest_only_with_trigger.py
[2024-06-14T03:05:34.413+0000] {processor.py:830} INFO - Processing file /home/airflow/.local/lib/python3.12/site-packages/airflow/example_dags/example_latest_only_with_trigger.py for tasks to queue
[2024-06-14T03:05:34.418+0000] {logging_mixin.py:188} INFO - [2024-06-14T03:05:34.417+0000] {dagbag.py:545} INFO - Filling up the DagBag from /home/airflow/.local/lib/python3.12/site-packages/airflow/example_dags/example_latest_only_with_trigger.py
[2024-06-14T03:05:34.439+0000] {processor.py:840} INFO - DAG(s) 'latest_only_with_trigger' retrieved from /home/airflow/.local/lib/python3.12/site-packages/airflow/example_dags/example_latest_only_with_trigger.py
[2024-06-14T03:05:34.498+0000] {logging_mixin.py:188} INFO - [2024-06-14T03:05:34.498+0000] {dag.py:3096} INFO - Sync 1 DAGs
[2024-06-14T03:05:34.533+0000] {logging_mixin.py:188} INFO - [2024-06-14T03:05:34.532+0000] {dag.py:3954} INFO - Setting next_dagrun for latest_only_with_trigger to 2024-06-13 20:00:00+00:00, run_after=2024-06-14 00:00:00+00:00
[2024-06-14T03:05:34.561+0000] {processor.py:183} INFO - Processing /home/airflow/.local/lib/python3.12/site-packages/airflow/example_dags/example_latest_only_with_trigger.py took 0.162 seconds
[2024-06-14T03:06:05.394+0000] {processor.py:161} INFO - Started process (PID=111) to work on /home/airflow/.local/lib/python3.12/site-packages/airflow/example_dags/example_latest_only_with_trigger.py
[2024-06-14T03:06:05.396+0000] {processor.py:830} INFO - Processing file /home/airflow/.local/lib/python3.12/site-packages/airflow/example_dags/example_latest_only_with_trigger.py for tasks to queue
[2024-06-14T03:06:05.398+0000] {logging_mixin.py:188} INFO - [2024-06-14T03:06:05.398+0000] {dagbag.py:545} INFO - Filling up the DagBag from /home/airflow/.local/lib/python3.12/site-packages/airflow/example_dags/example_latest_only_with_trigger.py
[2024-06-14T03:06:05.407+0000] {processor.py:840} INFO - DAG(s) 'latest_only_with_trigger' retrieved from /home/airflow/.local/lib/python3.12/site-packages/airflow/example_dags/example_latest_only_with_trigger.py
[2024-06-14T03:06:05.438+0000] {logging_mixin.py:188} INFO - [2024-06-14T03:06:05.437+0000] {dag.py:3096} INFO - Sync 1 DAGs
[2024-06-14T03:06:05.468+0000] {logging_mixin.py:188} INFO - [2024-06-14T03:06:05.468+0000] {dag.py:3954} INFO - Setting next_dagrun for latest_only_with_trigger to 2024-06-13 20:00:00+00:00, run_after=2024-06-14 00:00:00+00:00
[2024-06-14T03:06:05.492+0000] {processor.py:183} INFO - Processing /home/airflow/.local/lib/python3.12/site-packages/airflow/example_dags/example_latest_only_with_trigger.py took 0.106 seconds
[2024-06-14T03:06:36.183+0000] {processor.py:161} INFO - Started process (PID=171) to work on /home/airflow/.local/lib/python3.12/site-packages/airflow/example_dags/example_latest_only_with_trigger.py
[2024-06-14T03:06:36.184+0000] {processor.py:830} INFO - Processing file /home/airflow/.local/lib/python3.12/site-packages/airflow/example_dags/example_latest_only_with_trigger.py for tasks to queue
[2024-06-14T03:06:36.187+0000] {logging_mixin.py:188} INFO - [2024-06-14T03:06:36.186+0000] {dagbag.py:545} INFO - Filling up the DagBag from /home/airflow/.local/lib/python3.12/site-packages/airflow/example_dags/example_latest_only_with_trigger.py
[2024-06-14T03:06:36.192+0000] {processor.py:840} INFO - DAG(s) 'latest_only_with_trigger' retrieved from /home/airflow/.local/lib/python3.12/site-packages/airflow/example_dags/example_latest_only_with_trigger.py
[2024-06-14T03:06:36.215+0000] {logging_mixin.py:188} INFO - [2024-06-14T03:06:36.214+0000] {dag.py:3096} INFO - Sync 1 DAGs
[2024-06-14T03:06:36.240+0000] {logging_mixin.py:188} INFO - [2024-06-14T03:06:36.240+0000] {dag.py:3954} INFO - Setting next_dagrun for latest_only_with_trigger to 2024-06-13 20:00:00+00:00, run_after=2024-06-14 00:00:00+00:00
[2024-06-14T03:06:36.258+0000] {processor.py:183} INFO - Processing /home/airflow/.local/lib/python3.12/site-packages/airflow/example_dags/example_latest_only_with_trigger.py took 0.081 seconds
[2024-06-14T04:26:20.385+0000] {processor.py:161} INFO - Started process (PID=57) to work on /home/airflow/.local/lib/python3.12/site-packages/airflow/example_dags/example_latest_only_with_trigger.py
[2024-06-14T04:26:20.386+0000] {processor.py:830} INFO - Processing file /home/airflow/.local/lib/python3.12/site-packages/airflow/example_dags/example_latest_only_with_trigger.py for tasks to queue
[2024-06-14T04:26:20.389+0000] {logging_mixin.py:188} INFO - [2024-06-14T04:26:20.389+0000] {dagbag.py:545} INFO - Filling up the DagBag from /home/airflow/.local/lib/python3.12/site-packages/airflow/example_dags/example_latest_only_with_trigger.py
[2024-06-14T04:26:20.400+0000] {processor.py:840} INFO - DAG(s) 'latest_only_with_trigger' retrieved from /home/airflow/.local/lib/python3.12/site-packages/airflow/example_dags/example_latest_only_with_trigger.py
[2024-06-14T04:26:20.557+0000] {logging_mixin.py:188} INFO - [2024-06-14T04:26:20.557+0000] {dag.py:3096} INFO - Sync 1 DAGs
[2024-06-14T04:26:20.586+0000] {logging_mixin.py:188} INFO - [2024-06-14T04:26:20.586+0000] {dag.py:3954} INFO - Setting next_dagrun for latest_only_with_trigger to 2024-06-14 00:00:00+00:00, run_after=2024-06-14 04:00:00+00:00
[2024-06-14T04:26:20.612+0000] {processor.py:183} INFO - Processing /home/airflow/.local/lib/python3.12/site-packages/airflow/example_dags/example_latest_only_with_trigger.py took 0.234 seconds
[2024-06-14T04:26:51.188+0000] {processor.py:161} INFO - Started process (PID=117) to work on /home/airflow/.local/lib/python3.12/site-packages/airflow/example_dags/example_latest_only_with_trigger.py
[2024-06-14T04:26:51.191+0000] {processor.py:830} INFO - Processing file /home/airflow/.local/lib/python3.12/site-packages/airflow/example_dags/example_latest_only_with_trigger.py for tasks to queue
[2024-06-14T04:26:51.195+0000] {logging_mixin.py:188} INFO - [2024-06-14T04:26:51.195+0000] {dagbag.py:545} INFO - Filling up the DagBag from /home/airflow/.local/lib/python3.12/site-packages/airflow/example_dags/example_latest_only_with_trigger.py
[2024-06-14T04:26:51.211+0000] {processor.py:840} INFO - DAG(s) 'latest_only_with_trigger' retrieved from /home/airflow/.local/lib/python3.12/site-packages/airflow/example_dags/example_latest_only_with_trigger.py
[2024-06-14T04:26:51.235+0000] {logging_mixin.py:188} INFO - [2024-06-14T04:26:51.234+0000] {dag.py:3096} INFO - Sync 1 DAGs
[2024-06-14T04:26:51.267+0000] {logging_mixin.py:188} INFO - [2024-06-14T04:26:51.267+0000] {dag.py:3954} INFO - Setting next_dagrun for latest_only_with_trigger to 2024-06-14 00:00:00+00:00, run_after=2024-06-14 04:00:00+00:00
[2024-06-14T04:26:51.287+0000] {processor.py:183} INFO - Processing /home/airflow/.local/lib/python3.12/site-packages/airflow/example_dags/example_latest_only_with_trigger.py took 0.107 seconds
[2024-06-14T04:27:22.009+0000] {processor.py:161} INFO - Started process (PID=177) to work on /home/airflow/.local/lib/python3.12/site-packages/airflow/example_dags/example_latest_only_with_trigger.py
[2024-06-14T04:27:22.010+0000] {processor.py:830} INFO - Processing file /home/airflow/.local/lib/python3.12/site-packages/airflow/example_dags/example_latest_only_with_trigger.py for tasks to queue
[2024-06-14T04:27:22.013+0000] {logging_mixin.py:188} INFO - [2024-06-14T04:27:22.012+0000] {dagbag.py:545} INFO - Filling up the DagBag from /home/airflow/.local/lib/python3.12/site-packages/airflow/example_dags/example_latest_only_with_trigger.py
[2024-06-14T04:27:22.019+0000] {processor.py:840} INFO - DAG(s) 'latest_only_with_trigger' retrieved from /home/airflow/.local/lib/python3.12/site-packages/airflow/example_dags/example_latest_only_with_trigger.py
[2024-06-14T04:27:22.144+0000] {logging_mixin.py:188} INFO - [2024-06-14T04:27:22.143+0000] {dag.py:3096} INFO - Sync 1 DAGs
[2024-06-14T04:27:22.162+0000] {logging_mixin.py:188} INFO - [2024-06-14T04:27:22.161+0000] {dag.py:3954} INFO - Setting next_dagrun for latest_only_with_trigger to 2024-06-14 00:00:00+00:00, run_after=2024-06-14 04:00:00+00:00
[2024-06-14T04:27:22.231+0000] {processor.py:183} INFO - Processing /home/airflow/.local/lib/python3.12/site-packages/airflow/example_dags/example_latest_only_with_trigger.py took 0.230 seconds
[2024-06-14T04:27:52.978+0000] {processor.py:161} INFO - Started process (PID=237) to work on /home/airflow/.local/lib/python3.12/site-packages/airflow/example_dags/example_latest_only_with_trigger.py
[2024-06-14T04:27:52.979+0000] {processor.py:830} INFO - Processing file /home/airflow/.local/lib/python3.12/site-packages/airflow/example_dags/example_latest_only_with_trigger.py for tasks to queue
[2024-06-14T04:27:52.981+0000] {logging_mixin.py:188} INFO - [2024-06-14T04:27:52.981+0000] {dagbag.py:545} INFO - Filling up the DagBag from /home/airflow/.local/lib/python3.12/site-packages/airflow/example_dags/example_latest_only_with_trigger.py
[2024-06-14T04:27:52.988+0000] {processor.py:840} INFO - DAG(s) 'latest_only_with_trigger' retrieved from /home/airflow/.local/lib/python3.12/site-packages/airflow/example_dags/example_latest_only_with_trigger.py
[2024-06-14T04:27:53.011+0000] {logging_mixin.py:188} INFO - [2024-06-14T04:27:53.011+0000] {dag.py:3096} INFO - Sync 1 DAGs
[2024-06-14T04:27:53.035+0000] {logging_mixin.py:188} INFO - [2024-06-14T04:27:53.034+0000] {dag.py:3954} INFO - Setting next_dagrun for latest_only_with_trigger to 2024-06-14 00:00:00+00:00, run_after=2024-06-14 04:00:00+00:00
[2024-06-14T04:27:53.061+0000] {processor.py:183} INFO - Processing /home/airflow/.local/lib/python3.12/site-packages/airflow/example_dags/example_latest_only_with_trigger.py took 0.090 seconds
[2024-06-14T04:28:23.236+0000] {processor.py:161} INFO - Started process (PID=298) to work on /home/airflow/.local/lib/python3.12/site-packages/airflow/example_dags/example_latest_only_with_trigger.py
[2024-06-14T04:28:23.238+0000] {processor.py:830} INFO - Processing file /home/airflow/.local/lib/python3.12/site-packages/airflow/example_dags/example_latest_only_with_trigger.py for tasks to queue
[2024-06-14T04:28:23.240+0000] {logging_mixin.py:188} INFO - [2024-06-14T04:28:23.240+0000] {dagbag.py:545} INFO - Filling up the DagBag from /home/airflow/.local/lib/python3.12/site-packages/airflow/example_dags/example_latest_only_with_trigger.py
[2024-06-14T04:28:23.246+0000] {processor.py:840} INFO - DAG(s) 'latest_only_with_trigger' retrieved from /home/airflow/.local/lib/python3.12/site-packages/airflow/example_dags/example_latest_only_with_trigger.py
[2024-06-14T04:28:23.269+0000] {logging_mixin.py:188} INFO - [2024-06-14T04:28:23.269+0000] {dag.py:3096} INFO - Sync 1 DAGs
[2024-06-14T04:28:23.291+0000] {logging_mixin.py:188} INFO - [2024-06-14T04:28:23.291+0000] {dag.py:3954} INFO - Setting next_dagrun for latest_only_with_trigger to 2024-06-14 00:00:00+00:00, run_after=2024-06-14 04:00:00+00:00
[2024-06-14T04:28:23.314+0000] {processor.py:183} INFO - Processing /home/airflow/.local/lib/python3.12/site-packages/airflow/example_dags/example_latest_only_with_trigger.py took 0.084 seconds
[2024-06-14T04:29:25.730+0000] {processor.py:161} INFO - Started process (PID=370) to work on /home/airflow/.local/lib/python3.12/site-packages/airflow/example_dags/example_latest_only_with_trigger.py
[2024-06-14T04:29:25.733+0000] {processor.py:830} INFO - Processing file /home/airflow/.local/lib/python3.12/site-packages/airflow/example_dags/example_latest_only_with_trigger.py for tasks to queue
[2024-06-14T04:29:25.736+0000] {logging_mixin.py:188} INFO - [2024-06-14T04:29:25.735+0000] {dagbag.py:545} INFO - Filling up the DagBag from /home/airflow/.local/lib/python3.12/site-packages/airflow/example_dags/example_latest_only_with_trigger.py
[2024-06-14T04:29:25.743+0000] {processor.py:840} INFO - DAG(s) 'latest_only_with_trigger' retrieved from /home/airflow/.local/lib/python3.12/site-packages/airflow/example_dags/example_latest_only_with_trigger.py
[2024-06-14T04:29:25.769+0000] {logging_mixin.py:188} INFO - [2024-06-14T04:29:25.769+0000] {dag.py:3096} INFO - Sync 1 DAGs
[2024-06-14T04:29:25.803+0000] {logging_mixin.py:188} INFO - [2024-06-14T04:29:25.802+0000] {dag.py:3954} INFO - Setting next_dagrun for latest_only_with_trigger to 2024-06-14 00:00:00+00:00, run_after=2024-06-14 04:00:00+00:00
[2024-06-14T04:29:25.855+0000] {processor.py:183} INFO - Processing /home/airflow/.local/lib/python3.12/site-packages/airflow/example_dags/example_latest_only_with_trigger.py took 0.130 seconds
[2024-06-14T04:29:56.854+0000] {processor.py:161} INFO - Started process (PID=430) to work on /home/airflow/.local/lib/python3.12/site-packages/airflow/example_dags/example_latest_only_with_trigger.py
[2024-06-14T04:29:56.856+0000] {processor.py:830} INFO - Processing file /home/airflow/.local/lib/python3.12/site-packages/airflow/example_dags/example_latest_only_with_trigger.py for tasks to queue
[2024-06-14T04:29:56.860+0000] {logging_mixin.py:188} INFO - [2024-06-14T04:29:56.859+0000] {dagbag.py:545} INFO - Filling up the DagBag from /home/airflow/.local/lib/python3.12/site-packages/airflow/example_dags/example_latest_only_with_trigger.py
[2024-06-14T04:29:56.868+0000] {processor.py:840} INFO - DAG(s) 'latest_only_with_trigger' retrieved from /home/airflow/.local/lib/python3.12/site-packages/airflow/example_dags/example_latest_only_with_trigger.py
[2024-06-14T04:29:56.901+0000] {logging_mixin.py:188} INFO - [2024-06-14T04:29:56.901+0000] {dag.py:3096} INFO - Sync 1 DAGs
[2024-06-14T04:29:56.933+0000] {logging_mixin.py:188} INFO - [2024-06-14T04:29:56.932+0000] {dag.py:3954} INFO - Setting next_dagrun for latest_only_with_trigger to 2024-06-14 00:00:00+00:00, run_after=2024-06-14 04:00:00+00:00
[2024-06-14T04:29:56.961+0000] {processor.py:183} INFO - Processing /home/airflow/.local/lib/python3.12/site-packages/airflow/example_dags/example_latest_only_with_trigger.py took 0.116 seconds
[2024-06-14T04:30:43.297+0000] {processor.py:161} INFO - Started process (PID=496) to work on /home/airflow/.local/lib/python3.12/site-packages/airflow/example_dags/example_latest_only_with_trigger.py
[2024-06-14T04:30:43.298+0000] {processor.py:830} INFO - Processing file /home/airflow/.local/lib/python3.12/site-packages/airflow/example_dags/example_latest_only_with_trigger.py for tasks to queue
[2024-06-14T04:30:43.301+0000] {logging_mixin.py:188} INFO - [2024-06-14T04:30:43.300+0000] {dagbag.py:545} INFO - Filling up the DagBag from /home/airflow/.local/lib/python3.12/site-packages/airflow/example_dags/example_latest_only_with_trigger.py
[2024-06-14T04:30:43.308+0000] {processor.py:840} INFO - DAG(s) 'latest_only_with_trigger' retrieved from /home/airflow/.local/lib/python3.12/site-packages/airflow/example_dags/example_latest_only_with_trigger.py
[2024-06-14T04:30:43.334+0000] {logging_mixin.py:188} INFO - [2024-06-14T04:30:43.333+0000] {dag.py:3096} INFO - Sync 1 DAGs
[2024-06-14T04:30:43.411+0000] {logging_mixin.py:188} INFO - [2024-06-14T04:30:43.410+0000] {dag.py:3954} INFO - Setting next_dagrun for latest_only_with_trigger to 2024-06-14 00:00:00+00:00, run_after=2024-06-14 04:00:00+00:00
[2024-06-14T04:30:43.454+0000] {processor.py:183} INFO - Processing /home/airflow/.local/lib/python3.12/site-packages/airflow/example_dags/example_latest_only_with_trigger.py took 0.165 seconds
[2024-06-14T04:31:14.429+0000] {processor.py:161} INFO - Started process (PID=578) to work on /home/airflow/.local/lib/python3.12/site-packages/airflow/example_dags/example_latest_only_with_trigger.py
[2024-06-14T04:31:14.431+0000] {processor.py:830} INFO - Processing file /home/airflow/.local/lib/python3.12/site-packages/airflow/example_dags/example_latest_only_with_trigger.py for tasks to queue
[2024-06-14T04:31:14.433+0000] {logging_mixin.py:188} INFO - [2024-06-14T04:31:14.432+0000] {dagbag.py:545} INFO - Filling up the DagBag from /home/airflow/.local/lib/python3.12/site-packages/airflow/example_dags/example_latest_only_with_trigger.py
[2024-06-14T04:31:14.438+0000] {processor.py:840} INFO - DAG(s) 'latest_only_with_trigger' retrieved from /home/airflow/.local/lib/python3.12/site-packages/airflow/example_dags/example_latest_only_with_trigger.py
[2024-06-14T04:31:14.460+0000] {logging_mixin.py:188} INFO - [2024-06-14T04:31:14.460+0000] {dag.py:3096} INFO - Sync 1 DAGs
[2024-06-14T04:31:14.481+0000] {logging_mixin.py:188} INFO - [2024-06-14T04:31:14.481+0000] {dag.py:3954} INFO - Setting next_dagrun for latest_only_with_trigger to 2024-06-14 00:00:00+00:00, run_after=2024-06-14 04:00:00+00:00
[2024-06-14T04:31:14.503+0000] {processor.py:183} INFO - Processing /home/airflow/.local/lib/python3.12/site-packages/airflow/example_dags/example_latest_only_with_trigger.py took 0.079 seconds
[2024-06-14T04:31:44.847+0000] {processor.py:161} INFO - Started process (PID=638) to work on /home/airflow/.local/lib/python3.12/site-packages/airflow/example_dags/example_latest_only_with_trigger.py
[2024-06-14T04:31:44.848+0000] {processor.py:830} INFO - Processing file /home/airflow/.local/lib/python3.12/site-packages/airflow/example_dags/example_latest_only_with_trigger.py for tasks to queue
[2024-06-14T04:31:44.850+0000] {logging_mixin.py:188} INFO - [2024-06-14T04:31:44.850+0000] {dagbag.py:545} INFO - Filling up the DagBag from /home/airflow/.local/lib/python3.12/site-packages/airflow/example_dags/example_latest_only_with_trigger.py
[2024-06-14T04:31:44.856+0000] {processor.py:840} INFO - DAG(s) 'latest_only_with_trigger' retrieved from /home/airflow/.local/lib/python3.12/site-packages/airflow/example_dags/example_latest_only_with_trigger.py
[2024-06-14T04:31:44.876+0000] {logging_mixin.py:188} INFO - [2024-06-14T04:31:44.876+0000] {dag.py:3096} INFO - Sync 1 DAGs
[2024-06-14T04:31:44.896+0000] {logging_mixin.py:188} INFO - [2024-06-14T04:31:44.896+0000] {dag.py:3954} INFO - Setting next_dagrun for latest_only_with_trigger to 2024-06-14 00:00:00+00:00, run_after=2024-06-14 04:00:00+00:00
[2024-06-14T04:31:44.917+0000] {processor.py:183} INFO - Processing /home/airflow/.local/lib/python3.12/site-packages/airflow/example_dags/example_latest_only_with_trigger.py took 0.075 seconds
[2024-06-14T04:32:15.172+0000] {processor.py:161} INFO - Started process (PID=698) to work on /home/airflow/.local/lib/python3.12/site-packages/airflow/example_dags/example_latest_only_with_trigger.py
[2024-06-14T04:32:15.174+0000] {processor.py:830} INFO - Processing file /home/airflow/.local/lib/python3.12/site-packages/airflow/example_dags/example_latest_only_with_trigger.py for tasks to queue
[2024-06-14T04:32:15.177+0000] {logging_mixin.py:188} INFO - [2024-06-14T04:32:15.176+0000] {dagbag.py:545} INFO - Filling up the DagBag from /home/airflow/.local/lib/python3.12/site-packages/airflow/example_dags/example_latest_only_with_trigger.py
[2024-06-14T04:32:15.184+0000] {processor.py:840} INFO - DAG(s) 'latest_only_with_trigger' retrieved from /home/airflow/.local/lib/python3.12/site-packages/airflow/example_dags/example_latest_only_with_trigger.py
[2024-06-14T04:32:15.209+0000] {logging_mixin.py:188} INFO - [2024-06-14T04:32:15.208+0000] {dag.py:3096} INFO - Sync 1 DAGs
[2024-06-14T04:32:15.234+0000] {logging_mixin.py:188} INFO - [2024-06-14T04:32:15.233+0000] {dag.py:3954} INFO - Setting next_dagrun for latest_only_with_trigger to 2024-06-14 00:00:00+00:00, run_after=2024-06-14 04:00:00+00:00
[2024-06-14T04:32:15.260+0000] {processor.py:183} INFO - Processing /home/airflow/.local/lib/python3.12/site-packages/airflow/example_dags/example_latest_only_with_trigger.py took 0.094 seconds
