[2024-06-14T03:05:35.059+0000] {processor.py:161} INFO - Started process (PID=59) to work on /home/airflow/.local/lib/python3.12/site-packages/airflow/example_dags/example_datasets.py
[2024-06-14T03:05:35.061+0000] {processor.py:830} INFO - Processing file /home/airflow/.local/lib/python3.12/site-packages/airflow/example_dags/example_datasets.py for tasks to queue
[2024-06-14T03:05:35.063+0000] {logging_mixin.py:188} INFO - [2024-06-14T03:05:35.062+0000] {dagbag.py:545} INFO - Filling up the DagBag from /home/airflow/.local/lib/python3.12/site-packages/airflow/example_dags/example_datasets.py
[2024-06-14T03:05:35.082+0000] {processor.py:840} INFO - DAG(s) 'dataset_produces_1', 'dataset_consumes_1', 'dataset_produces_2', 'consume_1_or_2_with_dataset_expressions', 'consume_1_and_2_with_dataset_expressions', 'consume_1_or_both_2_and_3_with_dataset_expressions', 'conditional_dataset_and_time_based_timetable', 'dataset_consumes_unknown_never_scheduled', 'dataset_consumes_1_never_scheduled', 'dataset_consumes_1_and_2' retrieved from /home/airflow/.local/lib/python3.12/site-packages/airflow/example_dags/example_datasets.py
[2024-06-14T03:05:35.137+0000] {logging_mixin.py:188} INFO - [2024-06-14T03:05:35.136+0000] {dag.py:3096} INFO - Sync 10 DAGs
[2024-06-14T03:05:35.164+0000] {logging_mixin.py:188} INFO - [2024-06-14T03:05:35.164+0000] {dag.py:3954} INFO - Setting next_dagrun for conditional_dataset_and_time_based_timetable to 2024-06-12 01:00:00+00:00, run_after=2024-06-12 01:00:00+00:00
[2024-06-14T03:05:35.169+0000] {logging_mixin.py:188} INFO - [2024-06-14T03:05:35.169+0000] {dag.py:3954} INFO - Setting next_dagrun for consume_1_and_2_with_dataset_expressions to None, run_after=None
[2024-06-14T03:05:35.172+0000] {logging_mixin.py:188} INFO - [2024-06-14T03:05:35.171+0000] {dag.py:3954} INFO - Setting next_dagrun for consume_1_or_2_with_dataset_expressions to None, run_after=None
[2024-06-14T03:05:35.174+0000] {logging_mixin.py:188} INFO - [2024-06-14T03:05:35.174+0000] {dag.py:3954} INFO - Setting next_dagrun for consume_1_or_both_2_and_3_with_dataset_expressions to None, run_after=None
[2024-06-14T03:05:35.176+0000] {logging_mixin.py:188} INFO - [2024-06-14T03:05:35.175+0000] {dag.py:3954} INFO - Setting next_dagrun for dataset_consumes_1 to None, run_after=None
[2024-06-14T03:05:35.178+0000] {logging_mixin.py:188} INFO - [2024-06-14T03:05:35.177+0000] {dag.py:3954} INFO - Setting next_dagrun for dataset_consumes_1_and_2 to None, run_after=None
[2024-06-14T03:05:35.179+0000] {logging_mixin.py:188} INFO - [2024-06-14T03:05:35.179+0000] {dag.py:3954} INFO - Setting next_dagrun for dataset_consumes_1_never_scheduled to None, run_after=None
[2024-06-14T03:05:35.182+0000] {logging_mixin.py:188} INFO - [2024-06-14T03:05:35.181+0000] {dag.py:3954} INFO - Setting next_dagrun for dataset_consumes_unknown_never_scheduled to None, run_after=None
[2024-06-14T03:05:35.186+0000] {logging_mixin.py:188} INFO - [2024-06-14T03:05:35.185+0000] {dag.py:3954} INFO - Setting next_dagrun for dataset_produces_1 to 2024-06-13 00:00:00+00:00, run_after=2024-06-14 00:00:00+00:00
[2024-06-14T03:05:35.188+0000] {logging_mixin.py:188} INFO - [2024-06-14T03:05:35.188+0000] {dag.py:3954} INFO - Setting next_dagrun for dataset_produces_2 to None, run_after=None
[2024-06-14T03:05:35.238+0000] {processor.py:183} INFO - Processing /home/airflow/.local/lib/python3.12/site-packages/airflow/example_dags/example_datasets.py took 0.186 seconds
[2024-06-14T03:06:05.910+0000] {processor.py:161} INFO - Started process (PID=119) to work on /home/airflow/.local/lib/python3.12/site-packages/airflow/example_dags/example_datasets.py
[2024-06-14T03:06:05.912+0000] {processor.py:830} INFO - Processing file /home/airflow/.local/lib/python3.12/site-packages/airflow/example_dags/example_datasets.py for tasks to queue
[2024-06-14T03:06:05.914+0000] {logging_mixin.py:188} INFO - [2024-06-14T03:06:05.913+0000] {dagbag.py:545} INFO - Filling up the DagBag from /home/airflow/.local/lib/python3.12/site-packages/airflow/example_dags/example_datasets.py
[2024-06-14T03:06:05.928+0000] {processor.py:840} INFO - DAG(s) 'dataset_consumes_1', 'dataset_consumes_1_and_2', 'consume_1_or_2_with_dataset_expressions', 'dataset_consumes_1_never_scheduled', 'consume_1_and_2_with_dataset_expressions', 'conditional_dataset_and_time_based_timetable', 'dataset_produces_2', 'dataset_consumes_unknown_never_scheduled', 'consume_1_or_both_2_and_3_with_dataset_expressions', 'dataset_produces_1' retrieved from /home/airflow/.local/lib/python3.12/site-packages/airflow/example_dags/example_datasets.py
[2024-06-14T03:06:05.988+0000] {logging_mixin.py:188} INFO - [2024-06-14T03:06:05.988+0000] {dag.py:3096} INFO - Sync 10 DAGs
[2024-06-14T03:06:06.016+0000] {logging_mixin.py:188} INFO - [2024-06-14T03:06:06.016+0000] {dag.py:3954} INFO - Setting next_dagrun for conditional_dataset_and_time_based_timetable to 2024-06-12 01:00:00+00:00, run_after=2024-06-12 01:00:00+00:00
[2024-06-14T03:06:06.020+0000] {logging_mixin.py:188} INFO - [2024-06-14T03:06:06.020+0000] {dag.py:3954} INFO - Setting next_dagrun for consume_1_and_2_with_dataset_expressions to None, run_after=None
[2024-06-14T03:06:06.022+0000] {logging_mixin.py:188} INFO - [2024-06-14T03:06:06.022+0000] {dag.py:3954} INFO - Setting next_dagrun for consume_1_or_2_with_dataset_expressions to None, run_after=None
[2024-06-14T03:06:06.023+0000] {logging_mixin.py:188} INFO - [2024-06-14T03:06:06.023+0000] {dag.py:3954} INFO - Setting next_dagrun for consume_1_or_both_2_and_3_with_dataset_expressions to None, run_after=None
[2024-06-14T03:06:06.026+0000] {logging_mixin.py:188} INFO - [2024-06-14T03:06:06.026+0000] {dag.py:3954} INFO - Setting next_dagrun for dataset_consumes_1 to None, run_after=None
[2024-06-14T03:06:06.028+0000] {logging_mixin.py:188} INFO - [2024-06-14T03:06:06.028+0000] {dag.py:3954} INFO - Setting next_dagrun for dataset_consumes_1_and_2 to None, run_after=None
[2024-06-14T03:06:06.030+0000] {logging_mixin.py:188} INFO - [2024-06-14T03:06:06.029+0000] {dag.py:3954} INFO - Setting next_dagrun for dataset_consumes_1_never_scheduled to None, run_after=None
[2024-06-14T03:06:06.031+0000] {logging_mixin.py:188} INFO - [2024-06-14T03:06:06.031+0000] {dag.py:3954} INFO - Setting next_dagrun for dataset_consumes_unknown_never_scheduled to None, run_after=None
[2024-06-14T03:06:06.034+0000] {logging_mixin.py:188} INFO - [2024-06-14T03:06:06.034+0000] {dag.py:3954} INFO - Setting next_dagrun for dataset_produces_1 to 2024-06-13 00:00:00+00:00, run_after=2024-06-14 00:00:00+00:00
[2024-06-14T03:06:06.036+0000] {logging_mixin.py:188} INFO - [2024-06-14T03:06:06.035+0000] {dag.py:3954} INFO - Setting next_dagrun for dataset_produces_2 to None, run_after=None
[2024-06-14T03:06:06.073+0000] {processor.py:183} INFO - Processing /home/airflow/.local/lib/python3.12/site-packages/airflow/example_dags/example_datasets.py took 0.169 seconds
[2024-06-14T03:06:36.618+0000] {processor.py:161} INFO - Started process (PID=179) to work on /home/airflow/.local/lib/python3.12/site-packages/airflow/example_dags/example_datasets.py
[2024-06-14T03:06:36.619+0000] {processor.py:830} INFO - Processing file /home/airflow/.local/lib/python3.12/site-packages/airflow/example_dags/example_datasets.py for tasks to queue
[2024-06-14T03:06:36.621+0000] {logging_mixin.py:188} INFO - [2024-06-14T03:06:36.621+0000] {dagbag.py:545} INFO - Filling up the DagBag from /home/airflow/.local/lib/python3.12/site-packages/airflow/example_dags/example_datasets.py
[2024-06-14T03:06:36.634+0000] {processor.py:840} INFO - DAG(s) 'dataset_produces_1', 'consume_1_or_both_2_and_3_with_dataset_expressions', 'dataset_consumes_1_never_scheduled', 'dataset_produces_2', 'conditional_dataset_and_time_based_timetable', 'dataset_consumes_1', 'dataset_consumes_1_and_2', 'dataset_consumes_unknown_never_scheduled', 'consume_1_and_2_with_dataset_expressions', 'consume_1_or_2_with_dataset_expressions' retrieved from /home/airflow/.local/lib/python3.12/site-packages/airflow/example_dags/example_datasets.py
[2024-06-14T03:06:36.689+0000] {logging_mixin.py:188} INFO - [2024-06-14T03:06:36.688+0000] {dag.py:3096} INFO - Sync 10 DAGs
[2024-06-14T03:06:36.720+0000] {logging_mixin.py:188} INFO - [2024-06-14T03:06:36.719+0000] {dag.py:3954} INFO - Setting next_dagrun for conditional_dataset_and_time_based_timetable to 2024-06-12 01:00:00+00:00, run_after=2024-06-12 01:00:00+00:00
[2024-06-14T03:06:36.724+0000] {logging_mixin.py:188} INFO - [2024-06-14T03:06:36.724+0000] {dag.py:3954} INFO - Setting next_dagrun for consume_1_and_2_with_dataset_expressions to None, run_after=None
[2024-06-14T03:06:36.726+0000] {logging_mixin.py:188} INFO - [2024-06-14T03:06:36.726+0000] {dag.py:3954} INFO - Setting next_dagrun for consume_1_or_2_with_dataset_expressions to None, run_after=None
[2024-06-14T03:06:36.728+0000] {logging_mixin.py:188} INFO - [2024-06-14T03:06:36.728+0000] {dag.py:3954} INFO - Setting next_dagrun for consume_1_or_both_2_and_3_with_dataset_expressions to None, run_after=None
[2024-06-14T03:06:36.731+0000] {logging_mixin.py:188} INFO - [2024-06-14T03:06:36.730+0000] {dag.py:3954} INFO - Setting next_dagrun for dataset_consumes_1 to None, run_after=None
[2024-06-14T03:06:36.733+0000] {logging_mixin.py:188} INFO - [2024-06-14T03:06:36.732+0000] {dag.py:3954} INFO - Setting next_dagrun for dataset_consumes_1_and_2 to None, run_after=None
[2024-06-14T03:06:36.734+0000] {logging_mixin.py:188} INFO - [2024-06-14T03:06:36.734+0000] {dag.py:3954} INFO - Setting next_dagrun for dataset_consumes_1_never_scheduled to None, run_after=None
[2024-06-14T03:06:36.737+0000] {logging_mixin.py:188} INFO - [2024-06-14T03:06:36.737+0000] {dag.py:3954} INFO - Setting next_dagrun for dataset_consumes_unknown_never_scheduled to None, run_after=None
[2024-06-14T03:06:36.740+0000] {logging_mixin.py:188} INFO - [2024-06-14T03:06:36.740+0000] {dag.py:3954} INFO - Setting next_dagrun for dataset_produces_1 to 2024-06-13 00:00:00+00:00, run_after=2024-06-14 00:00:00+00:00
[2024-06-14T03:06:36.742+0000] {logging_mixin.py:188} INFO - [2024-06-14T03:06:36.742+0000] {dag.py:3954} INFO - Setting next_dagrun for dataset_produces_2 to None, run_after=None
[2024-06-14T03:06:36.777+0000] {processor.py:183} INFO - Processing /home/airflow/.local/lib/python3.12/site-packages/airflow/example_dags/example_datasets.py took 0.164 seconds
[2024-06-14T04:26:21.397+0000] {processor.py:161} INFO - Started process (PID=65) to work on /home/airflow/.local/lib/python3.12/site-packages/airflow/example_dags/example_datasets.py
[2024-06-14T04:26:21.399+0000] {processor.py:830} INFO - Processing file /home/airflow/.local/lib/python3.12/site-packages/airflow/example_dags/example_datasets.py for tasks to queue
[2024-06-14T04:26:21.402+0000] {logging_mixin.py:188} INFO - [2024-06-14T04:26:21.401+0000] {dagbag.py:545} INFO - Filling up the DagBag from /home/airflow/.local/lib/python3.12/site-packages/airflow/example_dags/example_datasets.py
[2024-06-14T04:26:21.431+0000] {processor.py:840} INFO - DAG(s) 'consume_1_or_2_with_dataset_expressions', 'conditional_dataset_and_time_based_timetable', 'dataset_consumes_1_never_scheduled', 'consume_1_or_both_2_and_3_with_dataset_expressions', 'dataset_produces_2', 'dataset_consumes_unknown_never_scheduled', 'consume_1_and_2_with_dataset_expressions', 'dataset_consumes_1_and_2', 'dataset_consumes_1', 'dataset_produces_1' retrieved from /home/airflow/.local/lib/python3.12/site-packages/airflow/example_dags/example_datasets.py
[2024-06-14T04:26:21.763+0000] {logging_mixin.py:188} INFO - [2024-06-14T04:26:21.762+0000] {dag.py:3096} INFO - Sync 10 DAGs
[2024-06-14T04:26:21.803+0000] {logging_mixin.py:188} INFO - [2024-06-14T04:26:21.803+0000] {dag.py:3954} INFO - Setting next_dagrun for conditional_dataset_and_time_based_timetable to 2024-06-12 01:00:00+00:00, run_after=2024-06-12 01:00:00+00:00
[2024-06-14T04:26:21.808+0000] {logging_mixin.py:188} INFO - [2024-06-14T04:26:21.808+0000] {dag.py:3954} INFO - Setting next_dagrun for consume_1_and_2_with_dataset_expressions to None, run_after=None
[2024-06-14T04:26:21.812+0000] {logging_mixin.py:188} INFO - [2024-06-14T04:26:21.811+0000] {dag.py:3954} INFO - Setting next_dagrun for consume_1_or_2_with_dataset_expressions to None, run_after=None
[2024-06-14T04:26:21.815+0000] {logging_mixin.py:188} INFO - [2024-06-14T04:26:21.814+0000] {dag.py:3954} INFO - Setting next_dagrun for consume_1_or_both_2_and_3_with_dataset_expressions to None, run_after=None
[2024-06-14T04:26:21.817+0000] {logging_mixin.py:188} INFO - [2024-06-14T04:26:21.816+0000] {dag.py:3954} INFO - Setting next_dagrun for dataset_consumes_1 to None, run_after=None
[2024-06-14T04:26:21.819+0000] {logging_mixin.py:188} INFO - [2024-06-14T04:26:21.819+0000] {dag.py:3954} INFO - Setting next_dagrun for dataset_consumes_1_and_2 to None, run_after=None
[2024-06-14T04:26:21.822+0000] {logging_mixin.py:188} INFO - [2024-06-14T04:26:21.821+0000] {dag.py:3954} INFO - Setting next_dagrun for dataset_consumes_1_never_scheduled to None, run_after=None
[2024-06-14T04:26:21.824+0000] {logging_mixin.py:188} INFO - [2024-06-14T04:26:21.824+0000] {dag.py:3954} INFO - Setting next_dagrun for dataset_consumes_unknown_never_scheduled to None, run_after=None
[2024-06-14T04:26:21.829+0000] {logging_mixin.py:188} INFO - [2024-06-14T04:26:21.828+0000] {dag.py:3954} INFO - Setting next_dagrun for dataset_produces_1 to 2024-06-13 00:00:00+00:00, run_after=2024-06-14 00:00:00+00:00
[2024-06-14T04:26:21.831+0000] {logging_mixin.py:188} INFO - [2024-06-14T04:26:21.831+0000] {dag.py:3954} INFO - Setting next_dagrun for dataset_produces_2 to None, run_after=None
[2024-06-14T04:26:21.972+0000] {processor.py:183} INFO - Processing /home/airflow/.local/lib/python3.12/site-packages/airflow/example_dags/example_datasets.py took 0.583 seconds
[2024-06-14T04:26:52.647+0000] {processor.py:161} INFO - Started process (PID=125) to work on /home/airflow/.local/lib/python3.12/site-packages/airflow/example_dags/example_datasets.py
[2024-06-14T04:26:52.648+0000] {processor.py:830} INFO - Processing file /home/airflow/.local/lib/python3.12/site-packages/airflow/example_dags/example_datasets.py for tasks to queue
[2024-06-14T04:26:52.651+0000] {logging_mixin.py:188} INFO - [2024-06-14T04:26:52.651+0000] {dagbag.py:545} INFO - Filling up the DagBag from /home/airflow/.local/lib/python3.12/site-packages/airflow/example_dags/example_datasets.py
[2024-06-14T04:26:52.670+0000] {processor.py:840} INFO - DAG(s) 'dataset_produces_1', 'dataset_produces_2', 'consume_1_or_both_2_and_3_with_dataset_expressions', 'dataset_consumes_1_never_scheduled', 'dataset_consumes_1_and_2', 'conditional_dataset_and_time_based_timetable', 'dataset_consumes_1', 'dataset_consumes_unknown_never_scheduled', 'consume_1_or_2_with_dataset_expressions', 'consume_1_and_2_with_dataset_expressions' retrieved from /home/airflow/.local/lib/python3.12/site-packages/airflow/example_dags/example_datasets.py
[2024-06-14T04:26:52.692+0000] {logging_mixin.py:188} INFO - [2024-06-14T04:26:52.692+0000] {dag.py:3096} INFO - Sync 10 DAGs
[2024-06-14T04:26:52.731+0000] {logging_mixin.py:188} INFO - [2024-06-14T04:26:52.731+0000] {dag.py:3954} INFO - Setting next_dagrun for conditional_dataset_and_time_based_timetable to 2024-06-12 01:00:00+00:00, run_after=2024-06-12 01:00:00+00:00
[2024-06-14T04:26:52.735+0000] {logging_mixin.py:188} INFO - [2024-06-14T04:26:52.735+0000] {dag.py:3954} INFO - Setting next_dagrun for consume_1_and_2_with_dataset_expressions to None, run_after=None
[2024-06-14T04:26:52.739+0000] {logging_mixin.py:188} INFO - [2024-06-14T04:26:52.739+0000] {dag.py:3954} INFO - Setting next_dagrun for consume_1_or_2_with_dataset_expressions to None, run_after=None
[2024-06-14T04:26:52.741+0000] {logging_mixin.py:188} INFO - [2024-06-14T04:26:52.741+0000] {dag.py:3954} INFO - Setting next_dagrun for consume_1_or_both_2_and_3_with_dataset_expressions to None, run_after=None
[2024-06-14T04:26:52.742+0000] {logging_mixin.py:188} INFO - [2024-06-14T04:26:52.742+0000] {dag.py:3954} INFO - Setting next_dagrun for dataset_consumes_1 to None, run_after=None
[2024-06-14T04:26:52.744+0000] {logging_mixin.py:188} INFO - [2024-06-14T04:26:52.743+0000] {dag.py:3954} INFO - Setting next_dagrun for dataset_consumes_1_and_2 to None, run_after=None
[2024-06-14T04:26:52.745+0000] {logging_mixin.py:188} INFO - [2024-06-14T04:26:52.745+0000] {dag.py:3954} INFO - Setting next_dagrun for dataset_consumes_1_never_scheduled to None, run_after=None
[2024-06-14T04:26:52.747+0000] {logging_mixin.py:188} INFO - [2024-06-14T04:26:52.747+0000] {dag.py:3954} INFO - Setting next_dagrun for dataset_consumes_unknown_never_scheduled to None, run_after=None
[2024-06-14T04:26:52.750+0000] {logging_mixin.py:188} INFO - [2024-06-14T04:26:52.750+0000] {dag.py:3954} INFO - Setting next_dagrun for dataset_produces_1 to 2024-06-13 00:00:00+00:00, run_after=2024-06-14 00:00:00+00:00
[2024-06-14T04:26:52.752+0000] {logging_mixin.py:188} INFO - [2024-06-14T04:26:52.752+0000] {dag.py:3954} INFO - Setting next_dagrun for dataset_produces_2 to None, run_after=None
[2024-06-14T04:26:52.809+0000] {processor.py:183} INFO - Processing /home/airflow/.local/lib/python3.12/site-packages/airflow/example_dags/example_datasets.py took 0.169 seconds
[2024-06-14T04:27:22.875+0000] {processor.py:161} INFO - Started process (PID=185) to work on /home/airflow/.local/lib/python3.12/site-packages/airflow/example_dags/example_datasets.py
[2024-06-14T04:27:22.877+0000] {processor.py:830} INFO - Processing file /home/airflow/.local/lib/python3.12/site-packages/airflow/example_dags/example_datasets.py for tasks to queue
[2024-06-14T04:27:22.880+0000] {logging_mixin.py:188} INFO - [2024-06-14T04:27:22.880+0000] {dagbag.py:545} INFO - Filling up the DagBag from /home/airflow/.local/lib/python3.12/site-packages/airflow/example_dags/example_datasets.py
[2024-06-14T04:27:22.897+0000] {processor.py:840} INFO - DAG(s) 'dataset_consumes_1', 'dataset_consumes_unknown_never_scheduled', 'consume_1_or_both_2_and_3_with_dataset_expressions', 'dataset_consumes_1_and_2', 'consume_1_or_2_with_dataset_expressions', 'conditional_dataset_and_time_based_timetable', 'dataset_consumes_1_never_scheduled', 'dataset_produces_1', 'consume_1_and_2_with_dataset_expressions', 'dataset_produces_2' retrieved from /home/airflow/.local/lib/python3.12/site-packages/airflow/example_dags/example_datasets.py
[2024-06-14T04:27:23.105+0000] {logging_mixin.py:188} INFO - [2024-06-14T04:27:23.105+0000] {dag.py:3096} INFO - Sync 10 DAGs
[2024-06-14T04:27:23.128+0000] {logging_mixin.py:188} INFO - [2024-06-14T04:27:23.127+0000] {dag.py:3954} INFO - Setting next_dagrun for conditional_dataset_and_time_based_timetable to 2024-06-12 01:00:00+00:00, run_after=2024-06-12 01:00:00+00:00
[2024-06-14T04:27:23.133+0000] {logging_mixin.py:188} INFO - [2024-06-14T04:27:23.132+0000] {dag.py:3954} INFO - Setting next_dagrun for consume_1_and_2_with_dataset_expressions to None, run_after=None
[2024-06-14T04:27:23.134+0000] {logging_mixin.py:188} INFO - [2024-06-14T04:27:23.134+0000] {dag.py:3954} INFO - Setting next_dagrun for consume_1_or_2_with_dataset_expressions to None, run_after=None
[2024-06-14T04:27:23.137+0000] {logging_mixin.py:188} INFO - [2024-06-14T04:27:23.136+0000] {dag.py:3954} INFO - Setting next_dagrun for consume_1_or_both_2_and_3_with_dataset_expressions to None, run_after=None
[2024-06-14T04:27:23.139+0000] {logging_mixin.py:188} INFO - [2024-06-14T04:27:23.139+0000] {dag.py:3954} INFO - Setting next_dagrun for dataset_consumes_1 to None, run_after=None
[2024-06-14T04:27:23.141+0000] {logging_mixin.py:188} INFO - [2024-06-14T04:27:23.141+0000] {dag.py:3954} INFO - Setting next_dagrun for dataset_consumes_1_and_2 to None, run_after=None
[2024-06-14T04:27:23.143+0000] {logging_mixin.py:188} INFO - [2024-06-14T04:27:23.143+0000] {dag.py:3954} INFO - Setting next_dagrun for dataset_consumes_1_never_scheduled to None, run_after=None
[2024-06-14T04:27:23.145+0000] {logging_mixin.py:188} INFO - [2024-06-14T04:27:23.145+0000] {dag.py:3954} INFO - Setting next_dagrun for dataset_consumes_unknown_never_scheduled to None, run_after=None
[2024-06-14T04:27:23.147+0000] {logging_mixin.py:188} INFO - [2024-06-14T04:27:23.147+0000] {dag.py:3954} INFO - Setting next_dagrun for dataset_produces_1 to 2024-06-13 00:00:00+00:00, run_after=2024-06-14 00:00:00+00:00
[2024-06-14T04:27:23.149+0000] {logging_mixin.py:188} INFO - [2024-06-14T04:27:23.149+0000] {dag.py:3954} INFO - Setting next_dagrun for dataset_produces_2 to None, run_after=None
[2024-06-14T04:27:23.190+0000] {processor.py:183} INFO - Processing /home/airflow/.local/lib/python3.12/site-packages/airflow/example_dags/example_datasets.py took 0.323 seconds
[2024-06-14T04:27:53.420+0000] {processor.py:161} INFO - Started process (PID=245) to work on /home/airflow/.local/lib/python3.12/site-packages/airflow/example_dags/example_datasets.py
[2024-06-14T04:27:53.422+0000] {processor.py:830} INFO - Processing file /home/airflow/.local/lib/python3.12/site-packages/airflow/example_dags/example_datasets.py for tasks to queue
[2024-06-14T04:27:53.424+0000] {logging_mixin.py:188} INFO - [2024-06-14T04:27:53.424+0000] {dagbag.py:545} INFO - Filling up the DagBag from /home/airflow/.local/lib/python3.12/site-packages/airflow/example_dags/example_datasets.py
[2024-06-14T04:27:53.443+0000] {processor.py:840} INFO - DAG(s) 'consume_1_or_both_2_and_3_with_dataset_expressions', 'dataset_consumes_1', 'dataset_produces_1', 'dataset_produces_2', 'dataset_consumes_1_and_2', 'dataset_consumes_1_never_scheduled', 'consume_1_and_2_with_dataset_expressions', 'consume_1_or_2_with_dataset_expressions', 'conditional_dataset_and_time_based_timetable', 'dataset_consumes_unknown_never_scheduled' retrieved from /home/airflow/.local/lib/python3.12/site-packages/airflow/example_dags/example_datasets.py
[2024-06-14T04:27:53.491+0000] {logging_mixin.py:188} INFO - [2024-06-14T04:27:53.490+0000] {dag.py:3096} INFO - Sync 10 DAGs
[2024-06-14T04:27:53.514+0000] {logging_mixin.py:188} INFO - [2024-06-14T04:27:53.513+0000] {dag.py:3954} INFO - Setting next_dagrun for conditional_dataset_and_time_based_timetable to 2024-06-12 01:00:00+00:00, run_after=2024-06-12 01:00:00+00:00
[2024-06-14T04:27:53.519+0000] {logging_mixin.py:188} INFO - [2024-06-14T04:27:53.519+0000] {dag.py:3954} INFO - Setting next_dagrun for consume_1_and_2_with_dataset_expressions to None, run_after=None
[2024-06-14T04:27:53.521+0000] {logging_mixin.py:188} INFO - [2024-06-14T04:27:53.521+0000] {dag.py:3954} INFO - Setting next_dagrun for consume_1_or_2_with_dataset_expressions to None, run_after=None
[2024-06-14T04:27:53.523+0000] {logging_mixin.py:188} INFO - [2024-06-14T04:27:53.522+0000] {dag.py:3954} INFO - Setting next_dagrun for consume_1_or_both_2_and_3_with_dataset_expressions to None, run_after=None
[2024-06-14T04:27:53.524+0000] {logging_mixin.py:188} INFO - [2024-06-14T04:27:53.524+0000] {dag.py:3954} INFO - Setting next_dagrun for dataset_consumes_1 to None, run_after=None
[2024-06-14T04:27:53.526+0000] {logging_mixin.py:188} INFO - [2024-06-14T04:27:53.526+0000] {dag.py:3954} INFO - Setting next_dagrun for dataset_consumes_1_and_2 to None, run_after=None
[2024-06-14T04:27:53.528+0000] {logging_mixin.py:188} INFO - [2024-06-14T04:27:53.527+0000] {dag.py:3954} INFO - Setting next_dagrun for dataset_consumes_1_never_scheduled to None, run_after=None
[2024-06-14T04:27:53.529+0000] {logging_mixin.py:188} INFO - [2024-06-14T04:27:53.529+0000] {dag.py:3954} INFO - Setting next_dagrun for dataset_consumes_unknown_never_scheduled to None, run_after=None
[2024-06-14T04:27:53.532+0000] {logging_mixin.py:188} INFO - [2024-06-14T04:27:53.532+0000] {dag.py:3954} INFO - Setting next_dagrun for dataset_produces_1 to 2024-06-13 00:00:00+00:00, run_after=2024-06-14 00:00:00+00:00
[2024-06-14T04:27:53.535+0000] {logging_mixin.py:188} INFO - [2024-06-14T04:27:53.534+0000] {dag.py:3954} INFO - Setting next_dagrun for dataset_produces_2 to None, run_after=None
[2024-06-14T04:27:53.576+0000] {processor.py:183} INFO - Processing /home/airflow/.local/lib/python3.12/site-packages/airflow/example_dags/example_datasets.py took 0.164 seconds
[2024-06-14T04:28:23.698+0000] {processor.py:161} INFO - Started process (PID=306) to work on /home/airflow/.local/lib/python3.12/site-packages/airflow/example_dags/example_datasets.py
[2024-06-14T04:28:23.700+0000] {processor.py:830} INFO - Processing file /home/airflow/.local/lib/python3.12/site-packages/airflow/example_dags/example_datasets.py for tasks to queue
[2024-06-14T04:28:23.702+0000] {logging_mixin.py:188} INFO - [2024-06-14T04:28:23.702+0000] {dagbag.py:545} INFO - Filling up the DagBag from /home/airflow/.local/lib/python3.12/site-packages/airflow/example_dags/example_datasets.py
[2024-06-14T04:28:23.718+0000] {processor.py:840} INFO - DAG(s) 'consume_1_or_2_with_dataset_expressions', 'consume_1_and_2_with_dataset_expressions', 'dataset_consumes_1', 'consume_1_or_both_2_and_3_with_dataset_expressions', 'dataset_consumes_1_and_2', 'conditional_dataset_and_time_based_timetable', 'dataset_consumes_1_never_scheduled', 'dataset_produces_1', 'dataset_produces_2', 'dataset_consumes_unknown_never_scheduled' retrieved from /home/airflow/.local/lib/python3.12/site-packages/airflow/example_dags/example_datasets.py
[2024-06-14T04:28:23.784+0000] {logging_mixin.py:188} INFO - [2024-06-14T04:28:23.783+0000] {dag.py:3096} INFO - Sync 10 DAGs
[2024-06-14T04:28:23.818+0000] {logging_mixin.py:188} INFO - [2024-06-14T04:28:23.818+0000] {dag.py:3954} INFO - Setting next_dagrun for conditional_dataset_and_time_based_timetable to 2024-06-12 01:00:00+00:00, run_after=2024-06-12 01:00:00+00:00
[2024-06-14T04:28:23.824+0000] {logging_mixin.py:188} INFO - [2024-06-14T04:28:23.823+0000] {dag.py:3954} INFO - Setting next_dagrun for consume_1_and_2_with_dataset_expressions to None, run_after=None
[2024-06-14T04:28:23.826+0000] {logging_mixin.py:188} INFO - [2024-06-14T04:28:23.826+0000] {dag.py:3954} INFO - Setting next_dagrun for consume_1_or_2_with_dataset_expressions to None, run_after=None
[2024-06-14T04:28:23.828+0000] {logging_mixin.py:188} INFO - [2024-06-14T04:28:23.828+0000] {dag.py:3954} INFO - Setting next_dagrun for consume_1_or_both_2_and_3_with_dataset_expressions to None, run_after=None
[2024-06-14T04:28:23.830+0000] {logging_mixin.py:188} INFO - [2024-06-14T04:28:23.830+0000] {dag.py:3954} INFO - Setting next_dagrun for dataset_consumes_1 to None, run_after=None
[2024-06-14T04:28:23.832+0000] {logging_mixin.py:188} INFO - [2024-06-14T04:28:23.832+0000] {dag.py:3954} INFO - Setting next_dagrun for dataset_consumes_1_and_2 to None, run_after=None
[2024-06-14T04:28:23.834+0000] {logging_mixin.py:188} INFO - [2024-06-14T04:28:23.834+0000] {dag.py:3954} INFO - Setting next_dagrun for dataset_consumes_1_never_scheduled to None, run_after=None
[2024-06-14T04:28:23.836+0000] {logging_mixin.py:188} INFO - [2024-06-14T04:28:23.835+0000] {dag.py:3954} INFO - Setting next_dagrun for dataset_consumes_unknown_never_scheduled to None, run_after=None
[2024-06-14T04:28:23.840+0000] {logging_mixin.py:188} INFO - [2024-06-14T04:28:23.840+0000] {dag.py:3954} INFO - Setting next_dagrun for dataset_produces_1 to 2024-06-13 00:00:00+00:00, run_after=2024-06-14 00:00:00+00:00
[2024-06-14T04:28:23.843+0000] {logging_mixin.py:188} INFO - [2024-06-14T04:28:23.842+0000] {dag.py:3954} INFO - Setting next_dagrun for dataset_produces_2 to None, run_after=None
[2024-06-14T04:28:23.886+0000] {processor.py:183} INFO - Processing /home/airflow/.local/lib/python3.12/site-packages/airflow/example_dags/example_datasets.py took 0.197 seconds
[2024-06-14T04:29:26.255+0000] {processor.py:161} INFO - Started process (PID=378) to work on /home/airflow/.local/lib/python3.12/site-packages/airflow/example_dags/example_datasets.py
[2024-06-14T04:29:26.256+0000] {processor.py:830} INFO - Processing file /home/airflow/.local/lib/python3.12/site-packages/airflow/example_dags/example_datasets.py for tasks to queue
[2024-06-14T04:29:26.258+0000] {logging_mixin.py:188} INFO - [2024-06-14T04:29:26.258+0000] {dagbag.py:545} INFO - Filling up the DagBag from /home/airflow/.local/lib/python3.12/site-packages/airflow/example_dags/example_datasets.py
[2024-06-14T04:29:26.286+0000] {processor.py:840} INFO - DAG(s) 'dataset_consumes_1_never_scheduled', 'dataset_consumes_1', 'consume_1_or_both_2_and_3_with_dataset_expressions', 'dataset_consumes_1_and_2', 'consume_1_or_2_with_dataset_expressions', 'dataset_produces_1', 'dataset_consumes_unknown_never_scheduled', 'dataset_produces_2', 'conditional_dataset_and_time_based_timetable', 'consume_1_and_2_with_dataset_expressions' retrieved from /home/airflow/.local/lib/python3.12/site-packages/airflow/example_dags/example_datasets.py
[2024-06-14T04:29:26.360+0000] {logging_mixin.py:188} INFO - [2024-06-14T04:29:26.360+0000] {dag.py:3096} INFO - Sync 10 DAGs
[2024-06-14T04:29:26.407+0000] {logging_mixin.py:188} INFO - [2024-06-14T04:29:26.407+0000] {dag.py:3954} INFO - Setting next_dagrun for conditional_dataset_and_time_based_timetable to 2024-06-12 01:00:00+00:00, run_after=2024-06-12 01:00:00+00:00
[2024-06-14T04:29:26.412+0000] {logging_mixin.py:188} INFO - [2024-06-14T04:29:26.412+0000] {dag.py:3954} INFO - Setting next_dagrun for consume_1_and_2_with_dataset_expressions to None, run_after=None
[2024-06-14T04:29:26.416+0000] {logging_mixin.py:188} INFO - [2024-06-14T04:29:26.416+0000] {dag.py:3954} INFO - Setting next_dagrun for consume_1_or_2_with_dataset_expressions to None, run_after=None
[2024-06-14T04:29:26.420+0000] {logging_mixin.py:188} INFO - [2024-06-14T04:29:26.419+0000] {dag.py:3954} INFO - Setting next_dagrun for consume_1_or_both_2_and_3_with_dataset_expressions to None, run_after=None
[2024-06-14T04:29:26.423+0000] {logging_mixin.py:188} INFO - [2024-06-14T04:29:26.422+0000] {dag.py:3954} INFO - Setting next_dagrun for dataset_consumes_1 to None, run_after=None
[2024-06-14T04:29:26.425+0000] {logging_mixin.py:188} INFO - [2024-06-14T04:29:26.424+0000] {dag.py:3954} INFO - Setting next_dagrun for dataset_consumes_1_and_2 to None, run_after=None
[2024-06-14T04:29:26.427+0000] {logging_mixin.py:188} INFO - [2024-06-14T04:29:26.426+0000] {dag.py:3954} INFO - Setting next_dagrun for dataset_consumes_1_never_scheduled to None, run_after=None
[2024-06-14T04:29:26.428+0000] {logging_mixin.py:188} INFO - [2024-06-14T04:29:26.428+0000] {dag.py:3954} INFO - Setting next_dagrun for dataset_consumes_unknown_never_scheduled to None, run_after=None
[2024-06-14T04:29:26.431+0000] {logging_mixin.py:188} INFO - [2024-06-14T04:29:26.431+0000] {dag.py:3954} INFO - Setting next_dagrun for dataset_produces_1 to 2024-06-13 00:00:00+00:00, run_after=2024-06-14 00:00:00+00:00
[2024-06-14T04:29:26.433+0000] {logging_mixin.py:188} INFO - [2024-06-14T04:29:26.433+0000] {dag.py:3954} INFO - Setting next_dagrun for dataset_produces_2 to None, run_after=None
[2024-06-14T04:29:26.478+0000] {processor.py:183} INFO - Processing /home/airflow/.local/lib/python3.12/site-packages/airflow/example_dags/example_datasets.py took 0.231 seconds
[2024-06-14T04:29:57.548+0000] {processor.py:161} INFO - Started process (PID=438) to work on /home/airflow/.local/lib/python3.12/site-packages/airflow/example_dags/example_datasets.py
[2024-06-14T04:29:57.549+0000] {processor.py:830} INFO - Processing file /home/airflow/.local/lib/python3.12/site-packages/airflow/example_dags/example_datasets.py for tasks to queue
[2024-06-14T04:29:57.552+0000] {logging_mixin.py:188} INFO - [2024-06-14T04:29:57.551+0000] {dagbag.py:545} INFO - Filling up the DagBag from /home/airflow/.local/lib/python3.12/site-packages/airflow/example_dags/example_datasets.py
[2024-06-14T04:29:57.569+0000] {processor.py:840} INFO - DAG(s) 'dataset_produces_1', 'consume_1_or_both_2_and_3_with_dataset_expressions', 'consume_1_and_2_with_dataset_expressions', 'dataset_consumes_unknown_never_scheduled', 'dataset_consumes_1', 'dataset_produces_2', 'dataset_consumes_1_and_2', 'conditional_dataset_and_time_based_timetable', 'dataset_consumes_1_never_scheduled', 'consume_1_or_2_with_dataset_expressions' retrieved from /home/airflow/.local/lib/python3.12/site-packages/airflow/example_dags/example_datasets.py
[2024-06-14T04:29:57.628+0000] {logging_mixin.py:188} INFO - [2024-06-14T04:29:57.628+0000] {dag.py:3096} INFO - Sync 10 DAGs
[2024-06-14T04:29:57.658+0000] {logging_mixin.py:188} INFO - [2024-06-14T04:29:57.657+0000] {dag.py:3954} INFO - Setting next_dagrun for conditional_dataset_and_time_based_timetable to 2024-06-12 01:00:00+00:00, run_after=2024-06-12 01:00:00+00:00
[2024-06-14T04:29:57.663+0000] {logging_mixin.py:188} INFO - [2024-06-14T04:29:57.663+0000] {dag.py:3954} INFO - Setting next_dagrun for consume_1_and_2_with_dataset_expressions to None, run_after=None
[2024-06-14T04:29:57.665+0000] {logging_mixin.py:188} INFO - [2024-06-14T04:29:57.664+0000] {dag.py:3954} INFO - Setting next_dagrun for consume_1_or_2_with_dataset_expressions to None, run_after=None
[2024-06-14T04:29:57.667+0000] {logging_mixin.py:188} INFO - [2024-06-14T04:29:57.666+0000] {dag.py:3954} INFO - Setting next_dagrun for consume_1_or_both_2_and_3_with_dataset_expressions to None, run_after=None
[2024-06-14T04:29:57.669+0000] {logging_mixin.py:188} INFO - [2024-06-14T04:29:57.668+0000] {dag.py:3954} INFO - Setting next_dagrun for dataset_consumes_1 to None, run_after=None
[2024-06-14T04:29:57.670+0000] {logging_mixin.py:188} INFO - [2024-06-14T04:29:57.670+0000] {dag.py:3954} INFO - Setting next_dagrun for dataset_consumes_1_and_2 to None, run_after=None
[2024-06-14T04:29:57.673+0000] {logging_mixin.py:188} INFO - [2024-06-14T04:29:57.673+0000] {dag.py:3954} INFO - Setting next_dagrun for dataset_consumes_1_never_scheduled to None, run_after=None
[2024-06-14T04:29:57.675+0000] {logging_mixin.py:188} INFO - [2024-06-14T04:29:57.675+0000] {dag.py:3954} INFO - Setting next_dagrun for dataset_consumes_unknown_never_scheduled to None, run_after=None
[2024-06-14T04:29:57.678+0000] {logging_mixin.py:188} INFO - [2024-06-14T04:29:57.678+0000] {dag.py:3954} INFO - Setting next_dagrun for dataset_produces_1 to 2024-06-13 00:00:00+00:00, run_after=2024-06-14 00:00:00+00:00
[2024-06-14T04:29:57.680+0000] {logging_mixin.py:188} INFO - [2024-06-14T04:29:57.680+0000] {dag.py:3954} INFO - Setting next_dagrun for dataset_produces_2 to None, run_after=None
[2024-06-14T04:29:57.723+0000] {processor.py:183} INFO - Processing /home/airflow/.local/lib/python3.12/site-packages/airflow/example_dags/example_datasets.py took 0.182 seconds
[2024-06-14T04:30:44.033+0000] {processor.py:161} INFO - Started process (PID=508) to work on /home/airflow/.local/lib/python3.12/site-packages/airflow/example_dags/example_datasets.py
[2024-06-14T04:30:44.035+0000] {processor.py:830} INFO - Processing file /home/airflow/.local/lib/python3.12/site-packages/airflow/example_dags/example_datasets.py for tasks to queue
[2024-06-14T04:30:44.038+0000] {logging_mixin.py:188} INFO - [2024-06-14T04:30:44.037+0000] {dagbag.py:545} INFO - Filling up the DagBag from /home/airflow/.local/lib/python3.12/site-packages/airflow/example_dags/example_datasets.py
[2024-06-14T04:30:44.078+0000] {processor.py:840} INFO - DAG(s) 'dataset_consumes_1', 'consume_1_or_both_2_and_3_with_dataset_expressions', 'conditional_dataset_and_time_based_timetable', 'dataset_consumes_1_never_scheduled', 'consume_1_and_2_with_dataset_expressions', 'dataset_consumes_unknown_never_scheduled', 'dataset_produces_2', 'dataset_produces_1', 'consume_1_or_2_with_dataset_expressions', 'dataset_consumes_1_and_2' retrieved from /home/airflow/.local/lib/python3.12/site-packages/airflow/example_dags/example_datasets.py
[2024-06-14T04:30:44.205+0000] {logging_mixin.py:188} INFO - [2024-06-14T04:30:44.204+0000] {dag.py:3096} INFO - Sync 10 DAGs
[2024-06-14T04:30:44.257+0000] {logging_mixin.py:188} INFO - [2024-06-14T04:30:44.257+0000] {dag.py:3954} INFO - Setting next_dagrun for conditional_dataset_and_time_based_timetable to 2024-06-12 01:00:00+00:00, run_after=2024-06-12 01:00:00+00:00
[2024-06-14T04:30:44.275+0000] {logging_mixin.py:188} INFO - [2024-06-14T04:30:44.275+0000] {dag.py:3954} INFO - Setting next_dagrun for consume_1_and_2_with_dataset_expressions to None, run_after=None
[2024-06-14T04:30:44.287+0000] {logging_mixin.py:188} INFO - [2024-06-14T04:30:44.286+0000] {dag.py:3954} INFO - Setting next_dagrun for consume_1_or_2_with_dataset_expressions to None, run_after=None
[2024-06-14T04:30:44.289+0000] {logging_mixin.py:188} INFO - [2024-06-14T04:30:44.289+0000] {dag.py:3954} INFO - Setting next_dagrun for consume_1_or_both_2_and_3_with_dataset_expressions to None, run_after=None
[2024-06-14T04:30:44.292+0000] {logging_mixin.py:188} INFO - [2024-06-14T04:30:44.292+0000] {dag.py:3954} INFO - Setting next_dagrun for dataset_consumes_1 to None, run_after=None
[2024-06-14T04:30:44.298+0000] {logging_mixin.py:188} INFO - [2024-06-14T04:30:44.297+0000] {dag.py:3954} INFO - Setting next_dagrun for dataset_consumes_1_and_2 to None, run_after=None
[2024-06-14T04:30:44.303+0000] {logging_mixin.py:188} INFO - [2024-06-14T04:30:44.302+0000] {dag.py:3954} INFO - Setting next_dagrun for dataset_consumes_1_never_scheduled to None, run_after=None
[2024-06-14T04:30:44.311+0000] {logging_mixin.py:188} INFO - [2024-06-14T04:30:44.310+0000] {dag.py:3954} INFO - Setting next_dagrun for dataset_consumes_unknown_never_scheduled to None, run_after=None
[2024-06-14T04:30:44.318+0000] {logging_mixin.py:188} INFO - [2024-06-14T04:30:44.318+0000] {dag.py:3954} INFO - Setting next_dagrun for dataset_produces_1 to 2024-06-13 00:00:00+00:00, run_after=2024-06-14 00:00:00+00:00
[2024-06-14T04:30:44.321+0000] {logging_mixin.py:188} INFO - [2024-06-14T04:30:44.321+0000] {dag.py:3954} INFO - Setting next_dagrun for dataset_produces_2 to None, run_after=None
[2024-06-14T04:30:44.392+0000] {processor.py:183} INFO - Processing /home/airflow/.local/lib/python3.12/site-packages/airflow/example_dags/example_datasets.py took 0.368 seconds
[2024-06-14T04:31:15.004+0000] {processor.py:161} INFO - Started process (PID=586) to work on /home/airflow/.local/lib/python3.12/site-packages/airflow/example_dags/example_datasets.py
[2024-06-14T04:31:15.005+0000] {processor.py:830} INFO - Processing file /home/airflow/.local/lib/python3.12/site-packages/airflow/example_dags/example_datasets.py for tasks to queue
[2024-06-14T04:31:15.008+0000] {logging_mixin.py:188} INFO - [2024-06-14T04:31:15.008+0000] {dagbag.py:545} INFO - Filling up the DagBag from /home/airflow/.local/lib/python3.12/site-packages/airflow/example_dags/example_datasets.py
[2024-06-14T04:31:15.025+0000] {processor.py:840} INFO - DAG(s) 'dataset_consumes_1_never_scheduled', 'consume_1_or_2_with_dataset_expressions', 'dataset_produces_1', 'consume_1_or_both_2_and_3_with_dataset_expressions', 'dataset_consumes_1', 'dataset_consumes_1_and_2', 'dataset_consumes_unknown_never_scheduled', 'conditional_dataset_and_time_based_timetable', 'consume_1_and_2_with_dataset_expressions', 'dataset_produces_2' retrieved from /home/airflow/.local/lib/python3.12/site-packages/airflow/example_dags/example_datasets.py
[2024-06-14T04:31:15.085+0000] {logging_mixin.py:188} INFO - [2024-06-14T04:31:15.085+0000] {dag.py:3096} INFO - Sync 10 DAGs
[2024-06-14T04:31:15.115+0000] {logging_mixin.py:188} INFO - [2024-06-14T04:31:15.115+0000] {dag.py:3954} INFO - Setting next_dagrun for conditional_dataset_and_time_based_timetable to 2024-06-12 01:00:00+00:00, run_after=2024-06-12 01:00:00+00:00
[2024-06-14T04:31:15.121+0000] {logging_mixin.py:188} INFO - [2024-06-14T04:31:15.121+0000] {dag.py:3954} INFO - Setting next_dagrun for consume_1_and_2_with_dataset_expressions to None, run_after=None
[2024-06-14T04:31:15.123+0000] {logging_mixin.py:188} INFO - [2024-06-14T04:31:15.122+0000] {dag.py:3954} INFO - Setting next_dagrun for consume_1_or_2_with_dataset_expressions to None, run_after=None
[2024-06-14T04:31:15.125+0000] {logging_mixin.py:188} INFO - [2024-06-14T04:31:15.125+0000] {dag.py:3954} INFO - Setting next_dagrun for consume_1_or_both_2_and_3_with_dataset_expressions to None, run_after=None
[2024-06-14T04:31:15.128+0000] {logging_mixin.py:188} INFO - [2024-06-14T04:31:15.127+0000] {dag.py:3954} INFO - Setting next_dagrun for dataset_consumes_1 to None, run_after=None
[2024-06-14T04:31:15.129+0000] {logging_mixin.py:188} INFO - [2024-06-14T04:31:15.129+0000] {dag.py:3954} INFO - Setting next_dagrun for dataset_consumes_1_and_2 to None, run_after=None
[2024-06-14T04:31:15.131+0000] {logging_mixin.py:188} INFO - [2024-06-14T04:31:15.131+0000] {dag.py:3954} INFO - Setting next_dagrun for dataset_consumes_1_never_scheduled to None, run_after=None
[2024-06-14T04:31:15.133+0000] {logging_mixin.py:188} INFO - [2024-06-14T04:31:15.133+0000] {dag.py:3954} INFO - Setting next_dagrun for dataset_consumes_unknown_never_scheduled to None, run_after=None
[2024-06-14T04:31:15.137+0000] {logging_mixin.py:188} INFO - [2024-06-14T04:31:15.136+0000] {dag.py:3954} INFO - Setting next_dagrun for dataset_produces_1 to 2024-06-13 00:00:00+00:00, run_after=2024-06-14 00:00:00+00:00
[2024-06-14T04:31:15.138+0000] {logging_mixin.py:188} INFO - [2024-06-14T04:31:15.138+0000] {dag.py:3954} INFO - Setting next_dagrun for dataset_produces_2 to None, run_after=None
[2024-06-14T04:31:15.185+0000] {processor.py:183} INFO - Processing /home/airflow/.local/lib/python3.12/site-packages/airflow/example_dags/example_datasets.py took 0.187 seconds
[2024-06-14T04:31:45.357+0000] {processor.py:161} INFO - Started process (PID=646) to work on /home/airflow/.local/lib/python3.12/site-packages/airflow/example_dags/example_datasets.py
[2024-06-14T04:31:45.359+0000] {processor.py:830} INFO - Processing file /home/airflow/.local/lib/python3.12/site-packages/airflow/example_dags/example_datasets.py for tasks to queue
[2024-06-14T04:31:45.361+0000] {logging_mixin.py:188} INFO - [2024-06-14T04:31:45.361+0000] {dagbag.py:545} INFO - Filling up the DagBag from /home/airflow/.local/lib/python3.12/site-packages/airflow/example_dags/example_datasets.py
[2024-06-14T04:31:45.376+0000] {processor.py:840} INFO - DAG(s) 'dataset_consumes_1_and_2', 'dataset_consumes_1_never_scheduled', 'consume_1_or_both_2_and_3_with_dataset_expressions', 'dataset_produces_2', 'consume_1_and_2_with_dataset_expressions', 'dataset_produces_1', 'consume_1_or_2_with_dataset_expressions', 'dataset_consumes_1', 'dataset_consumes_unknown_never_scheduled', 'conditional_dataset_and_time_based_timetable' retrieved from /home/airflow/.local/lib/python3.12/site-packages/airflow/example_dags/example_datasets.py
[2024-06-14T04:31:45.424+0000] {logging_mixin.py:188} INFO - [2024-06-14T04:31:45.424+0000] {dag.py:3096} INFO - Sync 10 DAGs
[2024-06-14T04:31:45.447+0000] {logging_mixin.py:188} INFO - [2024-06-14T04:31:45.447+0000] {dag.py:3954} INFO - Setting next_dagrun for conditional_dataset_and_time_based_timetable to 2024-06-12 01:00:00+00:00, run_after=2024-06-12 01:00:00+00:00
[2024-06-14T04:31:45.451+0000] {logging_mixin.py:188} INFO - [2024-06-14T04:31:45.451+0000] {dag.py:3954} INFO - Setting next_dagrun for consume_1_and_2_with_dataset_expressions to None, run_after=None
[2024-06-14T04:31:45.453+0000] {logging_mixin.py:188} INFO - [2024-06-14T04:31:45.453+0000] {dag.py:3954} INFO - Setting next_dagrun for consume_1_or_2_with_dataset_expressions to None, run_after=None
[2024-06-14T04:31:45.454+0000] {logging_mixin.py:188} INFO - [2024-06-14T04:31:45.454+0000] {dag.py:3954} INFO - Setting next_dagrun for consume_1_or_both_2_and_3_with_dataset_expressions to None, run_after=None
[2024-06-14T04:31:45.456+0000] {logging_mixin.py:188} INFO - [2024-06-14T04:31:45.456+0000] {dag.py:3954} INFO - Setting next_dagrun for dataset_consumes_1 to None, run_after=None
[2024-06-14T04:31:45.458+0000] {logging_mixin.py:188} INFO - [2024-06-14T04:31:45.457+0000] {dag.py:3954} INFO - Setting next_dagrun for dataset_consumes_1_and_2 to None, run_after=None
[2024-06-14T04:31:45.459+0000] {logging_mixin.py:188} INFO - [2024-06-14T04:31:45.459+0000] {dag.py:3954} INFO - Setting next_dagrun for dataset_consumes_1_never_scheduled to None, run_after=None
[2024-06-14T04:31:45.461+0000] {logging_mixin.py:188} INFO - [2024-06-14T04:31:45.460+0000] {dag.py:3954} INFO - Setting next_dagrun for dataset_consumes_unknown_never_scheduled to None, run_after=None
[2024-06-14T04:31:45.463+0000] {logging_mixin.py:188} INFO - [2024-06-14T04:31:45.463+0000] {dag.py:3954} INFO - Setting next_dagrun for dataset_produces_1 to 2024-06-13 00:00:00+00:00, run_after=2024-06-14 00:00:00+00:00
[2024-06-14T04:31:45.465+0000] {logging_mixin.py:188} INFO - [2024-06-14T04:31:45.465+0000] {dag.py:3954} INFO - Setting next_dagrun for dataset_produces_2 to None, run_after=None
[2024-06-14T04:31:45.503+0000] {processor.py:183} INFO - Processing /home/airflow/.local/lib/python3.12/site-packages/airflow/example_dags/example_datasets.py took 0.151 seconds
[2024-06-14T04:32:15.647+0000] {processor.py:161} INFO - Started process (PID=706) to work on /home/airflow/.local/lib/python3.12/site-packages/airflow/example_dags/example_datasets.py
[2024-06-14T04:32:15.649+0000] {processor.py:830} INFO - Processing file /home/airflow/.local/lib/python3.12/site-packages/airflow/example_dags/example_datasets.py for tasks to queue
[2024-06-14T04:32:15.651+0000] {logging_mixin.py:188} INFO - [2024-06-14T04:32:15.651+0000] {dagbag.py:545} INFO - Filling up the DagBag from /home/airflow/.local/lib/python3.12/site-packages/airflow/example_dags/example_datasets.py
[2024-06-14T04:32:15.666+0000] {processor.py:840} INFO - DAG(s) 'conditional_dataset_and_time_based_timetable', 'dataset_consumes_1', 'dataset_consumes_1_and_2', 'consume_1_or_both_2_and_3_with_dataset_expressions', 'consume_1_or_2_with_dataset_expressions', 'dataset_consumes_unknown_never_scheduled', 'dataset_produces_2', 'consume_1_and_2_with_dataset_expressions', 'dataset_produces_1', 'dataset_consumes_1_never_scheduled' retrieved from /home/airflow/.local/lib/python3.12/site-packages/airflow/example_dags/example_datasets.py
[2024-06-14T04:32:15.728+0000] {logging_mixin.py:188} INFO - [2024-06-14T04:32:15.728+0000] {dag.py:3096} INFO - Sync 10 DAGs
[2024-06-14T04:32:15.758+0000] {logging_mixin.py:188} INFO - [2024-06-14T04:32:15.758+0000] {dag.py:3954} INFO - Setting next_dagrun for conditional_dataset_and_time_based_timetable to 2024-06-12 01:00:00+00:00, run_after=2024-06-12 01:00:00+00:00
[2024-06-14T04:32:15.764+0000] {logging_mixin.py:188} INFO - [2024-06-14T04:32:15.764+0000] {dag.py:3954} INFO - Setting next_dagrun for consume_1_and_2_with_dataset_expressions to None, run_after=None
[2024-06-14T04:32:15.766+0000] {logging_mixin.py:188} INFO - [2024-06-14T04:32:15.766+0000] {dag.py:3954} INFO - Setting next_dagrun for consume_1_or_2_with_dataset_expressions to None, run_after=None
[2024-06-14T04:32:15.768+0000] {logging_mixin.py:188} INFO - [2024-06-14T04:32:15.768+0000] {dag.py:3954} INFO - Setting next_dagrun for consume_1_or_both_2_and_3_with_dataset_expressions to None, run_after=None
[2024-06-14T04:32:15.770+0000] {logging_mixin.py:188} INFO - [2024-06-14T04:32:15.770+0000] {dag.py:3954} INFO - Setting next_dagrun for dataset_consumes_1 to None, run_after=None
[2024-06-14T04:32:15.771+0000] {logging_mixin.py:188} INFO - [2024-06-14T04:32:15.771+0000] {dag.py:3954} INFO - Setting next_dagrun for dataset_consumes_1_and_2 to None, run_after=None
[2024-06-14T04:32:15.773+0000] {logging_mixin.py:188} INFO - [2024-06-14T04:32:15.773+0000] {dag.py:3954} INFO - Setting next_dagrun for dataset_consumes_1_never_scheduled to None, run_after=None
[2024-06-14T04:32:15.775+0000] {logging_mixin.py:188} INFO - [2024-06-14T04:32:15.775+0000] {dag.py:3954} INFO - Setting next_dagrun for dataset_consumes_unknown_never_scheduled to None, run_after=None
[2024-06-14T04:32:15.778+0000] {logging_mixin.py:188} INFO - [2024-06-14T04:32:15.778+0000] {dag.py:3954} INFO - Setting next_dagrun for dataset_produces_1 to 2024-06-13 00:00:00+00:00, run_after=2024-06-14 00:00:00+00:00
[2024-06-14T04:32:15.780+0000] {logging_mixin.py:188} INFO - [2024-06-14T04:32:15.780+0000] {dag.py:3954} INFO - Setting next_dagrun for dataset_produces_2 to None, run_after=None
[2024-06-14T04:32:15.817+0000] {processor.py:183} INFO - Processing /home/airflow/.local/lib/python3.12/site-packages/airflow/example_dags/example_datasets.py took 0.178 seconds
