[2024-06-14T03:04:58.023+0000] {processor.py:161} INFO - Started process (PID=34) to work on /home/airflow/.local/lib/python3.12/site-packages/airflow/example_dags/example_branch_python_dop_operator_3.py
[2024-06-14T03:04:58.025+0000] {processor.py:830} INFO - Processing file /home/airflow/.local/lib/python3.12/site-packages/airflow/example_dags/example_branch_python_dop_operator_3.py for tasks to queue
[2024-06-14T03:04:58.029+0000] {logging_mixin.py:188} INFO - [2024-06-14T03:04:58.028+0000] {dagbag.py:545} INFO - Filling up the DagBag from /home/airflow/.local/lib/python3.12/site-packages/airflow/example_dags/example_branch_python_dop_operator_3.py
[2024-06-14T03:04:58.065+0000] {processor.py:840} INFO - DAG(s) 'example_branch_dop_operator_v3' retrieved from /home/airflow/.local/lib/python3.12/site-packages/airflow/example_dags/example_branch_python_dop_operator_3.py
[2024-06-14T03:04:58.138+0000] {logging_mixin.py:188} INFO - [2024-06-14T03:04:58.137+0000] {dag.py:3096} INFO - Sync 1 DAGs
[2024-06-14T03:04:58.255+0000] {logging_mixin.py:188} INFO - [2024-06-14T03:04:58.255+0000] {dag.py:3954} INFO - Setting next_dagrun for example_branch_dop_operator_v3 to 2024-06-14 03:03:00+00:00, run_after=2024-06-14 03:04:00+00:00
[2024-06-14T03:04:58.292+0000] {processor.py:183} INFO - Processing /home/airflow/.local/lib/python3.12/site-packages/airflow/example_dags/example_branch_python_dop_operator_3.py took 0.287 seconds
[2024-06-14T03:05:32.031+0000] {processor.py:161} INFO - Started process (PID=35) to work on /home/airflow/.local/lib/python3.12/site-packages/airflow/example_dags/example_branch_python_dop_operator_3.py
[2024-06-14T03:05:32.035+0000] {processor.py:830} INFO - Processing file /home/airflow/.local/lib/python3.12/site-packages/airflow/example_dags/example_branch_python_dop_operator_3.py for tasks to queue
[2024-06-14T03:05:32.043+0000] {logging_mixin.py:188} INFO - [2024-06-14T03:05:32.042+0000] {dagbag.py:545} INFO - Filling up the DagBag from /home/airflow/.local/lib/python3.12/site-packages/airflow/example_dags/example_branch_python_dop_operator_3.py
[2024-06-14T03:05:32.065+0000] {processor.py:840} INFO - DAG(s) 'example_branch_dop_operator_v3' retrieved from /home/airflow/.local/lib/python3.12/site-packages/airflow/example_dags/example_branch_python_dop_operator_3.py
[2024-06-14T03:05:32.123+0000] {logging_mixin.py:188} INFO - [2024-06-14T03:05:32.123+0000] {dag.py:3096} INFO - Sync 1 DAGs
[2024-06-14T03:05:32.193+0000] {logging_mixin.py:188} INFO - [2024-06-14T03:05:32.193+0000] {dag.py:3954} INFO - Setting next_dagrun for example_branch_dop_operator_v3 to 2024-06-14 03:04:00+00:00, run_after=2024-06-14 03:05:00+00:00
[2024-06-14T03:05:32.227+0000] {processor.py:183} INFO - Processing /home/airflow/.local/lib/python3.12/site-packages/airflow/example_dags/example_branch_python_dop_operator_3.py took 0.203 seconds
[2024-06-14T03:06:03.078+0000] {processor.py:161} INFO - Started process (PID=94) to work on /home/airflow/.local/lib/python3.12/site-packages/airflow/example_dags/example_branch_python_dop_operator_3.py
[2024-06-14T03:06:03.079+0000] {processor.py:830} INFO - Processing file /home/airflow/.local/lib/python3.12/site-packages/airflow/example_dags/example_branch_python_dop_operator_3.py for tasks to queue
[2024-06-14T03:06:03.082+0000] {logging_mixin.py:188} INFO - [2024-06-14T03:06:03.082+0000] {dagbag.py:545} INFO - Filling up the DagBag from /home/airflow/.local/lib/python3.12/site-packages/airflow/example_dags/example_branch_python_dop_operator_3.py
[2024-06-14T03:06:03.093+0000] {processor.py:840} INFO - DAG(s) 'example_branch_dop_operator_v3' retrieved from /home/airflow/.local/lib/python3.12/site-packages/airflow/example_dags/example_branch_python_dop_operator_3.py
[2024-06-14T03:06:03.115+0000] {logging_mixin.py:188} INFO - [2024-06-14T03:06:03.115+0000] {dag.py:3096} INFO - Sync 1 DAGs
[2024-06-14T03:06:03.143+0000] {logging_mixin.py:188} INFO - [2024-06-14T03:06:03.143+0000] {dag.py:3954} INFO - Setting next_dagrun for example_branch_dop_operator_v3 to 2024-06-14 03:05:00+00:00, run_after=2024-06-14 03:06:00+00:00
[2024-06-14T03:06:03.174+0000] {processor.py:183} INFO - Processing /home/airflow/.local/lib/python3.12/site-packages/airflow/example_dags/example_branch_python_dop_operator_3.py took 0.103 seconds
[2024-06-14T03:06:33.384+0000] {processor.py:161} INFO - Started process (PID=153) to work on /home/airflow/.local/lib/python3.12/site-packages/airflow/example_dags/example_branch_python_dop_operator_3.py
[2024-06-14T03:06:33.385+0000] {processor.py:830} INFO - Processing file /home/airflow/.local/lib/python3.12/site-packages/airflow/example_dags/example_branch_python_dop_operator_3.py for tasks to queue
[2024-06-14T03:06:33.387+0000] {logging_mixin.py:188} INFO - [2024-06-14T03:06:33.387+0000] {dagbag.py:545} INFO - Filling up the DagBag from /home/airflow/.local/lib/python3.12/site-packages/airflow/example_dags/example_branch_python_dop_operator_3.py
[2024-06-14T03:06:33.395+0000] {processor.py:840} INFO - DAG(s) 'example_branch_dop_operator_v3' retrieved from /home/airflow/.local/lib/python3.12/site-packages/airflow/example_dags/example_branch_python_dop_operator_3.py
[2024-06-14T03:06:33.412+0000] {logging_mixin.py:188} INFO - [2024-06-14T03:06:33.412+0000] {dag.py:3096} INFO - Sync 1 DAGs
[2024-06-14T03:06:33.437+0000] {logging_mixin.py:188} INFO - [2024-06-14T03:06:33.437+0000] {dag.py:3954} INFO - Setting next_dagrun for example_branch_dop_operator_v3 to 2024-06-14 03:05:00+00:00, run_after=2024-06-14 03:06:00+00:00
[2024-06-14T03:06:33.459+0000] {processor.py:183} INFO - Processing /home/airflow/.local/lib/python3.12/site-packages/airflow/example_dags/example_branch_python_dop_operator_3.py took 0.079 seconds
[2024-06-14T04:26:13.044+0000] {processor.py:161} INFO - Started process (PID=35) to work on /home/airflow/.local/lib/python3.12/site-packages/airflow/example_dags/example_branch_python_dop_operator_3.py
[2024-06-14T04:26:13.045+0000] {processor.py:830} INFO - Processing file /home/airflow/.local/lib/python3.12/site-packages/airflow/example_dags/example_branch_python_dop_operator_3.py for tasks to queue
[2024-06-14T04:26:13.049+0000] {logging_mixin.py:188} INFO - [2024-06-14T04:26:13.048+0000] {dagbag.py:545} INFO - Filling up the DagBag from /home/airflow/.local/lib/python3.12/site-packages/airflow/example_dags/example_branch_python_dop_operator_3.py
[2024-06-14T04:26:13.075+0000] {processor.py:840} INFO - DAG(s) 'example_branch_dop_operator_v3' retrieved from /home/airflow/.local/lib/python3.12/site-packages/airflow/example_dags/example_branch_python_dop_operator_3.py
[2024-06-14T04:26:13.232+0000] {logging_mixin.py:188} INFO - [2024-06-14T04:26:13.232+0000] {dag.py:3096} INFO - Sync 1 DAGs
[2024-06-14T04:26:13.262+0000] {logging_mixin.py:188} INFO - [2024-06-14T04:26:13.262+0000] {dag.py:3954} INFO - Setting next_dagrun for example_branch_dop_operator_v3 to 2024-06-14 04:25:00+00:00, run_after=2024-06-14 04:26:00+00:00
[2024-06-14T04:26:13.296+0000] {processor.py:183} INFO - Processing /home/airflow/.local/lib/python3.12/site-packages/airflow/example_dags/example_branch_python_dop_operator_3.py took 0.261 seconds
[2024-06-14T04:26:43.653+0000] {processor.py:161} INFO - Started process (PID=93) to work on /home/airflow/.local/lib/python3.12/site-packages/airflow/example_dags/example_branch_python_dop_operator_3.py
[2024-06-14T04:26:43.654+0000] {processor.py:830} INFO - Processing file /home/airflow/.local/lib/python3.12/site-packages/airflow/example_dags/example_branch_python_dop_operator_3.py for tasks to queue
[2024-06-14T04:26:43.657+0000] {logging_mixin.py:188} INFO - [2024-06-14T04:26:43.657+0000] {dagbag.py:545} INFO - Filling up the DagBag from /home/airflow/.local/lib/python3.12/site-packages/airflow/example_dags/example_branch_python_dop_operator_3.py
[2024-06-14T04:26:43.666+0000] {processor.py:840} INFO - DAG(s) 'example_branch_dop_operator_v3' retrieved from /home/airflow/.local/lib/python3.12/site-packages/airflow/example_dags/example_branch_python_dop_operator_3.py
[2024-06-14T04:26:43.677+0000] {logging_mixin.py:188} INFO - [2024-06-14T04:26:43.676+0000] {dag.py:3096} INFO - Sync 1 DAGs
[2024-06-14T04:26:43.704+0000] {logging_mixin.py:188} INFO - [2024-06-14T04:26:43.704+0000] {dag.py:3954} INFO - Setting next_dagrun for example_branch_dop_operator_v3 to 2024-06-14 04:25:00+00:00, run_after=2024-06-14 04:26:00+00:00
[2024-06-14T04:26:43.733+0000] {processor.py:183} INFO - Processing /home/airflow/.local/lib/python3.12/site-packages/airflow/example_dags/example_branch_python_dop_operator_3.py took 0.086 seconds
[2024-06-14T04:27:14.135+0000] {processor.py:161} INFO - Started process (PID=153) to work on /home/airflow/.local/lib/python3.12/site-packages/airflow/example_dags/example_branch_python_dop_operator_3.py
[2024-06-14T04:27:14.137+0000] {processor.py:830} INFO - Processing file /home/airflow/.local/lib/python3.12/site-packages/airflow/example_dags/example_branch_python_dop_operator_3.py for tasks to queue
[2024-06-14T04:27:14.140+0000] {logging_mixin.py:188} INFO - [2024-06-14T04:27:14.139+0000] {dagbag.py:545} INFO - Filling up the DagBag from /home/airflow/.local/lib/python3.12/site-packages/airflow/example_dags/example_branch_python_dop_operator_3.py
[2024-06-14T04:27:14.153+0000] {processor.py:840} INFO - DAG(s) 'example_branch_dop_operator_v3' retrieved from /home/airflow/.local/lib/python3.12/site-packages/airflow/example_dags/example_branch_python_dop_operator_3.py
[2024-06-14T04:27:14.164+0000] {logging_mixin.py:188} INFO - [2024-06-14T04:27:14.164+0000] {dag.py:3096} INFO - Sync 1 DAGs
[2024-06-14T04:27:14.214+0000] {logging_mixin.py:188} INFO - [2024-06-14T04:27:14.213+0000] {dag.py:3954} INFO - Setting next_dagrun for example_branch_dop_operator_v3 to 2024-06-14 04:26:00+00:00, run_after=2024-06-14 04:27:00+00:00
[2024-06-14T04:27:14.238+0000] {processor.py:183} INFO - Processing /home/airflow/.local/lib/python3.12/site-packages/airflow/example_dags/example_branch_python_dop_operator_3.py took 0.108 seconds
[2024-06-14T04:27:44.665+0000] {processor.py:161} INFO - Started process (PID=213) to work on /home/airflow/.local/lib/python3.12/site-packages/airflow/example_dags/example_branch_python_dop_operator_3.py
[2024-06-14T04:27:44.666+0000] {processor.py:830} INFO - Processing file /home/airflow/.local/lib/python3.12/site-packages/airflow/example_dags/example_branch_python_dop_operator_3.py for tasks to queue
[2024-06-14T04:27:44.668+0000] {logging_mixin.py:188} INFO - [2024-06-14T04:27:44.668+0000] {dagbag.py:545} INFO - Filling up the DagBag from /home/airflow/.local/lib/python3.12/site-packages/airflow/example_dags/example_branch_python_dop_operator_3.py
[2024-06-14T04:27:44.676+0000] {processor.py:840} INFO - DAG(s) 'example_branch_dop_operator_v3' retrieved from /home/airflow/.local/lib/python3.12/site-packages/airflow/example_dags/example_branch_python_dop_operator_3.py
[2024-06-14T04:27:44.778+0000] {logging_mixin.py:188} INFO - [2024-06-14T04:27:44.778+0000] {dag.py:3096} INFO - Sync 1 DAGs
[2024-06-14T04:27:44.802+0000] {logging_mixin.py:188} INFO - [2024-06-14T04:27:44.802+0000] {dag.py:3954} INFO - Setting next_dagrun for example_branch_dop_operator_v3 to 2024-06-14 04:26:00+00:00, run_after=2024-06-14 04:27:00+00:00
[2024-06-14T04:27:44.828+0000] {processor.py:183} INFO - Processing /home/airflow/.local/lib/python3.12/site-packages/airflow/example_dags/example_branch_python_dop_operator_3.py took 0.169 seconds
[2024-06-14T04:28:15.395+0000] {processor.py:161} INFO - Started process (PID=273) to work on /home/airflow/.local/lib/python3.12/site-packages/airflow/example_dags/example_branch_python_dop_operator_3.py
[2024-06-14T04:28:15.396+0000] {processor.py:830} INFO - Processing file /home/airflow/.local/lib/python3.12/site-packages/airflow/example_dags/example_branch_python_dop_operator_3.py for tasks to queue
[2024-06-14T04:28:15.399+0000] {logging_mixin.py:188} INFO - [2024-06-14T04:28:15.399+0000] {dagbag.py:545} INFO - Filling up the DagBag from /home/airflow/.local/lib/python3.12/site-packages/airflow/example_dags/example_branch_python_dop_operator_3.py
[2024-06-14T04:28:15.409+0000] {processor.py:840} INFO - DAG(s) 'example_branch_dop_operator_v3' retrieved from /home/airflow/.local/lib/python3.12/site-packages/airflow/example_dags/example_branch_python_dop_operator_3.py
[2024-06-14T04:28:15.430+0000] {logging_mixin.py:188} INFO - [2024-06-14T04:28:15.429+0000] {dag.py:3096} INFO - Sync 1 DAGs
[2024-06-14T04:28:15.458+0000] {logging_mixin.py:188} INFO - [2024-06-14T04:28:15.457+0000] {dag.py:3954} INFO - Setting next_dagrun for example_branch_dop_operator_v3 to 2024-06-14 04:27:00+00:00, run_after=2024-06-14 04:28:00+00:00
[2024-06-14T04:28:15.480+0000] {processor.py:183} INFO - Processing /home/airflow/.local/lib/python3.12/site-packages/airflow/example_dags/example_branch_python_dop_operator_3.py took 0.090 seconds
[2024-06-14T04:29:23.365+0000] {processor.py:161} INFO - Started process (PID=352) to work on /home/airflow/.local/lib/python3.12/site-packages/airflow/example_dags/example_branch_python_dop_operator_3.py
[2024-06-14T04:29:23.367+0000] {processor.py:830} INFO - Processing file /home/airflow/.local/lib/python3.12/site-packages/airflow/example_dags/example_branch_python_dop_operator_3.py for tasks to queue
[2024-06-14T04:29:23.370+0000] {logging_mixin.py:188} INFO - [2024-06-14T04:29:23.369+0000] {dagbag.py:545} INFO - Filling up the DagBag from /home/airflow/.local/lib/python3.12/site-packages/airflow/example_dags/example_branch_python_dop_operator_3.py
[2024-06-14T04:29:23.388+0000] {processor.py:840} INFO - DAG(s) 'example_branch_dop_operator_v3' retrieved from /home/airflow/.local/lib/python3.12/site-packages/airflow/example_dags/example_branch_python_dop_operator_3.py
[2024-06-14T04:29:23.428+0000] {logging_mixin.py:188} INFO - [2024-06-14T04:29:23.428+0000] {dag.py:3096} INFO - Sync 1 DAGs
[2024-06-14T04:29:23.492+0000] {logging_mixin.py:188} INFO - [2024-06-14T04:29:23.492+0000] {dag.py:3954} INFO - Setting next_dagrun for example_branch_dop_operator_v3 to 2024-06-14 04:28:00+00:00, run_after=2024-06-14 04:29:00+00:00
[2024-06-14T04:29:23.533+0000] {processor.py:183} INFO - Processing /home/airflow/.local/lib/python3.12/site-packages/airflow/example_dags/example_branch_python_dop_operator_3.py took 0.178 seconds
[2024-06-14T04:29:54.060+0000] {processor.py:161} INFO - Started process (PID=412) to work on /home/airflow/.local/lib/python3.12/site-packages/airflow/example_dags/example_branch_python_dop_operator_3.py
[2024-06-14T04:29:54.061+0000] {processor.py:830} INFO - Processing file /home/airflow/.local/lib/python3.12/site-packages/airflow/example_dags/example_branch_python_dop_operator_3.py for tasks to queue
[2024-06-14T04:29:54.065+0000] {logging_mixin.py:188} INFO - [2024-06-14T04:29:54.064+0000] {dagbag.py:545} INFO - Filling up the DagBag from /home/airflow/.local/lib/python3.12/site-packages/airflow/example_dags/example_branch_python_dop_operator_3.py
[2024-06-14T04:29:54.081+0000] {processor.py:840} INFO - DAG(s) 'example_branch_dop_operator_v3' retrieved from /home/airflow/.local/lib/python3.12/site-packages/airflow/example_dags/example_branch_python_dop_operator_3.py
[2024-06-14T04:29:54.113+0000] {logging_mixin.py:188} INFO - [2024-06-14T04:29:54.112+0000] {dag.py:3096} INFO - Sync 1 DAGs
[2024-06-14T04:29:54.158+0000] {logging_mixin.py:188} INFO - [2024-06-14T04:29:54.158+0000] {dag.py:3954} INFO - Setting next_dagrun for example_branch_dop_operator_v3 to 2024-06-14 04:28:00+00:00, run_after=2024-06-14 04:29:00+00:00
[2024-06-14T04:29:54.186+0000] {processor.py:183} INFO - Processing /home/airflow/.local/lib/python3.12/site-packages/airflow/example_dags/example_branch_python_dop_operator_3.py took 0.135 seconds
[2024-06-14T04:30:24.836+0000] {processor.py:161} INFO - Started process (PID=478) to work on /home/airflow/.local/lib/python3.12/site-packages/airflow/example_dags/example_branch_python_dop_operator_3.py
[2024-06-14T04:30:24.838+0000] {processor.py:830} INFO - Processing file /home/airflow/.local/lib/python3.12/site-packages/airflow/example_dags/example_branch_python_dop_operator_3.py for tasks to queue
[2024-06-14T04:30:24.841+0000] {logging_mixin.py:188} INFO - [2024-06-14T04:30:24.841+0000] {dagbag.py:545} INFO - Filling up the DagBag from /home/airflow/.local/lib/python3.12/site-packages/airflow/example_dags/example_branch_python_dop_operator_3.py
[2024-06-14T04:30:24.854+0000] {processor.py:840} INFO - DAG(s) 'example_branch_dop_operator_v3' retrieved from /home/airflow/.local/lib/python3.12/site-packages/airflow/example_dags/example_branch_python_dop_operator_3.py
[2024-06-14T04:30:24.901+0000] {logging_mixin.py:188} INFO - [2024-06-14T04:30:24.901+0000] {dag.py:3096} INFO - Sync 1 DAGs
[2024-06-14T04:30:24.949+0000] {logging_mixin.py:188} INFO - [2024-06-14T04:30:24.949+0000] {dag.py:3954} INFO - Setting next_dagrun for example_branch_dop_operator_v3 to 2024-06-14 04:29:00+00:00, run_after=2024-06-14 04:30:00+00:00
[2024-06-14T04:30:24.991+0000] {processor.py:183} INFO - Processing /home/airflow/.local/lib/python3.12/site-packages/airflow/example_dags/example_branch_python_dop_operator_3.py took 0.163 seconds
[2024-06-14T04:30:55.325+0000] {processor.py:161} INFO - Started process (PID=560) to work on /home/airflow/.local/lib/python3.12/site-packages/airflow/example_dags/example_branch_python_dop_operator_3.py
[2024-06-14T04:30:55.326+0000] {processor.py:830} INFO - Processing file /home/airflow/.local/lib/python3.12/site-packages/airflow/example_dags/example_branch_python_dop_operator_3.py for tasks to queue
[2024-06-14T04:30:55.328+0000] {logging_mixin.py:188} INFO - [2024-06-14T04:30:55.328+0000] {dagbag.py:545} INFO - Filling up the DagBag from /home/airflow/.local/lib/python3.12/site-packages/airflow/example_dags/example_branch_python_dop_operator_3.py
[2024-06-14T04:30:55.338+0000] {processor.py:840} INFO - DAG(s) 'example_branch_dop_operator_v3' retrieved from /home/airflow/.local/lib/python3.12/site-packages/airflow/example_dags/example_branch_python_dop_operator_3.py
[2024-06-14T04:30:55.361+0000] {logging_mixin.py:188} INFO - [2024-06-14T04:30:55.361+0000] {dag.py:3096} INFO - Sync 1 DAGs
[2024-06-14T04:30:55.389+0000] {logging_mixin.py:188} INFO - [2024-06-14T04:30:55.388+0000] {dag.py:3954} INFO - Setting next_dagrun for example_branch_dop_operator_v3 to 2024-06-14 04:29:00+00:00, run_after=2024-06-14 04:30:00+00:00
[2024-06-14T04:30:55.414+0000] {processor.py:183} INFO - Processing /home/airflow/.local/lib/python3.12/site-packages/airflow/example_dags/example_branch_python_dop_operator_3.py took 0.095 seconds
[2024-06-14T04:31:25.777+0000] {processor.py:161} INFO - Started process (PID=620) to work on /home/airflow/.local/lib/python3.12/site-packages/airflow/example_dags/example_branch_python_dop_operator_3.py
[2024-06-14T04:31:25.778+0000] {processor.py:830} INFO - Processing file /home/airflow/.local/lib/python3.12/site-packages/airflow/example_dags/example_branch_python_dop_operator_3.py for tasks to queue
[2024-06-14T04:31:25.781+0000] {logging_mixin.py:188} INFO - [2024-06-14T04:31:25.780+0000] {dagbag.py:545} INFO - Filling up the DagBag from /home/airflow/.local/lib/python3.12/site-packages/airflow/example_dags/example_branch_python_dop_operator_3.py
[2024-06-14T04:31:25.789+0000] {processor.py:840} INFO - DAG(s) 'example_branch_dop_operator_v3' retrieved from /home/airflow/.local/lib/python3.12/site-packages/airflow/example_dags/example_branch_python_dop_operator_3.py
[2024-06-14T04:31:25.808+0000] {logging_mixin.py:188} INFO - [2024-06-14T04:31:25.808+0000] {dag.py:3096} INFO - Sync 1 DAGs
[2024-06-14T04:31:25.831+0000] {logging_mixin.py:188} INFO - [2024-06-14T04:31:25.831+0000] {dag.py:3954} INFO - Setting next_dagrun for example_branch_dop_operator_v3 to 2024-06-14 04:30:00+00:00, run_after=2024-06-14 04:31:00+00:00
[2024-06-14T04:31:25.854+0000] {processor.py:183} INFO - Processing /home/airflow/.local/lib/python3.12/site-packages/airflow/example_dags/example_branch_python_dop_operator_3.py took 0.083 seconds
[2024-06-14T04:31:56.007+0000] {processor.py:161} INFO - Started process (PID=680) to work on /home/airflow/.local/lib/python3.12/site-packages/airflow/example_dags/example_branch_python_dop_operator_3.py
[2024-06-14T04:31:56.009+0000] {processor.py:830} INFO - Processing file /home/airflow/.local/lib/python3.12/site-packages/airflow/example_dags/example_branch_python_dop_operator_3.py for tasks to queue
[2024-06-14T04:31:56.011+0000] {logging_mixin.py:188} INFO - [2024-06-14T04:31:56.011+0000] {dagbag.py:545} INFO - Filling up the DagBag from /home/airflow/.local/lib/python3.12/site-packages/airflow/example_dags/example_branch_python_dop_operator_3.py
[2024-06-14T04:31:56.020+0000] {processor.py:840} INFO - DAG(s) 'example_branch_dop_operator_v3' retrieved from /home/airflow/.local/lib/python3.12/site-packages/airflow/example_dags/example_branch_python_dop_operator_3.py
[2024-06-14T04:31:56.040+0000] {logging_mixin.py:188} INFO - [2024-06-14T04:31:56.039+0000] {dag.py:3096} INFO - Sync 1 DAGs
[2024-06-14T04:31:56.062+0000] {logging_mixin.py:188} INFO - [2024-06-14T04:31:56.062+0000] {dag.py:3954} INFO - Setting next_dagrun for example_branch_dop_operator_v3 to 2024-06-14 04:30:00+00:00, run_after=2024-06-14 04:31:00+00:00
[2024-06-14T04:31:56.082+0000] {processor.py:183} INFO - Processing /home/airflow/.local/lib/python3.12/site-packages/airflow/example_dags/example_branch_python_dop_operator_3.py took 0.080 seconds
[2024-06-14T04:32:26.594+0000] {processor.py:161} INFO - Started process (PID=740) to work on /home/airflow/.local/lib/python3.12/site-packages/airflow/example_dags/example_branch_python_dop_operator_3.py
[2024-06-14T04:32:26.595+0000] {processor.py:830} INFO - Processing file /home/airflow/.local/lib/python3.12/site-packages/airflow/example_dags/example_branch_python_dop_operator_3.py for tasks to queue
[2024-06-14T04:32:26.597+0000] {logging_mixin.py:188} INFO - [2024-06-14T04:32:26.596+0000] {dagbag.py:545} INFO - Filling up the DagBag from /home/airflow/.local/lib/python3.12/site-packages/airflow/example_dags/example_branch_python_dop_operator_3.py
[2024-06-14T04:32:26.605+0000] {processor.py:840} INFO - DAG(s) 'example_branch_dop_operator_v3' retrieved from /home/airflow/.local/lib/python3.12/site-packages/airflow/example_dags/example_branch_python_dop_operator_3.py
[2024-06-14T04:32:26.626+0000] {logging_mixin.py:188} INFO - [2024-06-14T04:32:26.626+0000] {dag.py:3096} INFO - Sync 1 DAGs
[2024-06-14T04:32:26.651+0000] {logging_mixin.py:188} INFO - [2024-06-14T04:32:26.650+0000] {dag.py:3954} INFO - Setting next_dagrun for example_branch_dop_operator_v3 to 2024-06-14 04:31:00+00:00, run_after=2024-06-14 04:32:00+00:00
[2024-06-14T04:32:26.670+0000] {processor.py:183} INFO - Processing /home/airflow/.local/lib/python3.12/site-packages/airflow/example_dags/example_branch_python_dop_operator_3.py took 0.083 seconds
