[2024-06-14T03:04:57.265+0000] {processor.py:161} INFO - Started process (PID=30) to work on /home/airflow/.local/lib/python3.12/site-packages/airflow/example_dags/example_setup_teardown.py
[2024-06-14T03:04:57.266+0000] {processor.py:830} INFO - Processing file /home/airflow/.local/lib/python3.12/site-packages/airflow/example_dags/example_setup_teardown.py for tasks to queue
[2024-06-14T03:04:57.269+0000] {logging_mixin.py:188} INFO - [2024-06-14T03:04:57.268+0000] {dagbag.py:545} INFO - Filling up the DagBag from /home/airflow/.local/lib/python3.12/site-packages/airflow/example_dags/example_setup_teardown.py
[2024-06-14T03:04:57.308+0000] {processor.py:840} INFO - DAG(s) 'example_setup_teardown' retrieved from /home/airflow/.local/lib/python3.12/site-packages/airflow/example_dags/example_setup_teardown.py
[2024-06-14T03:04:57.506+0000] {logging_mixin.py:188} INFO - [2024-06-14T03:04:57.505+0000] {dag.py:3096} INFO - Sync 1 DAGs
[2024-06-14T03:04:57.547+0000] {logging_mixin.py:188} INFO - [2024-06-14T03:04:57.547+0000] {dag.py:3954} INFO - Setting next_dagrun for example_setup_teardown to 2024-06-13 00:00:00+00:00, run_after=2024-06-14 00:00:00+00:00
[2024-06-14T03:04:57.585+0000] {processor.py:183} INFO - Processing /home/airflow/.local/lib/python3.12/site-packages/airflow/example_dags/example_setup_teardown.py took 0.330 seconds
[2024-06-14T03:05:30.441+0000] {processor.py:161} INFO - Started process (PID=31) to work on /home/airflow/.local/lib/python3.12/site-packages/airflow/example_dags/example_setup_teardown.py
[2024-06-14T03:05:30.445+0000] {processor.py:830} INFO - Processing file /home/airflow/.local/lib/python3.12/site-packages/airflow/example_dags/example_setup_teardown.py for tasks to queue
[2024-06-14T03:05:30.452+0000] {logging_mixin.py:188} INFO - [2024-06-14T03:05:30.452+0000] {dagbag.py:545} INFO - Filling up the DagBag from /home/airflow/.local/lib/python3.12/site-packages/airflow/example_dags/example_setup_teardown.py
[2024-06-14T03:05:30.515+0000] {processor.py:840} INFO - DAG(s) 'example_setup_teardown' retrieved from /home/airflow/.local/lib/python3.12/site-packages/airflow/example_dags/example_setup_teardown.py
[2024-06-14T03:05:30.840+0000] {logging_mixin.py:188} INFO - [2024-06-14T03:05:30.840+0000] {dag.py:3096} INFO - Sync 1 DAGs
[2024-06-14T03:05:31.525+0000] {logging_mixin.py:188} INFO - [2024-06-14T03:05:31.525+0000] {dag.py:3954} INFO - Setting next_dagrun for example_setup_teardown to 2024-06-13 00:00:00+00:00, run_after=2024-06-14 00:00:00+00:00
[2024-06-14T03:05:31.578+0000] {processor.py:183} INFO - Processing /home/airflow/.local/lib/python3.12/site-packages/airflow/example_dags/example_setup_teardown.py took 1.158 seconds
[2024-06-14T03:06:01.900+0000] {processor.py:161} INFO - Started process (PID=90) to work on /home/airflow/.local/lib/python3.12/site-packages/airflow/example_dags/example_setup_teardown.py
[2024-06-14T03:06:01.902+0000] {processor.py:830} INFO - Processing file /home/airflow/.local/lib/python3.12/site-packages/airflow/example_dags/example_setup_teardown.py for tasks to queue
[2024-06-14T03:06:01.904+0000] {logging_mixin.py:188} INFO - [2024-06-14T03:06:01.904+0000] {dagbag.py:545} INFO - Filling up the DagBag from /home/airflow/.local/lib/python3.12/site-packages/airflow/example_dags/example_setup_teardown.py
[2024-06-14T03:06:01.911+0000] {processor.py:840} INFO - DAG(s) 'example_setup_teardown' retrieved from /home/airflow/.local/lib/python3.12/site-packages/airflow/example_dags/example_setup_teardown.py
[2024-06-14T03:06:01.940+0000] {logging_mixin.py:188} INFO - [2024-06-14T03:06:01.940+0000] {dag.py:3096} INFO - Sync 1 DAGs
[2024-06-14T03:06:01.975+0000] {logging_mixin.py:188} INFO - [2024-06-14T03:06:01.975+0000] {dag.py:3954} INFO - Setting next_dagrun for example_setup_teardown to 2024-06-13 00:00:00+00:00, run_after=2024-06-14 00:00:00+00:00
[2024-06-14T03:06:01.999+0000] {processor.py:183} INFO - Processing /home/airflow/.local/lib/python3.12/site-packages/airflow/example_dags/example_setup_teardown.py took 0.108 seconds
[2024-06-14T03:06:32.218+0000] {processor.py:161} INFO - Started process (PID=150) to work on /home/airflow/.local/lib/python3.12/site-packages/airflow/example_dags/example_setup_teardown.py
[2024-06-14T03:06:32.220+0000] {processor.py:830} INFO - Processing file /home/airflow/.local/lib/python3.12/site-packages/airflow/example_dags/example_setup_teardown.py for tasks to queue
[2024-06-14T03:06:32.224+0000] {logging_mixin.py:188} INFO - [2024-06-14T03:06:32.223+0000] {dagbag.py:545} INFO - Filling up the DagBag from /home/airflow/.local/lib/python3.12/site-packages/airflow/example_dags/example_setup_teardown.py
[2024-06-14T03:06:32.231+0000] {processor.py:840} INFO - DAG(s) 'example_setup_teardown' retrieved from /home/airflow/.local/lib/python3.12/site-packages/airflow/example_dags/example_setup_teardown.py
[2024-06-14T03:06:32.253+0000] {logging_mixin.py:188} INFO - [2024-06-14T03:06:32.253+0000] {dag.py:3096} INFO - Sync 1 DAGs
[2024-06-14T03:06:32.288+0000] {logging_mixin.py:188} INFO - [2024-06-14T03:06:32.287+0000] {dag.py:3954} INFO - Setting next_dagrun for example_setup_teardown to 2024-06-13 00:00:00+00:00, run_after=2024-06-14 00:00:00+00:00
[2024-06-14T03:06:32.319+0000] {processor.py:183} INFO - Processing /home/airflow/.local/lib/python3.12/site-packages/airflow/example_dags/example_setup_teardown.py took 0.117 seconds
[2024-06-14T04:26:12.012+0000] {processor.py:161} INFO - Started process (PID=31) to work on /home/airflow/.local/lib/python3.12/site-packages/airflow/example_dags/example_setup_teardown.py
[2024-06-14T04:26:12.014+0000] {processor.py:830} INFO - Processing file /home/airflow/.local/lib/python3.12/site-packages/airflow/example_dags/example_setup_teardown.py for tasks to queue
[2024-06-14T04:26:12.016+0000] {logging_mixin.py:188} INFO - [2024-06-14T04:26:12.016+0000] {dagbag.py:545} INFO - Filling up the DagBag from /home/airflow/.local/lib/python3.12/site-packages/airflow/example_dags/example_setup_teardown.py
[2024-06-14T04:26:12.042+0000] {processor.py:840} INFO - DAG(s) 'example_setup_teardown' retrieved from /home/airflow/.local/lib/python3.12/site-packages/airflow/example_dags/example_setup_teardown.py
[2024-06-14T04:26:12.386+0000] {logging_mixin.py:188} INFO - [2024-06-14T04:26:12.385+0000] {dag.py:3096} INFO - Sync 1 DAGs
[2024-06-14T04:26:12.410+0000] {logging_mixin.py:188} INFO - [2024-06-14T04:26:12.410+0000] {dag.py:3954} INFO - Setting next_dagrun for example_setup_teardown to 2024-06-13 00:00:00+00:00, run_after=2024-06-14 00:00:00+00:00
[2024-06-14T04:26:12.433+0000] {processor.py:183} INFO - Processing /home/airflow/.local/lib/python3.12/site-packages/airflow/example_dags/example_setup_teardown.py took 0.430 seconds
[2024-06-14T04:26:43.195+0000] {processor.py:161} INFO - Started process (PID=90) to work on /home/airflow/.local/lib/python3.12/site-packages/airflow/example_dags/example_setup_teardown.py
[2024-06-14T04:26:43.196+0000] {processor.py:830} INFO - Processing file /home/airflow/.local/lib/python3.12/site-packages/airflow/example_dags/example_setup_teardown.py for tasks to queue
[2024-06-14T04:26:43.198+0000] {logging_mixin.py:188} INFO - [2024-06-14T04:26:43.198+0000] {dagbag.py:545} INFO - Filling up the DagBag from /home/airflow/.local/lib/python3.12/site-packages/airflow/example_dags/example_setup_teardown.py
[2024-06-14T04:26:43.209+0000] {processor.py:840} INFO - DAG(s) 'example_setup_teardown' retrieved from /home/airflow/.local/lib/python3.12/site-packages/airflow/example_dags/example_setup_teardown.py
[2024-06-14T04:26:43.225+0000] {logging_mixin.py:188} INFO - [2024-06-14T04:26:43.225+0000] {dag.py:3096} INFO - Sync 1 DAGs
[2024-06-14T04:26:43.456+0000] {logging_mixin.py:188} INFO - [2024-06-14T04:26:43.456+0000] {dag.py:3954} INFO - Setting next_dagrun for example_setup_teardown to 2024-06-13 00:00:00+00:00, run_after=2024-06-14 00:00:00+00:00
[2024-06-14T04:26:43.497+0000] {processor.py:183} INFO - Processing /home/airflow/.local/lib/python3.12/site-packages/airflow/example_dags/example_setup_teardown.py took 0.308 seconds
[2024-06-14T04:27:13.893+0000] {processor.py:161} INFO - Started process (PID=150) to work on /home/airflow/.local/lib/python3.12/site-packages/airflow/example_dags/example_setup_teardown.py
[2024-06-14T04:27:13.895+0000] {processor.py:830} INFO - Processing file /home/airflow/.local/lib/python3.12/site-packages/airflow/example_dags/example_setup_teardown.py for tasks to queue
[2024-06-14T04:27:13.897+0000] {logging_mixin.py:188} INFO - [2024-06-14T04:27:13.896+0000] {dagbag.py:545} INFO - Filling up the DagBag from /home/airflow/.local/lib/python3.12/site-packages/airflow/example_dags/example_setup_teardown.py
[2024-06-14T04:27:13.903+0000] {processor.py:840} INFO - DAG(s) 'example_setup_teardown' retrieved from /home/airflow/.local/lib/python3.12/site-packages/airflow/example_dags/example_setup_teardown.py
[2024-06-14T04:27:13.915+0000] {logging_mixin.py:188} INFO - [2024-06-14T04:27:13.915+0000] {dag.py:3096} INFO - Sync 1 DAGs
[2024-06-14T04:27:13.946+0000] {logging_mixin.py:188} INFO - [2024-06-14T04:27:13.945+0000] {dag.py:3954} INFO - Setting next_dagrun for example_setup_teardown to 2024-06-13 00:00:00+00:00, run_after=2024-06-14 00:00:00+00:00
[2024-06-14T04:27:13.970+0000] {processor.py:183} INFO - Processing /home/airflow/.local/lib/python3.12/site-packages/airflow/example_dags/example_setup_teardown.py took 0.082 seconds
[2024-06-14T04:27:44.278+0000] {processor.py:161} INFO - Started process (PID=210) to work on /home/airflow/.local/lib/python3.12/site-packages/airflow/example_dags/example_setup_teardown.py
[2024-06-14T04:27:44.279+0000] {processor.py:830} INFO - Processing file /home/airflow/.local/lib/python3.12/site-packages/airflow/example_dags/example_setup_teardown.py for tasks to queue
[2024-06-14T04:27:44.281+0000] {logging_mixin.py:188} INFO - [2024-06-14T04:27:44.281+0000] {dagbag.py:545} INFO - Filling up the DagBag from /home/airflow/.local/lib/python3.12/site-packages/airflow/example_dags/example_setup_teardown.py
[2024-06-14T04:27:44.287+0000] {processor.py:840} INFO - DAG(s) 'example_setup_teardown' retrieved from /home/airflow/.local/lib/python3.12/site-packages/airflow/example_dags/example_setup_teardown.py
[2024-06-14T04:27:44.384+0000] {logging_mixin.py:188} INFO - [2024-06-14T04:27:44.384+0000] {dag.py:3096} INFO - Sync 1 DAGs
[2024-06-14T04:27:44.405+0000] {logging_mixin.py:188} INFO - [2024-06-14T04:27:44.405+0000] {dag.py:3954} INFO - Setting next_dagrun for example_setup_teardown to 2024-06-13 00:00:00+00:00, run_after=2024-06-14 00:00:00+00:00
[2024-06-14T04:27:44.432+0000] {processor.py:183} INFO - Processing /home/airflow/.local/lib/python3.12/site-packages/airflow/example_dags/example_setup_teardown.py took 0.159 seconds
[2024-06-14T04:28:15.265+0000] {processor.py:161} INFO - Started process (PID=270) to work on /home/airflow/.local/lib/python3.12/site-packages/airflow/example_dags/example_setup_teardown.py
[2024-06-14T04:28:15.267+0000] {processor.py:830} INFO - Processing file /home/airflow/.local/lib/python3.12/site-packages/airflow/example_dags/example_setup_teardown.py for tasks to queue
[2024-06-14T04:28:15.269+0000] {logging_mixin.py:188} INFO - [2024-06-14T04:28:15.269+0000] {dagbag.py:545} INFO - Filling up the DagBag from /home/airflow/.local/lib/python3.12/site-packages/airflow/example_dags/example_setup_teardown.py
[2024-06-14T04:28:15.276+0000] {processor.py:840} INFO - DAG(s) 'example_setup_teardown' retrieved from /home/airflow/.local/lib/python3.12/site-packages/airflow/example_dags/example_setup_teardown.py
[2024-06-14T04:28:15.295+0000] {logging_mixin.py:188} INFO - [2024-06-14T04:28:15.295+0000] {dag.py:3096} INFO - Sync 1 DAGs
[2024-06-14T04:28:15.319+0000] {logging_mixin.py:188} INFO - [2024-06-14T04:28:15.319+0000] {dag.py:3954} INFO - Setting next_dagrun for example_setup_teardown to 2024-06-13 00:00:00+00:00, run_after=2024-06-14 00:00:00+00:00
[2024-06-14T04:28:15.340+0000] {processor.py:183} INFO - Processing /home/airflow/.local/lib/python3.12/site-packages/airflow/example_dags/example_setup_teardown.py took 0.080 seconds
[2024-06-14T04:28:46.332+0000] {processor.py:161} INFO - Started process (PID=343) to work on /home/airflow/.local/lib/python3.12/site-packages/airflow/example_dags/example_setup_teardown.py
[2024-06-14T04:28:46.385+0000] {processor.py:830} INFO - Processing file /home/airflow/.local/lib/python3.12/site-packages/airflow/example_dags/example_setup_teardown.py for tasks to queue
[2024-06-14T04:29:09.371+0000] {logging_mixin.py:188} INFO - [2024-06-14T04:29:01.448+0000] {dagbag.py:545} INFO - Filling up the DagBag from /home/airflow/.local/lib/python3.12/site-packages/airflow/example_dags/example_setup_teardown.py
[2024-06-14T04:29:22.189+0000] {processor.py:840} INFO - DAG(s) 'example_setup_teardown' retrieved from /home/airflow/.local/lib/python3.12/site-packages/airflow/example_dags/example_setup_teardown.py
[2024-06-14T04:29:22.571+0000] {logging_mixin.py:188} INFO - [2024-06-14T04:29:22.570+0000] {dag.py:3096} INFO - Sync 1 DAGs
[2024-06-14T04:29:22.655+0000] {logging_mixin.py:188} INFO - [2024-06-14T04:29:22.653+0000] {dag.py:3954} INFO - Setting next_dagrun for example_setup_teardown to 2024-06-13 00:00:00+00:00, run_after=2024-06-14 00:00:00+00:00
[2024-06-14T04:29:22.718+0000] {processor.py:183} INFO - Processing /home/airflow/.local/lib/python3.12/site-packages/airflow/example_dags/example_setup_teardown.py took 36.477 seconds
[2024-06-14T04:29:53.535+0000] {processor.py:161} INFO - Started process (PID=403) to work on /home/airflow/.local/lib/python3.12/site-packages/airflow/example_dags/example_setup_teardown.py
[2024-06-14T04:29:53.537+0000] {processor.py:830} INFO - Processing file /home/airflow/.local/lib/python3.12/site-packages/airflow/example_dags/example_setup_teardown.py for tasks to queue
[2024-06-14T04:29:53.545+0000] {logging_mixin.py:188} INFO - [2024-06-14T04:29:53.545+0000] {dagbag.py:545} INFO - Filling up the DagBag from /home/airflow/.local/lib/python3.12/site-packages/airflow/example_dags/example_setup_teardown.py
[2024-06-14T04:29:53.555+0000] {processor.py:840} INFO - DAG(s) 'example_setup_teardown' retrieved from /home/airflow/.local/lib/python3.12/site-packages/airflow/example_dags/example_setup_teardown.py
[2024-06-14T04:29:53.582+0000] {logging_mixin.py:188} INFO - [2024-06-14T04:29:53.582+0000] {dag.py:3096} INFO - Sync 1 DAGs
[2024-06-14T04:29:53.615+0000] {logging_mixin.py:188} INFO - [2024-06-14T04:29:53.614+0000] {dag.py:3954} INFO - Setting next_dagrun for example_setup_teardown to 2024-06-13 00:00:00+00:00, run_after=2024-06-14 00:00:00+00:00
[2024-06-14T04:29:53.642+0000] {processor.py:183} INFO - Processing /home/airflow/.local/lib/python3.12/site-packages/airflow/example_dags/example_setup_teardown.py took 0.116 seconds
[2024-06-14T04:30:24.264+0000] {processor.py:161} INFO - Started process (PID=475) to work on /home/airflow/.local/lib/python3.12/site-packages/airflow/example_dags/example_setup_teardown.py
[2024-06-14T04:30:24.268+0000] {processor.py:830} INFO - Processing file /home/airflow/.local/lib/python3.12/site-packages/airflow/example_dags/example_setup_teardown.py for tasks to queue
[2024-06-14T04:30:24.288+0000] {logging_mixin.py:188} INFO - [2024-06-14T04:30:24.288+0000] {dagbag.py:545} INFO - Filling up the DagBag from /home/airflow/.local/lib/python3.12/site-packages/airflow/example_dags/example_setup_teardown.py
[2024-06-14T04:30:24.311+0000] {processor.py:840} INFO - DAG(s) 'example_setup_teardown' retrieved from /home/airflow/.local/lib/python3.12/site-packages/airflow/example_dags/example_setup_teardown.py
[2024-06-14T04:30:24.351+0000] {logging_mixin.py:188} INFO - [2024-06-14T04:30:24.351+0000] {dag.py:3096} INFO - Sync 1 DAGs
[2024-06-14T04:30:24.388+0000] {logging_mixin.py:188} INFO - [2024-06-14T04:30:24.387+0000] {dag.py:3954} INFO - Setting next_dagrun for example_setup_teardown to 2024-06-13 00:00:00+00:00, run_after=2024-06-14 00:00:00+00:00
[2024-06-14T04:30:24.783+0000] {processor.py:183} INFO - Processing /home/airflow/.local/lib/python3.12/site-packages/airflow/example_dags/example_setup_teardown.py took 0.534 seconds
[2024-06-14T04:30:55.089+0000] {processor.py:161} INFO - Started process (PID=557) to work on /home/airflow/.local/lib/python3.12/site-packages/airflow/example_dags/example_setup_teardown.py
[2024-06-14T04:30:55.091+0000] {processor.py:830} INFO - Processing file /home/airflow/.local/lib/python3.12/site-packages/airflow/example_dags/example_setup_teardown.py for tasks to queue
[2024-06-14T04:30:55.093+0000] {logging_mixin.py:188} INFO - [2024-06-14T04:30:55.092+0000] {dagbag.py:545} INFO - Filling up the DagBag from /home/airflow/.local/lib/python3.12/site-packages/airflow/example_dags/example_setup_teardown.py
[2024-06-14T04:30:55.100+0000] {processor.py:840} INFO - DAG(s) 'example_setup_teardown' retrieved from /home/airflow/.local/lib/python3.12/site-packages/airflow/example_dags/example_setup_teardown.py
[2024-06-14T04:30:55.125+0000] {logging_mixin.py:188} INFO - [2024-06-14T04:30:55.125+0000] {dag.py:3096} INFO - Sync 1 DAGs
[2024-06-14T04:30:55.150+0000] {logging_mixin.py:188} INFO - [2024-06-14T04:30:55.149+0000] {dag.py:3954} INFO - Setting next_dagrun for example_setup_teardown to 2024-06-13 00:00:00+00:00, run_after=2024-06-14 00:00:00+00:00
[2024-06-14T04:30:55.174+0000] {processor.py:183} INFO - Processing /home/airflow/.local/lib/python3.12/site-packages/airflow/example_dags/example_setup_teardown.py took 0.090 seconds
[2024-06-14T04:31:25.665+0000] {processor.py:161} INFO - Started process (PID=617) to work on /home/airflow/.local/lib/python3.12/site-packages/airflow/example_dags/example_setup_teardown.py
[2024-06-14T04:31:25.666+0000] {processor.py:830} INFO - Processing file /home/airflow/.local/lib/python3.12/site-packages/airflow/example_dags/example_setup_teardown.py for tasks to queue
[2024-06-14T04:31:25.669+0000] {logging_mixin.py:188} INFO - [2024-06-14T04:31:25.668+0000] {dagbag.py:545} INFO - Filling up the DagBag from /home/airflow/.local/lib/python3.12/site-packages/airflow/example_dags/example_setup_teardown.py
[2024-06-14T04:31:25.675+0000] {processor.py:840} INFO - DAG(s) 'example_setup_teardown' retrieved from /home/airflow/.local/lib/python3.12/site-packages/airflow/example_dags/example_setup_teardown.py
[2024-06-14T04:31:25.694+0000] {logging_mixin.py:188} INFO - [2024-06-14T04:31:25.694+0000] {dag.py:3096} INFO - Sync 1 DAGs
[2024-06-14T04:31:25.717+0000] {logging_mixin.py:188} INFO - [2024-06-14T04:31:25.716+0000] {dag.py:3954} INFO - Setting next_dagrun for example_setup_teardown to 2024-06-13 00:00:00+00:00, run_after=2024-06-14 00:00:00+00:00
[2024-06-14T04:31:25.739+0000] {processor.py:183} INFO - Processing /home/airflow/.local/lib/python3.12/site-packages/airflow/example_dags/example_setup_teardown.py took 0.080 seconds
[2024-06-14T04:31:55.793+0000] {processor.py:161} INFO - Started process (PID=677) to work on /home/airflow/.local/lib/python3.12/site-packages/airflow/example_dags/example_setup_teardown.py
[2024-06-14T04:31:55.794+0000] {processor.py:830} INFO - Processing file /home/airflow/.local/lib/python3.12/site-packages/airflow/example_dags/example_setup_teardown.py for tasks to queue
[2024-06-14T04:31:55.796+0000] {logging_mixin.py:188} INFO - [2024-06-14T04:31:55.796+0000] {dagbag.py:545} INFO - Filling up the DagBag from /home/airflow/.local/lib/python3.12/site-packages/airflow/example_dags/example_setup_teardown.py
[2024-06-14T04:31:55.803+0000] {processor.py:840} INFO - DAG(s) 'example_setup_teardown' retrieved from /home/airflow/.local/lib/python3.12/site-packages/airflow/example_dags/example_setup_teardown.py
[2024-06-14T04:31:55.823+0000] {logging_mixin.py:188} INFO - [2024-06-14T04:31:55.822+0000] {dag.py:3096} INFO - Sync 1 DAGs
[2024-06-14T04:31:55.841+0000] {logging_mixin.py:188} INFO - [2024-06-14T04:31:55.841+0000] {dag.py:3954} INFO - Setting next_dagrun for example_setup_teardown to 2024-06-13 00:00:00+00:00, run_after=2024-06-14 00:00:00+00:00
[2024-06-14T04:31:55.862+0000] {processor.py:183} INFO - Processing /home/airflow/.local/lib/python3.12/site-packages/airflow/example_dags/example_setup_teardown.py took 0.074 seconds
[2024-06-14T04:32:26.349+0000] {processor.py:161} INFO - Started process (PID=737) to work on /home/airflow/.local/lib/python3.12/site-packages/airflow/example_dags/example_setup_teardown.py
[2024-06-14T04:32:26.350+0000] {processor.py:830} INFO - Processing file /home/airflow/.local/lib/python3.12/site-packages/airflow/example_dags/example_setup_teardown.py for tasks to queue
[2024-06-14T04:32:26.353+0000] {logging_mixin.py:188} INFO - [2024-06-14T04:32:26.352+0000] {dagbag.py:545} INFO - Filling up the DagBag from /home/airflow/.local/lib/python3.12/site-packages/airflow/example_dags/example_setup_teardown.py
[2024-06-14T04:32:26.361+0000] {processor.py:840} INFO - DAG(s) 'example_setup_teardown' retrieved from /home/airflow/.local/lib/python3.12/site-packages/airflow/example_dags/example_setup_teardown.py
[2024-06-14T04:32:26.387+0000] {logging_mixin.py:188} INFO - [2024-06-14T04:32:26.387+0000] {dag.py:3096} INFO - Sync 1 DAGs
[2024-06-14T04:32:26.410+0000] {logging_mixin.py:188} INFO - [2024-06-14T04:32:26.410+0000] {dag.py:3954} INFO - Setting next_dagrun for example_setup_teardown to 2024-06-13 00:00:00+00:00, run_after=2024-06-14 00:00:00+00:00
[2024-06-14T04:32:26.432+0000] {processor.py:183} INFO - Processing /home/airflow/.local/lib/python3.12/site-packages/airflow/example_dags/example_setup_teardown.py took 0.089 seconds
