[2024-06-14T03:05:04.164+0000] {processor.py:161} INFO - Started process (PID=52) to work on /home/airflow/.local/lib/python3.12/site-packages/airflow/example_dags/example_python_operator.py
[2024-06-14T03:05:04.169+0000] {processor.py:830} INFO - Processing file /home/airflow/.local/lib/python3.12/site-packages/airflow/example_dags/example_python_operator.py for tasks to queue
[2024-06-14T03:05:04.172+0000] {logging_mixin.py:188} INFO - [2024-06-14T03:05:04.170+0000] {dagbag.py:545} INFO - Filling up the DagBag from /home/airflow/.local/lib/python3.12/site-packages/airflow/example_dags/example_python_operator.py
[2024-06-14T03:05:04.223+0000] {processor.py:840} INFO - DAG(s) 'example_python_operator' retrieved from /home/airflow/.local/lib/python3.12/site-packages/airflow/example_dags/example_python_operator.py
[2024-06-14T03:05:08.193+0000] {logging_mixin.py:188} INFO - [2024-06-14T03:05:08.192+0000] {process_utils.py:263} INFO - Waiting up to 5 seconds for processes to exit...
[2024-06-14T03:05:33.708+0000] {processor.py:161} INFO - Started process (PID=46) to work on /home/airflow/.local/lib/python3.12/site-packages/airflow/example_dags/example_python_operator.py
[2024-06-14T03:05:33.720+0000] {processor.py:830} INFO - Processing file /home/airflow/.local/lib/python3.12/site-packages/airflow/example_dags/example_python_operator.py for tasks to queue
[2024-06-14T03:05:33.722+0000] {logging_mixin.py:188} INFO - [2024-06-14T03:05:33.722+0000] {dagbag.py:545} INFO - Filling up the DagBag from /home/airflow/.local/lib/python3.12/site-packages/airflow/example_dags/example_python_operator.py
[2024-06-14T03:05:33.745+0000] {processor.py:840} INFO - DAG(s) 'example_python_operator' retrieved from /home/airflow/.local/lib/python3.12/site-packages/airflow/example_dags/example_python_operator.py
[2024-06-14T03:05:34.073+0000] {logging_mixin.py:188} INFO - [2024-06-14T03:05:34.073+0000] {dag.py:3096} INFO - Sync 1 DAGs
[2024-06-14T03:05:34.085+0000] {logging_mixin.py:188} INFO - [2024-06-14T03:05:34.084+0000] {dag.py:3954} INFO - Setting next_dagrun for example_python_operator to None, run_after=None
[2024-06-14T03:05:34.144+0000] {processor.py:183} INFO - Processing /home/airflow/.local/lib/python3.12/site-packages/airflow/example_dags/example_python_operator.py took 0.443 seconds
[2024-06-14T03:06:04.246+0000] {processor.py:161} INFO - Started process (PID=108) to work on /home/airflow/.local/lib/python3.12/site-packages/airflow/example_dags/example_python_operator.py
[2024-06-14T03:06:04.247+0000] {processor.py:830} INFO - Processing file /home/airflow/.local/lib/python3.12/site-packages/airflow/example_dags/example_python_operator.py for tasks to queue
[2024-06-14T03:06:04.249+0000] {logging_mixin.py:188} INFO - [2024-06-14T03:06:04.249+0000] {dagbag.py:545} INFO - Filling up the DagBag from /home/airflow/.local/lib/python3.12/site-packages/airflow/example_dags/example_python_operator.py
[2024-06-14T03:06:04.261+0000] {processor.py:840} INFO - DAG(s) 'example_python_operator' retrieved from /home/airflow/.local/lib/python3.12/site-packages/airflow/example_dags/example_python_operator.py
[2024-06-14T03:06:04.288+0000] {logging_mixin.py:188} INFO - [2024-06-14T03:06:04.287+0000] {dag.py:3096} INFO - Sync 1 DAGs
[2024-06-14T03:06:04.298+0000] {logging_mixin.py:188} INFO - [2024-06-14T03:06:04.298+0000] {dag.py:3954} INFO - Setting next_dagrun for example_python_operator to None, run_after=None
[2024-06-14T03:06:04.316+0000] {processor.py:183} INFO - Processing /home/airflow/.local/lib/python3.12/site-packages/airflow/example_dags/example_python_operator.py took 0.076 seconds
[2024-06-14T03:06:35.904+0000] {processor.py:161} INFO - Started process (PID=166) to work on /home/airflow/.local/lib/python3.12/site-packages/airflow/example_dags/example_python_operator.py
[2024-06-14T03:06:35.905+0000] {processor.py:830} INFO - Processing file /home/airflow/.local/lib/python3.12/site-packages/airflow/example_dags/example_python_operator.py for tasks to queue
[2024-06-14T03:06:35.907+0000] {logging_mixin.py:188} INFO - [2024-06-14T03:06:35.907+0000] {dagbag.py:545} INFO - Filling up the DagBag from /home/airflow/.local/lib/python3.12/site-packages/airflow/example_dags/example_python_operator.py
[2024-06-14T03:06:35.917+0000] {processor.py:840} INFO - DAG(s) 'example_python_operator' retrieved from /home/airflow/.local/lib/python3.12/site-packages/airflow/example_dags/example_python_operator.py
[2024-06-14T03:06:35.943+0000] {logging_mixin.py:188} INFO - [2024-06-14T03:06:35.943+0000] {dag.py:3096} INFO - Sync 1 DAGs
[2024-06-14T03:06:35.955+0000] {logging_mixin.py:188} INFO - [2024-06-14T03:06:35.955+0000] {dag.py:3954} INFO - Setting next_dagrun for example_python_operator to None, run_after=None
[2024-06-14T03:06:35.975+0000] {processor.py:183} INFO - Processing /home/airflow/.local/lib/python3.12/site-packages/airflow/example_dags/example_python_operator.py took 0.077 seconds
[2024-06-14T04:26:17.570+0000] {processor.py:161} INFO - Started process (PID=46) to work on /home/airflow/.local/lib/python3.12/site-packages/airflow/example_dags/example_python_operator.py
[2024-06-14T04:26:17.572+0000] {processor.py:830} INFO - Processing file /home/airflow/.local/lib/python3.12/site-packages/airflow/example_dags/example_python_operator.py for tasks to queue
[2024-06-14T04:26:17.575+0000] {logging_mixin.py:188} INFO - [2024-06-14T04:26:17.574+0000] {dagbag.py:545} INFO - Filling up the DagBag from /home/airflow/.local/lib/python3.12/site-packages/airflow/example_dags/example_python_operator.py
[2024-06-14T04:26:17.653+0000] {processor.py:840} INFO - DAG(s) 'example_python_operator' retrieved from /home/airflow/.local/lib/python3.12/site-packages/airflow/example_dags/example_python_operator.py
[2024-06-14T04:26:18.085+0000] {logging_mixin.py:188} INFO - [2024-06-14T04:26:18.084+0000] {dag.py:3096} INFO - Sync 1 DAGs
[2024-06-14T04:26:18.102+0000] {logging_mixin.py:188} INFO - [2024-06-14T04:26:18.102+0000] {dag.py:3954} INFO - Setting next_dagrun for example_python_operator to None, run_after=None
[2024-06-14T04:26:18.859+0000] {processor.py:183} INFO - Processing /home/airflow/.local/lib/python3.12/site-packages/airflow/example_dags/example_python_operator.py took 1.295 seconds
[2024-06-14T04:26:48.950+0000] {processor.py:161} INFO - Started process (PID=106) to work on /home/airflow/.local/lib/python3.12/site-packages/airflow/example_dags/example_python_operator.py
[2024-06-14T04:26:48.951+0000] {processor.py:830} INFO - Processing file /home/airflow/.local/lib/python3.12/site-packages/airflow/example_dags/example_python_operator.py for tasks to queue
[2024-06-14T04:26:48.953+0000] {logging_mixin.py:188} INFO - [2024-06-14T04:26:48.953+0000] {dagbag.py:545} INFO - Filling up the DagBag from /home/airflow/.local/lib/python3.12/site-packages/airflow/example_dags/example_python_operator.py
[2024-06-14T04:26:48.964+0000] {processor.py:840} INFO - DAG(s) 'example_python_operator' retrieved from /home/airflow/.local/lib/python3.12/site-packages/airflow/example_dags/example_python_operator.py
[2024-06-14T04:26:48.975+0000] {logging_mixin.py:188} INFO - [2024-06-14T04:26:48.975+0000] {dag.py:3096} INFO - Sync 1 DAGs
[2024-06-14T04:26:48.990+0000] {logging_mixin.py:188} INFO - [2024-06-14T04:26:48.990+0000] {dag.py:3954} INFO - Setting next_dagrun for example_python_operator to None, run_after=None
[2024-06-14T04:26:49.015+0000] {processor.py:183} INFO - Processing /home/airflow/.local/lib/python3.12/site-packages/airflow/example_dags/example_python_operator.py took 0.070 seconds
[2024-06-14T04:27:19.300+0000] {processor.py:161} INFO - Started process (PID=166) to work on /home/airflow/.local/lib/python3.12/site-packages/airflow/example_dags/example_python_operator.py
[2024-06-14T04:27:19.301+0000] {processor.py:830} INFO - Processing file /home/airflow/.local/lib/python3.12/site-packages/airflow/example_dags/example_python_operator.py for tasks to queue
[2024-06-14T04:27:19.303+0000] {logging_mixin.py:188} INFO - [2024-06-14T04:27:19.302+0000] {dagbag.py:545} INFO - Filling up the DagBag from /home/airflow/.local/lib/python3.12/site-packages/airflow/example_dags/example_python_operator.py
[2024-06-14T04:27:19.312+0000] {processor.py:840} INFO - DAG(s) 'example_python_operator' retrieved from /home/airflow/.local/lib/python3.12/site-packages/airflow/example_dags/example_python_operator.py
[2024-06-14T04:27:19.450+0000] {logging_mixin.py:188} INFO - [2024-06-14T04:27:19.450+0000] {dag.py:3096} INFO - Sync 1 DAGs
[2024-06-14T04:27:19.496+0000] {logging_mixin.py:188} INFO - [2024-06-14T04:27:19.496+0000] {dag.py:3954} INFO - Setting next_dagrun for example_python_operator to None, run_after=None
[2024-06-14T04:27:19.518+0000] {processor.py:183} INFO - Processing /home/airflow/.local/lib/python3.12/site-packages/airflow/example_dags/example_python_operator.py took 0.223 seconds
[2024-06-14T04:27:49.612+0000] {processor.py:161} INFO - Started process (PID=226) to work on /home/airflow/.local/lib/python3.12/site-packages/airflow/example_dags/example_python_operator.py
[2024-06-14T04:27:49.614+0000] {processor.py:830} INFO - Processing file /home/airflow/.local/lib/python3.12/site-packages/airflow/example_dags/example_python_operator.py for tasks to queue
[2024-06-14T04:27:49.616+0000] {logging_mixin.py:188} INFO - [2024-06-14T04:27:49.616+0000] {dagbag.py:545} INFO - Filling up the DagBag from /home/airflow/.local/lib/python3.12/site-packages/airflow/example_dags/example_python_operator.py
[2024-06-14T04:27:49.627+0000] {processor.py:840} INFO - DAG(s) 'example_python_operator' retrieved from /home/airflow/.local/lib/python3.12/site-packages/airflow/example_dags/example_python_operator.py
[2024-06-14T04:27:49.652+0000] {logging_mixin.py:188} INFO - [2024-06-14T04:27:49.652+0000] {dag.py:3096} INFO - Sync 1 DAGs
[2024-06-14T04:27:49.668+0000] {logging_mixin.py:188} INFO - [2024-06-14T04:27:49.668+0000] {dag.py:3954} INFO - Setting next_dagrun for example_python_operator to None, run_after=None
[2024-06-14T04:27:49.691+0000] {processor.py:183} INFO - Processing /home/airflow/.local/lib/python3.12/site-packages/airflow/example_dags/example_python_operator.py took 0.085 seconds
[2024-06-14T04:28:19.991+0000] {processor.py:161} INFO - Started process (PID=286) to work on /home/airflow/.local/lib/python3.12/site-packages/airflow/example_dags/example_python_operator.py
[2024-06-14T04:28:19.993+0000] {processor.py:830} INFO - Processing file /home/airflow/.local/lib/python3.12/site-packages/airflow/example_dags/example_python_operator.py for tasks to queue
[2024-06-14T04:28:19.995+0000] {logging_mixin.py:188} INFO - [2024-06-14T04:28:19.994+0000] {dagbag.py:545} INFO - Filling up the DagBag from /home/airflow/.local/lib/python3.12/site-packages/airflow/example_dags/example_python_operator.py
[2024-06-14T04:28:20.009+0000] {processor.py:840} INFO - DAG(s) 'example_python_operator' retrieved from /home/airflow/.local/lib/python3.12/site-packages/airflow/example_dags/example_python_operator.py
[2024-06-14T04:28:20.039+0000] {logging_mixin.py:188} INFO - [2024-06-14T04:28:20.039+0000] {dag.py:3096} INFO - Sync 1 DAGs
[2024-06-14T04:28:20.053+0000] {logging_mixin.py:188} INFO - [2024-06-14T04:28:20.053+0000] {dag.py:3954} INFO - Setting next_dagrun for example_python_operator to None, run_after=None
[2024-06-14T04:28:20.119+0000] {processor.py:183} INFO - Processing /home/airflow/.local/lib/python3.12/site-packages/airflow/example_dags/example_python_operator.py took 0.134 seconds
[2024-06-14T04:29:25.333+0000] {processor.py:161} INFO - Started process (PID=365) to work on /home/airflow/.local/lib/python3.12/site-packages/airflow/example_dags/example_python_operator.py
[2024-06-14T04:29:25.335+0000] {processor.py:830} INFO - Processing file /home/airflow/.local/lib/python3.12/site-packages/airflow/example_dags/example_python_operator.py for tasks to queue
[2024-06-14T04:29:25.337+0000] {logging_mixin.py:188} INFO - [2024-06-14T04:29:25.337+0000] {dagbag.py:545} INFO - Filling up the DagBag from /home/airflow/.local/lib/python3.12/site-packages/airflow/example_dags/example_python_operator.py
[2024-06-14T04:29:25.350+0000] {processor.py:840} INFO - DAG(s) 'example_python_operator' retrieved from /home/airflow/.local/lib/python3.12/site-packages/airflow/example_dags/example_python_operator.py
[2024-06-14T04:29:25.383+0000] {logging_mixin.py:188} INFO - [2024-06-14T04:29:25.383+0000] {dag.py:3096} INFO - Sync 1 DAGs
[2024-06-14T04:29:25.408+0000] {logging_mixin.py:188} INFO - [2024-06-14T04:29:25.408+0000] {dag.py:3954} INFO - Setting next_dagrun for example_python_operator to None, run_after=None
[2024-06-14T04:29:25.437+0000] {processor.py:183} INFO - Processing /home/airflow/.local/lib/python3.12/site-packages/airflow/example_dags/example_python_operator.py took 0.110 seconds
[2024-06-14T04:29:56.296+0000] {processor.py:161} INFO - Started process (PID=425) to work on /home/airflow/.local/lib/python3.12/site-packages/airflow/example_dags/example_python_operator.py
[2024-06-14T04:29:56.297+0000] {processor.py:830} INFO - Processing file /home/airflow/.local/lib/python3.12/site-packages/airflow/example_dags/example_python_operator.py for tasks to queue
[2024-06-14T04:29:56.300+0000] {logging_mixin.py:188} INFO - [2024-06-14T04:29:56.299+0000] {dagbag.py:545} INFO - Filling up the DagBag from /home/airflow/.local/lib/python3.12/site-packages/airflow/example_dags/example_python_operator.py
[2024-06-14T04:29:56.314+0000] {processor.py:840} INFO - DAG(s) 'example_python_operator' retrieved from /home/airflow/.local/lib/python3.12/site-packages/airflow/example_dags/example_python_operator.py
[2024-06-14T04:29:56.338+0000] {logging_mixin.py:188} INFO - [2024-06-14T04:29:56.338+0000] {dag.py:3096} INFO - Sync 1 DAGs
[2024-06-14T04:29:56.352+0000] {logging_mixin.py:188} INFO - [2024-06-14T04:29:56.352+0000] {dag.py:3954} INFO - Setting next_dagrun for example_python_operator to None, run_after=None
[2024-06-14T04:29:56.377+0000] {processor.py:183} INFO - Processing /home/airflow/.local/lib/python3.12/site-packages/airflow/example_dags/example_python_operator.py took 0.088 seconds
[2024-06-14T04:30:26.921+0000] {processor.py:161} INFO - Started process (PID=490) to work on /home/airflow/.local/lib/python3.12/site-packages/airflow/example_dags/example_python_operator.py
[2024-06-14T04:30:26.924+0000] {processor.py:830} INFO - Processing file /home/airflow/.local/lib/python3.12/site-packages/airflow/example_dags/example_python_operator.py for tasks to queue
[2024-06-14T04:30:26.930+0000] {logging_mixin.py:188} INFO - [2024-06-14T04:30:26.928+0000] {dagbag.py:545} INFO - Filling up the DagBag from /home/airflow/.local/lib/python3.12/site-packages/airflow/example_dags/example_python_operator.py
[2024-06-14T04:30:26.982+0000] {processor.py:840} INFO - DAG(s) 'example_python_operator' retrieved from /home/airflow/.local/lib/python3.12/site-packages/airflow/example_dags/example_python_operator.py
[2024-06-14T04:30:27.054+0000] {logging_mixin.py:188} INFO - [2024-06-14T04:30:27.044+0000] {dag.py:3096} INFO - Sync 1 DAGs
[2024-06-14T04:30:27.088+0000] {logging_mixin.py:188} INFO - [2024-06-14T04:30:27.088+0000] {dag.py:3954} INFO - Setting next_dagrun for example_python_operator to None, run_after=None
[2024-06-14T04:30:27.169+0000] {processor.py:183} INFO - Processing /home/airflow/.local/lib/python3.12/site-packages/airflow/example_dags/example_python_operator.py took 0.257 seconds
[2024-06-14T04:30:58.154+0000] {processor.py:161} INFO - Started process (PID=571) to work on /home/airflow/.local/lib/python3.12/site-packages/airflow/example_dags/example_python_operator.py
[2024-06-14T04:30:58.155+0000] {processor.py:830} INFO - Processing file /home/airflow/.local/lib/python3.12/site-packages/airflow/example_dags/example_python_operator.py for tasks to queue
[2024-06-14T04:30:58.158+0000] {logging_mixin.py:188} INFO - [2024-06-14T04:30:58.157+0000] {dagbag.py:545} INFO - Filling up the DagBag from /home/airflow/.local/lib/python3.12/site-packages/airflow/example_dags/example_python_operator.py
[2024-06-14T04:30:58.169+0000] {processor.py:840} INFO - DAG(s) 'example_python_operator' retrieved from /home/airflow/.local/lib/python3.12/site-packages/airflow/example_dags/example_python_operator.py
[2024-06-14T04:30:58.192+0000] {logging_mixin.py:188} INFO - [2024-06-14T04:30:58.192+0000] {dag.py:3096} INFO - Sync 1 DAGs
[2024-06-14T04:30:58.205+0000] {logging_mixin.py:188} INFO - [2024-06-14T04:30:58.205+0000] {dag.py:3954} INFO - Setting next_dagrun for example_python_operator to None, run_after=None
[2024-06-14T04:30:58.228+0000] {processor.py:183} INFO - Processing /home/airflow/.local/lib/python3.12/site-packages/airflow/example_dags/example_python_operator.py took 0.080 seconds
[2024-06-14T04:31:28.491+0000] {processor.py:161} INFO - Started process (PID=631) to work on /home/airflow/.local/lib/python3.12/site-packages/airflow/example_dags/example_python_operator.py
[2024-06-14T04:31:28.493+0000] {processor.py:830} INFO - Processing file /home/airflow/.local/lib/python3.12/site-packages/airflow/example_dags/example_python_operator.py for tasks to queue
[2024-06-14T04:31:28.495+0000] {logging_mixin.py:188} INFO - [2024-06-14T04:31:28.495+0000] {dagbag.py:545} INFO - Filling up the DagBag from /home/airflow/.local/lib/python3.12/site-packages/airflow/example_dags/example_python_operator.py
[2024-06-14T04:31:28.508+0000] {processor.py:840} INFO - DAG(s) 'example_python_operator' retrieved from /home/airflow/.local/lib/python3.12/site-packages/airflow/example_dags/example_python_operator.py
[2024-06-14T04:31:28.537+0000] {logging_mixin.py:188} INFO - [2024-06-14T04:31:28.537+0000] {dag.py:3096} INFO - Sync 1 DAGs
[2024-06-14T04:31:28.554+0000] {logging_mixin.py:188} INFO - [2024-06-14T04:31:28.553+0000] {dag.py:3954} INFO - Setting next_dagrun for example_python_operator to None, run_after=None
[2024-06-14T04:31:28.580+0000] {processor.py:183} INFO - Processing /home/airflow/.local/lib/python3.12/site-packages/airflow/example_dags/example_python_operator.py took 0.096 seconds
[2024-06-14T04:31:58.826+0000] {processor.py:161} INFO - Started process (PID=691) to work on /home/airflow/.local/lib/python3.12/site-packages/airflow/example_dags/example_python_operator.py
[2024-06-14T04:31:58.828+0000] {processor.py:830} INFO - Processing file /home/airflow/.local/lib/python3.12/site-packages/airflow/example_dags/example_python_operator.py for tasks to queue
[2024-06-14T04:31:58.830+0000] {logging_mixin.py:188} INFO - [2024-06-14T04:31:58.830+0000] {dagbag.py:545} INFO - Filling up the DagBag from /home/airflow/.local/lib/python3.12/site-packages/airflow/example_dags/example_python_operator.py
[2024-06-14T04:31:58.839+0000] {processor.py:840} INFO - DAG(s) 'example_python_operator' retrieved from /home/airflow/.local/lib/python3.12/site-packages/airflow/example_dags/example_python_operator.py
[2024-06-14T04:31:58.862+0000] {logging_mixin.py:188} INFO - [2024-06-14T04:31:58.862+0000] {dag.py:3096} INFO - Sync 1 DAGs
[2024-06-14T04:31:58.873+0000] {logging_mixin.py:188} INFO - [2024-06-14T04:31:58.873+0000] {dag.py:3954} INFO - Setting next_dagrun for example_python_operator to None, run_after=None
[2024-06-14T04:31:58.892+0000] {processor.py:183} INFO - Processing /home/airflow/.local/lib/python3.12/site-packages/airflow/example_dags/example_python_operator.py took 0.071 seconds
[2024-06-14T04:32:29.142+0000] {processor.py:161} INFO - Started process (PID=751) to work on /home/airflow/.local/lib/python3.12/site-packages/airflow/example_dags/example_python_operator.py
[2024-06-14T04:32:29.143+0000] {processor.py:830} INFO - Processing file /home/airflow/.local/lib/python3.12/site-packages/airflow/example_dags/example_python_operator.py for tasks to queue
[2024-06-14T04:32:29.145+0000] {logging_mixin.py:188} INFO - [2024-06-14T04:32:29.145+0000] {dagbag.py:545} INFO - Filling up the DagBag from /home/airflow/.local/lib/python3.12/site-packages/airflow/example_dags/example_python_operator.py
[2024-06-14T04:32:29.156+0000] {processor.py:840} INFO - DAG(s) 'example_python_operator' retrieved from /home/airflow/.local/lib/python3.12/site-packages/airflow/example_dags/example_python_operator.py
[2024-06-14T04:32:29.178+0000] {logging_mixin.py:188} INFO - [2024-06-14T04:32:29.178+0000] {dag.py:3096} INFO - Sync 1 DAGs
[2024-06-14T04:32:29.192+0000] {logging_mixin.py:188} INFO - [2024-06-14T04:32:29.192+0000] {dag.py:3954} INFO - Setting next_dagrun for example_python_operator to None, run_after=None
[2024-06-14T04:32:29.212+0000] {processor.py:183} INFO - Processing /home/airflow/.local/lib/python3.12/site-packages/airflow/example_dags/example_python_operator.py took 0.077 seconds
