[2024-06-14T03:05:36.782+0000] {processor.py:161} INFO - Started process (PID=77) to work on /home/airflow/.local/lib/python3.12/site-packages/airflow/example_dags/example_xcomargs.py
[2024-06-14T03:05:36.784+0000] {processor.py:830} INFO - Processing file /home/airflow/.local/lib/python3.12/site-packages/airflow/example_dags/example_xcomargs.py for tasks to queue
[2024-06-14T03:05:36.787+0000] {logging_mixin.py:188} INFO - [2024-06-14T03:05:36.786+0000] {dagbag.py:545} INFO - Filling up the DagBag from /home/airflow/.local/lib/python3.12/site-packages/airflow/example_dags/example_xcomargs.py
[2024-06-14T03:05:36.795+0000] {processor.py:840} INFO - DAG(s) 'example_xcom_args', 'example_xcom_args_with_operators' retrieved from /home/airflow/.local/lib/python3.12/site-packages/airflow/example_dags/example_xcomargs.py
[2024-06-14T03:05:36.931+0000] {logging_mixin.py:188} INFO - [2024-06-14T03:05:36.931+0000] {dag.py:3096} INFO - Sync 2 DAGs
[2024-06-14T03:05:36.948+0000] {logging_mixin.py:188} INFO - [2024-06-14T03:05:36.948+0000] {dag.py:3954} INFO - Setting next_dagrun for example_xcom_args to None, run_after=None
[2024-06-14T03:05:36.953+0000] {logging_mixin.py:188} INFO - [2024-06-14T03:05:36.952+0000] {dag.py:3954} INFO - Setting next_dagrun for example_xcom_args_with_operators to None, run_after=None
[2024-06-14T03:05:36.975+0000] {processor.py:183} INFO - Processing /home/airflow/.local/lib/python3.12/site-packages/airflow/example_dags/example_xcomargs.py took 0.198 seconds
[2024-06-14T03:06:07.367+0000] {processor.py:161} INFO - Started process (PID=137) to work on /home/airflow/.local/lib/python3.12/site-packages/airflow/example_dags/example_xcomargs.py
[2024-06-14T03:06:07.368+0000] {processor.py:830} INFO - Processing file /home/airflow/.local/lib/python3.12/site-packages/airflow/example_dags/example_xcomargs.py for tasks to queue
[2024-06-14T03:06:07.370+0000] {logging_mixin.py:188} INFO - [2024-06-14T03:06:07.370+0000] {dagbag.py:545} INFO - Filling up the DagBag from /home/airflow/.local/lib/python3.12/site-packages/airflow/example_dags/example_xcomargs.py
[2024-06-14T03:06:07.379+0000] {processor.py:840} INFO - DAG(s) 'example_xcom_args', 'example_xcom_args_with_operators' retrieved from /home/airflow/.local/lib/python3.12/site-packages/airflow/example_dags/example_xcomargs.py
[2024-06-14T03:06:07.404+0000] {logging_mixin.py:188} INFO - [2024-06-14T03:06:07.404+0000] {dag.py:3096} INFO - Sync 2 DAGs
[2024-06-14T03:06:07.417+0000] {logging_mixin.py:188} INFO - [2024-06-14T03:06:07.417+0000] {dag.py:3954} INFO - Setting next_dagrun for example_xcom_args to None, run_after=None
[2024-06-14T03:06:07.421+0000] {logging_mixin.py:188} INFO - [2024-06-14T03:06:07.421+0000] {dag.py:3954} INFO - Setting next_dagrun for example_xcom_args_with_operators to None, run_after=None
[2024-06-14T03:06:07.492+0000] {processor.py:183} INFO - Processing /home/airflow/.local/lib/python3.12/site-packages/airflow/example_dags/example_xcomargs.py took 0.132 seconds
[2024-06-14T03:06:37.896+0000] {processor.py:161} INFO - Started process (PID=197) to work on /home/airflow/.local/lib/python3.12/site-packages/airflow/example_dags/example_xcomargs.py
[2024-06-14T03:06:37.897+0000] {processor.py:830} INFO - Processing file /home/airflow/.local/lib/python3.12/site-packages/airflow/example_dags/example_xcomargs.py for tasks to queue
[2024-06-14T03:06:37.900+0000] {logging_mixin.py:188} INFO - [2024-06-14T03:06:37.899+0000] {dagbag.py:545} INFO - Filling up the DagBag from /home/airflow/.local/lib/python3.12/site-packages/airflow/example_dags/example_xcomargs.py
[2024-06-14T03:06:37.907+0000] {processor.py:840} INFO - DAG(s) 'example_xcom_args_with_operators', 'example_xcom_args' retrieved from /home/airflow/.local/lib/python3.12/site-packages/airflow/example_dags/example_xcomargs.py
[2024-06-14T03:06:37.931+0000] {logging_mixin.py:188} INFO - [2024-06-14T03:06:37.931+0000] {dag.py:3096} INFO - Sync 2 DAGs
[2024-06-14T03:06:37.947+0000] {logging_mixin.py:188} INFO - [2024-06-14T03:06:37.947+0000] {dag.py:3954} INFO - Setting next_dagrun for example_xcom_args to None, run_after=None
[2024-06-14T03:06:37.952+0000] {logging_mixin.py:188} INFO - [2024-06-14T03:06:37.951+0000] {dag.py:3954} INFO - Setting next_dagrun for example_xcom_args_with_operators to None, run_after=None
[2024-06-14T03:06:37.972+0000] {processor.py:183} INFO - Processing /home/airflow/.local/lib/python3.12/site-packages/airflow/example_dags/example_xcomargs.py took 0.082 seconds
[2024-06-14T04:26:25.618+0000] {processor.py:161} INFO - Started process (PID=83) to work on /home/airflow/.local/lib/python3.12/site-packages/airflow/example_dags/example_xcomargs.py
[2024-06-14T04:26:25.633+0000] {processor.py:830} INFO - Processing file /home/airflow/.local/lib/python3.12/site-packages/airflow/example_dags/example_xcomargs.py for tasks to queue
[2024-06-14T04:26:25.635+0000] {logging_mixin.py:188} INFO - [2024-06-14T04:26:25.635+0000] {dagbag.py:545} INFO - Filling up the DagBag from /home/airflow/.local/lib/python3.12/site-packages/airflow/example_dags/example_xcomargs.py
[2024-06-14T04:26:25.658+0000] {processor.py:840} INFO - DAG(s) 'example_xcom_args_with_operators', 'example_xcom_args' retrieved from /home/airflow/.local/lib/python3.12/site-packages/airflow/example_dags/example_xcomargs.py
[2024-06-14T04:26:25.860+0000] {logging_mixin.py:188} INFO - [2024-06-14T04:26:25.859+0000] {dag.py:3096} INFO - Sync 2 DAGs
[2024-06-14T04:26:25.877+0000] {logging_mixin.py:188} INFO - [2024-06-14T04:26:25.876+0000] {dag.py:3954} INFO - Setting next_dagrun for example_xcom_args to None, run_after=None
[2024-06-14T04:26:25.881+0000] {logging_mixin.py:188} INFO - [2024-06-14T04:26:25.880+0000] {dag.py:3954} INFO - Setting next_dagrun for example_xcom_args_with_operators to None, run_after=None
[2024-06-14T04:26:25.901+0000] {processor.py:183} INFO - Processing /home/airflow/.local/lib/python3.12/site-packages/airflow/example_dags/example_xcomargs.py took 0.290 seconds
[2024-06-14T04:26:56.607+0000] {processor.py:161} INFO - Started process (PID=143) to work on /home/airflow/.local/lib/python3.12/site-packages/airflow/example_dags/example_xcomargs.py
[2024-06-14T04:26:56.609+0000] {processor.py:830} INFO - Processing file /home/airflow/.local/lib/python3.12/site-packages/airflow/example_dags/example_xcomargs.py for tasks to queue
[2024-06-14T04:26:56.612+0000] {logging_mixin.py:188} INFO - [2024-06-14T04:26:56.612+0000] {dagbag.py:545} INFO - Filling up the DagBag from /home/airflow/.local/lib/python3.12/site-packages/airflow/example_dags/example_xcomargs.py
[2024-06-14T04:26:56.621+0000] {processor.py:840} INFO - DAG(s) 'example_xcom_args_with_operators', 'example_xcom_args' retrieved from /home/airflow/.local/lib/python3.12/site-packages/airflow/example_dags/example_xcomargs.py
[2024-06-14T04:26:56.634+0000] {logging_mixin.py:188} INFO - [2024-06-14T04:26:56.634+0000] {dag.py:3096} INFO - Sync 2 DAGs
[2024-06-14T04:26:56.649+0000] {logging_mixin.py:188} INFO - [2024-06-14T04:26:56.649+0000] {dag.py:3954} INFO - Setting next_dagrun for example_xcom_args to None, run_after=None
[2024-06-14T04:26:56.655+0000] {logging_mixin.py:188} INFO - [2024-06-14T04:26:56.655+0000] {dag.py:3954} INFO - Setting next_dagrun for example_xcom_args_with_operators to None, run_after=None
[2024-06-14T04:26:56.677+0000] {processor.py:183} INFO - Processing /home/airflow/.local/lib/python3.12/site-packages/airflow/example_dags/example_xcomargs.py took 0.076 seconds
[2024-06-14T04:27:26.921+0000] {processor.py:161} INFO - Started process (PID=203) to work on /home/airflow/.local/lib/python3.12/site-packages/airflow/example_dags/example_xcomargs.py
[2024-06-14T04:27:26.922+0000] {processor.py:830} INFO - Processing file /home/airflow/.local/lib/python3.12/site-packages/airflow/example_dags/example_xcomargs.py for tasks to queue
[2024-06-14T04:27:26.924+0000] {logging_mixin.py:188} INFO - [2024-06-14T04:27:26.924+0000] {dagbag.py:545} INFO - Filling up the DagBag from /home/airflow/.local/lib/python3.12/site-packages/airflow/example_dags/example_xcomargs.py
[2024-06-14T04:27:26.933+0000] {processor.py:840} INFO - DAG(s) 'example_xcom_args_with_operators', 'example_xcom_args' retrieved from /home/airflow/.local/lib/python3.12/site-packages/airflow/example_dags/example_xcomargs.py
[2024-06-14T04:27:27.047+0000] {logging_mixin.py:188} INFO - [2024-06-14T04:27:27.047+0000] {dag.py:3096} INFO - Sync 2 DAGs
[2024-06-14T04:27:27.058+0000] {logging_mixin.py:188} INFO - [2024-06-14T04:27:27.057+0000] {dag.py:3954} INFO - Setting next_dagrun for example_xcom_args to None, run_after=None
[2024-06-14T04:27:27.061+0000] {logging_mixin.py:188} INFO - [2024-06-14T04:27:27.061+0000] {dag.py:3954} INFO - Setting next_dagrun for example_xcom_args_with_operators to None, run_after=None
[2024-06-14T04:27:27.084+0000] {processor.py:183} INFO - Processing /home/airflow/.local/lib/python3.12/site-packages/airflow/example_dags/example_xcomargs.py took 0.170 seconds
[2024-06-14T04:27:57.636+0000] {processor.py:161} INFO - Started process (PID=263) to work on /home/airflow/.local/lib/python3.12/site-packages/airflow/example_dags/example_xcomargs.py
[2024-06-14T04:27:57.637+0000] {processor.py:830} INFO - Processing file /home/airflow/.local/lib/python3.12/site-packages/airflow/example_dags/example_xcomargs.py for tasks to queue
[2024-06-14T04:27:57.639+0000] {logging_mixin.py:188} INFO - [2024-06-14T04:27:57.638+0000] {dagbag.py:545} INFO - Filling up the DagBag from /home/airflow/.local/lib/python3.12/site-packages/airflow/example_dags/example_xcomargs.py
[2024-06-14T04:27:57.647+0000] {processor.py:840} INFO - DAG(s) 'example_xcom_args', 'example_xcom_args_with_operators' retrieved from /home/airflow/.local/lib/python3.12/site-packages/airflow/example_dags/example_xcomargs.py
[2024-06-14T04:27:57.670+0000] {logging_mixin.py:188} INFO - [2024-06-14T04:27:57.670+0000] {dag.py:3096} INFO - Sync 2 DAGs
[2024-06-14T04:27:57.684+0000] {logging_mixin.py:188} INFO - [2024-06-14T04:27:57.684+0000] {dag.py:3954} INFO - Setting next_dagrun for example_xcom_args to None, run_after=None
[2024-06-14T04:27:57.688+0000] {logging_mixin.py:188} INFO - [2024-06-14T04:27:57.688+0000] {dag.py:3954} INFO - Setting next_dagrun for example_xcom_args_with_operators to None, run_after=None
[2024-06-14T04:27:57.707+0000] {processor.py:183} INFO - Processing /home/airflow/.local/lib/python3.12/site-packages/airflow/example_dags/example_xcomargs.py took 0.077 seconds
[2024-06-14T04:28:27.972+0000] {processor.py:161} INFO - Started process (PID=325) to work on /home/airflow/.local/lib/python3.12/site-packages/airflow/example_dags/example_xcomargs.py
[2024-06-14T04:28:27.974+0000] {processor.py:830} INFO - Processing file /home/airflow/.local/lib/python3.12/site-packages/airflow/example_dags/example_xcomargs.py for tasks to queue
[2024-06-14T04:28:27.977+0000] {logging_mixin.py:188} INFO - [2024-06-14T04:28:27.976+0000] {dagbag.py:545} INFO - Filling up the DagBag from /home/airflow/.local/lib/python3.12/site-packages/airflow/example_dags/example_xcomargs.py
[2024-06-14T04:28:27.986+0000] {processor.py:840} INFO - DAG(s) 'example_xcom_args_with_operators', 'example_xcom_args' retrieved from /home/airflow/.local/lib/python3.12/site-packages/airflow/example_dags/example_xcomargs.py
[2024-06-14T04:28:28.014+0000] {logging_mixin.py:188} INFO - [2024-06-14T04:28:28.014+0000] {dag.py:3096} INFO - Sync 2 DAGs
[2024-06-14T04:28:28.029+0000] {logging_mixin.py:188} INFO - [2024-06-14T04:28:28.029+0000] {dag.py:3954} INFO - Setting next_dagrun for example_xcom_args to None, run_after=None
[2024-06-14T04:28:28.033+0000] {logging_mixin.py:188} INFO - [2024-06-14T04:28:28.033+0000] {dag.py:3954} INFO - Setting next_dagrun for example_xcom_args_with_operators to None, run_after=None
[2024-06-14T04:28:28.055+0000] {processor.py:183} INFO - Processing /home/airflow/.local/lib/python3.12/site-packages/airflow/example_dags/example_xcomargs.py took 0.090 seconds
[2024-06-14T04:29:27.633+0000] {processor.py:161} INFO - Started process (PID=396) to work on /home/airflow/.local/lib/python3.12/site-packages/airflow/example_dags/example_xcomargs.py
[2024-06-14T04:29:27.635+0000] {processor.py:830} INFO - Processing file /home/airflow/.local/lib/python3.12/site-packages/airflow/example_dags/example_xcomargs.py for tasks to queue
[2024-06-14T04:29:27.638+0000] {logging_mixin.py:188} INFO - [2024-06-14T04:29:27.637+0000] {dagbag.py:545} INFO - Filling up the DagBag from /home/airflow/.local/lib/python3.12/site-packages/airflow/example_dags/example_xcomargs.py
[2024-06-14T04:29:27.647+0000] {processor.py:840} INFO - DAG(s) 'example_xcom_args_with_operators', 'example_xcom_args' retrieved from /home/airflow/.local/lib/python3.12/site-packages/airflow/example_dags/example_xcomargs.py
[2024-06-14T04:29:27.673+0000] {logging_mixin.py:188} INFO - [2024-06-14T04:29:27.673+0000] {dag.py:3096} INFO - Sync 2 DAGs
[2024-06-14T04:29:27.688+0000] {logging_mixin.py:188} INFO - [2024-06-14T04:29:27.688+0000] {dag.py:3954} INFO - Setting next_dagrun for example_xcom_args to None, run_after=None
[2024-06-14T04:29:27.692+0000] {logging_mixin.py:188} INFO - [2024-06-14T04:29:27.692+0000] {dag.py:3954} INFO - Setting next_dagrun for example_xcom_args_with_operators to None, run_after=None
[2024-06-14T04:29:27.712+0000] {processor.py:183} INFO - Processing /home/airflow/.local/lib/python3.12/site-packages/airflow/example_dags/example_xcomargs.py took 0.085 seconds
[2024-06-14T04:29:58.765+0000] {processor.py:161} INFO - Started process (PID=456) to work on /home/airflow/.local/lib/python3.12/site-packages/airflow/example_dags/example_xcomargs.py
[2024-06-14T04:29:58.767+0000] {processor.py:830} INFO - Processing file /home/airflow/.local/lib/python3.12/site-packages/airflow/example_dags/example_xcomargs.py for tasks to queue
[2024-06-14T04:29:58.769+0000] {logging_mixin.py:188} INFO - [2024-06-14T04:29:58.769+0000] {dagbag.py:545} INFO - Filling up the DagBag from /home/airflow/.local/lib/python3.12/site-packages/airflow/example_dags/example_xcomargs.py
[2024-06-14T04:29:58.777+0000] {processor.py:840} INFO - DAG(s) 'example_xcom_args_with_operators', 'example_xcom_args' retrieved from /home/airflow/.local/lib/python3.12/site-packages/airflow/example_dags/example_xcomargs.py
[2024-06-14T04:29:58.801+0000] {logging_mixin.py:188} INFO - [2024-06-14T04:29:58.801+0000] {dag.py:3096} INFO - Sync 2 DAGs
[2024-06-14T04:29:58.813+0000] {logging_mixin.py:188} INFO - [2024-06-14T04:29:58.813+0000] {dag.py:3954} INFO - Setting next_dagrun for example_xcom_args to None, run_after=None
[2024-06-14T04:29:58.818+0000] {logging_mixin.py:188} INFO - [2024-06-14T04:29:58.817+0000] {dag.py:3954} INFO - Setting next_dagrun for example_xcom_args_with_operators to None, run_after=None
[2024-06-14T04:29:58.844+0000] {processor.py:183} INFO - Processing /home/airflow/.local/lib/python3.12/site-packages/airflow/example_dags/example_xcomargs.py took 0.084 seconds
[2024-06-14T04:30:46.000+0000] {processor.py:161} INFO - Started process (PID=526) to work on /home/airflow/.local/lib/python3.12/site-packages/airflow/example_dags/example_xcomargs.py
[2024-06-14T04:30:46.002+0000] {processor.py:830} INFO - Processing file /home/airflow/.local/lib/python3.12/site-packages/airflow/example_dags/example_xcomargs.py for tasks to queue
[2024-06-14T04:30:46.004+0000] {logging_mixin.py:188} INFO - [2024-06-14T04:30:46.004+0000] {dagbag.py:545} INFO - Filling up the DagBag from /home/airflow/.local/lib/python3.12/site-packages/airflow/example_dags/example_xcomargs.py
[2024-06-14T04:30:46.017+0000] {processor.py:840} INFO - DAG(s) 'example_xcom_args', 'example_xcom_args_with_operators' retrieved from /home/airflow/.local/lib/python3.12/site-packages/airflow/example_dags/example_xcomargs.py
[2024-06-14T04:30:46.050+0000] {logging_mixin.py:188} INFO - [2024-06-14T04:30:46.050+0000] {dag.py:3096} INFO - Sync 2 DAGs
[2024-06-14T04:30:46.072+0000] {logging_mixin.py:188} INFO - [2024-06-14T04:30:46.071+0000] {dag.py:3954} INFO - Setting next_dagrun for example_xcom_args to None, run_after=None
[2024-06-14T04:30:46.078+0000] {logging_mixin.py:188} INFO - [2024-06-14T04:30:46.078+0000] {dag.py:3954} INFO - Setting next_dagrun for example_xcom_args_with_operators to None, run_after=None
[2024-06-14T04:30:46.104+0000] {processor.py:183} INFO - Processing /home/airflow/.local/lib/python3.12/site-packages/airflow/example_dags/example_xcomargs.py took 0.111 seconds
[2024-06-14T04:31:16.397+0000] {processor.py:161} INFO - Started process (PID=605) to work on /home/airflow/.local/lib/python3.12/site-packages/airflow/example_dags/example_xcomargs.py
[2024-06-14T04:31:16.398+0000] {processor.py:830} INFO - Processing file /home/airflow/.local/lib/python3.12/site-packages/airflow/example_dags/example_xcomargs.py for tasks to queue
[2024-06-14T04:31:16.401+0000] {logging_mixin.py:188} INFO - [2024-06-14T04:31:16.400+0000] {dagbag.py:545} INFO - Filling up the DagBag from /home/airflow/.local/lib/python3.12/site-packages/airflow/example_dags/example_xcomargs.py
[2024-06-14T04:31:16.409+0000] {processor.py:840} INFO - DAG(s) 'example_xcom_args_with_operators', 'example_xcom_args' retrieved from /home/airflow/.local/lib/python3.12/site-packages/airflow/example_dags/example_xcomargs.py
[2024-06-14T04:31:16.436+0000] {logging_mixin.py:188} INFO - [2024-06-14T04:31:16.435+0000] {dag.py:3096} INFO - Sync 2 DAGs
[2024-06-14T04:31:16.451+0000] {logging_mixin.py:188} INFO - [2024-06-14T04:31:16.451+0000] {dag.py:3954} INFO - Setting next_dagrun for example_xcom_args to None, run_after=None
[2024-06-14T04:31:16.455+0000] {logging_mixin.py:188} INFO - [2024-06-14T04:31:16.455+0000] {dag.py:3954} INFO - Setting next_dagrun for example_xcom_args_with_operators to None, run_after=None
[2024-06-14T04:31:16.477+0000] {processor.py:183} INFO - Processing /home/airflow/.local/lib/python3.12/site-packages/airflow/example_dags/example_xcomargs.py took 0.086 seconds
[2024-06-14T04:31:46.530+0000] {processor.py:161} INFO - Started process (PID=665) to work on /home/airflow/.local/lib/python3.12/site-packages/airflow/example_dags/example_xcomargs.py
[2024-06-14T04:31:46.532+0000] {processor.py:830} INFO - Processing file /home/airflow/.local/lib/python3.12/site-packages/airflow/example_dags/example_xcomargs.py for tasks to queue
[2024-06-14T04:31:46.534+0000] {logging_mixin.py:188} INFO - [2024-06-14T04:31:46.534+0000] {dagbag.py:545} INFO - Filling up the DagBag from /home/airflow/.local/lib/python3.12/site-packages/airflow/example_dags/example_xcomargs.py
[2024-06-14T04:31:46.542+0000] {processor.py:840} INFO - DAG(s) 'example_xcom_args', 'example_xcom_args_with_operators' retrieved from /home/airflow/.local/lib/python3.12/site-packages/airflow/example_dags/example_xcomargs.py
[2024-06-14T04:31:46.570+0000] {logging_mixin.py:188} INFO - [2024-06-14T04:31:46.570+0000] {dag.py:3096} INFO - Sync 2 DAGs
[2024-06-14T04:31:46.582+0000] {logging_mixin.py:188} INFO - [2024-06-14T04:31:46.582+0000] {dag.py:3954} INFO - Setting next_dagrun for example_xcom_args to None, run_after=None
[2024-06-14T04:31:46.586+0000] {logging_mixin.py:188} INFO - [2024-06-14T04:31:46.586+0000] {dag.py:3954} INFO - Setting next_dagrun for example_xcom_args_with_operators to None, run_after=None
[2024-06-14T04:31:46.604+0000] {processor.py:183} INFO - Processing /home/airflow/.local/lib/python3.12/site-packages/airflow/example_dags/example_xcomargs.py took 0.079 seconds
[2024-06-14T04:32:17.041+0000] {processor.py:161} INFO - Started process (PID=725) to work on /home/airflow/.local/lib/python3.12/site-packages/airflow/example_dags/example_xcomargs.py
[2024-06-14T04:32:17.042+0000] {processor.py:830} INFO - Processing file /home/airflow/.local/lib/python3.12/site-packages/airflow/example_dags/example_xcomargs.py for tasks to queue
[2024-06-14T04:32:17.044+0000] {logging_mixin.py:188} INFO - [2024-06-14T04:32:17.044+0000] {dagbag.py:545} INFO - Filling up the DagBag from /home/airflow/.local/lib/python3.12/site-packages/airflow/example_dags/example_xcomargs.py
[2024-06-14T04:32:17.052+0000] {processor.py:840} INFO - DAG(s) 'example_xcom_args', 'example_xcom_args_with_operators' retrieved from /home/airflow/.local/lib/python3.12/site-packages/airflow/example_dags/example_xcomargs.py
[2024-06-14T04:32:17.074+0000] {logging_mixin.py:188} INFO - [2024-06-14T04:32:17.074+0000] {dag.py:3096} INFO - Sync 2 DAGs
[2024-06-14T04:32:17.086+0000] {logging_mixin.py:188} INFO - [2024-06-14T04:32:17.086+0000] {dag.py:3954} INFO - Setting next_dagrun for example_xcom_args to None, run_after=None
[2024-06-14T04:32:17.091+0000] {logging_mixin.py:188} INFO - [2024-06-14T04:32:17.090+0000] {dag.py:3954} INFO - Setting next_dagrun for example_xcom_args_with_operators to None, run_after=None
[2024-06-14T04:32:17.106+0000] {processor.py:183} INFO - Processing /home/airflow/.local/lib/python3.12/site-packages/airflow/example_dags/example_xcomargs.py took 0.071 seconds
