[2024-06-14T03:05:36.350+0000] {processor.py:161} INFO - Started process (PID=73) to work on /home/airflow/.local/lib/python3.12/site-packages/airflow/example_dags/example_sensor_decorator.py
[2024-06-14T03:05:36.352+0000] {processor.py:830} INFO - Processing file /home/airflow/.local/lib/python3.12/site-packages/airflow/example_dags/example_sensor_decorator.py for tasks to queue
[2024-06-14T03:05:36.354+0000] {logging_mixin.py:188} INFO - [2024-06-14T03:05:36.354+0000] {dagbag.py:545} INFO - Filling up the DagBag from /home/airflow/.local/lib/python3.12/site-packages/airflow/example_dags/example_sensor_decorator.py
[2024-06-14T03:05:36.361+0000] {processor.py:840} INFO - DAG(s) 'example_sensor_decorator' retrieved from /home/airflow/.local/lib/python3.12/site-packages/airflow/example_dags/example_sensor_decorator.py
[2024-06-14T03:05:36.473+0000] {logging_mixin.py:188} INFO - [2024-06-14T03:05:36.473+0000] {dag.py:3096} INFO - Sync 1 DAGs
[2024-06-14T03:05:36.486+0000] {logging_mixin.py:188} INFO - [2024-06-14T03:05:36.486+0000] {dag.py:3954} INFO - Setting next_dagrun for example_sensor_decorator to None, run_after=None
[2024-06-14T03:05:36.511+0000] {processor.py:183} INFO - Processing /home/airflow/.local/lib/python3.12/site-packages/airflow/example_dags/example_sensor_decorator.py took 0.167 seconds
[2024-06-14T03:06:07.038+0000] {processor.py:161} INFO - Started process (PID=133) to work on /home/airflow/.local/lib/python3.12/site-packages/airflow/example_dags/example_sensor_decorator.py
[2024-06-14T03:06:07.040+0000] {processor.py:830} INFO - Processing file /home/airflow/.local/lib/python3.12/site-packages/airflow/example_dags/example_sensor_decorator.py for tasks to queue
[2024-06-14T03:06:07.044+0000] {logging_mixin.py:188} INFO - [2024-06-14T03:06:07.042+0000] {dagbag.py:545} INFO - Filling up the DagBag from /home/airflow/.local/lib/python3.12/site-packages/airflow/example_dags/example_sensor_decorator.py
[2024-06-14T03:06:07.051+0000] {processor.py:840} INFO - DAG(s) 'example_sensor_decorator' retrieved from /home/airflow/.local/lib/python3.12/site-packages/airflow/example_dags/example_sensor_decorator.py
[2024-06-14T03:06:07.154+0000] {logging_mixin.py:188} INFO - [2024-06-14T03:06:07.154+0000] {dag.py:3096} INFO - Sync 1 DAGs
[2024-06-14T03:06:07.170+0000] {logging_mixin.py:188} INFO - [2024-06-14T03:06:07.169+0000] {dag.py:3954} INFO - Setting next_dagrun for example_sensor_decorator to None, run_after=None
[2024-06-14T03:06:07.195+0000] {processor.py:183} INFO - Processing /home/airflow/.local/lib/python3.12/site-packages/airflow/example_dags/example_sensor_decorator.py took 0.163 seconds
[2024-06-14T03:06:37.693+0000] {processor.py:161} INFO - Started process (PID=193) to work on /home/airflow/.local/lib/python3.12/site-packages/airflow/example_dags/example_sensor_decorator.py
[2024-06-14T03:06:37.694+0000] {processor.py:830} INFO - Processing file /home/airflow/.local/lib/python3.12/site-packages/airflow/example_dags/example_sensor_decorator.py for tasks to queue
[2024-06-14T03:06:37.697+0000] {logging_mixin.py:188} INFO - [2024-06-14T03:06:37.696+0000] {dagbag.py:545} INFO - Filling up the DagBag from /home/airflow/.local/lib/python3.12/site-packages/airflow/example_dags/example_sensor_decorator.py
[2024-06-14T03:06:37.703+0000] {processor.py:840} INFO - DAG(s) 'example_sensor_decorator' retrieved from /home/airflow/.local/lib/python3.12/site-packages/airflow/example_dags/example_sensor_decorator.py
[2024-06-14T03:06:37.722+0000] {logging_mixin.py:188} INFO - [2024-06-14T03:06:37.722+0000] {dag.py:3096} INFO - Sync 1 DAGs
[2024-06-14T03:06:37.734+0000] {logging_mixin.py:188} INFO - [2024-06-14T03:06:37.734+0000] {dag.py:3954} INFO - Setting next_dagrun for example_sensor_decorator to None, run_after=None
[2024-06-14T03:06:37.754+0000] {processor.py:183} INFO - Processing /home/airflow/.local/lib/python3.12/site-packages/airflow/example_dags/example_sensor_decorator.py took 0.067 seconds
[2024-06-14T04:26:24.740+0000] {processor.py:161} INFO - Started process (PID=79) to work on /home/airflow/.local/lib/python3.12/site-packages/airflow/example_dags/example_sensor_decorator.py
[2024-06-14T04:26:24.741+0000] {processor.py:830} INFO - Processing file /home/airflow/.local/lib/python3.12/site-packages/airflow/example_dags/example_sensor_decorator.py for tasks to queue
[2024-06-14T04:26:24.745+0000] {logging_mixin.py:188} INFO - [2024-06-14T04:26:24.744+0000] {dagbag.py:545} INFO - Filling up the DagBag from /home/airflow/.local/lib/python3.12/site-packages/airflow/example_dags/example_sensor_decorator.py
[2024-06-14T04:26:24.754+0000] {processor.py:840} INFO - DAG(s) 'example_sensor_decorator' retrieved from /home/airflow/.local/lib/python3.12/site-packages/airflow/example_dags/example_sensor_decorator.py
[2024-06-14T04:26:24.935+0000] {logging_mixin.py:188} INFO - [2024-06-14T04:26:24.934+0000] {dag.py:3096} INFO - Sync 1 DAGs
[2024-06-14T04:26:25.010+0000] {logging_mixin.py:188} INFO - [2024-06-14T04:26:25.009+0000] {dag.py:3954} INFO - Setting next_dagrun for example_sensor_decorator to None, run_after=None
[2024-06-14T04:26:25.060+0000] {processor.py:183} INFO - Processing /home/airflow/.local/lib/python3.12/site-packages/airflow/example_dags/example_sensor_decorator.py took 0.328 seconds
[2024-06-14T04:26:55.391+0000] {processor.py:161} INFO - Started process (PID=139) to work on /home/airflow/.local/lib/python3.12/site-packages/airflow/example_dags/example_sensor_decorator.py
[2024-06-14T04:26:55.393+0000] {processor.py:830} INFO - Processing file /home/airflow/.local/lib/python3.12/site-packages/airflow/example_dags/example_sensor_decorator.py for tasks to queue
[2024-06-14T04:26:55.394+0000] {logging_mixin.py:188} INFO - [2024-06-14T04:26:55.394+0000] {dagbag.py:545} INFO - Filling up the DagBag from /home/airflow/.local/lib/python3.12/site-packages/airflow/example_dags/example_sensor_decorator.py
[2024-06-14T04:26:55.401+0000] {processor.py:840} INFO - DAG(s) 'example_sensor_decorator' retrieved from /home/airflow/.local/lib/python3.12/site-packages/airflow/example_dags/example_sensor_decorator.py
[2024-06-14T04:26:55.412+0000] {logging_mixin.py:188} INFO - [2024-06-14T04:26:55.411+0000] {dag.py:3096} INFO - Sync 1 DAGs
[2024-06-14T04:26:55.425+0000] {logging_mixin.py:188} INFO - [2024-06-14T04:26:55.425+0000] {dag.py:3954} INFO - Setting next_dagrun for example_sensor_decorator to None, run_after=None
[2024-06-14T04:26:55.445+0000] {processor.py:183} INFO - Processing /home/airflow/.local/lib/python3.12/site-packages/airflow/example_dags/example_sensor_decorator.py took 0.059 seconds
[2024-06-14T04:27:26.511+0000] {processor.py:161} INFO - Started process (PID=199) to work on /home/airflow/.local/lib/python3.12/site-packages/airflow/example_dags/example_sensor_decorator.py
[2024-06-14T04:27:26.513+0000] {processor.py:830} INFO - Processing file /home/airflow/.local/lib/python3.12/site-packages/airflow/example_dags/example_sensor_decorator.py for tasks to queue
[2024-06-14T04:27:26.516+0000] {logging_mixin.py:188} INFO - [2024-06-14T04:27:26.515+0000] {dagbag.py:545} INFO - Filling up the DagBag from /home/airflow/.local/lib/python3.12/site-packages/airflow/example_dags/example_sensor_decorator.py
[2024-06-14T04:27:26.522+0000] {processor.py:840} INFO - DAG(s) 'example_sensor_decorator' retrieved from /home/airflow/.local/lib/python3.12/site-packages/airflow/example_dags/example_sensor_decorator.py
[2024-06-14T04:27:26.640+0000] {logging_mixin.py:188} INFO - [2024-06-14T04:27:26.640+0000] {dag.py:3096} INFO - Sync 1 DAGs
[2024-06-14T04:27:26.652+0000] {logging_mixin.py:188} INFO - [2024-06-14T04:27:26.651+0000] {dag.py:3954} INFO - Setting next_dagrun for example_sensor_decorator to None, run_after=None
[2024-06-14T04:27:26.675+0000] {processor.py:183} INFO - Processing /home/airflow/.local/lib/python3.12/site-packages/airflow/example_dags/example_sensor_decorator.py took 0.170 seconds
[2024-06-14T04:27:56.905+0000] {processor.py:161} INFO - Started process (PID=259) to work on /home/airflow/.local/lib/python3.12/site-packages/airflow/example_dags/example_sensor_decorator.py
[2024-06-14T04:27:56.907+0000] {processor.py:830} INFO - Processing file /home/airflow/.local/lib/python3.12/site-packages/airflow/example_dags/example_sensor_decorator.py for tasks to queue
[2024-06-14T04:27:56.909+0000] {logging_mixin.py:188} INFO - [2024-06-14T04:27:56.909+0000] {dagbag.py:545} INFO - Filling up the DagBag from /home/airflow/.local/lib/python3.12/site-packages/airflow/example_dags/example_sensor_decorator.py
[2024-06-14T04:27:56.917+0000] {processor.py:840} INFO - DAG(s) 'example_sensor_decorator' retrieved from /home/airflow/.local/lib/python3.12/site-packages/airflow/example_dags/example_sensor_decorator.py
[2024-06-14T04:27:56.945+0000] {logging_mixin.py:188} INFO - [2024-06-14T04:27:56.944+0000] {dag.py:3096} INFO - Sync 1 DAGs
[2024-06-14T04:27:56.962+0000] {logging_mixin.py:188} INFO - [2024-06-14T04:27:56.962+0000] {dag.py:3954} INFO - Setting next_dagrun for example_sensor_decorator to None, run_after=None
[2024-06-14T04:27:56.994+0000] {processor.py:183} INFO - Processing /home/airflow/.local/lib/python3.12/site-packages/airflow/example_dags/example_sensor_decorator.py took 0.098 seconds
[2024-06-14T04:28:27.687+0000] {processor.py:161} INFO - Started process (PID=320) to work on /home/airflow/.local/lib/python3.12/site-packages/airflow/example_dags/example_sensor_decorator.py
[2024-06-14T04:28:27.688+0000] {processor.py:830} INFO - Processing file /home/airflow/.local/lib/python3.12/site-packages/airflow/example_dags/example_sensor_decorator.py for tasks to queue
[2024-06-14T04:28:27.690+0000] {logging_mixin.py:188} INFO - [2024-06-14T04:28:27.690+0000] {dagbag.py:545} INFO - Filling up the DagBag from /home/airflow/.local/lib/python3.12/site-packages/airflow/example_dags/example_sensor_decorator.py
[2024-06-14T04:28:27.696+0000] {processor.py:840} INFO - DAG(s) 'example_sensor_decorator' retrieved from /home/airflow/.local/lib/python3.12/site-packages/airflow/example_dags/example_sensor_decorator.py
[2024-06-14T04:28:27.717+0000] {logging_mixin.py:188} INFO - [2024-06-14T04:28:27.717+0000] {dag.py:3096} INFO - Sync 1 DAGs
[2024-06-14T04:28:27.736+0000] {logging_mixin.py:188} INFO - [2024-06-14T04:28:27.735+0000] {dag.py:3954} INFO - Setting next_dagrun for example_sensor_decorator to None, run_after=None
[2024-06-14T04:28:27.759+0000] {processor.py:183} INFO - Processing /home/airflow/.local/lib/python3.12/site-packages/airflow/example_dags/example_sensor_decorator.py took 0.079 seconds
[2024-06-14T04:29:27.408+0000] {processor.py:161} INFO - Started process (PID=392) to work on /home/airflow/.local/lib/python3.12/site-packages/airflow/example_dags/example_sensor_decorator.py
[2024-06-14T04:29:27.410+0000] {processor.py:830} INFO - Processing file /home/airflow/.local/lib/python3.12/site-packages/airflow/example_dags/example_sensor_decorator.py for tasks to queue
[2024-06-14T04:29:27.412+0000] {logging_mixin.py:188} INFO - [2024-06-14T04:29:27.411+0000] {dagbag.py:545} INFO - Filling up the DagBag from /home/airflow/.local/lib/python3.12/site-packages/airflow/example_dags/example_sensor_decorator.py
[2024-06-14T04:29:27.421+0000] {processor.py:840} INFO - DAG(s) 'example_sensor_decorator' retrieved from /home/airflow/.local/lib/python3.12/site-packages/airflow/example_dags/example_sensor_decorator.py
[2024-06-14T04:29:27.442+0000] {logging_mixin.py:188} INFO - [2024-06-14T04:29:27.442+0000] {dag.py:3096} INFO - Sync 1 DAGs
[2024-06-14T04:29:27.456+0000] {logging_mixin.py:188} INFO - [2024-06-14T04:29:27.456+0000] {dag.py:3954} INFO - Setting next_dagrun for example_sensor_decorator to None, run_after=None
[2024-06-14T04:29:27.479+0000] {processor.py:183} INFO - Processing /home/airflow/.local/lib/python3.12/site-packages/airflow/example_dags/example_sensor_decorator.py took 0.078 seconds
[2024-06-14T04:29:58.556+0000] {processor.py:161} INFO - Started process (PID=452) to work on /home/airflow/.local/lib/python3.12/site-packages/airflow/example_dags/example_sensor_decorator.py
[2024-06-14T04:29:58.557+0000] {processor.py:830} INFO - Processing file /home/airflow/.local/lib/python3.12/site-packages/airflow/example_dags/example_sensor_decorator.py for tasks to queue
[2024-06-14T04:29:58.560+0000] {logging_mixin.py:188} INFO - [2024-06-14T04:29:58.559+0000] {dagbag.py:545} INFO - Filling up the DagBag from /home/airflow/.local/lib/python3.12/site-packages/airflow/example_dags/example_sensor_decorator.py
[2024-06-14T04:29:58.566+0000] {processor.py:840} INFO - DAG(s) 'example_sensor_decorator' retrieved from /home/airflow/.local/lib/python3.12/site-packages/airflow/example_dags/example_sensor_decorator.py
[2024-06-14T04:29:58.585+0000] {logging_mixin.py:188} INFO - [2024-06-14T04:29:58.585+0000] {dag.py:3096} INFO - Sync 1 DAGs
[2024-06-14T04:29:58.597+0000] {logging_mixin.py:188} INFO - [2024-06-14T04:29:58.597+0000] {dag.py:3954} INFO - Setting next_dagrun for example_sensor_decorator to None, run_after=None
[2024-06-14T04:29:58.621+0000] {processor.py:183} INFO - Processing /home/airflow/.local/lib/python3.12/site-packages/airflow/example_dags/example_sensor_decorator.py took 0.071 seconds
[2024-06-14T04:30:45.523+0000] {processor.py:161} INFO - Started process (PID=522) to work on /home/airflow/.local/lib/python3.12/site-packages/airflow/example_dags/example_sensor_decorator.py
[2024-06-14T04:30:45.525+0000] {processor.py:830} INFO - Processing file /home/airflow/.local/lib/python3.12/site-packages/airflow/example_dags/example_sensor_decorator.py for tasks to queue
[2024-06-14T04:30:45.528+0000] {logging_mixin.py:188} INFO - [2024-06-14T04:30:45.527+0000] {dagbag.py:545} INFO - Filling up the DagBag from /home/airflow/.local/lib/python3.12/site-packages/airflow/example_dags/example_sensor_decorator.py
[2024-06-14T04:30:45.536+0000] {processor.py:840} INFO - DAG(s) 'example_sensor_decorator' retrieved from /home/airflow/.local/lib/python3.12/site-packages/airflow/example_dags/example_sensor_decorator.py
[2024-06-14T04:30:45.559+0000] {logging_mixin.py:188} INFO - [2024-06-14T04:30:45.558+0000] {dag.py:3096} INFO - Sync 1 DAGs
[2024-06-14T04:30:45.579+0000] {logging_mixin.py:188} INFO - [2024-06-14T04:30:45.579+0000] {dag.py:3954} INFO - Setting next_dagrun for example_sensor_decorator to None, run_after=None
[2024-06-14T04:30:45.610+0000] {processor.py:183} INFO - Processing /home/airflow/.local/lib/python3.12/site-packages/airflow/example_dags/example_sensor_decorator.py took 0.096 seconds
[2024-06-14T04:31:16.113+0000] {processor.py:161} INFO - Started process (PID=600) to work on /home/airflow/.local/lib/python3.12/site-packages/airflow/example_dags/example_sensor_decorator.py
[2024-06-14T04:31:16.115+0000] {processor.py:830} INFO - Processing file /home/airflow/.local/lib/python3.12/site-packages/airflow/example_dags/example_sensor_decorator.py for tasks to queue
[2024-06-14T04:31:16.117+0000] {logging_mixin.py:188} INFO - [2024-06-14T04:31:16.116+0000] {dagbag.py:545} INFO - Filling up the DagBag from /home/airflow/.local/lib/python3.12/site-packages/airflow/example_dags/example_sensor_decorator.py
[2024-06-14T04:31:16.123+0000] {processor.py:840} INFO - DAG(s) 'example_sensor_decorator' retrieved from /home/airflow/.local/lib/python3.12/site-packages/airflow/example_dags/example_sensor_decorator.py
[2024-06-14T04:31:16.145+0000] {logging_mixin.py:188} INFO - [2024-06-14T04:31:16.145+0000] {dag.py:3096} INFO - Sync 1 DAGs
[2024-06-14T04:31:16.159+0000] {logging_mixin.py:188} INFO - [2024-06-14T04:31:16.159+0000] {dag.py:3954} INFO - Setting next_dagrun for example_sensor_decorator to None, run_after=None
[2024-06-14T04:31:16.184+0000] {processor.py:183} INFO - Processing /home/airflow/.local/lib/python3.12/site-packages/airflow/example_dags/example_sensor_decorator.py took 0.077 seconds
[2024-06-14T04:31:46.254+0000] {processor.py:161} INFO - Started process (PID=660) to work on /home/airflow/.local/lib/python3.12/site-packages/airflow/example_dags/example_sensor_decorator.py
[2024-06-14T04:31:46.256+0000] {processor.py:830} INFO - Processing file /home/airflow/.local/lib/python3.12/site-packages/airflow/example_dags/example_sensor_decorator.py for tasks to queue
[2024-06-14T04:31:46.258+0000] {logging_mixin.py:188} INFO - [2024-06-14T04:31:46.257+0000] {dagbag.py:545} INFO - Filling up the DagBag from /home/airflow/.local/lib/python3.12/site-packages/airflow/example_dags/example_sensor_decorator.py
[2024-06-14T04:31:46.264+0000] {processor.py:840} INFO - DAG(s) 'example_sensor_decorator' retrieved from /home/airflow/.local/lib/python3.12/site-packages/airflow/example_dags/example_sensor_decorator.py
[2024-06-14T04:31:46.285+0000] {logging_mixin.py:188} INFO - [2024-06-14T04:31:46.285+0000] {dag.py:3096} INFO - Sync 1 DAGs
[2024-06-14T04:31:46.300+0000] {logging_mixin.py:188} INFO - [2024-06-14T04:31:46.299+0000] {dag.py:3954} INFO - Setting next_dagrun for example_sensor_decorator to None, run_after=None
[2024-06-14T04:31:46.320+0000] {processor.py:183} INFO - Processing /home/airflow/.local/lib/python3.12/site-packages/airflow/example_dags/example_sensor_decorator.py took 0.072 seconds
[2024-06-14T04:32:16.770+0000] {processor.py:161} INFO - Started process (PID=720) to work on /home/airflow/.local/lib/python3.12/site-packages/airflow/example_dags/example_sensor_decorator.py
[2024-06-14T04:32:16.771+0000] {processor.py:830} INFO - Processing file /home/airflow/.local/lib/python3.12/site-packages/airflow/example_dags/example_sensor_decorator.py for tasks to queue
[2024-06-14T04:32:16.773+0000] {logging_mixin.py:188} INFO - [2024-06-14T04:32:16.773+0000] {dagbag.py:545} INFO - Filling up the DagBag from /home/airflow/.local/lib/python3.12/site-packages/airflow/example_dags/example_sensor_decorator.py
[2024-06-14T04:32:16.784+0000] {processor.py:840} INFO - DAG(s) 'example_sensor_decorator' retrieved from /home/airflow/.local/lib/python3.12/site-packages/airflow/example_dags/example_sensor_decorator.py
[2024-06-14T04:32:16.810+0000] {logging_mixin.py:188} INFO - [2024-06-14T04:32:16.809+0000] {dag.py:3096} INFO - Sync 1 DAGs
[2024-06-14T04:32:16.826+0000] {logging_mixin.py:188} INFO - [2024-06-14T04:32:16.825+0000] {dag.py:3954} INFO - Setting next_dagrun for example_sensor_decorator to None, run_after=None
[2024-06-14T04:32:16.855+0000] {processor.py:183} INFO - Processing /home/airflow/.local/lib/python3.12/site-packages/airflow/example_dags/example_sensor_decorator.py took 0.091 seconds
