[2024-06-14T03:05:02.220+0000] {processor.py:161} INFO - Started process (PID=47) to work on /home/airflow/.local/lib/python3.12/site-packages/airflow/example_dags/example_complex.py
[2024-06-14T03:05:02.225+0000] {processor.py:830} INFO - Processing file /home/airflow/.local/lib/python3.12/site-packages/airflow/example_dags/example_complex.py for tasks to queue
[2024-06-14T03:05:02.233+0000] {logging_mixin.py:188} INFO - [2024-06-14T03:05:02.232+0000] {dagbag.py:545} INFO - Filling up the DagBag from /home/airflow/.local/lib/python3.12/site-packages/airflow/example_dags/example_complex.py
[2024-06-14T03:05:02.259+0000] {processor.py:840} INFO - DAG(s) 'example_complex' retrieved from /home/airflow/.local/lib/python3.12/site-packages/airflow/example_dags/example_complex.py
[2024-06-14T03:05:02.393+0000] {logging_mixin.py:188} INFO - [2024-06-14T03:05:02.393+0000] {dag.py:3096} INFO - Sync 1 DAGs
[2024-06-14T03:05:02.447+0000] {logging_mixin.py:188} INFO - [2024-06-14T03:05:02.444+0000] {dag.py:3954} INFO - Setting next_dagrun for example_complex to None, run_after=None
[2024-06-14T03:05:03.262+0000] {processor.py:183} INFO - Processing /home/airflow/.local/lib/python3.12/site-packages/airflow/example_dags/example_complex.py took 1.036 seconds
[2024-06-14T03:05:33.250+0000] {processor.py:161} INFO - Started process (PID=41) to work on /home/airflow/.local/lib/python3.12/site-packages/airflow/example_dags/example_complex.py
[2024-06-14T03:05:33.251+0000] {processor.py:830} INFO - Processing file /home/airflow/.local/lib/python3.12/site-packages/airflow/example_dags/example_complex.py for tasks to queue
[2024-06-14T03:05:33.254+0000] {logging_mixin.py:188} INFO - [2024-06-14T03:05:33.254+0000] {dagbag.py:545} INFO - Filling up the DagBag from /home/airflow/.local/lib/python3.12/site-packages/airflow/example_dags/example_complex.py
[2024-06-14T03:05:33.266+0000] {processor.py:840} INFO - DAG(s) 'example_complex' retrieved from /home/airflow/.local/lib/python3.12/site-packages/airflow/example_dags/example_complex.py
[2024-06-14T03:05:33.310+0000] {logging_mixin.py:188} INFO - [2024-06-14T03:05:33.310+0000] {dag.py:3096} INFO - Sync 1 DAGs
[2024-06-14T03:05:33.323+0000] {logging_mixin.py:188} INFO - [2024-06-14T03:05:33.323+0000] {dag.py:3954} INFO - Setting next_dagrun for example_complex to None, run_after=None
[2024-06-14T03:05:33.343+0000] {processor.py:183} INFO - Processing /home/airflow/.local/lib/python3.12/site-packages/airflow/example_dags/example_complex.py took 0.099 seconds
[2024-06-14T03:06:03.751+0000] {processor.py:161} INFO - Started process (PID=101) to work on /home/airflow/.local/lib/python3.12/site-packages/airflow/example_dags/example_complex.py
[2024-06-14T03:06:03.753+0000] {processor.py:830} INFO - Processing file /home/airflow/.local/lib/python3.12/site-packages/airflow/example_dags/example_complex.py for tasks to queue
[2024-06-14T03:06:03.755+0000] {logging_mixin.py:188} INFO - [2024-06-14T03:06:03.755+0000] {dagbag.py:545} INFO - Filling up the DagBag from /home/airflow/.local/lib/python3.12/site-packages/airflow/example_dags/example_complex.py
[2024-06-14T03:06:03.765+0000] {processor.py:840} INFO - DAG(s) 'example_complex' retrieved from /home/airflow/.local/lib/python3.12/site-packages/airflow/example_dags/example_complex.py
[2024-06-14T03:06:03.799+0000] {logging_mixin.py:188} INFO - [2024-06-14T03:06:03.799+0000] {dag.py:3096} INFO - Sync 1 DAGs
[2024-06-14T03:06:03.813+0000] {logging_mixin.py:188} INFO - [2024-06-14T03:06:03.813+0000] {dag.py:3954} INFO - Setting next_dagrun for example_complex to None, run_after=None
[2024-06-14T03:06:03.837+0000] {processor.py:183} INFO - Processing /home/airflow/.local/lib/python3.12/site-packages/airflow/example_dags/example_complex.py took 0.092 seconds
[2024-06-14T03:06:34.077+0000] {processor.py:161} INFO - Started process (PID=161) to work on /home/airflow/.local/lib/python3.12/site-packages/airflow/example_dags/example_complex.py
[2024-06-14T03:06:34.078+0000] {processor.py:830} INFO - Processing file /home/airflow/.local/lib/python3.12/site-packages/airflow/example_dags/example_complex.py for tasks to queue
[2024-06-14T03:06:34.080+0000] {logging_mixin.py:188} INFO - [2024-06-14T03:06:34.080+0000] {dagbag.py:545} INFO - Filling up the DagBag from /home/airflow/.local/lib/python3.12/site-packages/airflow/example_dags/example_complex.py
[2024-06-14T03:06:34.102+0000] {processor.py:840} INFO - DAG(s) 'example_complex' retrieved from /home/airflow/.local/lib/python3.12/site-packages/airflow/example_dags/example_complex.py
[2024-06-14T03:06:34.153+0000] {logging_mixin.py:188} INFO - [2024-06-14T03:06:34.153+0000] {dag.py:3096} INFO - Sync 1 DAGs
[2024-06-14T03:06:34.181+0000] {logging_mixin.py:188} INFO - [2024-06-14T03:06:34.181+0000] {dag.py:3954} INFO - Setting next_dagrun for example_complex to None, run_after=None
[2024-06-14T03:06:35.607+0000] {processor.py:183} INFO - Processing /home/airflow/.local/lib/python3.12/site-packages/airflow/example_dags/example_complex.py took 1.536 seconds
[2024-06-14T04:26:15.239+0000] {processor.py:161} INFO - Started process (PID=41) to work on /home/airflow/.local/lib/python3.12/site-packages/airflow/example_dags/example_complex.py
[2024-06-14T04:26:15.243+0000] {processor.py:830} INFO - Processing file /home/airflow/.local/lib/python3.12/site-packages/airflow/example_dags/example_complex.py for tasks to queue
[2024-06-14T04:26:15.249+0000] {logging_mixin.py:188} INFO - [2024-06-14T04:26:15.248+0000] {dagbag.py:545} INFO - Filling up the DagBag from /home/airflow/.local/lib/python3.12/site-packages/airflow/example_dags/example_complex.py
[2024-06-14T04:26:15.280+0000] {processor.py:840} INFO - DAG(s) 'example_complex' retrieved from /home/airflow/.local/lib/python3.12/site-packages/airflow/example_dags/example_complex.py
[2024-06-14T04:26:15.530+0000] {logging_mixin.py:188} INFO - [2024-06-14T04:26:15.529+0000] {dag.py:3096} INFO - Sync 1 DAGs
[2024-06-14T04:26:15.550+0000] {logging_mixin.py:188} INFO - [2024-06-14T04:26:15.550+0000] {dag.py:3954} INFO - Setting next_dagrun for example_complex to None, run_after=None
[2024-06-14T04:26:15.601+0000] {processor.py:183} INFO - Processing /home/airflow/.local/lib/python3.12/site-packages/airflow/example_dags/example_complex.py took 0.416 seconds
[2024-06-14T04:26:45.646+0000] {processor.py:161} INFO - Started process (PID=101) to work on /home/airflow/.local/lib/python3.12/site-packages/airflow/example_dags/example_complex.py
[2024-06-14T04:26:45.647+0000] {processor.py:830} INFO - Processing file /home/airflow/.local/lib/python3.12/site-packages/airflow/example_dags/example_complex.py for tasks to queue
[2024-06-14T04:26:45.650+0000] {logging_mixin.py:188} INFO - [2024-06-14T04:26:45.650+0000] {dagbag.py:545} INFO - Filling up the DagBag from /home/airflow/.local/lib/python3.12/site-packages/airflow/example_dags/example_complex.py
[2024-06-14T04:26:45.661+0000] {processor.py:840} INFO - DAG(s) 'example_complex' retrieved from /home/airflow/.local/lib/python3.12/site-packages/airflow/example_dags/example_complex.py
[2024-06-14T04:26:45.673+0000] {logging_mixin.py:188} INFO - [2024-06-14T04:26:45.672+0000] {dag.py:3096} INFO - Sync 1 DAGs
[2024-06-14T04:26:45.687+0000] {logging_mixin.py:188} INFO - [2024-06-14T04:26:45.687+0000] {dag.py:3954} INFO - Setting next_dagrun for example_complex to None, run_after=None
[2024-06-14T04:26:45.710+0000] {processor.py:183} INFO - Processing /home/airflow/.local/lib/python3.12/site-packages/airflow/example_dags/example_complex.py took 0.071 seconds
[2024-06-14T04:27:16.640+0000] {processor.py:161} INFO - Started process (PID=161) to work on /home/airflow/.local/lib/python3.12/site-packages/airflow/example_dags/example_complex.py
[2024-06-14T04:27:16.641+0000] {processor.py:830} INFO - Processing file /home/airflow/.local/lib/python3.12/site-packages/airflow/example_dags/example_complex.py for tasks to queue
[2024-06-14T04:27:16.644+0000] {logging_mixin.py:188} INFO - [2024-06-14T04:27:16.643+0000] {dagbag.py:545} INFO - Filling up the DagBag from /home/airflow/.local/lib/python3.12/site-packages/airflow/example_dags/example_complex.py
[2024-06-14T04:27:16.657+0000] {processor.py:840} INFO - DAG(s) 'example_complex' retrieved from /home/airflow/.local/lib/python3.12/site-packages/airflow/example_dags/example_complex.py
[2024-06-14T04:27:16.671+0000] {logging_mixin.py:188} INFO - [2024-06-14T04:27:16.671+0000] {dag.py:3096} INFO - Sync 1 DAGs
[2024-06-14T04:27:16.688+0000] {logging_mixin.py:188} INFO - [2024-06-14T04:27:16.688+0000] {dag.py:3954} INFO - Setting next_dagrun for example_complex to None, run_after=None
[2024-06-14T04:27:16.712+0000] {processor.py:183} INFO - Processing /home/airflow/.local/lib/python3.12/site-packages/airflow/example_dags/example_complex.py took 0.078 seconds
[2024-06-14T04:27:47.097+0000] {processor.py:161} INFO - Started process (PID=219) to work on /home/airflow/.local/lib/python3.12/site-packages/airflow/example_dags/example_complex.py
[2024-06-14T04:27:47.098+0000] {processor.py:830} INFO - Processing file /home/airflow/.local/lib/python3.12/site-packages/airflow/example_dags/example_complex.py for tasks to queue
[2024-06-14T04:27:47.100+0000] {logging_mixin.py:188} INFO - [2024-06-14T04:27:47.100+0000] {dagbag.py:545} INFO - Filling up the DagBag from /home/airflow/.local/lib/python3.12/site-packages/airflow/example_dags/example_complex.py
[2024-06-14T04:27:47.110+0000] {processor.py:840} INFO - DAG(s) 'example_complex' retrieved from /home/airflow/.local/lib/python3.12/site-packages/airflow/example_dags/example_complex.py
[2024-06-14T04:27:47.216+0000] {logging_mixin.py:188} INFO - [2024-06-14T04:27:47.216+0000] {dag.py:3096} INFO - Sync 1 DAGs
[2024-06-14T04:27:47.226+0000] {logging_mixin.py:188} INFO - [2024-06-14T04:27:47.226+0000] {dag.py:3954} INFO - Setting next_dagrun for example_complex to None, run_after=None
[2024-06-14T04:27:47.250+0000] {processor.py:183} INFO - Processing /home/airflow/.local/lib/python3.12/site-packages/airflow/example_dags/example_complex.py took 0.158 seconds
[2024-06-14T04:28:17.915+0000] {processor.py:161} INFO - Started process (PID=279) to work on /home/airflow/.local/lib/python3.12/site-packages/airflow/example_dags/example_complex.py
[2024-06-14T04:28:17.916+0000] {processor.py:830} INFO - Processing file /home/airflow/.local/lib/python3.12/site-packages/airflow/example_dags/example_complex.py for tasks to queue
[2024-06-14T04:28:17.920+0000] {logging_mixin.py:188} INFO - [2024-06-14T04:28:17.920+0000] {dagbag.py:545} INFO - Filling up the DagBag from /home/airflow/.local/lib/python3.12/site-packages/airflow/example_dags/example_complex.py
[2024-06-14T04:28:17.946+0000] {processor.py:840} INFO - DAG(s) 'example_complex' retrieved from /home/airflow/.local/lib/python3.12/site-packages/airflow/example_dags/example_complex.py
[2024-06-14T04:28:18.019+0000] {logging_mixin.py:188} INFO - [2024-06-14T04:28:18.018+0000] {dag.py:3096} INFO - Sync 1 DAGs
[2024-06-14T04:28:18.042+0000] {logging_mixin.py:188} INFO - [2024-06-14T04:28:18.042+0000] {dag.py:3954} INFO - Setting next_dagrun for example_complex to None, run_after=None
[2024-06-14T04:28:18.183+0000] {processor.py:183} INFO - Processing /home/airflow/.local/lib/python3.12/site-packages/airflow/example_dags/example_complex.py took 0.281 seconds
[2024-06-14T04:29:24.521+0000] {processor.py:161} INFO - Started process (PID=360) to work on /home/airflow/.local/lib/python3.12/site-packages/airflow/example_dags/example_complex.py
[2024-06-14T04:29:24.523+0000] {processor.py:830} INFO - Processing file /home/airflow/.local/lib/python3.12/site-packages/airflow/example_dags/example_complex.py for tasks to queue
[2024-06-14T04:29:24.525+0000] {logging_mixin.py:188} INFO - [2024-06-14T04:29:24.525+0000] {dagbag.py:545} INFO - Filling up the DagBag from /home/airflow/.local/lib/python3.12/site-packages/airflow/example_dags/example_complex.py
[2024-06-14T04:29:24.539+0000] {processor.py:840} INFO - DAG(s) 'example_complex' retrieved from /home/airflow/.local/lib/python3.12/site-packages/airflow/example_dags/example_complex.py
[2024-06-14T04:29:24.582+0000] {logging_mixin.py:188} INFO - [2024-06-14T04:29:24.581+0000] {dag.py:3096} INFO - Sync 1 DAGs
[2024-06-14T04:29:24.600+0000] {logging_mixin.py:188} INFO - [2024-06-14T04:29:24.600+0000] {dag.py:3954} INFO - Setting next_dagrun for example_complex to None, run_after=None
[2024-06-14T04:29:24.633+0000] {processor.py:183} INFO - Processing /home/airflow/.local/lib/python3.12/site-packages/airflow/example_dags/example_complex.py took 0.120 seconds
[2024-06-14T04:29:54.723+0000] {processor.py:161} INFO - Started process (PID=418) to work on /home/airflow/.local/lib/python3.12/site-packages/airflow/example_dags/example_complex.py
[2024-06-14T04:29:54.724+0000] {processor.py:830} INFO - Processing file /home/airflow/.local/lib/python3.12/site-packages/airflow/example_dags/example_complex.py for tasks to queue
[2024-06-14T04:29:54.726+0000] {logging_mixin.py:188} INFO - [2024-06-14T04:29:54.726+0000] {dagbag.py:545} INFO - Filling up the DagBag from /home/airflow/.local/lib/python3.12/site-packages/airflow/example_dags/example_complex.py
[2024-06-14T04:29:54.739+0000] {processor.py:840} INFO - DAG(s) 'example_complex' retrieved from /home/airflow/.local/lib/python3.12/site-packages/airflow/example_dags/example_complex.py
[2024-06-14T04:29:54.774+0000] {logging_mixin.py:188} INFO - [2024-06-14T04:29:54.774+0000] {dag.py:3096} INFO - Sync 1 DAGs
[2024-06-14T04:29:54.788+0000] {logging_mixin.py:188} INFO - [2024-06-14T04:29:54.787+0000] {dag.py:3954} INFO - Setting next_dagrun for example_complex to None, run_after=None
[2024-06-14T04:29:54.809+0000] {processor.py:183} INFO - Processing /home/airflow/.local/lib/python3.12/site-packages/airflow/example_dags/example_complex.py took 0.094 seconds
[2024-06-14T04:30:25.797+0000] {processor.py:161} INFO - Started process (PID=484) to work on /home/airflow/.local/lib/python3.12/site-packages/airflow/example_dags/example_complex.py
[2024-06-14T04:30:25.799+0000] {processor.py:830} INFO - Processing file /home/airflow/.local/lib/python3.12/site-packages/airflow/example_dags/example_complex.py for tasks to queue
[2024-06-14T04:30:25.801+0000] {logging_mixin.py:188} INFO - [2024-06-14T04:30:25.801+0000] {dagbag.py:545} INFO - Filling up the DagBag from /home/airflow/.local/lib/python3.12/site-packages/airflow/example_dags/example_complex.py
[2024-06-14T04:30:25.818+0000] {processor.py:840} INFO - DAG(s) 'example_complex' retrieved from /home/airflow/.local/lib/python3.12/site-packages/airflow/example_dags/example_complex.py
[2024-06-14T04:30:25.865+0000] {logging_mixin.py:188} INFO - [2024-06-14T04:30:25.864+0000] {dag.py:3096} INFO - Sync 1 DAGs
[2024-06-14T04:30:25.883+0000] {logging_mixin.py:188} INFO - [2024-06-14T04:30:25.882+0000] {dag.py:3954} INFO - Setting next_dagrun for example_complex to None, run_after=None
[2024-06-14T04:30:25.918+0000] {processor.py:183} INFO - Processing /home/airflow/.local/lib/python3.12/site-packages/airflow/example_dags/example_complex.py took 0.129 seconds
[2024-06-14T04:30:56.688+0000] {processor.py:161} INFO - Started process (PID=566) to work on /home/airflow/.local/lib/python3.12/site-packages/airflow/example_dags/example_complex.py
[2024-06-14T04:30:56.689+0000] {processor.py:830} INFO - Processing file /home/airflow/.local/lib/python3.12/site-packages/airflow/example_dags/example_complex.py for tasks to queue
[2024-06-14T04:30:56.691+0000] {logging_mixin.py:188} INFO - [2024-06-14T04:30:56.691+0000] {dagbag.py:545} INFO - Filling up the DagBag from /home/airflow/.local/lib/python3.12/site-packages/airflow/example_dags/example_complex.py
[2024-06-14T04:30:56.703+0000] {processor.py:840} INFO - DAG(s) 'example_complex' retrieved from /home/airflow/.local/lib/python3.12/site-packages/airflow/example_dags/example_complex.py
[2024-06-14T04:30:56.734+0000] {logging_mixin.py:188} INFO - [2024-06-14T04:30:56.733+0000] {dag.py:3096} INFO - Sync 1 DAGs
[2024-06-14T04:30:56.752+0000] {logging_mixin.py:188} INFO - [2024-06-14T04:30:56.751+0000] {dag.py:3954} INFO - Setting next_dagrun for example_complex to None, run_after=None
[2024-06-14T04:30:56.779+0000] {processor.py:183} INFO - Processing /home/airflow/.local/lib/python3.12/site-packages/airflow/example_dags/example_complex.py took 0.096 seconds
[2024-06-14T04:31:27.219+0000] {processor.py:161} INFO - Started process (PID=626) to work on /home/airflow/.local/lib/python3.12/site-packages/airflow/example_dags/example_complex.py
[2024-06-14T04:31:27.220+0000] {processor.py:830} INFO - Processing file /home/airflow/.local/lib/python3.12/site-packages/airflow/example_dags/example_complex.py for tasks to queue
[2024-06-14T04:31:27.223+0000] {logging_mixin.py:188} INFO - [2024-06-14T04:31:27.222+0000] {dagbag.py:545} INFO - Filling up the DagBag from /home/airflow/.local/lib/python3.12/site-packages/airflow/example_dags/example_complex.py
[2024-06-14T04:31:27.234+0000] {processor.py:840} INFO - DAG(s) 'example_complex' retrieved from /home/airflow/.local/lib/python3.12/site-packages/airflow/example_dags/example_complex.py
[2024-06-14T04:31:27.265+0000] {logging_mixin.py:188} INFO - [2024-06-14T04:31:27.265+0000] {dag.py:3096} INFO - Sync 1 DAGs
[2024-06-14T04:31:27.277+0000] {logging_mixin.py:188} INFO - [2024-06-14T04:31:27.277+0000] {dag.py:3954} INFO - Setting next_dagrun for example_complex to None, run_after=None
[2024-06-14T04:31:27.299+0000] {processor.py:183} INFO - Processing /home/airflow/.local/lib/python3.12/site-packages/airflow/example_dags/example_complex.py took 0.086 seconds
[2024-06-14T04:31:57.467+0000] {processor.py:161} INFO - Started process (PID=686) to work on /home/airflow/.local/lib/python3.12/site-packages/airflow/example_dags/example_complex.py
[2024-06-14T04:31:57.469+0000] {processor.py:830} INFO - Processing file /home/airflow/.local/lib/python3.12/site-packages/airflow/example_dags/example_complex.py for tasks to queue
[2024-06-14T04:31:57.472+0000] {logging_mixin.py:188} INFO - [2024-06-14T04:31:57.471+0000] {dagbag.py:545} INFO - Filling up the DagBag from /home/airflow/.local/lib/python3.12/site-packages/airflow/example_dags/example_complex.py
[2024-06-14T04:31:57.483+0000] {processor.py:840} INFO - DAG(s) 'example_complex' retrieved from /home/airflow/.local/lib/python3.12/site-packages/airflow/example_dags/example_complex.py
[2024-06-14T04:31:57.518+0000] {logging_mixin.py:188} INFO - [2024-06-14T04:31:57.518+0000] {dag.py:3096} INFO - Sync 1 DAGs
[2024-06-14T04:31:57.532+0000] {logging_mixin.py:188} INFO - [2024-06-14T04:31:57.532+0000] {dag.py:3954} INFO - Setting next_dagrun for example_complex to None, run_after=None
[2024-06-14T04:31:57.555+0000] {processor.py:183} INFO - Processing /home/airflow/.local/lib/python3.12/site-packages/airflow/example_dags/example_complex.py took 0.093 seconds
[2024-06-14T04:32:27.910+0000] {processor.py:161} INFO - Started process (PID=746) to work on /home/airflow/.local/lib/python3.12/site-packages/airflow/example_dags/example_complex.py
[2024-06-14T04:32:27.911+0000] {processor.py:830} INFO - Processing file /home/airflow/.local/lib/python3.12/site-packages/airflow/example_dags/example_complex.py for tasks to queue
[2024-06-14T04:32:27.914+0000] {logging_mixin.py:188} INFO - [2024-06-14T04:32:27.913+0000] {dagbag.py:545} INFO - Filling up the DagBag from /home/airflow/.local/lib/python3.12/site-packages/airflow/example_dags/example_complex.py
[2024-06-14T04:32:27.923+0000] {processor.py:840} INFO - DAG(s) 'example_complex' retrieved from /home/airflow/.local/lib/python3.12/site-packages/airflow/example_dags/example_complex.py
[2024-06-14T04:32:27.953+0000] {logging_mixin.py:188} INFO - [2024-06-14T04:32:27.953+0000] {dag.py:3096} INFO - Sync 1 DAGs
[2024-06-14T04:32:27.966+0000] {logging_mixin.py:188} INFO - [2024-06-14T04:32:27.966+0000] {dag.py:3954} INFO - Setting next_dagrun for example_complex to None, run_after=None
[2024-06-14T04:32:27.987+0000] {processor.py:183} INFO - Processing /home/airflow/.local/lib/python3.12/site-packages/airflow/example_dags/example_complex.py took 0.083 seconds
