[2024-06-14T03:05:03.082+0000] {processor.py:161} INFO - Started process (PID=48) to work on /home/airflow/.local/lib/python3.12/site-packages/airflow/example_dags/tutorial.py
[2024-06-14T03:05:03.138+0000] {processor.py:830} INFO - Processing file /home/airflow/.local/lib/python3.12/site-packages/airflow/example_dags/tutorial.py for tasks to queue
[2024-06-14T03:05:03.218+0000] {logging_mixin.py:188} INFO - [2024-06-14T03:05:03.204+0000] {dagbag.py:545} INFO - Filling up the DagBag from /home/airflow/.local/lib/python3.12/site-packages/airflow/example_dags/tutorial.py
[2024-06-14T03:05:03.387+0000] {processor.py:840} INFO - DAG(s) 'tutorial' retrieved from /home/airflow/.local/lib/python3.12/site-packages/airflow/example_dags/tutorial.py
[2024-06-14T03:05:03.662+0000] {logging_mixin.py:188} INFO - [2024-06-14T03:05:03.662+0000] {dag.py:3096} INFO - Sync 1 DAGs
[2024-06-14T03:05:03.811+0000] {logging_mixin.py:188} INFO - [2024-06-14T03:05:03.810+0000] {dag.py:3954} INFO - Setting next_dagrun for tutorial to 2024-06-13 00:00:00+00:00, run_after=2024-06-14 00:00:00+00:00
[2024-06-14T03:05:03.887+0000] {processor.py:183} INFO - Processing /home/airflow/.local/lib/python3.12/site-packages/airflow/example_dags/tutorial.py took 1.342 seconds
[2024-06-14T03:05:33.251+0000] {processor.py:161} INFO - Started process (PID=42) to work on /home/airflow/.local/lib/python3.12/site-packages/airflow/example_dags/tutorial.py
[2024-06-14T03:05:33.252+0000] {processor.py:830} INFO - Processing file /home/airflow/.local/lib/python3.12/site-packages/airflow/example_dags/tutorial.py for tasks to queue
[2024-06-14T03:05:33.254+0000] {logging_mixin.py:188} INFO - [2024-06-14T03:05:33.254+0000] {dagbag.py:545} INFO - Filling up the DagBag from /home/airflow/.local/lib/python3.12/site-packages/airflow/example_dags/tutorial.py
[2024-06-14T03:05:33.262+0000] {processor.py:840} INFO - DAG(s) 'tutorial' retrieved from /home/airflow/.local/lib/python3.12/site-packages/airflow/example_dags/tutorial.py
[2024-06-14T03:05:33.296+0000] {logging_mixin.py:188} INFO - [2024-06-14T03:05:33.296+0000] {dag.py:3096} INFO - Sync 1 DAGs
[2024-06-14T03:05:33.319+0000] {logging_mixin.py:188} INFO - [2024-06-14T03:05:33.319+0000] {dag.py:3954} INFO - Setting next_dagrun for tutorial to 2024-06-13 00:00:00+00:00, run_after=2024-06-14 00:00:00+00:00
[2024-06-14T03:05:33.339+0000] {processor.py:183} INFO - Processing /home/airflow/.local/lib/python3.12/site-packages/airflow/example_dags/tutorial.py took 0.095 seconds
[2024-06-14T03:06:03.852+0000] {processor.py:161} INFO - Started process (PID=102) to work on /home/airflow/.local/lib/python3.12/site-packages/airflow/example_dags/tutorial.py
[2024-06-14T03:06:03.854+0000] {processor.py:830} INFO - Processing file /home/airflow/.local/lib/python3.12/site-packages/airflow/example_dags/tutorial.py for tasks to queue
[2024-06-14T03:06:03.856+0000] {logging_mixin.py:188} INFO - [2024-06-14T03:06:03.856+0000] {dagbag.py:545} INFO - Filling up the DagBag from /home/airflow/.local/lib/python3.12/site-packages/airflow/example_dags/tutorial.py
[2024-06-14T03:06:03.864+0000] {processor.py:840} INFO - DAG(s) 'tutorial' retrieved from /home/airflow/.local/lib/python3.12/site-packages/airflow/example_dags/tutorial.py
[2024-06-14T03:06:03.885+0000] {logging_mixin.py:188} INFO - [2024-06-14T03:06:03.885+0000] {dag.py:3096} INFO - Sync 1 DAGs
[2024-06-14T03:06:03.911+0000] {logging_mixin.py:188} INFO - [2024-06-14T03:06:03.910+0000] {dag.py:3954} INFO - Setting next_dagrun for tutorial to 2024-06-13 00:00:00+00:00, run_after=2024-06-14 00:00:00+00:00
[2024-06-14T03:06:03.931+0000] {processor.py:183} INFO - Processing /home/airflow/.local/lib/python3.12/site-packages/airflow/example_dags/tutorial.py took 0.085 seconds
[2024-06-14T03:06:35.676+0000] {processor.py:161} INFO - Started process (PID=162) to work on /home/airflow/.local/lib/python3.12/site-packages/airflow/example_dags/tutorial.py
[2024-06-14T03:06:35.677+0000] {processor.py:830} INFO - Processing file /home/airflow/.local/lib/python3.12/site-packages/airflow/example_dags/tutorial.py for tasks to queue
[2024-06-14T03:06:35.680+0000] {logging_mixin.py:188} INFO - [2024-06-14T03:06:35.679+0000] {dagbag.py:545} INFO - Filling up the DagBag from /home/airflow/.local/lib/python3.12/site-packages/airflow/example_dags/tutorial.py
[2024-06-14T03:06:35.689+0000] {processor.py:840} INFO - DAG(s) 'tutorial' retrieved from /home/airflow/.local/lib/python3.12/site-packages/airflow/example_dags/tutorial.py
[2024-06-14T03:06:35.716+0000] {logging_mixin.py:188} INFO - [2024-06-14T03:06:35.716+0000] {dag.py:3096} INFO - Sync 1 DAGs
[2024-06-14T03:06:35.742+0000] {logging_mixin.py:188} INFO - [2024-06-14T03:06:35.742+0000] {dag.py:3954} INFO - Setting next_dagrun for tutorial to 2024-06-13 00:00:00+00:00, run_after=2024-06-14 00:00:00+00:00
[2024-06-14T03:06:35.765+0000] {processor.py:183} INFO - Processing /home/airflow/.local/lib/python3.12/site-packages/airflow/example_dags/tutorial.py took 0.095 seconds
[2024-06-14T04:26:15.310+0000] {processor.py:161} INFO - Started process (PID=42) to work on /home/airflow/.local/lib/python3.12/site-packages/airflow/example_dags/tutorial.py
[2024-06-14T04:26:15.311+0000] {processor.py:830} INFO - Processing file /home/airflow/.local/lib/python3.12/site-packages/airflow/example_dags/tutorial.py for tasks to queue
[2024-06-14T04:26:15.314+0000] {logging_mixin.py:188} INFO - [2024-06-14T04:26:15.313+0000] {dagbag.py:545} INFO - Filling up the DagBag from /home/airflow/.local/lib/python3.12/site-packages/airflow/example_dags/tutorial.py
[2024-06-14T04:26:15.327+0000] {processor.py:840} INFO - DAG(s) 'tutorial' retrieved from /home/airflow/.local/lib/python3.12/site-packages/airflow/example_dags/tutorial.py
[2024-06-14T04:26:15.618+0000] {logging_mixin.py:188} INFO - [2024-06-14T04:26:15.618+0000] {dag.py:3096} INFO - Sync 1 DAGs
[2024-06-14T04:26:16.627+0000] {logging_mixin.py:188} INFO - [2024-06-14T04:26:16.627+0000] {dag.py:3954} INFO - Setting next_dagrun for tutorial to 2024-06-13 00:00:00+00:00, run_after=2024-06-14 00:00:00+00:00
[2024-06-14T04:26:16.660+0000] {processor.py:183} INFO - Processing /home/airflow/.local/lib/python3.12/site-packages/airflow/example_dags/tutorial.py took 1.359 seconds
[2024-06-14T04:26:46.756+0000] {processor.py:161} INFO - Started process (PID=102) to work on /home/airflow/.local/lib/python3.12/site-packages/airflow/example_dags/tutorial.py
[2024-06-14T04:26:46.759+0000] {processor.py:830} INFO - Processing file /home/airflow/.local/lib/python3.12/site-packages/airflow/example_dags/tutorial.py for tasks to queue
[2024-06-14T04:26:46.763+0000] {logging_mixin.py:188} INFO - [2024-06-14T04:26:46.762+0000] {dagbag.py:545} INFO - Filling up the DagBag from /home/airflow/.local/lib/python3.12/site-packages/airflow/example_dags/tutorial.py
[2024-06-14T04:26:46.775+0000] {processor.py:840} INFO - DAG(s) 'tutorial' retrieved from /home/airflow/.local/lib/python3.12/site-packages/airflow/example_dags/tutorial.py
[2024-06-14T04:26:46.789+0000] {logging_mixin.py:188} INFO - [2024-06-14T04:26:46.789+0000] {dag.py:3096} INFO - Sync 1 DAGs
[2024-06-14T04:26:46.817+0000] {logging_mixin.py:188} INFO - [2024-06-14T04:26:46.816+0000] {dag.py:3954} INFO - Setting next_dagrun for tutorial to 2024-06-13 00:00:00+00:00, run_after=2024-06-14 00:00:00+00:00
[2024-06-14T04:26:46.841+0000] {processor.py:183} INFO - Processing /home/airflow/.local/lib/python3.12/site-packages/airflow/example_dags/tutorial.py took 0.093 seconds
[2024-06-14T04:27:17.119+0000] {processor.py:161} INFO - Started process (PID=162) to work on /home/airflow/.local/lib/python3.12/site-packages/airflow/example_dags/tutorial.py
[2024-06-14T04:27:17.120+0000] {processor.py:830} INFO - Processing file /home/airflow/.local/lib/python3.12/site-packages/airflow/example_dags/tutorial.py for tasks to queue
[2024-06-14T04:27:17.123+0000] {logging_mixin.py:188} INFO - [2024-06-14T04:27:17.123+0000] {dagbag.py:545} INFO - Filling up the DagBag from /home/airflow/.local/lib/python3.12/site-packages/airflow/example_dags/tutorial.py
[2024-06-14T04:27:17.130+0000] {processor.py:840} INFO - DAG(s) 'tutorial' retrieved from /home/airflow/.local/lib/python3.12/site-packages/airflow/example_dags/tutorial.py
[2024-06-14T04:27:17.143+0000] {logging_mixin.py:188} INFO - [2024-06-14T04:27:17.143+0000] {dag.py:3096} INFO - Sync 1 DAGs
[2024-06-14T04:27:17.169+0000] {logging_mixin.py:188} INFO - [2024-06-14T04:27:17.168+0000] {dag.py:3954} INFO - Setting next_dagrun for tutorial to 2024-06-13 00:00:00+00:00, run_after=2024-06-14 00:00:00+00:00
[2024-06-14T04:27:17.190+0000] {processor.py:183} INFO - Processing /home/airflow/.local/lib/python3.12/site-packages/airflow/example_dags/tutorial.py took 0.080 seconds
[2024-06-14T04:27:47.308+0000] {processor.py:161} INFO - Started process (PID=221) to work on /home/airflow/.local/lib/python3.12/site-packages/airflow/example_dags/tutorial.py
[2024-06-14T04:27:47.310+0000] {processor.py:830} INFO - Processing file /home/airflow/.local/lib/python3.12/site-packages/airflow/example_dags/tutorial.py for tasks to queue
[2024-06-14T04:27:47.312+0000] {logging_mixin.py:188} INFO - [2024-06-14T04:27:47.311+0000] {dagbag.py:545} INFO - Filling up the DagBag from /home/airflow/.local/lib/python3.12/site-packages/airflow/example_dags/tutorial.py
[2024-06-14T04:27:47.318+0000] {processor.py:840} INFO - DAG(s) 'tutorial' retrieved from /home/airflow/.local/lib/python3.12/site-packages/airflow/example_dags/tutorial.py
[2024-06-14T04:27:47.413+0000] {logging_mixin.py:188} INFO - [2024-06-14T04:27:47.413+0000] {dag.py:3096} INFO - Sync 1 DAGs
[2024-06-14T04:27:47.431+0000] {logging_mixin.py:188} INFO - [2024-06-14T04:27:47.430+0000] {dag.py:3954} INFO - Setting next_dagrun for tutorial to 2024-06-13 00:00:00+00:00, run_after=2024-06-14 00:00:00+00:00
[2024-06-14T04:27:47.452+0000] {processor.py:183} INFO - Processing /home/airflow/.local/lib/python3.12/site-packages/airflow/example_dags/tutorial.py took 0.150 seconds
[2024-06-14T04:28:17.914+0000] {processor.py:161} INFO - Started process (PID=280) to work on /home/airflow/.local/lib/python3.12/site-packages/airflow/example_dags/tutorial.py
[2024-06-14T04:28:17.916+0000] {processor.py:830} INFO - Processing file /home/airflow/.local/lib/python3.12/site-packages/airflow/example_dags/tutorial.py for tasks to queue
[2024-06-14T04:28:17.927+0000] {logging_mixin.py:188} INFO - [2024-06-14T04:28:17.926+0000] {dagbag.py:545} INFO - Filling up the DagBag from /home/airflow/.local/lib/python3.12/site-packages/airflow/example_dags/tutorial.py
[2024-06-14T04:28:18.170+0000] {processor.py:840} INFO - DAG(s) 'tutorial' retrieved from /home/airflow/.local/lib/python3.12/site-packages/airflow/example_dags/tutorial.py
[2024-06-14T04:28:18.201+0000] {logging_mixin.py:188} INFO - [2024-06-14T04:28:18.200+0000] {dag.py:3096} INFO - Sync 1 DAGs
[2024-06-14T04:28:18.246+0000] {logging_mixin.py:188} INFO - [2024-06-14T04:28:18.246+0000] {dag.py:3954} INFO - Setting next_dagrun for tutorial to 2024-06-13 00:00:00+00:00, run_after=2024-06-14 00:00:00+00:00
[2024-06-14T04:28:18.282+0000] {processor.py:183} INFO - Processing /home/airflow/.local/lib/python3.12/site-packages/airflow/example_dags/tutorial.py took 0.379 seconds
[2024-06-14T04:29:24.675+0000] {processor.py:161} INFO - Started process (PID=361) to work on /home/airflow/.local/lib/python3.12/site-packages/airflow/example_dags/tutorial.py
[2024-06-14T04:29:24.677+0000] {processor.py:830} INFO - Processing file /home/airflow/.local/lib/python3.12/site-packages/airflow/example_dags/tutorial.py for tasks to queue
[2024-06-14T04:29:24.680+0000] {logging_mixin.py:188} INFO - [2024-06-14T04:29:24.679+0000] {dagbag.py:545} INFO - Filling up the DagBag from /home/airflow/.local/lib/python3.12/site-packages/airflow/example_dags/tutorial.py
[2024-06-14T04:29:24.689+0000] {processor.py:840} INFO - DAG(s) 'tutorial' retrieved from /home/airflow/.local/lib/python3.12/site-packages/airflow/example_dags/tutorial.py
[2024-06-14T04:29:24.715+0000] {logging_mixin.py:188} INFO - [2024-06-14T04:29:24.714+0000] {dag.py:3096} INFO - Sync 1 DAGs
[2024-06-14T04:29:24.745+0000] {logging_mixin.py:188} INFO - [2024-06-14T04:29:24.745+0000] {dag.py:3954} INFO - Setting next_dagrun for tutorial to 2024-06-13 00:00:00+00:00, run_after=2024-06-14 00:00:00+00:00
[2024-06-14T04:29:24.795+0000] {processor.py:183} INFO - Processing /home/airflow/.local/lib/python3.12/site-packages/airflow/example_dags/tutorial.py took 0.128 seconds
[2024-06-14T04:29:54.868+0000] {processor.py:161} INFO - Started process (PID=419) to work on /home/airflow/.local/lib/python3.12/site-packages/airflow/example_dags/tutorial.py
[2024-06-14T04:29:54.869+0000] {processor.py:830} INFO - Processing file /home/airflow/.local/lib/python3.12/site-packages/airflow/example_dags/tutorial.py for tasks to queue
[2024-06-14T04:29:54.872+0000] {logging_mixin.py:188} INFO - [2024-06-14T04:29:54.872+0000] {dagbag.py:545} INFO - Filling up the DagBag from /home/airflow/.local/lib/python3.12/site-packages/airflow/example_dags/tutorial.py
[2024-06-14T04:29:54.880+0000] {processor.py:840} INFO - DAG(s) 'tutorial' retrieved from /home/airflow/.local/lib/python3.12/site-packages/airflow/example_dags/tutorial.py
[2024-06-14T04:29:54.906+0000] {logging_mixin.py:188} INFO - [2024-06-14T04:29:54.905+0000] {dag.py:3096} INFO - Sync 1 DAGs
[2024-06-14T04:29:54.936+0000] {logging_mixin.py:188} INFO - [2024-06-14T04:29:54.936+0000] {dag.py:3954} INFO - Setting next_dagrun for tutorial to 2024-06-13 00:00:00+00:00, run_after=2024-06-14 00:00:00+00:00
[2024-06-14T04:29:54.960+0000] {processor.py:183} INFO - Processing /home/airflow/.local/lib/python3.12/site-packages/airflow/example_dags/tutorial.py took 0.099 seconds
[2024-06-14T04:30:25.984+0000] {processor.py:161} INFO - Started process (PID=485) to work on /home/airflow/.local/lib/python3.12/site-packages/airflow/example_dags/tutorial.py
[2024-06-14T04:30:25.986+0000] {processor.py:830} INFO - Processing file /home/airflow/.local/lib/python3.12/site-packages/airflow/example_dags/tutorial.py for tasks to queue
[2024-06-14T04:30:25.992+0000] {logging_mixin.py:188} INFO - [2024-06-14T04:30:25.991+0000] {dagbag.py:545} INFO - Filling up the DagBag from /home/airflow/.local/lib/python3.12/site-packages/airflow/example_dags/tutorial.py
[2024-06-14T04:30:26.013+0000] {processor.py:840} INFO - DAG(s) 'tutorial' retrieved from /home/airflow/.local/lib/python3.12/site-packages/airflow/example_dags/tutorial.py
[2024-06-14T04:30:26.095+0000] {logging_mixin.py:188} INFO - [2024-06-14T04:30:26.095+0000] {dag.py:3096} INFO - Sync 1 DAGs
[2024-06-14T04:30:26.137+0000] {logging_mixin.py:188} INFO - [2024-06-14T04:30:26.136+0000] {dag.py:3954} INFO - Setting next_dagrun for tutorial to 2024-06-13 00:00:00+00:00, run_after=2024-06-14 00:00:00+00:00
[2024-06-14T04:30:26.168+0000] {processor.py:183} INFO - Processing /home/airflow/.local/lib/python3.12/site-packages/airflow/example_dags/tutorial.py took 0.199 seconds
[2024-06-14T04:30:56.706+0000] {processor.py:161} INFO - Started process (PID=567) to work on /home/airflow/.local/lib/python3.12/site-packages/airflow/example_dags/tutorial.py
[2024-06-14T04:30:56.708+0000] {processor.py:830} INFO - Processing file /home/airflow/.local/lib/python3.12/site-packages/airflow/example_dags/tutorial.py for tasks to queue
[2024-06-14T04:30:56.710+0000] {logging_mixin.py:188} INFO - [2024-06-14T04:30:56.710+0000] {dagbag.py:545} INFO - Filling up the DagBag from /home/airflow/.local/lib/python3.12/site-packages/airflow/example_dags/tutorial.py
[2024-06-14T04:30:56.717+0000] {processor.py:840} INFO - DAG(s) 'tutorial' retrieved from /home/airflow/.local/lib/python3.12/site-packages/airflow/example_dags/tutorial.py
[2024-06-14T04:30:56.738+0000] {logging_mixin.py:188} INFO - [2024-06-14T04:30:56.737+0000] {dag.py:3096} INFO - Sync 1 DAGs
[2024-06-14T04:30:56.770+0000] {logging_mixin.py:188} INFO - [2024-06-14T04:30:56.769+0000] {dag.py:3954} INFO - Setting next_dagrun for tutorial to 2024-06-13 00:00:00+00:00, run_after=2024-06-14 00:00:00+00:00
[2024-06-14T04:30:56.795+0000] {processor.py:183} INFO - Processing /home/airflow/.local/lib/python3.12/site-packages/airflow/example_dags/tutorial.py took 0.095 seconds
[2024-06-14T04:31:27.237+0000] {processor.py:161} INFO - Started process (PID=627) to work on /home/airflow/.local/lib/python3.12/site-packages/airflow/example_dags/tutorial.py
[2024-06-14T04:31:27.239+0000] {processor.py:830} INFO - Processing file /home/airflow/.local/lib/python3.12/site-packages/airflow/example_dags/tutorial.py for tasks to queue
[2024-06-14T04:31:27.241+0000] {logging_mixin.py:188} INFO - [2024-06-14T04:31:27.240+0000] {dagbag.py:545} INFO - Filling up the DagBag from /home/airflow/.local/lib/python3.12/site-packages/airflow/example_dags/tutorial.py
[2024-06-14T04:31:27.247+0000] {processor.py:840} INFO - DAG(s) 'tutorial' retrieved from /home/airflow/.local/lib/python3.12/site-packages/airflow/example_dags/tutorial.py
[2024-06-14T04:31:27.266+0000] {logging_mixin.py:188} INFO - [2024-06-14T04:31:27.266+0000] {dag.py:3096} INFO - Sync 1 DAGs
[2024-06-14T04:31:27.287+0000] {logging_mixin.py:188} INFO - [2024-06-14T04:31:27.287+0000] {dag.py:3954} INFO - Setting next_dagrun for tutorial to 2024-06-13 00:00:00+00:00, run_after=2024-06-14 00:00:00+00:00
[2024-06-14T04:31:27.311+0000] {processor.py:183} INFO - Processing /home/airflow/.local/lib/python3.12/site-packages/airflow/example_dags/tutorial.py took 0.079 seconds
[2024-06-14T04:31:57.593+0000] {processor.py:161} INFO - Started process (PID=687) to work on /home/airflow/.local/lib/python3.12/site-packages/airflow/example_dags/tutorial.py
[2024-06-14T04:31:57.595+0000] {processor.py:830} INFO - Processing file /home/airflow/.local/lib/python3.12/site-packages/airflow/example_dags/tutorial.py for tasks to queue
[2024-06-14T04:31:57.597+0000] {logging_mixin.py:188} INFO - [2024-06-14T04:31:57.596+0000] {dagbag.py:545} INFO - Filling up the DagBag from /home/airflow/.local/lib/python3.12/site-packages/airflow/example_dags/tutorial.py
[2024-06-14T04:31:57.603+0000] {processor.py:840} INFO - DAG(s) 'tutorial' retrieved from /home/airflow/.local/lib/python3.12/site-packages/airflow/example_dags/tutorial.py
[2024-06-14T04:31:57.627+0000] {logging_mixin.py:188} INFO - [2024-06-14T04:31:57.627+0000] {dag.py:3096} INFO - Sync 1 DAGs
[2024-06-14T04:31:57.649+0000] {logging_mixin.py:188} INFO - [2024-06-14T04:31:57.649+0000] {dag.py:3954} INFO - Setting next_dagrun for tutorial to 2024-06-13 00:00:00+00:00, run_after=2024-06-14 00:00:00+00:00
[2024-06-14T04:31:57.671+0000] {processor.py:183} INFO - Processing /home/airflow/.local/lib/python3.12/site-packages/airflow/example_dags/tutorial.py took 0.084 seconds
[2024-06-14T04:32:27.927+0000] {processor.py:161} INFO - Started process (PID=747) to work on /home/airflow/.local/lib/python3.12/site-packages/airflow/example_dags/tutorial.py
[2024-06-14T04:32:27.928+0000] {processor.py:830} INFO - Processing file /home/airflow/.local/lib/python3.12/site-packages/airflow/example_dags/tutorial.py for tasks to queue
[2024-06-14T04:32:27.930+0000] {logging_mixin.py:188} INFO - [2024-06-14T04:32:27.930+0000] {dagbag.py:545} INFO - Filling up the DagBag from /home/airflow/.local/lib/python3.12/site-packages/airflow/example_dags/tutorial.py
[2024-06-14T04:32:27.936+0000] {processor.py:840} INFO - DAG(s) 'tutorial' retrieved from /home/airflow/.local/lib/python3.12/site-packages/airflow/example_dags/tutorial.py
[2024-06-14T04:32:27.955+0000] {logging_mixin.py:188} INFO - [2024-06-14T04:32:27.955+0000] {dag.py:3096} INFO - Sync 1 DAGs
[2024-06-14T04:32:27.976+0000] {logging_mixin.py:188} INFO - [2024-06-14T04:32:27.976+0000] {dag.py:3954} INFO - Setting next_dagrun for tutorial to 2024-06-13 00:00:00+00:00, run_after=2024-06-14 00:00:00+00:00
[2024-06-14T04:32:27.997+0000] {processor.py:183} INFO - Processing /home/airflow/.local/lib/python3.12/site-packages/airflow/example_dags/tutorial.py took 0.076 seconds
