[2024-06-13T14:36:31.716+0000] {processor.py:161} INFO - Started process (PID=74) to work on /home/airflow/.local/lib/python3.12/site-packages/airflow/example_dags/example_dag_decorator.py
[2024-06-13T14:36:31.727+0000] {processor.py:830} INFO - Processing file /home/airflow/.local/lib/python3.12/site-packages/airflow/example_dags/example_dag_decorator.py for tasks to queue
[2024-06-13T14:36:31.732+0000] {logging_mixin.py:188} INFO - [2024-06-13T14:36:31.731+0000] {dagbag.py:545} INFO - Filling up the DagBag from /home/airflow/.local/lib/python3.12/site-packages/airflow/example_dags/example_dag_decorator.py
[2024-06-13T14:36:33.607+0000] {processor.py:840} INFO - DAG(s) 'example_dag_decorator' retrieved from /home/airflow/.local/lib/python3.12/site-packages/airflow/example_dags/example_dag_decorator.py
[2024-06-13T14:36:34.094+0000] {logging_mixin.py:188} INFO - [2024-06-13T14:36:34.092+0000] {override.py:1829} INFO - Created Permission View: can read on DAG:example_dag_decorator
[2024-06-13T14:36:34.130+0000] {logging_mixin.py:188} INFO - [2024-06-13T14:36:34.130+0000] {override.py:1829} INFO - Created Permission View: can edit on DAG:example_dag_decorator
[2024-06-13T14:36:34.151+0000] {logging_mixin.py:188} INFO - [2024-06-13T14:36:34.150+0000] {override.py:1829} INFO - Created Permission View: can delete on DAG:example_dag_decorator
[2024-06-13T14:36:34.152+0000] {logging_mixin.py:188} INFO - [2024-06-13T14:36:34.152+0000] {dag.py:3096} INFO - Sync 1 DAGs
[2024-06-13T14:36:34.186+0000] {logging_mixin.py:188} INFO - [2024-06-13T14:36:34.185+0000] {dag.py:3118} INFO - Creating ORM DAG for example_dag_decorator
[2024-06-13T14:36:34.274+0000] {logging_mixin.py:188} INFO - [2024-06-13T14:36:34.274+0000] {dag.py:3954} INFO - Setting next_dagrun for example_dag_decorator to None, run_after=None
[2024-06-13T14:36:34.346+0000] {processor.py:183} INFO - Processing /home/airflow/.local/lib/python3.12/site-packages/airflow/example_dags/example_dag_decorator.py took 2.642 seconds
[2024-06-13T14:37:04.534+0000] {processor.py:161} INFO - Started process (PID=136) to work on /home/airflow/.local/lib/python3.12/site-packages/airflow/example_dags/example_dag_decorator.py
[2024-06-13T14:37:04.537+0000] {processor.py:830} INFO - Processing file /home/airflow/.local/lib/python3.12/site-packages/airflow/example_dags/example_dag_decorator.py for tasks to queue
[2024-06-13T14:37:04.540+0000] {logging_mixin.py:188} INFO - [2024-06-13T14:37:04.539+0000] {dagbag.py:545} INFO - Filling up the DagBag from /home/airflow/.local/lib/python3.12/site-packages/airflow/example_dags/example_dag_decorator.py
[2024-06-13T14:37:04.728+0000] {processor.py:840} INFO - DAG(s) 'example_dag_decorator' retrieved from /home/airflow/.local/lib/python3.12/site-packages/airflow/example_dags/example_dag_decorator.py
[2024-06-13T14:37:04.911+0000] {logging_mixin.py:188} INFO - [2024-06-13T14:37:04.911+0000] {dag.py:3096} INFO - Sync 1 DAGs
[2024-06-13T14:37:04.924+0000] {logging_mixin.py:188} INFO - [2024-06-13T14:37:04.923+0000] {dag.py:3954} INFO - Setting next_dagrun for example_dag_decorator to None, run_after=None
[2024-06-13T14:37:05.027+0000] {processor.py:183} INFO - Processing /home/airflow/.local/lib/python3.12/site-packages/airflow/example_dags/example_dag_decorator.py took 0.499 seconds
[2024-06-13T16:37:29.431+0000] {processor.py:161} INFO - Started process (PID=68) to work on /home/airflow/.local/lib/python3.12/site-packages/airflow/example_dags/example_dag_decorator.py
[2024-06-13T16:37:29.433+0000] {processor.py:830} INFO - Processing file /home/airflow/.local/lib/python3.12/site-packages/airflow/example_dags/example_dag_decorator.py for tasks to queue
[2024-06-13T16:37:29.435+0000] {logging_mixin.py:188} INFO - [2024-06-13T16:37:29.435+0000] {dagbag.py:545} INFO - Filling up the DagBag from /home/airflow/.local/lib/python3.12/site-packages/airflow/example_dags/example_dag_decorator.py
[2024-06-13T16:37:30.385+0000] {processor.py:840} INFO - DAG(s) 'example_dag_decorator' retrieved from /home/airflow/.local/lib/python3.12/site-packages/airflow/example_dags/example_dag_decorator.py
[2024-06-13T16:37:30.565+0000] {logging_mixin.py:188} INFO - [2024-06-13T16:37:30.564+0000] {dag.py:3096} INFO - Sync 1 DAGs
[2024-06-13T16:37:30.585+0000] {logging_mixin.py:188} INFO - [2024-06-13T16:37:30.584+0000] {dag.py:3954} INFO - Setting next_dagrun for example_dag_decorator to None, run_after=None
[2024-06-13T16:37:30.637+0000] {processor.py:183} INFO - Processing /home/airflow/.local/lib/python3.12/site-packages/airflow/example_dags/example_dag_decorator.py took 1.213 seconds
