[2024-06-13T14:36:25.297+0000] {processor.py:161} INFO - Started process (PID=64) to work on /home/airflow/.local/lib/python3.12/site-packages/airflow/example_dags/example_external_task_marker_dag.py
[2024-06-13T14:36:25.300+0000] {processor.py:830} INFO - Processing file /home/airflow/.local/lib/python3.12/site-packages/airflow/example_dags/example_external_task_marker_dag.py for tasks to queue
[2024-06-13T14:36:25.308+0000] {logging_mixin.py:188} INFO - [2024-06-13T14:36:25.308+0000] {dagbag.py:545} INFO - Filling up the DagBag from /home/airflow/.local/lib/python3.12/site-packages/airflow/example_dags/example_external_task_marker_dag.py
[2024-06-13T14:36:25.341+0000] {processor.py:840} INFO - DAG(s) 'example_external_task_marker_parent', 'example_external_task_marker_child' retrieved from /home/airflow/.local/lib/python3.12/site-packages/airflow/example_dags/example_external_task_marker_dag.py
[2024-06-13T14:36:25.799+0000] {logging_mixin.py:188} INFO - [2024-06-13T14:36:25.796+0000] {override.py:1829} INFO - Created Permission View: can read on DAG:example_external_task_marker_parent
[2024-06-13T14:36:25.833+0000] {logging_mixin.py:188} INFO - [2024-06-13T14:36:25.832+0000] {override.py:1829} INFO - Created Permission View: can edit on DAG:example_external_task_marker_parent
[2024-06-13T14:36:25.851+0000] {logging_mixin.py:188} INFO - [2024-06-13T14:36:25.850+0000] {override.py:1829} INFO - Created Permission View: can delete on DAG:example_external_task_marker_parent
[2024-06-13T14:36:25.912+0000] {logging_mixin.py:188} INFO - [2024-06-13T14:36:25.912+0000] {override.py:1829} INFO - Created Permission View: can read on DAG:example_external_task_marker_child
[2024-06-13T14:36:25.935+0000] {logging_mixin.py:188} INFO - [2024-06-13T14:36:25.934+0000] {override.py:1829} INFO - Created Permission View: can edit on DAG:example_external_task_marker_child
[2024-06-13T14:36:25.958+0000] {logging_mixin.py:188} INFO - [2024-06-13T14:36:25.957+0000] {override.py:1829} INFO - Created Permission View: can delete on DAG:example_external_task_marker_child
[2024-06-13T14:36:25.960+0000] {logging_mixin.py:188} INFO - [2024-06-13T14:36:25.959+0000] {dag.py:3096} INFO - Sync 2 DAGs
[2024-06-13T14:36:26.052+0000] {logging_mixin.py:188} INFO - [2024-06-13T14:36:26.052+0000] {dag.py:3118} INFO - Creating ORM DAG for example_external_task_marker_child
[2024-06-13T14:36:26.054+0000] {logging_mixin.py:188} INFO - [2024-06-13T14:36:26.053+0000] {dag.py:3118} INFO - Creating ORM DAG for example_external_task_marker_parent
[2024-06-13T14:36:26.055+0000] {logging_mixin.py:188} INFO - [2024-06-13T14:36:26.055+0000] {dag.py:3954} INFO - Setting next_dagrun for example_external_task_marker_child to None, run_after=None
[2024-06-13T14:36:26.060+0000] {logging_mixin.py:188} INFO - [2024-06-13T14:36:26.059+0000] {dag.py:3954} INFO - Setting next_dagrun for example_external_task_marker_parent to None, run_after=None
[2024-06-13T14:36:26.111+0000] {processor.py:183} INFO - Processing /home/airflow/.local/lib/python3.12/site-packages/airflow/example_dags/example_external_task_marker_dag.py took 0.829 seconds
[2024-06-13T14:36:56.453+0000] {processor.py:161} INFO - Started process (PID=124) to work on /home/airflow/.local/lib/python3.12/site-packages/airflow/example_dags/example_external_task_marker_dag.py
[2024-06-13T14:36:56.455+0000] {processor.py:830} INFO - Processing file /home/airflow/.local/lib/python3.12/site-packages/airflow/example_dags/example_external_task_marker_dag.py for tasks to queue
[2024-06-13T14:36:56.459+0000] {logging_mixin.py:188} INFO - [2024-06-13T14:36:56.458+0000] {dagbag.py:545} INFO - Filling up the DagBag from /home/airflow/.local/lib/python3.12/site-packages/airflow/example_dags/example_external_task_marker_dag.py
[2024-06-13T14:36:56.471+0000] {processor.py:840} INFO - DAG(s) 'example_external_task_marker_parent', 'example_external_task_marker_child' retrieved from /home/airflow/.local/lib/python3.12/site-packages/airflow/example_dags/example_external_task_marker_dag.py
[2024-06-13T14:36:56.502+0000] {logging_mixin.py:188} INFO - [2024-06-13T14:36:56.502+0000] {dag.py:3096} INFO - Sync 2 DAGs
[2024-06-13T14:36:56.523+0000] {logging_mixin.py:188} INFO - [2024-06-13T14:36:56.522+0000] {dag.py:3954} INFO - Setting next_dagrun for example_external_task_marker_child to None, run_after=None
[2024-06-13T14:36:56.528+0000] {logging_mixin.py:188} INFO - [2024-06-13T14:36:56.528+0000] {dag.py:3954} INFO - Setting next_dagrun for example_external_task_marker_parent to None, run_after=None
[2024-06-13T14:36:56.560+0000] {processor.py:183} INFO - Processing /home/airflow/.local/lib/python3.12/site-packages/airflow/example_dags/example_external_task_marker_dag.py took 0.116 seconds
[2024-06-13T16:37:27.014+0000] {processor.py:161} INFO - Started process (PID=58) to work on /home/airflow/.local/lib/python3.12/site-packages/airflow/example_dags/example_external_task_marker_dag.py
[2024-06-13T16:37:27.019+0000] {processor.py:830} INFO - Processing file /home/airflow/.local/lib/python3.12/site-packages/airflow/example_dags/example_external_task_marker_dag.py for tasks to queue
[2024-06-13T16:37:27.023+0000] {logging_mixin.py:188} INFO - [2024-06-13T16:37:27.023+0000] {dagbag.py:545} INFO - Filling up the DagBag from /home/airflow/.local/lib/python3.12/site-packages/airflow/example_dags/example_external_task_marker_dag.py
[2024-06-13T16:37:27.048+0000] {processor.py:840} INFO - DAG(s) 'example_external_task_marker_child', 'example_external_task_marker_parent' retrieved from /home/airflow/.local/lib/python3.12/site-packages/airflow/example_dags/example_external_task_marker_dag.py
[2024-06-13T16:37:27.329+0000] {logging_mixin.py:188} INFO - [2024-06-13T16:37:27.328+0000] {dag.py:3096} INFO - Sync 2 DAGs
[2024-06-13T16:37:27.351+0000] {logging_mixin.py:188} INFO - [2024-06-13T16:37:27.350+0000] {dag.py:3954} INFO - Setting next_dagrun for example_external_task_marker_child to None, run_after=None
[2024-06-13T16:37:27.354+0000] {logging_mixin.py:188} INFO - [2024-06-13T16:37:27.354+0000] {dag.py:3954} INFO - Setting next_dagrun for example_external_task_marker_parent to None, run_after=None
[2024-06-13T16:37:27.381+0000] {processor.py:183} INFO - Processing /home/airflow/.local/lib/python3.12/site-packages/airflow/example_dags/example_external_task_marker_dag.py took 0.376 seconds
