[2024-06-13T14:36:17.418+0000] {processor.py:161} INFO - Started process (PID=46) to work on /home/airflow/.local/lib/python3.12/site-packages/airflow/example_dags/example_nested_branch_dag.py
[2024-06-13T14:36:17.420+0000] {processor.py:830} INFO - Processing file /home/airflow/.local/lib/python3.12/site-packages/airflow/example_dags/example_nested_branch_dag.py for tasks to queue
[2024-06-13T14:36:17.423+0000] {logging_mixin.py:188} INFO - [2024-06-13T14:36:17.423+0000] {dagbag.py:545} INFO - Filling up the DagBag from /home/airflow/.local/lib/python3.12/site-packages/airflow/example_dags/example_nested_branch_dag.py
[2024-06-13T14:36:17.455+0000] {processor.py:840} INFO - DAG(s) 'example_nested_branch_dag' retrieved from /home/airflow/.local/lib/python3.12/site-packages/airflow/example_dags/example_nested_branch_dag.py
[2024-06-13T14:36:19.053+0000] {logging_mixin.py:188} INFO - [2024-06-13T14:36:19.052+0000] {override.py:1829} INFO - Created Permission View: can read on DAG:example_nested_branch_dag
[2024-06-13T14:36:19.077+0000] {logging_mixin.py:188} INFO - [2024-06-13T14:36:19.076+0000] {override.py:1829} INFO - Created Permission View: can edit on DAG:example_nested_branch_dag
[2024-06-13T14:36:19.091+0000] {logging_mixin.py:188} INFO - [2024-06-13T14:36:19.090+0000] {override.py:1829} INFO - Created Permission View: can delete on DAG:example_nested_branch_dag
[2024-06-13T14:36:19.093+0000] {logging_mixin.py:188} INFO - [2024-06-13T14:36:19.092+0000] {dag.py:3096} INFO - Sync 1 DAGs
[2024-06-13T14:36:19.146+0000] {logging_mixin.py:188} INFO - [2024-06-13T14:36:19.146+0000] {dag.py:3118} INFO - Creating ORM DAG for example_nested_branch_dag
[2024-06-13T14:36:19.198+0000] {logging_mixin.py:188} INFO - [2024-06-13T14:36:19.198+0000] {dag.py:3954} INFO - Setting next_dagrun for example_nested_branch_dag to 2024-06-12 00:00:00+00:00, run_after=2024-06-13 00:00:00+00:00
[2024-06-13T14:36:19.250+0000] {processor.py:183} INFO - Processing /home/airflow/.local/lib/python3.12/site-packages/airflow/example_dags/example_nested_branch_dag.py took 1.843 seconds
[2024-06-13T14:36:49.418+0000] {processor.py:161} INFO - Started process (PID=106) to work on /home/airflow/.local/lib/python3.12/site-packages/airflow/example_dags/example_nested_branch_dag.py
[2024-06-13T14:36:49.421+0000] {processor.py:830} INFO - Processing file /home/airflow/.local/lib/python3.12/site-packages/airflow/example_dags/example_nested_branch_dag.py for tasks to queue
[2024-06-13T14:36:49.424+0000] {logging_mixin.py:188} INFO - [2024-06-13T14:36:49.424+0000] {dagbag.py:545} INFO - Filling up the DagBag from /home/airflow/.local/lib/python3.12/site-packages/airflow/example_dags/example_nested_branch_dag.py
[2024-06-13T14:36:49.440+0000] {processor.py:840} INFO - DAG(s) 'example_nested_branch_dag' retrieved from /home/airflow/.local/lib/python3.12/site-packages/airflow/example_dags/example_nested_branch_dag.py
[2024-06-13T14:36:49.478+0000] {logging_mixin.py:188} INFO - [2024-06-13T14:36:49.478+0000] {dag.py:3096} INFO - Sync 1 DAGs
[2024-06-13T14:36:49.537+0000] {logging_mixin.py:188} INFO - [2024-06-13T14:36:49.536+0000] {dag.py:3954} INFO - Setting next_dagrun for example_nested_branch_dag to 2024-06-12 00:00:00+00:00, run_after=2024-06-13 00:00:00+00:00
[2024-06-13T14:36:49.824+0000] {processor.py:183} INFO - Processing /home/airflow/.local/lib/python3.12/site-packages/airflow/example_dags/example_nested_branch_dag.py took 0.414 seconds
[2024-06-13T16:37:23.042+0000] {processor.py:161} INFO - Started process (PID=40) to work on /home/airflow/.local/lib/python3.12/site-packages/airflow/example_dags/example_nested_branch_dag.py
[2024-06-13T16:37:23.044+0000] {processor.py:830} INFO - Processing file /home/airflow/.local/lib/python3.12/site-packages/airflow/example_dags/example_nested_branch_dag.py for tasks to queue
[2024-06-13T16:37:23.047+0000] {logging_mixin.py:188} INFO - [2024-06-13T16:37:23.047+0000] {dagbag.py:545} INFO - Filling up the DagBag from /home/airflow/.local/lib/python3.12/site-packages/airflow/example_dags/example_nested_branch_dag.py
[2024-06-13T16:37:23.072+0000] {processor.py:840} INFO - DAG(s) 'example_nested_branch_dag' retrieved from /home/airflow/.local/lib/python3.12/site-packages/airflow/example_dags/example_nested_branch_dag.py
[2024-06-13T16:37:23.233+0000] {logging_mixin.py:188} INFO - [2024-06-13T16:37:23.233+0000] {dag.py:3096} INFO - Sync 1 DAGs
[2024-06-13T16:37:23.259+0000] {logging_mixin.py:188} INFO - [2024-06-13T16:37:23.259+0000] {dag.py:3954} INFO - Setting next_dagrun for example_nested_branch_dag to 2024-06-12 00:00:00+00:00, run_after=2024-06-13 00:00:00+00:00
[2024-06-13T16:37:23.284+0000] {processor.py:183} INFO - Processing /home/airflow/.local/lib/python3.12/site-packages/airflow/example_dags/example_nested_branch_dag.py took 0.250 seconds
