[2024-06-13T14:36:32.950+0000] {processor.py:161} INFO - Started process (PID=76) to work on /home/airflow/.local/lib/python3.12/site-packages/airflow/example_dags/example_sla_dag.py
[2024-06-13T14:36:32.952+0000] {processor.py:830} INFO - Processing file /home/airflow/.local/lib/python3.12/site-packages/airflow/example_dags/example_sla_dag.py for tasks to queue
[2024-06-13T14:36:32.957+0000] {logging_mixin.py:188} INFO - [2024-06-13T14:36:32.956+0000] {dagbag.py:545} INFO - Filling up the DagBag from /home/airflow/.local/lib/python3.12/site-packages/airflow/example_dags/example_sla_dag.py
[2024-06-13T14:36:33.018+0000] {processor.py:840} INFO - DAG(s) 'example_sla_dag' retrieved from /home/airflow/.local/lib/python3.12/site-packages/airflow/example_dags/example_sla_dag.py
[2024-06-13T14:36:33.494+0000] {logging_mixin.py:188} INFO - [2024-06-13T14:36:33.493+0000] {override.py:1829} INFO - Created Permission View: can read on DAG:example_sla_dag
[2024-06-13T14:36:33.546+0000] {logging_mixin.py:188} INFO - [2024-06-13T14:36:33.546+0000] {override.py:1829} INFO - Created Permission View: can edit on DAG:example_sla_dag
[2024-06-13T14:36:33.571+0000] {logging_mixin.py:188} INFO - [2024-06-13T14:36:33.569+0000] {override.py:1829} INFO - Created Permission View: can delete on DAG:example_sla_dag
[2024-06-13T14:36:33.573+0000] {logging_mixin.py:188} INFO - [2024-06-13T14:36:33.572+0000] {dag.py:3096} INFO - Sync 1 DAGs
[2024-06-13T14:36:33.627+0000] {logging_mixin.py:188} INFO - [2024-06-13T14:36:33.626+0000] {dag.py:3118} INFO - Creating ORM DAG for example_sla_dag
[2024-06-13T14:36:33.660+0000] {logging_mixin.py:188} INFO - [2024-06-13T14:36:33.660+0000] {dag.py:3954} INFO - Setting next_dagrun for example_sla_dag to 2024-06-13 14:34:00+00:00, run_after=2024-06-13 14:36:00+00:00
[2024-06-13T14:36:33.683+0000] {processor.py:183} INFO - Processing /home/airflow/.local/lib/python3.12/site-packages/airflow/example_dags/example_sla_dag.py took 0.749 seconds
[2024-06-13T14:37:04.228+0000] {processor.py:161} INFO - Started process (PID=135) to work on /home/airflow/.local/lib/python3.12/site-packages/airflow/example_dags/example_sla_dag.py
[2024-06-13T14:37:04.230+0000] {processor.py:830} INFO - Processing file /home/airflow/.local/lib/python3.12/site-packages/airflow/example_dags/example_sla_dag.py for tasks to queue
[2024-06-13T14:37:04.234+0000] {logging_mixin.py:188} INFO - [2024-06-13T14:37:04.233+0000] {dagbag.py:545} INFO - Filling up the DagBag from /home/airflow/.local/lib/python3.12/site-packages/airflow/example_dags/example_sla_dag.py
[2024-06-13T14:37:04.375+0000] {processor.py:840} INFO - DAG(s) 'example_sla_dag' retrieved from /home/airflow/.local/lib/python3.12/site-packages/airflow/example_dags/example_sla_dag.py
[2024-06-13T14:37:04.407+0000] {logging_mixin.py:188} INFO - [2024-06-13T14:37:04.406+0000] {dag.py:3096} INFO - Sync 1 DAGs
[2024-06-13T14:37:04.454+0000] {logging_mixin.py:188} INFO - [2024-06-13T14:37:04.453+0000] {dag.py:3954} INFO - Setting next_dagrun for example_sla_dag to 2024-06-13 14:34:00+00:00, run_after=2024-06-13 14:36:00+00:00
[2024-06-13T14:37:04.483+0000] {processor.py:183} INFO - Processing /home/airflow/.local/lib/python3.12/site-packages/airflow/example_dags/example_sla_dag.py took 0.264 seconds
[2024-06-13T16:37:29.735+0000] {processor.py:161} INFO - Started process (PID=70) to work on /home/airflow/.local/lib/python3.12/site-packages/airflow/example_dags/example_sla_dag.py
[2024-06-13T16:37:29.737+0000] {processor.py:830} INFO - Processing file /home/airflow/.local/lib/python3.12/site-packages/airflow/example_dags/example_sla_dag.py for tasks to queue
[2024-06-13T16:37:29.739+0000] {logging_mixin.py:188} INFO - [2024-06-13T16:37:29.739+0000] {dagbag.py:545} INFO - Filling up the DagBag from /home/airflow/.local/lib/python3.12/site-packages/airflow/example_dags/example_sla_dag.py
[2024-06-13T16:37:29.756+0000] {processor.py:840} INFO - DAG(s) 'example_sla_dag' retrieved from /home/airflow/.local/lib/python3.12/site-packages/airflow/example_dags/example_sla_dag.py
[2024-06-13T16:37:29.938+0000] {logging_mixin.py:188} INFO - [2024-06-13T16:37:29.937+0000] {dag.py:3096} INFO - Sync 1 DAGs
[2024-06-13T16:37:29.978+0000] {logging_mixin.py:188} INFO - [2024-06-13T16:37:29.978+0000] {dag.py:3954} INFO - Setting next_dagrun for example_sla_dag to 2024-06-13 16:34:00+00:00, run_after=2024-06-13 16:36:00+00:00
[2024-06-13T16:37:30.221+0000] {processor.py:183} INFO - Processing /home/airflow/.local/lib/python3.12/site-packages/airflow/example_dags/example_sla_dag.py took 0.493 seconds
