[2024-06-13T14:36:21.047+0000] {processor.py:161} INFO - Started process (PID=49) to work on /home/airflow/.local/lib/python3.12/site-packages/airflow/example_dags/example_task_group.py
[2024-06-13T14:36:21.078+0000] {processor.py:830} INFO - Processing file /home/airflow/.local/lib/python3.12/site-packages/airflow/example_dags/example_task_group.py for tasks to queue
[2024-06-13T14:36:21.085+0000] {logging_mixin.py:188} INFO - [2024-06-13T14:36:21.084+0000] {dagbag.py:545} INFO - Filling up the DagBag from /home/airflow/.local/lib/python3.12/site-packages/airflow/example_dags/example_task_group.py
[2024-06-13T14:36:21.167+0000] {processor.py:840} INFO - DAG(s) 'example_task_group' retrieved from /home/airflow/.local/lib/python3.12/site-packages/airflow/example_dags/example_task_group.py
[2024-06-13T14:36:21.690+0000] {logging_mixin.py:188} INFO - [2024-06-13T14:36:21.687+0000] {override.py:1829} INFO - Created Permission View: can read on DAG:example_task_group
[2024-06-13T14:36:21.734+0000] {logging_mixin.py:188} INFO - [2024-06-13T14:36:21.733+0000] {override.py:1829} INFO - Created Permission View: can edit on DAG:example_task_group
[2024-06-13T14:36:21.761+0000] {logging_mixin.py:188} INFO - [2024-06-13T14:36:21.761+0000] {override.py:1829} INFO - Created Permission View: can delete on DAG:example_task_group
[2024-06-13T14:36:21.763+0000] {logging_mixin.py:188} INFO - [2024-06-13T14:36:21.762+0000] {dag.py:3096} INFO - Sync 1 DAGs
[2024-06-13T14:36:21.810+0000] {logging_mixin.py:188} INFO - [2024-06-13T14:36:21.810+0000] {dag.py:3118} INFO - Creating ORM DAG for example_task_group
[2024-06-13T14:36:21.859+0000] {logging_mixin.py:188} INFO - [2024-06-13T14:36:21.859+0000] {dag.py:3954} INFO - Setting next_dagrun for example_task_group to 2024-06-12 00:00:00+00:00, run_after=2024-06-13 00:00:00+00:00
[2024-06-13T14:36:22.032+0000] {processor.py:183} INFO - Processing /home/airflow/.local/lib/python3.12/site-packages/airflow/example_dags/example_task_group.py took 0.995 seconds
[2024-06-13T14:36:52.107+0000] {processor.py:161} INFO - Started process (PID=109) to work on /home/airflow/.local/lib/python3.12/site-packages/airflow/example_dags/example_task_group.py
[2024-06-13T14:36:52.108+0000] {processor.py:830} INFO - Processing file /home/airflow/.local/lib/python3.12/site-packages/airflow/example_dags/example_task_group.py for tasks to queue
[2024-06-13T14:36:52.113+0000] {logging_mixin.py:188} INFO - [2024-06-13T14:36:52.112+0000] {dagbag.py:545} INFO - Filling up the DagBag from /home/airflow/.local/lib/python3.12/site-packages/airflow/example_dags/example_task_group.py
[2024-06-13T14:36:52.216+0000] {processor.py:840} INFO - DAG(s) 'example_task_group' retrieved from /home/airflow/.local/lib/python3.12/site-packages/airflow/example_dags/example_task_group.py
[2024-06-13T14:36:52.262+0000] {logging_mixin.py:188} INFO - [2024-06-13T14:36:52.261+0000] {dag.py:3096} INFO - Sync 1 DAGs
[2024-06-13T14:36:52.341+0000] {logging_mixin.py:188} INFO - [2024-06-13T14:36:52.341+0000] {dag.py:3954} INFO - Setting next_dagrun for example_task_group to 2024-06-12 00:00:00+00:00, run_after=2024-06-13 00:00:00+00:00
[2024-06-13T14:36:52.378+0000] {processor.py:183} INFO - Processing /home/airflow/.local/lib/python3.12/site-packages/airflow/example_dags/example_task_group.py took 0.286 seconds
[2024-06-13T16:37:23.562+0000] {processor.py:161} INFO - Started process (PID=43) to work on /home/airflow/.local/lib/python3.12/site-packages/airflow/example_dags/example_task_group.py
[2024-06-13T16:37:23.564+0000] {processor.py:830} INFO - Processing file /home/airflow/.local/lib/python3.12/site-packages/airflow/example_dags/example_task_group.py for tasks to queue
[2024-06-13T16:37:23.567+0000] {logging_mixin.py:188} INFO - [2024-06-13T16:37:23.567+0000] {dagbag.py:545} INFO - Filling up the DagBag from /home/airflow/.local/lib/python3.12/site-packages/airflow/example_dags/example_task_group.py
[2024-06-13T16:37:23.578+0000] {processor.py:840} INFO - DAG(s) 'example_task_group' retrieved from /home/airflow/.local/lib/python3.12/site-packages/airflow/example_dags/example_task_group.py
[2024-06-13T16:37:24.017+0000] {logging_mixin.py:188} INFO - [2024-06-13T16:37:24.017+0000] {dag.py:3096} INFO - Sync 1 DAGs
[2024-06-13T16:37:24.499+0000] {logging_mixin.py:188} INFO - [2024-06-13T16:37:24.496+0000] {dag.py:3954} INFO - Setting next_dagrun for example_task_group to 2024-06-12 00:00:00+00:00, run_after=2024-06-13 00:00:00+00:00
[2024-06-13T16:37:24.638+0000] {processor.py:183} INFO - Processing /home/airflow/.local/lib/python3.12/site-packages/airflow/example_dags/example_task_group.py took 1.084 seconds
