[2024-06-13T14:36:25.370+0000] {processor.py:161} INFO - Started process (PID=65) to work on /home/airflow/.local/lib/python3.12/site-packages/airflow/example_dags/example_python_decorator.py
[2024-06-13T14:36:25.372+0000] {processor.py:830} INFO - Processing file /home/airflow/.local/lib/python3.12/site-packages/airflow/example_dags/example_python_decorator.py for tasks to queue
[2024-06-13T14:36:25.375+0000] {logging_mixin.py:188} INFO - [2024-06-13T14:36:25.375+0000] {dagbag.py:545} INFO - Filling up the DagBag from /home/airflow/.local/lib/python3.12/site-packages/airflow/example_dags/example_python_decorator.py
[2024-06-13T14:36:25.426+0000] {processor.py:840} INFO - DAG(s) 'example_python_decorator' retrieved from /home/airflow/.local/lib/python3.12/site-packages/airflow/example_dags/example_python_decorator.py
[2024-06-13T14:36:25.850+0000] {logging_mixin.py:188} INFO - [2024-06-13T14:36:25.847+0000] {override.py:1829} INFO - Created Permission View: can read on DAG:example_python_decorator
[2024-06-13T14:36:25.881+0000] {logging_mixin.py:188} INFO - [2024-06-13T14:36:25.880+0000] {override.py:1829} INFO - Created Permission View: can edit on DAG:example_python_decorator
[2024-06-13T14:36:25.917+0000] {logging_mixin.py:188} INFO - [2024-06-13T14:36:25.916+0000] {override.py:1829} INFO - Created Permission View: can delete on DAG:example_python_decorator
[2024-06-13T14:36:25.918+0000] {logging_mixin.py:188} INFO - [2024-06-13T14:36:25.917+0000] {dag.py:3096} INFO - Sync 1 DAGs
[2024-06-13T14:36:25.959+0000] {logging_mixin.py:188} INFO - [2024-06-13T14:36:25.958+0000] {dag.py:3118} INFO - Creating ORM DAG for example_python_decorator
[2024-06-13T14:36:25.964+0000] {logging_mixin.py:188} INFO - [2024-06-13T14:36:25.963+0000] {dag.py:3954} INFO - Setting next_dagrun for example_python_decorator to None, run_after=None
[2024-06-13T14:36:26.080+0000] {processor.py:183} INFO - Processing /home/airflow/.local/lib/python3.12/site-packages/airflow/example_dags/example_python_decorator.py took 0.722 seconds
[2024-06-13T14:36:56.475+0000] {processor.py:161} INFO - Started process (PID=125) to work on /home/airflow/.local/lib/python3.12/site-packages/airflow/example_dags/example_python_decorator.py
[2024-06-13T14:36:56.477+0000] {processor.py:830} INFO - Processing file /home/airflow/.local/lib/python3.12/site-packages/airflow/example_dags/example_python_decorator.py for tasks to queue
[2024-06-13T14:36:56.480+0000] {logging_mixin.py:188} INFO - [2024-06-13T14:36:56.479+0000] {dagbag.py:545} INFO - Filling up the DagBag from /home/airflow/.local/lib/python3.12/site-packages/airflow/example_dags/example_python_decorator.py
[2024-06-13T14:36:56.499+0000] {processor.py:840} INFO - DAG(s) 'example_python_decorator' retrieved from /home/airflow/.local/lib/python3.12/site-packages/airflow/example_dags/example_python_decorator.py
[2024-06-13T14:36:56.533+0000] {logging_mixin.py:188} INFO - [2024-06-13T14:36:56.533+0000] {dag.py:3096} INFO - Sync 1 DAGs
[2024-06-13T14:36:56.560+0000] {logging_mixin.py:188} INFO - [2024-06-13T14:36:56.560+0000] {dag.py:3954} INFO - Setting next_dagrun for example_python_decorator to None, run_after=None
[2024-06-13T14:36:56.610+0000] {processor.py:183} INFO - Processing /home/airflow/.local/lib/python3.12/site-packages/airflow/example_dags/example_python_decorator.py took 0.142 seconds
[2024-06-13T16:37:27.357+0000] {processor.py:161} INFO - Started process (PID=59) to work on /home/airflow/.local/lib/python3.12/site-packages/airflow/example_dags/example_python_decorator.py
[2024-06-13T16:37:27.359+0000] {processor.py:830} INFO - Processing file /home/airflow/.local/lib/python3.12/site-packages/airflow/example_dags/example_python_decorator.py for tasks to queue
[2024-06-13T16:37:27.362+0000] {logging_mixin.py:188} INFO - [2024-06-13T16:37:27.362+0000] {dagbag.py:545} INFO - Filling up the DagBag from /home/airflow/.local/lib/python3.12/site-packages/airflow/example_dags/example_python_decorator.py
[2024-06-13T16:37:27.394+0000] {processor.py:840} INFO - DAG(s) 'example_python_decorator' retrieved from /home/airflow/.local/lib/python3.12/site-packages/airflow/example_dags/example_python_decorator.py
[2024-06-13T16:37:27.541+0000] {logging_mixin.py:188} INFO - [2024-06-13T16:37:27.541+0000] {dag.py:3096} INFO - Sync 1 DAGs
[2024-06-13T16:37:27.556+0000] {logging_mixin.py:188} INFO - [2024-06-13T16:37:27.556+0000] {dag.py:3954} INFO - Setting next_dagrun for example_python_decorator to None, run_after=None
[2024-06-13T16:37:27.591+0000] {processor.py:183} INFO - Processing /home/airflow/.local/lib/python3.12/site-packages/airflow/example_dags/example_python_decorator.py took 0.244 seconds
