[2024-06-13T14:36:36.059+0000] {processor.py:161} INFO - Started process (PID=82) to work on /home/airflow/.local/lib/python3.12/site-packages/airflow/example_dags/example_bash_operator.py
[2024-06-13T14:36:36.062+0000] {processor.py:830} INFO - Processing file /home/airflow/.local/lib/python3.12/site-packages/airflow/example_dags/example_bash_operator.py for tasks to queue
[2024-06-13T14:36:36.075+0000] {logging_mixin.py:188} INFO - [2024-06-13T14:36:36.072+0000] {dagbag.py:545} INFO - Filling up the DagBag from /home/airflow/.local/lib/python3.12/site-packages/airflow/example_dags/example_bash_operator.py
[2024-06-13T14:36:36.121+0000] {processor.py:840} INFO - DAG(s) 'example_bash_operator' retrieved from /home/airflow/.local/lib/python3.12/site-packages/airflow/example_dags/example_bash_operator.py
[2024-06-13T14:36:36.151+0000] {logging_mixin.py:188} INFO - [2024-06-13T14:36:36.151+0000] {dag.py:3096} INFO - Sync 1 DAGs
[2024-06-13T14:36:36.207+0000] {logging_mixin.py:188} INFO - [2024-06-13T14:36:36.206+0000] {dag.py:3118} INFO - Creating ORM DAG for example_bash_operator
[2024-06-13T14:36:36.231+0000] {logging_mixin.py:188} INFO - [2024-06-13T14:36:36.231+0000] {dag.py:3954} INFO - Setting next_dagrun for example_bash_operator to 2024-06-12 00:00:00+00:00, run_after=2024-06-13 00:00:00+00:00
[2024-06-13T14:36:36.277+0000] {processor.py:183} INFO - Processing /home/airflow/.local/lib/python3.12/site-packages/airflow/example_dags/example_bash_operator.py took 0.243 seconds
[2024-06-13T14:37:07.159+0000] {processor.py:161} INFO - Started process (PID=142) to work on /home/airflow/.local/lib/python3.12/site-packages/airflow/example_dags/example_bash_operator.py
[2024-06-13T14:37:07.160+0000] {processor.py:830} INFO - Processing file /home/airflow/.local/lib/python3.12/site-packages/airflow/example_dags/example_bash_operator.py for tasks to queue
[2024-06-13T14:37:07.163+0000] {logging_mixin.py:188} INFO - [2024-06-13T14:37:07.163+0000] {dagbag.py:545} INFO - Filling up the DagBag from /home/airflow/.local/lib/python3.12/site-packages/airflow/example_dags/example_bash_operator.py
[2024-06-13T14:37:07.180+0000] {processor.py:840} INFO - DAG(s) 'example_bash_operator' retrieved from /home/airflow/.local/lib/python3.12/site-packages/airflow/example_dags/example_bash_operator.py
[2024-06-13T14:37:07.289+0000] {logging_mixin.py:188} INFO - [2024-06-13T14:37:07.289+0000] {dag.py:3096} INFO - Sync 1 DAGs
[2024-06-13T14:37:07.313+0000] {logging_mixin.py:188} INFO - [2024-06-13T14:37:07.313+0000] {dag.py:3954} INFO - Setting next_dagrun for example_bash_operator to 2024-06-12 00:00:00+00:00, run_after=2024-06-13 00:00:00+00:00
[2024-06-13T14:37:07.344+0000] {processor.py:183} INFO - Processing /home/airflow/.local/lib/python3.12/site-packages/airflow/example_dags/example_bash_operator.py took 0.193 seconds
[2024-06-13T16:37:31.774+0000] {processor.py:161} INFO - Started process (PID=76) to work on /home/airflow/.local/lib/python3.12/site-packages/airflow/example_dags/example_bash_operator.py
[2024-06-13T16:37:31.775+0000] {processor.py:830} INFO - Processing file /home/airflow/.local/lib/python3.12/site-packages/airflow/example_dags/example_bash_operator.py for tasks to queue
[2024-06-13T16:37:31.778+0000] {logging_mixin.py:188} INFO - [2024-06-13T16:37:31.778+0000] {dagbag.py:545} INFO - Filling up the DagBag from /home/airflow/.local/lib/python3.12/site-packages/airflow/example_dags/example_bash_operator.py
[2024-06-13T16:37:31.794+0000] {processor.py:840} INFO - DAG(s) 'example_bash_operator' retrieved from /home/airflow/.local/lib/python3.12/site-packages/airflow/example_dags/example_bash_operator.py
[2024-06-13T16:37:31.946+0000] {logging_mixin.py:188} INFO - [2024-06-13T16:37:31.946+0000] {dag.py:3096} INFO - Sync 1 DAGs
[2024-06-13T16:37:31.974+0000] {logging_mixin.py:188} INFO - [2024-06-13T16:37:31.973+0000] {dag.py:3954} INFO - Setting next_dagrun for example_bash_operator to 2024-06-12 00:00:00+00:00, run_after=2024-06-13 00:00:00+00:00
[2024-06-13T16:37:32.242+0000] {processor.py:183} INFO - Processing /home/airflow/.local/lib/python3.12/site-packages/airflow/example_dags/example_bash_operator.py took 0.477 seconds
