[2024-06-13T14:36:12.968+0000] {processor.py:161} INFO - Started process (PID=42) to work on /home/airflow/.local/lib/python3.12/site-packages/airflow/example_dags/example_xcom.py
[2024-06-13T14:36:12.969+0000] {processor.py:830} INFO - Processing file /home/airflow/.local/lib/python3.12/site-packages/airflow/example_dags/example_xcom.py for tasks to queue
[2024-06-13T14:36:12.972+0000] {logging_mixin.py:188} INFO - [2024-06-13T14:36:12.971+0000] {dagbag.py:545} INFO - Filling up the DagBag from /home/airflow/.local/lib/python3.12/site-packages/airflow/example_dags/example_xcom.py
[2024-06-13T14:36:13.034+0000] {processor.py:840} INFO - DAG(s) 'example_xcom' retrieved from /home/airflow/.local/lib/python3.12/site-packages/airflow/example_dags/example_xcom.py
[2024-06-13T14:36:14.251+0000] {logging_mixin.py:188} INFO - [2024-06-13T14:36:14.246+0000] {override.py:1829} INFO - Created Permission View: can read on DAG:example_xcom
[2024-06-13T14:36:14.286+0000] {logging_mixin.py:188} INFO - [2024-06-13T14:36:14.286+0000] {override.py:1829} INFO - Created Permission View: can edit on DAG:example_xcom
[2024-06-13T14:36:14.302+0000] {logging_mixin.py:188} INFO - [2024-06-13T14:36:14.301+0000] {override.py:1829} INFO - Created Permission View: can delete on DAG:example_xcom
[2024-06-13T14:36:14.305+0000] {logging_mixin.py:188} INFO - [2024-06-13T14:36:14.304+0000] {dag.py:3096} INFO - Sync 1 DAGs
[2024-06-13T14:36:14.354+0000] {logging_mixin.py:188} INFO - [2024-06-13T14:36:14.354+0000] {dag.py:3118} INFO - Creating ORM DAG for example_xcom
[2024-06-13T14:36:14.394+0000] {logging_mixin.py:188} INFO - [2024-06-13T14:36:14.393+0000] {dag.py:3954} INFO - Setting next_dagrun for example_xcom to 2021-01-01 00:00:00+00:00, run_after=2021-01-01 00:00:00+00:00
[2024-06-13T14:36:14.434+0000] {processor.py:183} INFO - Processing /home/airflow/.local/lib/python3.12/site-packages/airflow/example_dags/example_xcom.py took 1.489 seconds
[2024-06-13T14:36:44.571+0000] {processor.py:161} INFO - Started process (PID=100) to work on /home/airflow/.local/lib/python3.12/site-packages/airflow/example_dags/example_xcom.py
[2024-06-13T14:36:44.579+0000] {processor.py:830} INFO - Processing file /home/airflow/.local/lib/python3.12/site-packages/airflow/example_dags/example_xcom.py for tasks to queue
[2024-06-13T14:36:44.581+0000] {logging_mixin.py:188} INFO - [2024-06-13T14:36:44.580+0000] {dagbag.py:545} INFO - Filling up the DagBag from /home/airflow/.local/lib/python3.12/site-packages/airflow/example_dags/example_xcom.py
[2024-06-13T14:36:44.598+0000] {processor.py:840} INFO - DAG(s) 'example_xcom' retrieved from /home/airflow/.local/lib/python3.12/site-packages/airflow/example_dags/example_xcom.py
[2024-06-13T14:36:44.640+0000] {logging_mixin.py:188} INFO - [2024-06-13T14:36:44.640+0000] {dag.py:3096} INFO - Sync 1 DAGs
[2024-06-13T14:36:44.678+0000] {logging_mixin.py:188} INFO - [2024-06-13T14:36:44.678+0000] {dag.py:3954} INFO - Setting next_dagrun for example_xcom to 2021-01-01 00:00:00+00:00, run_after=2021-01-01 00:00:00+00:00
[2024-06-13T14:36:44.714+0000] {processor.py:183} INFO - Processing /home/airflow/.local/lib/python3.12/site-packages/airflow/example_dags/example_xcom.py took 0.150 seconds
[2024-06-13T16:37:20.803+0000] {processor.py:161} INFO - Started process (PID=36) to work on /home/airflow/.local/lib/python3.12/site-packages/airflow/example_dags/example_xcom.py
[2024-06-13T16:37:20.804+0000] {processor.py:830} INFO - Processing file /home/airflow/.local/lib/python3.12/site-packages/airflow/example_dags/example_xcom.py for tasks to queue
[2024-06-13T16:37:20.806+0000] {logging_mixin.py:188} INFO - [2024-06-13T16:37:20.806+0000] {dagbag.py:545} INFO - Filling up the DagBag from /home/airflow/.local/lib/python3.12/site-packages/airflow/example_dags/example_xcom.py
[2024-06-13T16:37:20.817+0000] {processor.py:840} INFO - DAG(s) 'example_xcom' retrieved from /home/airflow/.local/lib/python3.12/site-packages/airflow/example_dags/example_xcom.py
[2024-06-13T16:37:20.974+0000] {logging_mixin.py:188} INFO - [2024-06-13T16:37:20.974+0000] {dag.py:3096} INFO - Sync 1 DAGs
[2024-06-13T16:37:21.003+0000] {logging_mixin.py:188} INFO - [2024-06-13T16:37:21.003+0000] {dag.py:3954} INFO - Setting next_dagrun for example_xcom to 2021-01-01 00:00:00+00:00, run_after=2021-01-01 00:00:00+00:00
[2024-06-13T16:37:21.042+0000] {processor.py:183} INFO - Processing /home/airflow/.local/lib/python3.12/site-packages/airflow/example_dags/example_xcom.py took 0.247 seconds
