[2024-06-13T14:36:27.325+0000] {processor.py:161} INFO - Started process (PID=69) to work on /home/airflow/.local/lib/python3.12/site-packages/airflow/example_dags/example_skip_dag.py
[2024-06-13T14:36:27.335+0000] {processor.py:830} INFO - Processing file /home/airflow/.local/lib/python3.12/site-packages/airflow/example_dags/example_skip_dag.py for tasks to queue
[2024-06-13T14:36:27.346+0000] {logging_mixin.py:188} INFO - [2024-06-13T14:36:27.345+0000] {dagbag.py:545} INFO - Filling up the DagBag from /home/airflow/.local/lib/python3.12/site-packages/airflow/example_dags/example_skip_dag.py
[2024-06-13T14:36:27.404+0000] {processor.py:840} INFO - DAG(s) 'example_skip_dag' retrieved from /home/airflow/.local/lib/python3.12/site-packages/airflow/example_dags/example_skip_dag.py
[2024-06-13T14:36:27.707+0000] {logging_mixin.py:188} INFO - [2024-06-13T14:36:27.706+0000] {override.py:1829} INFO - Created Permission View: can read on DAG:example_skip_dag
[2024-06-13T14:36:27.729+0000] {logging_mixin.py:188} INFO - [2024-06-13T14:36:27.729+0000] {override.py:1829} INFO - Created Permission View: can edit on DAG:example_skip_dag
[2024-06-13T14:36:27.884+0000] {logging_mixin.py:188} INFO - [2024-06-13T14:36:27.884+0000] {override.py:1829} INFO - Created Permission View: can delete on DAG:example_skip_dag
[2024-06-13T14:36:27.885+0000] {logging_mixin.py:188} INFO - [2024-06-13T14:36:27.885+0000] {dag.py:3096} INFO - Sync 1 DAGs
[2024-06-13T14:36:27.939+0000] {logging_mixin.py:188} INFO - [2024-06-13T14:36:27.939+0000] {dag.py:3118} INFO - Creating ORM DAG for example_skip_dag
[2024-06-13T14:36:27.974+0000] {logging_mixin.py:188} INFO - [2024-06-13T14:36:27.974+0000] {dag.py:3954} INFO - Setting next_dagrun for example_skip_dag to 2024-06-12 00:00:00+00:00, run_after=2024-06-13 00:00:00+00:00
[2024-06-13T14:36:28.036+0000] {processor.py:183} INFO - Processing /home/airflow/.local/lib/python3.12/site-packages/airflow/example_dags/example_skip_dag.py took 0.805 seconds
[2024-06-13T14:36:58.343+0000] {processor.py:161} INFO - Started process (PID=129) to work on /home/airflow/.local/lib/python3.12/site-packages/airflow/example_dags/example_skip_dag.py
[2024-06-13T14:36:58.344+0000] {processor.py:830} INFO - Processing file /home/airflow/.local/lib/python3.12/site-packages/airflow/example_dags/example_skip_dag.py for tasks to queue
[2024-06-13T14:36:58.346+0000] {logging_mixin.py:188} INFO - [2024-06-13T14:36:58.346+0000] {dagbag.py:545} INFO - Filling up the DagBag from /home/airflow/.local/lib/python3.12/site-packages/airflow/example_dags/example_skip_dag.py
[2024-06-13T14:36:58.353+0000] {processor.py:840} INFO - DAG(s) 'example_skip_dag' retrieved from /home/airflow/.local/lib/python3.12/site-packages/airflow/example_dags/example_skip_dag.py
[2024-06-13T14:36:58.376+0000] {logging_mixin.py:188} INFO - [2024-06-13T14:36:58.376+0000] {dag.py:3096} INFO - Sync 1 DAGs
[2024-06-13T14:36:58.402+0000] {logging_mixin.py:188} INFO - [2024-06-13T14:36:58.402+0000] {dag.py:3954} INFO - Setting next_dagrun for example_skip_dag to 2024-06-12 00:00:00+00:00, run_after=2024-06-13 00:00:00+00:00
[2024-06-13T14:36:58.429+0000] {processor.py:183} INFO - Processing /home/airflow/.local/lib/python3.12/site-packages/airflow/example_dags/example_skip_dag.py took 0.093 seconds
[2024-06-13T16:37:27.865+0000] {processor.py:161} INFO - Started process (PID=63) to work on /home/airflow/.local/lib/python3.12/site-packages/airflow/example_dags/example_skip_dag.py
[2024-06-13T16:37:27.867+0000] {processor.py:830} INFO - Processing file /home/airflow/.local/lib/python3.12/site-packages/airflow/example_dags/example_skip_dag.py for tasks to queue
[2024-06-13T16:37:27.870+0000] {logging_mixin.py:188} INFO - [2024-06-13T16:37:27.870+0000] {dagbag.py:545} INFO - Filling up the DagBag from /home/airflow/.local/lib/python3.12/site-packages/airflow/example_dags/example_skip_dag.py
[2024-06-13T16:37:27.883+0000] {processor.py:840} INFO - DAG(s) 'example_skip_dag' retrieved from /home/airflow/.local/lib/python3.12/site-packages/airflow/example_dags/example_skip_dag.py
[2024-06-13T16:37:28.008+0000] {logging_mixin.py:188} INFO - [2024-06-13T16:37:28.007+0000] {dag.py:3096} INFO - Sync 1 DAGs
[2024-06-13T16:37:28.028+0000] {logging_mixin.py:188} INFO - [2024-06-13T16:37:28.028+0000] {dag.py:3954} INFO - Setting next_dagrun for example_skip_dag to 2024-06-12 00:00:00+00:00, run_after=2024-06-13 00:00:00+00:00
[2024-06-13T16:37:28.258+0000] {processor.py:183} INFO - Processing /home/airflow/.local/lib/python3.12/site-packages/airflow/example_dags/example_skip_dag.py took 0.401 seconds
