[2024-06-13T14:36:35.889+0000] {processor.py:161} INFO - Started process (PID=81) to work on /home/airflow/.local/lib/python3.12/site-packages/airflow/example_dags/example_dynamic_task_mapping.py
[2024-06-13T14:36:35.893+0000] {processor.py:830} INFO - Processing file /home/airflow/.local/lib/python3.12/site-packages/airflow/example_dags/example_dynamic_task_mapping.py for tasks to queue
[2024-06-13T14:36:35.895+0000] {logging_mixin.py:188} INFO - [2024-06-13T14:36:35.895+0000] {dagbag.py:545} INFO - Filling up the DagBag from /home/airflow/.local/lib/python3.12/site-packages/airflow/example_dags/example_dynamic_task_mapping.py
[2024-06-13T14:36:35.905+0000] {processor.py:840} INFO - DAG(s) 'example_dynamic_task_mapping' retrieved from /home/airflow/.local/lib/python3.12/site-packages/airflow/example_dags/example_dynamic_task_mapping.py
[2024-06-13T14:36:35.930+0000] {logging_mixin.py:188} INFO - [2024-06-13T14:36:35.930+0000] {dag.py:3096} INFO - Sync 1 DAGs
[2024-06-13T14:36:35.954+0000] {logging_mixin.py:188} INFO - [2024-06-13T14:36:35.954+0000] {dag.py:3118} INFO - Creating ORM DAG for example_dynamic_task_mapping
[2024-06-13T14:36:36.006+0000] {logging_mixin.py:188} INFO - [2024-06-13T14:36:36.006+0000] {dag.py:3954} INFO - Setting next_dagrun for example_dynamic_task_mapping to 2022-03-04 00:00:00+00:00, run_after=2022-03-05 00:00:00+00:00
[2024-06-13T14:36:36.084+0000] {processor.py:183} INFO - Processing /home/airflow/.local/lib/python3.12/site-packages/airflow/example_dags/example_dynamic_task_mapping.py took 0.203 seconds
[2024-06-13T14:37:06.898+0000] {processor.py:161} INFO - Started process (PID=141) to work on /home/airflow/.local/lib/python3.12/site-packages/airflow/example_dags/example_dynamic_task_mapping.py
[2024-06-13T14:37:06.899+0000] {processor.py:830} INFO - Processing file /home/airflow/.local/lib/python3.12/site-packages/airflow/example_dags/example_dynamic_task_mapping.py for tasks to queue
[2024-06-13T14:37:06.902+0000] {logging_mixin.py:188} INFO - [2024-06-13T14:37:06.901+0000] {dagbag.py:545} INFO - Filling up the DagBag from /home/airflow/.local/lib/python3.12/site-packages/airflow/example_dags/example_dynamic_task_mapping.py
[2024-06-13T14:37:06.910+0000] {processor.py:840} INFO - DAG(s) 'example_dynamic_task_mapping' retrieved from /home/airflow/.local/lib/python3.12/site-packages/airflow/example_dags/example_dynamic_task_mapping.py
[2024-06-13T14:37:07.045+0000] {logging_mixin.py:188} INFO - [2024-06-13T14:37:07.044+0000] {dag.py:3096} INFO - Sync 1 DAGs
[2024-06-13T14:37:07.079+0000] {logging_mixin.py:188} INFO - [2024-06-13T14:37:07.079+0000] {dag.py:3954} INFO - Setting next_dagrun for example_dynamic_task_mapping to 2022-03-04 00:00:00+00:00, run_after=2022-03-05 00:00:00+00:00
[2024-06-13T14:37:07.110+0000] {processor.py:183} INFO - Processing /home/airflow/.local/lib/python3.12/site-packages/airflow/example_dags/example_dynamic_task_mapping.py took 0.221 seconds
[2024-06-13T16:37:31.517+0000] {processor.py:161} INFO - Started process (PID=75) to work on /home/airflow/.local/lib/python3.12/site-packages/airflow/example_dags/example_dynamic_task_mapping.py
[2024-06-13T16:37:31.518+0000] {processor.py:830} INFO - Processing file /home/airflow/.local/lib/python3.12/site-packages/airflow/example_dags/example_dynamic_task_mapping.py for tasks to queue
[2024-06-13T16:37:31.520+0000] {logging_mixin.py:188} INFO - [2024-06-13T16:37:31.520+0000] {dagbag.py:545} INFO - Filling up the DagBag from /home/airflow/.local/lib/python3.12/site-packages/airflow/example_dags/example_dynamic_task_mapping.py
[2024-06-13T16:37:31.527+0000] {processor.py:840} INFO - DAG(s) 'example_dynamic_task_mapping' retrieved from /home/airflow/.local/lib/python3.12/site-packages/airflow/example_dags/example_dynamic_task_mapping.py
[2024-06-13T16:37:31.667+0000] {logging_mixin.py:188} INFO - [2024-06-13T16:37:31.667+0000] {dag.py:3096} INFO - Sync 1 DAGs
[2024-06-13T16:37:31.702+0000] {logging_mixin.py:188} INFO - [2024-06-13T16:37:31.701+0000] {dag.py:3954} INFO - Setting next_dagrun for example_dynamic_task_mapping to 2022-03-04 00:00:00+00:00, run_after=2022-03-05 00:00:00+00:00
[2024-06-13T16:37:31.729+0000] {processor.py:183} INFO - Processing /home/airflow/.local/lib/python3.12/site-packages/airflow/example_dags/example_dynamic_task_mapping.py took 0.220 seconds
