[2024-06-13T14:36:18.903+0000] {processor.py:161} INFO - Started process (PID=47) to work on /home/airflow/.local/lib/python3.12/site-packages/airflow/example_dags/example_complex.py
[2024-06-13T14:36:18.940+0000] {processor.py:830} INFO - Processing file /home/airflow/.local/lib/python3.12/site-packages/airflow/example_dags/example_complex.py for tasks to queue
[2024-06-13T14:36:18.989+0000] {logging_mixin.py:188} INFO - [2024-06-13T14:36:18.987+0000] {dagbag.py:545} INFO - Filling up the DagBag from /home/airflow/.local/lib/python3.12/site-packages/airflow/example_dags/example_complex.py
[2024-06-13T14:36:19.265+0000] {processor.py:840} INFO - DAG(s) 'example_complex' retrieved from /home/airflow/.local/lib/python3.12/site-packages/airflow/example_dags/example_complex.py
[2024-06-13T14:36:20.720+0000] {logging_mixin.py:188} INFO - [2024-06-13T14:36:20.708+0000] {override.py:1829} INFO - Created Permission View: can read on DAG:example_complex
[2024-06-13T14:36:20.877+0000] {logging_mixin.py:188} INFO - [2024-06-13T14:36:20.876+0000] {override.py:1829} INFO - Created Permission View: can edit on DAG:example_complex
[2024-06-13T14:36:20.917+0000] {logging_mixin.py:188} INFO - [2024-06-13T14:36:20.917+0000] {override.py:1829} INFO - Created Permission View: can delete on DAG:example_complex
[2024-06-13T14:36:20.921+0000] {logging_mixin.py:188} INFO - [2024-06-13T14:36:20.920+0000] {dag.py:3096} INFO - Sync 1 DAGs
[2024-06-13T14:36:20.967+0000] {logging_mixin.py:188} INFO - [2024-06-13T14:36:20.966+0000] {dag.py:3118} INFO - Creating ORM DAG for example_complex
[2024-06-13T14:36:20.970+0000] {logging_mixin.py:188} INFO - [2024-06-13T14:36:20.970+0000] {dag.py:3954} INFO - Setting next_dagrun for example_complex to None, run_after=None
[2024-06-13T14:36:21.051+0000] {processor.py:183} INFO - Processing /home/airflow/.local/lib/python3.12/site-packages/airflow/example_dags/example_complex.py took 2.232 seconds
[2024-06-13T14:36:51.935+0000] {processor.py:161} INFO - Started process (PID=108) to work on /home/airflow/.local/lib/python3.12/site-packages/airflow/example_dags/example_complex.py
[2024-06-13T14:36:51.936+0000] {processor.py:830} INFO - Processing file /home/airflow/.local/lib/python3.12/site-packages/airflow/example_dags/example_complex.py for tasks to queue
[2024-06-13T14:36:51.939+0000] {logging_mixin.py:188} INFO - [2024-06-13T14:36:51.939+0000] {dagbag.py:545} INFO - Filling up the DagBag from /home/airflow/.local/lib/python3.12/site-packages/airflow/example_dags/example_complex.py
[2024-06-13T14:36:51.952+0000] {processor.py:840} INFO - DAG(s) 'example_complex' retrieved from /home/airflow/.local/lib/python3.12/site-packages/airflow/example_dags/example_complex.py
[2024-06-13T14:36:52.006+0000] {logging_mixin.py:188} INFO - [2024-06-13T14:36:52.006+0000] {dag.py:3096} INFO - Sync 1 DAGs
[2024-06-13T14:36:52.026+0000] {logging_mixin.py:188} INFO - [2024-06-13T14:36:52.026+0000] {dag.py:3954} INFO - Setting next_dagrun for example_complex to None, run_after=None
[2024-06-13T14:36:52.054+0000] {processor.py:183} INFO - Processing /home/airflow/.local/lib/python3.12/site-packages/airflow/example_dags/example_complex.py took 0.127 seconds
[2024-06-13T16:37:23.323+0000] {processor.py:161} INFO - Started process (PID=41) to work on /home/airflow/.local/lib/python3.12/site-packages/airflow/example_dags/example_complex.py
[2024-06-13T16:37:23.325+0000] {processor.py:830} INFO - Processing file /home/airflow/.local/lib/python3.12/site-packages/airflow/example_dags/example_complex.py for tasks to queue
[2024-06-13T16:37:23.328+0000] {logging_mixin.py:188} INFO - [2024-06-13T16:37:23.327+0000] {dagbag.py:545} INFO - Filling up the DagBag from /home/airflow/.local/lib/python3.12/site-packages/airflow/example_dags/example_complex.py
[2024-06-13T16:37:23.346+0000] {processor.py:840} INFO - DAG(s) 'example_complex' retrieved from /home/airflow/.local/lib/python3.12/site-packages/airflow/example_dags/example_complex.py
[2024-06-13T16:37:23.491+0000] {logging_mixin.py:188} INFO - [2024-06-13T16:37:23.490+0000] {dag.py:3096} INFO - Sync 1 DAGs
[2024-06-13T16:37:23.507+0000] {logging_mixin.py:188} INFO - [2024-06-13T16:37:23.506+0000] {dag.py:3954} INFO - Setting next_dagrun for example_complex to None, run_after=None
[2024-06-13T16:37:23.538+0000] {processor.py:183} INFO - Processing /home/airflow/.local/lib/python3.12/site-packages/airflow/example_dags/example_complex.py took 0.222 seconds
