[2024-06-13T14:36:26.159+0000] {processor.py:161} INFO - Started process (PID=66) to work on /home/airflow/.local/lib/python3.12/site-packages/airflow/example_dags/example_sensors.py
[2024-06-13T14:36:26.161+0000] {processor.py:830} INFO - Processing file /home/airflow/.local/lib/python3.12/site-packages/airflow/example_dags/example_sensors.py for tasks to queue
[2024-06-13T14:36:26.165+0000] {logging_mixin.py:188} INFO - [2024-06-13T14:36:26.164+0000] {dagbag.py:545} INFO - Filling up the DagBag from /home/airflow/.local/lib/python3.12/site-packages/airflow/example_dags/example_sensors.py
[2024-06-13T14:36:26.186+0000] {processor.py:840} INFO - DAG(s) 'example_sensors' retrieved from /home/airflow/.local/lib/python3.12/site-packages/airflow/example_dags/example_sensors.py
[2024-06-13T14:36:26.565+0000] {logging_mixin.py:188} INFO - [2024-06-13T14:36:26.563+0000] {override.py:1829} INFO - Created Permission View: can read on DAG:example_sensors
[2024-06-13T14:36:26.628+0000] {logging_mixin.py:188} INFO - [2024-06-13T14:36:26.628+0000] {override.py:1829} INFO - Created Permission View: can edit on DAG:example_sensors
[2024-06-13T14:36:26.642+0000] {logging_mixin.py:188} INFO - [2024-06-13T14:36:26.641+0000] {override.py:1829} INFO - Created Permission View: can delete on DAG:example_sensors
[2024-06-13T14:36:26.643+0000] {logging_mixin.py:188} INFO - [2024-06-13T14:36:26.643+0000] {dag.py:3096} INFO - Sync 1 DAGs
[2024-06-13T14:36:26.674+0000] {logging_mixin.py:188} INFO - [2024-06-13T14:36:26.674+0000] {dag.py:3118} INFO - Creating ORM DAG for example_sensors
[2024-06-13T14:36:26.677+0000] {logging_mixin.py:188} INFO - [2024-06-13T14:36:26.677+0000] {dag.py:3954} INFO - Setting next_dagrun for example_sensors to None, run_after=None
[2024-06-13T14:36:26.749+0000] {processor.py:183} INFO - Processing /home/airflow/.local/lib/python3.12/site-packages/airflow/example_dags/example_sensors.py took 0.598 seconds
[2024-06-13T14:36:57.616+0000] {processor.py:161} INFO - Started process (PID=126) to work on /home/airflow/.local/lib/python3.12/site-packages/airflow/example_dags/example_sensors.py
[2024-06-13T14:36:57.617+0000] {processor.py:830} INFO - Processing file /home/airflow/.local/lib/python3.12/site-packages/airflow/example_dags/example_sensors.py for tasks to queue
[2024-06-13T14:36:57.621+0000] {logging_mixin.py:188} INFO - [2024-06-13T14:36:57.620+0000] {dagbag.py:545} INFO - Filling up the DagBag from /home/airflow/.local/lib/python3.12/site-packages/airflow/example_dags/example_sensors.py
[2024-06-13T14:36:57.635+0000] {processor.py:840} INFO - DAG(s) 'example_sensors' retrieved from /home/airflow/.local/lib/python3.12/site-packages/airflow/example_dags/example_sensors.py
[2024-06-13T14:36:57.674+0000] {logging_mixin.py:188} INFO - [2024-06-13T14:36:57.674+0000] {dag.py:3096} INFO - Sync 1 DAGs
[2024-06-13T14:36:57.689+0000] {logging_mixin.py:188} INFO - [2024-06-13T14:36:57.688+0000] {dag.py:3954} INFO - Setting next_dagrun for example_sensors to None, run_after=None
[2024-06-13T14:36:58.122+0000] {processor.py:183} INFO - Processing /home/airflow/.local/lib/python3.12/site-packages/airflow/example_dags/example_sensors.py took 0.514 seconds
[2024-06-13T16:37:27.429+0000] {processor.py:161} INFO - Started process (PID=60) to work on /home/airflow/.local/lib/python3.12/site-packages/airflow/example_dags/example_sensors.py
[2024-06-13T16:37:27.431+0000] {processor.py:830} INFO - Processing file /home/airflow/.local/lib/python3.12/site-packages/airflow/example_dags/example_sensors.py for tasks to queue
[2024-06-13T16:37:27.434+0000] {logging_mixin.py:188} INFO - [2024-06-13T16:37:27.433+0000] {dagbag.py:545} INFO - Filling up the DagBag from /home/airflow/.local/lib/python3.12/site-packages/airflow/example_dags/example_sensors.py
[2024-06-13T16:37:27.451+0000] {processor.py:840} INFO - DAG(s) 'example_sensors' retrieved from /home/airflow/.local/lib/python3.12/site-packages/airflow/example_dags/example_sensors.py
[2024-06-13T16:37:27.612+0000] {logging_mixin.py:188} INFO - [2024-06-13T16:37:27.612+0000] {dag.py:3096} INFO - Sync 1 DAGs
[2024-06-13T16:37:27.628+0000] {logging_mixin.py:188} INFO - [2024-06-13T16:37:27.628+0000] {dag.py:3954} INFO - Setting next_dagrun for example_sensors to None, run_after=None
[2024-06-13T16:37:27.657+0000] {processor.py:183} INFO - Processing /home/airflow/.local/lib/python3.12/site-packages/airflow/example_dags/example_sensors.py took 0.235 seconds
