[2024-06-13T14:36:22.957+0000] {processor.py:161} INFO - Started process (PID=59) to work on /home/airflow/.local/lib/python3.12/site-packages/airflow/example_dags/example_trigger_target_dag.py
[2024-06-13T14:36:22.959+0000] {processor.py:830} INFO - Processing file /home/airflow/.local/lib/python3.12/site-packages/airflow/example_dags/example_trigger_target_dag.py for tasks to queue
[2024-06-13T14:36:22.964+0000] {logging_mixin.py:188} INFO - [2024-06-13T14:36:22.963+0000] {dagbag.py:545} INFO - Filling up the DagBag from /home/airflow/.local/lib/python3.12/site-packages/airflow/example_dags/example_trigger_target_dag.py
[2024-06-13T14:36:22.976+0000] {processor.py:840} INFO - DAG(s) 'example_trigger_target_dag' retrieved from /home/airflow/.local/lib/python3.12/site-packages/airflow/example_dags/example_trigger_target_dag.py
[2024-06-13T14:36:23.321+0000] {logging_mixin.py:188} INFO - [2024-06-13T14:36:23.313+0000] {override.py:1829} INFO - Created Permission View: can read on DAG:example_trigger_target_dag
[2024-06-13T14:36:23.350+0000] {logging_mixin.py:188} INFO - [2024-06-13T14:36:23.350+0000] {override.py:1829} INFO - Created Permission View: can edit on DAG:example_trigger_target_dag
[2024-06-13T14:36:23.370+0000] {logging_mixin.py:188} INFO - [2024-06-13T14:36:23.370+0000] {override.py:1829} INFO - Created Permission View: can delete on DAG:example_trigger_target_dag
[2024-06-13T14:36:23.372+0000] {logging_mixin.py:188} INFO - [2024-06-13T14:36:23.371+0000] {dag.py:3096} INFO - Sync 1 DAGs
[2024-06-13T14:36:23.398+0000] {logging_mixin.py:188} INFO - [2024-06-13T14:36:23.397+0000] {dag.py:3118} INFO - Creating ORM DAG for example_trigger_target_dag
[2024-06-13T14:36:23.400+0000] {logging_mixin.py:188} INFO - [2024-06-13T14:36:23.399+0000] {dag.py:3954} INFO - Setting next_dagrun for example_trigger_target_dag to None, run_after=None
[2024-06-13T14:36:23.456+0000] {processor.py:183} INFO - Processing /home/airflow/.local/lib/python3.12/site-packages/airflow/example_dags/example_trigger_target_dag.py took 0.513 seconds
[2024-06-13T14:36:53.682+0000] {processor.py:161} INFO - Started process (PID=113) to work on /home/airflow/.local/lib/python3.12/site-packages/airflow/example_dags/example_trigger_target_dag.py
[2024-06-13T14:36:53.684+0000] {processor.py:830} INFO - Processing file /home/airflow/.local/lib/python3.12/site-packages/airflow/example_dags/example_trigger_target_dag.py for tasks to queue
[2024-06-13T14:36:53.686+0000] {logging_mixin.py:188} INFO - [2024-06-13T14:36:53.686+0000] {dagbag.py:545} INFO - Filling up the DagBag from /home/airflow/.local/lib/python3.12/site-packages/airflow/example_dags/example_trigger_target_dag.py
[2024-06-13T14:36:53.696+0000] {processor.py:840} INFO - DAG(s) 'example_trigger_target_dag' retrieved from /home/airflow/.local/lib/python3.12/site-packages/airflow/example_dags/example_trigger_target_dag.py
[2024-06-13T14:36:53.724+0000] {logging_mixin.py:188} INFO - [2024-06-13T14:36:53.724+0000] {dag.py:3096} INFO - Sync 1 DAGs
[2024-06-13T14:36:53.746+0000] {logging_mixin.py:188} INFO - [2024-06-13T14:36:53.745+0000] {dag.py:3954} INFO - Setting next_dagrun for example_trigger_target_dag to None, run_after=None
[2024-06-13T14:36:53.769+0000] {processor.py:183} INFO - Processing /home/airflow/.local/lib/python3.12/site-packages/airflow/example_dags/example_trigger_target_dag.py took 0.095 seconds
[2024-06-13T16:37:24.739+0000] {processor.py:161} INFO - Started process (PID=47) to work on /home/airflow/.local/lib/python3.12/site-packages/airflow/example_dags/example_trigger_target_dag.py
[2024-06-13T16:37:24.744+0000] {processor.py:830} INFO - Processing file /home/airflow/.local/lib/python3.12/site-packages/airflow/example_dags/example_trigger_target_dag.py for tasks to queue
[2024-06-13T16:37:24.751+0000] {logging_mixin.py:188} INFO - [2024-06-13T16:37:24.751+0000] {dagbag.py:545} INFO - Filling up the DagBag from /home/airflow/.local/lib/python3.12/site-packages/airflow/example_dags/example_trigger_target_dag.py
[2024-06-13T16:37:24.772+0000] {processor.py:840} INFO - DAG(s) 'example_trigger_target_dag' retrieved from /home/airflow/.local/lib/python3.12/site-packages/airflow/example_dags/example_trigger_target_dag.py
[2024-06-13T16:37:25.109+0000] {logging_mixin.py:188} INFO - [2024-06-13T16:37:25.109+0000] {dag.py:3096} INFO - Sync 1 DAGs
[2024-06-13T16:37:25.137+0000] {logging_mixin.py:188} INFO - [2024-06-13T16:37:25.137+0000] {dag.py:3954} INFO - Setting next_dagrun for example_trigger_target_dag to None, run_after=None
[2024-06-13T16:37:25.476+0000] {processor.py:183} INFO - Processing /home/airflow/.local/lib/python3.12/site-packages/airflow/example_dags/example_trigger_target_dag.py took 0.756 seconds
