[2024-06-13T14:36:28.124+0000] {processor.py:161} INFO - Started process (PID=71) to work on /home/airflow/.local/lib/python3.12/site-packages/airflow/example_dags/example_datasets.py
[2024-06-13T14:36:28.125+0000] {processor.py:830} INFO - Processing file /home/airflow/.local/lib/python3.12/site-packages/airflow/example_dags/example_datasets.py for tasks to queue
[2024-06-13T14:36:28.131+0000] {logging_mixin.py:188} INFO - [2024-06-13T14:36:28.130+0000] {dagbag.py:545} INFO - Filling up the DagBag from /home/airflow/.local/lib/python3.12/site-packages/airflow/example_dags/example_datasets.py
[2024-06-13T14:36:28.250+0000] {processor.py:840} INFO - DAG(s) 'consume_1_or_2_with_dataset_expressions', 'dataset_produces_1', 'dataset_consumes_unknown_never_scheduled', 'dataset_consumes_1_never_scheduled', 'consume_1_or_both_2_and_3_with_dataset_expressions', 'consume_1_and_2_with_dataset_expressions', 'dataset_produces_2', 'dataset_consumes_1_and_2', 'conditional_dataset_and_time_based_timetable', 'dataset_consumes_1' retrieved from /home/airflow/.local/lib/python3.12/site-packages/airflow/example_dags/example_datasets.py
[2024-06-13T14:36:29.047+0000] {logging_mixin.py:188} INFO - [2024-06-13T14:36:29.045+0000] {override.py:1829} INFO - Created Permission View: can read on DAG:consume_1_or_2_with_dataset_expressions
[2024-06-13T14:36:29.126+0000] {logging_mixin.py:188} INFO - [2024-06-13T14:36:29.126+0000] {override.py:1829} INFO - Created Permission View: can edit on DAG:consume_1_or_2_with_dataset_expressions
[2024-06-13T14:36:29.168+0000] {logging_mixin.py:188} INFO - [2024-06-13T14:36:29.167+0000] {override.py:1829} INFO - Created Permission View: can delete on DAG:consume_1_or_2_with_dataset_expressions
[2024-06-13T14:36:29.252+0000] {logging_mixin.py:188} INFO - [2024-06-13T14:36:29.251+0000] {override.py:1829} INFO - Created Permission View: can read on DAG:dataset_produces_1
[2024-06-13T14:36:29.287+0000] {logging_mixin.py:188} INFO - [2024-06-13T14:36:29.286+0000] {override.py:1829} INFO - Created Permission View: can edit on DAG:dataset_produces_1
[2024-06-13T14:36:29.321+0000] {logging_mixin.py:188} INFO - [2024-06-13T14:36:29.321+0000] {override.py:1829} INFO - Created Permission View: can delete on DAG:dataset_produces_1
[2024-06-13T14:36:29.395+0000] {logging_mixin.py:188} INFO - [2024-06-13T14:36:29.394+0000] {override.py:1829} INFO - Created Permission View: can read on DAG:dataset_consumes_unknown_never_scheduled
[2024-06-13T14:36:29.424+0000] {logging_mixin.py:188} INFO - [2024-06-13T14:36:29.423+0000] {override.py:1829} INFO - Created Permission View: can edit on DAG:dataset_consumes_unknown_never_scheduled
[2024-06-13T14:36:29.443+0000] {logging_mixin.py:188} INFO - [2024-06-13T14:36:29.443+0000] {override.py:1829} INFO - Created Permission View: can delete on DAG:dataset_consumes_unknown_never_scheduled
[2024-06-13T14:36:29.515+0000] {logging_mixin.py:188} INFO - [2024-06-13T14:36:29.515+0000] {override.py:1829} INFO - Created Permission View: can read on DAG:dataset_consumes_1_never_scheduled
[2024-06-13T14:36:29.535+0000] {logging_mixin.py:188} INFO - [2024-06-13T14:36:29.535+0000] {override.py:1829} INFO - Created Permission View: can edit on DAG:dataset_consumes_1_never_scheduled
[2024-06-13T14:36:30.099+0000] {logging_mixin.py:188} INFO - [2024-06-13T14:36:30.099+0000] {override.py:1829} INFO - Created Permission View: can delete on DAG:dataset_consumes_1_never_scheduled
[2024-06-13T14:36:30.149+0000] {logging_mixin.py:188} INFO - [2024-06-13T14:36:30.148+0000] {override.py:1829} INFO - Created Permission View: can read on DAG:consume_1_or_both_2_and_3_with_dataset_expressions
[2024-06-13T14:36:30.175+0000] {logging_mixin.py:188} INFO - [2024-06-13T14:36:30.174+0000] {override.py:1829} INFO - Created Permission View: can edit on DAG:consume_1_or_both_2_and_3_with_dataset_expressions
[2024-06-13T14:36:30.212+0000] {logging_mixin.py:188} INFO - [2024-06-13T14:36:30.212+0000] {override.py:1829} INFO - Created Permission View: can delete on DAG:consume_1_or_both_2_and_3_with_dataset_expressions
[2024-06-13T14:36:30.259+0000] {logging_mixin.py:188} INFO - [2024-06-13T14:36:30.259+0000] {override.py:1829} INFO - Created Permission View: can read on DAG:consume_1_and_2_with_dataset_expressions
[2024-06-13T14:36:30.282+0000] {logging_mixin.py:188} INFO - [2024-06-13T14:36:30.282+0000] {override.py:1829} INFO - Created Permission View: can edit on DAG:consume_1_and_2_with_dataset_expressions
[2024-06-13T14:36:30.305+0000] {logging_mixin.py:188} INFO - [2024-06-13T14:36:30.303+0000] {override.py:1829} INFO - Created Permission View: can delete on DAG:consume_1_and_2_with_dataset_expressions
[2024-06-13T14:36:30.366+0000] {logging_mixin.py:188} INFO - [2024-06-13T14:36:30.365+0000] {override.py:1829} INFO - Created Permission View: can read on DAG:dataset_produces_2
[2024-06-13T14:36:30.385+0000] {logging_mixin.py:188} INFO - [2024-06-13T14:36:30.384+0000] {override.py:1829} INFO - Created Permission View: can edit on DAG:dataset_produces_2
[2024-06-13T14:36:30.419+0000] {logging_mixin.py:188} INFO - [2024-06-13T14:36:30.415+0000] {override.py:1829} INFO - Created Permission View: can delete on DAG:dataset_produces_2
[2024-06-13T14:36:30.465+0000] {logging_mixin.py:188} INFO - [2024-06-13T14:36:30.464+0000] {override.py:1829} INFO - Created Permission View: can read on DAG:dataset_consumes_1_and_2
[2024-06-13T14:36:30.497+0000] {logging_mixin.py:188} INFO - [2024-06-13T14:36:30.496+0000] {override.py:1829} INFO - Created Permission View: can edit on DAG:dataset_consumes_1_and_2
[2024-06-13T14:36:30.532+0000] {logging_mixin.py:188} INFO - [2024-06-13T14:36:30.532+0000] {override.py:1829} INFO - Created Permission View: can delete on DAG:dataset_consumes_1_and_2
[2024-06-13T14:36:30.678+0000] {logging_mixin.py:188} INFO - [2024-06-13T14:36:30.677+0000] {override.py:1829} INFO - Created Permission View: can read on DAG:conditional_dataset_and_time_based_timetable
[2024-06-13T14:36:30.705+0000] {logging_mixin.py:188} INFO - [2024-06-13T14:36:30.705+0000] {override.py:1829} INFO - Created Permission View: can edit on DAG:conditional_dataset_and_time_based_timetable
[2024-06-13T14:36:30.744+0000] {logging_mixin.py:188} INFO - [2024-06-13T14:36:30.743+0000] {override.py:1829} INFO - Created Permission View: can delete on DAG:conditional_dataset_and_time_based_timetable
[2024-06-13T14:36:31.046+0000] {logging_mixin.py:188} INFO - [2024-06-13T14:36:31.045+0000] {override.py:1829} INFO - Created Permission View: can read on DAG:dataset_consumes_1
[2024-06-13T14:36:31.061+0000] {logging_mixin.py:188} INFO - [2024-06-13T14:36:31.060+0000] {override.py:1829} INFO - Created Permission View: can edit on DAG:dataset_consumes_1
[2024-06-13T14:36:31.187+0000] {logging_mixin.py:188} INFO - [2024-06-13T14:36:31.187+0000] {override.py:1829} INFO - Created Permission View: can delete on DAG:dataset_consumes_1
[2024-06-13T14:36:31.191+0000] {logging_mixin.py:188} INFO - [2024-06-13T14:36:31.191+0000] {dag.py:3096} INFO - Sync 10 DAGs
[2024-06-13T14:36:31.277+0000] {logging_mixin.py:188} INFO - [2024-06-13T14:36:31.276+0000] {dag.py:3118} INFO - Creating ORM DAG for conditional_dataset_and_time_based_timetable
[2024-06-13T14:36:31.279+0000] {logging_mixin.py:188} INFO - [2024-06-13T14:36:31.278+0000] {dag.py:3118} INFO - Creating ORM DAG for dataset_consumes_1
[2024-06-13T14:36:31.289+0000] {logging_mixin.py:188} INFO - [2024-06-13T14:36:31.289+0000] {dag.py:3118} INFO - Creating ORM DAG for consume_1_or_2_with_dataset_expressions
[2024-06-13T14:36:31.291+0000] {logging_mixin.py:188} INFO - [2024-06-13T14:36:31.291+0000] {dag.py:3118} INFO - Creating ORM DAG for dataset_consumes_1_never_scheduled
[2024-06-13T14:36:31.293+0000] {logging_mixin.py:188} INFO - [2024-06-13T14:36:31.292+0000] {dag.py:3118} INFO - Creating ORM DAG for dataset_produces_2
[2024-06-13T14:36:31.295+0000] {logging_mixin.py:188} INFO - [2024-06-13T14:36:31.295+0000] {dag.py:3118} INFO - Creating ORM DAG for consume_1_and_2_with_dataset_expressions
[2024-06-13T14:36:31.300+0000] {logging_mixin.py:188} INFO - [2024-06-13T14:36:31.299+0000] {dag.py:3118} INFO - Creating ORM DAG for dataset_consumes_unknown_never_scheduled
[2024-06-13T14:36:31.302+0000] {logging_mixin.py:188} INFO - [2024-06-13T14:36:31.301+0000] {dag.py:3118} INFO - Creating ORM DAG for consume_1_or_both_2_and_3_with_dataset_expressions
[2024-06-13T14:36:31.303+0000] {logging_mixin.py:188} INFO - [2024-06-13T14:36:31.303+0000] {dag.py:3118} INFO - Creating ORM DAG for dataset_consumes_1_and_2
[2024-06-13T14:36:31.312+0000] {logging_mixin.py:188} INFO - [2024-06-13T14:36:31.312+0000] {dag.py:3118} INFO - Creating ORM DAG for dataset_produces_1
[2024-06-13T14:36:31.372+0000] {logging_mixin.py:188} INFO - [2024-06-13T14:36:31.371+0000] {dag.py:3954} INFO - Setting next_dagrun for conditional_dataset_and_time_based_timetable to 2024-06-12 01:00:00+00:00, run_after=2024-06-12 01:00:00+00:00
[2024-06-13T14:36:31.375+0000] {logging_mixin.py:188} INFO - [2024-06-13T14:36:31.374+0000] {dag.py:3954} INFO - Setting next_dagrun for consume_1_and_2_with_dataset_expressions to None, run_after=None
[2024-06-13T14:36:31.376+0000] {logging_mixin.py:188} INFO - [2024-06-13T14:36:31.375+0000] {dag.py:3954} INFO - Setting next_dagrun for consume_1_or_2_with_dataset_expressions to None, run_after=None
[2024-06-13T14:36:31.377+0000] {logging_mixin.py:188} INFO - [2024-06-13T14:36:31.377+0000] {dag.py:3954} INFO - Setting next_dagrun for consume_1_or_both_2_and_3_with_dataset_expressions to None, run_after=None
[2024-06-13T14:36:31.378+0000] {logging_mixin.py:188} INFO - [2024-06-13T14:36:31.378+0000] {dag.py:3954} INFO - Setting next_dagrun for dataset_consumes_1 to None, run_after=None
[2024-06-13T14:36:31.380+0000] {logging_mixin.py:188} INFO - [2024-06-13T14:36:31.379+0000] {dag.py:3954} INFO - Setting next_dagrun for dataset_consumes_1_and_2 to None, run_after=None
[2024-06-13T14:36:31.382+0000] {logging_mixin.py:188} INFO - [2024-06-13T14:36:31.381+0000] {dag.py:3954} INFO - Setting next_dagrun for dataset_consumes_1_never_scheduled to None, run_after=None
[2024-06-13T14:36:31.386+0000] {logging_mixin.py:188} INFO - [2024-06-13T14:36:31.386+0000] {dag.py:3954} INFO - Setting next_dagrun for dataset_consumes_unknown_never_scheduled to None, run_after=None
[2024-06-13T14:36:31.391+0000] {logging_mixin.py:188} INFO - [2024-06-13T14:36:31.391+0000] {dag.py:3954} INFO - Setting next_dagrun for dataset_produces_1 to 2024-06-12 00:00:00+00:00, run_after=2024-06-13 00:00:00+00:00
[2024-06-13T14:36:31.393+0000] {logging_mixin.py:188} INFO - [2024-06-13T14:36:31.392+0000] {dag.py:3954} INFO - Setting next_dagrun for dataset_produces_2 to None, run_after=None
[2024-06-13T14:36:31.577+0000] {processor.py:183} INFO - Processing /home/airflow/.local/lib/python3.12/site-packages/airflow/example_dags/example_datasets.py took 3.465 seconds
[2024-06-13T14:37:01.649+0000] {processor.py:161} INFO - Started process (PID=132) to work on /home/airflow/.local/lib/python3.12/site-packages/airflow/example_dags/example_datasets.py
[2024-06-13T14:37:01.655+0000] {processor.py:830} INFO - Processing file /home/airflow/.local/lib/python3.12/site-packages/airflow/example_dags/example_datasets.py for tasks to queue
[2024-06-13T14:37:01.658+0000] {logging_mixin.py:188} INFO - [2024-06-13T14:37:01.657+0000] {dagbag.py:545} INFO - Filling up the DagBag from /home/airflow/.local/lib/python3.12/site-packages/airflow/example_dags/example_datasets.py
[2024-06-13T14:37:01.780+0000] {processor.py:840} INFO - DAG(s) 'dataset_consumes_1', 'dataset_consumes_unknown_never_scheduled', 'conditional_dataset_and_time_based_timetable', 'dataset_produces_1', 'consume_1_or_2_with_dataset_expressions', 'dataset_consumes_1_never_scheduled', 'consume_1_or_both_2_and_3_with_dataset_expressions', 'consume_1_and_2_with_dataset_expressions', 'dataset_produces_2', 'dataset_consumes_1_and_2' retrieved from /home/airflow/.local/lib/python3.12/site-packages/airflow/example_dags/example_datasets.py
[2024-06-13T14:37:01.850+0000] {logging_mixin.py:188} INFO - [2024-06-13T14:37:01.849+0000] {dag.py:3096} INFO - Sync 10 DAGs
[2024-06-13T14:37:01.893+0000] {logging_mixin.py:188} INFO - [2024-06-13T14:37:01.892+0000] {dag.py:3954} INFO - Setting next_dagrun for conditional_dataset_and_time_based_timetable to 2024-06-12 01:00:00+00:00, run_after=2024-06-12 01:00:00+00:00
[2024-06-13T14:37:01.899+0000] {logging_mixin.py:188} INFO - [2024-06-13T14:37:01.899+0000] {dag.py:3954} INFO - Setting next_dagrun for consume_1_and_2_with_dataset_expressions to None, run_after=None
[2024-06-13T14:37:01.902+0000] {logging_mixin.py:188} INFO - [2024-06-13T14:37:01.901+0000] {dag.py:3954} INFO - Setting next_dagrun for consume_1_or_2_with_dataset_expressions to None, run_after=None
[2024-06-13T14:37:01.903+0000] {logging_mixin.py:188} INFO - [2024-06-13T14:37:01.903+0000] {dag.py:3954} INFO - Setting next_dagrun for consume_1_or_both_2_and_3_with_dataset_expressions to None, run_after=None
[2024-06-13T14:37:01.906+0000] {logging_mixin.py:188} INFO - [2024-06-13T14:37:01.905+0000] {dag.py:3954} INFO - Setting next_dagrun for dataset_consumes_1 to None, run_after=None
[2024-06-13T14:37:01.908+0000] {logging_mixin.py:188} INFO - [2024-06-13T14:37:01.908+0000] {dag.py:3954} INFO - Setting next_dagrun for dataset_consumes_1_and_2 to None, run_after=None
[2024-06-13T14:37:01.910+0000] {logging_mixin.py:188} INFO - [2024-06-13T14:37:01.910+0000] {dag.py:3954} INFO - Setting next_dagrun for dataset_consumes_1_never_scheduled to None, run_after=None
[2024-06-13T14:37:01.913+0000] {logging_mixin.py:188} INFO - [2024-06-13T14:37:01.912+0000] {dag.py:3954} INFO - Setting next_dagrun for dataset_consumes_unknown_never_scheduled to None, run_after=None
[2024-06-13T14:37:01.916+0000] {logging_mixin.py:188} INFO - [2024-06-13T14:37:01.916+0000] {dag.py:3954} INFO - Setting next_dagrun for dataset_produces_1 to 2024-06-12 00:00:00+00:00, run_after=2024-06-13 00:00:00+00:00
[2024-06-13T14:37:01.918+0000] {logging_mixin.py:188} INFO - [2024-06-13T14:37:01.918+0000] {dag.py:3954} INFO - Setting next_dagrun for dataset_produces_2 to None, run_after=None
[2024-06-13T14:37:01.984+0000] {processor.py:183} INFO - Processing /home/airflow/.local/lib/python3.12/site-packages/airflow/example_dags/example_datasets.py took 0.346 seconds
[2024-06-13T16:37:28.305+0000] {processor.py:161} INFO - Started process (PID=65) to work on /home/airflow/.local/lib/python3.12/site-packages/airflow/example_dags/example_datasets.py
[2024-06-13T16:37:28.307+0000] {processor.py:830} INFO - Processing file /home/airflow/.local/lib/python3.12/site-packages/airflow/example_dags/example_datasets.py for tasks to queue
[2024-06-13T16:37:28.310+0000] {logging_mixin.py:188} INFO - [2024-06-13T16:37:28.310+0000] {dagbag.py:545} INFO - Filling up the DagBag from /home/airflow/.local/lib/python3.12/site-packages/airflow/example_dags/example_datasets.py
[2024-06-13T16:37:28.342+0000] {processor.py:840} INFO - DAG(s) 'dataset_produces_2', 'consume_1_and_2_with_dataset_expressions', 'conditional_dataset_and_time_based_timetable', 'dataset_consumes_1_and_2', 'consume_1_or_2_with_dataset_expressions', 'consume_1_or_both_2_and_3_with_dataset_expressions', 'dataset_consumes_unknown_never_scheduled', 'dataset_consumes_1_never_scheduled', 'dataset_consumes_1', 'dataset_produces_1' retrieved from /home/airflow/.local/lib/python3.12/site-packages/airflow/example_dags/example_datasets.py
[2024-06-13T16:37:28.578+0000] {logging_mixin.py:188} INFO - [2024-06-13T16:37:28.578+0000] {dag.py:3096} INFO - Sync 10 DAGs
[2024-06-13T16:37:28.609+0000] {logging_mixin.py:188} INFO - [2024-06-13T16:37:28.609+0000] {dag.py:3954} INFO - Setting next_dagrun for conditional_dataset_and_time_based_timetable to 2024-06-12 01:00:00+00:00, run_after=2024-06-12 01:00:00+00:00
[2024-06-13T16:37:28.613+0000] {logging_mixin.py:188} INFO - [2024-06-13T16:37:28.613+0000] {dag.py:3954} INFO - Setting next_dagrun for consume_1_and_2_with_dataset_expressions to None, run_after=None
[2024-06-13T16:37:28.615+0000] {logging_mixin.py:188} INFO - [2024-06-13T16:37:28.614+0000] {dag.py:3954} INFO - Setting next_dagrun for consume_1_or_2_with_dataset_expressions to None, run_after=None
[2024-06-13T16:37:28.617+0000] {logging_mixin.py:188} INFO - [2024-06-13T16:37:28.616+0000] {dag.py:3954} INFO - Setting next_dagrun for consume_1_or_both_2_and_3_with_dataset_expressions to None, run_after=None
[2024-06-13T16:37:28.618+0000] {logging_mixin.py:188} INFO - [2024-06-13T16:37:28.618+0000] {dag.py:3954} INFO - Setting next_dagrun for dataset_consumes_1 to None, run_after=None
[2024-06-13T16:37:28.620+0000] {logging_mixin.py:188} INFO - [2024-06-13T16:37:28.620+0000] {dag.py:3954} INFO - Setting next_dagrun for dataset_consumes_1_and_2 to None, run_after=None
[2024-06-13T16:37:28.622+0000] {logging_mixin.py:188} INFO - [2024-06-13T16:37:28.622+0000] {dag.py:3954} INFO - Setting next_dagrun for dataset_consumes_1_never_scheduled to None, run_after=None
[2024-06-13T16:37:28.624+0000] {logging_mixin.py:188} INFO - [2024-06-13T16:37:28.624+0000] {dag.py:3954} INFO - Setting next_dagrun for dataset_consumes_unknown_never_scheduled to None, run_after=None
[2024-06-13T16:37:28.628+0000] {logging_mixin.py:188} INFO - [2024-06-13T16:37:28.628+0000] {dag.py:3954} INFO - Setting next_dagrun for dataset_produces_1 to 2024-06-12 00:00:00+00:00, run_after=2024-06-13 00:00:00+00:00
[2024-06-13T16:37:28.631+0000] {logging_mixin.py:188} INFO - [2024-06-13T16:37:28.630+0000] {dag.py:3954} INFO - Setting next_dagrun for dataset_produces_2 to None, run_after=None
[2024-06-13T16:37:29.150+0000] {processor.py:183} INFO - Processing /home/airflow/.local/lib/python3.12/site-packages/airflow/example_dags/example_datasets.py took 0.852 seconds
