[2024-06-13T14:36:17.347+0000] {processor.py:161} INFO - Started process (PID=45) to work on /home/airflow/.local/lib/python3.12/site-packages/airflow/example_dags/example_display_name.py
[2024-06-13T14:36:17.352+0000] {processor.py:830} INFO - Processing file /home/airflow/.local/lib/python3.12/site-packages/airflow/example_dags/example_display_name.py for tasks to queue
[2024-06-13T14:36:17.356+0000] {logging_mixin.py:188} INFO - [2024-06-13T14:36:17.356+0000] {dagbag.py:545} INFO - Filling up the DagBag from /home/airflow/.local/lib/python3.12/site-packages/airflow/example_dags/example_display_name.py
[2024-06-13T14:36:17.379+0000] {processor.py:840} INFO - DAG(s) 'example_display_name' retrieved from /home/airflow/.local/lib/python3.12/site-packages/airflow/example_dags/example_display_name.py
[2024-06-13T14:36:18.191+0000] {logging_mixin.py:188} INFO - [2024-06-13T14:36:18.189+0000] {override.py:1829} INFO - Created Permission View: can read on DAG:example_display_name
[2024-06-13T14:36:18.217+0000] {logging_mixin.py:188} INFO - [2024-06-13T14:36:18.217+0000] {override.py:1829} INFO - Created Permission View: can edit on DAG:example_display_name
[2024-06-13T14:36:18.241+0000] {logging_mixin.py:188} INFO - [2024-06-13T14:36:18.241+0000] {override.py:1829} INFO - Created Permission View: can delete on DAG:example_display_name
[2024-06-13T14:36:18.243+0000] {logging_mixin.py:188} INFO - [2024-06-13T14:36:18.242+0000] {dag.py:3096} INFO - Sync 1 DAGs
[2024-06-13T14:36:18.303+0000] {logging_mixin.py:188} INFO - [2024-06-13T14:36:18.302+0000] {dag.py:3118} INFO - Creating ORM DAG for example_display_name
[2024-06-13T14:36:18.307+0000] {logging_mixin.py:188} INFO - [2024-06-13T14:36:18.307+0000] {dag.py:3954} INFO - Setting next_dagrun for example_display_name to None, run_after=None
[2024-06-13T14:36:18.603+0000] {processor.py:183} INFO - Processing /home/airflow/.local/lib/python3.12/site-packages/airflow/example_dags/example_display_name.py took 1.269 seconds
[2024-06-13T14:36:48.956+0000] {processor.py:161} INFO - Started process (PID=105) to work on /home/airflow/.local/lib/python3.12/site-packages/airflow/example_dags/example_display_name.py
[2024-06-13T14:36:48.958+0000] {processor.py:830} INFO - Processing file /home/airflow/.local/lib/python3.12/site-packages/airflow/example_dags/example_display_name.py for tasks to queue
[2024-06-13T14:36:48.961+0000] {logging_mixin.py:188} INFO - [2024-06-13T14:36:48.961+0000] {dagbag.py:545} INFO - Filling up the DagBag from /home/airflow/.local/lib/python3.12/site-packages/airflow/example_dags/example_display_name.py
[2024-06-13T14:36:48.974+0000] {processor.py:840} INFO - DAG(s) 'example_display_name' retrieved from /home/airflow/.local/lib/python3.12/site-packages/airflow/example_dags/example_display_name.py
[2024-06-13T14:36:49.013+0000] {logging_mixin.py:188} INFO - [2024-06-13T14:36:49.012+0000] {dag.py:3096} INFO - Sync 1 DAGs
[2024-06-13T14:36:49.051+0000] {logging_mixin.py:188} INFO - [2024-06-13T14:36:49.051+0000] {dag.py:3954} INFO - Setting next_dagrun for example_display_name to None, run_after=None
[2024-06-13T14:36:49.357+0000] {processor.py:183} INFO - Processing /home/airflow/.local/lib/python3.12/site-packages/airflow/example_dags/example_display_name.py took 0.422 seconds
[2024-06-13T16:37:22.588+0000] {processor.py:161} INFO - Started process (PID=39) to work on /home/airflow/.local/lib/python3.12/site-packages/airflow/example_dags/example_display_name.py
[2024-06-13T16:37:22.592+0000] {processor.py:830} INFO - Processing file /home/airflow/.local/lib/python3.12/site-packages/airflow/example_dags/example_display_name.py for tasks to queue
[2024-06-13T16:37:22.596+0000] {logging_mixin.py:188} INFO - [2024-06-13T16:37:22.595+0000] {dagbag.py:545} INFO - Filling up the DagBag from /home/airflow/.local/lib/python3.12/site-packages/airflow/example_dags/example_display_name.py
[2024-06-13T16:37:22.617+0000] {processor.py:840} INFO - DAG(s) 'example_display_name' retrieved from /home/airflow/.local/lib/python3.12/site-packages/airflow/example_dags/example_display_name.py
[2024-06-13T16:37:22.770+0000] {logging_mixin.py:188} INFO - [2024-06-13T16:37:22.769+0000] {dag.py:3096} INFO - Sync 1 DAGs
[2024-06-13T16:37:22.802+0000] {logging_mixin.py:188} INFO - [2024-06-13T16:37:22.801+0000] {dag.py:3954} INFO - Setting next_dagrun for example_display_name to None, run_after=None
[2024-06-13T16:37:22.981+0000] {processor.py:183} INFO - Processing /home/airflow/.local/lib/python3.12/site-packages/airflow/example_dags/example_display_name.py took 0.406 seconds
