[2024-06-13T14:36:15.326+0000] {processor.py:161} INFO - Started process (PID=43) to work on /home/airflow/.local/lib/python3.12/site-packages/airflow/example_dags/tutorial_objectstorage.py
[2024-06-13T14:36:15.334+0000] {processor.py:830} INFO - Processing file /home/airflow/.local/lib/python3.12/site-packages/airflow/example_dags/tutorial_objectstorage.py for tasks to queue
[2024-06-13T14:36:15.352+0000] {logging_mixin.py:188} INFO - [2024-06-13T14:36:15.350+0000] {dagbag.py:545} INFO - Filling up the DagBag from /home/airflow/.local/lib/python3.12/site-packages/airflow/example_dags/tutorial_objectstorage.py
[2024-06-13T14:36:15.475+0000] {processor.py:840} INFO - DAG(s) 'tutorial_objectstorage' retrieved from /home/airflow/.local/lib/python3.12/site-packages/airflow/example_dags/tutorial_objectstorage.py
[2024-06-13T14:36:16.591+0000] {logging_mixin.py:188} INFO - [2024-06-13T14:36:16.590+0000] {override.py:1829} INFO - Created Permission View: can read on DAG:tutorial_objectstorage
[2024-06-13T14:36:16.633+0000] {logging_mixin.py:188} INFO - [2024-06-13T14:36:16.632+0000] {override.py:1829} INFO - Created Permission View: can edit on DAG:tutorial_objectstorage
[2024-06-13T14:36:16.648+0000] {logging_mixin.py:188} INFO - [2024-06-13T14:36:16.648+0000] {override.py:1829} INFO - Created Permission View: can delete on DAG:tutorial_objectstorage
[2024-06-13T14:36:16.651+0000] {logging_mixin.py:188} INFO - [2024-06-13T14:36:16.651+0000] {dag.py:3096} INFO - Sync 1 DAGs
[2024-06-13T14:36:16.688+0000] {logging_mixin.py:188} INFO - [2024-06-13T14:36:16.688+0000] {dag.py:3118} INFO - Creating ORM DAG for tutorial_objectstorage
[2024-06-13T14:36:16.691+0000] {logging_mixin.py:188} INFO - [2024-06-13T14:36:16.691+0000] {dag.py:3954} INFO - Setting next_dagrun for tutorial_objectstorage to None, run_after=None
[2024-06-13T14:36:16.733+0000] {processor.py:183} INFO - Processing /home/airflow/.local/lib/python3.12/site-packages/airflow/example_dags/tutorial_objectstorage.py took 1.453 seconds
[2024-06-13T14:36:47.661+0000] {processor.py:161} INFO - Started process (PID=102) to work on /home/airflow/.local/lib/python3.12/site-packages/airflow/example_dags/tutorial_objectstorage.py
[2024-06-13T14:36:47.675+0000] {processor.py:830} INFO - Processing file /home/airflow/.local/lib/python3.12/site-packages/airflow/example_dags/tutorial_objectstorage.py for tasks to queue
[2024-06-13T14:36:47.681+0000] {logging_mixin.py:188} INFO - [2024-06-13T14:36:47.678+0000] {dagbag.py:545} INFO - Filling up the DagBag from /home/airflow/.local/lib/python3.12/site-packages/airflow/example_dags/tutorial_objectstorage.py
[2024-06-13T14:36:47.717+0000] {processor.py:840} INFO - DAG(s) 'tutorial_objectstorage' retrieved from /home/airflow/.local/lib/python3.12/site-packages/airflow/example_dags/tutorial_objectstorage.py
[2024-06-13T14:36:48.247+0000] {logging_mixin.py:188} INFO - [2024-06-13T14:36:48.247+0000] {dag.py:3096} INFO - Sync 1 DAGs
[2024-06-13T14:36:48.296+0000] {logging_mixin.py:188} INFO - [2024-06-13T14:36:48.296+0000] {dag.py:3954} INFO - Setting next_dagrun for tutorial_objectstorage to None, run_after=None
[2024-06-13T14:36:48.351+0000] {processor.py:183} INFO - Processing /home/airflow/.local/lib/python3.12/site-packages/airflow/example_dags/tutorial_objectstorage.py took 0.711 seconds
[2024-06-13T16:37:21.860+0000] {processor.py:161} INFO - Started process (PID=37) to work on /home/airflow/.local/lib/python3.12/site-packages/airflow/example_dags/tutorial_objectstorage.py
[2024-06-13T16:37:21.862+0000] {processor.py:830} INFO - Processing file /home/airflow/.local/lib/python3.12/site-packages/airflow/example_dags/tutorial_objectstorage.py for tasks to queue
[2024-06-13T16:37:21.864+0000] {logging_mixin.py:188} INFO - [2024-06-13T16:37:21.864+0000] {dagbag.py:545} INFO - Filling up the DagBag from /home/airflow/.local/lib/python3.12/site-packages/airflow/example_dags/tutorial_objectstorage.py
[2024-06-13T16:37:21.879+0000] {processor.py:840} INFO - DAG(s) 'tutorial_objectstorage' retrieved from /home/airflow/.local/lib/python3.12/site-packages/airflow/example_dags/tutorial_objectstorage.py
[2024-06-13T16:37:22.003+0000] {logging_mixin.py:188} INFO - [2024-06-13T16:37:22.002+0000] {dag.py:3096} INFO - Sync 1 DAGs
[2024-06-13T16:37:22.081+0000] {logging_mixin.py:188} INFO - [2024-06-13T16:37:22.081+0000] {dag.py:3954} INFO - Setting next_dagrun for tutorial_objectstorage to None, run_after=None
[2024-06-13T16:37:22.111+0000] {processor.py:183} INFO - Processing /home/airflow/.local/lib/python3.12/site-packages/airflow/example_dags/tutorial_objectstorage.py took 0.258 seconds
