[2024-06-13T14:36:26.172+0000] {processor.py:161} INFO - Started process (PID=67) to work on /home/airflow/.local/lib/python3.12/site-packages/airflow/example_dags/tutorial_dag.py
[2024-06-13T14:36:26.174+0000] {processor.py:830} INFO - Processing file /home/airflow/.local/lib/python3.12/site-packages/airflow/example_dags/tutorial_dag.py for tasks to queue
[2024-06-13T14:36:26.177+0000] {logging_mixin.py:188} INFO - [2024-06-13T14:36:26.177+0000] {dagbag.py:545} INFO - Filling up the DagBag from /home/airflow/.local/lib/python3.12/site-packages/airflow/example_dags/tutorial_dag.py
[2024-06-13T14:36:26.196+0000] {processor.py:840} INFO - DAG(s) 'tutorial_dag' retrieved from /home/airflow/.local/lib/python3.12/site-packages/airflow/example_dags/tutorial_dag.py
[2024-06-13T14:36:26.626+0000] {logging_mixin.py:188} INFO - [2024-06-13T14:36:26.625+0000] {override.py:1829} INFO - Created Permission View: can read on DAG:tutorial_dag
[2024-06-13T14:36:26.648+0000] {logging_mixin.py:188} INFO - [2024-06-13T14:36:26.648+0000] {override.py:1829} INFO - Created Permission View: can edit on DAG:tutorial_dag
[2024-06-13T14:36:26.667+0000] {logging_mixin.py:188} INFO - [2024-06-13T14:36:26.666+0000] {override.py:1829} INFO - Created Permission View: can delete on DAG:tutorial_dag
[2024-06-13T14:36:26.668+0000] {logging_mixin.py:188} INFO - [2024-06-13T14:36:26.668+0000] {dag.py:3096} INFO - Sync 1 DAGs
[2024-06-13T14:36:26.713+0000] {logging_mixin.py:188} INFO - [2024-06-13T14:36:26.712+0000] {dag.py:3118} INFO - Creating ORM DAG for tutorial_dag
[2024-06-13T14:36:26.715+0000] {logging_mixin.py:188} INFO - [2024-06-13T14:36:26.715+0000] {dag.py:3954} INFO - Setting next_dagrun for tutorial_dag to None, run_after=None
[2024-06-13T14:36:26.756+0000] {processor.py:183} INFO - Processing /home/airflow/.local/lib/python3.12/site-packages/airflow/example_dags/tutorial_dag.py took 0.597 seconds
[2024-06-13T14:36:57.642+0000] {processor.py:161} INFO - Started process (PID=127) to work on /home/airflow/.local/lib/python3.12/site-packages/airflow/example_dags/tutorial_dag.py
[2024-06-13T14:36:57.643+0000] {processor.py:830} INFO - Processing file /home/airflow/.local/lib/python3.12/site-packages/airflow/example_dags/tutorial_dag.py for tasks to queue
[2024-06-13T14:36:57.646+0000] {logging_mixin.py:188} INFO - [2024-06-13T14:36:57.646+0000] {dagbag.py:545} INFO - Filling up the DagBag from /home/airflow/.local/lib/python3.12/site-packages/airflow/example_dags/tutorial_dag.py
[2024-06-13T14:36:57.655+0000] {processor.py:840} INFO - DAG(s) 'tutorial_dag' retrieved from /home/airflow/.local/lib/python3.12/site-packages/airflow/example_dags/tutorial_dag.py
[2024-06-13T14:36:57.688+0000] {logging_mixin.py:188} INFO - [2024-06-13T14:36:57.688+0000] {dag.py:3096} INFO - Sync 1 DAGs
[2024-06-13T14:36:57.706+0000] {logging_mixin.py:188} INFO - [2024-06-13T14:36:57.706+0000] {dag.py:3954} INFO - Setting next_dagrun for tutorial_dag to None, run_after=None
[2024-06-13T14:36:58.128+0000] {processor.py:183} INFO - Processing /home/airflow/.local/lib/python3.12/site-packages/airflow/example_dags/tutorial_dag.py took 0.495 seconds
[2024-06-13T16:37:27.623+0000] {processor.py:161} INFO - Started process (PID=61) to work on /home/airflow/.local/lib/python3.12/site-packages/airflow/example_dags/tutorial_dag.py
[2024-06-13T16:37:27.625+0000] {processor.py:830} INFO - Processing file /home/airflow/.local/lib/python3.12/site-packages/airflow/example_dags/tutorial_dag.py for tasks to queue
[2024-06-13T16:37:27.627+0000] {logging_mixin.py:188} INFO - [2024-06-13T16:37:27.627+0000] {dagbag.py:545} INFO - Filling up the DagBag from /home/airflow/.local/lib/python3.12/site-packages/airflow/example_dags/tutorial_dag.py
[2024-06-13T16:37:27.639+0000] {processor.py:840} INFO - DAG(s) 'tutorial_dag' retrieved from /home/airflow/.local/lib/python3.12/site-packages/airflow/example_dags/tutorial_dag.py
[2024-06-13T16:37:27.788+0000] {logging_mixin.py:188} INFO - [2024-06-13T16:37:27.787+0000] {dag.py:3096} INFO - Sync 1 DAGs
[2024-06-13T16:37:27.804+0000] {logging_mixin.py:188} INFO - [2024-06-13T16:37:27.804+0000] {dag.py:3954} INFO - Setting next_dagrun for tutorial_dag to None, run_after=None
[2024-06-13T16:37:27.830+0000] {processor.py:183} INFO - Processing /home/airflow/.local/lib/python3.12/site-packages/airflow/example_dags/tutorial_dag.py took 0.213 seconds
