[2024-06-14T04:28:37.890+0000] {local_task_job_runner.py:120} INFO - ::group::Pre task execution logs
[2024-06-14T04:28:37.912+0000] {taskinstance.py:2076} INFO - Dependencies all met for dep_context=non-requeueable deps ti=<TaskInstance: ETL_toll_data.download_data scheduled__2024-06-12T00:00:00+00:00 [queued]>
[2024-06-14T04:28:37.921+0000] {taskinstance.py:2076} INFO - Dependencies all met for dep_context=requeueable deps ti=<TaskInstance: ETL_toll_data.download_data scheduled__2024-06-12T00:00:00+00:00 [queued]>
[2024-06-14T04:28:37.922+0000] {taskinstance.py:2306} INFO - Starting attempt 1 of 2
[2024-06-14T04:28:37.936+0000] {taskinstance.py:2330} INFO - Executing <Task(BashOperator): download_data> on 2024-06-12 00:00:00+00:00
[2024-06-14T04:28:37.943+0000] {warnings.py:112} WARNING - /home/***/.local/lib/python3.12/site-packages/***/task/task_runner/standard_task_runner.py:61: DeprecationWarning: This process (pid=82) is multi-threaded, use of fork() may lead to deadlocks in the child.
  pid = os.fork()

[2024-06-14T04:28:37.945+0000] {standard_task_runner.py:63} INFO - Started process 96 to run task
[2024-06-14T04:28:37.945+0000] {standard_task_runner.py:90} INFO - Running: ['***', 'tasks', 'run', 'ETL_toll_data', 'download_data', 'scheduled__2024-06-12T00:00:00+00:00', '--job-id', '6', '--raw', '--subdir', 'DAGS_FOLDER/ETL_toll_data.py', '--cfg-path', '/tmp/tmpc5198r3e']
[2024-06-14T04:28:37.947+0000] {standard_task_runner.py:91} INFO - Job 6: Subtask download_data
[2024-06-14T04:28:38.011+0000] {task_command.py:426} INFO - Running <TaskInstance: ETL_toll_data.download_data scheduled__2024-06-12T00:00:00+00:00 [running]> on host af8e208997f1
[2024-06-14T04:28:38.108+0000] {taskinstance.py:2648} INFO - Exporting env vars: AIRFLOW_CTX_DAG_EMAIL='21521333@gm.uit.edu.vn' AIRFLOW_CTX_DAG_OWNER='quan' AIRFLOW_CTX_DAG_ID='ETL_toll_data' AIRFLOW_CTX_TASK_ID='download_data' AIRFLOW_CTX_EXECUTION_DATE='2024-06-12T00:00:00+00:00' AIRFLOW_CTX_TRY_NUMBER='1' AIRFLOW_CTX_DAG_RUN_ID='scheduled__2024-06-12T00:00:00+00:00'
[2024-06-14T04:28:38.110+0000] {taskinstance.py:430} INFO - ::endgroup::
[2024-06-14T04:28:38.113+0000] {subprocess.py:63} INFO - Tmp dir root location: /tmp
[2024-06-14T04:28:38.114+0000] {subprocess.py:75} INFO - Running command: ['/usr/bin/bash', '-c', 'curl -o /tmp/tolldata.tgz https://cf-courses-data.s3.us.cloud-object-storage.appdomain.cloud/IBM-DB0250EN-SkillsNetwork/labs/Final%20Assignment/tolldata.tgz']
[2024-06-14T04:28:38.125+0000] {subprocess.py:86} INFO - Output:
[2024-06-14T04:28:38.137+0000] {subprocess.py:93} INFO -   % Total    % Received % Xferd  Average Speed   Time    Time     Time  Current
[2024-06-14T04:28:38.138+0000] {subprocess.py:93} INFO -                                  Dload  Upload   Total   Spent    Left  Speed
[2024-06-14T04:28:40.864+0000] {subprocess.py:93} INFO -   0     0    0     0    0     0      0      0 --:--:-- --:--:-- --:--:--     0  0     0    0     0    0     0      0      0 --:--:-- --:--:-- --:--:--     0  0     0    0     0    0     0      0      0 --:--:--  0:00:01 --:--:--     0 24  516k   24  128k    0     0  61433      0  0:00:08  0:00:02  0:00:06 61420100  516k  100  516k    0     0   189k      0  0:00:02  0:00:02 --:--:--  189k
[2024-06-14T04:28:40.866+0000] {subprocess.py:97} INFO - Command exited with return code 0
[2024-06-14T04:28:40.867+0000] {taskinstance.py:441} INFO - ::group::Post task execution logs
[2024-06-14T04:28:41.258+0000] {taskinstance.py:1206} INFO - Marking task as SUCCESS. dag_id=ETL_toll_data, task_id=download_data, run_id=scheduled__2024-06-12T00:00:00+00:00, execution_date=20240612T000000, start_date=20240614T042837, end_date=20240614T042841
[2024-06-14T04:28:41.335+0000] {local_task_job_runner.py:240} INFO - Task exited with return code 0
[2024-06-14T04:28:41.346+0000] {local_task_job_runner.py:222} INFO - ::endgroup::
