[2024-06-10T14:04:44.383+0000] {processor.py:161} INFO - Started process (PID=56) to work on /home/airflow/.local/lib/python3.12/site-packages/airflow/example_dags/example_task_group.py
[2024-06-10T14:04:44.384+0000] {processor.py:830} INFO - Processing file /home/airflow/.local/lib/python3.12/site-packages/airflow/example_dags/example_task_group.py for tasks to queue
[2024-06-10T14:04:44.387+0000] {logging_mixin.py:188} INFO - [2024-06-10T14:04:44.386+0000] {dagbag.py:545} INFO - Filling up the DagBag from /home/airflow/.local/lib/python3.12/site-packages/airflow/example_dags/example_task_group.py
[2024-06-10T14:04:44.404+0000] {processor.py:840} INFO - DAG(s) 'example_task_group' retrieved from /home/airflow/.local/lib/python3.12/site-packages/airflow/example_dags/example_task_group.py
[2024-06-10T14:04:44.652+0000] {logging_mixin.py:188} INFO - [2024-06-10T14:04:44.652+0000] {dag.py:3096} INFO - Sync 1 DAGs
[2024-06-10T14:04:44.681+0000] {logging_mixin.py:188} INFO - [2024-06-10T14:04:44.679+0000] {dag.py:3954} INFO - Setting next_dagrun for example_task_group to 2024-06-09 00:00:00+00:00, run_after=2024-06-10 00:00:00+00:00
[2024-06-10T14:04:44.767+0000] {processor.py:183} INFO - Processing /home/airflow/.local/lib/python3.12/site-packages/airflow/example_dags/example_task_group.py took 0.392 seconds
[2024-06-10T14:05:15.009+0000] {processor.py:161} INFO - Started process (PID=125) to work on /home/airflow/.local/lib/python3.12/site-packages/airflow/example_dags/example_task_group.py
[2024-06-10T14:05:15.010+0000] {processor.py:830} INFO - Processing file /home/airflow/.local/lib/python3.12/site-packages/airflow/example_dags/example_task_group.py for tasks to queue
[2024-06-10T14:05:15.012+0000] {logging_mixin.py:188} INFO - [2024-06-10T14:05:15.012+0000] {dagbag.py:545} INFO - Filling up the DagBag from /home/airflow/.local/lib/python3.12/site-packages/airflow/example_dags/example_task_group.py
[2024-06-10T14:05:15.019+0000] {processor.py:840} INFO - DAG(s) 'example_task_group' retrieved from /home/airflow/.local/lib/python3.12/site-packages/airflow/example_dags/example_task_group.py
[2024-06-10T14:05:15.044+0000] {logging_mixin.py:188} INFO - [2024-06-10T14:05:15.044+0000] {dag.py:3096} INFO - Sync 1 DAGs
[2024-06-10T14:05:15.070+0000] {logging_mixin.py:188} INFO - [2024-06-10T14:05:15.070+0000] {dag.py:3954} INFO - Setting next_dagrun for example_task_group to 2024-06-09 00:00:00+00:00, run_after=2024-06-10 00:00:00+00:00
[2024-06-10T14:05:15.093+0000] {processor.py:183} INFO - Processing /home/airflow/.local/lib/python3.12/site-packages/airflow/example_dags/example_task_group.py took 0.090 seconds
[2024-06-10T14:05:45.349+0000] {processor.py:161} INFO - Started process (PID=194) to work on /home/airflow/.local/lib/python3.12/site-packages/airflow/example_dags/example_task_group.py
[2024-06-10T14:05:45.351+0000] {processor.py:830} INFO - Processing file /home/airflow/.local/lib/python3.12/site-packages/airflow/example_dags/example_task_group.py for tasks to queue
[2024-06-10T14:05:45.353+0000] {logging_mixin.py:188} INFO - [2024-06-10T14:05:45.352+0000] {dagbag.py:545} INFO - Filling up the DagBag from /home/airflow/.local/lib/python3.12/site-packages/airflow/example_dags/example_task_group.py
[2024-06-10T14:05:45.361+0000] {processor.py:840} INFO - DAG(s) 'example_task_group' retrieved from /home/airflow/.local/lib/python3.12/site-packages/airflow/example_dags/example_task_group.py
[2024-06-10T14:05:45.392+0000] {logging_mixin.py:188} INFO - [2024-06-10T14:05:45.392+0000] {dag.py:3096} INFO - Sync 1 DAGs
[2024-06-10T14:05:45.413+0000] {logging_mixin.py:188} INFO - [2024-06-10T14:05:45.413+0000] {dag.py:3954} INFO - Setting next_dagrun for example_task_group to 2024-06-09 00:00:00+00:00, run_after=2024-06-10 00:00:00+00:00
[2024-06-10T14:05:45.432+0000] {processor.py:183} INFO - Processing /home/airflow/.local/lib/python3.12/site-packages/airflow/example_dags/example_task_group.py took 0.088 seconds
[2024-06-10T14:06:15.498+0000] {processor.py:161} INFO - Started process (PID=261) to work on /home/airflow/.local/lib/python3.12/site-packages/airflow/example_dags/example_task_group.py
[2024-06-10T14:06:15.500+0000] {processor.py:830} INFO - Processing file /home/airflow/.local/lib/python3.12/site-packages/airflow/example_dags/example_task_group.py for tasks to queue
[2024-06-10T14:06:15.502+0000] {logging_mixin.py:188} INFO - [2024-06-10T14:06:15.502+0000] {dagbag.py:545} INFO - Filling up the DagBag from /home/airflow/.local/lib/python3.12/site-packages/airflow/example_dags/example_task_group.py
[2024-06-10T14:06:15.511+0000] {processor.py:840} INFO - DAG(s) 'example_task_group' retrieved from /home/airflow/.local/lib/python3.12/site-packages/airflow/example_dags/example_task_group.py
[2024-06-10T14:06:15.523+0000] {logging_mixin.py:188} INFO - [2024-06-10T14:06:15.523+0000] {dag.py:3096} INFO - Sync 1 DAGs
[2024-06-10T14:06:15.544+0000] {logging_mixin.py:188} INFO - [2024-06-10T14:06:15.544+0000] {dag.py:3954} INFO - Setting next_dagrun for example_task_group to 2024-06-09 00:00:00+00:00, run_after=2024-06-10 00:00:00+00:00
[2024-06-10T14:06:15.564+0000] {processor.py:183} INFO - Processing /home/airflow/.local/lib/python3.12/site-packages/airflow/example_dags/example_task_group.py took 0.070 seconds
[2024-06-10T14:07:14.839+0000] {processor.py:161} INFO - Started process (PID=49) to work on /home/airflow/.local/lib/python3.12/site-packages/airflow/example_dags/example_task_group.py
[2024-06-10T14:07:14.840+0000] {processor.py:830} INFO - Processing file /home/airflow/.local/lib/python3.12/site-packages/airflow/example_dags/example_task_group.py for tasks to queue
[2024-06-10T14:07:14.842+0000] {logging_mixin.py:188} INFO - [2024-06-10T14:07:14.842+0000] {dagbag.py:545} INFO - Filling up the DagBag from /home/airflow/.local/lib/python3.12/site-packages/airflow/example_dags/example_task_group.py
[2024-06-10T14:07:14.851+0000] {processor.py:840} INFO - DAG(s) 'example_task_group' retrieved from /home/airflow/.local/lib/python3.12/site-packages/airflow/example_dags/example_task_group.py
[2024-06-10T14:07:14.949+0000] {logging_mixin.py:188} INFO - [2024-06-10T14:07:14.949+0000] {dag.py:3096} INFO - Sync 1 DAGs
[2024-06-10T14:07:14.974+0000] {logging_mixin.py:188} INFO - [2024-06-10T14:07:14.974+0000] {dag.py:3954} INFO - Setting next_dagrun for example_task_group to 2024-06-09 00:00:00+00:00, run_after=2024-06-10 00:00:00+00:00
[2024-06-10T14:07:15.126+0000] {processor.py:183} INFO - Processing /home/airflow/.local/lib/python3.12/site-packages/airflow/example_dags/example_task_group.py took 0.292 seconds
[2024-06-10T14:07:45.210+0000] {processor.py:161} INFO - Started process (PID=119) to work on /home/airflow/.local/lib/python3.12/site-packages/airflow/example_dags/example_task_group.py
[2024-06-10T14:07:45.211+0000] {processor.py:830} INFO - Processing file /home/airflow/.local/lib/python3.12/site-packages/airflow/example_dags/example_task_group.py for tasks to queue
[2024-06-10T14:07:45.213+0000] {logging_mixin.py:188} INFO - [2024-06-10T14:07:45.213+0000] {dagbag.py:545} INFO - Filling up the DagBag from /home/airflow/.local/lib/python3.12/site-packages/airflow/example_dags/example_task_group.py
[2024-06-10T14:07:45.223+0000] {processor.py:840} INFO - DAG(s) 'example_task_group' retrieved from /home/airflow/.local/lib/python3.12/site-packages/airflow/example_dags/example_task_group.py
[2024-06-10T14:07:45.248+0000] {logging_mixin.py:188} INFO - [2024-06-10T14:07:45.248+0000] {dag.py:3096} INFO - Sync 1 DAGs
[2024-06-10T14:07:45.307+0000] {logging_mixin.py:188} INFO - [2024-06-10T14:07:45.307+0000] {dag.py:3954} INFO - Setting next_dagrun for example_task_group to 2024-06-09 00:00:00+00:00, run_after=2024-06-10 00:00:00+00:00
[2024-06-10T14:07:45.347+0000] {processor.py:183} INFO - Processing /home/airflow/.local/lib/python3.12/site-packages/airflow/example_dags/example_task_group.py took 0.144 seconds
[2024-06-10T14:08:16.411+0000] {processor.py:161} INFO - Started process (PID=188) to work on /home/airflow/.local/lib/python3.12/site-packages/airflow/example_dags/example_task_group.py
[2024-06-10T14:08:16.414+0000] {processor.py:830} INFO - Processing file /home/airflow/.local/lib/python3.12/site-packages/airflow/example_dags/example_task_group.py for tasks to queue
[2024-06-10T14:08:16.416+0000] {logging_mixin.py:188} INFO - [2024-06-10T14:08:16.416+0000] {dagbag.py:545} INFO - Filling up the DagBag from /home/airflow/.local/lib/python3.12/site-packages/airflow/example_dags/example_task_group.py
[2024-06-10T14:08:16.427+0000] {processor.py:840} INFO - DAG(s) 'example_task_group' retrieved from /home/airflow/.local/lib/python3.12/site-packages/airflow/example_dags/example_task_group.py
[2024-06-10T14:08:16.455+0000] {logging_mixin.py:188} INFO - [2024-06-10T14:08:16.454+0000] {dag.py:3096} INFO - Sync 1 DAGs
[2024-06-10T14:08:16.478+0000] {logging_mixin.py:188} INFO - [2024-06-10T14:08:16.478+0000] {dag.py:3954} INFO - Setting next_dagrun for example_task_group to 2024-06-09 00:00:00+00:00, run_after=2024-06-10 00:00:00+00:00
[2024-06-10T14:08:16.502+0000] {processor.py:183} INFO - Processing /home/airflow/.local/lib/python3.12/site-packages/airflow/example_dags/example_task_group.py took 0.098 seconds
[2024-06-10T14:08:47.507+0000] {processor.py:161} INFO - Started process (PID=257) to work on /home/airflow/.local/lib/python3.12/site-packages/airflow/example_dags/example_task_group.py
[2024-06-10T14:08:47.509+0000] {processor.py:830} INFO - Processing file /home/airflow/.local/lib/python3.12/site-packages/airflow/example_dags/example_task_group.py for tasks to queue
[2024-06-10T14:08:47.511+0000] {logging_mixin.py:188} INFO - [2024-06-10T14:08:47.511+0000] {dagbag.py:545} INFO - Filling up the DagBag from /home/airflow/.local/lib/python3.12/site-packages/airflow/example_dags/example_task_group.py
[2024-06-10T14:08:47.517+0000] {processor.py:840} INFO - DAG(s) 'example_task_group' retrieved from /home/airflow/.local/lib/python3.12/site-packages/airflow/example_dags/example_task_group.py
[2024-06-10T14:08:47.542+0000] {logging_mixin.py:188} INFO - [2024-06-10T14:08:47.542+0000] {dag.py:3096} INFO - Sync 1 DAGs
[2024-06-10T14:08:47.567+0000] {logging_mixin.py:188} INFO - [2024-06-10T14:08:47.567+0000] {dag.py:3954} INFO - Setting next_dagrun for example_task_group to 2024-06-09 00:00:00+00:00, run_after=2024-06-10 00:00:00+00:00
[2024-06-10T14:08:47.589+0000] {processor.py:183} INFO - Processing /home/airflow/.local/lib/python3.12/site-packages/airflow/example_dags/example_task_group.py took 0.089 seconds
[2024-06-10T14:09:18.245+0000] {processor.py:161} INFO - Started process (PID=325) to work on /home/airflow/.local/lib/python3.12/site-packages/airflow/example_dags/example_task_group.py
[2024-06-10T14:09:18.246+0000] {processor.py:830} INFO - Processing file /home/airflow/.local/lib/python3.12/site-packages/airflow/example_dags/example_task_group.py for tasks to queue
[2024-06-10T14:09:18.249+0000] {logging_mixin.py:188} INFO - [2024-06-10T14:09:18.248+0000] {dagbag.py:545} INFO - Filling up the DagBag from /home/airflow/.local/lib/python3.12/site-packages/airflow/example_dags/example_task_group.py
[2024-06-10T14:09:18.257+0000] {processor.py:840} INFO - DAG(s) 'example_task_group' retrieved from /home/airflow/.local/lib/python3.12/site-packages/airflow/example_dags/example_task_group.py
[2024-06-10T14:09:18.279+0000] {logging_mixin.py:188} INFO - [2024-06-10T14:09:18.279+0000] {dag.py:3096} INFO - Sync 1 DAGs
[2024-06-10T14:09:18.303+0000] {logging_mixin.py:188} INFO - [2024-06-10T14:09:18.302+0000] {dag.py:3954} INFO - Setting next_dagrun for example_task_group to 2024-06-09 00:00:00+00:00, run_after=2024-06-10 00:00:00+00:00
[2024-06-10T14:09:18.327+0000] {processor.py:183} INFO - Processing /home/airflow/.local/lib/python3.12/site-packages/airflow/example_dags/example_task_group.py took 0.087 seconds
[2024-06-10T14:09:48.796+0000] {processor.py:161} INFO - Started process (PID=393) to work on /home/airflow/.local/lib/python3.12/site-packages/airflow/example_dags/example_task_group.py
[2024-06-10T14:09:48.797+0000] {processor.py:830} INFO - Processing file /home/airflow/.local/lib/python3.12/site-packages/airflow/example_dags/example_task_group.py for tasks to queue
[2024-06-10T14:09:48.800+0000] {logging_mixin.py:188} INFO - [2024-06-10T14:09:48.799+0000] {dagbag.py:545} INFO - Filling up the DagBag from /home/airflow/.local/lib/python3.12/site-packages/airflow/example_dags/example_task_group.py
[2024-06-10T14:09:48.809+0000] {processor.py:840} INFO - DAG(s) 'example_task_group' retrieved from /home/airflow/.local/lib/python3.12/site-packages/airflow/example_dags/example_task_group.py
[2024-06-10T14:09:48.832+0000] {logging_mixin.py:188} INFO - [2024-06-10T14:09:48.832+0000] {dag.py:3096} INFO - Sync 1 DAGs
[2024-06-10T14:09:48.856+0000] {logging_mixin.py:188} INFO - [2024-06-10T14:09:48.856+0000] {dag.py:3954} INFO - Setting next_dagrun for example_task_group to 2024-06-09 00:00:00+00:00, run_after=2024-06-10 00:00:00+00:00
[2024-06-10T14:09:48.877+0000] {processor.py:183} INFO - Processing /home/airflow/.local/lib/python3.12/site-packages/airflow/example_dags/example_task_group.py took 0.087 seconds
[2024-06-10T14:10:19.649+0000] {processor.py:161} INFO - Started process (PID=462) to work on /home/airflow/.local/lib/python3.12/site-packages/airflow/example_dags/example_task_group.py
[2024-06-10T14:10:19.651+0000] {processor.py:830} INFO - Processing file /home/airflow/.local/lib/python3.12/site-packages/airflow/example_dags/example_task_group.py for tasks to queue
[2024-06-10T14:10:19.653+0000] {logging_mixin.py:188} INFO - [2024-06-10T14:10:19.653+0000] {dagbag.py:545} INFO - Filling up the DagBag from /home/airflow/.local/lib/python3.12/site-packages/airflow/example_dags/example_task_group.py
[2024-06-10T14:10:19.662+0000] {processor.py:840} INFO - DAG(s) 'example_task_group' retrieved from /home/airflow/.local/lib/python3.12/site-packages/airflow/example_dags/example_task_group.py
[2024-06-10T14:10:19.686+0000] {logging_mixin.py:188} INFO - [2024-06-10T14:10:19.686+0000] {dag.py:3096} INFO - Sync 1 DAGs
[2024-06-10T14:10:19.709+0000] {logging_mixin.py:188} INFO - [2024-06-10T14:10:19.709+0000] {dag.py:3954} INFO - Setting next_dagrun for example_task_group to 2024-06-09 00:00:00+00:00, run_after=2024-06-10 00:00:00+00:00
[2024-06-10T14:10:19.887+0000] {processor.py:183} INFO - Processing /home/airflow/.local/lib/python3.12/site-packages/airflow/example_dags/example_task_group.py took 0.245 seconds
[2024-06-10T14:10:50.388+0000] {processor.py:161} INFO - Started process (PID=531) to work on /home/airflow/.local/lib/python3.12/site-packages/airflow/example_dags/example_task_group.py
[2024-06-10T14:10:50.390+0000] {processor.py:830} INFO - Processing file /home/airflow/.local/lib/python3.12/site-packages/airflow/example_dags/example_task_group.py for tasks to queue
[2024-06-10T14:10:50.394+0000] {logging_mixin.py:188} INFO - [2024-06-10T14:10:50.393+0000] {dagbag.py:545} INFO - Filling up the DagBag from /home/airflow/.local/lib/python3.12/site-packages/airflow/example_dags/example_task_group.py
[2024-06-10T14:10:50.404+0000] {processor.py:840} INFO - DAG(s) 'example_task_group' retrieved from /home/airflow/.local/lib/python3.12/site-packages/airflow/example_dags/example_task_group.py
[2024-06-10T14:10:50.443+0000] {logging_mixin.py:188} INFO - [2024-06-10T14:10:50.443+0000] {dag.py:3096} INFO - Sync 1 DAGs
[2024-06-10T14:10:50.495+0000] {logging_mixin.py:188} INFO - [2024-06-10T14:10:50.494+0000] {dag.py:3954} INFO - Setting next_dagrun for example_task_group to 2024-06-09 00:00:00+00:00, run_after=2024-06-10 00:00:00+00:00
[2024-06-10T14:10:50.879+0000] {processor.py:183} INFO - Processing /home/airflow/.local/lib/python3.12/site-packages/airflow/example_dags/example_task_group.py took 0.499 seconds
[2024-06-10T14:11:21.505+0000] {processor.py:161} INFO - Started process (PID=600) to work on /home/airflow/.local/lib/python3.12/site-packages/airflow/example_dags/example_task_group.py
[2024-06-10T14:11:21.507+0000] {processor.py:830} INFO - Processing file /home/airflow/.local/lib/python3.12/site-packages/airflow/example_dags/example_task_group.py for tasks to queue
[2024-06-10T14:11:21.509+0000] {logging_mixin.py:188} INFO - [2024-06-10T14:11:21.509+0000] {dagbag.py:545} INFO - Filling up the DagBag from /home/airflow/.local/lib/python3.12/site-packages/airflow/example_dags/example_task_group.py
[2024-06-10T14:11:21.520+0000] {processor.py:840} INFO - DAG(s) 'example_task_group' retrieved from /home/airflow/.local/lib/python3.12/site-packages/airflow/example_dags/example_task_group.py
[2024-06-10T14:11:21.545+0000] {logging_mixin.py:188} INFO - [2024-06-10T14:11:21.545+0000] {dag.py:3096} INFO - Sync 1 DAGs
[2024-06-10T14:11:21.573+0000] {logging_mixin.py:188} INFO - [2024-06-10T14:11:21.572+0000] {dag.py:3954} INFO - Setting next_dagrun for example_task_group to 2024-06-09 00:00:00+00:00, run_after=2024-06-10 00:00:00+00:00
[2024-06-10T14:11:21.596+0000] {processor.py:183} INFO - Processing /home/airflow/.local/lib/python3.12/site-packages/airflow/example_dags/example_task_group.py took 0.099 seconds
[2024-06-10T14:11:52.065+0000] {processor.py:161} INFO - Started process (PID=669) to work on /home/airflow/.local/lib/python3.12/site-packages/airflow/example_dags/example_task_group.py
[2024-06-10T14:11:52.067+0000] {processor.py:830} INFO - Processing file /home/airflow/.local/lib/python3.12/site-packages/airflow/example_dags/example_task_group.py for tasks to queue
[2024-06-10T14:11:52.070+0000] {logging_mixin.py:188} INFO - [2024-06-10T14:11:52.069+0000] {dagbag.py:545} INFO - Filling up the DagBag from /home/airflow/.local/lib/python3.12/site-packages/airflow/example_dags/example_task_group.py
[2024-06-10T14:11:52.079+0000] {processor.py:840} INFO - DAG(s) 'example_task_group' retrieved from /home/airflow/.local/lib/python3.12/site-packages/airflow/example_dags/example_task_group.py
[2024-06-10T14:11:52.112+0000] {logging_mixin.py:188} INFO - [2024-06-10T14:11:52.112+0000] {dag.py:3096} INFO - Sync 1 DAGs
[2024-06-10T14:11:52.141+0000] {logging_mixin.py:188} INFO - [2024-06-10T14:11:52.141+0000] {dag.py:3954} INFO - Setting next_dagrun for example_task_group to 2024-06-09 00:00:00+00:00, run_after=2024-06-10 00:00:00+00:00
[2024-06-10T14:11:52.165+0000] {processor.py:183} INFO - Processing /home/airflow/.local/lib/python3.12/site-packages/airflow/example_dags/example_task_group.py took 0.108 seconds
[2024-06-10T14:12:22.846+0000] {processor.py:161} INFO - Started process (PID=738) to work on /home/airflow/.local/lib/python3.12/site-packages/airflow/example_dags/example_task_group.py
[2024-06-10T14:12:22.847+0000] {processor.py:830} INFO - Processing file /home/airflow/.local/lib/python3.12/site-packages/airflow/example_dags/example_task_group.py for tasks to queue
[2024-06-10T14:12:22.849+0000] {logging_mixin.py:188} INFO - [2024-06-10T14:12:22.849+0000] {dagbag.py:545} INFO - Filling up the DagBag from /home/airflow/.local/lib/python3.12/site-packages/airflow/example_dags/example_task_group.py
[2024-06-10T14:12:22.857+0000] {processor.py:840} INFO - DAG(s) 'example_task_group' retrieved from /home/airflow/.local/lib/python3.12/site-packages/airflow/example_dags/example_task_group.py
[2024-06-10T14:12:22.879+0000] {logging_mixin.py:188} INFO - [2024-06-10T14:12:22.879+0000] {dag.py:3096} INFO - Sync 1 DAGs
[2024-06-10T14:12:22.901+0000] {logging_mixin.py:188} INFO - [2024-06-10T14:12:22.900+0000] {dag.py:3954} INFO - Setting next_dagrun for example_task_group to 2024-06-09 00:00:00+00:00, run_after=2024-06-10 00:00:00+00:00
[2024-06-10T14:12:22.924+0000] {processor.py:183} INFO - Processing /home/airflow/.local/lib/python3.12/site-packages/airflow/example_dags/example_task_group.py took 0.083 seconds
[2024-06-10T14:12:54.134+0000] {processor.py:161} INFO - Started process (PID=813) to work on /home/airflow/.local/lib/python3.12/site-packages/airflow/example_dags/example_task_group.py
[2024-06-10T14:12:54.138+0000] {processor.py:830} INFO - Processing file /home/airflow/.local/lib/python3.12/site-packages/airflow/example_dags/example_task_group.py for tasks to queue
[2024-06-10T14:12:54.143+0000] {logging_mixin.py:188} INFO - [2024-06-10T14:12:54.143+0000] {dagbag.py:545} INFO - Filling up the DagBag from /home/airflow/.local/lib/python3.12/site-packages/airflow/example_dags/example_task_group.py
[2024-06-10T14:12:54.153+0000] {processor.py:840} INFO - DAG(s) 'example_task_group' retrieved from /home/airflow/.local/lib/python3.12/site-packages/airflow/example_dags/example_task_group.py
[2024-06-10T14:12:54.391+0000] {logging_mixin.py:188} INFO - [2024-06-10T14:12:54.391+0000] {dag.py:3096} INFO - Sync 1 DAGs
[2024-06-10T14:12:54.419+0000] {logging_mixin.py:188} INFO - [2024-06-10T14:12:54.419+0000] {dag.py:3954} INFO - Setting next_dagrun for example_task_group to 2024-06-09 00:00:00+00:00, run_after=2024-06-10 00:00:00+00:00
[2024-06-10T14:12:54.448+0000] {processor.py:183} INFO - Processing /home/airflow/.local/lib/python3.12/site-packages/airflow/example_dags/example_task_group.py took 0.322 seconds
[2024-06-10T14:13:24.605+0000] {processor.py:161} INFO - Started process (PID=882) to work on /home/airflow/.local/lib/python3.12/site-packages/airflow/example_dags/example_task_group.py
[2024-06-10T14:13:24.613+0000] {processor.py:830} INFO - Processing file /home/airflow/.local/lib/python3.12/site-packages/airflow/example_dags/example_task_group.py for tasks to queue
[2024-06-10T14:13:24.616+0000] {logging_mixin.py:188} INFO - [2024-06-10T14:13:24.616+0000] {dagbag.py:545} INFO - Filling up the DagBag from /home/airflow/.local/lib/python3.12/site-packages/airflow/example_dags/example_task_group.py
[2024-06-10T14:13:24.630+0000] {processor.py:840} INFO - DAG(s) 'example_task_group' retrieved from /home/airflow/.local/lib/python3.12/site-packages/airflow/example_dags/example_task_group.py
[2024-06-10T14:13:24.660+0000] {logging_mixin.py:188} INFO - [2024-06-10T14:13:24.660+0000] {dag.py:3096} INFO - Sync 1 DAGs
[2024-06-10T14:13:24.697+0000] {logging_mixin.py:188} INFO - [2024-06-10T14:13:24.696+0000] {dag.py:3954} INFO - Setting next_dagrun for example_task_group to 2024-06-09 00:00:00+00:00, run_after=2024-06-10 00:00:00+00:00
[2024-06-10T14:13:24.732+0000] {processor.py:183} INFO - Processing /home/airflow/.local/lib/python3.12/site-packages/airflow/example_dags/example_task_group.py took 0.134 seconds
[2024-06-10T14:13:55.441+0000] {processor.py:161} INFO - Started process (PID=951) to work on /home/airflow/.local/lib/python3.12/site-packages/airflow/example_dags/example_task_group.py
[2024-06-10T14:13:55.443+0000] {processor.py:830} INFO - Processing file /home/airflow/.local/lib/python3.12/site-packages/airflow/example_dags/example_task_group.py for tasks to queue
[2024-06-10T14:13:55.445+0000] {logging_mixin.py:188} INFO - [2024-06-10T14:13:55.445+0000] {dagbag.py:545} INFO - Filling up the DagBag from /home/airflow/.local/lib/python3.12/site-packages/airflow/example_dags/example_task_group.py
[2024-06-10T14:13:55.452+0000] {processor.py:840} INFO - DAG(s) 'example_task_group' retrieved from /home/airflow/.local/lib/python3.12/site-packages/airflow/example_dags/example_task_group.py
[2024-06-10T14:13:55.474+0000] {logging_mixin.py:188} INFO - [2024-06-10T14:13:55.474+0000] {dag.py:3096} INFO - Sync 1 DAGs
[2024-06-10T14:13:55.495+0000] {logging_mixin.py:188} INFO - [2024-06-10T14:13:55.494+0000] {dag.py:3954} INFO - Setting next_dagrun for example_task_group to 2024-06-09 00:00:00+00:00, run_after=2024-06-10 00:00:00+00:00
[2024-06-10T14:13:55.518+0000] {processor.py:183} INFO - Processing /home/airflow/.local/lib/python3.12/site-packages/airflow/example_dags/example_task_group.py took 0.081 seconds
[2024-06-10T14:14:25.708+0000] {processor.py:161} INFO - Started process (PID=1020) to work on /home/airflow/.local/lib/python3.12/site-packages/airflow/example_dags/example_task_group.py
[2024-06-10T14:14:25.710+0000] {processor.py:830} INFO - Processing file /home/airflow/.local/lib/python3.12/site-packages/airflow/example_dags/example_task_group.py for tasks to queue
[2024-06-10T14:14:25.713+0000] {logging_mixin.py:188} INFO - [2024-06-10T14:14:25.712+0000] {dagbag.py:545} INFO - Filling up the DagBag from /home/airflow/.local/lib/python3.12/site-packages/airflow/example_dags/example_task_group.py
[2024-06-10T14:14:25.722+0000] {processor.py:840} INFO - DAG(s) 'example_task_group' retrieved from /home/airflow/.local/lib/python3.12/site-packages/airflow/example_dags/example_task_group.py
[2024-06-10T14:14:25.747+0000] {logging_mixin.py:188} INFO - [2024-06-10T14:14:25.746+0000] {dag.py:3096} INFO - Sync 1 DAGs
[2024-06-10T14:14:25.772+0000] {logging_mixin.py:188} INFO - [2024-06-10T14:14:25.772+0000] {dag.py:3954} INFO - Setting next_dagrun for example_task_group to 2024-06-09 00:00:00+00:00, run_after=2024-06-10 00:00:00+00:00
[2024-06-10T14:14:25.793+0000] {processor.py:183} INFO - Processing /home/airflow/.local/lib/python3.12/site-packages/airflow/example_dags/example_task_group.py took 0.092 seconds
[2024-06-10T14:14:56.015+0000] {processor.py:161} INFO - Started process (PID=1091) to work on /home/airflow/.local/lib/python3.12/site-packages/airflow/example_dags/example_task_group.py
[2024-06-10T14:14:56.016+0000] {processor.py:830} INFO - Processing file /home/airflow/.local/lib/python3.12/site-packages/airflow/example_dags/example_task_group.py for tasks to queue
[2024-06-10T14:14:56.019+0000] {logging_mixin.py:188} INFO - [2024-06-10T14:14:56.019+0000] {dagbag.py:545} INFO - Filling up the DagBag from /home/airflow/.local/lib/python3.12/site-packages/airflow/example_dags/example_task_group.py
[2024-06-10T14:14:56.027+0000] {processor.py:840} INFO - DAG(s) 'example_task_group' retrieved from /home/airflow/.local/lib/python3.12/site-packages/airflow/example_dags/example_task_group.py
[2024-06-10T14:14:56.056+0000] {logging_mixin.py:188} INFO - [2024-06-10T14:14:56.055+0000] {dag.py:3096} INFO - Sync 1 DAGs
[2024-06-10T14:14:56.086+0000] {logging_mixin.py:188} INFO - [2024-06-10T14:14:56.086+0000] {dag.py:3954} INFO - Setting next_dagrun for example_task_group to 2024-06-09 00:00:00+00:00, run_after=2024-06-10 00:00:00+00:00
[2024-06-10T14:14:56.111+0000] {processor.py:183} INFO - Processing /home/airflow/.local/lib/python3.12/site-packages/airflow/example_dags/example_task_group.py took 0.104 seconds
[2024-06-10T14:15:26.267+0000] {processor.py:161} INFO - Started process (PID=1159) to work on /home/airflow/.local/lib/python3.12/site-packages/airflow/example_dags/example_task_group.py
[2024-06-10T14:15:26.268+0000] {processor.py:830} INFO - Processing file /home/airflow/.local/lib/python3.12/site-packages/airflow/example_dags/example_task_group.py for tasks to queue
[2024-06-10T14:15:26.269+0000] {logging_mixin.py:188} INFO - [2024-06-10T14:15:26.269+0000] {dagbag.py:545} INFO - Filling up the DagBag from /home/airflow/.local/lib/python3.12/site-packages/airflow/example_dags/example_task_group.py
[2024-06-10T14:15:26.276+0000] {processor.py:840} INFO - DAG(s) 'example_task_group' retrieved from /home/airflow/.local/lib/python3.12/site-packages/airflow/example_dags/example_task_group.py
[2024-06-10T14:15:26.297+0000] {logging_mixin.py:188} INFO - [2024-06-10T14:15:26.297+0000] {dag.py:3096} INFO - Sync 1 DAGs
[2024-06-10T14:15:26.316+0000] {logging_mixin.py:188} INFO - [2024-06-10T14:15:26.315+0000] {dag.py:3954} INFO - Setting next_dagrun for example_task_group to 2024-06-09 00:00:00+00:00, run_after=2024-06-10 00:00:00+00:00
[2024-06-10T14:15:26.335+0000] {processor.py:183} INFO - Processing /home/airflow/.local/lib/python3.12/site-packages/airflow/example_dags/example_task_group.py took 0.073 seconds
[2024-06-10T14:15:56.439+0000] {processor.py:161} INFO - Started process (PID=1218) to work on /home/airflow/.local/lib/python3.12/site-packages/airflow/example_dags/example_task_group.py
[2024-06-10T14:15:56.441+0000] {processor.py:830} INFO - Processing file /home/airflow/.local/lib/python3.12/site-packages/airflow/example_dags/example_task_group.py for tasks to queue
[2024-06-10T14:15:56.443+0000] {logging_mixin.py:188} INFO - [2024-06-10T14:15:56.442+0000] {dagbag.py:545} INFO - Filling up the DagBag from /home/airflow/.local/lib/python3.12/site-packages/airflow/example_dags/example_task_group.py
[2024-06-10T14:15:56.456+0000] {processor.py:840} INFO - DAG(s) 'example_task_group' retrieved from /home/airflow/.local/lib/python3.12/site-packages/airflow/example_dags/example_task_group.py
[2024-06-10T14:15:56.484+0000] {logging_mixin.py:188} INFO - [2024-06-10T14:15:56.484+0000] {dag.py:3096} INFO - Sync 1 DAGs
[2024-06-10T14:15:56.513+0000] {logging_mixin.py:188} INFO - [2024-06-10T14:15:56.513+0000] {dag.py:3954} INFO - Setting next_dagrun for example_task_group to 2024-06-09 00:00:00+00:00, run_after=2024-06-10 00:00:00+00:00
[2024-06-10T14:15:56.546+0000] {processor.py:183} INFO - Processing /home/airflow/.local/lib/python3.12/site-packages/airflow/example_dags/example_task_group.py took 0.117 seconds
[2024-06-10T14:16:26.716+0000] {processor.py:161} INFO - Started process (PID=1278) to work on /home/airflow/.local/lib/python3.12/site-packages/airflow/example_dags/example_task_group.py
[2024-06-10T14:16:26.717+0000] {processor.py:830} INFO - Processing file /home/airflow/.local/lib/python3.12/site-packages/airflow/example_dags/example_task_group.py for tasks to queue
[2024-06-10T14:16:26.718+0000] {logging_mixin.py:188} INFO - [2024-06-10T14:16:26.718+0000] {dagbag.py:545} INFO - Filling up the DagBag from /home/airflow/.local/lib/python3.12/site-packages/airflow/example_dags/example_task_group.py
[2024-06-10T14:16:26.727+0000] {processor.py:840} INFO - DAG(s) 'example_task_group' retrieved from /home/airflow/.local/lib/python3.12/site-packages/airflow/example_dags/example_task_group.py
[2024-06-10T14:16:26.748+0000] {logging_mixin.py:188} INFO - [2024-06-10T14:16:26.748+0000] {dag.py:3096} INFO - Sync 1 DAGs
[2024-06-10T14:16:26.771+0000] {logging_mixin.py:188} INFO - [2024-06-10T14:16:26.771+0000] {dag.py:3954} INFO - Setting next_dagrun for example_task_group to 2024-06-09 00:00:00+00:00, run_after=2024-06-10 00:00:00+00:00
[2024-06-10T14:16:26.793+0000] {processor.py:183} INFO - Processing /home/airflow/.local/lib/python3.12/site-packages/airflow/example_dags/example_task_group.py took 0.083 seconds
[2024-06-10T14:16:56.991+0000] {processor.py:161} INFO - Started process (PID=1338) to work on /home/airflow/.local/lib/python3.12/site-packages/airflow/example_dags/example_task_group.py
[2024-06-10T14:16:56.992+0000] {processor.py:830} INFO - Processing file /home/airflow/.local/lib/python3.12/site-packages/airflow/example_dags/example_task_group.py for tasks to queue
[2024-06-10T14:16:56.993+0000] {logging_mixin.py:188} INFO - [2024-06-10T14:16:56.993+0000] {dagbag.py:545} INFO - Filling up the DagBag from /home/airflow/.local/lib/python3.12/site-packages/airflow/example_dags/example_task_group.py
[2024-06-10T14:16:57.001+0000] {processor.py:840} INFO - DAG(s) 'example_task_group' retrieved from /home/airflow/.local/lib/python3.12/site-packages/airflow/example_dags/example_task_group.py
[2024-06-10T14:16:57.013+0000] {logging_mixin.py:188} INFO - [2024-06-10T14:16:57.013+0000] {dag.py:3096} INFO - Sync 1 DAGs
[2024-06-10T14:16:57.044+0000] {logging_mixin.py:188} INFO - [2024-06-10T14:16:57.044+0000] {dag.py:3954} INFO - Setting next_dagrun for example_task_group to 2024-06-09 00:00:00+00:00, run_after=2024-06-10 00:00:00+00:00
[2024-06-10T14:16:57.065+0000] {processor.py:183} INFO - Processing /home/airflow/.local/lib/python3.12/site-packages/airflow/example_dags/example_task_group.py took 0.080 seconds
[2024-06-10T14:17:28.114+0000] {processor.py:161} INFO - Started process (PID=1398) to work on /home/airflow/.local/lib/python3.12/site-packages/airflow/example_dags/example_task_group.py
[2024-06-10T14:17:28.115+0000] {processor.py:830} INFO - Processing file /home/airflow/.local/lib/python3.12/site-packages/airflow/example_dags/example_task_group.py for tasks to queue
[2024-06-10T14:17:28.116+0000] {logging_mixin.py:188} INFO - [2024-06-10T14:17:28.116+0000] {dagbag.py:545} INFO - Filling up the DagBag from /home/airflow/.local/lib/python3.12/site-packages/airflow/example_dags/example_task_group.py
[2024-06-10T14:17:28.126+0000] {processor.py:840} INFO - DAG(s) 'example_task_group' retrieved from /home/airflow/.local/lib/python3.12/site-packages/airflow/example_dags/example_task_group.py
[2024-06-10T14:17:28.234+0000] {logging_mixin.py:188} INFO - [2024-06-10T14:17:28.234+0000] {dag.py:3096} INFO - Sync 1 DAGs
[2024-06-10T14:17:28.256+0000] {logging_mixin.py:188} INFO - [2024-06-10T14:17:28.255+0000] {dag.py:3954} INFO - Setting next_dagrun for example_task_group to 2024-06-09 00:00:00+00:00, run_after=2024-06-10 00:00:00+00:00
[2024-06-10T14:17:28.277+0000] {processor.py:183} INFO - Processing /home/airflow/.local/lib/python3.12/site-packages/airflow/example_dags/example_task_group.py took 0.170 seconds
[2024-06-10T14:17:59.018+0000] {processor.py:161} INFO - Started process (PID=1458) to work on /home/airflow/.local/lib/python3.12/site-packages/airflow/example_dags/example_task_group.py
[2024-06-10T14:17:59.025+0000] {processor.py:830} INFO - Processing file /home/airflow/.local/lib/python3.12/site-packages/airflow/example_dags/example_task_group.py for tasks to queue
[2024-06-10T14:17:59.061+0000] {logging_mixin.py:188} INFO - [2024-06-10T14:17:59.060+0000] {dagbag.py:545} INFO - Filling up the DagBag from /home/airflow/.local/lib/python3.12/site-packages/airflow/example_dags/example_task_group.py
[2024-06-10T14:17:59.106+0000] {processor.py:840} INFO - DAG(s) 'example_task_group' retrieved from /home/airflow/.local/lib/python3.12/site-packages/airflow/example_dags/example_task_group.py
[2024-06-10T14:17:59.141+0000] {logging_mixin.py:188} INFO - [2024-06-10T14:17:59.141+0000] {dag.py:3096} INFO - Sync 1 DAGs
[2024-06-10T14:17:59.179+0000] {logging_mixin.py:188} INFO - [2024-06-10T14:17:59.178+0000] {dag.py:3954} INFO - Setting next_dagrun for example_task_group to 2024-06-09 00:00:00+00:00, run_after=2024-06-10 00:00:00+00:00
[2024-06-10T14:17:59.204+0000] {processor.py:183} INFO - Processing /home/airflow/.local/lib/python3.12/site-packages/airflow/example_dags/example_task_group.py took 0.217 seconds
[2024-06-10T14:18:30.052+0000] {processor.py:161} INFO - Started process (PID=1518) to work on /home/airflow/.local/lib/python3.12/site-packages/airflow/example_dags/example_task_group.py
[2024-06-10T14:18:30.053+0000] {processor.py:830} INFO - Processing file /home/airflow/.local/lib/python3.12/site-packages/airflow/example_dags/example_task_group.py for tasks to queue
[2024-06-10T14:18:30.055+0000] {logging_mixin.py:188} INFO - [2024-06-10T14:18:30.054+0000] {dagbag.py:545} INFO - Filling up the DagBag from /home/airflow/.local/lib/python3.12/site-packages/airflow/example_dags/example_task_group.py
[2024-06-10T14:18:30.065+0000] {processor.py:840} INFO - DAG(s) 'example_task_group' retrieved from /home/airflow/.local/lib/python3.12/site-packages/airflow/example_dags/example_task_group.py
[2024-06-10T14:18:30.079+0000] {logging_mixin.py:188} INFO - [2024-06-10T14:18:30.078+0000] {dag.py:3096} INFO - Sync 1 DAGs
[2024-06-10T14:18:30.104+0000] {logging_mixin.py:188} INFO - [2024-06-10T14:18:30.104+0000] {dag.py:3954} INFO - Setting next_dagrun for example_task_group to 2024-06-09 00:00:00+00:00, run_after=2024-06-10 00:00:00+00:00
[2024-06-10T14:18:30.128+0000] {processor.py:183} INFO - Processing /home/airflow/.local/lib/python3.12/site-packages/airflow/example_dags/example_task_group.py took 0.081 seconds
[2024-06-10T14:19:00.994+0000] {processor.py:161} INFO - Started process (PID=1578) to work on /home/airflow/.local/lib/python3.12/site-packages/airflow/example_dags/example_task_group.py
[2024-06-10T14:19:00.996+0000] {processor.py:830} INFO - Processing file /home/airflow/.local/lib/python3.12/site-packages/airflow/example_dags/example_task_group.py for tasks to queue
[2024-06-10T14:19:00.997+0000] {logging_mixin.py:188} INFO - [2024-06-10T14:19:00.997+0000] {dagbag.py:545} INFO - Filling up the DagBag from /home/airflow/.local/lib/python3.12/site-packages/airflow/example_dags/example_task_group.py
[2024-06-10T14:19:01.004+0000] {processor.py:840} INFO - DAG(s) 'example_task_group' retrieved from /home/airflow/.local/lib/python3.12/site-packages/airflow/example_dags/example_task_group.py
[2024-06-10T14:19:01.113+0000] {logging_mixin.py:188} INFO - [2024-06-10T14:19:01.112+0000] {dag.py:3096} INFO - Sync 1 DAGs
[2024-06-10T14:19:01.133+0000] {logging_mixin.py:188} INFO - [2024-06-10T14:19:01.133+0000] {dag.py:3954} INFO - Setting next_dagrun for example_task_group to 2024-06-09 00:00:00+00:00, run_after=2024-06-10 00:00:00+00:00
[2024-06-10T14:19:01.157+0000] {processor.py:183} INFO - Processing /home/airflow/.local/lib/python3.12/site-packages/airflow/example_dags/example_task_group.py took 0.169 seconds
[2024-06-10T14:19:31.313+0000] {processor.py:161} INFO - Started process (PID=1638) to work on /home/airflow/.local/lib/python3.12/site-packages/airflow/example_dags/example_task_group.py
[2024-06-10T14:19:31.315+0000] {processor.py:830} INFO - Processing file /home/airflow/.local/lib/python3.12/site-packages/airflow/example_dags/example_task_group.py for tasks to queue
[2024-06-10T14:19:31.316+0000] {logging_mixin.py:188} INFO - [2024-06-10T14:19:31.316+0000] {dagbag.py:545} INFO - Filling up the DagBag from /home/airflow/.local/lib/python3.12/site-packages/airflow/example_dags/example_task_group.py
[2024-06-10T14:19:31.327+0000] {processor.py:840} INFO - DAG(s) 'example_task_group' retrieved from /home/airflow/.local/lib/python3.12/site-packages/airflow/example_dags/example_task_group.py
[2024-06-10T14:19:31.351+0000] {logging_mixin.py:188} INFO - [2024-06-10T14:19:31.351+0000] {dag.py:3096} INFO - Sync 1 DAGs
[2024-06-10T14:19:31.373+0000] {logging_mixin.py:188} INFO - [2024-06-10T14:19:31.373+0000] {dag.py:3954} INFO - Setting next_dagrun for example_task_group to 2024-06-09 00:00:00+00:00, run_after=2024-06-10 00:00:00+00:00
[2024-06-10T14:19:31.397+0000] {processor.py:183} INFO - Processing /home/airflow/.local/lib/python3.12/site-packages/airflow/example_dags/example_task_group.py took 0.089 seconds
[2024-06-10T14:20:01.498+0000] {processor.py:161} INFO - Started process (PID=1698) to work on /home/airflow/.local/lib/python3.12/site-packages/airflow/example_dags/example_task_group.py
[2024-06-10T14:20:01.500+0000] {processor.py:830} INFO - Processing file /home/airflow/.local/lib/python3.12/site-packages/airflow/example_dags/example_task_group.py for tasks to queue
[2024-06-10T14:20:01.501+0000] {logging_mixin.py:188} INFO - [2024-06-10T14:20:01.501+0000] {dagbag.py:545} INFO - Filling up the DagBag from /home/airflow/.local/lib/python3.12/site-packages/airflow/example_dags/example_task_group.py
[2024-06-10T14:20:01.512+0000] {processor.py:840} INFO - DAG(s) 'example_task_group' retrieved from /home/airflow/.local/lib/python3.12/site-packages/airflow/example_dags/example_task_group.py
[2024-06-10T14:20:01.540+0000] {logging_mixin.py:188} INFO - [2024-06-10T14:20:01.539+0000] {dag.py:3096} INFO - Sync 1 DAGs
[2024-06-10T14:20:01.569+0000] {logging_mixin.py:188} INFO - [2024-06-10T14:20:01.569+0000] {dag.py:3954} INFO - Setting next_dagrun for example_task_group to 2024-06-09 00:00:00+00:00, run_after=2024-06-10 00:00:00+00:00
[2024-06-10T14:20:01.590+0000] {processor.py:183} INFO - Processing /home/airflow/.local/lib/python3.12/site-packages/airflow/example_dags/example_task_group.py took 0.101 seconds
[2024-06-10T14:20:31.997+0000] {processor.py:161} INFO - Started process (PID=1758) to work on /home/airflow/.local/lib/python3.12/site-packages/airflow/example_dags/example_task_group.py
[2024-06-10T14:20:31.998+0000] {processor.py:830} INFO - Processing file /home/airflow/.local/lib/python3.12/site-packages/airflow/example_dags/example_task_group.py for tasks to queue
[2024-06-10T14:20:31.999+0000] {logging_mixin.py:188} INFO - [2024-06-10T14:20:31.999+0000] {dagbag.py:545} INFO - Filling up the DagBag from /home/airflow/.local/lib/python3.12/site-packages/airflow/example_dags/example_task_group.py
[2024-06-10T14:20:32.007+0000] {processor.py:840} INFO - DAG(s) 'example_task_group' retrieved from /home/airflow/.local/lib/python3.12/site-packages/airflow/example_dags/example_task_group.py
[2024-06-10T14:20:32.033+0000] {logging_mixin.py:188} INFO - [2024-06-10T14:20:32.032+0000] {dag.py:3096} INFO - Sync 1 DAGs
[2024-06-10T14:20:32.060+0000] {logging_mixin.py:188} INFO - [2024-06-10T14:20:32.059+0000] {dag.py:3954} INFO - Setting next_dagrun for example_task_group to 2024-06-09 00:00:00+00:00, run_after=2024-06-10 00:00:00+00:00
[2024-06-10T14:20:32.083+0000] {processor.py:183} INFO - Processing /home/airflow/.local/lib/python3.12/site-packages/airflow/example_dags/example_task_group.py took 0.091 seconds
[2024-06-10T14:21:02.293+0000] {processor.py:161} INFO - Started process (PID=1818) to work on /home/airflow/.local/lib/python3.12/site-packages/airflow/example_dags/example_task_group.py
[2024-06-10T14:21:02.294+0000] {processor.py:830} INFO - Processing file /home/airflow/.local/lib/python3.12/site-packages/airflow/example_dags/example_task_group.py for tasks to queue
[2024-06-10T14:21:02.295+0000] {logging_mixin.py:188} INFO - [2024-06-10T14:21:02.295+0000] {dagbag.py:545} INFO - Filling up the DagBag from /home/airflow/.local/lib/python3.12/site-packages/airflow/example_dags/example_task_group.py
[2024-06-10T14:21:02.302+0000] {processor.py:840} INFO - DAG(s) 'example_task_group' retrieved from /home/airflow/.local/lib/python3.12/site-packages/airflow/example_dags/example_task_group.py
[2024-06-10T14:21:02.323+0000] {logging_mixin.py:188} INFO - [2024-06-10T14:21:02.323+0000] {dag.py:3096} INFO - Sync 1 DAGs
[2024-06-10T14:21:02.344+0000] {logging_mixin.py:188} INFO - [2024-06-10T14:21:02.343+0000] {dag.py:3954} INFO - Setting next_dagrun for example_task_group to 2024-06-09 00:00:00+00:00, run_after=2024-06-10 00:00:00+00:00
[2024-06-10T14:21:02.364+0000] {processor.py:183} INFO - Processing /home/airflow/.local/lib/python3.12/site-packages/airflow/example_dags/example_task_group.py took 0.076 seconds
[2024-06-10T14:21:32.632+0000] {processor.py:161} INFO - Started process (PID=1878) to work on /home/airflow/.local/lib/python3.12/site-packages/airflow/example_dags/example_task_group.py
[2024-06-10T14:21:32.633+0000] {processor.py:830} INFO - Processing file /home/airflow/.local/lib/python3.12/site-packages/airflow/example_dags/example_task_group.py for tasks to queue
[2024-06-10T14:21:32.634+0000] {logging_mixin.py:188} INFO - [2024-06-10T14:21:32.634+0000] {dagbag.py:545} INFO - Filling up the DagBag from /home/airflow/.local/lib/python3.12/site-packages/airflow/example_dags/example_task_group.py
[2024-06-10T14:21:32.642+0000] {processor.py:840} INFO - DAG(s) 'example_task_group' retrieved from /home/airflow/.local/lib/python3.12/site-packages/airflow/example_dags/example_task_group.py
[2024-06-10T14:21:32.663+0000] {logging_mixin.py:188} INFO - [2024-06-10T14:21:32.663+0000] {dag.py:3096} INFO - Sync 1 DAGs
[2024-06-10T14:21:32.688+0000] {logging_mixin.py:188} INFO - [2024-06-10T14:21:32.687+0000] {dag.py:3954} INFO - Setting next_dagrun for example_task_group to 2024-06-09 00:00:00+00:00, run_after=2024-06-10 00:00:00+00:00
[2024-06-10T14:21:32.709+0000] {processor.py:183} INFO - Processing /home/airflow/.local/lib/python3.12/site-packages/airflow/example_dags/example_task_group.py took 0.083 seconds
[2024-06-10T14:26:06.294+0000] {processor.py:161} INFO - Started process (PID=46) to work on /home/airflow/.local/lib/python3.12/site-packages/airflow/example_dags/example_task_group.py
[2024-06-10T14:26:07.091+0000] {processor.py:830} INFO - Processing file /home/airflow/.local/lib/python3.12/site-packages/airflow/example_dags/example_task_group.py for tasks to queue
[2024-06-10T14:26:09.852+0000] {logging_mixin.py:188} INFO - [2024-06-10T14:26:07.570+0000] {dagbag.py:545} INFO - Filling up the DagBag from /home/airflow/.local/lib/python3.12/site-packages/airflow/example_dags/example_task_group.py
[2024-06-10T14:26:12.076+0000] {processor.py:840} INFO - DAG(s) 'example_task_group' retrieved from /home/airflow/.local/lib/python3.12/site-packages/airflow/example_dags/example_task_group.py
[2024-06-10T14:26:12.597+0000] {logging_mixin.py:188} INFO - [2024-06-10T14:26:12.596+0000] {override.py:1829} INFO - Created Permission View: can delete on DAG:example_task_group
[2024-06-10T14:26:12.631+0000] {logging_mixin.py:188} INFO - [2024-06-10T14:26:12.630+0000] {override.py:1829} INFO - Created Permission View: can read on DAG:example_task_group
[2024-06-10T14:26:12.648+0000] {logging_mixin.py:188} INFO - [2024-06-10T14:26:12.648+0000] {override.py:1829} INFO - Created Permission View: can edit on DAG:example_task_group
[2024-06-10T14:26:12.649+0000] {logging_mixin.py:188} INFO - [2024-06-10T14:26:12.649+0000] {dag.py:3096} INFO - Sync 1 DAGs
[2024-06-10T14:26:12.670+0000] {logging_mixin.py:188} INFO - [2024-06-10T14:26:12.669+0000] {dag.py:3118} INFO - Creating ORM DAG for example_task_group
[2024-06-10T14:26:12.685+0000] {logging_mixin.py:188} INFO - [2024-06-10T14:26:12.685+0000] {dag.py:3954} INFO - Setting next_dagrun for example_task_group to 2024-06-09 00:00:00+00:00, run_after=2024-06-10 00:00:00+00:00
[2024-06-10T14:26:12.713+0000] {processor.py:183} INFO - Processing /home/airflow/.local/lib/python3.12/site-packages/airflow/example_dags/example_task_group.py took 6.881 seconds
[2024-06-10T14:26:42.893+0000] {processor.py:161} INFO - Started process (PID=106) to work on /home/airflow/.local/lib/python3.12/site-packages/airflow/example_dags/example_task_group.py
[2024-06-10T14:26:42.895+0000] {processor.py:830} INFO - Processing file /home/airflow/.local/lib/python3.12/site-packages/airflow/example_dags/example_task_group.py for tasks to queue
[2024-06-10T14:26:42.897+0000] {logging_mixin.py:188} INFO - [2024-06-10T14:26:42.897+0000] {dagbag.py:545} INFO - Filling up the DagBag from /home/airflow/.local/lib/python3.12/site-packages/airflow/example_dags/example_task_group.py
[2024-06-10T14:26:42.907+0000] {processor.py:840} INFO - DAG(s) 'example_task_group' retrieved from /home/airflow/.local/lib/python3.12/site-packages/airflow/example_dags/example_task_group.py
[2024-06-10T14:26:42.922+0000] {logging_mixin.py:188} INFO - [2024-06-10T14:26:42.922+0000] {dag.py:3096} INFO - Sync 1 DAGs
[2024-06-10T14:26:42.953+0000] {logging_mixin.py:188} INFO - [2024-06-10T14:26:42.952+0000] {dag.py:3954} INFO - Setting next_dagrun for example_task_group to 2024-06-09 00:00:00+00:00, run_after=2024-06-10 00:00:00+00:00
[2024-06-10T14:26:42.991+0000] {processor.py:183} INFO - Processing /home/airflow/.local/lib/python3.12/site-packages/airflow/example_dags/example_task_group.py took 0.103 seconds
[2024-06-10T14:27:13.276+0000] {processor.py:161} INFO - Started process (PID=166) to work on /home/airflow/.local/lib/python3.12/site-packages/airflow/example_dags/example_task_group.py
[2024-06-10T14:27:13.278+0000] {processor.py:830} INFO - Processing file /home/airflow/.local/lib/python3.12/site-packages/airflow/example_dags/example_task_group.py for tasks to queue
[2024-06-10T14:27:13.280+0000] {logging_mixin.py:188} INFO - [2024-06-10T14:27:13.280+0000] {dagbag.py:545} INFO - Filling up the DagBag from /home/airflow/.local/lib/python3.12/site-packages/airflow/example_dags/example_task_group.py
[2024-06-10T14:27:13.288+0000] {processor.py:840} INFO - DAG(s) 'example_task_group' retrieved from /home/airflow/.local/lib/python3.12/site-packages/airflow/example_dags/example_task_group.py
[2024-06-10T14:27:13.403+0000] {logging_mixin.py:188} INFO - [2024-06-10T14:27:13.403+0000] {dag.py:3096} INFO - Sync 1 DAGs
[2024-06-10T14:27:13.424+0000] {logging_mixin.py:188} INFO - [2024-06-10T14:27:13.423+0000] {dag.py:3954} INFO - Setting next_dagrun for example_task_group to 2024-06-09 00:00:00+00:00, run_after=2024-06-10 00:00:00+00:00
[2024-06-10T14:27:13.450+0000] {processor.py:183} INFO - Processing /home/airflow/.local/lib/python3.12/site-packages/airflow/example_dags/example_task_group.py took 0.180 seconds
[2024-06-10T14:27:43.805+0000] {processor.py:161} INFO - Started process (PID=226) to work on /home/airflow/.local/lib/python3.12/site-packages/airflow/example_dags/example_task_group.py
[2024-06-10T14:27:43.807+0000] {processor.py:830} INFO - Processing file /home/airflow/.local/lib/python3.12/site-packages/airflow/example_dags/example_task_group.py for tasks to queue
[2024-06-10T14:27:43.809+0000] {logging_mixin.py:188} INFO - [2024-06-10T14:27:43.809+0000] {dagbag.py:545} INFO - Filling up the DagBag from /home/airflow/.local/lib/python3.12/site-packages/airflow/example_dags/example_task_group.py
[2024-06-10T14:27:43.816+0000] {processor.py:840} INFO - DAG(s) 'example_task_group' retrieved from /home/airflow/.local/lib/python3.12/site-packages/airflow/example_dags/example_task_group.py
[2024-06-10T14:27:43.849+0000] {logging_mixin.py:188} INFO - [2024-06-10T14:27:43.849+0000] {dag.py:3096} INFO - Sync 1 DAGs
[2024-06-10T14:27:43.885+0000] {logging_mixin.py:188} INFO - [2024-06-10T14:27:43.885+0000] {dag.py:3954} INFO - Setting next_dagrun for example_task_group to 2024-06-09 00:00:00+00:00, run_after=2024-06-10 00:00:00+00:00
[2024-06-10T14:27:43.904+0000] {processor.py:183} INFO - Processing /home/airflow/.local/lib/python3.12/site-packages/airflow/example_dags/example_task_group.py took 0.103 seconds
[2024-06-10T14:28:14.200+0000] {processor.py:161} INFO - Started process (PID=285) to work on /home/airflow/.local/lib/python3.12/site-packages/airflow/example_dags/example_task_group.py
[2024-06-10T14:28:14.202+0000] {processor.py:830} INFO - Processing file /home/airflow/.local/lib/python3.12/site-packages/airflow/example_dags/example_task_group.py for tasks to queue
[2024-06-10T14:28:14.204+0000] {logging_mixin.py:188} INFO - [2024-06-10T14:28:14.203+0000] {dagbag.py:545} INFO - Filling up the DagBag from /home/airflow/.local/lib/python3.12/site-packages/airflow/example_dags/example_task_group.py
[2024-06-10T14:28:14.211+0000] {processor.py:840} INFO - DAG(s) 'example_task_group' retrieved from /home/airflow/.local/lib/python3.12/site-packages/airflow/example_dags/example_task_group.py
[2024-06-10T14:28:14.234+0000] {logging_mixin.py:188} INFO - [2024-06-10T14:28:14.233+0000] {dag.py:3096} INFO - Sync 1 DAGs
[2024-06-10T14:28:14.256+0000] {logging_mixin.py:188} INFO - [2024-06-10T14:28:14.256+0000] {dag.py:3954} INFO - Setting next_dagrun for example_task_group to 2024-06-09 00:00:00+00:00, run_after=2024-06-10 00:00:00+00:00
[2024-06-10T14:28:14.279+0000] {processor.py:183} INFO - Processing /home/airflow/.local/lib/python3.12/site-packages/airflow/example_dags/example_task_group.py took 0.084 seconds
[2024-06-10T14:28:44.398+0000] {processor.py:161} INFO - Started process (PID=345) to work on /home/airflow/.local/lib/python3.12/site-packages/airflow/example_dags/example_task_group.py
[2024-06-10T14:28:44.399+0000] {processor.py:830} INFO - Processing file /home/airflow/.local/lib/python3.12/site-packages/airflow/example_dags/example_task_group.py for tasks to queue
[2024-06-10T14:28:44.401+0000] {logging_mixin.py:188} INFO - [2024-06-10T14:28:44.401+0000] {dagbag.py:545} INFO - Filling up the DagBag from /home/airflow/.local/lib/python3.12/site-packages/airflow/example_dags/example_task_group.py
[2024-06-10T14:28:44.408+0000] {processor.py:840} INFO - DAG(s) 'example_task_group' retrieved from /home/airflow/.local/lib/python3.12/site-packages/airflow/example_dags/example_task_group.py
[2024-06-10T14:28:44.432+0000] {logging_mixin.py:188} INFO - [2024-06-10T14:28:44.431+0000] {dag.py:3096} INFO - Sync 1 DAGs
[2024-06-10T14:28:44.456+0000] {logging_mixin.py:188} INFO - [2024-06-10T14:28:44.455+0000] {dag.py:3954} INFO - Setting next_dagrun for example_task_group to 2024-06-09 00:00:00+00:00, run_after=2024-06-10 00:00:00+00:00
[2024-06-10T14:28:44.480+0000] {processor.py:183} INFO - Processing /home/airflow/.local/lib/python3.12/site-packages/airflow/example_dags/example_task_group.py took 0.087 seconds
