[2024-06-10T14:04:44.736+0000] {processor.py:161} INFO - Started process (PID=57) to work on /home/airflow/.local/lib/python3.12/site-packages/airflow/example_dags/example_external_task_marker_dag.py
[2024-06-10T14:04:44.737+0000] {processor.py:830} INFO - Processing file /home/airflow/.local/lib/python3.12/site-packages/airflow/example_dags/example_external_task_marker_dag.py for tasks to queue
[2024-06-10T14:04:44.741+0000] {logging_mixin.py:188} INFO - [2024-06-10T14:04:44.740+0000] {dagbag.py:545} INFO - Filling up the DagBag from /home/airflow/.local/lib/python3.12/site-packages/airflow/example_dags/example_external_task_marker_dag.py
[2024-06-10T14:04:44.762+0000] {processor.py:840} INFO - DAG(s) 'example_external_task_marker_parent', 'example_external_task_marker_child' retrieved from /home/airflow/.local/lib/python3.12/site-packages/airflow/example_dags/example_external_task_marker_dag.py
[2024-06-10T14:04:44.970+0000] {logging_mixin.py:188} INFO - [2024-06-10T14:04:44.969+0000] {dag.py:3096} INFO - Sync 2 DAGs
[2024-06-10T14:04:44.987+0000] {logging_mixin.py:188} INFO - [2024-06-10T14:04:44.987+0000] {dag.py:3954} INFO - Setting next_dagrun for example_external_task_marker_child to None, run_after=None
[2024-06-10T14:04:44.994+0000] {logging_mixin.py:188} INFO - [2024-06-10T14:04:44.993+0000] {dag.py:3954} INFO - Setting next_dagrun for example_external_task_marker_parent to None, run_after=None
[2024-06-10T14:04:45.038+0000] {processor.py:183} INFO - Processing /home/airflow/.local/lib/python3.12/site-packages/airflow/example_dags/example_external_task_marker_dag.py took 0.310 seconds
[2024-06-10T14:05:15.121+0000] {processor.py:161} INFO - Started process (PID=126) to work on /home/airflow/.local/lib/python3.12/site-packages/airflow/example_dags/example_external_task_marker_dag.py
[2024-06-10T14:05:15.122+0000] {processor.py:830} INFO - Processing file /home/airflow/.local/lib/python3.12/site-packages/airflow/example_dags/example_external_task_marker_dag.py for tasks to queue
[2024-06-10T14:05:15.124+0000] {logging_mixin.py:188} INFO - [2024-06-10T14:05:15.124+0000] {dagbag.py:545} INFO - Filling up the DagBag from /home/airflow/.local/lib/python3.12/site-packages/airflow/example_dags/example_external_task_marker_dag.py
[2024-06-10T14:05:15.130+0000] {processor.py:840} INFO - DAG(s) 'example_external_task_marker_child', 'example_external_task_marker_parent' retrieved from /home/airflow/.local/lib/python3.12/site-packages/airflow/example_dags/example_external_task_marker_dag.py
[2024-06-10T14:05:15.161+0000] {logging_mixin.py:188} INFO - [2024-06-10T14:05:15.160+0000] {dag.py:3096} INFO - Sync 2 DAGs
[2024-06-10T14:05:15.175+0000] {logging_mixin.py:188} INFO - [2024-06-10T14:05:15.175+0000] {dag.py:3954} INFO - Setting next_dagrun for example_external_task_marker_child to None, run_after=None
[2024-06-10T14:05:15.180+0000] {logging_mixin.py:188} INFO - [2024-06-10T14:05:15.180+0000] {dag.py:3954} INFO - Setting next_dagrun for example_external_task_marker_parent to None, run_after=None
[2024-06-10T14:05:15.200+0000] {processor.py:183} INFO - Processing /home/airflow/.local/lib/python3.12/site-packages/airflow/example_dags/example_external_task_marker_dag.py took 0.083 seconds
[2024-06-10T14:05:45.485+0000] {processor.py:161} INFO - Started process (PID=195) to work on /home/airflow/.local/lib/python3.12/site-packages/airflow/example_dags/example_external_task_marker_dag.py
[2024-06-10T14:05:45.486+0000] {processor.py:830} INFO - Processing file /home/airflow/.local/lib/python3.12/site-packages/airflow/example_dags/example_external_task_marker_dag.py for tasks to queue
[2024-06-10T14:05:45.489+0000] {logging_mixin.py:188} INFO - [2024-06-10T14:05:45.488+0000] {dagbag.py:545} INFO - Filling up the DagBag from /home/airflow/.local/lib/python3.12/site-packages/airflow/example_dags/example_external_task_marker_dag.py
[2024-06-10T14:05:45.494+0000] {processor.py:840} INFO - DAG(s) 'example_external_task_marker_parent', 'example_external_task_marker_child' retrieved from /home/airflow/.local/lib/python3.12/site-packages/airflow/example_dags/example_external_task_marker_dag.py
[2024-06-10T14:05:45.519+0000] {logging_mixin.py:188} INFO - [2024-06-10T14:05:45.519+0000] {dag.py:3096} INFO - Sync 2 DAGs
[2024-06-10T14:05:45.533+0000] {logging_mixin.py:188} INFO - [2024-06-10T14:05:45.533+0000] {dag.py:3954} INFO - Setting next_dagrun for example_external_task_marker_child to None, run_after=None
[2024-06-10T14:05:45.537+0000] {logging_mixin.py:188} INFO - [2024-06-10T14:05:45.537+0000] {dag.py:3954} INFO - Setting next_dagrun for example_external_task_marker_parent to None, run_after=None
[2024-06-10T14:05:45.560+0000] {processor.py:183} INFO - Processing /home/airflow/.local/lib/python3.12/site-packages/airflow/example_dags/example_external_task_marker_dag.py took 0.081 seconds
[2024-06-10T14:06:15.615+0000] {processor.py:161} INFO - Started process (PID=262) to work on /home/airflow/.local/lib/python3.12/site-packages/airflow/example_dags/example_external_task_marker_dag.py
[2024-06-10T14:06:15.617+0000] {processor.py:830} INFO - Processing file /home/airflow/.local/lib/python3.12/site-packages/airflow/example_dags/example_external_task_marker_dag.py for tasks to queue
[2024-06-10T14:06:15.619+0000] {logging_mixin.py:188} INFO - [2024-06-10T14:06:15.618+0000] {dagbag.py:545} INFO - Filling up the DagBag from /home/airflow/.local/lib/python3.12/site-packages/airflow/example_dags/example_external_task_marker_dag.py
[2024-06-10T14:06:15.624+0000] {processor.py:840} INFO - DAG(s) 'example_external_task_marker_parent', 'example_external_task_marker_child' retrieved from /home/airflow/.local/lib/python3.12/site-packages/airflow/example_dags/example_external_task_marker_dag.py
[2024-06-10T14:06:15.636+0000] {logging_mixin.py:188} INFO - [2024-06-10T14:06:15.636+0000] {dag.py:3096} INFO - Sync 2 DAGs
[2024-06-10T14:06:15.649+0000] {logging_mixin.py:188} INFO - [2024-06-10T14:06:15.649+0000] {dag.py:3954} INFO - Setting next_dagrun for example_external_task_marker_child to None, run_after=None
[2024-06-10T14:06:15.654+0000] {logging_mixin.py:188} INFO - [2024-06-10T14:06:15.654+0000] {dag.py:3954} INFO - Setting next_dagrun for example_external_task_marker_parent to None, run_after=None
[2024-06-10T14:06:15.672+0000] {processor.py:183} INFO - Processing /home/airflow/.local/lib/python3.12/site-packages/airflow/example_dags/example_external_task_marker_dag.py took 0.062 seconds
[2024-06-10T14:07:14.851+0000] {processor.py:161} INFO - Started process (PID=50) to work on /home/airflow/.local/lib/python3.12/site-packages/airflow/example_dags/example_external_task_marker_dag.py
[2024-06-10T14:07:14.853+0000] {processor.py:830} INFO - Processing file /home/airflow/.local/lib/python3.12/site-packages/airflow/example_dags/example_external_task_marker_dag.py for tasks to queue
[2024-06-10T14:07:14.855+0000] {logging_mixin.py:188} INFO - [2024-06-10T14:07:14.855+0000] {dagbag.py:545} INFO - Filling up the DagBag from /home/airflow/.local/lib/python3.12/site-packages/airflow/example_dags/example_external_task_marker_dag.py
[2024-06-10T14:07:14.864+0000] {processor.py:840} INFO - DAG(s) 'example_external_task_marker_child', 'example_external_task_marker_parent' retrieved from /home/airflow/.local/lib/python3.12/site-packages/airflow/example_dags/example_external_task_marker_dag.py
[2024-06-10T14:07:14.986+0000] {logging_mixin.py:188} INFO - [2024-06-10T14:07:14.985+0000] {dag.py:3096} INFO - Sync 2 DAGs
[2024-06-10T14:07:14.998+0000] {logging_mixin.py:188} INFO - [2024-06-10T14:07:14.997+0000] {dag.py:3954} INFO - Setting next_dagrun for example_external_task_marker_child to None, run_after=None
[2024-06-10T14:07:15.001+0000] {logging_mixin.py:188} INFO - [2024-06-10T14:07:15.001+0000] {dag.py:3954} INFO - Setting next_dagrun for example_external_task_marker_parent to None, run_after=None
[2024-06-10T14:07:15.160+0000] {processor.py:183} INFO - Processing /home/airflow/.local/lib/python3.12/site-packages/airflow/example_dags/example_external_task_marker_dag.py took 0.314 seconds
[2024-06-10T14:07:45.262+0000] {processor.py:161} INFO - Started process (PID=120) to work on /home/airflow/.local/lib/python3.12/site-packages/airflow/example_dags/example_external_task_marker_dag.py
[2024-06-10T14:07:45.263+0000] {processor.py:830} INFO - Processing file /home/airflow/.local/lib/python3.12/site-packages/airflow/example_dags/example_external_task_marker_dag.py for tasks to queue
[2024-06-10T14:07:45.266+0000] {logging_mixin.py:188} INFO - [2024-06-10T14:07:45.266+0000] {dagbag.py:545} INFO - Filling up the DagBag from /home/airflow/.local/lib/python3.12/site-packages/airflow/example_dags/example_external_task_marker_dag.py
[2024-06-10T14:07:45.278+0000] {processor.py:840} INFO - DAG(s) 'example_external_task_marker_parent', 'example_external_task_marker_child' retrieved from /home/airflow/.local/lib/python3.12/site-packages/airflow/example_dags/example_external_task_marker_dag.py
[2024-06-10T14:07:45.348+0000] {logging_mixin.py:188} INFO - [2024-06-10T14:07:45.347+0000] {dag.py:3096} INFO - Sync 2 DAGs
[2024-06-10T14:07:45.381+0000] {logging_mixin.py:188} INFO - [2024-06-10T14:07:45.380+0000] {dag.py:3954} INFO - Setting next_dagrun for example_external_task_marker_child to None, run_after=None
[2024-06-10T14:07:45.388+0000] {logging_mixin.py:188} INFO - [2024-06-10T14:07:45.387+0000] {dag.py:3954} INFO - Setting next_dagrun for example_external_task_marker_parent to None, run_after=None
[2024-06-10T14:07:45.915+0000] {processor.py:183} INFO - Processing /home/airflow/.local/lib/python3.12/site-packages/airflow/example_dags/example_external_task_marker_dag.py took 0.661 seconds
[2024-06-10T14:08:16.563+0000] {processor.py:161} INFO - Started process (PID=189) to work on /home/airflow/.local/lib/python3.12/site-packages/airflow/example_dags/example_external_task_marker_dag.py
[2024-06-10T14:08:16.565+0000] {processor.py:830} INFO - Processing file /home/airflow/.local/lib/python3.12/site-packages/airflow/example_dags/example_external_task_marker_dag.py for tasks to queue
[2024-06-10T14:08:16.568+0000] {logging_mixin.py:188} INFO - [2024-06-10T14:08:16.567+0000] {dagbag.py:545} INFO - Filling up the DagBag from /home/airflow/.local/lib/python3.12/site-packages/airflow/example_dags/example_external_task_marker_dag.py
[2024-06-10T14:08:16.574+0000] {processor.py:840} INFO - DAG(s) 'example_external_task_marker_child', 'example_external_task_marker_parent' retrieved from /home/airflow/.local/lib/python3.12/site-packages/airflow/example_dags/example_external_task_marker_dag.py
[2024-06-10T14:08:16.599+0000] {logging_mixin.py:188} INFO - [2024-06-10T14:08:16.599+0000] {dag.py:3096} INFO - Sync 2 DAGs
[2024-06-10T14:08:16.613+0000] {logging_mixin.py:188} INFO - [2024-06-10T14:08:16.613+0000] {dag.py:3954} INFO - Setting next_dagrun for example_external_task_marker_child to None, run_after=None
[2024-06-10T14:08:16.618+0000] {logging_mixin.py:188} INFO - [2024-06-10T14:08:16.618+0000] {dag.py:3954} INFO - Setting next_dagrun for example_external_task_marker_parent to None, run_after=None
[2024-06-10T14:08:16.636+0000] {processor.py:183} INFO - Processing /home/airflow/.local/lib/python3.12/site-packages/airflow/example_dags/example_external_task_marker_dag.py took 0.079 seconds
[2024-06-10T14:08:47.643+0000] {processor.py:161} INFO - Started process (PID=258) to work on /home/airflow/.local/lib/python3.12/site-packages/airflow/example_dags/example_external_task_marker_dag.py
[2024-06-10T14:08:47.645+0000] {processor.py:830} INFO - Processing file /home/airflow/.local/lib/python3.12/site-packages/airflow/example_dags/example_external_task_marker_dag.py for tasks to queue
[2024-06-10T14:08:47.647+0000] {logging_mixin.py:188} INFO - [2024-06-10T14:08:47.647+0000] {dagbag.py:545} INFO - Filling up the DagBag from /home/airflow/.local/lib/python3.12/site-packages/airflow/example_dags/example_external_task_marker_dag.py
[2024-06-10T14:08:47.653+0000] {processor.py:840} INFO - DAG(s) 'example_external_task_marker_parent', 'example_external_task_marker_child' retrieved from /home/airflow/.local/lib/python3.12/site-packages/airflow/example_dags/example_external_task_marker_dag.py
[2024-06-10T14:08:47.682+0000] {logging_mixin.py:188} INFO - [2024-06-10T14:08:47.682+0000] {dag.py:3096} INFO - Sync 2 DAGs
[2024-06-10T14:08:47.698+0000] {logging_mixin.py:188} INFO - [2024-06-10T14:08:47.698+0000] {dag.py:3954} INFO - Setting next_dagrun for example_external_task_marker_child to None, run_after=None
[2024-06-10T14:08:47.704+0000] {logging_mixin.py:188} INFO - [2024-06-10T14:08:47.703+0000] {dag.py:3954} INFO - Setting next_dagrun for example_external_task_marker_parent to None, run_after=None
[2024-06-10T14:08:47.725+0000] {processor.py:183} INFO - Processing /home/airflow/.local/lib/python3.12/site-packages/airflow/example_dags/example_external_task_marker_dag.py took 0.088 seconds
[2024-06-10T14:09:18.365+0000] {processor.py:161} INFO - Started process (PID=327) to work on /home/airflow/.local/lib/python3.12/site-packages/airflow/example_dags/example_external_task_marker_dag.py
[2024-06-10T14:09:18.366+0000] {processor.py:830} INFO - Processing file /home/airflow/.local/lib/python3.12/site-packages/airflow/example_dags/example_external_task_marker_dag.py for tasks to queue
[2024-06-10T14:09:18.368+0000] {logging_mixin.py:188} INFO - [2024-06-10T14:09:18.368+0000] {dagbag.py:545} INFO - Filling up the DagBag from /home/airflow/.local/lib/python3.12/site-packages/airflow/example_dags/example_external_task_marker_dag.py
[2024-06-10T14:09:18.374+0000] {processor.py:840} INFO - DAG(s) 'example_external_task_marker_child', 'example_external_task_marker_parent' retrieved from /home/airflow/.local/lib/python3.12/site-packages/airflow/example_dags/example_external_task_marker_dag.py
[2024-06-10T14:09:18.396+0000] {logging_mixin.py:188} INFO - [2024-06-10T14:09:18.396+0000] {dag.py:3096} INFO - Sync 2 DAGs
[2024-06-10T14:09:18.408+0000] {logging_mixin.py:188} INFO - [2024-06-10T14:09:18.408+0000] {dag.py:3954} INFO - Setting next_dagrun for example_external_task_marker_child to None, run_after=None
[2024-06-10T14:09:18.412+0000] {logging_mixin.py:188} INFO - [2024-06-10T14:09:18.412+0000] {dag.py:3954} INFO - Setting next_dagrun for example_external_task_marker_parent to None, run_after=None
[2024-06-10T14:09:18.432+0000] {processor.py:183} INFO - Processing /home/airflow/.local/lib/python3.12/site-packages/airflow/example_dags/example_external_task_marker_dag.py took 0.073 seconds
[2024-06-10T14:09:48.912+0000] {processor.py:161} INFO - Started process (PID=394) to work on /home/airflow/.local/lib/python3.12/site-packages/airflow/example_dags/example_external_task_marker_dag.py
[2024-06-10T14:09:48.914+0000] {processor.py:830} INFO - Processing file /home/airflow/.local/lib/python3.12/site-packages/airflow/example_dags/example_external_task_marker_dag.py for tasks to queue
[2024-06-10T14:09:48.916+0000] {logging_mixin.py:188} INFO - [2024-06-10T14:09:48.916+0000] {dagbag.py:545} INFO - Filling up the DagBag from /home/airflow/.local/lib/python3.12/site-packages/airflow/example_dags/example_external_task_marker_dag.py
[2024-06-10T14:09:48.925+0000] {processor.py:840} INFO - DAG(s) 'example_external_task_marker_parent', 'example_external_task_marker_child' retrieved from /home/airflow/.local/lib/python3.12/site-packages/airflow/example_dags/example_external_task_marker_dag.py
[2024-06-10T14:09:48.952+0000] {logging_mixin.py:188} INFO - [2024-06-10T14:09:48.952+0000] {dag.py:3096} INFO - Sync 2 DAGs
[2024-06-10T14:09:48.971+0000] {logging_mixin.py:188} INFO - [2024-06-10T14:09:48.970+0000] {dag.py:3954} INFO - Setting next_dagrun for example_external_task_marker_child to None, run_after=None
[2024-06-10T14:09:48.975+0000] {logging_mixin.py:188} INFO - [2024-06-10T14:09:48.975+0000] {dag.py:3954} INFO - Setting next_dagrun for example_external_task_marker_parent to None, run_after=None
[2024-06-10T14:09:48.995+0000] {processor.py:183} INFO - Processing /home/airflow/.local/lib/python3.12/site-packages/airflow/example_dags/example_external_task_marker_dag.py took 0.089 seconds
[2024-06-10T14:10:19.932+0000] {processor.py:161} INFO - Started process (PID=463) to work on /home/airflow/.local/lib/python3.12/site-packages/airflow/example_dags/example_external_task_marker_dag.py
[2024-06-10T14:10:19.933+0000] {processor.py:830} INFO - Processing file /home/airflow/.local/lib/python3.12/site-packages/airflow/example_dags/example_external_task_marker_dag.py for tasks to queue
[2024-06-10T14:10:19.935+0000] {logging_mixin.py:188} INFO - [2024-06-10T14:10:19.935+0000] {dagbag.py:545} INFO - Filling up the DagBag from /home/airflow/.local/lib/python3.12/site-packages/airflow/example_dags/example_external_task_marker_dag.py
[2024-06-10T14:10:19.943+0000] {processor.py:840} INFO - DAG(s) 'example_external_task_marker_parent', 'example_external_task_marker_child' retrieved from /home/airflow/.local/lib/python3.12/site-packages/airflow/example_dags/example_external_task_marker_dag.py
[2024-06-10T14:10:19.970+0000] {logging_mixin.py:188} INFO - [2024-06-10T14:10:19.970+0000] {dag.py:3096} INFO - Sync 2 DAGs
[2024-06-10T14:10:19.988+0000] {logging_mixin.py:188} INFO - [2024-06-10T14:10:19.988+0000] {dag.py:3954} INFO - Setting next_dagrun for example_external_task_marker_child to None, run_after=None
[2024-06-10T14:10:19.993+0000] {logging_mixin.py:188} INFO - [2024-06-10T14:10:19.993+0000] {dag.py:3954} INFO - Setting next_dagrun for example_external_task_marker_parent to None, run_after=None
[2024-06-10T14:10:20.016+0000] {processor.py:183} INFO - Processing /home/airflow/.local/lib/python3.12/site-packages/airflow/example_dags/example_external_task_marker_dag.py took 0.089 seconds
[2024-06-10T14:10:51.005+0000] {processor.py:161} INFO - Started process (PID=532) to work on /home/airflow/.local/lib/python3.12/site-packages/airflow/example_dags/example_external_task_marker_dag.py
[2024-06-10T14:10:51.007+0000] {processor.py:830} INFO - Processing file /home/airflow/.local/lib/python3.12/site-packages/airflow/example_dags/example_external_task_marker_dag.py for tasks to queue
[2024-06-10T14:10:51.010+0000] {logging_mixin.py:188} INFO - [2024-06-10T14:10:51.010+0000] {dagbag.py:545} INFO - Filling up the DagBag from /home/airflow/.local/lib/python3.12/site-packages/airflow/example_dags/example_external_task_marker_dag.py
[2024-06-10T14:10:51.025+0000] {processor.py:840} INFO - DAG(s) 'example_external_task_marker_parent', 'example_external_task_marker_child' retrieved from /home/airflow/.local/lib/python3.12/site-packages/airflow/example_dags/example_external_task_marker_dag.py
[2024-06-10T14:10:51.060+0000] {logging_mixin.py:188} INFO - [2024-06-10T14:10:51.059+0000] {dag.py:3096} INFO - Sync 2 DAGs
[2024-06-10T14:10:51.081+0000] {logging_mixin.py:188} INFO - [2024-06-10T14:10:51.081+0000] {dag.py:3954} INFO - Setting next_dagrun for example_external_task_marker_child to None, run_after=None
[2024-06-10T14:10:51.088+0000] {logging_mixin.py:188} INFO - [2024-06-10T14:10:51.088+0000] {dag.py:3954} INFO - Setting next_dagrun for example_external_task_marker_parent to None, run_after=None
[2024-06-10T14:10:51.124+0000] {processor.py:183} INFO - Processing /home/airflow/.local/lib/python3.12/site-packages/airflow/example_dags/example_external_task_marker_dag.py took 0.129 seconds
[2024-06-10T14:11:21.605+0000] {processor.py:161} INFO - Started process (PID=601) to work on /home/airflow/.local/lib/python3.12/site-packages/airflow/example_dags/example_external_task_marker_dag.py
[2024-06-10T14:11:21.607+0000] {processor.py:830} INFO - Processing file /home/airflow/.local/lib/python3.12/site-packages/airflow/example_dags/example_external_task_marker_dag.py for tasks to queue
[2024-06-10T14:11:21.609+0000] {logging_mixin.py:188} INFO - [2024-06-10T14:11:21.609+0000] {dagbag.py:545} INFO - Filling up the DagBag from /home/airflow/.local/lib/python3.12/site-packages/airflow/example_dags/example_external_task_marker_dag.py
[2024-06-10T14:11:21.616+0000] {processor.py:840} INFO - DAG(s) 'example_external_task_marker_parent', 'example_external_task_marker_child' retrieved from /home/airflow/.local/lib/python3.12/site-packages/airflow/example_dags/example_external_task_marker_dag.py
[2024-06-10T14:11:21.646+0000] {logging_mixin.py:188} INFO - [2024-06-10T14:11:21.646+0000] {dag.py:3096} INFO - Sync 2 DAGs
[2024-06-10T14:11:21.663+0000] {logging_mixin.py:188} INFO - [2024-06-10T14:11:21.663+0000] {dag.py:3954} INFO - Setting next_dagrun for example_external_task_marker_child to None, run_after=None
[2024-06-10T14:11:21.668+0000] {logging_mixin.py:188} INFO - [2024-06-10T14:11:21.667+0000] {dag.py:3954} INFO - Setting next_dagrun for example_external_task_marker_parent to None, run_after=None
[2024-06-10T14:11:21.688+0000] {processor.py:183} INFO - Processing /home/airflow/.local/lib/python3.12/site-packages/airflow/example_dags/example_external_task_marker_dag.py took 0.089 seconds
[2024-06-10T14:11:52.208+0000] {processor.py:161} INFO - Started process (PID=670) to work on /home/airflow/.local/lib/python3.12/site-packages/airflow/example_dags/example_external_task_marker_dag.py
[2024-06-10T14:11:52.210+0000] {processor.py:830} INFO - Processing file /home/airflow/.local/lib/python3.12/site-packages/airflow/example_dags/example_external_task_marker_dag.py for tasks to queue
[2024-06-10T14:11:52.211+0000] {logging_mixin.py:188} INFO - [2024-06-10T14:11:52.211+0000] {dagbag.py:545} INFO - Filling up the DagBag from /home/airflow/.local/lib/python3.12/site-packages/airflow/example_dags/example_external_task_marker_dag.py
[2024-06-10T14:11:52.220+0000] {processor.py:840} INFO - DAG(s) 'example_external_task_marker_parent', 'example_external_task_marker_child' retrieved from /home/airflow/.local/lib/python3.12/site-packages/airflow/example_dags/example_external_task_marker_dag.py
[2024-06-10T14:11:52.246+0000] {logging_mixin.py:188} INFO - [2024-06-10T14:11:52.245+0000] {dag.py:3096} INFO - Sync 2 DAGs
[2024-06-10T14:11:52.259+0000] {logging_mixin.py:188} INFO - [2024-06-10T14:11:52.258+0000] {dag.py:3954} INFO - Setting next_dagrun for example_external_task_marker_child to None, run_after=None
[2024-06-10T14:11:52.264+0000] {logging_mixin.py:188} INFO - [2024-06-10T14:11:52.264+0000] {dag.py:3954} INFO - Setting next_dagrun for example_external_task_marker_parent to None, run_after=None
[2024-06-10T14:11:52.283+0000] {processor.py:183} INFO - Processing /home/airflow/.local/lib/python3.12/site-packages/airflow/example_dags/example_external_task_marker_dag.py took 0.080 seconds
[2024-06-10T14:12:22.921+0000] {processor.py:161} INFO - Started process (PID=739) to work on /home/airflow/.local/lib/python3.12/site-packages/airflow/example_dags/example_external_task_marker_dag.py
[2024-06-10T14:12:22.923+0000] {processor.py:830} INFO - Processing file /home/airflow/.local/lib/python3.12/site-packages/airflow/example_dags/example_external_task_marker_dag.py for tasks to queue
[2024-06-10T14:12:22.925+0000] {logging_mixin.py:188} INFO - [2024-06-10T14:12:22.924+0000] {dagbag.py:545} INFO - Filling up the DagBag from /home/airflow/.local/lib/python3.12/site-packages/airflow/example_dags/example_external_task_marker_dag.py
[2024-06-10T14:12:22.933+0000] {processor.py:840} INFO - DAG(s) 'example_external_task_marker_parent', 'example_external_task_marker_child' retrieved from /home/airflow/.local/lib/python3.12/site-packages/airflow/example_dags/example_external_task_marker_dag.py
[2024-06-10T14:12:22.957+0000] {logging_mixin.py:188} INFO - [2024-06-10T14:12:22.957+0000] {dag.py:3096} INFO - Sync 2 DAGs
[2024-06-10T14:12:22.972+0000] {logging_mixin.py:188} INFO - [2024-06-10T14:12:22.971+0000] {dag.py:3954} INFO - Setting next_dagrun for example_external_task_marker_child to None, run_after=None
[2024-06-10T14:12:22.975+0000] {logging_mixin.py:188} INFO - [2024-06-10T14:12:22.975+0000] {dag.py:3954} INFO - Setting next_dagrun for example_external_task_marker_parent to None, run_after=None
[2024-06-10T14:12:22.994+0000] {processor.py:183} INFO - Processing /home/airflow/.local/lib/python3.12/site-packages/airflow/example_dags/example_external_task_marker_dag.py took 0.079 seconds
[2024-06-10T14:12:54.459+0000] {processor.py:161} INFO - Started process (PID=814) to work on /home/airflow/.local/lib/python3.12/site-packages/airflow/example_dags/example_external_task_marker_dag.py
[2024-06-10T14:12:54.460+0000] {processor.py:830} INFO - Processing file /home/airflow/.local/lib/python3.12/site-packages/airflow/example_dags/example_external_task_marker_dag.py for tasks to queue
[2024-06-10T14:12:54.464+0000] {logging_mixin.py:188} INFO - [2024-06-10T14:12:54.463+0000] {dagbag.py:545} INFO - Filling up the DagBag from /home/airflow/.local/lib/python3.12/site-packages/airflow/example_dags/example_external_task_marker_dag.py
[2024-06-10T14:12:54.473+0000] {processor.py:840} INFO - DAG(s) 'example_external_task_marker_parent', 'example_external_task_marker_child' retrieved from /home/airflow/.local/lib/python3.12/site-packages/airflow/example_dags/example_external_task_marker_dag.py
[2024-06-10T14:12:54.650+0000] {logging_mixin.py:188} INFO - [2024-06-10T14:12:54.649+0000] {dag.py:3096} INFO - Sync 2 DAGs
[2024-06-10T14:12:54.662+0000] {logging_mixin.py:188} INFO - [2024-06-10T14:12:54.662+0000] {dag.py:3954} INFO - Setting next_dagrun for example_external_task_marker_child to None, run_after=None
[2024-06-10T14:12:54.668+0000] {logging_mixin.py:188} INFO - [2024-06-10T14:12:54.668+0000] {dag.py:3954} INFO - Setting next_dagrun for example_external_task_marker_parent to None, run_after=None
[2024-06-10T14:12:54.688+0000] {processor.py:183} INFO - Processing /home/airflow/.local/lib/python3.12/site-packages/airflow/example_dags/example_external_task_marker_dag.py took 0.235 seconds
[2024-06-10T14:13:24.731+0000] {processor.py:161} INFO - Started process (PID=883) to work on /home/airflow/.local/lib/python3.12/site-packages/airflow/example_dags/example_external_task_marker_dag.py
[2024-06-10T14:13:24.733+0000] {processor.py:830} INFO - Processing file /home/airflow/.local/lib/python3.12/site-packages/airflow/example_dags/example_external_task_marker_dag.py for tasks to queue
[2024-06-10T14:13:24.735+0000] {logging_mixin.py:188} INFO - [2024-06-10T14:13:24.735+0000] {dagbag.py:545} INFO - Filling up the DagBag from /home/airflow/.local/lib/python3.12/site-packages/airflow/example_dags/example_external_task_marker_dag.py
[2024-06-10T14:13:24.750+0000] {processor.py:840} INFO - DAG(s) 'example_external_task_marker_child', 'example_external_task_marker_parent' retrieved from /home/airflow/.local/lib/python3.12/site-packages/airflow/example_dags/example_external_task_marker_dag.py
[2024-06-10T14:13:24.785+0000] {logging_mixin.py:188} INFO - [2024-06-10T14:13:24.785+0000] {dag.py:3096} INFO - Sync 2 DAGs
[2024-06-10T14:13:24.799+0000] {logging_mixin.py:188} INFO - [2024-06-10T14:13:24.799+0000] {dag.py:3954} INFO - Setting next_dagrun for example_external_task_marker_child to None, run_after=None
[2024-06-10T14:13:24.804+0000] {logging_mixin.py:188} INFO - [2024-06-10T14:13:24.803+0000] {dag.py:3954} INFO - Setting next_dagrun for example_external_task_marker_parent to None, run_after=None
[2024-06-10T14:13:24.822+0000] {processor.py:183} INFO - Processing /home/airflow/.local/lib/python3.12/site-packages/airflow/example_dags/example_external_task_marker_dag.py took 0.098 seconds
[2024-06-10T14:13:55.442+0000] {processor.py:161} INFO - Started process (PID=952) to work on /home/airflow/.local/lib/python3.12/site-packages/airflow/example_dags/example_external_task_marker_dag.py
[2024-06-10T14:13:55.444+0000] {processor.py:830} INFO - Processing file /home/airflow/.local/lib/python3.12/site-packages/airflow/example_dags/example_external_task_marker_dag.py for tasks to queue
[2024-06-10T14:13:55.446+0000] {logging_mixin.py:188} INFO - [2024-06-10T14:13:55.445+0000] {dagbag.py:545} INFO - Filling up the DagBag from /home/airflow/.local/lib/python3.12/site-packages/airflow/example_dags/example_external_task_marker_dag.py
[2024-06-10T14:13:55.451+0000] {processor.py:840} INFO - DAG(s) 'example_external_task_marker_parent', 'example_external_task_marker_child' retrieved from /home/airflow/.local/lib/python3.12/site-packages/airflow/example_dags/example_external_task_marker_dag.py
[2024-06-10T14:13:55.474+0000] {logging_mixin.py:188} INFO - [2024-06-10T14:13:55.474+0000] {dag.py:3096} INFO - Sync 2 DAGs
[2024-06-10T14:13:55.486+0000] {logging_mixin.py:188} INFO - [2024-06-10T14:13:55.485+0000] {dag.py:3954} INFO - Setting next_dagrun for example_external_task_marker_child to None, run_after=None
[2024-06-10T14:13:55.490+0000] {logging_mixin.py:188} INFO - [2024-06-10T14:13:55.490+0000] {dag.py:3954} INFO - Setting next_dagrun for example_external_task_marker_parent to None, run_after=None
[2024-06-10T14:13:55.509+0000] {processor.py:183} INFO - Processing /home/airflow/.local/lib/python3.12/site-packages/airflow/example_dags/example_external_task_marker_dag.py took 0.072 seconds
[2024-06-10T14:14:25.709+0000] {processor.py:161} INFO - Started process (PID=1021) to work on /home/airflow/.local/lib/python3.12/site-packages/airflow/example_dags/example_external_task_marker_dag.py
[2024-06-10T14:14:25.710+0000] {processor.py:830} INFO - Processing file /home/airflow/.local/lib/python3.12/site-packages/airflow/example_dags/example_external_task_marker_dag.py for tasks to queue
[2024-06-10T14:14:25.713+0000] {logging_mixin.py:188} INFO - [2024-06-10T14:14:25.713+0000] {dagbag.py:545} INFO - Filling up the DagBag from /home/airflow/.local/lib/python3.12/site-packages/airflow/example_dags/example_external_task_marker_dag.py
[2024-06-10T14:14:25.721+0000] {processor.py:840} INFO - DAG(s) 'example_external_task_marker_parent', 'example_external_task_marker_child' retrieved from /home/airflow/.local/lib/python3.12/site-packages/airflow/example_dags/example_external_task_marker_dag.py
[2024-06-10T14:14:25.749+0000] {logging_mixin.py:188} INFO - [2024-06-10T14:14:25.749+0000] {dag.py:3096} INFO - Sync 2 DAGs
[2024-06-10T14:14:25.763+0000] {logging_mixin.py:188} INFO - [2024-06-10T14:14:25.763+0000] {dag.py:3954} INFO - Setting next_dagrun for example_external_task_marker_child to None, run_after=None
[2024-06-10T14:14:25.769+0000] {logging_mixin.py:188} INFO - [2024-06-10T14:14:25.769+0000] {dag.py:3954} INFO - Setting next_dagrun for example_external_task_marker_parent to None, run_after=None
[2024-06-10T14:14:25.788+0000] {processor.py:183} INFO - Processing /home/airflow/.local/lib/python3.12/site-packages/airflow/example_dags/example_external_task_marker_dag.py took 0.086 seconds
[2024-06-10T14:14:55.866+0000] {processor.py:161} INFO - Started process (PID=1090) to work on /home/airflow/.local/lib/python3.12/site-packages/airflow/example_dags/example_external_task_marker_dag.py
[2024-06-10T14:14:55.868+0000] {processor.py:830} INFO - Processing file /home/airflow/.local/lib/python3.12/site-packages/airflow/example_dags/example_external_task_marker_dag.py for tasks to queue
[2024-06-10T14:14:55.871+0000] {logging_mixin.py:188} INFO - [2024-06-10T14:14:55.871+0000] {dagbag.py:545} INFO - Filling up the DagBag from /home/airflow/.local/lib/python3.12/site-packages/airflow/example_dags/example_external_task_marker_dag.py
[2024-06-10T14:14:55.881+0000] {processor.py:840} INFO - DAG(s) 'example_external_task_marker_child', 'example_external_task_marker_parent' retrieved from /home/airflow/.local/lib/python3.12/site-packages/airflow/example_dags/example_external_task_marker_dag.py
[2024-06-10T14:14:55.909+0000] {logging_mixin.py:188} INFO - [2024-06-10T14:14:55.909+0000] {dag.py:3096} INFO - Sync 2 DAGs
[2024-06-10T14:14:55.923+0000] {logging_mixin.py:188} INFO - [2024-06-10T14:14:55.923+0000] {dag.py:3954} INFO - Setting next_dagrun for example_external_task_marker_child to None, run_after=None
[2024-06-10T14:14:55.931+0000] {logging_mixin.py:188} INFO - [2024-06-10T14:14:55.931+0000] {dag.py:3954} INFO - Setting next_dagrun for example_external_task_marker_parent to None, run_after=None
[2024-06-10T14:14:55.957+0000] {processor.py:183} INFO - Processing /home/airflow/.local/lib/python3.12/site-packages/airflow/example_dags/example_external_task_marker_dag.py took 0.098 seconds
[2024-06-10T14:15:26.146+0000] {processor.py:161} INFO - Started process (PID=1158) to work on /home/airflow/.local/lib/python3.12/site-packages/airflow/example_dags/example_external_task_marker_dag.py
[2024-06-10T14:15:26.147+0000] {processor.py:830} INFO - Processing file /home/airflow/.local/lib/python3.12/site-packages/airflow/example_dags/example_external_task_marker_dag.py for tasks to queue
[2024-06-10T14:15:26.149+0000] {logging_mixin.py:188} INFO - [2024-06-10T14:15:26.148+0000] {dagbag.py:545} INFO - Filling up the DagBag from /home/airflow/.local/lib/python3.12/site-packages/airflow/example_dags/example_external_task_marker_dag.py
[2024-06-10T14:15:26.157+0000] {processor.py:840} INFO - DAG(s) 'example_external_task_marker_parent', 'example_external_task_marker_child' retrieved from /home/airflow/.local/lib/python3.12/site-packages/airflow/example_dags/example_external_task_marker_dag.py
[2024-06-10T14:15:26.181+0000] {logging_mixin.py:188} INFO - [2024-06-10T14:15:26.181+0000] {dag.py:3096} INFO - Sync 2 DAGs
[2024-06-10T14:15:26.192+0000] {logging_mixin.py:188} INFO - [2024-06-10T14:15:26.192+0000] {dag.py:3954} INFO - Setting next_dagrun for example_external_task_marker_child to None, run_after=None
[2024-06-10T14:15:26.196+0000] {logging_mixin.py:188} INFO - [2024-06-10T14:15:26.196+0000] {dag.py:3954} INFO - Setting next_dagrun for example_external_task_marker_parent to None, run_after=None
[2024-06-10T14:15:26.215+0000] {processor.py:183} INFO - Processing /home/airflow/.local/lib/python3.12/site-packages/airflow/example_dags/example_external_task_marker_dag.py took 0.075 seconds
[2024-06-10T14:15:56.435+0000] {processor.py:161} INFO - Started process (PID=1219) to work on /home/airflow/.local/lib/python3.12/site-packages/airflow/example_dags/example_external_task_marker_dag.py
[2024-06-10T14:15:56.437+0000] {processor.py:830} INFO - Processing file /home/airflow/.local/lib/python3.12/site-packages/airflow/example_dags/example_external_task_marker_dag.py for tasks to queue
[2024-06-10T14:15:56.438+0000] {logging_mixin.py:188} INFO - [2024-06-10T14:15:56.438+0000] {dagbag.py:545} INFO - Filling up the DagBag from /home/airflow/.local/lib/python3.12/site-packages/airflow/example_dags/example_external_task_marker_dag.py
[2024-06-10T14:15:56.448+0000] {processor.py:840} INFO - DAG(s) 'example_external_task_marker_child', 'example_external_task_marker_parent' retrieved from /home/airflow/.local/lib/python3.12/site-packages/airflow/example_dags/example_external_task_marker_dag.py
[2024-06-10T14:15:56.483+0000] {logging_mixin.py:188} INFO - [2024-06-10T14:15:56.482+0000] {dag.py:3096} INFO - Sync 2 DAGs
[2024-06-10T14:15:56.502+0000] {logging_mixin.py:188} INFO - [2024-06-10T14:15:56.502+0000] {dag.py:3954} INFO - Setting next_dagrun for example_external_task_marker_child to None, run_after=None
[2024-06-10T14:15:56.508+0000] {logging_mixin.py:188} INFO - [2024-06-10T14:15:56.507+0000] {dag.py:3954} INFO - Setting next_dagrun for example_external_task_marker_parent to None, run_after=None
[2024-06-10T14:15:56.540+0000] {processor.py:183} INFO - Processing /home/airflow/.local/lib/python3.12/site-packages/airflow/example_dags/example_external_task_marker_dag.py took 0.112 seconds
[2024-06-10T14:16:26.789+0000] {processor.py:161} INFO - Started process (PID=1279) to work on /home/airflow/.local/lib/python3.12/site-packages/airflow/example_dags/example_external_task_marker_dag.py
[2024-06-10T14:16:26.790+0000] {processor.py:830} INFO - Processing file /home/airflow/.local/lib/python3.12/site-packages/airflow/example_dags/example_external_task_marker_dag.py for tasks to queue
[2024-06-10T14:16:26.792+0000] {logging_mixin.py:188} INFO - [2024-06-10T14:16:26.791+0000] {dagbag.py:545} INFO - Filling up the DagBag from /home/airflow/.local/lib/python3.12/site-packages/airflow/example_dags/example_external_task_marker_dag.py
[2024-06-10T14:16:26.798+0000] {processor.py:840} INFO - DAG(s) 'example_external_task_marker_parent', 'example_external_task_marker_child' retrieved from /home/airflow/.local/lib/python3.12/site-packages/airflow/example_dags/example_external_task_marker_dag.py
[2024-06-10T14:16:26.824+0000] {logging_mixin.py:188} INFO - [2024-06-10T14:16:26.824+0000] {dag.py:3096} INFO - Sync 2 DAGs
[2024-06-10T14:16:26.839+0000] {logging_mixin.py:188} INFO - [2024-06-10T14:16:26.839+0000] {dag.py:3954} INFO - Setting next_dagrun for example_external_task_marker_child to None, run_after=None
[2024-06-10T14:16:26.844+0000] {logging_mixin.py:188} INFO - [2024-06-10T14:16:26.843+0000] {dag.py:3954} INFO - Setting next_dagrun for example_external_task_marker_parent to None, run_after=None
[2024-06-10T14:16:26.861+0000] {processor.py:183} INFO - Processing /home/airflow/.local/lib/python3.12/site-packages/airflow/example_dags/example_external_task_marker_dag.py took 0.079 seconds
[2024-06-10T14:16:57.108+0000] {processor.py:161} INFO - Started process (PID=1339) to work on /home/airflow/.local/lib/python3.12/site-packages/airflow/example_dags/example_external_task_marker_dag.py
[2024-06-10T14:16:57.109+0000] {processor.py:830} INFO - Processing file /home/airflow/.local/lib/python3.12/site-packages/airflow/example_dags/example_external_task_marker_dag.py for tasks to queue
[2024-06-10T14:16:57.110+0000] {logging_mixin.py:188} INFO - [2024-06-10T14:16:57.110+0000] {dagbag.py:545} INFO - Filling up the DagBag from /home/airflow/.local/lib/python3.12/site-packages/airflow/example_dags/example_external_task_marker_dag.py
[2024-06-10T14:16:57.116+0000] {processor.py:840} INFO - DAG(s) 'example_external_task_marker_child', 'example_external_task_marker_parent' retrieved from /home/airflow/.local/lib/python3.12/site-packages/airflow/example_dags/example_external_task_marker_dag.py
[2024-06-10T14:16:57.127+0000] {logging_mixin.py:188} INFO - [2024-06-10T14:16:57.127+0000] {dag.py:3096} INFO - Sync 2 DAGs
[2024-06-10T14:16:57.146+0000] {logging_mixin.py:188} INFO - [2024-06-10T14:16:57.146+0000] {dag.py:3954} INFO - Setting next_dagrun for example_external_task_marker_child to None, run_after=None
[2024-06-10T14:16:57.151+0000] {logging_mixin.py:188} INFO - [2024-06-10T14:16:57.151+0000] {dag.py:3954} INFO - Setting next_dagrun for example_external_task_marker_parent to None, run_after=None
[2024-06-10T14:16:57.174+0000] {processor.py:183} INFO - Processing /home/airflow/.local/lib/python3.12/site-packages/airflow/example_dags/example_external_task_marker_dag.py took 0.071 seconds
[2024-06-10T14:17:28.116+0000] {processor.py:161} INFO - Started process (PID=1399) to work on /home/airflow/.local/lib/python3.12/site-packages/airflow/example_dags/example_external_task_marker_dag.py
[2024-06-10T14:17:28.117+0000] {processor.py:830} INFO - Processing file /home/airflow/.local/lib/python3.12/site-packages/airflow/example_dags/example_external_task_marker_dag.py for tasks to queue
[2024-06-10T14:17:28.118+0000] {logging_mixin.py:188} INFO - [2024-06-10T14:17:28.118+0000] {dagbag.py:545} INFO - Filling up the DagBag from /home/airflow/.local/lib/python3.12/site-packages/airflow/example_dags/example_external_task_marker_dag.py
[2024-06-10T14:17:28.124+0000] {processor.py:840} INFO - DAG(s) 'example_external_task_marker_child', 'example_external_task_marker_parent' retrieved from /home/airflow/.local/lib/python3.12/site-packages/airflow/example_dags/example_external_task_marker_dag.py
[2024-06-10T14:17:28.243+0000] {logging_mixin.py:188} INFO - [2024-06-10T14:17:28.243+0000] {dag.py:3096} INFO - Sync 2 DAGs
[2024-06-10T14:17:28.254+0000] {logging_mixin.py:188} INFO - [2024-06-10T14:17:28.254+0000] {dag.py:3954} INFO - Setting next_dagrun for example_external_task_marker_child to None, run_after=None
[2024-06-10T14:17:28.257+0000] {logging_mixin.py:188} INFO - [2024-06-10T14:17:28.257+0000] {dag.py:3954} INFO - Setting next_dagrun for example_external_task_marker_parent to None, run_after=None
[2024-06-10T14:17:28.277+0000] {processor.py:183} INFO - Processing /home/airflow/.local/lib/python3.12/site-packages/airflow/example_dags/example_external_task_marker_dag.py took 0.168 seconds
[2024-06-10T14:17:59.020+0000] {processor.py:161} INFO - Started process (PID=1459) to work on /home/airflow/.local/lib/python3.12/site-packages/airflow/example_dags/example_external_task_marker_dag.py
[2024-06-10T14:17:59.060+0000] {processor.py:830} INFO - Processing file /home/airflow/.local/lib/python3.12/site-packages/airflow/example_dags/example_external_task_marker_dag.py for tasks to queue
[2024-06-10T14:17:59.096+0000] {logging_mixin.py:188} INFO - [2024-06-10T14:17:59.095+0000] {dagbag.py:545} INFO - Filling up the DagBag from /home/airflow/.local/lib/python3.12/site-packages/airflow/example_dags/example_external_task_marker_dag.py
[2024-06-10T14:17:59.106+0000] {processor.py:840} INFO - DAG(s) 'example_external_task_marker_parent', 'example_external_task_marker_child' retrieved from /home/airflow/.local/lib/python3.12/site-packages/airflow/example_dags/example_external_task_marker_dag.py
[2024-06-10T14:17:59.152+0000] {logging_mixin.py:188} INFO - [2024-06-10T14:17:59.151+0000] {dag.py:3096} INFO - Sync 2 DAGs
[2024-06-10T14:17:59.177+0000] {logging_mixin.py:188} INFO - [2024-06-10T14:17:59.177+0000] {dag.py:3954} INFO - Setting next_dagrun for example_external_task_marker_child to None, run_after=None
[2024-06-10T14:17:59.184+0000] {logging_mixin.py:188} INFO - [2024-06-10T14:17:59.184+0000] {dag.py:3954} INFO - Setting next_dagrun for example_external_task_marker_parent to None, run_after=None
[2024-06-10T14:17:59.207+0000] {processor.py:183} INFO - Processing /home/airflow/.local/lib/python3.12/site-packages/airflow/example_dags/example_external_task_marker_dag.py took 0.219 seconds
[2024-06-10T14:18:30.055+0000] {processor.py:161} INFO - Started process (PID=1519) to work on /home/airflow/.local/lib/python3.12/site-packages/airflow/example_dags/example_external_task_marker_dag.py
[2024-06-10T14:18:30.056+0000] {processor.py:830} INFO - Processing file /home/airflow/.local/lib/python3.12/site-packages/airflow/example_dags/example_external_task_marker_dag.py for tasks to queue
[2024-06-10T14:18:30.057+0000] {logging_mixin.py:188} INFO - [2024-06-10T14:18:30.057+0000] {dagbag.py:545} INFO - Filling up the DagBag from /home/airflow/.local/lib/python3.12/site-packages/airflow/example_dags/example_external_task_marker_dag.py
[2024-06-10T14:18:30.065+0000] {processor.py:840} INFO - DAG(s) 'example_external_task_marker_parent', 'example_external_task_marker_child' retrieved from /home/airflow/.local/lib/python3.12/site-packages/airflow/example_dags/example_external_task_marker_dag.py
[2024-06-10T14:18:30.080+0000] {logging_mixin.py:188} INFO - [2024-06-10T14:18:30.079+0000] {dag.py:3096} INFO - Sync 2 DAGs
[2024-06-10T14:18:30.094+0000] {logging_mixin.py:188} INFO - [2024-06-10T14:18:30.093+0000] {dag.py:3954} INFO - Setting next_dagrun for example_external_task_marker_child to None, run_after=None
[2024-06-10T14:18:30.100+0000] {logging_mixin.py:188} INFO - [2024-06-10T14:18:30.099+0000] {dag.py:3954} INFO - Setting next_dagrun for example_external_task_marker_parent to None, run_after=None
[2024-06-10T14:18:30.120+0000] {processor.py:183} INFO - Processing /home/airflow/.local/lib/python3.12/site-packages/airflow/example_dags/example_external_task_marker_dag.py took 0.074 seconds
[2024-06-10T14:19:00.994+0000] {processor.py:161} INFO - Started process (PID=1579) to work on /home/airflow/.local/lib/python3.12/site-packages/airflow/example_dags/example_external_task_marker_dag.py
[2024-06-10T14:19:00.996+0000] {processor.py:830} INFO - Processing file /home/airflow/.local/lib/python3.12/site-packages/airflow/example_dags/example_external_task_marker_dag.py for tasks to queue
[2024-06-10T14:19:00.997+0000] {logging_mixin.py:188} INFO - [2024-06-10T14:19:00.997+0000] {dagbag.py:545} INFO - Filling up the DagBag from /home/airflow/.local/lib/python3.12/site-packages/airflow/example_dags/example_external_task_marker_dag.py
[2024-06-10T14:19:01.003+0000] {processor.py:840} INFO - DAG(s) 'example_external_task_marker_parent', 'example_external_task_marker_child' retrieved from /home/airflow/.local/lib/python3.12/site-packages/airflow/example_dags/example_external_task_marker_dag.py
[2024-06-10T14:19:01.119+0000] {logging_mixin.py:188} INFO - [2024-06-10T14:19:01.119+0000] {dag.py:3096} INFO - Sync 2 DAGs
[2024-06-10T14:19:01.132+0000] {logging_mixin.py:188} INFO - [2024-06-10T14:19:01.131+0000] {dag.py:3954} INFO - Setting next_dagrun for example_external_task_marker_child to None, run_after=None
[2024-06-10T14:19:01.137+0000] {logging_mixin.py:188} INFO - [2024-06-10T14:19:01.136+0000] {dag.py:3954} INFO - Setting next_dagrun for example_external_task_marker_parent to None, run_after=None
[2024-06-10T14:19:01.159+0000] {processor.py:183} INFO - Processing /home/airflow/.local/lib/python3.12/site-packages/airflow/example_dags/example_external_task_marker_dag.py took 0.172 seconds
[2024-06-10T14:19:31.313+0000] {processor.py:161} INFO - Started process (PID=1639) to work on /home/airflow/.local/lib/python3.12/site-packages/airflow/example_dags/example_external_task_marker_dag.py
[2024-06-10T14:19:31.315+0000] {processor.py:830} INFO - Processing file /home/airflow/.local/lib/python3.12/site-packages/airflow/example_dags/example_external_task_marker_dag.py for tasks to queue
[2024-06-10T14:19:31.316+0000] {logging_mixin.py:188} INFO - [2024-06-10T14:19:31.316+0000] {dagbag.py:545} INFO - Filling up the DagBag from /home/airflow/.local/lib/python3.12/site-packages/airflow/example_dags/example_external_task_marker_dag.py
[2024-06-10T14:19:31.324+0000] {processor.py:840} INFO - DAG(s) 'example_external_task_marker_parent', 'example_external_task_marker_child' retrieved from /home/airflow/.local/lib/python3.12/site-packages/airflow/example_dags/example_external_task_marker_dag.py
[2024-06-10T14:19:31.350+0000] {logging_mixin.py:188} INFO - [2024-06-10T14:19:31.349+0000] {dag.py:3096} INFO - Sync 2 DAGs
[2024-06-10T14:19:31.364+0000] {logging_mixin.py:188} INFO - [2024-06-10T14:19:31.364+0000] {dag.py:3954} INFO - Setting next_dagrun for example_external_task_marker_child to None, run_after=None
[2024-06-10T14:19:31.369+0000] {logging_mixin.py:188} INFO - [2024-06-10T14:19:31.369+0000] {dag.py:3954} INFO - Setting next_dagrun for example_external_task_marker_parent to None, run_after=None
[2024-06-10T14:19:31.389+0000] {processor.py:183} INFO - Processing /home/airflow/.local/lib/python3.12/site-packages/airflow/example_dags/example_external_task_marker_dag.py took 0.081 seconds
[2024-06-10T14:20:01.501+0000] {processor.py:161} INFO - Started process (PID=1699) to work on /home/airflow/.local/lib/python3.12/site-packages/airflow/example_dags/example_external_task_marker_dag.py
[2024-06-10T14:20:01.502+0000] {processor.py:830} INFO - Processing file /home/airflow/.local/lib/python3.12/site-packages/airflow/example_dags/example_external_task_marker_dag.py for tasks to queue
[2024-06-10T14:20:01.503+0000] {logging_mixin.py:188} INFO - [2024-06-10T14:20:01.503+0000] {dagbag.py:545} INFO - Filling up the DagBag from /home/airflow/.local/lib/python3.12/site-packages/airflow/example_dags/example_external_task_marker_dag.py
[2024-06-10T14:20:01.511+0000] {processor.py:840} INFO - DAG(s) 'example_external_task_marker_child', 'example_external_task_marker_parent' retrieved from /home/airflow/.local/lib/python3.12/site-packages/airflow/example_dags/example_external_task_marker_dag.py
[2024-06-10T14:20:01.545+0000] {logging_mixin.py:188} INFO - [2024-06-10T14:20:01.545+0000] {dag.py:3096} INFO - Sync 2 DAGs
[2024-06-10T14:20:01.565+0000] {logging_mixin.py:188} INFO - [2024-06-10T14:20:01.565+0000] {dag.py:3954} INFO - Setting next_dagrun for example_external_task_marker_child to None, run_after=None
[2024-06-10T14:20:01.569+0000] {logging_mixin.py:188} INFO - [2024-06-10T14:20:01.569+0000] {dag.py:3954} INFO - Setting next_dagrun for example_external_task_marker_parent to None, run_after=None
[2024-06-10T14:20:01.590+0000] {processor.py:183} INFO - Processing /home/airflow/.local/lib/python3.12/site-packages/airflow/example_dags/example_external_task_marker_dag.py took 0.098 seconds
[2024-06-10T14:20:31.999+0000] {processor.py:161} INFO - Started process (PID=1759) to work on /home/airflow/.local/lib/python3.12/site-packages/airflow/example_dags/example_external_task_marker_dag.py
[2024-06-10T14:20:32.000+0000] {processor.py:830} INFO - Processing file /home/airflow/.local/lib/python3.12/site-packages/airflow/example_dags/example_external_task_marker_dag.py for tasks to queue
[2024-06-10T14:20:32.001+0000] {logging_mixin.py:188} INFO - [2024-06-10T14:20:32.001+0000] {dagbag.py:545} INFO - Filling up the DagBag from /home/airflow/.local/lib/python3.12/site-packages/airflow/example_dags/example_external_task_marker_dag.py
[2024-06-10T14:20:32.008+0000] {processor.py:840} INFO - DAG(s) 'example_external_task_marker_child', 'example_external_task_marker_parent' retrieved from /home/airflow/.local/lib/python3.12/site-packages/airflow/example_dags/example_external_task_marker_dag.py
[2024-06-10T14:20:32.033+0000] {logging_mixin.py:188} INFO - [2024-06-10T14:20:32.033+0000] {dag.py:3096} INFO - Sync 2 DAGs
[2024-06-10T14:20:32.051+0000] {logging_mixin.py:188} INFO - [2024-06-10T14:20:32.050+0000] {dag.py:3954} INFO - Setting next_dagrun for example_external_task_marker_child to None, run_after=None
[2024-06-10T14:20:32.055+0000] {logging_mixin.py:188} INFO - [2024-06-10T14:20:32.055+0000] {dag.py:3954} INFO - Setting next_dagrun for example_external_task_marker_parent to None, run_after=None
[2024-06-10T14:20:32.075+0000] {processor.py:183} INFO - Processing /home/airflow/.local/lib/python3.12/site-packages/airflow/example_dags/example_external_task_marker_dag.py took 0.082 seconds
[2024-06-10T14:21:02.293+0000] {processor.py:161} INFO - Started process (PID=1819) to work on /home/airflow/.local/lib/python3.12/site-packages/airflow/example_dags/example_external_task_marker_dag.py
[2024-06-10T14:21:02.294+0000] {processor.py:830} INFO - Processing file /home/airflow/.local/lib/python3.12/site-packages/airflow/example_dags/example_external_task_marker_dag.py for tasks to queue
[2024-06-10T14:21:02.295+0000] {logging_mixin.py:188} INFO - [2024-06-10T14:21:02.295+0000] {dagbag.py:545} INFO - Filling up the DagBag from /home/airflow/.local/lib/python3.12/site-packages/airflow/example_dags/example_external_task_marker_dag.py
[2024-06-10T14:21:02.301+0000] {processor.py:840} INFO - DAG(s) 'example_external_task_marker_parent', 'example_external_task_marker_child' retrieved from /home/airflow/.local/lib/python3.12/site-packages/airflow/example_dags/example_external_task_marker_dag.py
[2024-06-10T14:21:02.327+0000] {logging_mixin.py:188} INFO - [2024-06-10T14:21:02.327+0000] {dag.py:3096} INFO - Sync 2 DAGs
[2024-06-10T14:21:02.338+0000] {logging_mixin.py:188} INFO - [2024-06-10T14:21:02.337+0000] {dag.py:3954} INFO - Setting next_dagrun for example_external_task_marker_child to None, run_after=None
[2024-06-10T14:21:02.342+0000] {logging_mixin.py:188} INFO - [2024-06-10T14:21:02.342+0000] {dag.py:3954} INFO - Setting next_dagrun for example_external_task_marker_parent to None, run_after=None
[2024-06-10T14:21:02.360+0000] {processor.py:183} INFO - Processing /home/airflow/.local/lib/python3.12/site-packages/airflow/example_dags/example_external_task_marker_dag.py took 0.072 seconds
[2024-06-10T14:21:32.632+0000] {processor.py:161} INFO - Started process (PID=1879) to work on /home/airflow/.local/lib/python3.12/site-packages/airflow/example_dags/example_external_task_marker_dag.py
[2024-06-10T14:21:32.633+0000] {processor.py:830} INFO - Processing file /home/airflow/.local/lib/python3.12/site-packages/airflow/example_dags/example_external_task_marker_dag.py for tasks to queue
[2024-06-10T14:21:32.635+0000] {logging_mixin.py:188} INFO - [2024-06-10T14:21:32.635+0000] {dagbag.py:545} INFO - Filling up the DagBag from /home/airflow/.local/lib/python3.12/site-packages/airflow/example_dags/example_external_task_marker_dag.py
[2024-06-10T14:21:32.641+0000] {processor.py:840} INFO - DAG(s) 'example_external_task_marker_child', 'example_external_task_marker_parent' retrieved from /home/airflow/.local/lib/python3.12/site-packages/airflow/example_dags/example_external_task_marker_dag.py
[2024-06-10T14:21:32.668+0000] {logging_mixin.py:188} INFO - [2024-06-10T14:21:32.668+0000] {dag.py:3096} INFO - Sync 2 DAGs
[2024-06-10T14:21:32.680+0000] {logging_mixin.py:188} INFO - [2024-06-10T14:21:32.679+0000] {dag.py:3954} INFO - Setting next_dagrun for example_external_task_marker_child to None, run_after=None
[2024-06-10T14:21:32.684+0000] {logging_mixin.py:188} INFO - [2024-06-10T14:21:32.683+0000] {dag.py:3954} INFO - Setting next_dagrun for example_external_task_marker_parent to None, run_after=None
[2024-06-10T14:21:32.704+0000] {processor.py:183} INFO - Processing /home/airflow/.local/lib/python3.12/site-packages/airflow/example_dags/example_external_task_marker_dag.py took 0.077 seconds
[2024-06-10T14:26:12.715+0000] {processor.py:161} INFO - Started process (PID=47) to work on /home/airflow/.local/lib/python3.12/site-packages/airflow/example_dags/example_external_task_marker_dag.py
[2024-06-10T14:26:12.717+0000] {processor.py:830} INFO - Processing file /home/airflow/.local/lib/python3.12/site-packages/airflow/example_dags/example_external_task_marker_dag.py for tasks to queue
[2024-06-10T14:26:12.719+0000] {logging_mixin.py:188} INFO - [2024-06-10T14:26:12.719+0000] {dagbag.py:545} INFO - Filling up the DagBag from /home/airflow/.local/lib/python3.12/site-packages/airflow/example_dags/example_external_task_marker_dag.py
[2024-06-10T14:26:12.732+0000] {processor.py:840} INFO - DAG(s) 'example_external_task_marker_parent', 'example_external_task_marker_child' retrieved from /home/airflow/.local/lib/python3.12/site-packages/airflow/example_dags/example_external_task_marker_dag.py
[2024-06-10T14:26:12.902+0000] {logging_mixin.py:188} INFO - [2024-06-10T14:26:12.901+0000] {override.py:1829} INFO - Created Permission View: can delete on DAG:example_external_task_marker_parent
[2024-06-10T14:26:12.928+0000] {logging_mixin.py:188} INFO - [2024-06-10T14:26:12.927+0000] {override.py:1829} INFO - Created Permission View: can read on DAG:example_external_task_marker_parent
[2024-06-10T14:26:12.939+0000] {logging_mixin.py:188} INFO - [2024-06-10T14:26:12.939+0000] {override.py:1829} INFO - Created Permission View: can edit on DAG:example_external_task_marker_parent
[2024-06-10T14:26:12.979+0000] {logging_mixin.py:188} INFO - [2024-06-10T14:26:12.978+0000] {override.py:1829} INFO - Created Permission View: can delete on DAG:example_external_task_marker_child
[2024-06-10T14:26:13.000+0000] {logging_mixin.py:188} INFO - [2024-06-10T14:26:12.999+0000] {override.py:1829} INFO - Created Permission View: can read on DAG:example_external_task_marker_child
[2024-06-10T14:26:13.010+0000] {logging_mixin.py:188} INFO - [2024-06-10T14:26:13.009+0000] {override.py:1829} INFO - Created Permission View: can edit on DAG:example_external_task_marker_child
[2024-06-10T14:26:13.011+0000] {logging_mixin.py:188} INFO - [2024-06-10T14:26:13.011+0000] {dag.py:3096} INFO - Sync 2 DAGs
[2024-06-10T14:26:13.038+0000] {logging_mixin.py:188} INFO - [2024-06-10T14:26:13.037+0000] {dag.py:3118} INFO - Creating ORM DAG for example_external_task_marker_child
[2024-06-10T14:26:13.039+0000] {logging_mixin.py:188} INFO - [2024-06-10T14:26:13.039+0000] {dag.py:3118} INFO - Creating ORM DAG for example_external_task_marker_parent
[2024-06-10T14:26:13.041+0000] {logging_mixin.py:188} INFO - [2024-06-10T14:26:13.040+0000] {dag.py:3954} INFO - Setting next_dagrun for example_external_task_marker_child to None, run_after=None
[2024-06-10T14:26:13.043+0000] {logging_mixin.py:188} INFO - [2024-06-10T14:26:13.042+0000] {dag.py:3954} INFO - Setting next_dagrun for example_external_task_marker_parent to None, run_after=None
[2024-06-10T14:26:13.073+0000] {processor.py:183} INFO - Processing /home/airflow/.local/lib/python3.12/site-packages/airflow/example_dags/example_external_task_marker_dag.py took 0.365 seconds
[2024-06-10T14:26:44.022+0000] {processor.py:161} INFO - Started process (PID=107) to work on /home/airflow/.local/lib/python3.12/site-packages/airflow/example_dags/example_external_task_marker_dag.py
[2024-06-10T14:26:44.023+0000] {processor.py:830} INFO - Processing file /home/airflow/.local/lib/python3.12/site-packages/airflow/example_dags/example_external_task_marker_dag.py for tasks to queue
[2024-06-10T14:26:44.025+0000] {logging_mixin.py:188} INFO - [2024-06-10T14:26:44.025+0000] {dagbag.py:545} INFO - Filling up the DagBag from /home/airflow/.local/lib/python3.12/site-packages/airflow/example_dags/example_external_task_marker_dag.py
[2024-06-10T14:26:44.031+0000] {processor.py:840} INFO - DAG(s) 'example_external_task_marker_child', 'example_external_task_marker_parent' retrieved from /home/airflow/.local/lib/python3.12/site-packages/airflow/example_dags/example_external_task_marker_dag.py
[2024-06-10T14:26:44.044+0000] {logging_mixin.py:188} INFO - [2024-06-10T14:26:44.044+0000] {dag.py:3096} INFO - Sync 2 DAGs
[2024-06-10T14:26:44.058+0000] {logging_mixin.py:188} INFO - [2024-06-10T14:26:44.058+0000] {dag.py:3954} INFO - Setting next_dagrun for example_external_task_marker_child to None, run_after=None
[2024-06-10T14:26:44.062+0000] {logging_mixin.py:188} INFO - [2024-06-10T14:26:44.062+0000] {dag.py:3954} INFO - Setting next_dagrun for example_external_task_marker_parent to None, run_after=None
[2024-06-10T14:26:44.082+0000] {processor.py:183} INFO - Processing /home/airflow/.local/lib/python3.12/site-packages/airflow/example_dags/example_external_task_marker_dag.py took 0.068 seconds
[2024-06-10T14:27:14.479+0000] {processor.py:161} INFO - Started process (PID=167) to work on /home/airflow/.local/lib/python3.12/site-packages/airflow/example_dags/example_external_task_marker_dag.py
[2024-06-10T14:27:14.481+0000] {processor.py:830} INFO - Processing file /home/airflow/.local/lib/python3.12/site-packages/airflow/example_dags/example_external_task_marker_dag.py for tasks to queue
[2024-06-10T14:27:14.483+0000] {logging_mixin.py:188} INFO - [2024-06-10T14:27:14.483+0000] {dagbag.py:545} INFO - Filling up the DagBag from /home/airflow/.local/lib/python3.12/site-packages/airflow/example_dags/example_external_task_marker_dag.py
[2024-06-10T14:27:14.489+0000] {processor.py:840} INFO - DAG(s) 'example_external_task_marker_parent', 'example_external_task_marker_child' retrieved from /home/airflow/.local/lib/python3.12/site-packages/airflow/example_dags/example_external_task_marker_dag.py
[2024-06-10T14:27:14.616+0000] {logging_mixin.py:188} INFO - [2024-06-10T14:27:14.615+0000] {dag.py:3096} INFO - Sync 2 DAGs
[2024-06-10T14:27:14.628+0000] {logging_mixin.py:188} INFO - [2024-06-10T14:27:14.627+0000] {dag.py:3954} INFO - Setting next_dagrun for example_external_task_marker_child to None, run_after=None
[2024-06-10T14:27:14.632+0000] {logging_mixin.py:188} INFO - [2024-06-10T14:27:14.632+0000] {dag.py:3954} INFO - Setting next_dagrun for example_external_task_marker_parent to None, run_after=None
[2024-06-10T14:27:14.655+0000] {processor.py:183} INFO - Processing /home/airflow/.local/lib/python3.12/site-packages/airflow/example_dags/example_external_task_marker_dag.py took 0.181 seconds
[2024-06-10T14:27:44.943+0000] {processor.py:161} INFO - Started process (PID=227) to work on /home/airflow/.local/lib/python3.12/site-packages/airflow/example_dags/example_external_task_marker_dag.py
[2024-06-10T14:27:44.944+0000] {processor.py:830} INFO - Processing file /home/airflow/.local/lib/python3.12/site-packages/airflow/example_dags/example_external_task_marker_dag.py for tasks to queue
[2024-06-10T14:27:44.946+0000] {logging_mixin.py:188} INFO - [2024-06-10T14:27:44.946+0000] {dagbag.py:545} INFO - Filling up the DagBag from /home/airflow/.local/lib/python3.12/site-packages/airflow/example_dags/example_external_task_marker_dag.py
[2024-06-10T14:27:44.951+0000] {processor.py:840} INFO - DAG(s) 'example_external_task_marker_child', 'example_external_task_marker_parent' retrieved from /home/airflow/.local/lib/python3.12/site-packages/airflow/example_dags/example_external_task_marker_dag.py
[2024-06-10T14:27:44.976+0000] {logging_mixin.py:188} INFO - [2024-06-10T14:27:44.976+0000] {dag.py:3096} INFO - Sync 2 DAGs
[2024-06-10T14:27:44.995+0000] {logging_mixin.py:188} INFO - [2024-06-10T14:27:44.995+0000] {dag.py:3954} INFO - Setting next_dagrun for example_external_task_marker_child to None, run_after=None
[2024-06-10T14:27:44.999+0000] {logging_mixin.py:188} INFO - [2024-06-10T14:27:44.999+0000] {dag.py:3954} INFO - Setting next_dagrun for example_external_task_marker_parent to None, run_after=None
[2024-06-10T14:27:45.026+0000] {processor.py:183} INFO - Processing /home/airflow/.local/lib/python3.12/site-packages/airflow/example_dags/example_external_task_marker_dag.py took 0.088 seconds
[2024-06-10T14:28:15.315+0000] {processor.py:161} INFO - Started process (PID=286) to work on /home/airflow/.local/lib/python3.12/site-packages/airflow/example_dags/example_external_task_marker_dag.py
[2024-06-10T14:28:15.316+0000] {processor.py:830} INFO - Processing file /home/airflow/.local/lib/python3.12/site-packages/airflow/example_dags/example_external_task_marker_dag.py for tasks to queue
[2024-06-10T14:28:15.318+0000] {logging_mixin.py:188} INFO - [2024-06-10T14:28:15.318+0000] {dagbag.py:545} INFO - Filling up the DagBag from /home/airflow/.local/lib/python3.12/site-packages/airflow/example_dags/example_external_task_marker_dag.py
[2024-06-10T14:28:15.325+0000] {processor.py:840} INFO - DAG(s) 'example_external_task_marker_child', 'example_external_task_marker_parent' retrieved from /home/airflow/.local/lib/python3.12/site-packages/airflow/example_dags/example_external_task_marker_dag.py
[2024-06-10T14:28:15.350+0000] {logging_mixin.py:188} INFO - [2024-06-10T14:28:15.350+0000] {dag.py:3096} INFO - Sync 2 DAGs
[2024-06-10T14:28:15.363+0000] {logging_mixin.py:188} INFO - [2024-06-10T14:28:15.363+0000] {dag.py:3954} INFO - Setting next_dagrun for example_external_task_marker_child to None, run_after=None
[2024-06-10T14:28:15.367+0000] {logging_mixin.py:188} INFO - [2024-06-10T14:28:15.367+0000] {dag.py:3954} INFO - Setting next_dagrun for example_external_task_marker_parent to None, run_after=None
[2024-06-10T14:28:15.387+0000] {processor.py:183} INFO - Processing /home/airflow/.local/lib/python3.12/site-packages/airflow/example_dags/example_external_task_marker_dag.py took 0.077 seconds
[2024-06-10T14:28:45.503+0000] {processor.py:161} INFO - Started process (PID=346) to work on /home/airflow/.local/lib/python3.12/site-packages/airflow/example_dags/example_external_task_marker_dag.py
[2024-06-10T14:28:45.505+0000] {processor.py:830} INFO - Processing file /home/airflow/.local/lib/python3.12/site-packages/airflow/example_dags/example_external_task_marker_dag.py for tasks to queue
[2024-06-10T14:28:45.507+0000] {logging_mixin.py:188} INFO - [2024-06-10T14:28:45.507+0000] {dagbag.py:545} INFO - Filling up the DagBag from /home/airflow/.local/lib/python3.12/site-packages/airflow/example_dags/example_external_task_marker_dag.py
[2024-06-10T14:28:45.512+0000] {processor.py:840} INFO - DAG(s) 'example_external_task_marker_parent', 'example_external_task_marker_child' retrieved from /home/airflow/.local/lib/python3.12/site-packages/airflow/example_dags/example_external_task_marker_dag.py
[2024-06-10T14:28:45.543+0000] {logging_mixin.py:188} INFO - [2024-06-10T14:28:45.542+0000] {dag.py:3096} INFO - Sync 2 DAGs
[2024-06-10T14:28:45.559+0000] {logging_mixin.py:188} INFO - [2024-06-10T14:28:45.558+0000] {dag.py:3954} INFO - Setting next_dagrun for example_external_task_marker_child to None, run_after=None
[2024-06-10T14:28:45.563+0000] {logging_mixin.py:188} INFO - [2024-06-10T14:28:45.563+0000] {dag.py:3954} INFO - Setting next_dagrun for example_external_task_marker_parent to None, run_after=None
[2024-06-10T14:28:45.589+0000] {processor.py:183} INFO - Processing /home/airflow/.local/lib/python3.12/site-packages/airflow/example_dags/example_external_task_marker_dag.py took 0.091 seconds
