[2024-06-10T14:04:49.513+0000] {processor.py:161} INFO - Started process (PID=90) to work on /home/airflow/.local/lib/python3.12/site-packages/airflow/example_dags/example_bash_operator.py
[2024-06-10T14:04:49.514+0000] {processor.py:830} INFO - Processing file /home/airflow/.local/lib/python3.12/site-packages/airflow/example_dags/example_bash_operator.py for tasks to queue
[2024-06-10T14:04:49.516+0000] {logging_mixin.py:188} INFO - [2024-06-10T14:04:49.516+0000] {dagbag.py:545} INFO - Filling up the DagBag from /home/airflow/.local/lib/python3.12/site-packages/airflow/example_dags/example_bash_operator.py
[2024-06-10T14:04:49.529+0000] {processor.py:840} INFO - DAG(s) 'example_bash_operator' retrieved from /home/airflow/.local/lib/python3.12/site-packages/airflow/example_dags/example_bash_operator.py
[2024-06-10T14:04:49.652+0000] {logging_mixin.py:188} INFO - [2024-06-10T14:04:49.652+0000] {dag.py:3096} INFO - Sync 1 DAGs
[2024-06-10T14:04:49.675+0000] {logging_mixin.py:188} INFO - [2024-06-10T14:04:49.675+0000] {dag.py:3954} INFO - Setting next_dagrun for example_bash_operator to 2024-06-09 00:00:00+00:00, run_after=2024-06-10 00:00:00+00:00
[2024-06-10T14:04:49.696+0000] {processor.py:183} INFO - Processing /home/airflow/.local/lib/python3.12/site-packages/airflow/example_dags/example_bash_operator.py took 0.189 seconds
[2024-06-10T14:05:20.247+0000] {processor.py:161} INFO - Started process (PID=159) to work on /home/airflow/.local/lib/python3.12/site-packages/airflow/example_dags/example_bash_operator.py
[2024-06-10T14:05:20.249+0000] {processor.py:830} INFO - Processing file /home/airflow/.local/lib/python3.12/site-packages/airflow/example_dags/example_bash_operator.py for tasks to queue
[2024-06-10T14:05:20.251+0000] {logging_mixin.py:188} INFO - [2024-06-10T14:05:20.251+0000] {dagbag.py:545} INFO - Filling up the DagBag from /home/airflow/.local/lib/python3.12/site-packages/airflow/example_dags/example_bash_operator.py
[2024-06-10T14:05:20.262+0000] {processor.py:840} INFO - DAG(s) 'example_bash_operator' retrieved from /home/airflow/.local/lib/python3.12/site-packages/airflow/example_dags/example_bash_operator.py
[2024-06-10T14:05:20.296+0000] {logging_mixin.py:188} INFO - [2024-06-10T14:05:20.296+0000] {dag.py:3096} INFO - Sync 1 DAGs
[2024-06-10T14:05:20.322+0000] {logging_mixin.py:188} INFO - [2024-06-10T14:05:20.322+0000] {dag.py:3954} INFO - Setting next_dagrun for example_bash_operator to 2024-06-09 00:00:00+00:00, run_after=2024-06-10 00:00:00+00:00
[2024-06-10T14:05:20.344+0000] {processor.py:183} INFO - Processing /home/airflow/.local/lib/python3.12/site-packages/airflow/example_dags/example_bash_operator.py took 0.102 seconds
[2024-06-10T14:05:55.795+0000] {processor.py:161} INFO - Started process (PID=228) to work on /home/airflow/.local/lib/python3.12/site-packages/airflow/example_dags/example_bash_operator.py
[2024-06-10T14:05:55.797+0000] {processor.py:830} INFO - Processing file /home/airflow/.local/lib/python3.12/site-packages/airflow/example_dags/example_bash_operator.py for tasks to queue
[2024-06-10T14:05:55.799+0000] {logging_mixin.py:188} INFO - [2024-06-10T14:05:55.799+0000] {dagbag.py:545} INFO - Filling up the DagBag from /home/airflow/.local/lib/python3.12/site-packages/airflow/example_dags/example_bash_operator.py
[2024-06-10T14:05:55.812+0000] {processor.py:840} INFO - DAG(s) 'example_bash_operator' retrieved from /home/airflow/.local/lib/python3.12/site-packages/airflow/example_dags/example_bash_operator.py
[2024-06-10T14:05:55.850+0000] {logging_mixin.py:188} INFO - [2024-06-10T14:05:55.850+0000] {dag.py:3096} INFO - Sync 1 DAGs
[2024-06-10T14:05:55.878+0000] {logging_mixin.py:188} INFO - [2024-06-10T14:05:55.878+0000] {dag.py:3954} INFO - Setting next_dagrun for example_bash_operator to 2024-06-09 00:00:00+00:00, run_after=2024-06-10 00:00:00+00:00
[2024-06-10T14:05:55.913+0000] {processor.py:183} INFO - Processing /home/airflow/.local/lib/python3.12/site-packages/airflow/example_dags/example_bash_operator.py took 0.124 seconds
[2024-06-10T14:06:26.470+0000] {processor.py:161} INFO - Started process (PID=298) to work on /home/airflow/.local/lib/python3.12/site-packages/airflow/example_dags/example_bash_operator.py
[2024-06-10T14:06:26.471+0000] {processor.py:830} INFO - Processing file /home/airflow/.local/lib/python3.12/site-packages/airflow/example_dags/example_bash_operator.py for tasks to queue
[2024-06-10T14:06:26.475+0000] {logging_mixin.py:188} INFO - [2024-06-10T14:06:26.474+0000] {dagbag.py:545} INFO - Filling up the DagBag from /home/airflow/.local/lib/python3.12/site-packages/airflow/example_dags/example_bash_operator.py
[2024-06-10T14:06:26.491+0000] {processor.py:840} INFO - DAG(s) 'example_bash_operator' retrieved from /home/airflow/.local/lib/python3.12/site-packages/airflow/example_dags/example_bash_operator.py
[2024-06-10T14:06:26.502+0000] {logging_mixin.py:188} INFO - [2024-06-10T14:06:26.502+0000] {dag.py:3096} INFO - Sync 1 DAGs
[2024-06-10T14:06:26.529+0000] {logging_mixin.py:188} INFO - [2024-06-10T14:06:26.529+0000] {dag.py:3954} INFO - Setting next_dagrun for example_bash_operator to 2024-06-09 00:00:00+00:00, run_after=2024-06-10 00:00:00+00:00
[2024-06-10T14:06:26.554+0000] {processor.py:183} INFO - Processing /home/airflow/.local/lib/python3.12/site-packages/airflow/example_dags/example_bash_operator.py took 0.092 seconds
[2024-06-10T14:07:25.365+0000] {processor.py:161} INFO - Started process (PID=90) to work on /home/airflow/.local/lib/python3.12/site-packages/airflow/example_dags/example_bash_operator.py
[2024-06-10T14:07:25.366+0000] {processor.py:830} INFO - Processing file /home/airflow/.local/lib/python3.12/site-packages/airflow/example_dags/example_bash_operator.py for tasks to queue
[2024-06-10T14:07:25.369+0000] {logging_mixin.py:188} INFO - [2024-06-10T14:07:25.368+0000] {dagbag.py:545} INFO - Filling up the DagBag from /home/airflow/.local/lib/python3.12/site-packages/airflow/example_dags/example_bash_operator.py
[2024-06-10T14:07:25.387+0000] {processor.py:840} INFO - DAG(s) 'example_bash_operator' retrieved from /home/airflow/.local/lib/python3.12/site-packages/airflow/example_dags/example_bash_operator.py
[2024-06-10T14:07:25.544+0000] {logging_mixin.py:188} INFO - [2024-06-10T14:07:25.544+0000] {dag.py:3096} INFO - Sync 1 DAGs
[2024-06-10T14:07:25.576+0000] {logging_mixin.py:188} INFO - [2024-06-10T14:07:25.576+0000] {dag.py:3954} INFO - Setting next_dagrun for example_bash_operator to 2024-06-09 00:00:00+00:00, run_after=2024-06-10 00:00:00+00:00
[2024-06-10T14:07:26.011+0000] {processor.py:183} INFO - Processing /home/airflow/.local/lib/python3.12/site-packages/airflow/example_dags/example_bash_operator.py took 0.654 seconds
[2024-06-10T14:07:56.602+0000] {processor.py:161} INFO - Started process (PID=159) to work on /home/airflow/.local/lib/python3.12/site-packages/airflow/example_dags/example_bash_operator.py
[2024-06-10T14:07:56.604+0000] {processor.py:830} INFO - Processing file /home/airflow/.local/lib/python3.12/site-packages/airflow/example_dags/example_bash_operator.py for tasks to queue
[2024-06-10T14:07:56.606+0000] {logging_mixin.py:188} INFO - [2024-06-10T14:07:56.605+0000] {dagbag.py:545} INFO - Filling up the DagBag from /home/airflow/.local/lib/python3.12/site-packages/airflow/example_dags/example_bash_operator.py
[2024-06-10T14:07:56.620+0000] {processor.py:840} INFO - DAG(s) 'example_bash_operator' retrieved from /home/airflow/.local/lib/python3.12/site-packages/airflow/example_dags/example_bash_operator.py
[2024-06-10T14:07:56.646+0000] {logging_mixin.py:188} INFO - [2024-06-10T14:07:56.646+0000] {dag.py:3096} INFO - Sync 1 DAGs
[2024-06-10T14:07:56.668+0000] {logging_mixin.py:188} INFO - [2024-06-10T14:07:56.667+0000] {dag.py:3954} INFO - Setting next_dagrun for example_bash_operator to 2024-06-09 00:00:00+00:00, run_after=2024-06-10 00:00:00+00:00
[2024-06-10T14:07:56.691+0000] {processor.py:183} INFO - Processing /home/airflow/.local/lib/python3.12/site-packages/airflow/example_dags/example_bash_operator.py took 0.095 seconds
[2024-06-10T14:08:27.244+0000] {processor.py:161} INFO - Started process (PID=228) to work on /home/airflow/.local/lib/python3.12/site-packages/airflow/example_dags/example_bash_operator.py
[2024-06-10T14:08:27.246+0000] {processor.py:830} INFO - Processing file /home/airflow/.local/lib/python3.12/site-packages/airflow/example_dags/example_bash_operator.py for tasks to queue
[2024-06-10T14:08:27.248+0000] {logging_mixin.py:188} INFO - [2024-06-10T14:08:27.248+0000] {dagbag.py:545} INFO - Filling up the DagBag from /home/airflow/.local/lib/python3.12/site-packages/airflow/example_dags/example_bash_operator.py
[2024-06-10T14:08:27.260+0000] {processor.py:840} INFO - DAG(s) 'example_bash_operator' retrieved from /home/airflow/.local/lib/python3.12/site-packages/airflow/example_dags/example_bash_operator.py
[2024-06-10T14:08:27.288+0000] {logging_mixin.py:188} INFO - [2024-06-10T14:08:27.288+0000] {dag.py:3096} INFO - Sync 1 DAGs
[2024-06-10T14:08:27.315+0000] {logging_mixin.py:188} INFO - [2024-06-10T14:08:27.315+0000] {dag.py:3954} INFO - Setting next_dagrun for example_bash_operator to 2024-06-09 00:00:00+00:00, run_after=2024-06-10 00:00:00+00:00
[2024-06-10T14:08:27.339+0000] {processor.py:183} INFO - Processing /home/airflow/.local/lib/python3.12/site-packages/airflow/example_dags/example_bash_operator.py took 0.101 seconds
[2024-06-10T14:08:58.139+0000] {processor.py:161} INFO - Started process (PID=297) to work on /home/airflow/.local/lib/python3.12/site-packages/airflow/example_dags/example_bash_operator.py
[2024-06-10T14:08:58.141+0000] {processor.py:830} INFO - Processing file /home/airflow/.local/lib/python3.12/site-packages/airflow/example_dags/example_bash_operator.py for tasks to queue
[2024-06-10T14:08:58.144+0000] {logging_mixin.py:188} INFO - [2024-06-10T14:08:58.143+0000] {dagbag.py:545} INFO - Filling up the DagBag from /home/airflow/.local/lib/python3.12/site-packages/airflow/example_dags/example_bash_operator.py
[2024-06-10T14:08:58.159+0000] {processor.py:840} INFO - DAG(s) 'example_bash_operator' retrieved from /home/airflow/.local/lib/python3.12/site-packages/airflow/example_dags/example_bash_operator.py
[2024-06-10T14:08:58.197+0000] {logging_mixin.py:188} INFO - [2024-06-10T14:08:58.197+0000] {dag.py:3096} INFO - Sync 1 DAGs
[2024-06-10T14:08:58.225+0000] {logging_mixin.py:188} INFO - [2024-06-10T14:08:58.225+0000] {dag.py:3954} INFO - Setting next_dagrun for example_bash_operator to 2024-06-09 00:00:00+00:00, run_after=2024-06-10 00:00:00+00:00
[2024-06-10T14:08:58.251+0000] {processor.py:183} INFO - Processing /home/airflow/.local/lib/python3.12/site-packages/airflow/example_dags/example_bash_operator.py took 0.117 seconds
[2024-06-10T14:09:28.735+0000] {processor.py:161} INFO - Started process (PID=366) to work on /home/airflow/.local/lib/python3.12/site-packages/airflow/example_dags/example_bash_operator.py
[2024-06-10T14:09:28.737+0000] {processor.py:830} INFO - Processing file /home/airflow/.local/lib/python3.12/site-packages/airflow/example_dags/example_bash_operator.py for tasks to queue
[2024-06-10T14:09:28.739+0000] {logging_mixin.py:188} INFO - [2024-06-10T14:09:28.739+0000] {dagbag.py:545} INFO - Filling up the DagBag from /home/airflow/.local/lib/python3.12/site-packages/airflow/example_dags/example_bash_operator.py
[2024-06-10T14:09:28.752+0000] {processor.py:840} INFO - DAG(s) 'example_bash_operator' retrieved from /home/airflow/.local/lib/python3.12/site-packages/airflow/example_dags/example_bash_operator.py
[2024-06-10T14:09:28.783+0000] {logging_mixin.py:188} INFO - [2024-06-10T14:09:28.782+0000] {dag.py:3096} INFO - Sync 1 DAGs
[2024-06-10T14:09:28.807+0000] {logging_mixin.py:188} INFO - [2024-06-10T14:09:28.807+0000] {dag.py:3954} INFO - Setting next_dagrun for example_bash_operator to 2024-06-09 00:00:00+00:00, run_after=2024-06-10 00:00:00+00:00
[2024-06-10T14:09:28.835+0000] {processor.py:183} INFO - Processing /home/airflow/.local/lib/python3.12/site-packages/airflow/example_dags/example_bash_operator.py took 0.106 seconds
[2024-06-10T14:09:58.973+0000] {processor.py:161} INFO - Started process (PID=435) to work on /home/airflow/.local/lib/python3.12/site-packages/airflow/example_dags/example_bash_operator.py
[2024-06-10T14:09:58.975+0000] {processor.py:830} INFO - Processing file /home/airflow/.local/lib/python3.12/site-packages/airflow/example_dags/example_bash_operator.py for tasks to queue
[2024-06-10T14:09:58.978+0000] {logging_mixin.py:188} INFO - [2024-06-10T14:09:58.978+0000] {dagbag.py:545} INFO - Filling up the DagBag from /home/airflow/.local/lib/python3.12/site-packages/airflow/example_dags/example_bash_operator.py
[2024-06-10T14:09:58.994+0000] {processor.py:840} INFO - DAG(s) 'example_bash_operator' retrieved from /home/airflow/.local/lib/python3.12/site-packages/airflow/example_dags/example_bash_operator.py
[2024-06-10T14:09:59.028+0000] {logging_mixin.py:188} INFO - [2024-06-10T14:09:59.028+0000] {dag.py:3096} INFO - Sync 1 DAGs
[2024-06-10T14:09:59.060+0000] {logging_mixin.py:188} INFO - [2024-06-10T14:09:59.059+0000] {dag.py:3954} INFO - Setting next_dagrun for example_bash_operator to 2024-06-09 00:00:00+00:00, run_after=2024-06-10 00:00:00+00:00
[2024-06-10T14:09:59.087+0000] {processor.py:183} INFO - Processing /home/airflow/.local/lib/python3.12/site-packages/airflow/example_dags/example_bash_operator.py took 0.120 seconds
[2024-06-10T14:10:30.000+0000] {processor.py:161} INFO - Started process (PID=505) to work on /home/airflow/.local/lib/python3.12/site-packages/airflow/example_dags/example_bash_operator.py
[2024-06-10T14:10:30.002+0000] {processor.py:830} INFO - Processing file /home/airflow/.local/lib/python3.12/site-packages/airflow/example_dags/example_bash_operator.py for tasks to queue
[2024-06-10T14:10:30.006+0000] {logging_mixin.py:188} INFO - [2024-06-10T14:10:30.005+0000] {dagbag.py:545} INFO - Filling up the DagBag from /home/airflow/.local/lib/python3.12/site-packages/airflow/example_dags/example_bash_operator.py
[2024-06-10T14:10:30.017+0000] {processor.py:840} INFO - DAG(s) 'example_bash_operator' retrieved from /home/airflow/.local/lib/python3.12/site-packages/airflow/example_dags/example_bash_operator.py
[2024-06-10T14:10:30.052+0000] {logging_mixin.py:188} INFO - [2024-06-10T14:10:30.052+0000] {dag.py:3096} INFO - Sync 1 DAGs
[2024-06-10T14:10:30.078+0000] {logging_mixin.py:188} INFO - [2024-06-10T14:10:30.078+0000] {dag.py:3954} INFO - Setting next_dagrun for example_bash_operator to 2024-06-09 00:00:00+00:00, run_after=2024-06-10 00:00:00+00:00
[2024-06-10T14:10:30.189+0000] {processor.py:183} INFO - Processing /home/airflow/.local/lib/python3.12/site-packages/airflow/example_dags/example_bash_operator.py took 0.203 seconds
[2024-06-10T14:11:01.936+0000] {processor.py:161} INFO - Started process (PID=573) to work on /home/airflow/.local/lib/python3.12/site-packages/airflow/example_dags/example_bash_operator.py
[2024-06-10T14:11:01.937+0000] {processor.py:830} INFO - Processing file /home/airflow/.local/lib/python3.12/site-packages/airflow/example_dags/example_bash_operator.py for tasks to queue
[2024-06-10T14:11:01.939+0000] {logging_mixin.py:188} INFO - [2024-06-10T14:11:01.939+0000] {dagbag.py:545} INFO - Filling up the DagBag from /home/airflow/.local/lib/python3.12/site-packages/airflow/example_dags/example_bash_operator.py
[2024-06-10T14:11:01.950+0000] {processor.py:840} INFO - DAG(s) 'example_bash_operator' retrieved from /home/airflow/.local/lib/python3.12/site-packages/airflow/example_dags/example_bash_operator.py
[2024-06-10T14:11:01.987+0000] {logging_mixin.py:188} INFO - [2024-06-10T14:11:01.986+0000] {dag.py:3096} INFO - Sync 1 DAGs
[2024-06-10T14:11:02.150+0000] {logging_mixin.py:188} INFO - [2024-06-10T14:11:02.149+0000] {dag.py:3954} INFO - Setting next_dagrun for example_bash_operator to 2024-06-09 00:00:00+00:00, run_after=2024-06-10 00:00:00+00:00
[2024-06-10T14:11:02.175+0000] {processor.py:183} INFO - Processing /home/airflow/.local/lib/python3.12/site-packages/airflow/example_dags/example_bash_operator.py took 0.244 seconds
[2024-06-10T14:11:32.938+0000] {processor.py:161} INFO - Started process (PID=642) to work on /home/airflow/.local/lib/python3.12/site-packages/airflow/example_dags/example_bash_operator.py
[2024-06-10T14:11:32.940+0000] {processor.py:830} INFO - Processing file /home/airflow/.local/lib/python3.12/site-packages/airflow/example_dags/example_bash_operator.py for tasks to queue
[2024-06-10T14:11:32.942+0000] {logging_mixin.py:188} INFO - [2024-06-10T14:11:32.942+0000] {dagbag.py:545} INFO - Filling up the DagBag from /home/airflow/.local/lib/python3.12/site-packages/airflow/example_dags/example_bash_operator.py
[2024-06-10T14:11:32.952+0000] {processor.py:840} INFO - DAG(s) 'example_bash_operator' retrieved from /home/airflow/.local/lib/python3.12/site-packages/airflow/example_dags/example_bash_operator.py
[2024-06-10T14:11:32.980+0000] {logging_mixin.py:188} INFO - [2024-06-10T14:11:32.980+0000] {dag.py:3096} INFO - Sync 1 DAGs
[2024-06-10T14:11:33.129+0000] {logging_mixin.py:188} INFO - [2024-06-10T14:11:33.129+0000] {dag.py:3954} INFO - Setting next_dagrun for example_bash_operator to 2024-06-09 00:00:00+00:00, run_after=2024-06-10 00:00:00+00:00
[2024-06-10T14:11:33.149+0000] {processor.py:183} INFO - Processing /home/airflow/.local/lib/python3.12/site-packages/airflow/example_dags/example_bash_operator.py took 0.215 seconds
[2024-06-10T14:12:03.725+0000] {processor.py:161} INFO - Started process (PID=711) to work on /home/airflow/.local/lib/python3.12/site-packages/airflow/example_dags/example_bash_operator.py
[2024-06-10T14:12:03.727+0000] {processor.py:830} INFO - Processing file /home/airflow/.local/lib/python3.12/site-packages/airflow/example_dags/example_bash_operator.py for tasks to queue
[2024-06-10T14:12:03.729+0000] {logging_mixin.py:188} INFO - [2024-06-10T14:12:03.729+0000] {dagbag.py:545} INFO - Filling up the DagBag from /home/airflow/.local/lib/python3.12/site-packages/airflow/example_dags/example_bash_operator.py
[2024-06-10T14:12:03.741+0000] {processor.py:840} INFO - DAG(s) 'example_bash_operator' retrieved from /home/airflow/.local/lib/python3.12/site-packages/airflow/example_dags/example_bash_operator.py
[2024-06-10T14:12:03.767+0000] {logging_mixin.py:188} INFO - [2024-06-10T14:12:03.767+0000] {dag.py:3096} INFO - Sync 1 DAGs
[2024-06-10T14:12:03.931+0000] {logging_mixin.py:188} INFO - [2024-06-10T14:12:03.931+0000] {dag.py:3954} INFO - Setting next_dagrun for example_bash_operator to 2024-06-09 00:00:00+00:00, run_after=2024-06-10 00:00:00+00:00
[2024-06-10T14:12:03.953+0000] {processor.py:183} INFO - Processing /home/airflow/.local/lib/python3.12/site-packages/airflow/example_dags/example_bash_operator.py took 0.232 seconds
[2024-06-10T14:12:38.759+0000] {processor.py:161} INFO - Started process (PID=780) to work on /home/airflow/.local/lib/python3.12/site-packages/airflow/example_dags/example_bash_operator.py
[2024-06-10T14:12:38.762+0000] {processor.py:830} INFO - Processing file /home/airflow/.local/lib/python3.12/site-packages/airflow/example_dags/example_bash_operator.py for tasks to queue
[2024-06-10T14:12:38.766+0000] {logging_mixin.py:188} INFO - [2024-06-10T14:12:38.765+0000] {dagbag.py:545} INFO - Filling up the DagBag from /home/airflow/.local/lib/python3.12/site-packages/airflow/example_dags/example_bash_operator.py
[2024-06-10T14:12:39.152+0000] {processor.py:840} INFO - DAG(s) 'example_bash_operator' retrieved from /home/airflow/.local/lib/python3.12/site-packages/airflow/example_dags/example_bash_operator.py
[2024-06-10T14:12:39.191+0000] {logging_mixin.py:188} INFO - [2024-06-10T14:12:39.191+0000] {dag.py:3096} INFO - Sync 1 DAGs
[2024-06-10T14:12:39.470+0000] {logging_mixin.py:188} INFO - [2024-06-10T14:12:39.470+0000] {dag.py:3954} INFO - Setting next_dagrun for example_bash_operator to 2024-06-09 00:00:00+00:00, run_after=2024-06-10 00:00:00+00:00
[2024-06-10T14:12:39.489+0000] {processor.py:183} INFO - Processing /home/airflow/.local/lib/python3.12/site-packages/airflow/example_dags/example_bash_operator.py took 0.739 seconds
[2024-06-10T14:13:10.263+0000] {processor.py:161} INFO - Started process (PID=849) to work on /home/airflow/.local/lib/python3.12/site-packages/airflow/example_dags/example_bash_operator.py
[2024-06-10T14:13:10.264+0000] {processor.py:830} INFO - Processing file /home/airflow/.local/lib/python3.12/site-packages/airflow/example_dags/example_bash_operator.py for tasks to queue
[2024-06-10T14:13:10.266+0000] {logging_mixin.py:188} INFO - [2024-06-10T14:13:10.266+0000] {dagbag.py:545} INFO - Filling up the DagBag from /home/airflow/.local/lib/python3.12/site-packages/airflow/example_dags/example_bash_operator.py
[2024-06-10T14:13:10.278+0000] {processor.py:840} INFO - DAG(s) 'example_bash_operator' retrieved from /home/airflow/.local/lib/python3.12/site-packages/airflow/example_dags/example_bash_operator.py
[2024-06-10T14:13:10.313+0000] {logging_mixin.py:188} INFO - [2024-06-10T14:13:10.313+0000] {dag.py:3096} INFO - Sync 1 DAGs
[2024-06-10T14:13:10.340+0000] {logging_mixin.py:188} INFO - [2024-06-10T14:13:10.340+0000] {dag.py:3954} INFO - Setting next_dagrun for example_bash_operator to 2024-06-09 00:00:00+00:00, run_after=2024-06-10 00:00:00+00:00
[2024-06-10T14:13:10.360+0000] {processor.py:183} INFO - Processing /home/airflow/.local/lib/python3.12/site-packages/airflow/example_dags/example_bash_operator.py took 0.104 seconds
[2024-06-10T14:13:40.610+0000] {processor.py:161} INFO - Started process (PID=918) to work on /home/airflow/.local/lib/python3.12/site-packages/airflow/example_dags/example_bash_operator.py
[2024-06-10T14:13:40.611+0000] {processor.py:830} INFO - Processing file /home/airflow/.local/lib/python3.12/site-packages/airflow/example_dags/example_bash_operator.py for tasks to queue
[2024-06-10T14:13:40.613+0000] {logging_mixin.py:188} INFO - [2024-06-10T14:13:40.613+0000] {dagbag.py:545} INFO - Filling up the DagBag from /home/airflow/.local/lib/python3.12/site-packages/airflow/example_dags/example_bash_operator.py
[2024-06-10T14:13:40.623+0000] {processor.py:840} INFO - DAG(s) 'example_bash_operator' retrieved from /home/airflow/.local/lib/python3.12/site-packages/airflow/example_dags/example_bash_operator.py
[2024-06-10T14:13:40.659+0000] {logging_mixin.py:188} INFO - [2024-06-10T14:13:40.658+0000] {dag.py:3096} INFO - Sync 1 DAGs
[2024-06-10T14:13:40.685+0000] {logging_mixin.py:188} INFO - [2024-06-10T14:13:40.685+0000] {dag.py:3954} INFO - Setting next_dagrun for example_bash_operator to 2024-06-09 00:00:00+00:00, run_after=2024-06-10 00:00:00+00:00
[2024-06-10T14:13:40.710+0000] {processor.py:183} INFO - Processing /home/airflow/.local/lib/python3.12/site-packages/airflow/example_dags/example_bash_operator.py took 0.105 seconds
[2024-06-10T14:14:10.812+0000] {processor.py:161} INFO - Started process (PID=987) to work on /home/airflow/.local/lib/python3.12/site-packages/airflow/example_dags/example_bash_operator.py
[2024-06-10T14:14:10.813+0000] {processor.py:830} INFO - Processing file /home/airflow/.local/lib/python3.12/site-packages/airflow/example_dags/example_bash_operator.py for tasks to queue
[2024-06-10T14:14:10.815+0000] {logging_mixin.py:188} INFO - [2024-06-10T14:14:10.815+0000] {dagbag.py:545} INFO - Filling up the DagBag from /home/airflow/.local/lib/python3.12/site-packages/airflow/example_dags/example_bash_operator.py
[2024-06-10T14:14:10.827+0000] {processor.py:840} INFO - DAG(s) 'example_bash_operator' retrieved from /home/airflow/.local/lib/python3.12/site-packages/airflow/example_dags/example_bash_operator.py
[2024-06-10T14:14:10.854+0000] {logging_mixin.py:188} INFO - [2024-06-10T14:14:10.853+0000] {dag.py:3096} INFO - Sync 1 DAGs
[2024-06-10T14:14:10.875+0000] {logging_mixin.py:188} INFO - [2024-06-10T14:14:10.875+0000] {dag.py:3954} INFO - Setting next_dagrun for example_bash_operator to 2024-06-09 00:00:00+00:00, run_after=2024-06-10 00:00:00+00:00
[2024-06-10T14:14:10.899+0000] {processor.py:183} INFO - Processing /home/airflow/.local/lib/python3.12/site-packages/airflow/example_dags/example_bash_operator.py took 0.093 seconds
[2024-06-10T14:14:41.678+0000] {processor.py:161} INFO - Started process (PID=1056) to work on /home/airflow/.local/lib/python3.12/site-packages/airflow/example_dags/example_bash_operator.py
[2024-06-10T14:14:41.679+0000] {processor.py:830} INFO - Processing file /home/airflow/.local/lib/python3.12/site-packages/airflow/example_dags/example_bash_operator.py for tasks to queue
[2024-06-10T14:14:41.681+0000] {logging_mixin.py:188} INFO - [2024-06-10T14:14:41.681+0000] {dagbag.py:545} INFO - Filling up the DagBag from /home/airflow/.local/lib/python3.12/site-packages/airflow/example_dags/example_bash_operator.py
[2024-06-10T14:14:41.696+0000] {processor.py:840} INFO - DAG(s) 'example_bash_operator' retrieved from /home/airflow/.local/lib/python3.12/site-packages/airflow/example_dags/example_bash_operator.py
[2024-06-10T14:14:41.727+0000] {logging_mixin.py:188} INFO - [2024-06-10T14:14:41.726+0000] {dag.py:3096} INFO - Sync 1 DAGs
[2024-06-10T14:14:41.751+0000] {logging_mixin.py:188} INFO - [2024-06-10T14:14:41.751+0000] {dag.py:3954} INFO - Setting next_dagrun for example_bash_operator to 2024-06-09 00:00:00+00:00, run_after=2024-06-10 00:00:00+00:00
[2024-06-10T14:14:41.777+0000] {processor.py:183} INFO - Processing /home/airflow/.local/lib/python3.12/site-packages/airflow/example_dags/example_bash_operator.py took 0.106 seconds
[2024-06-10T14:15:12.401+0000] {processor.py:161} INFO - Started process (PID=1126) to work on /home/airflow/.local/lib/python3.12/site-packages/airflow/example_dags/example_bash_operator.py
[2024-06-10T14:15:12.402+0000] {processor.py:830} INFO - Processing file /home/airflow/.local/lib/python3.12/site-packages/airflow/example_dags/example_bash_operator.py for tasks to queue
[2024-06-10T14:15:12.405+0000] {logging_mixin.py:188} INFO - [2024-06-10T14:15:12.404+0000] {dagbag.py:545} INFO - Filling up the DagBag from /home/airflow/.local/lib/python3.12/site-packages/airflow/example_dags/example_bash_operator.py
[2024-06-10T14:15:12.416+0000] {processor.py:840} INFO - DAG(s) 'example_bash_operator' retrieved from /home/airflow/.local/lib/python3.12/site-packages/airflow/example_dags/example_bash_operator.py
[2024-06-10T14:15:12.442+0000] {logging_mixin.py:188} INFO - [2024-06-10T14:15:12.442+0000] {dag.py:3096} INFO - Sync 1 DAGs
[2024-06-10T14:15:12.462+0000] {logging_mixin.py:188} INFO - [2024-06-10T14:15:12.462+0000] {dag.py:3954} INFO - Setting next_dagrun for example_bash_operator to 2024-06-09 00:00:00+00:00, run_after=2024-06-10 00:00:00+00:00
[2024-06-10T14:15:12.485+0000] {processor.py:183} INFO - Processing /home/airflow/.local/lib/python3.12/site-packages/airflow/example_dags/example_bash_operator.py took 0.090 seconds
[2024-06-10T14:15:42.583+0000] {processor.py:161} INFO - Started process (PID=1194) to work on /home/airflow/.local/lib/python3.12/site-packages/airflow/example_dags/example_bash_operator.py
[2024-06-10T14:15:42.585+0000] {processor.py:830} INFO - Processing file /home/airflow/.local/lib/python3.12/site-packages/airflow/example_dags/example_bash_operator.py for tasks to queue
[2024-06-10T14:15:42.586+0000] {logging_mixin.py:188} INFO - [2024-06-10T14:15:42.585+0000] {dagbag.py:545} INFO - Filling up the DagBag from /home/airflow/.local/lib/python3.12/site-packages/airflow/example_dags/example_bash_operator.py
[2024-06-10T14:15:42.600+0000] {processor.py:840} INFO - DAG(s) 'example_bash_operator' retrieved from /home/airflow/.local/lib/python3.12/site-packages/airflow/example_dags/example_bash_operator.py
[2024-06-10T14:15:42.635+0000] {logging_mixin.py:188} INFO - [2024-06-10T14:15:42.634+0000] {dag.py:3096} INFO - Sync 1 DAGs
[2024-06-10T14:15:42.663+0000] {logging_mixin.py:188} INFO - [2024-06-10T14:15:42.663+0000] {dag.py:3954} INFO - Setting next_dagrun for example_bash_operator to 2024-06-09 00:00:00+00:00, run_after=2024-06-10 00:00:00+00:00
[2024-06-10T14:15:42.688+0000] {processor.py:183} INFO - Processing /home/airflow/.local/lib/python3.12/site-packages/airflow/example_dags/example_bash_operator.py took 0.111 seconds
[2024-06-10T14:16:12.832+0000] {processor.py:161} INFO - Started process (PID=1254) to work on /home/airflow/.local/lib/python3.12/site-packages/airflow/example_dags/example_bash_operator.py
[2024-06-10T14:16:12.834+0000] {processor.py:830} INFO - Processing file /home/airflow/.local/lib/python3.12/site-packages/airflow/example_dags/example_bash_operator.py for tasks to queue
[2024-06-10T14:16:12.835+0000] {logging_mixin.py:188} INFO - [2024-06-10T14:16:12.835+0000] {dagbag.py:545} INFO - Filling up the DagBag from /home/airflow/.local/lib/python3.12/site-packages/airflow/example_dags/example_bash_operator.py
[2024-06-10T14:16:12.846+0000] {processor.py:840} INFO - DAG(s) 'example_bash_operator' retrieved from /home/airflow/.local/lib/python3.12/site-packages/airflow/example_dags/example_bash_operator.py
[2024-06-10T14:16:12.873+0000] {logging_mixin.py:188} INFO - [2024-06-10T14:16:12.873+0000] {dag.py:3096} INFO - Sync 1 DAGs
[2024-06-10T14:16:12.896+0000] {logging_mixin.py:188} INFO - [2024-06-10T14:16:12.896+0000] {dag.py:3954} INFO - Setting next_dagrun for example_bash_operator to 2024-06-09 00:00:00+00:00, run_after=2024-06-10 00:00:00+00:00
[2024-06-10T14:16:12.923+0000] {processor.py:183} INFO - Processing /home/airflow/.local/lib/python3.12/site-packages/airflow/example_dags/example_bash_operator.py took 0.096 seconds
[2024-06-10T14:16:43.704+0000] {processor.py:161} INFO - Started process (PID=1314) to work on /home/airflow/.local/lib/python3.12/site-packages/airflow/example_dags/example_bash_operator.py
[2024-06-10T14:16:43.706+0000] {processor.py:830} INFO - Processing file /home/airflow/.local/lib/python3.12/site-packages/airflow/example_dags/example_bash_operator.py for tasks to queue
[2024-06-10T14:16:43.707+0000] {logging_mixin.py:188} INFO - [2024-06-10T14:16:43.707+0000] {dagbag.py:545} INFO - Filling up the DagBag from /home/airflow/.local/lib/python3.12/site-packages/airflow/example_dags/example_bash_operator.py
[2024-06-10T14:16:43.720+0000] {processor.py:840} INFO - DAG(s) 'example_bash_operator' retrieved from /home/airflow/.local/lib/python3.12/site-packages/airflow/example_dags/example_bash_operator.py
[2024-06-10T14:16:43.732+0000] {logging_mixin.py:188} INFO - [2024-06-10T14:16:43.732+0000] {dag.py:3096} INFO - Sync 1 DAGs
[2024-06-10T14:16:43.757+0000] {logging_mixin.py:188} INFO - [2024-06-10T14:16:43.757+0000] {dag.py:3954} INFO - Setting next_dagrun for example_bash_operator to 2024-06-09 00:00:00+00:00, run_after=2024-06-10 00:00:00+00:00
[2024-06-10T14:16:43.777+0000] {processor.py:183} INFO - Processing /home/airflow/.local/lib/python3.12/site-packages/airflow/example_dags/example_bash_operator.py took 0.078 seconds
[2024-06-10T14:17:14.613+0000] {processor.py:161} INFO - Started process (PID=1374) to work on /home/airflow/.local/lib/python3.12/site-packages/airflow/example_dags/example_bash_operator.py
[2024-06-10T14:17:14.614+0000] {processor.py:830} INFO - Processing file /home/airflow/.local/lib/python3.12/site-packages/airflow/example_dags/example_bash_operator.py for tasks to queue
[2024-06-10T14:17:14.615+0000] {logging_mixin.py:188} INFO - [2024-06-10T14:17:14.615+0000] {dagbag.py:545} INFO - Filling up the DagBag from /home/airflow/.local/lib/python3.12/site-packages/airflow/example_dags/example_bash_operator.py
[2024-06-10T14:17:14.626+0000] {processor.py:840} INFO - DAG(s) 'example_bash_operator' retrieved from /home/airflow/.local/lib/python3.12/site-packages/airflow/example_dags/example_bash_operator.py
[2024-06-10T14:17:14.725+0000] {logging_mixin.py:188} INFO - [2024-06-10T14:17:14.725+0000] {dag.py:3096} INFO - Sync 1 DAGs
[2024-06-10T14:17:14.744+0000] {logging_mixin.py:188} INFO - [2024-06-10T14:17:14.744+0000] {dag.py:3954} INFO - Setting next_dagrun for example_bash_operator to 2024-06-09 00:00:00+00:00, run_after=2024-06-10 00:00:00+00:00
[2024-06-10T14:17:14.770+0000] {processor.py:183} INFO - Processing /home/airflow/.local/lib/python3.12/site-packages/airflow/example_dags/example_bash_operator.py took 0.162 seconds
[2024-06-10T14:17:45.589+0000] {processor.py:161} INFO - Started process (PID=1434) to work on /home/airflow/.local/lib/python3.12/site-packages/airflow/example_dags/example_bash_operator.py
[2024-06-10T14:17:45.590+0000] {processor.py:830} INFO - Processing file /home/airflow/.local/lib/python3.12/site-packages/airflow/example_dags/example_bash_operator.py for tasks to queue
[2024-06-10T14:17:45.592+0000] {logging_mixin.py:188} INFO - [2024-06-10T14:17:45.591+0000] {dagbag.py:545} INFO - Filling up the DagBag from /home/airflow/.local/lib/python3.12/site-packages/airflow/example_dags/example_bash_operator.py
[2024-06-10T14:17:45.607+0000] {processor.py:840} INFO - DAG(s) 'example_bash_operator' retrieved from /home/airflow/.local/lib/python3.12/site-packages/airflow/example_dags/example_bash_operator.py
[2024-06-10T14:17:45.639+0000] {logging_mixin.py:188} INFO - [2024-06-10T14:17:45.639+0000] {dag.py:3096} INFO - Sync 1 DAGs
[2024-06-10T14:17:45.670+0000] {logging_mixin.py:188} INFO - [2024-06-10T14:17:45.670+0000] {dag.py:3954} INFO - Setting next_dagrun for example_bash_operator to 2024-06-09 00:00:00+00:00, run_after=2024-06-10 00:00:00+00:00
[2024-06-10T14:17:45.702+0000] {processor.py:183} INFO - Processing /home/airflow/.local/lib/python3.12/site-packages/airflow/example_dags/example_bash_operator.py took 0.119 seconds
[2024-06-10T14:18:20.590+0000] {processor.py:161} INFO - Started process (PID=1494) to work on /home/airflow/.local/lib/python3.12/site-packages/airflow/example_dags/example_bash_operator.py
[2024-06-10T14:18:20.591+0000] {processor.py:830} INFO - Processing file /home/airflow/.local/lib/python3.12/site-packages/airflow/example_dags/example_bash_operator.py for tasks to queue
[2024-06-10T14:18:20.593+0000] {logging_mixin.py:188} INFO - [2024-06-10T14:18:20.593+0000] {dagbag.py:545} INFO - Filling up the DagBag from /home/airflow/.local/lib/python3.12/site-packages/airflow/example_dags/example_bash_operator.py
[2024-06-10T14:18:20.610+0000] {processor.py:840} INFO - DAG(s) 'example_bash_operator' retrieved from /home/airflow/.local/lib/python3.12/site-packages/airflow/example_dags/example_bash_operator.py
[2024-06-10T14:18:20.655+0000] {logging_mixin.py:188} INFO - [2024-06-10T14:18:20.655+0000] {dag.py:3096} INFO - Sync 1 DAGs
[2024-06-10T14:18:20.691+0000] {logging_mixin.py:188} INFO - [2024-06-10T14:18:20.691+0000] {dag.py:3954} INFO - Setting next_dagrun for example_bash_operator to 2024-06-09 00:00:00+00:00, run_after=2024-06-10 00:00:00+00:00
[2024-06-10T14:18:20.724+0000] {processor.py:183} INFO - Processing /home/airflow/.local/lib/python3.12/site-packages/airflow/example_dags/example_bash_operator.py took 0.145 seconds
[2024-06-10T14:18:50.792+0000] {processor.py:161} INFO - Started process (PID=1553) to work on /home/airflow/.local/lib/python3.12/site-packages/airflow/example_dags/example_bash_operator.py
[2024-06-10T14:18:50.793+0000] {processor.py:830} INFO - Processing file /home/airflow/.local/lib/python3.12/site-packages/airflow/example_dags/example_bash_operator.py for tasks to queue
[2024-06-10T14:18:50.794+0000] {logging_mixin.py:188} INFO - [2024-06-10T14:18:50.794+0000] {dagbag.py:545} INFO - Filling up the DagBag from /home/airflow/.local/lib/python3.12/site-packages/airflow/example_dags/example_bash_operator.py
[2024-06-10T14:18:50.805+0000] {processor.py:840} INFO - DAG(s) 'example_bash_operator' retrieved from /home/airflow/.local/lib/python3.12/site-packages/airflow/example_dags/example_bash_operator.py
[2024-06-10T14:18:50.818+0000] {logging_mixin.py:188} INFO - [2024-06-10T14:18:50.818+0000] {dag.py:3096} INFO - Sync 1 DAGs
[2024-06-10T14:18:50.840+0000] {logging_mixin.py:188} INFO - [2024-06-10T14:18:50.840+0000] {dag.py:3954} INFO - Setting next_dagrun for example_bash_operator to 2024-06-09 00:00:00+00:00, run_after=2024-06-10 00:00:00+00:00
[2024-06-10T14:18:50.858+0000] {processor.py:183} INFO - Processing /home/airflow/.local/lib/python3.12/site-packages/airflow/example_dags/example_bash_operator.py took 0.072 seconds
[2024-06-10T14:19:20.978+0000] {processor.py:161} INFO - Started process (PID=1613) to work on /home/airflow/.local/lib/python3.12/site-packages/airflow/example_dags/example_bash_operator.py
[2024-06-10T14:19:20.979+0000] {processor.py:830} INFO - Processing file /home/airflow/.local/lib/python3.12/site-packages/airflow/example_dags/example_bash_operator.py for tasks to queue
[2024-06-10T14:19:20.982+0000] {logging_mixin.py:188} INFO - [2024-06-10T14:19:20.980+0000] {dagbag.py:545} INFO - Filling up the DagBag from /home/airflow/.local/lib/python3.12/site-packages/airflow/example_dags/example_bash_operator.py
[2024-06-10T14:19:20.994+0000] {processor.py:840} INFO - DAG(s) 'example_bash_operator' retrieved from /home/airflow/.local/lib/python3.12/site-packages/airflow/example_dags/example_bash_operator.py
[2024-06-10T14:19:21.118+0000] {logging_mixin.py:188} INFO - [2024-06-10T14:19:21.118+0000] {dag.py:3096} INFO - Sync 1 DAGs
[2024-06-10T14:19:21.143+0000] {logging_mixin.py:188} INFO - [2024-06-10T14:19:21.143+0000] {dag.py:3954} INFO - Setting next_dagrun for example_bash_operator to 2024-06-09 00:00:00+00:00, run_after=2024-06-10 00:00:00+00:00
[2024-06-10T14:19:21.169+0000] {processor.py:183} INFO - Processing /home/airflow/.local/lib/python3.12/site-packages/airflow/example_dags/example_bash_operator.py took 0.196 seconds
[2024-06-10T14:19:51.490+0000] {processor.py:161} INFO - Started process (PID=1673) to work on /home/airflow/.local/lib/python3.12/site-packages/airflow/example_dags/example_bash_operator.py
[2024-06-10T14:19:51.491+0000] {processor.py:830} INFO - Processing file /home/airflow/.local/lib/python3.12/site-packages/airflow/example_dags/example_bash_operator.py for tasks to queue
[2024-06-10T14:19:51.492+0000] {logging_mixin.py:188} INFO - [2024-06-10T14:19:51.492+0000] {dagbag.py:545} INFO - Filling up the DagBag from /home/airflow/.local/lib/python3.12/site-packages/airflow/example_dags/example_bash_operator.py
[2024-06-10T14:19:51.504+0000] {processor.py:840} INFO - DAG(s) 'example_bash_operator' retrieved from /home/airflow/.local/lib/python3.12/site-packages/airflow/example_dags/example_bash_operator.py
[2024-06-10T14:19:51.535+0000] {logging_mixin.py:188} INFO - [2024-06-10T14:19:51.534+0000] {dag.py:3096} INFO - Sync 1 DAGs
[2024-06-10T14:19:51.559+0000] {logging_mixin.py:188} INFO - [2024-06-10T14:19:51.559+0000] {dag.py:3954} INFO - Setting next_dagrun for example_bash_operator to 2024-06-09 00:00:00+00:00, run_after=2024-06-10 00:00:00+00:00
[2024-06-10T14:19:51.582+0000] {processor.py:183} INFO - Processing /home/airflow/.local/lib/python3.12/site-packages/airflow/example_dags/example_bash_operator.py took 0.098 seconds
[2024-06-10T14:20:21.896+0000] {processor.py:161} INFO - Started process (PID=1733) to work on /home/airflow/.local/lib/python3.12/site-packages/airflow/example_dags/example_bash_operator.py
[2024-06-10T14:20:21.898+0000] {processor.py:830} INFO - Processing file /home/airflow/.local/lib/python3.12/site-packages/airflow/example_dags/example_bash_operator.py for tasks to queue
[2024-06-10T14:20:21.899+0000] {logging_mixin.py:188} INFO - [2024-06-10T14:20:21.899+0000] {dagbag.py:545} INFO - Filling up the DagBag from /home/airflow/.local/lib/python3.12/site-packages/airflow/example_dags/example_bash_operator.py
[2024-06-10T14:20:21.912+0000] {processor.py:840} INFO - DAG(s) 'example_bash_operator' retrieved from /home/airflow/.local/lib/python3.12/site-packages/airflow/example_dags/example_bash_operator.py
[2024-06-10T14:20:21.941+0000] {logging_mixin.py:188} INFO - [2024-06-10T14:20:21.941+0000] {dag.py:3096} INFO - Sync 1 DAGs
[2024-06-10T14:20:21.969+0000] {logging_mixin.py:188} INFO - [2024-06-10T14:20:21.969+0000] {dag.py:3954} INFO - Setting next_dagrun for example_bash_operator to 2024-06-09 00:00:00+00:00, run_after=2024-06-10 00:00:00+00:00
[2024-06-10T14:20:21.990+0000] {processor.py:183} INFO - Processing /home/airflow/.local/lib/python3.12/site-packages/airflow/example_dags/example_bash_operator.py took 0.099 seconds
[2024-06-10T14:20:52.268+0000] {processor.py:161} INFO - Started process (PID=1793) to work on /home/airflow/.local/lib/python3.12/site-packages/airflow/example_dags/example_bash_operator.py
[2024-06-10T14:20:52.270+0000] {processor.py:830} INFO - Processing file /home/airflow/.local/lib/python3.12/site-packages/airflow/example_dags/example_bash_operator.py for tasks to queue
[2024-06-10T14:20:52.271+0000] {logging_mixin.py:188} INFO - [2024-06-10T14:20:52.271+0000] {dagbag.py:545} INFO - Filling up the DagBag from /home/airflow/.local/lib/python3.12/site-packages/airflow/example_dags/example_bash_operator.py
[2024-06-10T14:20:52.281+0000] {processor.py:840} INFO - DAG(s) 'example_bash_operator' retrieved from /home/airflow/.local/lib/python3.12/site-packages/airflow/example_dags/example_bash_operator.py
[2024-06-10T14:20:52.310+0000] {logging_mixin.py:188} INFO - [2024-06-10T14:20:52.310+0000] {dag.py:3096} INFO - Sync 1 DAGs
[2024-06-10T14:20:52.334+0000] {logging_mixin.py:188} INFO - [2024-06-10T14:20:52.333+0000] {dag.py:3954} INFO - Setting next_dagrun for example_bash_operator to 2024-06-09 00:00:00+00:00, run_after=2024-06-10 00:00:00+00:00
[2024-06-10T14:20:52.355+0000] {processor.py:183} INFO - Processing /home/airflow/.local/lib/python3.12/site-packages/airflow/example_dags/example_bash_operator.py took 0.092 seconds
[2024-06-10T14:21:22.572+0000] {processor.py:161} INFO - Started process (PID=1853) to work on /home/airflow/.local/lib/python3.12/site-packages/airflow/example_dags/example_bash_operator.py
[2024-06-10T14:21:22.573+0000] {processor.py:830} INFO - Processing file /home/airflow/.local/lib/python3.12/site-packages/airflow/example_dags/example_bash_operator.py for tasks to queue
[2024-06-10T14:21:22.574+0000] {logging_mixin.py:188} INFO - [2024-06-10T14:21:22.574+0000] {dagbag.py:545} INFO - Filling up the DagBag from /home/airflow/.local/lib/python3.12/site-packages/airflow/example_dags/example_bash_operator.py
[2024-06-10T14:21:22.586+0000] {processor.py:840} INFO - DAG(s) 'example_bash_operator' retrieved from /home/airflow/.local/lib/python3.12/site-packages/airflow/example_dags/example_bash_operator.py
[2024-06-10T14:21:22.622+0000] {logging_mixin.py:188} INFO - [2024-06-10T14:21:22.622+0000] {dag.py:3096} INFO - Sync 1 DAGs
[2024-06-10T14:21:22.671+0000] {logging_mixin.py:188} INFO - [2024-06-10T14:21:22.670+0000] {dag.py:3954} INFO - Setting next_dagrun for example_bash_operator to 2024-06-09 00:00:00+00:00, run_after=2024-06-10 00:00:00+00:00
[2024-06-10T14:21:22.690+0000] {processor.py:183} INFO - Processing /home/airflow/.local/lib/python3.12/site-packages/airflow/example_dags/example_bash_operator.py took 0.126 seconds
[2024-06-10T14:21:53.378+0000] {processor.py:161} INFO - Started process (PID=1913) to work on /home/airflow/.local/lib/python3.12/site-packages/airflow/example_dags/example_bash_operator.py
[2024-06-10T14:21:53.379+0000] {processor.py:830} INFO - Processing file /home/airflow/.local/lib/python3.12/site-packages/airflow/example_dags/example_bash_operator.py for tasks to queue
[2024-06-10T14:21:53.380+0000] {logging_mixin.py:188} INFO - [2024-06-10T14:21:53.380+0000] {dagbag.py:545} INFO - Filling up the DagBag from /home/airflow/.local/lib/python3.12/site-packages/airflow/example_dags/example_bash_operator.py
[2024-06-10T14:21:53.391+0000] {processor.py:840} INFO - DAG(s) 'example_bash_operator' retrieved from /home/airflow/.local/lib/python3.12/site-packages/airflow/example_dags/example_bash_operator.py
[2024-06-10T14:21:53.417+0000] {logging_mixin.py:188} INFO - [2024-06-10T14:21:53.417+0000] {dag.py:3096} INFO - Sync 1 DAGs
[2024-06-10T14:21:53.438+0000] {logging_mixin.py:188} INFO - [2024-06-10T14:21:53.438+0000] {dag.py:3954} INFO - Setting next_dagrun for example_bash_operator to 2024-06-09 00:00:00+00:00, run_after=2024-06-10 00:00:00+00:00
[2024-06-10T14:21:53.456+0000] {processor.py:183} INFO - Processing /home/airflow/.local/lib/python3.12/site-packages/airflow/example_dags/example_bash_operator.py took 0.085 seconds
[2024-06-10T14:26:18.374+0000] {processor.py:161} INFO - Started process (PID=80) to work on /home/airflow/.local/lib/python3.12/site-packages/airflow/example_dags/example_bash_operator.py
[2024-06-10T14:26:18.375+0000] {processor.py:830} INFO - Processing file /home/airflow/.local/lib/python3.12/site-packages/airflow/example_dags/example_bash_operator.py for tasks to queue
[2024-06-10T14:26:18.377+0000] {logging_mixin.py:188} INFO - [2024-06-10T14:26:18.377+0000] {dagbag.py:545} INFO - Filling up the DagBag from /home/airflow/.local/lib/python3.12/site-packages/airflow/example_dags/example_bash_operator.py
[2024-06-10T14:26:18.389+0000] {processor.py:840} INFO - DAG(s) 'example_bash_operator' retrieved from /home/airflow/.local/lib/python3.12/site-packages/airflow/example_dags/example_bash_operator.py
[2024-06-10T14:26:18.522+0000] {logging_mixin.py:188} INFO - [2024-06-10T14:26:18.521+0000] {override.py:1829} INFO - Created Permission View: can delete on DAG:example_bash_operator
[2024-06-10T14:26:18.534+0000] {logging_mixin.py:188} INFO - [2024-06-10T14:26:18.534+0000] {override.py:1829} INFO - Created Permission View: can read on DAG:example_bash_operator
[2024-06-10T14:26:18.542+0000] {logging_mixin.py:188} INFO - [2024-06-10T14:26:18.542+0000] {override.py:1829} INFO - Created Permission View: can edit on DAG:example_bash_operator
[2024-06-10T14:26:18.543+0000] {logging_mixin.py:188} INFO - [2024-06-10T14:26:18.542+0000] {dag.py:3096} INFO - Sync 1 DAGs
[2024-06-10T14:26:18.555+0000] {logging_mixin.py:188} INFO - [2024-06-10T14:26:18.555+0000] {dag.py:3118} INFO - Creating ORM DAG for example_bash_operator
[2024-06-10T14:26:18.568+0000] {logging_mixin.py:188} INFO - [2024-06-10T14:26:18.567+0000] {dag.py:3954} INFO - Setting next_dagrun for example_bash_operator to 2024-06-09 00:00:00+00:00, run_after=2024-06-10 00:00:00+00:00
[2024-06-10T14:26:18.589+0000] {processor.py:183} INFO - Processing /home/airflow/.local/lib/python3.12/site-packages/airflow/example_dags/example_bash_operator.py took 0.222 seconds
[2024-06-10T14:26:48.636+0000] {processor.py:161} INFO - Started process (PID=140) to work on /home/airflow/.local/lib/python3.12/site-packages/airflow/example_dags/example_bash_operator.py
[2024-06-10T14:26:48.638+0000] {processor.py:830} INFO - Processing file /home/airflow/.local/lib/python3.12/site-packages/airflow/example_dags/example_bash_operator.py for tasks to queue
[2024-06-10T14:26:48.640+0000] {logging_mixin.py:188} INFO - [2024-06-10T14:26:48.639+0000] {dagbag.py:545} INFO - Filling up the DagBag from /home/airflow/.local/lib/python3.12/site-packages/airflow/example_dags/example_bash_operator.py
[2024-06-10T14:26:48.654+0000] {processor.py:840} INFO - DAG(s) 'example_bash_operator' retrieved from /home/airflow/.local/lib/python3.12/site-packages/airflow/example_dags/example_bash_operator.py
[2024-06-10T14:26:48.668+0000] {logging_mixin.py:188} INFO - [2024-06-10T14:26:48.667+0000] {dag.py:3096} INFO - Sync 1 DAGs
[2024-06-10T14:26:48.702+0000] {logging_mixin.py:188} INFO - [2024-06-10T14:26:48.701+0000] {dag.py:3954} INFO - Setting next_dagrun for example_bash_operator to 2024-06-09 00:00:00+00:00, run_after=2024-06-10 00:00:00+00:00
[2024-06-10T14:26:48.726+0000] {processor.py:183} INFO - Processing /home/airflow/.local/lib/python3.12/site-packages/airflow/example_dags/example_bash_operator.py took 0.098 seconds
[2024-06-10T14:27:19.313+0000] {processor.py:161} INFO - Started process (PID=200) to work on /home/airflow/.local/lib/python3.12/site-packages/airflow/example_dags/example_bash_operator.py
[2024-06-10T14:27:19.316+0000] {processor.py:830} INFO - Processing file /home/airflow/.local/lib/python3.12/site-packages/airflow/example_dags/example_bash_operator.py for tasks to queue
[2024-06-10T14:27:19.319+0000] {logging_mixin.py:188} INFO - [2024-06-10T14:27:19.318+0000] {dagbag.py:545} INFO - Filling up the DagBag from /home/airflow/.local/lib/python3.12/site-packages/airflow/example_dags/example_bash_operator.py
[2024-06-10T14:27:19.328+0000] {processor.py:840} INFO - DAG(s) 'example_bash_operator' retrieved from /home/airflow/.local/lib/python3.12/site-packages/airflow/example_dags/example_bash_operator.py
[2024-06-10T14:27:19.443+0000] {logging_mixin.py:188} INFO - [2024-06-10T14:27:19.443+0000] {dag.py:3096} INFO - Sync 1 DAGs
[2024-06-10T14:27:19.469+0000] {logging_mixin.py:188} INFO - [2024-06-10T14:27:19.469+0000] {dag.py:3954} INFO - Setting next_dagrun for example_bash_operator to 2024-06-09 00:00:00+00:00, run_after=2024-06-10 00:00:00+00:00
[2024-06-10T14:27:19.494+0000] {processor.py:183} INFO - Processing /home/airflow/.local/lib/python3.12/site-packages/airflow/example_dags/example_bash_operator.py took 0.188 seconds
[2024-06-10T14:27:50.299+0000] {processor.py:161} INFO - Started process (PID=260) to work on /home/airflow/.local/lib/python3.12/site-packages/airflow/example_dags/example_bash_operator.py
[2024-06-10T14:27:50.302+0000] {processor.py:830} INFO - Processing file /home/airflow/.local/lib/python3.12/site-packages/airflow/example_dags/example_bash_operator.py for tasks to queue
[2024-06-10T14:27:50.305+0000] {logging_mixin.py:188} INFO - [2024-06-10T14:27:50.304+0000] {dagbag.py:545} INFO - Filling up the DagBag from /home/airflow/.local/lib/python3.12/site-packages/airflow/example_dags/example_bash_operator.py
[2024-06-10T14:27:50.316+0000] {processor.py:840} INFO - DAG(s) 'example_bash_operator' retrieved from /home/airflow/.local/lib/python3.12/site-packages/airflow/example_dags/example_bash_operator.py
[2024-06-10T14:27:50.349+0000] {logging_mixin.py:188} INFO - [2024-06-10T14:27:50.349+0000] {dag.py:3096} INFO - Sync 1 DAGs
[2024-06-10T14:27:50.377+0000] {logging_mixin.py:188} INFO - [2024-06-10T14:27:50.377+0000] {dag.py:3954} INFO - Setting next_dagrun for example_bash_operator to 2024-06-09 00:00:00+00:00, run_after=2024-06-10 00:00:00+00:00
[2024-06-10T14:27:50.400+0000] {processor.py:183} INFO - Processing /home/airflow/.local/lib/python3.12/site-packages/airflow/example_dags/example_bash_operator.py took 0.106 seconds
[2024-06-10T14:28:20.670+0000] {processor.py:161} INFO - Started process (PID=319) to work on /home/airflow/.local/lib/python3.12/site-packages/airflow/example_dags/example_bash_operator.py
[2024-06-10T14:28:20.671+0000] {processor.py:830} INFO - Processing file /home/airflow/.local/lib/python3.12/site-packages/airflow/example_dags/example_bash_operator.py for tasks to queue
[2024-06-10T14:28:20.674+0000] {logging_mixin.py:188} INFO - [2024-06-10T14:28:20.673+0000] {dagbag.py:545} INFO - Filling up the DagBag from /home/airflow/.local/lib/python3.12/site-packages/airflow/example_dags/example_bash_operator.py
[2024-06-10T14:28:20.685+0000] {processor.py:840} INFO - DAG(s) 'example_bash_operator' retrieved from /home/airflow/.local/lib/python3.12/site-packages/airflow/example_dags/example_bash_operator.py
[2024-06-10T14:28:20.713+0000] {logging_mixin.py:188} INFO - [2024-06-10T14:28:20.712+0000] {dag.py:3096} INFO - Sync 1 DAGs
[2024-06-10T14:28:20.736+0000] {logging_mixin.py:188} INFO - [2024-06-10T14:28:20.736+0000] {dag.py:3954} INFO - Setting next_dagrun for example_bash_operator to 2024-06-09 00:00:00+00:00, run_after=2024-06-10 00:00:00+00:00
[2024-06-10T14:28:20.760+0000] {processor.py:183} INFO - Processing /home/airflow/.local/lib/python3.12/site-packages/airflow/example_dags/example_bash_operator.py took 0.095 seconds
[2024-06-10T14:28:50.849+0000] {processor.py:161} INFO - Started process (PID=379) to work on /home/airflow/.local/lib/python3.12/site-packages/airflow/example_dags/example_bash_operator.py
[2024-06-10T14:28:50.851+0000] {processor.py:830} INFO - Processing file /home/airflow/.local/lib/python3.12/site-packages/airflow/example_dags/example_bash_operator.py for tasks to queue
[2024-06-10T14:28:50.853+0000] {logging_mixin.py:188} INFO - [2024-06-10T14:28:50.852+0000] {dagbag.py:545} INFO - Filling up the DagBag from /home/airflow/.local/lib/python3.12/site-packages/airflow/example_dags/example_bash_operator.py
[2024-06-10T14:28:50.863+0000] {processor.py:840} INFO - DAG(s) 'example_bash_operator' retrieved from /home/airflow/.local/lib/python3.12/site-packages/airflow/example_dags/example_bash_operator.py
[2024-06-10T14:28:50.893+0000] {logging_mixin.py:188} INFO - [2024-06-10T14:28:50.893+0000] {dag.py:3096} INFO - Sync 1 DAGs
[2024-06-10T14:28:50.920+0000] {logging_mixin.py:188} INFO - [2024-06-10T14:28:50.920+0000] {dag.py:3954} INFO - Setting next_dagrun for example_bash_operator to 2024-06-09 00:00:00+00:00, run_after=2024-06-10 00:00:00+00:00
[2024-06-10T14:28:50.943+0000] {processor.py:183} INFO - Processing /home/airflow/.local/lib/python3.12/site-packages/airflow/example_dags/example_bash_operator.py took 0.099 seconds
[2024-06-10T14:29:21.042+0000] {processor.py:161} INFO - Started process (PID=439) to work on /home/airflow/.local/lib/python3.12/site-packages/airflow/example_dags/example_bash_operator.py
[2024-06-10T14:29:21.043+0000] {processor.py:830} INFO - Processing file /home/airflow/.local/lib/python3.12/site-packages/airflow/example_dags/example_bash_operator.py for tasks to queue
[2024-06-10T14:29:21.045+0000] {logging_mixin.py:188} INFO - [2024-06-10T14:29:21.045+0000] {dagbag.py:545} INFO - Filling up the DagBag from /home/airflow/.local/lib/python3.12/site-packages/airflow/example_dags/example_bash_operator.py
[2024-06-10T14:29:21.059+0000] {processor.py:840} INFO - DAG(s) 'example_bash_operator' retrieved from /home/airflow/.local/lib/python3.12/site-packages/airflow/example_dags/example_bash_operator.py
[2024-06-10T14:29:21.091+0000] {logging_mixin.py:188} INFO - [2024-06-10T14:29:21.091+0000] {dag.py:3096} INFO - Sync 1 DAGs
[2024-06-10T14:29:21.121+0000] {logging_mixin.py:188} INFO - [2024-06-10T14:29:21.121+0000] {dag.py:3954} INFO - Setting next_dagrun for example_bash_operator to 2024-06-09 00:00:00+00:00, run_after=2024-06-10 00:00:00+00:00
[2024-06-10T14:29:21.149+0000] {processor.py:183} INFO - Processing /home/airflow/.local/lib/python3.12/site-packages/airflow/example_dags/example_bash_operator.py took 0.116 seconds
[2024-06-10T14:29:51.541+0000] {processor.py:161} INFO - Started process (PID=499) to work on /home/airflow/.local/lib/python3.12/site-packages/airflow/example_dags/example_bash_operator.py
[2024-06-10T14:29:51.542+0000] {processor.py:830} INFO - Processing file /home/airflow/.local/lib/python3.12/site-packages/airflow/example_dags/example_bash_operator.py for tasks to queue
[2024-06-10T14:29:51.545+0000] {logging_mixin.py:188} INFO - [2024-06-10T14:29:51.545+0000] {dagbag.py:545} INFO - Filling up the DagBag from /home/airflow/.local/lib/python3.12/site-packages/airflow/example_dags/example_bash_operator.py
[2024-06-10T14:29:51.557+0000] {processor.py:840} INFO - DAG(s) 'example_bash_operator' retrieved from /home/airflow/.local/lib/python3.12/site-packages/airflow/example_dags/example_bash_operator.py
[2024-06-10T14:29:51.589+0000] {logging_mixin.py:188} INFO - [2024-06-10T14:29:51.588+0000] {dag.py:3096} INFO - Sync 1 DAGs
[2024-06-10T14:29:51.614+0000] {logging_mixin.py:188} INFO - [2024-06-10T14:29:51.613+0000] {dag.py:3954} INFO - Setting next_dagrun for example_bash_operator to 2024-06-09 00:00:00+00:00, run_after=2024-06-10 00:00:00+00:00
[2024-06-10T14:29:51.633+0000] {processor.py:183} INFO - Processing /home/airflow/.local/lib/python3.12/site-packages/airflow/example_dags/example_bash_operator.py took 0.098 seconds
[2024-06-10T14:30:22.000+0000] {processor.py:161} INFO - Started process (PID=559) to work on /home/airflow/.local/lib/python3.12/site-packages/airflow/example_dags/example_bash_operator.py
[2024-06-10T14:30:22.001+0000] {processor.py:830} INFO - Processing file /home/airflow/.local/lib/python3.12/site-packages/airflow/example_dags/example_bash_operator.py for tasks to queue
[2024-06-10T14:30:22.003+0000] {logging_mixin.py:188} INFO - [2024-06-10T14:30:22.002+0000] {dagbag.py:545} INFO - Filling up the DagBag from /home/airflow/.local/lib/python3.12/site-packages/airflow/example_dags/example_bash_operator.py
[2024-06-10T14:30:22.012+0000] {processor.py:840} INFO - DAG(s) 'example_bash_operator' retrieved from /home/airflow/.local/lib/python3.12/site-packages/airflow/example_dags/example_bash_operator.py
[2024-06-10T14:30:22.038+0000] {logging_mixin.py:188} INFO - [2024-06-10T14:30:22.037+0000] {dag.py:3096} INFO - Sync 1 DAGs
[2024-06-10T14:30:22.065+0000] {logging_mixin.py:188} INFO - [2024-06-10T14:30:22.065+0000] {dag.py:3954} INFO - Setting next_dagrun for example_bash_operator to 2024-06-09 00:00:00+00:00, run_after=2024-06-10 00:00:00+00:00
[2024-06-10T14:30:22.084+0000] {processor.py:183} INFO - Processing /home/airflow/.local/lib/python3.12/site-packages/airflow/example_dags/example_bash_operator.py took 0.090 seconds
[2024-06-10T14:30:52.614+0000] {processor.py:161} INFO - Started process (PID=619) to work on /home/airflow/.local/lib/python3.12/site-packages/airflow/example_dags/example_bash_operator.py
[2024-06-10T14:30:52.615+0000] {processor.py:830} INFO - Processing file /home/airflow/.local/lib/python3.12/site-packages/airflow/example_dags/example_bash_operator.py for tasks to queue
[2024-06-10T14:30:52.617+0000] {logging_mixin.py:188} INFO - [2024-06-10T14:30:52.617+0000] {dagbag.py:545} INFO - Filling up the DagBag from /home/airflow/.local/lib/python3.12/site-packages/airflow/example_dags/example_bash_operator.py
[2024-06-10T14:30:52.626+0000] {processor.py:840} INFO - DAG(s) 'example_bash_operator' retrieved from /home/airflow/.local/lib/python3.12/site-packages/airflow/example_dags/example_bash_operator.py
[2024-06-10T14:30:52.653+0000] {logging_mixin.py:188} INFO - [2024-06-10T14:30:52.652+0000] {dag.py:3096} INFO - Sync 1 DAGs
[2024-06-10T14:30:52.675+0000] {logging_mixin.py:188} INFO - [2024-06-10T14:30:52.674+0000] {dag.py:3954} INFO - Setting next_dagrun for example_bash_operator to 2024-06-09 00:00:00+00:00, run_after=2024-06-10 00:00:00+00:00
[2024-06-10T14:30:52.693+0000] {processor.py:183} INFO - Processing /home/airflow/.local/lib/python3.12/site-packages/airflow/example_dags/example_bash_operator.py took 0.084 seconds
[2024-06-10T14:31:22.972+0000] {processor.py:161} INFO - Started process (PID=679) to work on /home/airflow/.local/lib/python3.12/site-packages/airflow/example_dags/example_bash_operator.py
[2024-06-10T14:31:22.974+0000] {processor.py:830} INFO - Processing file /home/airflow/.local/lib/python3.12/site-packages/airflow/example_dags/example_bash_operator.py for tasks to queue
[2024-06-10T14:31:22.977+0000] {logging_mixin.py:188} INFO - [2024-06-10T14:31:22.976+0000] {dagbag.py:545} INFO - Filling up the DagBag from /home/airflow/.local/lib/python3.12/site-packages/airflow/example_dags/example_bash_operator.py
[2024-06-10T14:31:22.989+0000] {processor.py:840} INFO - DAG(s) 'example_bash_operator' retrieved from /home/airflow/.local/lib/python3.12/site-packages/airflow/example_dags/example_bash_operator.py
[2024-06-10T14:31:23.021+0000] {logging_mixin.py:188} INFO - [2024-06-10T14:31:23.021+0000] {dag.py:3096} INFO - Sync 1 DAGs
[2024-06-10T14:31:23.050+0000] {logging_mixin.py:188} INFO - [2024-06-10T14:31:23.049+0000] {dag.py:3954} INFO - Setting next_dagrun for example_bash_operator to 2024-06-09 00:00:00+00:00, run_after=2024-06-10 00:00:00+00:00
[2024-06-10T14:31:23.072+0000] {processor.py:183} INFO - Processing /home/airflow/.local/lib/python3.12/site-packages/airflow/example_dags/example_bash_operator.py took 0.106 seconds
[2024-06-10T14:31:53.881+0000] {processor.py:161} INFO - Started process (PID=739) to work on /home/airflow/.local/lib/python3.12/site-packages/airflow/example_dags/example_bash_operator.py
[2024-06-10T14:31:53.918+0000] {processor.py:830} INFO - Processing file /home/airflow/.local/lib/python3.12/site-packages/airflow/example_dags/example_bash_operator.py for tasks to queue
[2024-06-10T14:31:53.922+0000] {logging_mixin.py:188} INFO - [2024-06-10T14:31:53.921+0000] {dagbag.py:545} INFO - Filling up the DagBag from /home/airflow/.local/lib/python3.12/site-packages/airflow/example_dags/example_bash_operator.py
[2024-06-10T14:31:53.940+0000] {processor.py:840} INFO - DAG(s) 'example_bash_operator' retrieved from /home/airflow/.local/lib/python3.12/site-packages/airflow/example_dags/example_bash_operator.py
[2024-06-10T14:31:53.990+0000] {logging_mixin.py:188} INFO - [2024-06-10T14:31:53.989+0000] {dag.py:3096} INFO - Sync 1 DAGs
[2024-06-10T14:31:54.024+0000] {logging_mixin.py:188} INFO - [2024-06-10T14:31:54.024+0000] {dag.py:3954} INFO - Setting next_dagrun for example_bash_operator to 2024-06-09 00:00:00+00:00, run_after=2024-06-10 00:00:00+00:00
[2024-06-10T14:31:54.128+0000] {processor.py:183} INFO - Processing /home/airflow/.local/lib/python3.12/site-packages/airflow/example_dags/example_bash_operator.py took 0.253 seconds
[2024-06-10T14:32:24.290+0000] {processor.py:161} INFO - Started process (PID=799) to work on /home/airflow/.local/lib/python3.12/site-packages/airflow/example_dags/example_bash_operator.py
[2024-06-10T14:32:24.291+0000] {processor.py:830} INFO - Processing file /home/airflow/.local/lib/python3.12/site-packages/airflow/example_dags/example_bash_operator.py for tasks to queue
[2024-06-10T14:32:24.293+0000] {logging_mixin.py:188} INFO - [2024-06-10T14:32:24.293+0000] {dagbag.py:545} INFO - Filling up the DagBag from /home/airflow/.local/lib/python3.12/site-packages/airflow/example_dags/example_bash_operator.py
[2024-06-10T14:32:24.306+0000] {processor.py:840} INFO - DAG(s) 'example_bash_operator' retrieved from /home/airflow/.local/lib/python3.12/site-packages/airflow/example_dags/example_bash_operator.py
[2024-06-10T14:32:24.339+0000] {logging_mixin.py:188} INFO - [2024-06-10T14:32:24.339+0000] {dag.py:3096} INFO - Sync 1 DAGs
[2024-06-10T14:32:24.365+0000] {logging_mixin.py:188} INFO - [2024-06-10T14:32:24.365+0000] {dag.py:3954} INFO - Setting next_dagrun for example_bash_operator to 2024-06-09 00:00:00+00:00, run_after=2024-06-10 00:00:00+00:00
[2024-06-10T14:32:24.388+0000] {processor.py:183} INFO - Processing /home/airflow/.local/lib/python3.12/site-packages/airflow/example_dags/example_bash_operator.py took 0.104 seconds
[2024-06-10T14:32:54.786+0000] {processor.py:161} INFO - Started process (PID=859) to work on /home/airflow/.local/lib/python3.12/site-packages/airflow/example_dags/example_bash_operator.py
[2024-06-10T14:32:54.787+0000] {processor.py:830} INFO - Processing file /home/airflow/.local/lib/python3.12/site-packages/airflow/example_dags/example_bash_operator.py for tasks to queue
[2024-06-10T14:32:54.789+0000] {logging_mixin.py:188} INFO - [2024-06-10T14:32:54.789+0000] {dagbag.py:545} INFO - Filling up the DagBag from /home/airflow/.local/lib/python3.12/site-packages/airflow/example_dags/example_bash_operator.py
[2024-06-10T14:32:54.801+0000] {processor.py:840} INFO - DAG(s) 'example_bash_operator' retrieved from /home/airflow/.local/lib/python3.12/site-packages/airflow/example_dags/example_bash_operator.py
[2024-06-10T14:32:54.826+0000] {logging_mixin.py:188} INFO - [2024-06-10T14:32:54.826+0000] {dag.py:3096} INFO - Sync 1 DAGs
[2024-06-10T14:32:54.847+0000] {logging_mixin.py:188} INFO - [2024-06-10T14:32:54.847+0000] {dag.py:3954} INFO - Setting next_dagrun for example_bash_operator to 2024-06-09 00:00:00+00:00, run_after=2024-06-10 00:00:00+00:00
[2024-06-10T14:32:54.865+0000] {processor.py:183} INFO - Processing /home/airflow/.local/lib/python3.12/site-packages/airflow/example_dags/example_bash_operator.py took 0.084 seconds
[2024-06-10T14:33:25.706+0000] {processor.py:161} INFO - Started process (PID=919) to work on /home/airflow/.local/lib/python3.12/site-packages/airflow/example_dags/example_bash_operator.py
[2024-06-10T14:33:25.709+0000] {processor.py:830} INFO - Processing file /home/airflow/.local/lib/python3.12/site-packages/airflow/example_dags/example_bash_operator.py for tasks to queue
[2024-06-10T14:33:25.711+0000] {logging_mixin.py:188} INFO - [2024-06-10T14:33:25.710+0000] {dagbag.py:545} INFO - Filling up the DagBag from /home/airflow/.local/lib/python3.12/site-packages/airflow/example_dags/example_bash_operator.py
[2024-06-10T14:33:25.725+0000] {processor.py:840} INFO - DAG(s) 'example_bash_operator' retrieved from /home/airflow/.local/lib/python3.12/site-packages/airflow/example_dags/example_bash_operator.py
[2024-06-10T14:33:25.756+0000] {logging_mixin.py:188} INFO - [2024-06-10T14:33:25.755+0000] {dag.py:3096} INFO - Sync 1 DAGs
[2024-06-10T14:33:25.784+0000] {logging_mixin.py:188} INFO - [2024-06-10T14:33:25.784+0000] {dag.py:3954} INFO - Setting next_dagrun for example_bash_operator to 2024-06-09 00:00:00+00:00, run_after=2024-06-10 00:00:00+00:00
[2024-06-10T14:33:25.805+0000] {processor.py:183} INFO - Processing /home/airflow/.local/lib/python3.12/site-packages/airflow/example_dags/example_bash_operator.py took 0.106 seconds
[2024-06-10T14:33:56.234+0000] {processor.py:161} INFO - Started process (PID=979) to work on /home/airflow/.local/lib/python3.12/site-packages/airflow/example_dags/example_bash_operator.py
[2024-06-10T14:33:56.235+0000] {processor.py:830} INFO - Processing file /home/airflow/.local/lib/python3.12/site-packages/airflow/example_dags/example_bash_operator.py for tasks to queue
[2024-06-10T14:33:56.236+0000] {logging_mixin.py:188} INFO - [2024-06-10T14:33:56.236+0000] {dagbag.py:545} INFO - Filling up the DagBag from /home/airflow/.local/lib/python3.12/site-packages/airflow/example_dags/example_bash_operator.py
[2024-06-10T14:33:56.248+0000] {processor.py:840} INFO - DAG(s) 'example_bash_operator' retrieved from /home/airflow/.local/lib/python3.12/site-packages/airflow/example_dags/example_bash_operator.py
[2024-06-10T14:33:56.277+0000] {logging_mixin.py:188} INFO - [2024-06-10T14:33:56.276+0000] {dag.py:3096} INFO - Sync 1 DAGs
[2024-06-10T14:33:56.298+0000] {logging_mixin.py:188} INFO - [2024-06-10T14:33:56.298+0000] {dag.py:3954} INFO - Setting next_dagrun for example_bash_operator to 2024-06-09 00:00:00+00:00, run_after=2024-06-10 00:00:00+00:00
[2024-06-10T14:33:56.319+0000] {processor.py:183} INFO - Processing /home/airflow/.local/lib/python3.12/site-packages/airflow/example_dags/example_bash_operator.py took 0.091 seconds
[2024-06-10T14:34:27.276+0000] {processor.py:161} INFO - Started process (PID=1039) to work on /home/airflow/.local/lib/python3.12/site-packages/airflow/example_dags/example_bash_operator.py
[2024-06-10T14:34:27.277+0000] {processor.py:830} INFO - Processing file /home/airflow/.local/lib/python3.12/site-packages/airflow/example_dags/example_bash_operator.py for tasks to queue
[2024-06-10T14:34:27.279+0000] {logging_mixin.py:188} INFO - [2024-06-10T14:34:27.279+0000] {dagbag.py:545} INFO - Filling up the DagBag from /home/airflow/.local/lib/python3.12/site-packages/airflow/example_dags/example_bash_operator.py
[2024-06-10T14:34:27.290+0000] {processor.py:840} INFO - DAG(s) 'example_bash_operator' retrieved from /home/airflow/.local/lib/python3.12/site-packages/airflow/example_dags/example_bash_operator.py
[2024-06-10T14:34:27.319+0000] {logging_mixin.py:188} INFO - [2024-06-10T14:34:27.318+0000] {dag.py:3096} INFO - Sync 1 DAGs
[2024-06-10T14:34:27.342+0000] {logging_mixin.py:188} INFO - [2024-06-10T14:34:27.342+0000] {dag.py:3954} INFO - Setting next_dagrun for example_bash_operator to 2024-06-09 00:00:00+00:00, run_after=2024-06-10 00:00:00+00:00
[2024-06-10T14:34:27.364+0000] {processor.py:183} INFO - Processing /home/airflow/.local/lib/python3.12/site-packages/airflow/example_dags/example_bash_operator.py took 0.095 seconds
[2024-06-10T14:34:58.322+0000] {processor.py:161} INFO - Started process (PID=1099) to work on /home/airflow/.local/lib/python3.12/site-packages/airflow/example_dags/example_bash_operator.py
[2024-06-10T14:34:58.323+0000] {processor.py:830} INFO - Processing file /home/airflow/.local/lib/python3.12/site-packages/airflow/example_dags/example_bash_operator.py for tasks to queue
[2024-06-10T14:34:58.326+0000] {logging_mixin.py:188} INFO - [2024-06-10T14:34:58.326+0000] {dagbag.py:545} INFO - Filling up the DagBag from /home/airflow/.local/lib/python3.12/site-packages/airflow/example_dags/example_bash_operator.py
[2024-06-10T14:34:58.338+0000] {processor.py:840} INFO - DAG(s) 'example_bash_operator' retrieved from /home/airflow/.local/lib/python3.12/site-packages/airflow/example_dags/example_bash_operator.py
[2024-06-10T14:34:58.371+0000] {logging_mixin.py:188} INFO - [2024-06-10T14:34:58.371+0000] {dag.py:3096} INFO - Sync 1 DAGs
[2024-06-10T14:34:58.395+0000] {logging_mixin.py:188} INFO - [2024-06-10T14:34:58.394+0000] {dag.py:3954} INFO - Setting next_dagrun for example_bash_operator to 2024-06-09 00:00:00+00:00, run_after=2024-06-10 00:00:00+00:00
[2024-06-10T14:34:58.417+0000] {processor.py:183} INFO - Processing /home/airflow/.local/lib/python3.12/site-packages/airflow/example_dags/example_bash_operator.py took 0.101 seconds
