[2024-06-10T14:04:45.099+0000] {processor.py:161} INFO - Started process (PID=59) to work on /home/airflow/.local/lib/python3.12/site-packages/airflow/example_dags/example_setup_teardown.py
[2024-06-10T14:04:45.101+0000] {processor.py:830} INFO - Processing file /home/airflow/.local/lib/python3.12/site-packages/airflow/example_dags/example_setup_teardown.py for tasks to queue
[2024-06-10T14:04:45.103+0000] {logging_mixin.py:188} INFO - [2024-06-10T14:04:45.103+0000] {dagbag.py:545} INFO - Filling up the DagBag from /home/airflow/.local/lib/python3.12/site-packages/airflow/example_dags/example_setup_teardown.py
[2024-06-10T14:04:45.115+0000] {processor.py:840} INFO - DAG(s) 'example_setup_teardown' retrieved from /home/airflow/.local/lib/python3.12/site-packages/airflow/example_dags/example_setup_teardown.py
[2024-06-10T14:04:45.288+0000] {logging_mixin.py:188} INFO - [2024-06-10T14:04:45.288+0000] {dag.py:3096} INFO - Sync 1 DAGs
[2024-06-10T14:04:45.317+0000] {logging_mixin.py:188} INFO - [2024-06-10T14:04:45.317+0000] {dag.py:3954} INFO - Setting next_dagrun for example_setup_teardown to 2024-06-09 00:00:00+00:00, run_after=2024-06-10 00:00:00+00:00
[2024-06-10T14:04:45.348+0000] {processor.py:183} INFO - Processing /home/airflow/.local/lib/python3.12/site-packages/airflow/example_dags/example_setup_teardown.py took 0.261 seconds
[2024-06-10T14:05:16.262+0000] {processor.py:161} INFO - Started process (PID=128) to work on /home/airflow/.local/lib/python3.12/site-packages/airflow/example_dags/example_setup_teardown.py
[2024-06-10T14:05:16.264+0000] {processor.py:830} INFO - Processing file /home/airflow/.local/lib/python3.12/site-packages/airflow/example_dags/example_setup_teardown.py for tasks to queue
[2024-06-10T14:05:16.266+0000] {logging_mixin.py:188} INFO - [2024-06-10T14:05:16.266+0000] {dagbag.py:545} INFO - Filling up the DagBag from /home/airflow/.local/lib/python3.12/site-packages/airflow/example_dags/example_setup_teardown.py
[2024-06-10T14:05:16.273+0000] {processor.py:840} INFO - DAG(s) 'example_setup_teardown' retrieved from /home/airflow/.local/lib/python3.12/site-packages/airflow/example_dags/example_setup_teardown.py
[2024-06-10T14:05:16.294+0000] {logging_mixin.py:188} INFO - [2024-06-10T14:05:16.294+0000] {dag.py:3096} INFO - Sync 1 DAGs
[2024-06-10T14:05:16.315+0000] {logging_mixin.py:188} INFO - [2024-06-10T14:05:16.315+0000] {dag.py:3954} INFO - Setting next_dagrun for example_setup_teardown to 2024-06-09 00:00:00+00:00, run_after=2024-06-10 00:00:00+00:00
[2024-06-10T14:05:16.334+0000] {processor.py:183} INFO - Processing /home/airflow/.local/lib/python3.12/site-packages/airflow/example_dags/example_setup_teardown.py took 0.077 seconds
[2024-06-10T14:05:46.622+0000] {processor.py:161} INFO - Started process (PID=197) to work on /home/airflow/.local/lib/python3.12/site-packages/airflow/example_dags/example_setup_teardown.py
[2024-06-10T14:05:46.623+0000] {processor.py:830} INFO - Processing file /home/airflow/.local/lib/python3.12/site-packages/airflow/example_dags/example_setup_teardown.py for tasks to queue
[2024-06-10T14:05:46.625+0000] {logging_mixin.py:188} INFO - [2024-06-10T14:05:46.625+0000] {dagbag.py:545} INFO - Filling up the DagBag from /home/airflow/.local/lib/python3.12/site-packages/airflow/example_dags/example_setup_teardown.py
[2024-06-10T14:05:46.633+0000] {processor.py:840} INFO - DAG(s) 'example_setup_teardown' retrieved from /home/airflow/.local/lib/python3.12/site-packages/airflow/example_dags/example_setup_teardown.py
[2024-06-10T14:05:46.655+0000] {logging_mixin.py:188} INFO - [2024-06-10T14:05:46.654+0000] {dag.py:3096} INFO - Sync 1 DAGs
[2024-06-10T14:05:46.678+0000] {logging_mixin.py:188} INFO - [2024-06-10T14:05:46.677+0000] {dag.py:3954} INFO - Setting next_dagrun for example_setup_teardown to 2024-06-09 00:00:00+00:00, run_after=2024-06-10 00:00:00+00:00
[2024-06-10T14:05:46.704+0000] {processor.py:183} INFO - Processing /home/airflow/.local/lib/python3.12/site-packages/airflow/example_dags/example_setup_teardown.py took 0.087 seconds
[2024-06-10T14:06:16.778+0000] {processor.py:161} INFO - Started process (PID=266) to work on /home/airflow/.local/lib/python3.12/site-packages/airflow/example_dags/example_setup_teardown.py
[2024-06-10T14:06:16.780+0000] {processor.py:830} INFO - Processing file /home/airflow/.local/lib/python3.12/site-packages/airflow/example_dags/example_setup_teardown.py for tasks to queue
[2024-06-10T14:06:16.782+0000] {logging_mixin.py:188} INFO - [2024-06-10T14:06:16.782+0000] {dagbag.py:545} INFO - Filling up the DagBag from /home/airflow/.local/lib/python3.12/site-packages/airflow/example_dags/example_setup_teardown.py
[2024-06-10T14:06:16.791+0000] {processor.py:840} INFO - DAG(s) 'example_setup_teardown' retrieved from /home/airflow/.local/lib/python3.12/site-packages/airflow/example_dags/example_setup_teardown.py
[2024-06-10T14:06:16.804+0000] {logging_mixin.py:188} INFO - [2024-06-10T14:06:16.804+0000] {dag.py:3096} INFO - Sync 1 DAGs
[2024-06-10T14:06:16.835+0000] {logging_mixin.py:188} INFO - [2024-06-10T14:06:16.835+0000] {dag.py:3954} INFO - Setting next_dagrun for example_setup_teardown to 2024-06-09 00:00:00+00:00, run_after=2024-06-10 00:00:00+00:00
[2024-06-10T14:06:16.863+0000] {processor.py:183} INFO - Processing /home/airflow/.local/lib/python3.12/site-packages/airflow/example_dags/example_setup_teardown.py took 0.092 seconds
[2024-06-10T14:07:15.193+0000] {processor.py:161} INFO - Started process (PID=52) to work on /home/airflow/.local/lib/python3.12/site-packages/airflow/example_dags/example_setup_teardown.py
[2024-06-10T14:07:15.194+0000] {processor.py:830} INFO - Processing file /home/airflow/.local/lib/python3.12/site-packages/airflow/example_dags/example_setup_teardown.py for tasks to queue
[2024-06-10T14:07:15.196+0000] {logging_mixin.py:188} INFO - [2024-06-10T14:07:15.196+0000] {dagbag.py:545} INFO - Filling up the DagBag from /home/airflow/.local/lib/python3.12/site-packages/airflow/example_dags/example_setup_teardown.py
[2024-06-10T14:07:15.207+0000] {processor.py:840} INFO - DAG(s) 'example_setup_teardown' retrieved from /home/airflow/.local/lib/python3.12/site-packages/airflow/example_dags/example_setup_teardown.py
[2024-06-10T14:07:15.318+0000] {logging_mixin.py:188} INFO - [2024-06-10T14:07:15.317+0000] {dag.py:3096} INFO - Sync 1 DAGs
[2024-06-10T14:07:15.483+0000] {logging_mixin.py:188} INFO - [2024-06-10T14:07:15.483+0000] {dag.py:3954} INFO - Setting next_dagrun for example_setup_teardown to 2024-06-09 00:00:00+00:00, run_after=2024-06-10 00:00:00+00:00
[2024-06-10T14:07:15.516+0000] {processor.py:183} INFO - Processing /home/airflow/.local/lib/python3.12/site-packages/airflow/example_dags/example_setup_teardown.py took 0.330 seconds
[2024-06-10T14:07:45.991+0000] {processor.py:161} INFO - Started process (PID=122) to work on /home/airflow/.local/lib/python3.12/site-packages/airflow/example_dags/example_setup_teardown.py
[2024-06-10T14:07:45.994+0000] {processor.py:830} INFO - Processing file /home/airflow/.local/lib/python3.12/site-packages/airflow/example_dags/example_setup_teardown.py for tasks to queue
[2024-06-10T14:07:46.005+0000] {logging_mixin.py:188} INFO - [2024-06-10T14:07:46.002+0000] {dagbag.py:545} INFO - Filling up the DagBag from /home/airflow/.local/lib/python3.12/site-packages/airflow/example_dags/example_setup_teardown.py
[2024-06-10T14:07:46.026+0000] {processor.py:840} INFO - DAG(s) 'example_setup_teardown' retrieved from /home/airflow/.local/lib/python3.12/site-packages/airflow/example_dags/example_setup_teardown.py
[2024-06-10T14:07:46.065+0000] {logging_mixin.py:188} INFO - [2024-06-10T14:07:46.064+0000] {dag.py:3096} INFO - Sync 1 DAGs
[2024-06-10T14:07:46.107+0000] {logging_mixin.py:188} INFO - [2024-06-10T14:07:46.106+0000] {dag.py:3954} INFO - Setting next_dagrun for example_setup_teardown to 2024-06-09 00:00:00+00:00, run_after=2024-06-10 00:00:00+00:00
[2024-06-10T14:07:46.135+0000] {processor.py:183} INFO - Processing /home/airflow/.local/lib/python3.12/site-packages/airflow/example_dags/example_setup_teardown.py took 0.162 seconds
[2024-06-10T14:08:16.667+0000] {processor.py:161} INFO - Started process (PID=191) to work on /home/airflow/.local/lib/python3.12/site-packages/airflow/example_dags/example_setup_teardown.py
[2024-06-10T14:08:16.669+0000] {processor.py:830} INFO - Processing file /home/airflow/.local/lib/python3.12/site-packages/airflow/example_dags/example_setup_teardown.py for tasks to queue
[2024-06-10T14:08:16.671+0000] {logging_mixin.py:188} INFO - [2024-06-10T14:08:16.671+0000] {dagbag.py:545} INFO - Filling up the DagBag from /home/airflow/.local/lib/python3.12/site-packages/airflow/example_dags/example_setup_teardown.py
[2024-06-10T14:08:16.678+0000] {processor.py:840} INFO - DAG(s) 'example_setup_teardown' retrieved from /home/airflow/.local/lib/python3.12/site-packages/airflow/example_dags/example_setup_teardown.py
[2024-06-10T14:08:16.700+0000] {logging_mixin.py:188} INFO - [2024-06-10T14:08:16.700+0000] {dag.py:3096} INFO - Sync 1 DAGs
[2024-06-10T14:08:16.722+0000] {logging_mixin.py:188} INFO - [2024-06-10T14:08:16.721+0000] {dag.py:3954} INFO - Setting next_dagrun for example_setup_teardown to 2024-06-09 00:00:00+00:00, run_after=2024-06-10 00:00:00+00:00
[2024-06-10T14:08:16.744+0000] {processor.py:183} INFO - Processing /home/airflow/.local/lib/python3.12/site-packages/airflow/example_dags/example_setup_teardown.py took 0.082 seconds
[2024-06-10T14:08:47.815+0000] {processor.py:161} INFO - Started process (PID=260) to work on /home/airflow/.local/lib/python3.12/site-packages/airflow/example_dags/example_setup_teardown.py
[2024-06-10T14:08:47.817+0000] {processor.py:830} INFO - Processing file /home/airflow/.local/lib/python3.12/site-packages/airflow/example_dags/example_setup_teardown.py for tasks to queue
[2024-06-10T14:08:47.820+0000] {logging_mixin.py:188} INFO - [2024-06-10T14:08:47.820+0000] {dagbag.py:545} INFO - Filling up the DagBag from /home/airflow/.local/lib/python3.12/site-packages/airflow/example_dags/example_setup_teardown.py
[2024-06-10T14:08:47.827+0000] {processor.py:840} INFO - DAG(s) 'example_setup_teardown' retrieved from /home/airflow/.local/lib/python3.12/site-packages/airflow/example_dags/example_setup_teardown.py
[2024-06-10T14:08:47.848+0000] {logging_mixin.py:188} INFO - [2024-06-10T14:08:47.848+0000] {dag.py:3096} INFO - Sync 1 DAGs
[2024-06-10T14:08:47.873+0000] {logging_mixin.py:188} INFO - [2024-06-10T14:08:47.873+0000] {dag.py:3954} INFO - Setting next_dagrun for example_setup_teardown to 2024-06-09 00:00:00+00:00, run_after=2024-06-10 00:00:00+00:00
[2024-06-10T14:08:47.895+0000] {processor.py:183} INFO - Processing /home/airflow/.local/lib/python3.12/site-packages/airflow/example_dags/example_setup_teardown.py took 0.086 seconds
[2024-06-10T14:09:18.584+0000] {processor.py:161} INFO - Started process (PID=329) to work on /home/airflow/.local/lib/python3.12/site-packages/airflow/example_dags/example_setup_teardown.py
[2024-06-10T14:09:18.585+0000] {processor.py:830} INFO - Processing file /home/airflow/.local/lib/python3.12/site-packages/airflow/example_dags/example_setup_teardown.py for tasks to queue
[2024-06-10T14:09:18.587+0000] {logging_mixin.py:188} INFO - [2024-06-10T14:09:18.586+0000] {dagbag.py:545} INFO - Filling up the DagBag from /home/airflow/.local/lib/python3.12/site-packages/airflow/example_dags/example_setup_teardown.py
[2024-06-10T14:09:18.594+0000] {processor.py:840} INFO - DAG(s) 'example_setup_teardown' retrieved from /home/airflow/.local/lib/python3.12/site-packages/airflow/example_dags/example_setup_teardown.py
[2024-06-10T14:09:18.615+0000] {logging_mixin.py:188} INFO - [2024-06-10T14:09:18.614+0000] {dag.py:3096} INFO - Sync 1 DAGs
[2024-06-10T14:09:18.636+0000] {logging_mixin.py:188} INFO - [2024-06-10T14:09:18.636+0000] {dag.py:3954} INFO - Setting next_dagrun for example_setup_teardown to 2024-06-09 00:00:00+00:00, run_after=2024-06-10 00:00:00+00:00
[2024-06-10T14:09:18.655+0000] {processor.py:183} INFO - Processing /home/airflow/.local/lib/python3.12/site-packages/airflow/example_dags/example_setup_teardown.py took 0.076 seconds
[2024-06-10T14:09:49.033+0000] {processor.py:161} INFO - Started process (PID=396) to work on /home/airflow/.local/lib/python3.12/site-packages/airflow/example_dags/example_setup_teardown.py
[2024-06-10T14:09:49.043+0000] {processor.py:830} INFO - Processing file /home/airflow/.local/lib/python3.12/site-packages/airflow/example_dags/example_setup_teardown.py for tasks to queue
[2024-06-10T14:09:49.046+0000] {logging_mixin.py:188} INFO - [2024-06-10T14:09:49.045+0000] {dagbag.py:545} INFO - Filling up the DagBag from /home/airflow/.local/lib/python3.12/site-packages/airflow/example_dags/example_setup_teardown.py
[2024-06-10T14:09:49.054+0000] {processor.py:840} INFO - DAG(s) 'example_setup_teardown' retrieved from /home/airflow/.local/lib/python3.12/site-packages/airflow/example_dags/example_setup_teardown.py
[2024-06-10T14:09:49.082+0000] {logging_mixin.py:188} INFO - [2024-06-10T14:09:49.082+0000] {dag.py:3096} INFO - Sync 1 DAGs
[2024-06-10T14:09:49.112+0000] {logging_mixin.py:188} INFO - [2024-06-10T14:09:49.112+0000] {dag.py:3954} INFO - Setting next_dagrun for example_setup_teardown to 2024-06-09 00:00:00+00:00, run_after=2024-06-10 00:00:00+00:00
[2024-06-10T14:09:49.137+0000] {processor.py:183} INFO - Processing /home/airflow/.local/lib/python3.12/site-packages/airflow/example_dags/example_setup_teardown.py took 0.110 seconds
[2024-06-10T14:10:20.210+0000] {processor.py:161} INFO - Started process (PID=467) to work on /home/airflow/.local/lib/python3.12/site-packages/airflow/example_dags/example_setup_teardown.py
[2024-06-10T14:10:20.211+0000] {processor.py:830} INFO - Processing file /home/airflow/.local/lib/python3.12/site-packages/airflow/example_dags/example_setup_teardown.py for tasks to queue
[2024-06-10T14:10:20.213+0000] {logging_mixin.py:188} INFO - [2024-06-10T14:10:20.212+0000] {dagbag.py:545} INFO - Filling up the DagBag from /home/airflow/.local/lib/python3.12/site-packages/airflow/example_dags/example_setup_teardown.py
[2024-06-10T14:10:20.219+0000] {processor.py:840} INFO - DAG(s) 'example_setup_teardown' retrieved from /home/airflow/.local/lib/python3.12/site-packages/airflow/example_dags/example_setup_teardown.py
[2024-06-10T14:10:20.242+0000] {logging_mixin.py:188} INFO - [2024-06-10T14:10:20.241+0000] {dag.py:3096} INFO - Sync 1 DAGs
[2024-06-10T14:10:20.402+0000] {logging_mixin.py:188} INFO - [2024-06-10T14:10:20.402+0000] {dag.py:3954} INFO - Setting next_dagrun for example_setup_teardown to 2024-06-09 00:00:00+00:00, run_after=2024-06-10 00:00:00+00:00
[2024-06-10T14:10:20.424+0000] {processor.py:183} INFO - Processing /home/airflow/.local/lib/python3.12/site-packages/airflow/example_dags/example_setup_teardown.py took 0.220 seconds
[2024-06-10T14:10:51.370+0000] {processor.py:161} INFO - Started process (PID=535) to work on /home/airflow/.local/lib/python3.12/site-packages/airflow/example_dags/example_setup_teardown.py
[2024-06-10T14:10:51.372+0000] {processor.py:830} INFO - Processing file /home/airflow/.local/lib/python3.12/site-packages/airflow/example_dags/example_setup_teardown.py for tasks to queue
[2024-06-10T14:10:51.375+0000] {logging_mixin.py:188} INFO - [2024-06-10T14:10:51.375+0000] {dagbag.py:545} INFO - Filling up the DagBag from /home/airflow/.local/lib/python3.12/site-packages/airflow/example_dags/example_setup_teardown.py
[2024-06-10T14:10:51.386+0000] {processor.py:840} INFO - DAG(s) 'example_setup_teardown' retrieved from /home/airflow/.local/lib/python3.12/site-packages/airflow/example_dags/example_setup_teardown.py
[2024-06-10T14:10:51.421+0000] {logging_mixin.py:188} INFO - [2024-06-10T14:10:51.420+0000] {dag.py:3096} INFO - Sync 1 DAGs
[2024-06-10T14:10:51.452+0000] {logging_mixin.py:188} INFO - [2024-06-10T14:10:51.452+0000] {dag.py:3954} INFO - Setting next_dagrun for example_setup_teardown to 2024-06-09 00:00:00+00:00, run_after=2024-06-10 00:00:00+00:00
[2024-06-10T14:10:51.475+0000] {processor.py:183} INFO - Processing /home/airflow/.local/lib/python3.12/site-packages/airflow/example_dags/example_setup_teardown.py took 0.112 seconds
[2024-06-10T14:11:21.720+0000] {processor.py:161} INFO - Started process (PID=603) to work on /home/airflow/.local/lib/python3.12/site-packages/airflow/example_dags/example_setup_teardown.py
[2024-06-10T14:11:21.722+0000] {processor.py:830} INFO - Processing file /home/airflow/.local/lib/python3.12/site-packages/airflow/example_dags/example_setup_teardown.py for tasks to queue
[2024-06-10T14:11:21.725+0000] {logging_mixin.py:188} INFO - [2024-06-10T14:11:21.725+0000] {dagbag.py:545} INFO - Filling up the DagBag from /home/airflow/.local/lib/python3.12/site-packages/airflow/example_dags/example_setup_teardown.py
[2024-06-10T14:11:21.734+0000] {processor.py:840} INFO - DAG(s) 'example_setup_teardown' retrieved from /home/airflow/.local/lib/python3.12/site-packages/airflow/example_dags/example_setup_teardown.py
[2024-06-10T14:11:21.758+0000] {logging_mixin.py:188} INFO - [2024-06-10T14:11:21.758+0000] {dag.py:3096} INFO - Sync 1 DAGs
[2024-06-10T14:11:21.783+0000] {logging_mixin.py:188} INFO - [2024-06-10T14:11:21.782+0000] {dag.py:3954} INFO - Setting next_dagrun for example_setup_teardown to 2024-06-09 00:00:00+00:00, run_after=2024-06-10 00:00:00+00:00
[2024-06-10T14:11:21.809+0000] {processor.py:183} INFO - Processing /home/airflow/.local/lib/python3.12/site-packages/airflow/example_dags/example_setup_teardown.py took 0.095 seconds
[2024-06-10T14:11:52.320+0000] {processor.py:161} INFO - Started process (PID=672) to work on /home/airflow/.local/lib/python3.12/site-packages/airflow/example_dags/example_setup_teardown.py
[2024-06-10T14:11:52.322+0000] {processor.py:830} INFO - Processing file /home/airflow/.local/lib/python3.12/site-packages/airflow/example_dags/example_setup_teardown.py for tasks to queue
[2024-06-10T14:11:52.325+0000] {logging_mixin.py:188} INFO - [2024-06-10T14:11:52.324+0000] {dagbag.py:545} INFO - Filling up the DagBag from /home/airflow/.local/lib/python3.12/site-packages/airflow/example_dags/example_setup_teardown.py
[2024-06-10T14:11:52.332+0000] {processor.py:840} INFO - DAG(s) 'example_setup_teardown' retrieved from /home/airflow/.local/lib/python3.12/site-packages/airflow/example_dags/example_setup_teardown.py
[2024-06-10T14:11:52.353+0000] {logging_mixin.py:188} INFO - [2024-06-10T14:11:52.352+0000] {dag.py:3096} INFO - Sync 1 DAGs
[2024-06-10T14:11:52.377+0000] {logging_mixin.py:188} INFO - [2024-06-10T14:11:52.377+0000] {dag.py:3954} INFO - Setting next_dagrun for example_setup_teardown to 2024-06-09 00:00:00+00:00, run_after=2024-06-10 00:00:00+00:00
[2024-06-10T14:11:52.402+0000] {processor.py:183} INFO - Processing /home/airflow/.local/lib/python3.12/site-packages/airflow/example_dags/example_setup_teardown.py took 0.087 seconds
[2024-06-10T14:12:23.028+0000] {processor.py:161} INFO - Started process (PID=741) to work on /home/airflow/.local/lib/python3.12/site-packages/airflow/example_dags/example_setup_teardown.py
[2024-06-10T14:12:23.030+0000] {processor.py:830} INFO - Processing file /home/airflow/.local/lib/python3.12/site-packages/airflow/example_dags/example_setup_teardown.py for tasks to queue
[2024-06-10T14:12:23.033+0000] {logging_mixin.py:188} INFO - [2024-06-10T14:12:23.033+0000] {dagbag.py:545} INFO - Filling up the DagBag from /home/airflow/.local/lib/python3.12/site-packages/airflow/example_dags/example_setup_teardown.py
[2024-06-10T14:12:23.042+0000] {processor.py:840} INFO - DAG(s) 'example_setup_teardown' retrieved from /home/airflow/.local/lib/python3.12/site-packages/airflow/example_dags/example_setup_teardown.py
[2024-06-10T14:12:23.084+0000] {logging_mixin.py:188} INFO - [2024-06-10T14:12:23.083+0000] {dag.py:3096} INFO - Sync 1 DAGs
[2024-06-10T14:12:23.129+0000] {logging_mixin.py:188} INFO - [2024-06-10T14:12:23.128+0000] {dag.py:3954} INFO - Setting next_dagrun for example_setup_teardown to 2024-06-09 00:00:00+00:00, run_after=2024-06-10 00:00:00+00:00
[2024-06-10T14:12:23.149+0000] {processor.py:183} INFO - Processing /home/airflow/.local/lib/python3.12/site-packages/airflow/example_dags/example_setup_teardown.py took 0.128 seconds
[2024-06-10T14:12:54.722+0000] {processor.py:161} INFO - Started process (PID=816) to work on /home/airflow/.local/lib/python3.12/site-packages/airflow/example_dags/example_setup_teardown.py
[2024-06-10T14:12:54.723+0000] {processor.py:830} INFO - Processing file /home/airflow/.local/lib/python3.12/site-packages/airflow/example_dags/example_setup_teardown.py for tasks to queue
[2024-06-10T14:12:54.725+0000] {logging_mixin.py:188} INFO - [2024-06-10T14:12:54.725+0000] {dagbag.py:545} INFO - Filling up the DagBag from /home/airflow/.local/lib/python3.12/site-packages/airflow/example_dags/example_setup_teardown.py
[2024-06-10T14:12:54.898+0000] {processor.py:840} INFO - DAG(s) 'example_setup_teardown' retrieved from /home/airflow/.local/lib/python3.12/site-packages/airflow/example_dags/example_setup_teardown.py
[2024-06-10T14:12:54.923+0000] {logging_mixin.py:188} INFO - [2024-06-10T14:12:54.922+0000] {dag.py:3096} INFO - Sync 1 DAGs
[2024-06-10T14:12:54.949+0000] {logging_mixin.py:188} INFO - [2024-06-10T14:12:54.949+0000] {dag.py:3954} INFO - Setting next_dagrun for example_setup_teardown to 2024-06-09 00:00:00+00:00, run_after=2024-06-10 00:00:00+00:00
[2024-06-10T14:12:54.974+0000] {processor.py:183} INFO - Processing /home/airflow/.local/lib/python3.12/site-packages/airflow/example_dags/example_setup_teardown.py took 0.259 seconds
[2024-06-10T14:13:25.895+0000] {processor.py:161} INFO - Started process (PID=885) to work on /home/airflow/.local/lib/python3.12/site-packages/airflow/example_dags/example_setup_teardown.py
[2024-06-10T14:13:25.896+0000] {processor.py:830} INFO - Processing file /home/airflow/.local/lib/python3.12/site-packages/airflow/example_dags/example_setup_teardown.py for tasks to queue
[2024-06-10T14:13:25.898+0000] {logging_mixin.py:188} INFO - [2024-06-10T14:13:25.898+0000] {dagbag.py:545} INFO - Filling up the DagBag from /home/airflow/.local/lib/python3.12/site-packages/airflow/example_dags/example_setup_teardown.py
[2024-06-10T14:13:25.907+0000] {processor.py:840} INFO - DAG(s) 'example_setup_teardown' retrieved from /home/airflow/.local/lib/python3.12/site-packages/airflow/example_dags/example_setup_teardown.py
[2024-06-10T14:13:25.932+0000] {logging_mixin.py:188} INFO - [2024-06-10T14:13:25.932+0000] {dag.py:3096} INFO - Sync 1 DAGs
[2024-06-10T14:13:25.957+0000] {logging_mixin.py:188} INFO - [2024-06-10T14:13:25.957+0000] {dag.py:3954} INFO - Setting next_dagrun for example_setup_teardown to 2024-06-09 00:00:00+00:00, run_after=2024-06-10 00:00:00+00:00
[2024-06-10T14:13:25.981+0000] {processor.py:183} INFO - Processing /home/airflow/.local/lib/python3.12/site-packages/airflow/example_dags/example_setup_teardown.py took 0.092 seconds
[2024-06-10T14:13:56.578+0000] {processor.py:161} INFO - Started process (PID=954) to work on /home/airflow/.local/lib/python3.12/site-packages/airflow/example_dags/example_setup_teardown.py
[2024-06-10T14:13:56.580+0000] {processor.py:830} INFO - Processing file /home/airflow/.local/lib/python3.12/site-packages/airflow/example_dags/example_setup_teardown.py for tasks to queue
[2024-06-10T14:13:56.582+0000] {logging_mixin.py:188} INFO - [2024-06-10T14:13:56.581+0000] {dagbag.py:545} INFO - Filling up the DagBag from /home/airflow/.local/lib/python3.12/site-packages/airflow/example_dags/example_setup_teardown.py
[2024-06-10T14:13:56.588+0000] {processor.py:840} INFO - DAG(s) 'example_setup_teardown' retrieved from /home/airflow/.local/lib/python3.12/site-packages/airflow/example_dags/example_setup_teardown.py
[2024-06-10T14:13:56.610+0000] {logging_mixin.py:188} INFO - [2024-06-10T14:13:56.610+0000] {dag.py:3096} INFO - Sync 1 DAGs
[2024-06-10T14:13:56.633+0000] {logging_mixin.py:188} INFO - [2024-06-10T14:13:56.633+0000] {dag.py:3954} INFO - Setting next_dagrun for example_setup_teardown to 2024-06-09 00:00:00+00:00, run_after=2024-06-10 00:00:00+00:00
[2024-06-10T14:13:56.654+0000] {processor.py:183} INFO - Processing /home/airflow/.local/lib/python3.12/site-packages/airflow/example_dags/example_setup_teardown.py took 0.082 seconds
[2024-06-10T14:14:26.858+0000] {processor.py:161} INFO - Started process (PID=1023) to work on /home/airflow/.local/lib/python3.12/site-packages/airflow/example_dags/example_setup_teardown.py
[2024-06-10T14:14:26.859+0000] {processor.py:830} INFO - Processing file /home/airflow/.local/lib/python3.12/site-packages/airflow/example_dags/example_setup_teardown.py for tasks to queue
[2024-06-10T14:14:26.861+0000] {logging_mixin.py:188} INFO - [2024-06-10T14:14:26.861+0000] {dagbag.py:545} INFO - Filling up the DagBag from /home/airflow/.local/lib/python3.12/site-packages/airflow/example_dags/example_setup_teardown.py
[2024-06-10T14:14:26.868+0000] {processor.py:840} INFO - DAG(s) 'example_setup_teardown' retrieved from /home/airflow/.local/lib/python3.12/site-packages/airflow/example_dags/example_setup_teardown.py
[2024-06-10T14:14:26.892+0000] {logging_mixin.py:188} INFO - [2024-06-10T14:14:26.892+0000] {dag.py:3096} INFO - Sync 1 DAGs
[2024-06-10T14:14:26.922+0000] {logging_mixin.py:188} INFO - [2024-06-10T14:14:26.921+0000] {dag.py:3954} INFO - Setting next_dagrun for example_setup_teardown to 2024-06-09 00:00:00+00:00, run_after=2024-06-10 00:00:00+00:00
[2024-06-10T14:14:26.955+0000] {processor.py:183} INFO - Processing /home/airflow/.local/lib/python3.12/site-packages/airflow/example_dags/example_setup_teardown.py took 0.103 seconds
[2024-06-10T14:14:57.177+0000] {processor.py:161} INFO - Started process (PID=1093) to work on /home/airflow/.local/lib/python3.12/site-packages/airflow/example_dags/example_setup_teardown.py
[2024-06-10T14:14:57.178+0000] {processor.py:830} INFO - Processing file /home/airflow/.local/lib/python3.12/site-packages/airflow/example_dags/example_setup_teardown.py for tasks to queue
[2024-06-10T14:14:57.181+0000] {logging_mixin.py:188} INFO - [2024-06-10T14:14:57.180+0000] {dagbag.py:545} INFO - Filling up the DagBag from /home/airflow/.local/lib/python3.12/site-packages/airflow/example_dags/example_setup_teardown.py
[2024-06-10T14:14:57.186+0000] {processor.py:840} INFO - DAG(s) 'example_setup_teardown' retrieved from /home/airflow/.local/lib/python3.12/site-packages/airflow/example_dags/example_setup_teardown.py
[2024-06-10T14:14:57.207+0000] {logging_mixin.py:188} INFO - [2024-06-10T14:14:57.207+0000] {dag.py:3096} INFO - Sync 1 DAGs
[2024-06-10T14:14:57.229+0000] {logging_mixin.py:188} INFO - [2024-06-10T14:14:57.229+0000] {dag.py:3954} INFO - Setting next_dagrun for example_setup_teardown to 2024-06-09 00:00:00+00:00, run_after=2024-06-10 00:00:00+00:00
[2024-06-10T14:14:57.250+0000] {processor.py:183} INFO - Processing /home/airflow/.local/lib/python3.12/site-packages/airflow/example_dags/example_setup_teardown.py took 0.079 seconds
[2024-06-10T14:15:27.389+0000] {processor.py:161} INFO - Started process (PID=1162) to work on /home/airflow/.local/lib/python3.12/site-packages/airflow/example_dags/example_setup_teardown.py
[2024-06-10T14:15:27.391+0000] {processor.py:830} INFO - Processing file /home/airflow/.local/lib/python3.12/site-packages/airflow/example_dags/example_setup_teardown.py for tasks to queue
[2024-06-10T14:15:27.392+0000] {logging_mixin.py:188} INFO - [2024-06-10T14:15:27.391+0000] {dagbag.py:545} INFO - Filling up the DagBag from /home/airflow/.local/lib/python3.12/site-packages/airflow/example_dags/example_setup_teardown.py
[2024-06-10T14:15:27.401+0000] {processor.py:840} INFO - DAG(s) 'example_setup_teardown' retrieved from /home/airflow/.local/lib/python3.12/site-packages/airflow/example_dags/example_setup_teardown.py
[2024-06-10T14:15:27.427+0000] {logging_mixin.py:188} INFO - [2024-06-10T14:15:27.427+0000] {dag.py:3096} INFO - Sync 1 DAGs
[2024-06-10T14:15:27.451+0000] {logging_mixin.py:188} INFO - [2024-06-10T14:15:27.450+0000] {dag.py:3954} INFO - Setting next_dagrun for example_setup_teardown to 2024-06-09 00:00:00+00:00, run_after=2024-06-10 00:00:00+00:00
[2024-06-10T14:15:27.472+0000] {processor.py:183} INFO - Processing /home/airflow/.local/lib/python3.12/site-packages/airflow/example_dags/example_setup_teardown.py took 0.089 seconds
[2024-06-10T14:15:57.604+0000] {processor.py:161} INFO - Started process (PID=1221) to work on /home/airflow/.local/lib/python3.12/site-packages/airflow/example_dags/example_setup_teardown.py
[2024-06-10T14:15:57.606+0000] {processor.py:830} INFO - Processing file /home/airflow/.local/lib/python3.12/site-packages/airflow/example_dags/example_setup_teardown.py for tasks to queue
[2024-06-10T14:15:57.607+0000] {logging_mixin.py:188} INFO - [2024-06-10T14:15:57.606+0000] {dagbag.py:545} INFO - Filling up the DagBag from /home/airflow/.local/lib/python3.12/site-packages/airflow/example_dags/example_setup_teardown.py
[2024-06-10T14:15:57.614+0000] {processor.py:840} INFO - DAG(s) 'example_setup_teardown' retrieved from /home/airflow/.local/lib/python3.12/site-packages/airflow/example_dags/example_setup_teardown.py
[2024-06-10T14:15:57.641+0000] {logging_mixin.py:188} INFO - [2024-06-10T14:15:57.641+0000] {dag.py:3096} INFO - Sync 1 DAGs
[2024-06-10T14:15:57.672+0000] {logging_mixin.py:188} INFO - [2024-06-10T14:15:57.671+0000] {dag.py:3954} INFO - Setting next_dagrun for example_setup_teardown to 2024-06-09 00:00:00+00:00, run_after=2024-06-10 00:00:00+00:00
[2024-06-10T14:15:57.692+0000] {processor.py:183} INFO - Processing /home/airflow/.local/lib/python3.12/site-packages/airflow/example_dags/example_setup_teardown.py took 0.096 seconds
[2024-06-10T14:16:27.904+0000] {processor.py:161} INFO - Started process (PID=1281) to work on /home/airflow/.local/lib/python3.12/site-packages/airflow/example_dags/example_setup_teardown.py
[2024-06-10T14:16:27.906+0000] {processor.py:830} INFO - Processing file /home/airflow/.local/lib/python3.12/site-packages/airflow/example_dags/example_setup_teardown.py for tasks to queue
[2024-06-10T14:16:27.907+0000] {logging_mixin.py:188} INFO - [2024-06-10T14:16:27.907+0000] {dagbag.py:545} INFO - Filling up the DagBag from /home/airflow/.local/lib/python3.12/site-packages/airflow/example_dags/example_setup_teardown.py
[2024-06-10T14:16:27.913+0000] {processor.py:840} INFO - DAG(s) 'example_setup_teardown' retrieved from /home/airflow/.local/lib/python3.12/site-packages/airflow/example_dags/example_setup_teardown.py
[2024-06-10T14:16:27.936+0000] {logging_mixin.py:188} INFO - [2024-06-10T14:16:27.936+0000] {dag.py:3096} INFO - Sync 1 DAGs
[2024-06-10T14:16:27.956+0000] {logging_mixin.py:188} INFO - [2024-06-10T14:16:27.956+0000] {dag.py:3954} INFO - Setting next_dagrun for example_setup_teardown to 2024-06-09 00:00:00+00:00, run_after=2024-06-10 00:00:00+00:00
[2024-06-10T14:16:27.977+0000] {processor.py:183} INFO - Processing /home/airflow/.local/lib/python3.12/site-packages/airflow/example_dags/example_setup_teardown.py took 0.078 seconds
[2024-06-10T14:16:58.131+0000] {processor.py:161} INFO - Started process (PID=1341) to work on /home/airflow/.local/lib/python3.12/site-packages/airflow/example_dags/example_setup_teardown.py
[2024-06-10T14:16:58.132+0000] {processor.py:830} INFO - Processing file /home/airflow/.local/lib/python3.12/site-packages/airflow/example_dags/example_setup_teardown.py for tasks to queue
[2024-06-10T14:16:58.134+0000] {logging_mixin.py:188} INFO - [2024-06-10T14:16:58.133+0000] {dagbag.py:545} INFO - Filling up the DagBag from /home/airflow/.local/lib/python3.12/site-packages/airflow/example_dags/example_setup_teardown.py
[2024-06-10T14:16:58.143+0000] {processor.py:840} INFO - DAG(s) 'example_setup_teardown' retrieved from /home/airflow/.local/lib/python3.12/site-packages/airflow/example_dags/example_setup_teardown.py
[2024-06-10T14:16:58.156+0000] {logging_mixin.py:188} INFO - [2024-06-10T14:16:58.156+0000] {dag.py:3096} INFO - Sync 1 DAGs
[2024-06-10T14:16:58.530+0000] {logging_mixin.py:188} INFO - [2024-06-10T14:16:58.530+0000] {dag.py:3954} INFO - Setting next_dagrun for example_setup_teardown to 2024-06-09 00:00:00+00:00, run_after=2024-06-10 00:00:00+00:00
[2024-06-10T14:16:58.556+0000] {processor.py:183} INFO - Processing /home/airflow/.local/lib/python3.12/site-packages/airflow/example_dags/example_setup_teardown.py took 0.432 seconds
[2024-06-10T14:17:29.329+0000] {processor.py:161} INFO - Started process (PID=1401) to work on /home/airflow/.local/lib/python3.12/site-packages/airflow/example_dags/example_setup_teardown.py
[2024-06-10T14:17:29.330+0000] {processor.py:830} INFO - Processing file /home/airflow/.local/lib/python3.12/site-packages/airflow/example_dags/example_setup_teardown.py for tasks to queue
[2024-06-10T14:17:29.331+0000] {logging_mixin.py:188} INFO - [2024-06-10T14:17:29.331+0000] {dagbag.py:545} INFO - Filling up the DagBag from /home/airflow/.local/lib/python3.12/site-packages/airflow/example_dags/example_setup_teardown.py
[2024-06-10T14:17:29.340+0000] {processor.py:840} INFO - DAG(s) 'example_setup_teardown' retrieved from /home/airflow/.local/lib/python3.12/site-packages/airflow/example_dags/example_setup_teardown.py
[2024-06-10T14:17:29.480+0000] {logging_mixin.py:188} INFO - [2024-06-10T14:17:29.479+0000] {dag.py:3096} INFO - Sync 1 DAGs
[2024-06-10T14:17:29.504+0000] {logging_mixin.py:188} INFO - [2024-06-10T14:17:29.504+0000] {dag.py:3954} INFO - Setting next_dagrun for example_setup_teardown to 2024-06-09 00:00:00+00:00, run_after=2024-06-10 00:00:00+00:00
[2024-06-10T14:17:29.530+0000] {processor.py:183} INFO - Processing /home/airflow/.local/lib/python3.12/site-packages/airflow/example_dags/example_setup_teardown.py took 0.206 seconds
[2024-06-10T14:18:00.269+0000] {processor.py:161} INFO - Started process (PID=1461) to work on /home/airflow/.local/lib/python3.12/site-packages/airflow/example_dags/example_setup_teardown.py
[2024-06-10T14:18:00.271+0000] {processor.py:830} INFO - Processing file /home/airflow/.local/lib/python3.12/site-packages/airflow/example_dags/example_setup_teardown.py for tasks to queue
[2024-06-10T14:18:00.272+0000] {logging_mixin.py:188} INFO - [2024-06-10T14:18:00.272+0000] {dagbag.py:545} INFO - Filling up the DagBag from /home/airflow/.local/lib/python3.12/site-packages/airflow/example_dags/example_setup_teardown.py
[2024-06-10T14:18:00.280+0000] {processor.py:840} INFO - DAG(s) 'example_setup_teardown' retrieved from /home/airflow/.local/lib/python3.12/site-packages/airflow/example_dags/example_setup_teardown.py
[2024-06-10T14:18:00.306+0000] {logging_mixin.py:188} INFO - [2024-06-10T14:18:00.306+0000] {dag.py:3096} INFO - Sync 1 DAGs
[2024-06-10T14:18:00.333+0000] {logging_mixin.py:188} INFO - [2024-06-10T14:18:00.333+0000] {dag.py:3954} INFO - Setting next_dagrun for example_setup_teardown to 2024-06-09 00:00:00+00:00, run_after=2024-06-10 00:00:00+00:00
[2024-06-10T14:18:00.363+0000] {processor.py:183} INFO - Processing /home/airflow/.local/lib/python3.12/site-packages/airflow/example_dags/example_setup_teardown.py took 0.101 seconds
[2024-06-10T14:18:31.177+0000] {processor.py:161} INFO - Started process (PID=1521) to work on /home/airflow/.local/lib/python3.12/site-packages/airflow/example_dags/example_setup_teardown.py
[2024-06-10T14:18:31.179+0000] {processor.py:830} INFO - Processing file /home/airflow/.local/lib/python3.12/site-packages/airflow/example_dags/example_setup_teardown.py for tasks to queue
[2024-06-10T14:18:31.180+0000] {logging_mixin.py:188} INFO - [2024-06-10T14:18:31.180+0000] {dagbag.py:545} INFO - Filling up the DagBag from /home/airflow/.local/lib/python3.12/site-packages/airflow/example_dags/example_setup_teardown.py
[2024-06-10T14:18:31.187+0000] {processor.py:840} INFO - DAG(s) 'example_setup_teardown' retrieved from /home/airflow/.local/lib/python3.12/site-packages/airflow/example_dags/example_setup_teardown.py
[2024-06-10T14:18:31.201+0000] {logging_mixin.py:188} INFO - [2024-06-10T14:18:31.200+0000] {dag.py:3096} INFO - Sync 1 DAGs
[2024-06-10T14:18:31.229+0000] {logging_mixin.py:188} INFO - [2024-06-10T14:18:31.228+0000] {dag.py:3954} INFO - Setting next_dagrun for example_setup_teardown to 2024-06-09 00:00:00+00:00, run_after=2024-06-10 00:00:00+00:00
[2024-06-10T14:18:31.258+0000] {processor.py:183} INFO - Processing /home/airflow/.local/lib/python3.12/site-packages/airflow/example_dags/example_setup_teardown.py took 0.086 seconds
[2024-06-10T14:19:01.415+0000] {processor.py:161} INFO - Started process (PID=1581) to work on /home/airflow/.local/lib/python3.12/site-packages/airflow/example_dags/example_setup_teardown.py
[2024-06-10T14:19:01.417+0000] {processor.py:830} INFO - Processing file /home/airflow/.local/lib/python3.12/site-packages/airflow/example_dags/example_setup_teardown.py for tasks to queue
[2024-06-10T14:19:01.418+0000] {logging_mixin.py:188} INFO - [2024-06-10T14:19:01.418+0000] {dagbag.py:545} INFO - Filling up the DagBag from /home/airflow/.local/lib/python3.12/site-packages/airflow/example_dags/example_setup_teardown.py
[2024-06-10T14:19:01.427+0000] {processor.py:840} INFO - DAG(s) 'example_setup_teardown' retrieved from /home/airflow/.local/lib/python3.12/site-packages/airflow/example_dags/example_setup_teardown.py
[2024-06-10T14:19:01.540+0000] {logging_mixin.py:188} INFO - [2024-06-10T14:19:01.540+0000] {dag.py:3096} INFO - Sync 1 DAGs
[2024-06-10T14:19:01.565+0000] {logging_mixin.py:188} INFO - [2024-06-10T14:19:01.565+0000] {dag.py:3954} INFO - Setting next_dagrun for example_setup_teardown to 2024-06-09 00:00:00+00:00, run_after=2024-06-10 00:00:00+00:00
[2024-06-10T14:19:01.587+0000] {processor.py:183} INFO - Processing /home/airflow/.local/lib/python3.12/site-packages/airflow/example_dags/example_setup_teardown.py took 0.178 seconds
[2024-06-10T14:19:32.438+0000] {processor.py:161} INFO - Started process (PID=1641) to work on /home/airflow/.local/lib/python3.12/site-packages/airflow/example_dags/example_setup_teardown.py
[2024-06-10T14:19:32.439+0000] {processor.py:830} INFO - Processing file /home/airflow/.local/lib/python3.12/site-packages/airflow/example_dags/example_setup_teardown.py for tasks to queue
[2024-06-10T14:19:32.441+0000] {logging_mixin.py:188} INFO - [2024-06-10T14:19:32.441+0000] {dagbag.py:545} INFO - Filling up the DagBag from /home/airflow/.local/lib/python3.12/site-packages/airflow/example_dags/example_setup_teardown.py
[2024-06-10T14:19:32.448+0000] {processor.py:840} INFO - DAG(s) 'example_setup_teardown' retrieved from /home/airflow/.local/lib/python3.12/site-packages/airflow/example_dags/example_setup_teardown.py
[2024-06-10T14:19:32.473+0000] {logging_mixin.py:188} INFO - [2024-06-10T14:19:32.473+0000] {dag.py:3096} INFO - Sync 1 DAGs
[2024-06-10T14:19:32.496+0000] {logging_mixin.py:188} INFO - [2024-06-10T14:19:32.495+0000] {dag.py:3954} INFO - Setting next_dagrun for example_setup_teardown to 2024-06-09 00:00:00+00:00, run_after=2024-06-10 00:00:00+00:00
[2024-06-10T14:19:32.517+0000] {processor.py:183} INFO - Processing /home/airflow/.local/lib/python3.12/site-packages/airflow/example_dags/example_setup_teardown.py took 0.084 seconds
[2024-06-10T14:20:02.646+0000] {processor.py:161} INFO - Started process (PID=1701) to work on /home/airflow/.local/lib/python3.12/site-packages/airflow/example_dags/example_setup_teardown.py
[2024-06-10T14:20:02.647+0000] {processor.py:830} INFO - Processing file /home/airflow/.local/lib/python3.12/site-packages/airflow/example_dags/example_setup_teardown.py for tasks to queue
[2024-06-10T14:20:02.648+0000] {logging_mixin.py:188} INFO - [2024-06-10T14:20:02.648+0000] {dagbag.py:545} INFO - Filling up the DagBag from /home/airflow/.local/lib/python3.12/site-packages/airflow/example_dags/example_setup_teardown.py
[2024-06-10T14:20:02.655+0000] {processor.py:840} INFO - DAG(s) 'example_setup_teardown' retrieved from /home/airflow/.local/lib/python3.12/site-packages/airflow/example_dags/example_setup_teardown.py
[2024-06-10T14:20:02.679+0000] {logging_mixin.py:188} INFO - [2024-06-10T14:20:02.678+0000] {dag.py:3096} INFO - Sync 1 DAGs
[2024-06-10T14:20:02.702+0000] {logging_mixin.py:188} INFO - [2024-06-10T14:20:02.701+0000] {dag.py:3954} INFO - Setting next_dagrun for example_setup_teardown to 2024-06-09 00:00:00+00:00, run_after=2024-06-10 00:00:00+00:00
[2024-06-10T14:20:02.720+0000] {processor.py:183} INFO - Processing /home/airflow/.local/lib/python3.12/site-packages/airflow/example_dags/example_setup_teardown.py took 0.080 seconds
[2024-06-10T14:20:33.135+0000] {processor.py:161} INFO - Started process (PID=1761) to work on /home/airflow/.local/lib/python3.12/site-packages/airflow/example_dags/example_setup_teardown.py
[2024-06-10T14:20:33.136+0000] {processor.py:830} INFO - Processing file /home/airflow/.local/lib/python3.12/site-packages/airflow/example_dags/example_setup_teardown.py for tasks to queue
[2024-06-10T14:20:33.138+0000] {logging_mixin.py:188} INFO - [2024-06-10T14:20:33.137+0000] {dagbag.py:545} INFO - Filling up the DagBag from /home/airflow/.local/lib/python3.12/site-packages/airflow/example_dags/example_setup_teardown.py
[2024-06-10T14:20:33.144+0000] {processor.py:840} INFO - DAG(s) 'example_setup_teardown' retrieved from /home/airflow/.local/lib/python3.12/site-packages/airflow/example_dags/example_setup_teardown.py
[2024-06-10T14:20:33.165+0000] {logging_mixin.py:188} INFO - [2024-06-10T14:20:33.164+0000] {dag.py:3096} INFO - Sync 1 DAGs
[2024-06-10T14:20:33.193+0000] {logging_mixin.py:188} INFO - [2024-06-10T14:20:33.193+0000] {dag.py:3954} INFO - Setting next_dagrun for example_setup_teardown to 2024-06-09 00:00:00+00:00, run_after=2024-06-10 00:00:00+00:00
[2024-06-10T14:20:33.212+0000] {processor.py:183} INFO - Processing /home/airflow/.local/lib/python3.12/site-packages/airflow/example_dags/example_setup_teardown.py took 0.082 seconds
[2024-06-10T14:21:03.420+0000] {processor.py:161} INFO - Started process (PID=1821) to work on /home/airflow/.local/lib/python3.12/site-packages/airflow/example_dags/example_setup_teardown.py
[2024-06-10T14:21:03.421+0000] {processor.py:830} INFO - Processing file /home/airflow/.local/lib/python3.12/site-packages/airflow/example_dags/example_setup_teardown.py for tasks to queue
[2024-06-10T14:21:03.423+0000] {logging_mixin.py:188} INFO - [2024-06-10T14:21:03.422+0000] {dagbag.py:545} INFO - Filling up the DagBag from /home/airflow/.local/lib/python3.12/site-packages/airflow/example_dags/example_setup_teardown.py
[2024-06-10T14:21:03.430+0000] {processor.py:840} INFO - DAG(s) 'example_setup_teardown' retrieved from /home/airflow/.local/lib/python3.12/site-packages/airflow/example_dags/example_setup_teardown.py
[2024-06-10T14:21:03.453+0000] {logging_mixin.py:188} INFO - [2024-06-10T14:21:03.452+0000] {dag.py:3096} INFO - Sync 1 DAGs
[2024-06-10T14:21:03.479+0000] {logging_mixin.py:188} INFO - [2024-06-10T14:21:03.479+0000] {dag.py:3954} INFO - Setting next_dagrun for example_setup_teardown to 2024-06-09 00:00:00+00:00, run_after=2024-06-10 00:00:00+00:00
[2024-06-10T14:21:03.500+0000] {processor.py:183} INFO - Processing /home/airflow/.local/lib/python3.12/site-packages/airflow/example_dags/example_setup_teardown.py took 0.085 seconds
[2024-06-10T14:21:33.763+0000] {processor.py:161} INFO - Started process (PID=1881) to work on /home/airflow/.local/lib/python3.12/site-packages/airflow/example_dags/example_setup_teardown.py
[2024-06-10T14:21:33.765+0000] {processor.py:830} INFO - Processing file /home/airflow/.local/lib/python3.12/site-packages/airflow/example_dags/example_setup_teardown.py for tasks to queue
[2024-06-10T14:21:33.766+0000] {logging_mixin.py:188} INFO - [2024-06-10T14:21:33.766+0000] {dagbag.py:545} INFO - Filling up the DagBag from /home/airflow/.local/lib/python3.12/site-packages/airflow/example_dags/example_setup_teardown.py
[2024-06-10T14:21:33.773+0000] {processor.py:840} INFO - DAG(s) 'example_setup_teardown' retrieved from /home/airflow/.local/lib/python3.12/site-packages/airflow/example_dags/example_setup_teardown.py
[2024-06-10T14:21:33.794+0000] {logging_mixin.py:188} INFO - [2024-06-10T14:21:33.794+0000] {dag.py:3096} INFO - Sync 1 DAGs
[2024-06-10T14:21:33.815+0000] {logging_mixin.py:188} INFO - [2024-06-10T14:21:33.815+0000] {dag.py:3954} INFO - Setting next_dagrun for example_setup_teardown to 2024-06-09 00:00:00+00:00, run_after=2024-06-10 00:00:00+00:00
[2024-06-10T14:21:33.836+0000] {processor.py:183} INFO - Processing /home/airflow/.local/lib/python3.12/site-packages/airflow/example_dags/example_setup_teardown.py took 0.078 seconds
[2024-06-10T14:26:13.114+0000] {processor.py:161} INFO - Started process (PID=49) to work on /home/airflow/.local/lib/python3.12/site-packages/airflow/example_dags/example_setup_teardown.py
[2024-06-10T14:26:13.115+0000] {processor.py:830} INFO - Processing file /home/airflow/.local/lib/python3.12/site-packages/airflow/example_dags/example_setup_teardown.py for tasks to queue
[2024-06-10T14:26:13.118+0000] {logging_mixin.py:188} INFO - [2024-06-10T14:26:13.118+0000] {dagbag.py:545} INFO - Filling up the DagBag from /home/airflow/.local/lib/python3.12/site-packages/airflow/example_dags/example_setup_teardown.py
[2024-06-10T14:26:13.132+0000] {processor.py:840} INFO - DAG(s) 'example_setup_teardown' retrieved from /home/airflow/.local/lib/python3.12/site-packages/airflow/example_dags/example_setup_teardown.py
[2024-06-10T14:26:13.326+0000] {logging_mixin.py:188} INFO - [2024-06-10T14:26:13.325+0000] {override.py:1829} INFO - Created Permission View: can delete on DAG:example_setup_teardown
[2024-06-10T14:26:13.344+0000] {logging_mixin.py:188} INFO - [2024-06-10T14:26:13.343+0000] {override.py:1829} INFO - Created Permission View: can read on DAG:example_setup_teardown
[2024-06-10T14:26:13.355+0000] {logging_mixin.py:188} INFO - [2024-06-10T14:26:13.354+0000] {override.py:1829} INFO - Created Permission View: can edit on DAG:example_setup_teardown
[2024-06-10T14:26:13.356+0000] {logging_mixin.py:188} INFO - [2024-06-10T14:26:13.355+0000] {dag.py:3096} INFO - Sync 1 DAGs
[2024-06-10T14:26:13.380+0000] {logging_mixin.py:188} INFO - [2024-06-10T14:26:13.380+0000] {dag.py:3118} INFO - Creating ORM DAG for example_setup_teardown
[2024-06-10T14:26:13.394+0000] {logging_mixin.py:188} INFO - [2024-06-10T14:26:13.393+0000] {dag.py:3954} INFO - Setting next_dagrun for example_setup_teardown to 2024-06-09 00:00:00+00:00, run_after=2024-06-10 00:00:00+00:00
[2024-06-10T14:26:13.420+0000] {processor.py:183} INFO - Processing /home/airflow/.local/lib/python3.12/site-packages/airflow/example_dags/example_setup_teardown.py took 0.313 seconds
[2024-06-10T14:26:44.120+0000] {processor.py:161} INFO - Started process (PID=109) to work on /home/airflow/.local/lib/python3.12/site-packages/airflow/example_dags/example_setup_teardown.py
[2024-06-10T14:26:44.121+0000] {processor.py:830} INFO - Processing file /home/airflow/.local/lib/python3.12/site-packages/airflow/example_dags/example_setup_teardown.py for tasks to queue
[2024-06-10T14:26:44.123+0000] {logging_mixin.py:188} INFO - [2024-06-10T14:26:44.122+0000] {dagbag.py:545} INFO - Filling up the DagBag from /home/airflow/.local/lib/python3.12/site-packages/airflow/example_dags/example_setup_teardown.py
[2024-06-10T14:26:44.132+0000] {processor.py:840} INFO - DAG(s) 'example_setup_teardown' retrieved from /home/airflow/.local/lib/python3.12/site-packages/airflow/example_dags/example_setup_teardown.py
[2024-06-10T14:26:44.147+0000] {logging_mixin.py:188} INFO - [2024-06-10T14:26:44.147+0000] {dag.py:3096} INFO - Sync 1 DAGs
[2024-06-10T14:26:44.175+0000] {logging_mixin.py:188} INFO - [2024-06-10T14:26:44.174+0000] {dag.py:3954} INFO - Setting next_dagrun for example_setup_teardown to 2024-06-09 00:00:00+00:00, run_after=2024-06-10 00:00:00+00:00
[2024-06-10T14:26:44.196+0000] {processor.py:183} INFO - Processing /home/airflow/.local/lib/python3.12/site-packages/airflow/example_dags/example_setup_teardown.py took 0.082 seconds
[2024-06-10T14:27:14.687+0000] {processor.py:161} INFO - Started process (PID=169) to work on /home/airflow/.local/lib/python3.12/site-packages/airflow/example_dags/example_setup_teardown.py
[2024-06-10T14:27:14.688+0000] {processor.py:830} INFO - Processing file /home/airflow/.local/lib/python3.12/site-packages/airflow/example_dags/example_setup_teardown.py for tasks to queue
[2024-06-10T14:27:14.690+0000] {logging_mixin.py:188} INFO - [2024-06-10T14:27:14.690+0000] {dagbag.py:545} INFO - Filling up the DagBag from /home/airflow/.local/lib/python3.12/site-packages/airflow/example_dags/example_setup_teardown.py
[2024-06-10T14:27:14.698+0000] {processor.py:840} INFO - DAG(s) 'example_setup_teardown' retrieved from /home/airflow/.local/lib/python3.12/site-packages/airflow/example_dags/example_setup_teardown.py
[2024-06-10T14:27:14.810+0000] {logging_mixin.py:188} INFO - [2024-06-10T14:27:14.810+0000] {dag.py:3096} INFO - Sync 1 DAGs
[2024-06-10T14:27:14.832+0000] {logging_mixin.py:188} INFO - [2024-06-10T14:27:14.832+0000] {dag.py:3954} INFO - Setting next_dagrun for example_setup_teardown to 2024-06-09 00:00:00+00:00, run_after=2024-06-10 00:00:00+00:00
[2024-06-10T14:27:14.856+0000] {processor.py:183} INFO - Processing /home/airflow/.local/lib/python3.12/site-packages/airflow/example_dags/example_setup_teardown.py took 0.175 seconds
[2024-06-10T14:27:45.058+0000] {processor.py:161} INFO - Started process (PID=229) to work on /home/airflow/.local/lib/python3.12/site-packages/airflow/example_dags/example_setup_teardown.py
[2024-06-10T14:27:45.059+0000] {processor.py:830} INFO - Processing file /home/airflow/.local/lib/python3.12/site-packages/airflow/example_dags/example_setup_teardown.py for tasks to queue
[2024-06-10T14:27:45.062+0000] {logging_mixin.py:188} INFO - [2024-06-10T14:27:45.061+0000] {dagbag.py:545} INFO - Filling up the DagBag from /home/airflow/.local/lib/python3.12/site-packages/airflow/example_dags/example_setup_teardown.py
[2024-06-10T14:27:45.070+0000] {processor.py:840} INFO - DAG(s) 'example_setup_teardown' retrieved from /home/airflow/.local/lib/python3.12/site-packages/airflow/example_dags/example_setup_teardown.py
[2024-06-10T14:27:45.092+0000] {logging_mixin.py:188} INFO - [2024-06-10T14:27:45.092+0000] {dag.py:3096} INFO - Sync 1 DAGs
[2024-06-10T14:27:45.120+0000] {logging_mixin.py:188} INFO - [2024-06-10T14:27:45.120+0000] {dag.py:3954} INFO - Setting next_dagrun for example_setup_teardown to 2024-06-09 00:00:00+00:00, run_after=2024-06-10 00:00:00+00:00
[2024-06-10T14:27:45.139+0000] {processor.py:183} INFO - Processing /home/airflow/.local/lib/python3.12/site-packages/airflow/example_dags/example_setup_teardown.py took 0.089 seconds
[2024-06-10T14:28:15.420+0000] {processor.py:161} INFO - Started process (PID=288) to work on /home/airflow/.local/lib/python3.12/site-packages/airflow/example_dags/example_setup_teardown.py
[2024-06-10T14:28:15.421+0000] {processor.py:830} INFO - Processing file /home/airflow/.local/lib/python3.12/site-packages/airflow/example_dags/example_setup_teardown.py for tasks to queue
[2024-06-10T14:28:15.425+0000] {logging_mixin.py:188} INFO - [2024-06-10T14:28:15.424+0000] {dagbag.py:545} INFO - Filling up the DagBag from /home/airflow/.local/lib/python3.12/site-packages/airflow/example_dags/example_setup_teardown.py
[2024-06-10T14:28:15.433+0000] {processor.py:840} INFO - DAG(s) 'example_setup_teardown' retrieved from /home/airflow/.local/lib/python3.12/site-packages/airflow/example_dags/example_setup_teardown.py
[2024-06-10T14:28:15.456+0000] {logging_mixin.py:188} INFO - [2024-06-10T14:28:15.455+0000] {dag.py:3096} INFO - Sync 1 DAGs
[2024-06-10T14:28:15.482+0000] {logging_mixin.py:188} INFO - [2024-06-10T14:28:15.482+0000] {dag.py:3954} INFO - Setting next_dagrun for example_setup_teardown to 2024-06-09 00:00:00+00:00, run_after=2024-06-10 00:00:00+00:00
[2024-06-10T14:28:15.509+0000] {processor.py:183} INFO - Processing /home/airflow/.local/lib/python3.12/site-packages/airflow/example_dags/example_setup_teardown.py took 0.095 seconds
[2024-06-10T14:28:45.639+0000] {processor.py:161} INFO - Started process (PID=348) to work on /home/airflow/.local/lib/python3.12/site-packages/airflow/example_dags/example_setup_teardown.py
[2024-06-10T14:28:45.640+0000] {processor.py:830} INFO - Processing file /home/airflow/.local/lib/python3.12/site-packages/airflow/example_dags/example_setup_teardown.py for tasks to queue
[2024-06-10T14:28:45.642+0000] {logging_mixin.py:188} INFO - [2024-06-10T14:28:45.642+0000] {dagbag.py:545} INFO - Filling up the DagBag from /home/airflow/.local/lib/python3.12/site-packages/airflow/example_dags/example_setup_teardown.py
[2024-06-10T14:28:45.650+0000] {processor.py:840} INFO - DAG(s) 'example_setup_teardown' retrieved from /home/airflow/.local/lib/python3.12/site-packages/airflow/example_dags/example_setup_teardown.py
[2024-06-10T14:28:45.675+0000] {logging_mixin.py:188} INFO - [2024-06-10T14:28:45.674+0000] {dag.py:3096} INFO - Sync 1 DAGs
[2024-06-10T14:28:45.698+0000] {logging_mixin.py:188} INFO - [2024-06-10T14:28:45.697+0000] {dag.py:3954} INFO - Setting next_dagrun for example_setup_teardown to 2024-06-09 00:00:00+00:00, run_after=2024-06-10 00:00:00+00:00
[2024-06-10T14:28:45.723+0000] {processor.py:183} INFO - Processing /home/airflow/.local/lib/python3.12/site-packages/airflow/example_dags/example_setup_teardown.py took 0.090 seconds
