[2024-06-10T14:04:41.717+0000] {processor.py:161} INFO - Started process (PID=48) to work on /home/airflow/.local/lib/python3.12/site-packages/airflow/example_dags/example_short_circuit_operator.py
[2024-06-10T14:04:41.718+0000] {processor.py:830} INFO - Processing file /home/airflow/.local/lib/python3.12/site-packages/airflow/example_dags/example_short_circuit_operator.py for tasks to queue
[2024-06-10T14:04:41.720+0000] {logging_mixin.py:188} INFO - [2024-06-10T14:04:41.720+0000] {dagbag.py:545} INFO - Filling up the DagBag from /home/airflow/.local/lib/python3.12/site-packages/airflow/example_dags/example_short_circuit_operator.py
[2024-06-10T14:04:41.732+0000] {processor.py:840} INFO - DAG(s) 'example_short_circuit_operator' retrieved from /home/airflow/.local/lib/python3.12/site-packages/airflow/example_dags/example_short_circuit_operator.py
[2024-06-10T14:04:41.869+0000] {logging_mixin.py:188} INFO - [2024-06-10T14:04:41.869+0000] {dag.py:3096} INFO - Sync 1 DAGs
[2024-06-10T14:04:41.899+0000] {logging_mixin.py:188} INFO - [2024-06-10T14:04:41.899+0000] {dag.py:3954} INFO - Setting next_dagrun for example_short_circuit_operator to 2024-06-09 00:00:00+00:00, run_after=2024-06-10 00:00:00+00:00
[2024-06-10T14:04:41.925+0000] {processor.py:183} INFO - Processing /home/airflow/.local/lib/python3.12/site-packages/airflow/example_dags/example_short_circuit_operator.py took 0.219 seconds
[2024-06-10T14:05:12.320+0000] {processor.py:161} INFO - Started process (PID=115) to work on /home/airflow/.local/lib/python3.12/site-packages/airflow/example_dags/example_short_circuit_operator.py
[2024-06-10T14:05:12.321+0000] {processor.py:830} INFO - Processing file /home/airflow/.local/lib/python3.12/site-packages/airflow/example_dags/example_short_circuit_operator.py for tasks to queue
[2024-06-10T14:05:12.324+0000] {logging_mixin.py:188} INFO - [2024-06-10T14:05:12.323+0000] {dagbag.py:545} INFO - Filling up the DagBag from /home/airflow/.local/lib/python3.12/site-packages/airflow/example_dags/example_short_circuit_operator.py
[2024-06-10T14:05:12.331+0000] {processor.py:840} INFO - DAG(s) 'example_short_circuit_operator' retrieved from /home/airflow/.local/lib/python3.12/site-packages/airflow/example_dags/example_short_circuit_operator.py
[2024-06-10T14:05:12.358+0000] {logging_mixin.py:188} INFO - [2024-06-10T14:05:12.358+0000] {dag.py:3096} INFO - Sync 1 DAGs
[2024-06-10T14:05:12.384+0000] {logging_mixin.py:188} INFO - [2024-06-10T14:05:12.383+0000] {dag.py:3954} INFO - Setting next_dagrun for example_short_circuit_operator to 2024-06-09 00:00:00+00:00, run_after=2024-06-10 00:00:00+00:00
[2024-06-10T14:05:12.406+0000] {processor.py:183} INFO - Processing /home/airflow/.local/lib/python3.12/site-packages/airflow/example_dags/example_short_circuit_operator.py took 0.092 seconds
[2024-06-10T14:05:42.833+0000] {processor.py:161} INFO - Started process (PID=184) to work on /home/airflow/.local/lib/python3.12/site-packages/airflow/example_dags/example_short_circuit_operator.py
[2024-06-10T14:05:42.834+0000] {processor.py:830} INFO - Processing file /home/airflow/.local/lib/python3.12/site-packages/airflow/example_dags/example_short_circuit_operator.py for tasks to queue
[2024-06-10T14:05:42.838+0000] {logging_mixin.py:188} INFO - [2024-06-10T14:05:42.837+0000] {dagbag.py:545} INFO - Filling up the DagBag from /home/airflow/.local/lib/python3.12/site-packages/airflow/example_dags/example_short_circuit_operator.py
[2024-06-10T14:05:42.846+0000] {processor.py:840} INFO - DAG(s) 'example_short_circuit_operator' retrieved from /home/airflow/.local/lib/python3.12/site-packages/airflow/example_dags/example_short_circuit_operator.py
[2024-06-10T14:05:42.872+0000] {logging_mixin.py:188} INFO - [2024-06-10T14:05:42.872+0000] {dag.py:3096} INFO - Sync 1 DAGs
[2024-06-10T14:05:42.896+0000] {logging_mixin.py:188} INFO - [2024-06-10T14:05:42.896+0000] {dag.py:3954} INFO - Setting next_dagrun for example_short_circuit_operator to 2024-06-09 00:00:00+00:00, run_after=2024-06-10 00:00:00+00:00
[2024-06-10T14:05:42.920+0000] {processor.py:183} INFO - Processing /home/airflow/.local/lib/python3.12/site-packages/airflow/example_dags/example_short_circuit_operator.py took 0.093 seconds
[2024-06-10T14:06:13.993+0000] {processor.py:161} INFO - Started process (PID=253) to work on /home/airflow/.local/lib/python3.12/site-packages/airflow/example_dags/example_short_circuit_operator.py
[2024-06-10T14:06:13.995+0000] {processor.py:830} INFO - Processing file /home/airflow/.local/lib/python3.12/site-packages/airflow/example_dags/example_short_circuit_operator.py for tasks to queue
[2024-06-10T14:06:13.998+0000] {logging_mixin.py:188} INFO - [2024-06-10T14:06:13.997+0000] {dagbag.py:545} INFO - Filling up the DagBag from /home/airflow/.local/lib/python3.12/site-packages/airflow/example_dags/example_short_circuit_operator.py
[2024-06-10T14:06:14.005+0000] {processor.py:840} INFO - DAG(s) 'example_short_circuit_operator' retrieved from /home/airflow/.local/lib/python3.12/site-packages/airflow/example_dags/example_short_circuit_operator.py
[2024-06-10T14:06:14.019+0000] {logging_mixin.py:188} INFO - [2024-06-10T14:06:14.019+0000] {dag.py:3096} INFO - Sync 1 DAGs
[2024-06-10T14:06:14.041+0000] {logging_mixin.py:188} INFO - [2024-06-10T14:06:14.041+0000] {dag.py:3954} INFO - Setting next_dagrun for example_short_circuit_operator to 2024-06-09 00:00:00+00:00, run_after=2024-06-10 00:00:00+00:00
[2024-06-10T14:06:14.061+0000] {processor.py:183} INFO - Processing /home/airflow/.local/lib/python3.12/site-packages/airflow/example_dags/example_short_circuit_operator.py took 0.073 seconds
[2024-06-10T14:07:12.016+0000] {processor.py:161} INFO - Started process (PID=40) to work on /home/airflow/.local/lib/python3.12/site-packages/airflow/example_dags/example_short_circuit_operator.py
[2024-06-10T14:07:12.017+0000] {processor.py:830} INFO - Processing file /home/airflow/.local/lib/python3.12/site-packages/airflow/example_dags/example_short_circuit_operator.py for tasks to queue
[2024-06-10T14:07:12.021+0000] {logging_mixin.py:188} INFO - [2024-06-10T14:07:12.020+0000] {dagbag.py:545} INFO - Filling up the DagBag from /home/airflow/.local/lib/python3.12/site-packages/airflow/example_dags/example_short_circuit_operator.py
[2024-06-10T14:07:12.031+0000] {processor.py:840} INFO - DAG(s) 'example_short_circuit_operator' retrieved from /home/airflow/.local/lib/python3.12/site-packages/airflow/example_dags/example_short_circuit_operator.py
[2024-06-10T14:07:13.034+0000] {logging_mixin.py:188} INFO - [2024-06-10T14:07:13.034+0000] {dag.py:3096} INFO - Sync 1 DAGs
[2024-06-10T14:07:13.071+0000] {logging_mixin.py:188} INFO - [2024-06-10T14:07:13.071+0000] {dag.py:3954} INFO - Setting next_dagrun for example_short_circuit_operator to 2024-06-09 00:00:00+00:00, run_after=2024-06-10 00:00:00+00:00
[2024-06-10T14:07:13.108+0000] {processor.py:183} INFO - Processing /home/airflow/.local/lib/python3.12/site-packages/airflow/example_dags/example_short_circuit_operator.py took 1.106 seconds
[2024-06-10T14:07:43.496+0000] {processor.py:161} INFO - Started process (PID=109) to work on /home/airflow/.local/lib/python3.12/site-packages/airflow/example_dags/example_short_circuit_operator.py
[2024-06-10T14:07:43.497+0000] {processor.py:830} INFO - Processing file /home/airflow/.local/lib/python3.12/site-packages/airflow/example_dags/example_short_circuit_operator.py for tasks to queue
[2024-06-10T14:07:43.500+0000] {logging_mixin.py:188} INFO - [2024-06-10T14:07:43.499+0000] {dagbag.py:545} INFO - Filling up the DagBag from /home/airflow/.local/lib/python3.12/site-packages/airflow/example_dags/example_short_circuit_operator.py
[2024-06-10T14:07:43.509+0000] {processor.py:840} INFO - DAG(s) 'example_short_circuit_operator' retrieved from /home/airflow/.local/lib/python3.12/site-packages/airflow/example_dags/example_short_circuit_operator.py
[2024-06-10T14:07:43.541+0000] {logging_mixin.py:188} INFO - [2024-06-10T14:07:43.540+0000] {dag.py:3096} INFO - Sync 1 DAGs
[2024-06-10T14:07:43.577+0000] {logging_mixin.py:188} INFO - [2024-06-10T14:07:43.577+0000] {dag.py:3954} INFO - Setting next_dagrun for example_short_circuit_operator to 2024-06-09 00:00:00+00:00, run_after=2024-06-10 00:00:00+00:00
[2024-06-10T14:07:43.602+0000] {processor.py:183} INFO - Processing /home/airflow/.local/lib/python3.12/site-packages/airflow/example_dags/example_short_circuit_operator.py took 0.112 seconds
[2024-06-10T14:08:14.451+0000] {processor.py:161} INFO - Started process (PID=178) to work on /home/airflow/.local/lib/python3.12/site-packages/airflow/example_dags/example_short_circuit_operator.py
[2024-06-10T14:08:14.452+0000] {processor.py:830} INFO - Processing file /home/airflow/.local/lib/python3.12/site-packages/airflow/example_dags/example_short_circuit_operator.py for tasks to queue
[2024-06-10T14:08:14.454+0000] {logging_mixin.py:188} INFO - [2024-06-10T14:08:14.454+0000] {dagbag.py:545} INFO - Filling up the DagBag from /home/airflow/.local/lib/python3.12/site-packages/airflow/example_dags/example_short_circuit_operator.py
[2024-06-10T14:08:14.473+0000] {processor.py:840} INFO - DAG(s) 'example_short_circuit_operator' retrieved from /home/airflow/.local/lib/python3.12/site-packages/airflow/example_dags/example_short_circuit_operator.py
[2024-06-10T14:08:14.530+0000] {logging_mixin.py:188} INFO - [2024-06-10T14:08:14.519+0000] {dag.py:3096} INFO - Sync 1 DAGs
[2024-06-10T14:08:14.582+0000] {logging_mixin.py:188} INFO - [2024-06-10T14:08:14.582+0000] {dag.py:3954} INFO - Setting next_dagrun for example_short_circuit_operator to 2024-06-09 00:00:00+00:00, run_after=2024-06-10 00:00:00+00:00
[2024-06-10T14:08:14.600+0000] {processor.py:183} INFO - Processing /home/airflow/.local/lib/python3.12/site-packages/airflow/example_dags/example_short_circuit_operator.py took 0.156 seconds
[2024-06-10T14:08:45.042+0000] {processor.py:161} INFO - Started process (PID=247) to work on /home/airflow/.local/lib/python3.12/site-packages/airflow/example_dags/example_short_circuit_operator.py
[2024-06-10T14:08:45.043+0000] {processor.py:830} INFO - Processing file /home/airflow/.local/lib/python3.12/site-packages/airflow/example_dags/example_short_circuit_operator.py for tasks to queue
[2024-06-10T14:08:45.046+0000] {logging_mixin.py:188} INFO - [2024-06-10T14:08:45.045+0000] {dagbag.py:545} INFO - Filling up the DagBag from /home/airflow/.local/lib/python3.12/site-packages/airflow/example_dags/example_short_circuit_operator.py
[2024-06-10T14:08:45.054+0000] {processor.py:840} INFO - DAG(s) 'example_short_circuit_operator' retrieved from /home/airflow/.local/lib/python3.12/site-packages/airflow/example_dags/example_short_circuit_operator.py
[2024-06-10T14:08:45.080+0000] {logging_mixin.py:188} INFO - [2024-06-10T14:08:45.079+0000] {dag.py:3096} INFO - Sync 1 DAGs
[2024-06-10T14:08:45.104+0000] {logging_mixin.py:188} INFO - [2024-06-10T14:08:45.103+0000] {dag.py:3954} INFO - Setting next_dagrun for example_short_circuit_operator to 2024-06-09 00:00:00+00:00, run_after=2024-06-10 00:00:00+00:00
[2024-06-10T14:08:45.126+0000] {processor.py:183} INFO - Processing /home/airflow/.local/lib/python3.12/site-packages/airflow/example_dags/example_short_circuit_operator.py took 0.090 seconds
[2024-06-10T14:09:15.749+0000] {processor.py:161} INFO - Started process (PID=316) to work on /home/airflow/.local/lib/python3.12/site-packages/airflow/example_dags/example_short_circuit_operator.py
[2024-06-10T14:09:15.751+0000] {processor.py:830} INFO - Processing file /home/airflow/.local/lib/python3.12/site-packages/airflow/example_dags/example_short_circuit_operator.py for tasks to queue
[2024-06-10T14:09:15.753+0000] {logging_mixin.py:188} INFO - [2024-06-10T14:09:15.753+0000] {dagbag.py:545} INFO - Filling up the DagBag from /home/airflow/.local/lib/python3.12/site-packages/airflow/example_dags/example_short_circuit_operator.py
[2024-06-10T14:09:15.762+0000] {processor.py:840} INFO - DAG(s) 'example_short_circuit_operator' retrieved from /home/airflow/.local/lib/python3.12/site-packages/airflow/example_dags/example_short_circuit_operator.py
[2024-06-10T14:09:15.790+0000] {logging_mixin.py:188} INFO - [2024-06-10T14:09:15.789+0000] {dag.py:3096} INFO - Sync 1 DAGs
[2024-06-10T14:09:15.820+0000] {logging_mixin.py:188} INFO - [2024-06-10T14:09:15.819+0000] {dag.py:3954} INFO - Setting next_dagrun for example_short_circuit_operator to 2024-06-09 00:00:00+00:00, run_after=2024-06-10 00:00:00+00:00
[2024-06-10T14:09:15.846+0000] {processor.py:183} INFO - Processing /home/airflow/.local/lib/python3.12/site-packages/airflow/example_dags/example_short_circuit_operator.py took 0.102 seconds
[2024-06-10T14:09:46.629+0000] {processor.py:161} INFO - Started process (PID=385) to work on /home/airflow/.local/lib/python3.12/site-packages/airflow/example_dags/example_short_circuit_operator.py
[2024-06-10T14:09:46.631+0000] {processor.py:830} INFO - Processing file /home/airflow/.local/lib/python3.12/site-packages/airflow/example_dags/example_short_circuit_operator.py for tasks to queue
[2024-06-10T14:09:46.634+0000] {logging_mixin.py:188} INFO - [2024-06-10T14:09:46.633+0000] {dagbag.py:545} INFO - Filling up the DagBag from /home/airflow/.local/lib/python3.12/site-packages/airflow/example_dags/example_short_circuit_operator.py
[2024-06-10T14:09:46.644+0000] {processor.py:840} INFO - DAG(s) 'example_short_circuit_operator' retrieved from /home/airflow/.local/lib/python3.12/site-packages/airflow/example_dags/example_short_circuit_operator.py
[2024-06-10T14:09:46.675+0000] {logging_mixin.py:188} INFO - [2024-06-10T14:09:46.675+0000] {dag.py:3096} INFO - Sync 1 DAGs
[2024-06-10T14:09:46.706+0000] {logging_mixin.py:188} INFO - [2024-06-10T14:09:46.706+0000] {dag.py:3954} INFO - Setting next_dagrun for example_short_circuit_operator to 2024-06-09 00:00:00+00:00, run_after=2024-06-10 00:00:00+00:00
[2024-06-10T14:09:46.874+0000] {processor.py:183} INFO - Processing /home/airflow/.local/lib/python3.12/site-packages/airflow/example_dags/example_short_circuit_operator.py took 0.251 seconds
[2024-06-10T14:10:17.772+0000] {processor.py:161} INFO - Started process (PID=454) to work on /home/airflow/.local/lib/python3.12/site-packages/airflow/example_dags/example_short_circuit_operator.py
[2024-06-10T14:10:17.773+0000] {processor.py:830} INFO - Processing file /home/airflow/.local/lib/python3.12/site-packages/airflow/example_dags/example_short_circuit_operator.py for tasks to queue
[2024-06-10T14:10:17.777+0000] {logging_mixin.py:188} INFO - [2024-06-10T14:10:17.776+0000] {dagbag.py:545} INFO - Filling up the DagBag from /home/airflow/.local/lib/python3.12/site-packages/airflow/example_dags/example_short_circuit_operator.py
[2024-06-10T14:10:17.786+0000] {processor.py:840} INFO - DAG(s) 'example_short_circuit_operator' retrieved from /home/airflow/.local/lib/python3.12/site-packages/airflow/example_dags/example_short_circuit_operator.py
[2024-06-10T14:10:17.810+0000] {logging_mixin.py:188} INFO - [2024-06-10T14:10:17.810+0000] {dag.py:3096} INFO - Sync 1 DAGs
[2024-06-10T14:10:17.833+0000] {logging_mixin.py:188} INFO - [2024-06-10T14:10:17.833+0000] {dag.py:3954} INFO - Setting next_dagrun for example_short_circuit_operator to 2024-06-09 00:00:00+00:00, run_after=2024-06-10 00:00:00+00:00
[2024-06-10T14:10:17.854+0000] {processor.py:183} INFO - Processing /home/airflow/.local/lib/python3.12/site-packages/airflow/example_dags/example_short_circuit_operator.py took 0.088 seconds
[2024-06-10T14:10:48.432+0000] {processor.py:161} INFO - Started process (PID=523) to work on /home/airflow/.local/lib/python3.12/site-packages/airflow/example_dags/example_short_circuit_operator.py
[2024-06-10T14:10:48.433+0000] {processor.py:830} INFO - Processing file /home/airflow/.local/lib/python3.12/site-packages/airflow/example_dags/example_short_circuit_operator.py for tasks to queue
[2024-06-10T14:10:48.436+0000] {logging_mixin.py:188} INFO - [2024-06-10T14:10:48.435+0000] {dagbag.py:545} INFO - Filling up the DagBag from /home/airflow/.local/lib/python3.12/site-packages/airflow/example_dags/example_short_circuit_operator.py
[2024-06-10T14:10:48.445+0000] {processor.py:840} INFO - DAG(s) 'example_short_circuit_operator' retrieved from /home/airflow/.local/lib/python3.12/site-packages/airflow/example_dags/example_short_circuit_operator.py
[2024-06-10T14:10:48.475+0000] {logging_mixin.py:188} INFO - [2024-06-10T14:10:48.475+0000] {dag.py:3096} INFO - Sync 1 DAGs
[2024-06-10T14:10:48.518+0000] {logging_mixin.py:188} INFO - [2024-06-10T14:10:48.517+0000] {dag.py:3954} INFO - Setting next_dagrun for example_short_circuit_operator to 2024-06-09 00:00:00+00:00, run_after=2024-06-10 00:00:00+00:00
[2024-06-10T14:10:48.719+0000] {processor.py:183} INFO - Processing /home/airflow/.local/lib/python3.12/site-packages/airflow/example_dags/example_short_circuit_operator.py took 0.294 seconds
[2024-06-10T14:11:18.942+0000] {processor.py:161} INFO - Started process (PID=592) to work on /home/airflow/.local/lib/python3.12/site-packages/airflow/example_dags/example_short_circuit_operator.py
[2024-06-10T14:11:18.944+0000] {processor.py:830} INFO - Processing file /home/airflow/.local/lib/python3.12/site-packages/airflow/example_dags/example_short_circuit_operator.py for tasks to queue
[2024-06-10T14:11:18.946+0000] {logging_mixin.py:188} INFO - [2024-06-10T14:11:18.946+0000] {dagbag.py:545} INFO - Filling up the DagBag from /home/airflow/.local/lib/python3.12/site-packages/airflow/example_dags/example_short_circuit_operator.py
[2024-06-10T14:11:18.953+0000] {processor.py:840} INFO - DAG(s) 'example_short_circuit_operator' retrieved from /home/airflow/.local/lib/python3.12/site-packages/airflow/example_dags/example_short_circuit_operator.py
[2024-06-10T14:11:18.976+0000] {logging_mixin.py:188} INFO - [2024-06-10T14:11:18.975+0000] {dag.py:3096} INFO - Sync 1 DAGs
[2024-06-10T14:11:18.996+0000] {logging_mixin.py:188} INFO - [2024-06-10T14:11:18.995+0000] {dag.py:3954} INFO - Setting next_dagrun for example_short_circuit_operator to 2024-06-09 00:00:00+00:00, run_after=2024-06-10 00:00:00+00:00
[2024-06-10T14:11:19.015+0000] {processor.py:183} INFO - Processing /home/airflow/.local/lib/python3.12/site-packages/airflow/example_dags/example_short_circuit_operator.py took 0.078 seconds
[2024-06-10T14:11:49.436+0000] {processor.py:161} INFO - Started process (PID=661) to work on /home/airflow/.local/lib/python3.12/site-packages/airflow/example_dags/example_short_circuit_operator.py
[2024-06-10T14:11:49.437+0000] {processor.py:830} INFO - Processing file /home/airflow/.local/lib/python3.12/site-packages/airflow/example_dags/example_short_circuit_operator.py for tasks to queue
[2024-06-10T14:11:49.439+0000] {logging_mixin.py:188} INFO - [2024-06-10T14:11:49.439+0000] {dagbag.py:545} INFO - Filling up the DagBag from /home/airflow/.local/lib/python3.12/site-packages/airflow/example_dags/example_short_circuit_operator.py
[2024-06-10T14:11:49.446+0000] {processor.py:840} INFO - DAG(s) 'example_short_circuit_operator' retrieved from /home/airflow/.local/lib/python3.12/site-packages/airflow/example_dags/example_short_circuit_operator.py
[2024-06-10T14:11:49.470+0000] {logging_mixin.py:188} INFO - [2024-06-10T14:11:49.470+0000] {dag.py:3096} INFO - Sync 1 DAGs
[2024-06-10T14:11:49.489+0000] {logging_mixin.py:188} INFO - [2024-06-10T14:11:49.489+0000] {dag.py:3954} INFO - Setting next_dagrun for example_short_circuit_operator to 2024-06-09 00:00:00+00:00, run_after=2024-06-10 00:00:00+00:00
[2024-06-10T14:11:49.511+0000] {processor.py:183} INFO - Processing /home/airflow/.local/lib/python3.12/site-packages/airflow/example_dags/example_short_circuit_operator.py took 0.081 seconds
[2024-06-10T14:12:19.955+0000] {processor.py:161} INFO - Started process (PID=730) to work on /home/airflow/.local/lib/python3.12/site-packages/airflow/example_dags/example_short_circuit_operator.py
[2024-06-10T14:12:19.957+0000] {processor.py:830} INFO - Processing file /home/airflow/.local/lib/python3.12/site-packages/airflow/example_dags/example_short_circuit_operator.py for tasks to queue
[2024-06-10T14:12:19.968+0000] {logging_mixin.py:188} INFO - [2024-06-10T14:12:19.967+0000] {dagbag.py:545} INFO - Filling up the DagBag from /home/airflow/.local/lib/python3.12/site-packages/airflow/example_dags/example_short_circuit_operator.py
[2024-06-10T14:12:19.988+0000] {processor.py:840} INFO - DAG(s) 'example_short_circuit_operator' retrieved from /home/airflow/.local/lib/python3.12/site-packages/airflow/example_dags/example_short_circuit_operator.py
[2024-06-10T14:12:20.041+0000] {logging_mixin.py:188} INFO - [2024-06-10T14:12:20.040+0000] {dag.py:3096} INFO - Sync 1 DAGs
[2024-06-10T14:12:20.077+0000] {logging_mixin.py:188} INFO - [2024-06-10T14:12:20.076+0000] {dag.py:3954} INFO - Setting next_dagrun for example_short_circuit_operator to 2024-06-09 00:00:00+00:00, run_after=2024-06-10 00:00:00+00:00
[2024-06-10T14:12:20.219+0000] {processor.py:183} INFO - Processing /home/airflow/.local/lib/python3.12/site-packages/airflow/example_dags/example_short_circuit_operator.py took 0.272 seconds
[2024-06-10T14:12:50.833+0000] {processor.py:161} INFO - Started process (PID=799) to work on /home/airflow/.local/lib/python3.12/site-packages/airflow/example_dags/example_short_circuit_operator.py
[2024-06-10T14:12:50.834+0000] {processor.py:830} INFO - Processing file /home/airflow/.local/lib/python3.12/site-packages/airflow/example_dags/example_short_circuit_operator.py for tasks to queue
[2024-06-10T14:12:50.837+0000] {logging_mixin.py:188} INFO - [2024-06-10T14:12:50.836+0000] {dagbag.py:545} INFO - Filling up the DagBag from /home/airflow/.local/lib/python3.12/site-packages/airflow/example_dags/example_short_circuit_operator.py
[2024-06-10T14:12:50.845+0000] {processor.py:840} INFO - DAG(s) 'example_short_circuit_operator' retrieved from /home/airflow/.local/lib/python3.12/site-packages/airflow/example_dags/example_short_circuit_operator.py
[2024-06-10T14:12:51.003+0000] {logging_mixin.py:188} INFO - [2024-06-10T14:12:51.002+0000] {dag.py:3096} INFO - Sync 1 DAGs
[2024-06-10T14:12:51.025+0000] {logging_mixin.py:188} INFO - [2024-06-10T14:12:51.025+0000] {dag.py:3954} INFO - Setting next_dagrun for example_short_circuit_operator to 2024-06-09 00:00:00+00:00, run_after=2024-06-10 00:00:00+00:00
[2024-06-10T14:12:51.044+0000] {processor.py:183} INFO - Processing /home/airflow/.local/lib/python3.12/site-packages/airflow/example_dags/example_short_circuit_operator.py took 0.218 seconds
[2024-06-10T14:13:21.999+0000] {processor.py:161} INFO - Started process (PID=868) to work on /home/airflow/.local/lib/python3.12/site-packages/airflow/example_dags/example_short_circuit_operator.py
[2024-06-10T14:13:22.001+0000] {processor.py:830} INFO - Processing file /home/airflow/.local/lib/python3.12/site-packages/airflow/example_dags/example_short_circuit_operator.py for tasks to queue
[2024-06-10T14:13:22.003+0000] {logging_mixin.py:188} INFO - [2024-06-10T14:13:22.002+0000] {dagbag.py:545} INFO - Filling up the DagBag from /home/airflow/.local/lib/python3.12/site-packages/airflow/example_dags/example_short_circuit_operator.py
[2024-06-10T14:13:22.014+0000] {processor.py:840} INFO - DAG(s) 'example_short_circuit_operator' retrieved from /home/airflow/.local/lib/python3.12/site-packages/airflow/example_dags/example_short_circuit_operator.py
[2024-06-10T14:13:22.048+0000] {logging_mixin.py:188} INFO - [2024-06-10T14:13:22.048+0000] {dag.py:3096} INFO - Sync 1 DAGs
[2024-06-10T14:13:22.087+0000] {logging_mixin.py:188} INFO - [2024-06-10T14:13:22.087+0000] {dag.py:3954} INFO - Setting next_dagrun for example_short_circuit_operator to 2024-06-09 00:00:00+00:00, run_after=2024-06-10 00:00:00+00:00
[2024-06-10T14:13:22.117+0000] {processor.py:183} INFO - Processing /home/airflow/.local/lib/python3.12/site-packages/airflow/example_dags/example_short_circuit_operator.py took 0.124 seconds
[2024-06-10T14:13:52.936+0000] {processor.py:161} INFO - Started process (PID=937) to work on /home/airflow/.local/lib/python3.12/site-packages/airflow/example_dags/example_short_circuit_operator.py
[2024-06-10T14:13:52.937+0000] {processor.py:830} INFO - Processing file /home/airflow/.local/lib/python3.12/site-packages/airflow/example_dags/example_short_circuit_operator.py for tasks to queue
[2024-06-10T14:13:52.939+0000] {logging_mixin.py:188} INFO - [2024-06-10T14:13:52.939+0000] {dagbag.py:545} INFO - Filling up the DagBag from /home/airflow/.local/lib/python3.12/site-packages/airflow/example_dags/example_short_circuit_operator.py
[2024-06-10T14:13:52.947+0000] {processor.py:840} INFO - DAG(s) 'example_short_circuit_operator' retrieved from /home/airflow/.local/lib/python3.12/site-packages/airflow/example_dags/example_short_circuit_operator.py
[2024-06-10T14:13:52.972+0000] {logging_mixin.py:188} INFO - [2024-06-10T14:13:52.972+0000] {dag.py:3096} INFO - Sync 1 DAGs
[2024-06-10T14:13:52.992+0000] {logging_mixin.py:188} INFO - [2024-06-10T14:13:52.992+0000] {dag.py:3954} INFO - Setting next_dagrun for example_short_circuit_operator to 2024-06-09 00:00:00+00:00, run_after=2024-06-10 00:00:00+00:00
[2024-06-10T14:13:53.011+0000] {processor.py:183} INFO - Processing /home/airflow/.local/lib/python3.12/site-packages/airflow/example_dags/example_short_circuit_operator.py took 0.080 seconds
[2024-06-10T14:14:23.895+0000] {processor.py:161} INFO - Started process (PID=1006) to work on /home/airflow/.local/lib/python3.12/site-packages/airflow/example_dags/example_short_circuit_operator.py
[2024-06-10T14:14:23.897+0000] {processor.py:830} INFO - Processing file /home/airflow/.local/lib/python3.12/site-packages/airflow/example_dags/example_short_circuit_operator.py for tasks to queue
[2024-06-10T14:14:23.899+0000] {logging_mixin.py:188} INFO - [2024-06-10T14:14:23.898+0000] {dagbag.py:545} INFO - Filling up the DagBag from /home/airflow/.local/lib/python3.12/site-packages/airflow/example_dags/example_short_circuit_operator.py
[2024-06-10T14:14:23.909+0000] {processor.py:840} INFO - DAG(s) 'example_short_circuit_operator' retrieved from /home/airflow/.local/lib/python3.12/site-packages/airflow/example_dags/example_short_circuit_operator.py
[2024-06-10T14:14:23.944+0000] {logging_mixin.py:188} INFO - [2024-06-10T14:14:23.943+0000] {dag.py:3096} INFO - Sync 1 DAGs
[2024-06-10T14:14:23.972+0000] {logging_mixin.py:188} INFO - [2024-06-10T14:14:23.972+0000] {dag.py:3954} INFO - Setting next_dagrun for example_short_circuit_operator to 2024-06-09 00:00:00+00:00, run_after=2024-06-10 00:00:00+00:00
[2024-06-10T14:14:23.996+0000] {processor.py:183} INFO - Processing /home/airflow/.local/lib/python3.12/site-packages/airflow/example_dags/example_short_circuit_operator.py took 0.106 seconds
[2024-06-10T14:14:54.116+0000] {processor.py:161} INFO - Started process (PID=1075) to work on /home/airflow/.local/lib/python3.12/site-packages/airflow/example_dags/example_short_circuit_operator.py
[2024-06-10T14:14:54.117+0000] {processor.py:830} INFO - Processing file /home/airflow/.local/lib/python3.12/site-packages/airflow/example_dags/example_short_circuit_operator.py for tasks to queue
[2024-06-10T14:14:54.119+0000] {logging_mixin.py:188} INFO - [2024-06-10T14:14:54.119+0000] {dagbag.py:545} INFO - Filling up the DagBag from /home/airflow/.local/lib/python3.12/site-packages/airflow/example_dags/example_short_circuit_operator.py
[2024-06-10T14:14:54.130+0000] {processor.py:840} INFO - DAG(s) 'example_short_circuit_operator' retrieved from /home/airflow/.local/lib/python3.12/site-packages/airflow/example_dags/example_short_circuit_operator.py
[2024-06-10T14:14:54.156+0000] {logging_mixin.py:188} INFO - [2024-06-10T14:14:54.156+0000] {dag.py:3096} INFO - Sync 1 DAGs
[2024-06-10T14:14:54.176+0000] {logging_mixin.py:188} INFO - [2024-06-10T14:14:54.175+0000] {dag.py:3954} INFO - Setting next_dagrun for example_short_circuit_operator to 2024-06-09 00:00:00+00:00, run_after=2024-06-10 00:00:00+00:00
[2024-06-10T14:14:54.200+0000] {processor.py:183} INFO - Processing /home/airflow/.local/lib/python3.12/site-packages/airflow/example_dags/example_short_circuit_operator.py took 0.090 seconds
[2024-06-10T14:15:24.638+0000] {processor.py:161} INFO - Started process (PID=1150) to work on /home/airflow/.local/lib/python3.12/site-packages/airflow/example_dags/example_short_circuit_operator.py
[2024-06-10T14:15:24.639+0000] {processor.py:830} INFO - Processing file /home/airflow/.local/lib/python3.12/site-packages/airflow/example_dags/example_short_circuit_operator.py for tasks to queue
[2024-06-10T14:15:24.640+0000] {logging_mixin.py:188} INFO - [2024-06-10T14:15:24.640+0000] {dagbag.py:545} INFO - Filling up the DagBag from /home/airflow/.local/lib/python3.12/site-packages/airflow/example_dags/example_short_circuit_operator.py
[2024-06-10T14:15:24.647+0000] {processor.py:840} INFO - DAG(s) 'example_short_circuit_operator' retrieved from /home/airflow/.local/lib/python3.12/site-packages/airflow/example_dags/example_short_circuit_operator.py
[2024-06-10T14:15:24.672+0000] {logging_mixin.py:188} INFO - [2024-06-10T14:15:24.672+0000] {dag.py:3096} INFO - Sync 1 DAGs
[2024-06-10T14:15:24.695+0000] {logging_mixin.py:188} INFO - [2024-06-10T14:15:24.695+0000] {dag.py:3954} INFO - Setting next_dagrun for example_short_circuit_operator to 2024-06-09 00:00:00+00:00, run_after=2024-06-10 00:00:00+00:00
[2024-06-10T14:15:24.715+0000] {processor.py:183} INFO - Processing /home/airflow/.local/lib/python3.12/site-packages/airflow/example_dags/example_short_circuit_operator.py took 0.083 seconds
[2024-06-10T14:15:54.782+0000] {processor.py:161} INFO - Started process (PID=1210) to work on /home/airflow/.local/lib/python3.12/site-packages/airflow/example_dags/example_short_circuit_operator.py
[2024-06-10T14:15:54.783+0000] {processor.py:830} INFO - Processing file /home/airflow/.local/lib/python3.12/site-packages/airflow/example_dags/example_short_circuit_operator.py for tasks to queue
[2024-06-10T14:15:54.784+0000] {logging_mixin.py:188} INFO - [2024-06-10T14:15:54.784+0000] {dagbag.py:545} INFO - Filling up the DagBag from /home/airflow/.local/lib/python3.12/site-packages/airflow/example_dags/example_short_circuit_operator.py
[2024-06-10T14:15:54.793+0000] {processor.py:840} INFO - DAG(s) 'example_short_circuit_operator' retrieved from /home/airflow/.local/lib/python3.12/site-packages/airflow/example_dags/example_short_circuit_operator.py
[2024-06-10T14:15:54.818+0000] {logging_mixin.py:188} INFO - [2024-06-10T14:15:54.818+0000] {dag.py:3096} INFO - Sync 1 DAGs
[2024-06-10T14:15:54.839+0000] {logging_mixin.py:188} INFO - [2024-06-10T14:15:54.839+0000] {dag.py:3954} INFO - Setting next_dagrun for example_short_circuit_operator to 2024-06-09 00:00:00+00:00, run_after=2024-06-10 00:00:00+00:00
[2024-06-10T14:15:54.860+0000] {processor.py:183} INFO - Processing /home/airflow/.local/lib/python3.12/site-packages/airflow/example_dags/example_short_circuit_operator.py took 0.083 seconds
[2024-06-10T14:16:25.326+0000] {processor.py:161} INFO - Started process (PID=1270) to work on /home/airflow/.local/lib/python3.12/site-packages/airflow/example_dags/example_short_circuit_operator.py
[2024-06-10T14:16:25.328+0000] {processor.py:830} INFO - Processing file /home/airflow/.local/lib/python3.12/site-packages/airflow/example_dags/example_short_circuit_operator.py for tasks to queue
[2024-06-10T14:16:25.329+0000] {logging_mixin.py:188} INFO - [2024-06-10T14:16:25.329+0000] {dagbag.py:545} INFO - Filling up the DagBag from /home/airflow/.local/lib/python3.12/site-packages/airflow/example_dags/example_short_circuit_operator.py
[2024-06-10T14:16:25.336+0000] {processor.py:840} INFO - DAG(s) 'example_short_circuit_operator' retrieved from /home/airflow/.local/lib/python3.12/site-packages/airflow/example_dags/example_short_circuit_operator.py
[2024-06-10T14:16:25.359+0000] {logging_mixin.py:188} INFO - [2024-06-10T14:16:25.359+0000] {dag.py:3096} INFO - Sync 1 DAGs
[2024-06-10T14:16:25.379+0000] {logging_mixin.py:188} INFO - [2024-06-10T14:16:25.379+0000] {dag.py:3954} INFO - Setting next_dagrun for example_short_circuit_operator to 2024-06-09 00:00:00+00:00, run_after=2024-06-10 00:00:00+00:00
[2024-06-10T14:16:25.412+0000] {processor.py:183} INFO - Processing /home/airflow/.local/lib/python3.12/site-packages/airflow/example_dags/example_short_circuit_operator.py took 0.090 seconds
[2024-06-10T14:16:55.540+0000] {processor.py:161} INFO - Started process (PID=1330) to work on /home/airflow/.local/lib/python3.12/site-packages/airflow/example_dags/example_short_circuit_operator.py
[2024-06-10T14:16:55.542+0000] {processor.py:830} INFO - Processing file /home/airflow/.local/lib/python3.12/site-packages/airflow/example_dags/example_short_circuit_operator.py for tasks to queue
[2024-06-10T14:16:55.543+0000] {logging_mixin.py:188} INFO - [2024-06-10T14:16:55.543+0000] {dagbag.py:545} INFO - Filling up the DagBag from /home/airflow/.local/lib/python3.12/site-packages/airflow/example_dags/example_short_circuit_operator.py
[2024-06-10T14:16:55.552+0000] {processor.py:840} INFO - DAG(s) 'example_short_circuit_operator' retrieved from /home/airflow/.local/lib/python3.12/site-packages/airflow/example_dags/example_short_circuit_operator.py
[2024-06-10T14:16:55.564+0000] {logging_mixin.py:188} INFO - [2024-06-10T14:16:55.563+0000] {dag.py:3096} INFO - Sync 1 DAGs
[2024-06-10T14:16:55.587+0000] {logging_mixin.py:188} INFO - [2024-06-10T14:16:55.587+0000] {dag.py:3954} INFO - Setting next_dagrun for example_short_circuit_operator to 2024-06-09 00:00:00+00:00, run_after=2024-06-10 00:00:00+00:00
[2024-06-10T14:16:55.608+0000] {processor.py:183} INFO - Processing /home/airflow/.local/lib/python3.12/site-packages/airflow/example_dags/example_short_circuit_operator.py took 0.075 seconds
[2024-06-10T14:17:26.174+0000] {processor.py:161} INFO - Started process (PID=1390) to work on /home/airflow/.local/lib/python3.12/site-packages/airflow/example_dags/example_short_circuit_operator.py
[2024-06-10T14:17:26.175+0000] {processor.py:830} INFO - Processing file /home/airflow/.local/lib/python3.12/site-packages/airflow/example_dags/example_short_circuit_operator.py for tasks to queue
[2024-06-10T14:17:26.176+0000] {logging_mixin.py:188} INFO - [2024-06-10T14:17:26.176+0000] {dagbag.py:545} INFO - Filling up the DagBag from /home/airflow/.local/lib/python3.12/site-packages/airflow/example_dags/example_short_circuit_operator.py
[2024-06-10T14:17:26.183+0000] {processor.py:840} INFO - DAG(s) 'example_short_circuit_operator' retrieved from /home/airflow/.local/lib/python3.12/site-packages/airflow/example_dags/example_short_circuit_operator.py
[2024-06-10T14:17:26.293+0000] {logging_mixin.py:188} INFO - [2024-06-10T14:17:26.292+0000] {dag.py:3096} INFO - Sync 1 DAGs
[2024-06-10T14:17:26.311+0000] {logging_mixin.py:188} INFO - [2024-06-10T14:17:26.311+0000] {dag.py:3954} INFO - Setting next_dagrun for example_short_circuit_operator to 2024-06-09 00:00:00+00:00, run_after=2024-06-10 00:00:00+00:00
[2024-06-10T14:17:26.332+0000] {processor.py:183} INFO - Processing /home/airflow/.local/lib/python3.12/site-packages/airflow/example_dags/example_short_circuit_operator.py took 0.164 seconds
[2024-06-10T14:17:56.472+0000] {processor.py:161} INFO - Started process (PID=1450) to work on /home/airflow/.local/lib/python3.12/site-packages/airflow/example_dags/example_short_circuit_operator.py
[2024-06-10T14:17:56.473+0000] {processor.py:830} INFO - Processing file /home/airflow/.local/lib/python3.12/site-packages/airflow/example_dags/example_short_circuit_operator.py for tasks to queue
[2024-06-10T14:17:56.475+0000] {logging_mixin.py:188} INFO - [2024-06-10T14:17:56.474+0000] {dagbag.py:545} INFO - Filling up the DagBag from /home/airflow/.local/lib/python3.12/site-packages/airflow/example_dags/example_short_circuit_operator.py
[2024-06-10T14:17:56.482+0000] {processor.py:840} INFO - DAG(s) 'example_short_circuit_operator' retrieved from /home/airflow/.local/lib/python3.12/site-packages/airflow/example_dags/example_short_circuit_operator.py
[2024-06-10T14:17:56.513+0000] {logging_mixin.py:188} INFO - [2024-06-10T14:17:56.513+0000] {dag.py:3096} INFO - Sync 1 DAGs
[2024-06-10T14:17:56.539+0000] {logging_mixin.py:188} INFO - [2024-06-10T14:17:56.539+0000] {dag.py:3954} INFO - Setting next_dagrun for example_short_circuit_operator to 2024-06-09 00:00:00+00:00, run_after=2024-06-10 00:00:00+00:00
[2024-06-10T14:17:56.563+0000] {processor.py:183} INFO - Processing /home/airflow/.local/lib/python3.12/site-packages/airflow/example_dags/example_short_circuit_operator.py took 0.097 seconds
[2024-06-10T14:18:26.664+0000] {processor.py:161} INFO - Started process (PID=1510) to work on /home/airflow/.local/lib/python3.12/site-packages/airflow/example_dags/example_short_circuit_operator.py
[2024-06-10T14:18:26.665+0000] {processor.py:830} INFO - Processing file /home/airflow/.local/lib/python3.12/site-packages/airflow/example_dags/example_short_circuit_operator.py for tasks to queue
[2024-06-10T14:18:26.667+0000] {logging_mixin.py:188} INFO - [2024-06-10T14:18:26.666+0000] {dagbag.py:545} INFO - Filling up the DagBag from /home/airflow/.local/lib/python3.12/site-packages/airflow/example_dags/example_short_circuit_operator.py
[2024-06-10T14:18:26.677+0000] {processor.py:840} INFO - DAG(s) 'example_short_circuit_operator' retrieved from /home/airflow/.local/lib/python3.12/site-packages/airflow/example_dags/example_short_circuit_operator.py
[2024-06-10T14:18:26.689+0000] {logging_mixin.py:188} INFO - [2024-06-10T14:18:26.689+0000] {dag.py:3096} INFO - Sync 1 DAGs
[2024-06-10T14:18:26.715+0000] {logging_mixin.py:188} INFO - [2024-06-10T14:18:26.715+0000] {dag.py:3954} INFO - Setting next_dagrun for example_short_circuit_operator to 2024-06-09 00:00:00+00:00, run_after=2024-06-10 00:00:00+00:00
[2024-06-10T14:18:26.735+0000] {processor.py:183} INFO - Processing /home/airflow/.local/lib/python3.12/site-packages/airflow/example_dags/example_short_circuit_operator.py took 0.079 seconds
[2024-06-10T14:18:57.246+0000] {processor.py:161} INFO - Started process (PID=1570) to work on /home/airflow/.local/lib/python3.12/site-packages/airflow/example_dags/example_short_circuit_operator.py
[2024-06-10T14:18:57.247+0000] {processor.py:830} INFO - Processing file /home/airflow/.local/lib/python3.12/site-packages/airflow/example_dags/example_short_circuit_operator.py for tasks to queue
[2024-06-10T14:18:57.249+0000] {logging_mixin.py:188} INFO - [2024-06-10T14:18:57.248+0000] {dagbag.py:545} INFO - Filling up the DagBag from /home/airflow/.local/lib/python3.12/site-packages/airflow/example_dags/example_short_circuit_operator.py
[2024-06-10T14:18:57.265+0000] {processor.py:840} INFO - DAG(s) 'example_short_circuit_operator' retrieved from /home/airflow/.local/lib/python3.12/site-packages/airflow/example_dags/example_short_circuit_operator.py
[2024-06-10T14:18:57.479+0000] {logging_mixin.py:188} INFO - [2024-06-10T14:18:57.479+0000] {dag.py:3096} INFO - Sync 1 DAGs
[2024-06-10T14:18:57.528+0000] {logging_mixin.py:188} INFO - [2024-06-10T14:18:57.527+0000] {dag.py:3954} INFO - Setting next_dagrun for example_short_circuit_operator to 2024-06-09 00:00:00+00:00, run_after=2024-06-10 00:00:00+00:00
[2024-06-10T14:18:57.637+0000] {processor.py:183} INFO - Processing /home/airflow/.local/lib/python3.12/site-packages/airflow/example_dags/example_short_circuit_operator.py took 0.400 seconds
[2024-06-10T14:19:27.922+0000] {processor.py:161} INFO - Started process (PID=1630) to work on /home/airflow/.local/lib/python3.12/site-packages/airflow/example_dags/example_short_circuit_operator.py
[2024-06-10T14:19:27.923+0000] {processor.py:830} INFO - Processing file /home/airflow/.local/lib/python3.12/site-packages/airflow/example_dags/example_short_circuit_operator.py for tasks to queue
[2024-06-10T14:19:27.925+0000] {logging_mixin.py:188} INFO - [2024-06-10T14:19:27.924+0000] {dagbag.py:545} INFO - Filling up the DagBag from /home/airflow/.local/lib/python3.12/site-packages/airflow/example_dags/example_short_circuit_operator.py
[2024-06-10T14:19:27.935+0000] {processor.py:840} INFO - DAG(s) 'example_short_circuit_operator' retrieved from /home/airflow/.local/lib/python3.12/site-packages/airflow/example_dags/example_short_circuit_operator.py
[2024-06-10T14:19:27.967+0000] {logging_mixin.py:188} INFO - [2024-06-10T14:19:27.967+0000] {dag.py:3096} INFO - Sync 1 DAGs
[2024-06-10T14:19:27.995+0000] {logging_mixin.py:188} INFO - [2024-06-10T14:19:27.995+0000] {dag.py:3954} INFO - Setting next_dagrun for example_short_circuit_operator to 2024-06-09 00:00:00+00:00, run_after=2024-06-10 00:00:00+00:00
[2024-06-10T14:19:28.023+0000] {processor.py:183} INFO - Processing /home/airflow/.local/lib/python3.12/site-packages/airflow/example_dags/example_short_circuit_operator.py took 0.108 seconds
[2024-06-10T14:19:58.089+0000] {processor.py:161} INFO - Started process (PID=1690) to work on /home/airflow/.local/lib/python3.12/site-packages/airflow/example_dags/example_short_circuit_operator.py
[2024-06-10T14:19:58.091+0000] {processor.py:830} INFO - Processing file /home/airflow/.local/lib/python3.12/site-packages/airflow/example_dags/example_short_circuit_operator.py for tasks to queue
[2024-06-10T14:19:58.092+0000] {logging_mixin.py:188} INFO - [2024-06-10T14:19:58.092+0000] {dagbag.py:545} INFO - Filling up the DagBag from /home/airflow/.local/lib/python3.12/site-packages/airflow/example_dags/example_short_circuit_operator.py
[2024-06-10T14:19:58.099+0000] {processor.py:840} INFO - DAG(s) 'example_short_circuit_operator' retrieved from /home/airflow/.local/lib/python3.12/site-packages/airflow/example_dags/example_short_circuit_operator.py
[2024-06-10T14:19:58.123+0000] {logging_mixin.py:188} INFO - [2024-06-10T14:19:58.122+0000] {dag.py:3096} INFO - Sync 1 DAGs
[2024-06-10T14:19:58.160+0000] {logging_mixin.py:188} INFO - [2024-06-10T14:19:58.159+0000] {dag.py:3954} INFO - Setting next_dagrun for example_short_circuit_operator to 2024-06-09 00:00:00+00:00, run_after=2024-06-10 00:00:00+00:00
[2024-06-10T14:19:58.178+0000] {processor.py:183} INFO - Processing /home/airflow/.local/lib/python3.12/site-packages/airflow/example_dags/example_short_circuit_operator.py took 0.094 seconds
[2024-06-10T14:20:28.454+0000] {processor.py:161} INFO - Started process (PID=1750) to work on /home/airflow/.local/lib/python3.12/site-packages/airflow/example_dags/example_short_circuit_operator.py
[2024-06-10T14:20:28.455+0000] {processor.py:830} INFO - Processing file /home/airflow/.local/lib/python3.12/site-packages/airflow/example_dags/example_short_circuit_operator.py for tasks to queue
[2024-06-10T14:20:28.457+0000] {logging_mixin.py:188} INFO - [2024-06-10T14:20:28.456+0000] {dagbag.py:545} INFO - Filling up the DagBag from /home/airflow/.local/lib/python3.12/site-packages/airflow/example_dags/example_short_circuit_operator.py
[2024-06-10T14:20:28.465+0000] {processor.py:840} INFO - DAG(s) 'example_short_circuit_operator' retrieved from /home/airflow/.local/lib/python3.12/site-packages/airflow/example_dags/example_short_circuit_operator.py
[2024-06-10T14:20:28.492+0000] {logging_mixin.py:188} INFO - [2024-06-10T14:20:28.492+0000] {dag.py:3096} INFO - Sync 1 DAGs
[2024-06-10T14:20:28.514+0000] {logging_mixin.py:188} INFO - [2024-06-10T14:20:28.514+0000] {dag.py:3954} INFO - Setting next_dagrun for example_short_circuit_operator to 2024-06-09 00:00:00+00:00, run_after=2024-06-10 00:00:00+00:00
[2024-06-10T14:20:28.533+0000] {processor.py:183} INFO - Processing /home/airflow/.local/lib/python3.12/site-packages/airflow/example_dags/example_short_circuit_operator.py took 0.086 seconds
[2024-06-10T14:20:58.739+0000] {processor.py:161} INFO - Started process (PID=1810) to work on /home/airflow/.local/lib/python3.12/site-packages/airflow/example_dags/example_short_circuit_operator.py
[2024-06-10T14:20:58.741+0000] {processor.py:830} INFO - Processing file /home/airflow/.local/lib/python3.12/site-packages/airflow/example_dags/example_short_circuit_operator.py for tasks to queue
[2024-06-10T14:20:58.742+0000] {logging_mixin.py:188} INFO - [2024-06-10T14:20:58.742+0000] {dagbag.py:545} INFO - Filling up the DagBag from /home/airflow/.local/lib/python3.12/site-packages/airflow/example_dags/example_short_circuit_operator.py
[2024-06-10T14:20:58.750+0000] {processor.py:840} INFO - DAG(s) 'example_short_circuit_operator' retrieved from /home/airflow/.local/lib/python3.12/site-packages/airflow/example_dags/example_short_circuit_operator.py
[2024-06-10T14:20:58.773+0000] {logging_mixin.py:188} INFO - [2024-06-10T14:20:58.773+0000] {dag.py:3096} INFO - Sync 1 DAGs
[2024-06-10T14:20:58.795+0000] {logging_mixin.py:188} INFO - [2024-06-10T14:20:58.795+0000] {dag.py:3954} INFO - Setting next_dagrun for example_short_circuit_operator to 2024-06-09 00:00:00+00:00, run_after=2024-06-10 00:00:00+00:00
[2024-06-10T14:20:58.820+0000] {processor.py:183} INFO - Processing /home/airflow/.local/lib/python3.12/site-packages/airflow/example_dags/example_short_circuit_operator.py took 0.086 seconds
[2024-06-10T14:21:29.079+0000] {processor.py:161} INFO - Started process (PID=1870) to work on /home/airflow/.local/lib/python3.12/site-packages/airflow/example_dags/example_short_circuit_operator.py
[2024-06-10T14:21:29.080+0000] {processor.py:830} INFO - Processing file /home/airflow/.local/lib/python3.12/site-packages/airflow/example_dags/example_short_circuit_operator.py for tasks to queue
[2024-06-10T14:21:29.081+0000] {logging_mixin.py:188} INFO - [2024-06-10T14:21:29.081+0000] {dagbag.py:545} INFO - Filling up the DagBag from /home/airflow/.local/lib/python3.12/site-packages/airflow/example_dags/example_short_circuit_operator.py
[2024-06-10T14:21:29.090+0000] {processor.py:840} INFO - DAG(s) 'example_short_circuit_operator' retrieved from /home/airflow/.local/lib/python3.12/site-packages/airflow/example_dags/example_short_circuit_operator.py
[2024-06-10T14:21:29.116+0000] {logging_mixin.py:188} INFO - [2024-06-10T14:21:29.116+0000] {dag.py:3096} INFO - Sync 1 DAGs
[2024-06-10T14:21:29.172+0000] {logging_mixin.py:188} INFO - [2024-06-10T14:21:29.172+0000] {dag.py:3954} INFO - Setting next_dagrun for example_short_circuit_operator to 2024-06-09 00:00:00+00:00, run_after=2024-06-10 00:00:00+00:00
[2024-06-10T14:21:29.194+0000] {processor.py:183} INFO - Processing /home/airflow/.local/lib/python3.12/site-packages/airflow/example_dags/example_short_circuit_operator.py took 0.121 seconds
[2024-06-10T14:21:59.941+0000] {processor.py:161} INFO - Started process (PID=1930) to work on /home/airflow/.local/lib/python3.12/site-packages/airflow/example_dags/example_short_circuit_operator.py
[2024-06-10T14:21:59.947+0000] {processor.py:830} INFO - Processing file /home/airflow/.local/lib/python3.12/site-packages/airflow/example_dags/example_short_circuit_operator.py for tasks to queue
[2024-06-10T14:21:59.949+0000] {logging_mixin.py:188} INFO - [2024-06-10T14:21:59.948+0000] {dagbag.py:545} INFO - Filling up the DagBag from /home/airflow/.local/lib/python3.12/site-packages/airflow/example_dags/example_short_circuit_operator.py
[2024-06-10T14:21:59.964+0000] {processor.py:840} INFO - DAG(s) 'example_short_circuit_operator' retrieved from /home/airflow/.local/lib/python3.12/site-packages/airflow/example_dags/example_short_circuit_operator.py
[2024-06-10T14:25:47.467+0000] {processor.py:161} INFO - Started process (PID=31) to work on /home/airflow/.local/lib/python3.12/site-packages/airflow/example_dags/example_short_circuit_operator.py
[2024-06-10T14:25:47.469+0000] {processor.py:830} INFO - Processing file /home/airflow/.local/lib/python3.12/site-packages/airflow/example_dags/example_short_circuit_operator.py for tasks to queue
[2024-06-10T14:25:47.475+0000] {logging_mixin.py:188} INFO - [2024-06-10T14:25:47.475+0000] {dagbag.py:545} INFO - Filling up the DagBag from /home/airflow/.local/lib/python3.12/site-packages/airflow/example_dags/example_short_circuit_operator.py
[2024-06-10T14:25:47.659+0000] {processor.py:840} INFO - DAG(s) 'example_short_circuit_operator' retrieved from /home/airflow/.local/lib/python3.12/site-packages/airflow/example_dags/example_short_circuit_operator.py
[2024-06-10T14:25:48.713+0000] {logging_mixin.py:188} INFO - [2024-06-10T14:25:48.712+0000] {override.py:1829} INFO - Created Permission View: can delete on DAG:example_short_circuit_operator
[2024-06-10T14:25:48.723+0000] {logging_mixin.py:188} INFO - [2024-06-10T14:25:48.722+0000] {override.py:1829} INFO - Created Permission View: can read on DAG:example_short_circuit_operator
[2024-06-10T14:25:48.730+0000] {logging_mixin.py:188} INFO - [2024-06-10T14:25:48.730+0000] {override.py:1829} INFO - Created Permission View: can edit on DAG:example_short_circuit_operator
[2024-06-10T14:25:48.731+0000] {logging_mixin.py:188} INFO - [2024-06-10T14:25:48.731+0000] {dag.py:3096} INFO - Sync 1 DAGs
[2024-06-10T14:25:48.838+0000] {logging_mixin.py:188} INFO - [2024-06-10T14:25:48.837+0000] {dag.py:3118} INFO - Creating ORM DAG for example_short_circuit_operator
[2024-06-10T14:25:48.848+0000] {logging_mixin.py:188} INFO - [2024-06-10T14:25:48.848+0000] {dag.py:3954} INFO - Setting next_dagrun for example_short_circuit_operator to 2024-06-09 00:00:00+00:00, run_after=2024-06-10 00:00:00+00:00
[2024-06-10T14:25:49.694+0000] {processor.py:183} INFO - Processing /home/airflow/.local/lib/python3.12/site-packages/airflow/example_dags/example_short_circuit_operator.py took 2.241 seconds
[2024-06-10T14:26:20.122+0000] {processor.py:161} INFO - Started process (PID=90) to work on /home/airflow/.local/lib/python3.12/site-packages/airflow/example_dags/example_short_circuit_operator.py
[2024-06-10T14:26:20.124+0000] {processor.py:830} INFO - Processing file /home/airflow/.local/lib/python3.12/site-packages/airflow/example_dags/example_short_circuit_operator.py for tasks to queue
[2024-06-10T14:26:20.126+0000] {logging_mixin.py:188} INFO - [2024-06-10T14:26:20.126+0000] {dagbag.py:545} INFO - Filling up the DagBag from /home/airflow/.local/lib/python3.12/site-packages/airflow/example_dags/example_short_circuit_operator.py
[2024-06-10T14:26:20.135+0000] {processor.py:840} INFO - DAG(s) 'example_short_circuit_operator' retrieved from /home/airflow/.local/lib/python3.12/site-packages/airflow/example_dags/example_short_circuit_operator.py
[2024-06-10T14:26:20.163+0000] {logging_mixin.py:188} INFO - [2024-06-10T14:26:20.163+0000] {dag.py:3096} INFO - Sync 1 DAGs
[2024-06-10T14:26:20.187+0000] {logging_mixin.py:188} INFO - [2024-06-10T14:26:20.187+0000] {dag.py:3954} INFO - Setting next_dagrun for example_short_circuit_operator to 2024-06-09 00:00:00+00:00, run_after=2024-06-10 00:00:00+00:00
[2024-06-10T14:26:20.209+0000] {processor.py:183} INFO - Processing /home/airflow/.local/lib/python3.12/site-packages/airflow/example_dags/example_short_circuit_operator.py took 0.094 seconds
[2024-06-10T14:26:50.899+0000] {processor.py:161} INFO - Started process (PID=150) to work on /home/airflow/.local/lib/python3.12/site-packages/airflow/example_dags/example_short_circuit_operator.py
[2024-06-10T14:26:50.900+0000] {processor.py:830} INFO - Processing file /home/airflow/.local/lib/python3.12/site-packages/airflow/example_dags/example_short_circuit_operator.py for tasks to queue
[2024-06-10T14:26:50.903+0000] {logging_mixin.py:188} INFO - [2024-06-10T14:26:50.902+0000] {dagbag.py:545} INFO - Filling up the DagBag from /home/airflow/.local/lib/python3.12/site-packages/airflow/example_dags/example_short_circuit_operator.py
[2024-06-10T14:26:50.913+0000] {processor.py:840} INFO - DAG(s) 'example_short_circuit_operator' retrieved from /home/airflow/.local/lib/python3.12/site-packages/airflow/example_dags/example_short_circuit_operator.py
[2024-06-10T14:26:50.927+0000] {logging_mixin.py:188} INFO - [2024-06-10T14:26:50.927+0000] {dag.py:3096} INFO - Sync 1 DAGs
[2024-06-10T14:26:50.956+0000] {logging_mixin.py:188} INFO - [2024-06-10T14:26:50.956+0000] {dag.py:3954} INFO - Setting next_dagrun for example_short_circuit_operator to 2024-06-09 00:00:00+00:00, run_after=2024-06-10 00:00:00+00:00
[2024-06-10T14:26:50.981+0000] {processor.py:183} INFO - Processing /home/airflow/.local/lib/python3.12/site-packages/airflow/example_dags/example_short_circuit_operator.py took 0.090 seconds
[2024-06-10T14:27:21.505+0000] {processor.py:161} INFO - Started process (PID=210) to work on /home/airflow/.local/lib/python3.12/site-packages/airflow/example_dags/example_short_circuit_operator.py
[2024-06-10T14:27:21.507+0000] {processor.py:830} INFO - Processing file /home/airflow/.local/lib/python3.12/site-packages/airflow/example_dags/example_short_circuit_operator.py for tasks to queue
[2024-06-10T14:27:21.510+0000] {logging_mixin.py:188} INFO - [2024-06-10T14:27:21.510+0000] {dagbag.py:545} INFO - Filling up the DagBag from /home/airflow/.local/lib/python3.12/site-packages/airflow/example_dags/example_short_circuit_operator.py
[2024-06-10T14:27:21.519+0000] {processor.py:840} INFO - DAG(s) 'example_short_circuit_operator' retrieved from /home/airflow/.local/lib/python3.12/site-packages/airflow/example_dags/example_short_circuit_operator.py
[2024-06-10T14:27:21.646+0000] {logging_mixin.py:188} INFO - [2024-06-10T14:27:21.646+0000] {dag.py:3096} INFO - Sync 1 DAGs
[2024-06-10T14:27:21.672+0000] {logging_mixin.py:188} INFO - [2024-06-10T14:27:21.671+0000] {dag.py:3954} INFO - Setting next_dagrun for example_short_circuit_operator to 2024-06-09 00:00:00+00:00, run_after=2024-06-10 00:00:00+00:00
[2024-06-10T14:27:21.693+0000] {processor.py:183} INFO - Processing /home/airflow/.local/lib/python3.12/site-packages/airflow/example_dags/example_short_circuit_operator.py took 0.198 seconds
[2024-06-10T14:27:52.196+0000] {processor.py:161} INFO - Started process (PID=270) to work on /home/airflow/.local/lib/python3.12/site-packages/airflow/example_dags/example_short_circuit_operator.py
[2024-06-10T14:27:52.198+0000] {processor.py:830} INFO - Processing file /home/airflow/.local/lib/python3.12/site-packages/airflow/example_dags/example_short_circuit_operator.py for tasks to queue
[2024-06-10T14:27:52.200+0000] {logging_mixin.py:188} INFO - [2024-06-10T14:27:52.200+0000] {dagbag.py:545} INFO - Filling up the DagBag from /home/airflow/.local/lib/python3.12/site-packages/airflow/example_dags/example_short_circuit_operator.py
[2024-06-10T14:27:52.207+0000] {processor.py:840} INFO - DAG(s) 'example_short_circuit_operator' retrieved from /home/airflow/.local/lib/python3.12/site-packages/airflow/example_dags/example_short_circuit_operator.py
[2024-06-10T14:27:52.235+0000] {logging_mixin.py:188} INFO - [2024-06-10T14:27:52.234+0000] {dag.py:3096} INFO - Sync 1 DAGs
[2024-06-10T14:27:52.257+0000] {logging_mixin.py:188} INFO - [2024-06-10T14:27:52.257+0000] {dag.py:3954} INFO - Setting next_dagrun for example_short_circuit_operator to 2024-06-09 00:00:00+00:00, run_after=2024-06-10 00:00:00+00:00
[2024-06-10T14:27:52.280+0000] {processor.py:183} INFO - Processing /home/airflow/.local/lib/python3.12/site-packages/airflow/example_dags/example_short_circuit_operator.py took 0.089 seconds
[2024-06-10T14:28:22.327+0000] {processor.py:161} INFO - Started process (PID=326) to work on /home/airflow/.local/lib/python3.12/site-packages/airflow/example_dags/example_short_circuit_operator.py
[2024-06-10T14:28:22.328+0000] {processor.py:830} INFO - Processing file /home/airflow/.local/lib/python3.12/site-packages/airflow/example_dags/example_short_circuit_operator.py for tasks to queue
[2024-06-10T14:28:22.330+0000] {logging_mixin.py:188} INFO - [2024-06-10T14:28:22.330+0000] {dagbag.py:545} INFO - Filling up the DagBag from /home/airflow/.local/lib/python3.12/site-packages/airflow/example_dags/example_short_circuit_operator.py
[2024-06-10T14:28:22.338+0000] {processor.py:840} INFO - DAG(s) 'example_short_circuit_operator' retrieved from /home/airflow/.local/lib/python3.12/site-packages/airflow/example_dags/example_short_circuit_operator.py
[2024-06-10T14:28:22.363+0000] {logging_mixin.py:188} INFO - [2024-06-10T14:28:22.363+0000] {dag.py:3096} INFO - Sync 1 DAGs
[2024-06-10T14:28:22.391+0000] {logging_mixin.py:188} INFO - [2024-06-10T14:28:22.391+0000] {dag.py:3954} INFO - Setting next_dagrun for example_short_circuit_operator to 2024-06-09 00:00:00+00:00, run_after=2024-06-10 00:00:00+00:00
[2024-06-10T14:28:22.416+0000] {processor.py:183} INFO - Processing /home/airflow/.local/lib/python3.12/site-packages/airflow/example_dags/example_short_circuit_operator.py took 0.095 seconds
[2024-06-10T14:28:52.860+0000] {processor.py:161} INFO - Started process (PID=380) to work on /home/airflow/.local/lib/python3.12/site-packages/airflow/example_dags/example_short_circuit_operator.py
[2024-06-10T14:28:52.862+0000] {processor.py:830} INFO - Processing file /home/airflow/.local/lib/python3.12/site-packages/airflow/example_dags/example_short_circuit_operator.py for tasks to queue
[2024-06-10T14:28:52.864+0000] {logging_mixin.py:188} INFO - [2024-06-10T14:28:52.864+0000] {dagbag.py:545} INFO - Filling up the DagBag from /home/airflow/.local/lib/python3.12/site-packages/airflow/example_dags/example_short_circuit_operator.py
[2024-06-10T14:28:52.876+0000] {processor.py:840} INFO - DAG(s) 'example_short_circuit_operator' retrieved from /home/airflow/.local/lib/python3.12/site-packages/airflow/example_dags/example_short_circuit_operator.py
[2024-06-10T14:28:52.904+0000] {logging_mixin.py:188} INFO - [2024-06-10T14:28:52.904+0000] {dag.py:3096} INFO - Sync 1 DAGs
[2024-06-10T14:28:52.932+0000] {logging_mixin.py:188} INFO - [2024-06-10T14:28:52.931+0000] {dag.py:3954} INFO - Setting next_dagrun for example_short_circuit_operator to 2024-06-09 00:00:00+00:00, run_after=2024-06-10 00:00:00+00:00
[2024-06-10T14:28:52.959+0000] {processor.py:183} INFO - Processing /home/airflow/.local/lib/python3.12/site-packages/airflow/example_dags/example_short_circuit_operator.py took 0.105 seconds
[2024-06-10T14:29:23.171+0000] {processor.py:161} INFO - Started process (PID=440) to work on /home/airflow/.local/lib/python3.12/site-packages/airflow/example_dags/example_short_circuit_operator.py
[2024-06-10T14:29:23.172+0000] {processor.py:830} INFO - Processing file /home/airflow/.local/lib/python3.12/site-packages/airflow/example_dags/example_short_circuit_operator.py for tasks to queue
[2024-06-10T14:29:23.174+0000] {logging_mixin.py:188} INFO - [2024-06-10T14:29:23.174+0000] {dagbag.py:545} INFO - Filling up the DagBag from /home/airflow/.local/lib/python3.12/site-packages/airflow/example_dags/example_short_circuit_operator.py
[2024-06-10T14:29:23.181+0000] {processor.py:840} INFO - DAG(s) 'example_short_circuit_operator' retrieved from /home/airflow/.local/lib/python3.12/site-packages/airflow/example_dags/example_short_circuit_operator.py
[2024-06-10T14:29:23.206+0000] {logging_mixin.py:188} INFO - [2024-06-10T14:29:23.205+0000] {dag.py:3096} INFO - Sync 1 DAGs
[2024-06-10T14:29:23.229+0000] {logging_mixin.py:188} INFO - [2024-06-10T14:29:23.229+0000] {dag.py:3954} INFO - Setting next_dagrun for example_short_circuit_operator to 2024-06-09 00:00:00+00:00, run_after=2024-06-10 00:00:00+00:00
[2024-06-10T14:29:23.252+0000] {processor.py:183} INFO - Processing /home/airflow/.local/lib/python3.12/site-packages/airflow/example_dags/example_short_circuit_operator.py took 0.087 seconds
[2024-06-10T14:29:53.650+0000] {processor.py:161} INFO - Started process (PID=500) to work on /home/airflow/.local/lib/python3.12/site-packages/airflow/example_dags/example_short_circuit_operator.py
[2024-06-10T14:29:53.652+0000] {processor.py:830} INFO - Processing file /home/airflow/.local/lib/python3.12/site-packages/airflow/example_dags/example_short_circuit_operator.py for tasks to queue
[2024-06-10T14:29:53.654+0000] {logging_mixin.py:188} INFO - [2024-06-10T14:29:53.654+0000] {dagbag.py:545} INFO - Filling up the DagBag from /home/airflow/.local/lib/python3.12/site-packages/airflow/example_dags/example_short_circuit_operator.py
[2024-06-10T14:29:53.662+0000] {processor.py:840} INFO - DAG(s) 'example_short_circuit_operator' retrieved from /home/airflow/.local/lib/python3.12/site-packages/airflow/example_dags/example_short_circuit_operator.py
[2024-06-10T14:29:53.688+0000] {logging_mixin.py:188} INFO - [2024-06-10T14:29:53.687+0000] {dag.py:3096} INFO - Sync 1 DAGs
[2024-06-10T14:29:53.712+0000] {logging_mixin.py:188} INFO - [2024-06-10T14:29:53.712+0000] {dag.py:3954} INFO - Setting next_dagrun for example_short_circuit_operator to 2024-06-09 00:00:00+00:00, run_after=2024-06-10 00:00:00+00:00
[2024-06-10T14:29:53.736+0000] {processor.py:183} INFO - Processing /home/airflow/.local/lib/python3.12/site-packages/airflow/example_dags/example_short_circuit_operator.py took 0.091 seconds
