[2024-06-10T14:04:49.037+0000] {processor.py:161} INFO - Started process (PID=86) to work on /home/airflow/.local/lib/python3.12/site-packages/airflow/example_dags/example_latest_only_with_trigger.py
[2024-06-10T14:04:49.038+0000] {processor.py:830} INFO - Processing file /home/airflow/.local/lib/python3.12/site-packages/airflow/example_dags/example_latest_only_with_trigger.py for tasks to queue
[2024-06-10T14:04:49.041+0000] {logging_mixin.py:188} INFO - [2024-06-10T14:04:49.040+0000] {dagbag.py:545} INFO - Filling up the DagBag from /home/airflow/.local/lib/python3.12/site-packages/airflow/example_dags/example_latest_only_with_trigger.py
[2024-06-10T14:04:49.048+0000] {processor.py:840} INFO - DAG(s) 'latest_only_with_trigger' retrieved from /home/airflow/.local/lib/python3.12/site-packages/airflow/example_dags/example_latest_only_with_trigger.py
[2024-06-10T14:04:49.186+0000] {logging_mixin.py:188} INFO - [2024-06-10T14:04:49.185+0000] {dag.py:3096} INFO - Sync 1 DAGs
[2024-06-10T14:04:49.208+0000] {logging_mixin.py:188} INFO - [2024-06-10T14:04:49.208+0000] {dag.py:3954} INFO - Setting next_dagrun for latest_only_with_trigger to 2024-06-10 08:00:00+00:00, run_after=2024-06-10 12:00:00+00:00
[2024-06-10T14:04:49.232+0000] {processor.py:183} INFO - Processing /home/airflow/.local/lib/python3.12/site-packages/airflow/example_dags/example_latest_only_with_trigger.py took 0.202 seconds
[2024-06-10T14:05:20.025+0000] {processor.py:161} INFO - Started process (PID=155) to work on /home/airflow/.local/lib/python3.12/site-packages/airflow/example_dags/example_latest_only_with_trigger.py
[2024-06-10T14:05:20.027+0000] {processor.py:830} INFO - Processing file /home/airflow/.local/lib/python3.12/site-packages/airflow/example_dags/example_latest_only_with_trigger.py for tasks to queue
[2024-06-10T14:05:20.029+0000] {logging_mixin.py:188} INFO - [2024-06-10T14:05:20.028+0000] {dagbag.py:545} INFO - Filling up the DagBag from /home/airflow/.local/lib/python3.12/site-packages/airflow/example_dags/example_latest_only_with_trigger.py
[2024-06-10T14:05:20.036+0000] {processor.py:840} INFO - DAG(s) 'latest_only_with_trigger' retrieved from /home/airflow/.local/lib/python3.12/site-packages/airflow/example_dags/example_latest_only_with_trigger.py
[2024-06-10T14:05:20.058+0000] {logging_mixin.py:188} INFO - [2024-06-10T14:05:20.058+0000] {dag.py:3096} INFO - Sync 1 DAGs
[2024-06-10T14:05:20.083+0000] {logging_mixin.py:188} INFO - [2024-06-10T14:05:20.083+0000] {dag.py:3954} INFO - Setting next_dagrun for latest_only_with_trigger to 2024-06-10 08:00:00+00:00, run_after=2024-06-10 12:00:00+00:00
[2024-06-10T14:05:20.103+0000] {processor.py:183} INFO - Processing /home/airflow/.local/lib/python3.12/site-packages/airflow/example_dags/example_latest_only_with_trigger.py took 0.084 seconds
[2024-06-10T14:05:55.154+0000] {processor.py:161} INFO - Started process (PID=224) to work on /home/airflow/.local/lib/python3.12/site-packages/airflow/example_dags/example_latest_only_with_trigger.py
[2024-06-10T14:05:55.156+0000] {processor.py:830} INFO - Processing file /home/airflow/.local/lib/python3.12/site-packages/airflow/example_dags/example_latest_only_with_trigger.py for tasks to queue
[2024-06-10T14:05:55.158+0000] {logging_mixin.py:188} INFO - [2024-06-10T14:05:55.158+0000] {dagbag.py:545} INFO - Filling up the DagBag from /home/airflow/.local/lib/python3.12/site-packages/airflow/example_dags/example_latest_only_with_trigger.py
[2024-06-10T14:05:55.166+0000] {processor.py:840} INFO - DAG(s) 'latest_only_with_trigger' retrieved from /home/airflow/.local/lib/python3.12/site-packages/airflow/example_dags/example_latest_only_with_trigger.py
[2024-06-10T14:05:55.191+0000] {logging_mixin.py:188} INFO - [2024-06-10T14:05:55.191+0000] {dag.py:3096} INFO - Sync 1 DAGs
[2024-06-10T14:05:55.225+0000] {logging_mixin.py:188} INFO - [2024-06-10T14:05:55.225+0000] {dag.py:3954} INFO - Setting next_dagrun for latest_only_with_trigger to 2024-06-10 08:00:00+00:00, run_after=2024-06-10 12:00:00+00:00
[2024-06-10T14:05:55.252+0000] {processor.py:183} INFO - Processing /home/airflow/.local/lib/python3.12/site-packages/airflow/example_dags/example_latest_only_with_trigger.py took 0.105 seconds
[2024-06-10T14:06:26.190+0000] {processor.py:161} INFO - Started process (PID=293) to work on /home/airflow/.local/lib/python3.12/site-packages/airflow/example_dags/example_latest_only_with_trigger.py
[2024-06-10T14:06:26.192+0000] {processor.py:830} INFO - Processing file /home/airflow/.local/lib/python3.12/site-packages/airflow/example_dags/example_latest_only_with_trigger.py for tasks to queue
[2024-06-10T14:06:26.194+0000] {logging_mixin.py:188} INFO - [2024-06-10T14:06:26.194+0000] {dagbag.py:545} INFO - Filling up the DagBag from /home/airflow/.local/lib/python3.12/site-packages/airflow/example_dags/example_latest_only_with_trigger.py
[2024-06-10T14:06:26.200+0000] {processor.py:840} INFO - DAG(s) 'latest_only_with_trigger' retrieved from /home/airflow/.local/lib/python3.12/site-packages/airflow/example_dags/example_latest_only_with_trigger.py
[2024-06-10T14:06:26.213+0000] {logging_mixin.py:188} INFO - [2024-06-10T14:06:26.213+0000] {dag.py:3096} INFO - Sync 1 DAGs
[2024-06-10T14:06:26.241+0000] {logging_mixin.py:188} INFO - [2024-06-10T14:06:26.241+0000] {dag.py:3954} INFO - Setting next_dagrun for latest_only_with_trigger to 2024-06-10 08:00:00+00:00, run_after=2024-06-10 12:00:00+00:00
[2024-06-10T14:06:26.264+0000] {processor.py:183} INFO - Processing /home/airflow/.local/lib/python3.12/site-packages/airflow/example_dags/example_latest_only_with_trigger.py took 0.080 seconds
[2024-06-10T14:07:24.818+0000] {processor.py:161} INFO - Started process (PID=86) to work on /home/airflow/.local/lib/python3.12/site-packages/airflow/example_dags/example_latest_only_with_trigger.py
[2024-06-10T14:07:24.819+0000] {processor.py:830} INFO - Processing file /home/airflow/.local/lib/python3.12/site-packages/airflow/example_dags/example_latest_only_with_trigger.py for tasks to queue
[2024-06-10T14:07:24.821+0000] {logging_mixin.py:188} INFO - [2024-06-10T14:07:24.821+0000] {dagbag.py:545} INFO - Filling up the DagBag from /home/airflow/.local/lib/python3.12/site-packages/airflow/example_dags/example_latest_only_with_trigger.py
[2024-06-10T14:07:24.935+0000] {processor.py:840} INFO - DAG(s) 'latest_only_with_trigger' retrieved from /home/airflow/.local/lib/python3.12/site-packages/airflow/example_dags/example_latest_only_with_trigger.py
[2024-06-10T14:07:25.071+0000] {logging_mixin.py:188} INFO - [2024-06-10T14:07:25.071+0000] {dag.py:3096} INFO - Sync 1 DAGs
[2024-06-10T14:07:25.095+0000] {logging_mixin.py:188} INFO - [2024-06-10T14:07:25.094+0000] {dag.py:3954} INFO - Setting next_dagrun for latest_only_with_trigger to 2024-06-10 08:00:00+00:00, run_after=2024-06-10 12:00:00+00:00
[2024-06-10T14:07:25.118+0000] {processor.py:183} INFO - Processing /home/airflow/.local/lib/python3.12/site-packages/airflow/example_dags/example_latest_only_with_trigger.py took 0.308 seconds
[2024-06-10T14:07:55.193+0000] {processor.py:161} INFO - Started process (PID=155) to work on /home/airflow/.local/lib/python3.12/site-packages/airflow/example_dags/example_latest_only_with_trigger.py
[2024-06-10T14:07:55.194+0000] {processor.py:830} INFO - Processing file /home/airflow/.local/lib/python3.12/site-packages/airflow/example_dags/example_latest_only_with_trigger.py for tasks to queue
[2024-06-10T14:07:55.197+0000] {logging_mixin.py:188} INFO - [2024-06-10T14:07:55.197+0000] {dagbag.py:545} INFO - Filling up the DagBag from /home/airflow/.local/lib/python3.12/site-packages/airflow/example_dags/example_latest_only_with_trigger.py
[2024-06-10T14:07:55.202+0000] {processor.py:840} INFO - DAG(s) 'latest_only_with_trigger' retrieved from /home/airflow/.local/lib/python3.12/site-packages/airflow/example_dags/example_latest_only_with_trigger.py
[2024-06-10T14:07:55.224+0000] {logging_mixin.py:188} INFO - [2024-06-10T14:07:55.224+0000] {dag.py:3096} INFO - Sync 1 DAGs
[2024-06-10T14:07:55.247+0000] {logging_mixin.py:188} INFO - [2024-06-10T14:07:55.247+0000] {dag.py:3954} INFO - Setting next_dagrun for latest_only_with_trigger to 2024-06-10 08:00:00+00:00, run_after=2024-06-10 12:00:00+00:00
[2024-06-10T14:07:55.269+0000] {processor.py:183} INFO - Processing /home/airflow/.local/lib/python3.12/site-packages/airflow/example_dags/example_latest_only_with_trigger.py took 0.084 seconds
[2024-06-10T14:08:25.517+0000] {processor.py:161} INFO - Started process (PID=224) to work on /home/airflow/.local/lib/python3.12/site-packages/airflow/example_dags/example_latest_only_with_trigger.py
[2024-06-10T14:08:25.519+0000] {processor.py:830} INFO - Processing file /home/airflow/.local/lib/python3.12/site-packages/airflow/example_dags/example_latest_only_with_trigger.py for tasks to queue
[2024-06-10T14:08:25.521+0000] {logging_mixin.py:188} INFO - [2024-06-10T14:08:25.521+0000] {dagbag.py:545} INFO - Filling up the DagBag from /home/airflow/.local/lib/python3.12/site-packages/airflow/example_dags/example_latest_only_with_trigger.py
[2024-06-10T14:08:25.528+0000] {processor.py:840} INFO - DAG(s) 'latest_only_with_trigger' retrieved from /home/airflow/.local/lib/python3.12/site-packages/airflow/example_dags/example_latest_only_with_trigger.py
[2024-06-10T14:08:25.565+0000] {logging_mixin.py:188} INFO - [2024-06-10T14:08:25.565+0000] {dag.py:3096} INFO - Sync 1 DAGs
[2024-06-10T14:08:25.611+0000] {logging_mixin.py:188} INFO - [2024-06-10T14:08:25.610+0000] {dag.py:3954} INFO - Setting next_dagrun for latest_only_with_trigger to 2024-06-10 08:00:00+00:00, run_after=2024-06-10 12:00:00+00:00
[2024-06-10T14:08:26.163+0000] {processor.py:183} INFO - Processing /home/airflow/.local/lib/python3.12/site-packages/airflow/example_dags/example_latest_only_with_trigger.py took 0.654 seconds
[2024-06-10T14:08:56.992+0000] {processor.py:161} INFO - Started process (PID=294) to work on /home/airflow/.local/lib/python3.12/site-packages/airflow/example_dags/example_latest_only_with_trigger.py
[2024-06-10T14:08:56.994+0000] {processor.py:830} INFO - Processing file /home/airflow/.local/lib/python3.12/site-packages/airflow/example_dags/example_latest_only_with_trigger.py for tasks to queue
[2024-06-10T14:08:56.997+0000] {logging_mixin.py:188} INFO - [2024-06-10T14:08:56.997+0000] {dagbag.py:545} INFO - Filling up the DagBag from /home/airflow/.local/lib/python3.12/site-packages/airflow/example_dags/example_latest_only_with_trigger.py
[2024-06-10T14:08:57.004+0000] {processor.py:840} INFO - DAG(s) 'latest_only_with_trigger' retrieved from /home/airflow/.local/lib/python3.12/site-packages/airflow/example_dags/example_latest_only_with_trigger.py
[2024-06-10T14:08:57.024+0000] {logging_mixin.py:188} INFO - [2024-06-10T14:08:57.024+0000] {dag.py:3096} INFO - Sync 1 DAGs
[2024-06-10T14:08:57.052+0000] {logging_mixin.py:188} INFO - [2024-06-10T14:08:57.052+0000] {dag.py:3954} INFO - Setting next_dagrun for latest_only_with_trigger to 2024-06-10 08:00:00+00:00, run_after=2024-06-10 12:00:00+00:00
[2024-06-10T14:08:57.077+0000] {processor.py:183} INFO - Processing /home/airflow/.local/lib/python3.12/site-packages/airflow/example_dags/example_latest_only_with_trigger.py took 0.091 seconds
[2024-06-10T14:09:27.593+0000] {processor.py:161} INFO - Started process (PID=363) to work on /home/airflow/.local/lib/python3.12/site-packages/airflow/example_dags/example_latest_only_with_trigger.py
[2024-06-10T14:09:27.595+0000] {processor.py:830} INFO - Processing file /home/airflow/.local/lib/python3.12/site-packages/airflow/example_dags/example_latest_only_with_trigger.py for tasks to queue
[2024-06-10T14:09:27.597+0000] {logging_mixin.py:188} INFO - [2024-06-10T14:09:27.596+0000] {dagbag.py:545} INFO - Filling up the DagBag from /home/airflow/.local/lib/python3.12/site-packages/airflow/example_dags/example_latest_only_with_trigger.py
[2024-06-10T14:09:27.602+0000] {processor.py:840} INFO - DAG(s) 'latest_only_with_trigger' retrieved from /home/airflow/.local/lib/python3.12/site-packages/airflow/example_dags/example_latest_only_with_trigger.py
[2024-06-10T14:09:27.623+0000] {logging_mixin.py:188} INFO - [2024-06-10T14:09:27.622+0000] {dag.py:3096} INFO - Sync 1 DAGs
[2024-06-10T14:09:27.643+0000] {logging_mixin.py:188} INFO - [2024-06-10T14:09:27.642+0000] {dag.py:3954} INFO - Setting next_dagrun for latest_only_with_trigger to 2024-06-10 08:00:00+00:00, run_after=2024-06-10 12:00:00+00:00
[2024-06-10T14:09:27.663+0000] {processor.py:183} INFO - Processing /home/airflow/.local/lib/python3.12/site-packages/airflow/example_dags/example_latest_only_with_trigger.py took 0.075 seconds
[2024-06-10T14:09:58.671+0000] {processor.py:161} INFO - Started process (PID=432) to work on /home/airflow/.local/lib/python3.12/site-packages/airflow/example_dags/example_latest_only_with_trigger.py
[2024-06-10T14:09:58.673+0000] {processor.py:830} INFO - Processing file /home/airflow/.local/lib/python3.12/site-packages/airflow/example_dags/example_latest_only_with_trigger.py for tasks to queue
[2024-06-10T14:09:58.676+0000] {logging_mixin.py:188} INFO - [2024-06-10T14:09:58.675+0000] {dagbag.py:545} INFO - Filling up the DagBag from /home/airflow/.local/lib/python3.12/site-packages/airflow/example_dags/example_latest_only_with_trigger.py
[2024-06-10T14:09:58.685+0000] {processor.py:840} INFO - DAG(s) 'latest_only_with_trigger' retrieved from /home/airflow/.local/lib/python3.12/site-packages/airflow/example_dags/example_latest_only_with_trigger.py
[2024-06-10T14:09:58.712+0000] {logging_mixin.py:188} INFO - [2024-06-10T14:09:58.712+0000] {dag.py:3096} INFO - Sync 1 DAGs
[2024-06-10T14:09:58.741+0000] {logging_mixin.py:188} INFO - [2024-06-10T14:09:58.740+0000] {dag.py:3954} INFO - Setting next_dagrun for latest_only_with_trigger to 2024-06-10 08:00:00+00:00, run_after=2024-06-10 12:00:00+00:00
[2024-06-10T14:09:58.766+0000] {processor.py:183} INFO - Processing /home/airflow/.local/lib/python3.12/site-packages/airflow/example_dags/example_latest_only_with_trigger.py took 0.101 seconds
[2024-06-10T14:10:29.126+0000] {processor.py:161} INFO - Started process (PID=501) to work on /home/airflow/.local/lib/python3.12/site-packages/airflow/example_dags/example_latest_only_with_trigger.py
[2024-06-10T14:10:29.128+0000] {processor.py:830} INFO - Processing file /home/airflow/.local/lib/python3.12/site-packages/airflow/example_dags/example_latest_only_with_trigger.py for tasks to queue
[2024-06-10T14:10:29.130+0000] {logging_mixin.py:188} INFO - [2024-06-10T14:10:29.129+0000] {dagbag.py:545} INFO - Filling up the DagBag from /home/airflow/.local/lib/python3.12/site-packages/airflow/example_dags/example_latest_only_with_trigger.py
[2024-06-10T14:10:29.139+0000] {processor.py:840} INFO - DAG(s) 'latest_only_with_trigger' retrieved from /home/airflow/.local/lib/python3.12/site-packages/airflow/example_dags/example_latest_only_with_trigger.py
[2024-06-10T14:10:29.167+0000] {logging_mixin.py:188} INFO - [2024-06-10T14:10:29.167+0000] {dag.py:3096} INFO - Sync 1 DAGs
[2024-06-10T14:10:29.200+0000] {logging_mixin.py:188} INFO - [2024-06-10T14:10:29.199+0000] {dag.py:3954} INFO - Setting next_dagrun for latest_only_with_trigger to 2024-06-10 08:00:00+00:00, run_after=2024-06-10 12:00:00+00:00
[2024-06-10T14:10:29.806+0000] {processor.py:183} INFO - Processing /home/airflow/.local/lib/python3.12/site-packages/airflow/example_dags/example_latest_only_with_trigger.py took 0.685 seconds
[2024-06-10T14:11:01.402+0000] {processor.py:161} INFO - Started process (PID=570) to work on /home/airflow/.local/lib/python3.12/site-packages/airflow/example_dags/example_latest_only_with_trigger.py
[2024-06-10T14:11:01.404+0000] {processor.py:830} INFO - Processing file /home/airflow/.local/lib/python3.12/site-packages/airflow/example_dags/example_latest_only_with_trigger.py for tasks to queue
[2024-06-10T14:11:01.407+0000] {logging_mixin.py:188} INFO - [2024-06-10T14:11:01.406+0000] {dagbag.py:545} INFO - Filling up the DagBag from /home/airflow/.local/lib/python3.12/site-packages/airflow/example_dags/example_latest_only_with_trigger.py
[2024-06-10T14:11:01.417+0000] {processor.py:840} INFO - DAG(s) 'latest_only_with_trigger' retrieved from /home/airflow/.local/lib/python3.12/site-packages/airflow/example_dags/example_latest_only_with_trigger.py
[2024-06-10T14:11:01.438+0000] {logging_mixin.py:188} INFO - [2024-06-10T14:11:01.438+0000] {dag.py:3096} INFO - Sync 1 DAGs
[2024-06-10T14:11:01.608+0000] {logging_mixin.py:188} INFO - [2024-06-10T14:11:01.608+0000] {dag.py:3954} INFO - Setting next_dagrun for latest_only_with_trigger to 2024-06-10 08:00:00+00:00, run_after=2024-06-10 12:00:00+00:00
[2024-06-10T14:11:01.627+0000] {processor.py:183} INFO - Processing /home/airflow/.local/lib/python3.12/site-packages/airflow/example_dags/example_latest_only_with_trigger.py took 0.239 seconds
[2024-06-10T14:11:32.417+0000] {processor.py:161} INFO - Started process (PID=639) to work on /home/airflow/.local/lib/python3.12/site-packages/airflow/example_dags/example_latest_only_with_trigger.py
[2024-06-10T14:11:32.419+0000] {processor.py:830} INFO - Processing file /home/airflow/.local/lib/python3.12/site-packages/airflow/example_dags/example_latest_only_with_trigger.py for tasks to queue
[2024-06-10T14:11:32.421+0000] {logging_mixin.py:188} INFO - [2024-06-10T14:11:32.421+0000] {dagbag.py:545} INFO - Filling up the DagBag from /home/airflow/.local/lib/python3.12/site-packages/airflow/example_dags/example_latest_only_with_trigger.py
[2024-06-10T14:11:32.426+0000] {processor.py:840} INFO - DAG(s) 'latest_only_with_trigger' retrieved from /home/airflow/.local/lib/python3.12/site-packages/airflow/example_dags/example_latest_only_with_trigger.py
[2024-06-10T14:11:32.447+0000] {logging_mixin.py:188} INFO - [2024-06-10T14:11:32.447+0000] {dag.py:3096} INFO - Sync 1 DAGs
[2024-06-10T14:11:32.468+0000] {logging_mixin.py:188} INFO - [2024-06-10T14:11:32.468+0000] {dag.py:3954} INFO - Setting next_dagrun for latest_only_with_trigger to 2024-06-10 08:00:00+00:00, run_after=2024-06-10 12:00:00+00:00
[2024-06-10T14:11:32.648+0000] {processor.py:183} INFO - Processing /home/airflow/.local/lib/python3.12/site-packages/airflow/example_dags/example_latest_only_with_trigger.py took 0.235 seconds
[2024-06-10T14:12:03.172+0000] {processor.py:161} INFO - Started process (PID=708) to work on /home/airflow/.local/lib/python3.12/site-packages/airflow/example_dags/example_latest_only_with_trigger.py
[2024-06-10T14:12:03.173+0000] {processor.py:830} INFO - Processing file /home/airflow/.local/lib/python3.12/site-packages/airflow/example_dags/example_latest_only_with_trigger.py for tasks to queue
[2024-06-10T14:12:03.175+0000] {logging_mixin.py:188} INFO - [2024-06-10T14:12:03.175+0000] {dagbag.py:545} INFO - Filling up the DagBag from /home/airflow/.local/lib/python3.12/site-packages/airflow/example_dags/example_latest_only_with_trigger.py
[2024-06-10T14:12:03.180+0000] {processor.py:840} INFO - DAG(s) 'latest_only_with_trigger' retrieved from /home/airflow/.local/lib/python3.12/site-packages/airflow/example_dags/example_latest_only_with_trigger.py
[2024-06-10T14:12:03.205+0000] {logging_mixin.py:188} INFO - [2024-06-10T14:12:03.204+0000] {dag.py:3096} INFO - Sync 1 DAGs
[2024-06-10T14:12:03.229+0000] {logging_mixin.py:188} INFO - [2024-06-10T14:12:03.228+0000] {dag.py:3954} INFO - Setting next_dagrun for latest_only_with_trigger to 2024-06-10 08:00:00+00:00, run_after=2024-06-10 12:00:00+00:00
[2024-06-10T14:12:03.389+0000] {processor.py:183} INFO - Processing /home/airflow/.local/lib/python3.12/site-packages/airflow/example_dags/example_latest_only_with_trigger.py took 0.222 seconds
[2024-06-10T14:12:33.572+0000] {processor.py:161} INFO - Started process (PID=777) to work on /home/airflow/.local/lib/python3.12/site-packages/airflow/example_dags/example_latest_only_with_trigger.py
[2024-06-10T14:12:33.573+0000] {processor.py:830} INFO - Processing file /home/airflow/.local/lib/python3.12/site-packages/airflow/example_dags/example_latest_only_with_trigger.py for tasks to queue
[2024-06-10T14:12:33.576+0000] {logging_mixin.py:188} INFO - [2024-06-10T14:12:33.575+0000] {dagbag.py:545} INFO - Filling up the DagBag from /home/airflow/.local/lib/python3.12/site-packages/airflow/example_dags/example_latest_only_with_trigger.py
[2024-06-10T14:12:33.583+0000] {processor.py:840} INFO - DAG(s) 'latest_only_with_trigger' retrieved from /home/airflow/.local/lib/python3.12/site-packages/airflow/example_dags/example_latest_only_with_trigger.py
[2024-06-10T14:12:33.619+0000] {logging_mixin.py:188} INFO - [2024-06-10T14:12:33.618+0000] {dag.py:3096} INFO - Sync 1 DAGs
[2024-06-10T14:12:33.655+0000] {logging_mixin.py:188} INFO - [2024-06-10T14:12:33.655+0000] {dag.py:3954} INFO - Setting next_dagrun for latest_only_with_trigger to 2024-06-10 08:00:00+00:00, run_after=2024-06-10 12:00:00+00:00
[2024-06-10T14:12:38.421+0000] {processor.py:183} INFO - Processing /home/airflow/.local/lib/python3.12/site-packages/airflow/example_dags/example_latest_only_with_trigger.py took 4.858 seconds
[2024-06-10T14:13:09.087+0000] {processor.py:161} INFO - Started process (PID=846) to work on /home/airflow/.local/lib/python3.12/site-packages/airflow/example_dags/example_latest_only_with_trigger.py
[2024-06-10T14:13:09.088+0000] {processor.py:830} INFO - Processing file /home/airflow/.local/lib/python3.12/site-packages/airflow/example_dags/example_latest_only_with_trigger.py for tasks to queue
[2024-06-10T14:13:09.090+0000] {logging_mixin.py:188} INFO - [2024-06-10T14:13:09.090+0000] {dagbag.py:545} INFO - Filling up the DagBag from /home/airflow/.local/lib/python3.12/site-packages/airflow/example_dags/example_latest_only_with_trigger.py
[2024-06-10T14:13:09.095+0000] {processor.py:840} INFO - DAG(s) 'latest_only_with_trigger' retrieved from /home/airflow/.local/lib/python3.12/site-packages/airflow/example_dags/example_latest_only_with_trigger.py
[2024-06-10T14:13:09.116+0000] {logging_mixin.py:188} INFO - [2024-06-10T14:13:09.116+0000] {dag.py:3096} INFO - Sync 1 DAGs
[2024-06-10T14:13:09.138+0000] {logging_mixin.py:188} INFO - [2024-06-10T14:13:09.138+0000] {dag.py:3954} INFO - Setting next_dagrun for latest_only_with_trigger to 2024-06-10 08:00:00+00:00, run_after=2024-06-10 12:00:00+00:00
[2024-06-10T14:13:09.159+0000] {processor.py:183} INFO - Processing /home/airflow/.local/lib/python3.12/site-packages/airflow/example_dags/example_latest_only_with_trigger.py took 0.077 seconds
[2024-06-10T14:13:39.445+0000] {processor.py:161} INFO - Started process (PID=915) to work on /home/airflow/.local/lib/python3.12/site-packages/airflow/example_dags/example_latest_only_with_trigger.py
[2024-06-10T14:13:39.446+0000] {processor.py:830} INFO - Processing file /home/airflow/.local/lib/python3.12/site-packages/airflow/example_dags/example_latest_only_with_trigger.py for tasks to queue
[2024-06-10T14:13:39.451+0000] {logging_mixin.py:188} INFO - [2024-06-10T14:13:39.450+0000] {dagbag.py:545} INFO - Filling up the DagBag from /home/airflow/.local/lib/python3.12/site-packages/airflow/example_dags/example_latest_only_with_trigger.py
[2024-06-10T14:13:39.457+0000] {processor.py:840} INFO - DAG(s) 'latest_only_with_trigger' retrieved from /home/airflow/.local/lib/python3.12/site-packages/airflow/example_dags/example_latest_only_with_trigger.py
[2024-06-10T14:13:39.480+0000] {logging_mixin.py:188} INFO - [2024-06-10T14:13:39.479+0000] {dag.py:3096} INFO - Sync 1 DAGs
[2024-06-10T14:13:39.506+0000] {logging_mixin.py:188} INFO - [2024-06-10T14:13:39.506+0000] {dag.py:3954} INFO - Setting next_dagrun for latest_only_with_trigger to 2024-06-10 08:00:00+00:00, run_after=2024-06-10 12:00:00+00:00
[2024-06-10T14:13:39.529+0000] {processor.py:183} INFO - Processing /home/airflow/.local/lib/python3.12/site-packages/airflow/example_dags/example_latest_only_with_trigger.py took 0.089 seconds
[2024-06-10T14:14:09.655+0000] {processor.py:161} INFO - Started process (PID=984) to work on /home/airflow/.local/lib/python3.12/site-packages/airflow/example_dags/example_latest_only_with_trigger.py
[2024-06-10T14:14:09.657+0000] {processor.py:830} INFO - Processing file /home/airflow/.local/lib/python3.12/site-packages/airflow/example_dags/example_latest_only_with_trigger.py for tasks to queue
[2024-06-10T14:14:09.659+0000] {logging_mixin.py:188} INFO - [2024-06-10T14:14:09.659+0000] {dagbag.py:545} INFO - Filling up the DagBag from /home/airflow/.local/lib/python3.12/site-packages/airflow/example_dags/example_latest_only_with_trigger.py
[2024-06-10T14:14:09.667+0000] {processor.py:840} INFO - DAG(s) 'latest_only_with_trigger' retrieved from /home/airflow/.local/lib/python3.12/site-packages/airflow/example_dags/example_latest_only_with_trigger.py
[2024-06-10T14:14:09.689+0000] {logging_mixin.py:188} INFO - [2024-06-10T14:14:09.688+0000] {dag.py:3096} INFO - Sync 1 DAGs
[2024-06-10T14:14:09.714+0000] {logging_mixin.py:188} INFO - [2024-06-10T14:14:09.714+0000] {dag.py:3954} INFO - Setting next_dagrun for latest_only_with_trigger to 2024-06-10 08:00:00+00:00, run_after=2024-06-10 12:00:00+00:00
[2024-06-10T14:14:09.736+0000] {processor.py:183} INFO - Processing /home/airflow/.local/lib/python3.12/site-packages/airflow/example_dags/example_latest_only_with_trigger.py took 0.088 seconds
[2024-06-10T14:14:40.536+0000] {processor.py:161} INFO - Started process (PID=1053) to work on /home/airflow/.local/lib/python3.12/site-packages/airflow/example_dags/example_latest_only_with_trigger.py
[2024-06-10T14:14:40.538+0000] {processor.py:830} INFO - Processing file /home/airflow/.local/lib/python3.12/site-packages/airflow/example_dags/example_latest_only_with_trigger.py for tasks to queue
[2024-06-10T14:14:40.540+0000] {logging_mixin.py:188} INFO - [2024-06-10T14:14:40.540+0000] {dagbag.py:545} INFO - Filling up the DagBag from /home/airflow/.local/lib/python3.12/site-packages/airflow/example_dags/example_latest_only_with_trigger.py
[2024-06-10T14:14:40.546+0000] {processor.py:840} INFO - DAG(s) 'latest_only_with_trigger' retrieved from /home/airflow/.local/lib/python3.12/site-packages/airflow/example_dags/example_latest_only_with_trigger.py
[2024-06-10T14:14:40.568+0000] {logging_mixin.py:188} INFO - [2024-06-10T14:14:40.568+0000] {dag.py:3096} INFO - Sync 1 DAGs
[2024-06-10T14:14:40.589+0000] {logging_mixin.py:188} INFO - [2024-06-10T14:14:40.589+0000] {dag.py:3954} INFO - Setting next_dagrun for latest_only_with_trigger to 2024-06-10 08:00:00+00:00, run_after=2024-06-10 12:00:00+00:00
[2024-06-10T14:14:40.608+0000] {processor.py:183} INFO - Processing /home/airflow/.local/lib/python3.12/site-packages/airflow/example_dags/example_latest_only_with_trigger.py took 0.079 seconds
[2024-06-10T14:15:11.260+0000] {processor.py:161} INFO - Started process (PID=1123) to work on /home/airflow/.local/lib/python3.12/site-packages/airflow/example_dags/example_latest_only_with_trigger.py
[2024-06-10T14:15:11.262+0000] {processor.py:830} INFO - Processing file /home/airflow/.local/lib/python3.12/site-packages/airflow/example_dags/example_latest_only_with_trigger.py for tasks to queue
[2024-06-10T14:15:11.263+0000] {logging_mixin.py:188} INFO - [2024-06-10T14:15:11.263+0000] {dagbag.py:545} INFO - Filling up the DagBag from /home/airflow/.local/lib/python3.12/site-packages/airflow/example_dags/example_latest_only_with_trigger.py
[2024-06-10T14:15:11.268+0000] {processor.py:840} INFO - DAG(s) 'latest_only_with_trigger' retrieved from /home/airflow/.local/lib/python3.12/site-packages/airflow/example_dags/example_latest_only_with_trigger.py
[2024-06-10T14:15:11.289+0000] {logging_mixin.py:188} INFO - [2024-06-10T14:15:11.288+0000] {dag.py:3096} INFO - Sync 1 DAGs
[2024-06-10T14:15:11.307+0000] {logging_mixin.py:188} INFO - [2024-06-10T14:15:11.307+0000] {dag.py:3954} INFO - Setting next_dagrun for latest_only_with_trigger to 2024-06-10 08:00:00+00:00, run_after=2024-06-10 12:00:00+00:00
[2024-06-10T14:15:11.327+0000] {processor.py:183} INFO - Processing /home/airflow/.local/lib/python3.12/site-packages/airflow/example_dags/example_latest_only_with_trigger.py took 0.072 seconds
[2024-06-10T14:15:41.454+0000] {processor.py:161} INFO - Started process (PID=1191) to work on /home/airflow/.local/lib/python3.12/site-packages/airflow/example_dags/example_latest_only_with_trigger.py
[2024-06-10T14:15:41.456+0000] {processor.py:830} INFO - Processing file /home/airflow/.local/lib/python3.12/site-packages/airflow/example_dags/example_latest_only_with_trigger.py for tasks to queue
[2024-06-10T14:15:41.458+0000] {logging_mixin.py:188} INFO - [2024-06-10T14:15:41.457+0000] {dagbag.py:545} INFO - Filling up the DagBag from /home/airflow/.local/lib/python3.12/site-packages/airflow/example_dags/example_latest_only_with_trigger.py
[2024-06-10T14:15:41.464+0000] {processor.py:840} INFO - DAG(s) 'latest_only_with_trigger' retrieved from /home/airflow/.local/lib/python3.12/site-packages/airflow/example_dags/example_latest_only_with_trigger.py
[2024-06-10T14:15:41.485+0000] {logging_mixin.py:188} INFO - [2024-06-10T14:15:41.485+0000] {dag.py:3096} INFO - Sync 1 DAGs
[2024-06-10T14:15:41.506+0000] {logging_mixin.py:188} INFO - [2024-06-10T14:15:41.506+0000] {dag.py:3954} INFO - Setting next_dagrun for latest_only_with_trigger to 2024-06-10 08:00:00+00:00, run_after=2024-06-10 12:00:00+00:00
[2024-06-10T14:15:41.527+0000] {processor.py:183} INFO - Processing /home/airflow/.local/lib/python3.12/site-packages/airflow/example_dags/example_latest_only_with_trigger.py took 0.080 seconds
[2024-06-10T14:16:11.687+0000] {processor.py:161} INFO - Started process (PID=1251) to work on /home/airflow/.local/lib/python3.12/site-packages/airflow/example_dags/example_latest_only_with_trigger.py
[2024-06-10T14:16:11.689+0000] {processor.py:830} INFO - Processing file /home/airflow/.local/lib/python3.12/site-packages/airflow/example_dags/example_latest_only_with_trigger.py for tasks to queue
[2024-06-10T14:16:11.690+0000] {logging_mixin.py:188} INFO - [2024-06-10T14:16:11.690+0000] {dagbag.py:545} INFO - Filling up the DagBag from /home/airflow/.local/lib/python3.12/site-packages/airflow/example_dags/example_latest_only_with_trigger.py
[2024-06-10T14:16:11.696+0000] {processor.py:840} INFO - DAG(s) 'latest_only_with_trigger' retrieved from /home/airflow/.local/lib/python3.12/site-packages/airflow/example_dags/example_latest_only_with_trigger.py
[2024-06-10T14:16:11.719+0000] {logging_mixin.py:188} INFO - [2024-06-10T14:16:11.719+0000] {dag.py:3096} INFO - Sync 1 DAGs
[2024-06-10T14:16:11.748+0000] {logging_mixin.py:188} INFO - [2024-06-10T14:16:11.748+0000] {dag.py:3954} INFO - Setting next_dagrun for latest_only_with_trigger to 2024-06-10 08:00:00+00:00, run_after=2024-06-10 12:00:00+00:00
[2024-06-10T14:16:11.769+0000] {processor.py:183} INFO - Processing /home/airflow/.local/lib/python3.12/site-packages/airflow/example_dags/example_latest_only_with_trigger.py took 0.087 seconds
[2024-06-10T14:16:42.543+0000] {processor.py:161} INFO - Started process (PID=1311) to work on /home/airflow/.local/lib/python3.12/site-packages/airflow/example_dags/example_latest_only_with_trigger.py
[2024-06-10T14:16:42.544+0000] {processor.py:830} INFO - Processing file /home/airflow/.local/lib/python3.12/site-packages/airflow/example_dags/example_latest_only_with_trigger.py for tasks to queue
[2024-06-10T14:16:42.545+0000] {logging_mixin.py:188} INFO - [2024-06-10T14:16:42.545+0000] {dagbag.py:545} INFO - Filling up the DagBag from /home/airflow/.local/lib/python3.12/site-packages/airflow/example_dags/example_latest_only_with_trigger.py
[2024-06-10T14:16:42.552+0000] {processor.py:840} INFO - DAG(s) 'latest_only_with_trigger' retrieved from /home/airflow/.local/lib/python3.12/site-packages/airflow/example_dags/example_latest_only_with_trigger.py
[2024-06-10T14:16:42.577+0000] {logging_mixin.py:188} INFO - [2024-06-10T14:16:42.577+0000] {dag.py:3096} INFO - Sync 1 DAGs
[2024-06-10T14:16:42.627+0000] {logging_mixin.py:188} INFO - [2024-06-10T14:16:42.627+0000] {dag.py:3954} INFO - Setting next_dagrun for latest_only_with_trigger to 2024-06-10 08:00:00+00:00, run_after=2024-06-10 12:00:00+00:00
[2024-06-10T14:16:42.649+0000] {processor.py:183} INFO - Processing /home/airflow/.local/lib/python3.12/site-packages/airflow/example_dags/example_latest_only_with_trigger.py took 0.111 seconds
[2024-06-10T14:17:13.421+0000] {processor.py:161} INFO - Started process (PID=1371) to work on /home/airflow/.local/lib/python3.12/site-packages/airflow/example_dags/example_latest_only_with_trigger.py
[2024-06-10T14:17:13.423+0000] {processor.py:830} INFO - Processing file /home/airflow/.local/lib/python3.12/site-packages/airflow/example_dags/example_latest_only_with_trigger.py for tasks to queue
[2024-06-10T14:17:13.424+0000] {logging_mixin.py:188} INFO - [2024-06-10T14:17:13.424+0000] {dagbag.py:545} INFO - Filling up the DagBag from /home/airflow/.local/lib/python3.12/site-packages/airflow/example_dags/example_latest_only_with_trigger.py
[2024-06-10T14:17:13.430+0000] {processor.py:840} INFO - DAG(s) 'latest_only_with_trigger' retrieved from /home/airflow/.local/lib/python3.12/site-packages/airflow/example_dags/example_latest_only_with_trigger.py
[2024-06-10T14:17:13.526+0000] {logging_mixin.py:188} INFO - [2024-06-10T14:17:13.526+0000] {dag.py:3096} INFO - Sync 1 DAGs
[2024-06-10T14:17:13.544+0000] {logging_mixin.py:188} INFO - [2024-06-10T14:17:13.544+0000] {dag.py:3954} INFO - Setting next_dagrun for latest_only_with_trigger to 2024-06-10 08:00:00+00:00, run_after=2024-06-10 12:00:00+00:00
[2024-06-10T14:17:13.564+0000] {processor.py:183} INFO - Processing /home/airflow/.local/lib/python3.12/site-packages/airflow/example_dags/example_latest_only_with_trigger.py took 0.148 seconds
[2024-06-10T14:17:44.239+0000] {processor.py:161} INFO - Started process (PID=1431) to work on /home/airflow/.local/lib/python3.12/site-packages/airflow/example_dags/example_latest_only_with_trigger.py
[2024-06-10T14:17:44.242+0000] {processor.py:830} INFO - Processing file /home/airflow/.local/lib/python3.12/site-packages/airflow/example_dags/example_latest_only_with_trigger.py for tasks to queue
[2024-06-10T14:17:44.243+0000] {logging_mixin.py:188} INFO - [2024-06-10T14:17:44.243+0000] {dagbag.py:545} INFO - Filling up the DagBag from /home/airflow/.local/lib/python3.12/site-packages/airflow/example_dags/example_latest_only_with_trigger.py
[2024-06-10T14:17:44.251+0000] {processor.py:840} INFO - DAG(s) 'latest_only_with_trigger' retrieved from /home/airflow/.local/lib/python3.12/site-packages/airflow/example_dags/example_latest_only_with_trigger.py
[2024-06-10T14:17:44.277+0000] {logging_mixin.py:188} INFO - [2024-06-10T14:17:44.277+0000] {dag.py:3096} INFO - Sync 1 DAGs
[2024-06-10T14:17:44.322+0000] {logging_mixin.py:188} INFO - [2024-06-10T14:17:44.322+0000] {dag.py:3954} INFO - Setting next_dagrun for latest_only_with_trigger to 2024-06-10 08:00:00+00:00, run_after=2024-06-10 12:00:00+00:00
[2024-06-10T14:17:44.524+0000] {processor.py:183} INFO - Processing /home/airflow/.local/lib/python3.12/site-packages/airflow/example_dags/example_latest_only_with_trigger.py took 0.291 seconds
[2024-06-10T14:18:19.482+0000] {processor.py:161} INFO - Started process (PID=1490) to work on /home/airflow/.local/lib/python3.12/site-packages/airflow/example_dags/example_latest_only_with_trigger.py
[2024-06-10T14:18:19.484+0000] {processor.py:830} INFO - Processing file /home/airflow/.local/lib/python3.12/site-packages/airflow/example_dags/example_latest_only_with_trigger.py for tasks to queue
[2024-06-10T14:18:19.486+0000] {logging_mixin.py:188} INFO - [2024-06-10T14:18:19.485+0000] {dagbag.py:545} INFO - Filling up the DagBag from /home/airflow/.local/lib/python3.12/site-packages/airflow/example_dags/example_latest_only_with_trigger.py
[2024-06-10T14:18:19.496+0000] {processor.py:840} INFO - DAG(s) 'latest_only_with_trigger' retrieved from /home/airflow/.local/lib/python3.12/site-packages/airflow/example_dags/example_latest_only_with_trigger.py
[2024-06-10T14:18:19.525+0000] {logging_mixin.py:188} INFO - [2024-06-10T14:18:19.525+0000] {dag.py:3096} INFO - Sync 1 DAGs
[2024-06-10T14:18:19.566+0000] {logging_mixin.py:188} INFO - [2024-06-10T14:18:19.565+0000] {dag.py:3954} INFO - Setting next_dagrun for latest_only_with_trigger to 2024-06-10 08:00:00+00:00, run_after=2024-06-10 12:00:00+00:00
[2024-06-10T14:18:19.591+0000] {processor.py:183} INFO - Processing /home/airflow/.local/lib/python3.12/site-packages/airflow/example_dags/example_latest_only_with_trigger.py took 0.116 seconds
[2024-06-10T14:18:50.286+0000] {processor.py:161} INFO - Started process (PID=1549) to work on /home/airflow/.local/lib/python3.12/site-packages/airflow/example_dags/example_latest_only_with_trigger.py
[2024-06-10T14:18:50.287+0000] {processor.py:830} INFO - Processing file /home/airflow/.local/lib/python3.12/site-packages/airflow/example_dags/example_latest_only_with_trigger.py for tasks to queue
[2024-06-10T14:18:50.289+0000] {logging_mixin.py:188} INFO - [2024-06-10T14:18:50.288+0000] {dagbag.py:545} INFO - Filling up the DagBag from /home/airflow/.local/lib/python3.12/site-packages/airflow/example_dags/example_latest_only_with_trigger.py
[2024-06-10T14:18:50.294+0000] {processor.py:840} INFO - DAG(s) 'latest_only_with_trigger' retrieved from /home/airflow/.local/lib/python3.12/site-packages/airflow/example_dags/example_latest_only_with_trigger.py
[2024-06-10T14:18:50.309+0000] {logging_mixin.py:188} INFO - [2024-06-10T14:18:50.309+0000] {dag.py:3096} INFO - Sync 1 DAGs
[2024-06-10T14:18:50.333+0000] {logging_mixin.py:188} INFO - [2024-06-10T14:18:50.333+0000] {dag.py:3954} INFO - Setting next_dagrun for latest_only_with_trigger to 2024-06-10 08:00:00+00:00, run_after=2024-06-10 12:00:00+00:00
[2024-06-10T14:18:50.354+0000] {processor.py:183} INFO - Processing /home/airflow/.local/lib/python3.12/site-packages/airflow/example_dags/example_latest_only_with_trigger.py took 0.075 seconds
[2024-06-10T14:19:20.553+0000] {processor.py:161} INFO - Started process (PID=1609) to work on /home/airflow/.local/lib/python3.12/site-packages/airflow/example_dags/example_latest_only_with_trigger.py
[2024-06-10T14:19:20.556+0000] {processor.py:830} INFO - Processing file /home/airflow/.local/lib/python3.12/site-packages/airflow/example_dags/example_latest_only_with_trigger.py for tasks to queue
[2024-06-10T14:19:20.557+0000] {logging_mixin.py:188} INFO - [2024-06-10T14:19:20.557+0000] {dagbag.py:545} INFO - Filling up the DagBag from /home/airflow/.local/lib/python3.12/site-packages/airflow/example_dags/example_latest_only_with_trigger.py
[2024-06-10T14:19:20.564+0000] {processor.py:840} INFO - DAG(s) 'latest_only_with_trigger' retrieved from /home/airflow/.local/lib/python3.12/site-packages/airflow/example_dags/example_latest_only_with_trigger.py
[2024-06-10T14:19:20.676+0000] {logging_mixin.py:188} INFO - [2024-06-10T14:19:20.675+0000] {dag.py:3096} INFO - Sync 1 DAGs
[2024-06-10T14:19:20.700+0000] {logging_mixin.py:188} INFO - [2024-06-10T14:19:20.699+0000] {dag.py:3954} INFO - Setting next_dagrun for latest_only_with_trigger to 2024-06-10 08:00:00+00:00, run_after=2024-06-10 12:00:00+00:00
[2024-06-10T14:19:20.723+0000] {processor.py:183} INFO - Processing /home/airflow/.local/lib/python3.12/site-packages/airflow/example_dags/example_latest_only_with_trigger.py took 0.177 seconds
[2024-06-10T14:19:51.262+0000] {processor.py:161} INFO - Started process (PID=1669) to work on /home/airflow/.local/lib/python3.12/site-packages/airflow/example_dags/example_latest_only_with_trigger.py
[2024-06-10T14:19:51.263+0000] {processor.py:830} INFO - Processing file /home/airflow/.local/lib/python3.12/site-packages/airflow/example_dags/example_latest_only_with_trigger.py for tasks to queue
[2024-06-10T14:19:51.264+0000] {logging_mixin.py:188} INFO - [2024-06-10T14:19:51.264+0000] {dagbag.py:545} INFO - Filling up the DagBag from /home/airflow/.local/lib/python3.12/site-packages/airflow/example_dags/example_latest_only_with_trigger.py
[2024-06-10T14:19:51.269+0000] {processor.py:840} INFO - DAG(s) 'latest_only_with_trigger' retrieved from /home/airflow/.local/lib/python3.12/site-packages/airflow/example_dags/example_latest_only_with_trigger.py
[2024-06-10T14:19:51.292+0000] {logging_mixin.py:188} INFO - [2024-06-10T14:19:51.291+0000] {dag.py:3096} INFO - Sync 1 DAGs
[2024-06-10T14:19:51.315+0000] {logging_mixin.py:188} INFO - [2024-06-10T14:19:51.315+0000] {dag.py:3954} INFO - Setting next_dagrun for latest_only_with_trigger to 2024-06-10 08:00:00+00:00, run_after=2024-06-10 12:00:00+00:00
[2024-06-10T14:19:51.335+0000] {processor.py:183} INFO - Processing /home/airflow/.local/lib/python3.12/site-packages/airflow/example_dags/example_latest_only_with_trigger.py took 0.079 seconds
[2024-06-10T14:20:21.637+0000] {processor.py:161} INFO - Started process (PID=1729) to work on /home/airflow/.local/lib/python3.12/site-packages/airflow/example_dags/example_latest_only_with_trigger.py
[2024-06-10T14:20:21.638+0000] {processor.py:830} INFO - Processing file /home/airflow/.local/lib/python3.12/site-packages/airflow/example_dags/example_latest_only_with_trigger.py for tasks to queue
[2024-06-10T14:20:21.640+0000] {logging_mixin.py:188} INFO - [2024-06-10T14:20:21.639+0000] {dagbag.py:545} INFO - Filling up the DagBag from /home/airflow/.local/lib/python3.12/site-packages/airflow/example_dags/example_latest_only_with_trigger.py
[2024-06-10T14:20:21.646+0000] {processor.py:840} INFO - DAG(s) 'latest_only_with_trigger' retrieved from /home/airflow/.local/lib/python3.12/site-packages/airflow/example_dags/example_latest_only_with_trigger.py
[2024-06-10T14:20:21.672+0000] {logging_mixin.py:188} INFO - [2024-06-10T14:20:21.672+0000] {dag.py:3096} INFO - Sync 1 DAGs
[2024-06-10T14:20:21.697+0000] {logging_mixin.py:188} INFO - [2024-06-10T14:20:21.697+0000] {dag.py:3954} INFO - Setting next_dagrun for latest_only_with_trigger to 2024-06-10 08:00:00+00:00, run_after=2024-06-10 12:00:00+00:00
[2024-06-10T14:20:21.723+0000] {processor.py:183} INFO - Processing /home/airflow/.local/lib/python3.12/site-packages/airflow/example_dags/example_latest_only_with_trigger.py took 0.092 seconds
[2024-06-10T14:20:52.022+0000] {processor.py:161} INFO - Started process (PID=1789) to work on /home/airflow/.local/lib/python3.12/site-packages/airflow/example_dags/example_latest_only_with_trigger.py
[2024-06-10T14:20:52.023+0000] {processor.py:830} INFO - Processing file /home/airflow/.local/lib/python3.12/site-packages/airflow/example_dags/example_latest_only_with_trigger.py for tasks to queue
[2024-06-10T14:20:52.024+0000] {logging_mixin.py:188} INFO - [2024-06-10T14:20:52.024+0000] {dagbag.py:545} INFO - Filling up the DagBag from /home/airflow/.local/lib/python3.12/site-packages/airflow/example_dags/example_latest_only_with_trigger.py
[2024-06-10T14:20:52.029+0000] {processor.py:840} INFO - DAG(s) 'latest_only_with_trigger' retrieved from /home/airflow/.local/lib/python3.12/site-packages/airflow/example_dags/example_latest_only_with_trigger.py
[2024-06-10T14:20:52.049+0000] {logging_mixin.py:188} INFO - [2024-06-10T14:20:52.049+0000] {dag.py:3096} INFO - Sync 1 DAGs
[2024-06-10T14:20:52.071+0000] {logging_mixin.py:188} INFO - [2024-06-10T14:20:52.071+0000] {dag.py:3954} INFO - Setting next_dagrun for latest_only_with_trigger to 2024-06-10 08:00:00+00:00, run_after=2024-06-10 12:00:00+00:00
[2024-06-10T14:20:52.094+0000] {processor.py:183} INFO - Processing /home/airflow/.local/lib/python3.12/site-packages/airflow/example_dags/example_latest_only_with_trigger.py took 0.077 seconds
[2024-06-10T14:21:22.250+0000] {processor.py:161} INFO - Started process (PID=1849) to work on /home/airflow/.local/lib/python3.12/site-packages/airflow/example_dags/example_latest_only_with_trigger.py
[2024-06-10T14:21:22.251+0000] {processor.py:830} INFO - Processing file /home/airflow/.local/lib/python3.12/site-packages/airflow/example_dags/example_latest_only_with_trigger.py for tasks to queue
[2024-06-10T14:21:22.253+0000] {logging_mixin.py:188} INFO - [2024-06-10T14:21:22.252+0000] {dagbag.py:545} INFO - Filling up the DagBag from /home/airflow/.local/lib/python3.12/site-packages/airflow/example_dags/example_latest_only_with_trigger.py
[2024-06-10T14:21:22.258+0000] {processor.py:840} INFO - DAG(s) 'latest_only_with_trigger' retrieved from /home/airflow/.local/lib/python3.12/site-packages/airflow/example_dags/example_latest_only_with_trigger.py
[2024-06-10T14:21:22.281+0000] {logging_mixin.py:188} INFO - [2024-06-10T14:21:22.281+0000] {dag.py:3096} INFO - Sync 1 DAGs
[2024-06-10T14:21:22.300+0000] {logging_mixin.py:188} INFO - [2024-06-10T14:21:22.300+0000] {dag.py:3954} INFO - Setting next_dagrun for latest_only_with_trigger to 2024-06-10 08:00:00+00:00, run_after=2024-06-10 12:00:00+00:00
[2024-06-10T14:21:22.319+0000] {processor.py:183} INFO - Processing /home/airflow/.local/lib/python3.12/site-packages/airflow/example_dags/example_latest_only_with_trigger.py took 0.074 seconds
[2024-06-10T14:21:53.079+0000] {processor.py:161} INFO - Started process (PID=1909) to work on /home/airflow/.local/lib/python3.12/site-packages/airflow/example_dags/example_latest_only_with_trigger.py
[2024-06-10T14:21:53.080+0000] {processor.py:830} INFO - Processing file /home/airflow/.local/lib/python3.12/site-packages/airflow/example_dags/example_latest_only_with_trigger.py for tasks to queue
[2024-06-10T14:21:53.081+0000] {logging_mixin.py:188} INFO - [2024-06-10T14:21:53.081+0000] {dagbag.py:545} INFO - Filling up the DagBag from /home/airflow/.local/lib/python3.12/site-packages/airflow/example_dags/example_latest_only_with_trigger.py
[2024-06-10T14:21:53.086+0000] {processor.py:840} INFO - DAG(s) 'latest_only_with_trigger' retrieved from /home/airflow/.local/lib/python3.12/site-packages/airflow/example_dags/example_latest_only_with_trigger.py
[2024-06-10T14:21:53.108+0000] {logging_mixin.py:188} INFO - [2024-06-10T14:21:53.108+0000] {dag.py:3096} INFO - Sync 1 DAGs
[2024-06-10T14:21:53.134+0000] {logging_mixin.py:188} INFO - [2024-06-10T14:21:53.134+0000] {dag.py:3954} INFO - Setting next_dagrun for latest_only_with_trigger to 2024-06-10 08:00:00+00:00, run_after=2024-06-10 12:00:00+00:00
[2024-06-10T14:21:53.156+0000] {processor.py:183} INFO - Processing /home/airflow/.local/lib/python3.12/site-packages/airflow/example_dags/example_latest_only_with_trigger.py took 0.082 seconds
[2024-06-10T14:26:17.840+0000] {processor.py:161} INFO - Started process (PID=76) to work on /home/airflow/.local/lib/python3.12/site-packages/airflow/example_dags/example_latest_only_with_trigger.py
[2024-06-10T14:26:17.841+0000] {processor.py:830} INFO - Processing file /home/airflow/.local/lib/python3.12/site-packages/airflow/example_dags/example_latest_only_with_trigger.py for tasks to queue
[2024-06-10T14:26:17.843+0000] {logging_mixin.py:188} INFO - [2024-06-10T14:26:17.843+0000] {dagbag.py:545} INFO - Filling up the DagBag from /home/airflow/.local/lib/python3.12/site-packages/airflow/example_dags/example_latest_only_with_trigger.py
[2024-06-10T14:26:17.848+0000] {processor.py:840} INFO - DAG(s) 'latest_only_with_trigger' retrieved from /home/airflow/.local/lib/python3.12/site-packages/airflow/example_dags/example_latest_only_with_trigger.py
[2024-06-10T14:26:17.963+0000] {logging_mixin.py:188} INFO - [2024-06-10T14:26:17.962+0000] {override.py:1829} INFO - Created Permission View: can delete on DAG:latest_only_with_trigger
[2024-06-10T14:26:17.975+0000] {logging_mixin.py:188} INFO - [2024-06-10T14:26:17.975+0000] {override.py:1829} INFO - Created Permission View: can read on DAG:latest_only_with_trigger
[2024-06-10T14:26:17.984+0000] {logging_mixin.py:188} INFO - [2024-06-10T14:26:17.983+0000] {override.py:1829} INFO - Created Permission View: can edit on DAG:latest_only_with_trigger
[2024-06-10T14:26:17.985+0000] {logging_mixin.py:188} INFO - [2024-06-10T14:26:17.985+0000] {dag.py:3096} INFO - Sync 1 DAGs
[2024-06-10T14:26:17.998+0000] {logging_mixin.py:188} INFO - [2024-06-10T14:26:17.998+0000] {dag.py:3118} INFO - Creating ORM DAG for latest_only_with_trigger
[2024-06-10T14:26:18.009+0000] {logging_mixin.py:188} INFO - [2024-06-10T14:26:18.008+0000] {dag.py:3954} INFO - Setting next_dagrun for latest_only_with_trigger to 2024-06-10 08:00:00+00:00, run_after=2024-06-10 12:00:00+00:00
[2024-06-10T14:26:18.030+0000] {processor.py:183} INFO - Processing /home/airflow/.local/lib/python3.12/site-packages/airflow/example_dags/example_latest_only_with_trigger.py took 0.195 seconds
[2024-06-10T14:26:48.335+0000] {processor.py:161} INFO - Started process (PID=136) to work on /home/airflow/.local/lib/python3.12/site-packages/airflow/example_dags/example_latest_only_with_trigger.py
[2024-06-10T14:26:48.337+0000] {processor.py:830} INFO - Processing file /home/airflow/.local/lib/python3.12/site-packages/airflow/example_dags/example_latest_only_with_trigger.py for tasks to queue
[2024-06-10T14:26:48.340+0000] {logging_mixin.py:188} INFO - [2024-06-10T14:26:48.340+0000] {dagbag.py:545} INFO - Filling up the DagBag from /home/airflow/.local/lib/python3.12/site-packages/airflow/example_dags/example_latest_only_with_trigger.py
[2024-06-10T14:26:48.362+0000] {processor.py:840} INFO - DAG(s) 'latest_only_with_trigger' retrieved from /home/airflow/.local/lib/python3.12/site-packages/airflow/example_dags/example_latest_only_with_trigger.py
[2024-06-10T14:26:48.378+0000] {logging_mixin.py:188} INFO - [2024-06-10T14:26:48.378+0000] {dag.py:3096} INFO - Sync 1 DAGs
[2024-06-10T14:26:48.446+0000] {logging_mixin.py:188} INFO - [2024-06-10T14:26:48.445+0000] {dag.py:3954} INFO - Setting next_dagrun for latest_only_with_trigger to 2024-06-10 08:00:00+00:00, run_after=2024-06-10 12:00:00+00:00
[2024-06-10T14:26:48.487+0000] {processor.py:183} INFO - Processing /home/airflow/.local/lib/python3.12/site-packages/airflow/example_dags/example_latest_only_with_trigger.py took 0.159 seconds
[2024-06-10T14:27:18.682+0000] {processor.py:161} INFO - Started process (PID=196) to work on /home/airflow/.local/lib/python3.12/site-packages/airflow/example_dags/example_latest_only_with_trigger.py
[2024-06-10T14:27:18.684+0000] {processor.py:830} INFO - Processing file /home/airflow/.local/lib/python3.12/site-packages/airflow/example_dags/example_latest_only_with_trigger.py for tasks to queue
[2024-06-10T14:27:18.686+0000] {logging_mixin.py:188} INFO - [2024-06-10T14:27:18.685+0000] {dagbag.py:545} INFO - Filling up the DagBag from /home/airflow/.local/lib/python3.12/site-packages/airflow/example_dags/example_latest_only_with_trigger.py
[2024-06-10T14:27:18.691+0000] {processor.py:840} INFO - DAG(s) 'latest_only_with_trigger' retrieved from /home/airflow/.local/lib/python3.12/site-packages/airflow/example_dags/example_latest_only_with_trigger.py
[2024-06-10T14:27:18.792+0000] {logging_mixin.py:188} INFO - [2024-06-10T14:27:18.791+0000] {dag.py:3096} INFO - Sync 1 DAGs
[2024-06-10T14:27:18.817+0000] {logging_mixin.py:188} INFO - [2024-06-10T14:27:18.816+0000] {dag.py:3954} INFO - Setting next_dagrun for latest_only_with_trigger to 2024-06-10 08:00:00+00:00, run_after=2024-06-10 12:00:00+00:00
[2024-06-10T14:27:18.841+0000] {processor.py:183} INFO - Processing /home/airflow/.local/lib/python3.12/site-packages/airflow/example_dags/example_latest_only_with_trigger.py took 0.165 seconds
[2024-06-10T14:27:49.019+0000] {processor.py:161} INFO - Started process (PID=256) to work on /home/airflow/.local/lib/python3.12/site-packages/airflow/example_dags/example_latest_only_with_trigger.py
[2024-06-10T14:27:49.021+0000] {processor.py:830} INFO - Processing file /home/airflow/.local/lib/python3.12/site-packages/airflow/example_dags/example_latest_only_with_trigger.py for tasks to queue
[2024-06-10T14:27:49.023+0000] {logging_mixin.py:188} INFO - [2024-06-10T14:27:49.023+0000] {dagbag.py:545} INFO - Filling up the DagBag from /home/airflow/.local/lib/python3.12/site-packages/airflow/example_dags/example_latest_only_with_trigger.py
[2024-06-10T14:27:49.028+0000] {processor.py:840} INFO - DAG(s) 'latest_only_with_trigger' retrieved from /home/airflow/.local/lib/python3.12/site-packages/airflow/example_dags/example_latest_only_with_trigger.py
[2024-06-10T14:27:49.052+0000] {logging_mixin.py:188} INFO - [2024-06-10T14:27:49.052+0000] {dag.py:3096} INFO - Sync 1 DAGs
[2024-06-10T14:27:49.077+0000] {logging_mixin.py:188} INFO - [2024-06-10T14:27:49.077+0000] {dag.py:3954} INFO - Setting next_dagrun for latest_only_with_trigger to 2024-06-10 08:00:00+00:00, run_after=2024-06-10 12:00:00+00:00
[2024-06-10T14:27:49.103+0000] {processor.py:183} INFO - Processing /home/airflow/.local/lib/python3.12/site-packages/airflow/example_dags/example_latest_only_with_trigger.py took 0.089 seconds
[2024-06-10T14:28:19.353+0000] {processor.py:161} INFO - Started process (PID=315) to work on /home/airflow/.local/lib/python3.12/site-packages/airflow/example_dags/example_latest_only_with_trigger.py
[2024-06-10T14:28:19.355+0000] {processor.py:830} INFO - Processing file /home/airflow/.local/lib/python3.12/site-packages/airflow/example_dags/example_latest_only_with_trigger.py for tasks to queue
[2024-06-10T14:28:19.357+0000] {logging_mixin.py:188} INFO - [2024-06-10T14:28:19.357+0000] {dagbag.py:545} INFO - Filling up the DagBag from /home/airflow/.local/lib/python3.12/site-packages/airflow/example_dags/example_latest_only_with_trigger.py
[2024-06-10T14:28:19.363+0000] {processor.py:840} INFO - DAG(s) 'latest_only_with_trigger' retrieved from /home/airflow/.local/lib/python3.12/site-packages/airflow/example_dags/example_latest_only_with_trigger.py
[2024-06-10T14:28:19.390+0000] {logging_mixin.py:188} INFO - [2024-06-10T14:28:19.390+0000] {dag.py:3096} INFO - Sync 1 DAGs
[2024-06-10T14:28:19.425+0000] {logging_mixin.py:188} INFO - [2024-06-10T14:28:19.425+0000] {dag.py:3954} INFO - Setting next_dagrun for latest_only_with_trigger to 2024-06-10 08:00:00+00:00, run_after=2024-06-10 12:00:00+00:00
[2024-06-10T14:28:19.452+0000] {processor.py:183} INFO - Processing /home/airflow/.local/lib/python3.12/site-packages/airflow/example_dags/example_latest_only_with_trigger.py took 0.107 seconds
[2024-06-10T14:28:50.492+0000] {processor.py:161} INFO - Started process (PID=375) to work on /home/airflow/.local/lib/python3.12/site-packages/airflow/example_dags/example_latest_only_with_trigger.py
[2024-06-10T14:28:50.493+0000] {processor.py:830} INFO - Processing file /home/airflow/.local/lib/python3.12/site-packages/airflow/example_dags/example_latest_only_with_trigger.py for tasks to queue
[2024-06-10T14:28:50.495+0000] {logging_mixin.py:188} INFO - [2024-06-10T14:28:50.495+0000] {dagbag.py:545} INFO - Filling up the DagBag from /home/airflow/.local/lib/python3.12/site-packages/airflow/example_dags/example_latest_only_with_trigger.py
[2024-06-10T14:28:50.502+0000] {processor.py:840} INFO - DAG(s) 'latest_only_with_trigger' retrieved from /home/airflow/.local/lib/python3.12/site-packages/airflow/example_dags/example_latest_only_with_trigger.py
[2024-06-10T14:28:50.523+0000] {logging_mixin.py:188} INFO - [2024-06-10T14:28:50.523+0000] {dag.py:3096} INFO - Sync 1 DAGs
[2024-06-10T14:28:50.545+0000] {logging_mixin.py:188} INFO - [2024-06-10T14:28:50.545+0000] {dag.py:3954} INFO - Setting next_dagrun for latest_only_with_trigger to 2024-06-10 08:00:00+00:00, run_after=2024-06-10 12:00:00+00:00
[2024-06-10T14:28:50.568+0000] {processor.py:183} INFO - Processing /home/airflow/.local/lib/python3.12/site-packages/airflow/example_dags/example_latest_only_with_trigger.py took 0.083 seconds
[2024-06-10T14:29:20.781+0000] {processor.py:161} INFO - Started process (PID=435) to work on /home/airflow/.local/lib/python3.12/site-packages/airflow/example_dags/example_latest_only_with_trigger.py
[2024-06-10T14:29:20.782+0000] {processor.py:830} INFO - Processing file /home/airflow/.local/lib/python3.12/site-packages/airflow/example_dags/example_latest_only_with_trigger.py for tasks to queue
[2024-06-10T14:29:20.784+0000] {logging_mixin.py:188} INFO - [2024-06-10T14:29:20.784+0000] {dagbag.py:545} INFO - Filling up the DagBag from /home/airflow/.local/lib/python3.12/site-packages/airflow/example_dags/example_latest_only_with_trigger.py
[2024-06-10T14:29:20.790+0000] {processor.py:840} INFO - DAG(s) 'latest_only_with_trigger' retrieved from /home/airflow/.local/lib/python3.12/site-packages/airflow/example_dags/example_latest_only_with_trigger.py
[2024-06-10T14:29:20.810+0000] {logging_mixin.py:188} INFO - [2024-06-10T14:29:20.810+0000] {dag.py:3096} INFO - Sync 1 DAGs
[2024-06-10T14:29:20.836+0000] {logging_mixin.py:188} INFO - [2024-06-10T14:29:20.835+0000] {dag.py:3954} INFO - Setting next_dagrun for latest_only_with_trigger to 2024-06-10 08:00:00+00:00, run_after=2024-06-10 12:00:00+00:00
[2024-06-10T14:29:20.858+0000] {processor.py:183} INFO - Processing /home/airflow/.local/lib/python3.12/site-packages/airflow/example_dags/example_latest_only_with_trigger.py took 0.083 seconds
[2024-06-10T14:29:51.276+0000] {processor.py:161} INFO - Started process (PID=495) to work on /home/airflow/.local/lib/python3.12/site-packages/airflow/example_dags/example_latest_only_with_trigger.py
[2024-06-10T14:29:51.277+0000] {processor.py:830} INFO - Processing file /home/airflow/.local/lib/python3.12/site-packages/airflow/example_dags/example_latest_only_with_trigger.py for tasks to queue
[2024-06-10T14:29:51.280+0000] {logging_mixin.py:188} INFO - [2024-06-10T14:29:51.280+0000] {dagbag.py:545} INFO - Filling up the DagBag from /home/airflow/.local/lib/python3.12/site-packages/airflow/example_dags/example_latest_only_with_trigger.py
[2024-06-10T14:29:51.288+0000] {processor.py:840} INFO - DAG(s) 'latest_only_with_trigger' retrieved from /home/airflow/.local/lib/python3.12/site-packages/airflow/example_dags/example_latest_only_with_trigger.py
[2024-06-10T14:29:51.313+0000] {logging_mixin.py:188} INFO - [2024-06-10T14:29:51.312+0000] {dag.py:3096} INFO - Sync 1 DAGs
[2024-06-10T14:29:51.336+0000] {logging_mixin.py:188} INFO - [2024-06-10T14:29:51.336+0000] {dag.py:3954} INFO - Setting next_dagrun for latest_only_with_trigger to 2024-06-10 08:00:00+00:00, run_after=2024-06-10 12:00:00+00:00
[2024-06-10T14:29:51.361+0000] {processor.py:183} INFO - Processing /home/airflow/.local/lib/python3.12/site-packages/airflow/example_dags/example_latest_only_with_trigger.py took 0.092 seconds
[2024-06-10T14:30:21.745+0000] {processor.py:161} INFO - Started process (PID=555) to work on /home/airflow/.local/lib/python3.12/site-packages/airflow/example_dags/example_latest_only_with_trigger.py
[2024-06-10T14:30:21.746+0000] {processor.py:830} INFO - Processing file /home/airflow/.local/lib/python3.12/site-packages/airflow/example_dags/example_latest_only_with_trigger.py for tasks to queue
[2024-06-10T14:30:21.748+0000] {logging_mixin.py:188} INFO - [2024-06-10T14:30:21.748+0000] {dagbag.py:545} INFO - Filling up the DagBag from /home/airflow/.local/lib/python3.12/site-packages/airflow/example_dags/example_latest_only_with_trigger.py
[2024-06-10T14:30:21.752+0000] {processor.py:840} INFO - DAG(s) 'latest_only_with_trigger' retrieved from /home/airflow/.local/lib/python3.12/site-packages/airflow/example_dags/example_latest_only_with_trigger.py
[2024-06-10T14:30:21.772+0000] {logging_mixin.py:188} INFO - [2024-06-10T14:30:21.772+0000] {dag.py:3096} INFO - Sync 1 DAGs
[2024-06-10T14:30:21.815+0000] {logging_mixin.py:188} INFO - [2024-06-10T14:30:21.815+0000] {dag.py:3954} INFO - Setting next_dagrun for latest_only_with_trigger to 2024-06-10 08:00:00+00:00, run_after=2024-06-10 12:00:00+00:00
[2024-06-10T14:30:21.839+0000] {processor.py:183} INFO - Processing /home/airflow/.local/lib/python3.12/site-packages/airflow/example_dags/example_latest_only_with_trigger.py took 0.099 seconds
[2024-06-10T14:30:52.364+0000] {processor.py:161} INFO - Started process (PID=615) to work on /home/airflow/.local/lib/python3.12/site-packages/airflow/example_dags/example_latest_only_with_trigger.py
[2024-06-10T14:30:52.365+0000] {processor.py:830} INFO - Processing file /home/airflow/.local/lib/python3.12/site-packages/airflow/example_dags/example_latest_only_with_trigger.py for tasks to queue
[2024-06-10T14:30:52.367+0000] {logging_mixin.py:188} INFO - [2024-06-10T14:30:52.367+0000] {dagbag.py:545} INFO - Filling up the DagBag from /home/airflow/.local/lib/python3.12/site-packages/airflow/example_dags/example_latest_only_with_trigger.py
[2024-06-10T14:30:52.373+0000] {processor.py:840} INFO - DAG(s) 'latest_only_with_trigger' retrieved from /home/airflow/.local/lib/python3.12/site-packages/airflow/example_dags/example_latest_only_with_trigger.py
[2024-06-10T14:30:52.398+0000] {logging_mixin.py:188} INFO - [2024-06-10T14:30:52.397+0000] {dag.py:3096} INFO - Sync 1 DAGs
[2024-06-10T14:30:52.426+0000] {logging_mixin.py:188} INFO - [2024-06-10T14:30:52.426+0000] {dag.py:3954} INFO - Setting next_dagrun for latest_only_with_trigger to 2024-06-10 08:00:00+00:00, run_after=2024-06-10 12:00:00+00:00
[2024-06-10T14:30:52.451+0000] {processor.py:183} INFO - Processing /home/airflow/.local/lib/python3.12/site-packages/airflow/example_dags/example_latest_only_with_trigger.py took 0.092 seconds
[2024-06-10T14:31:22.709+0000] {processor.py:161} INFO - Started process (PID=675) to work on /home/airflow/.local/lib/python3.12/site-packages/airflow/example_dags/example_latest_only_with_trigger.py
[2024-06-10T14:31:22.710+0000] {processor.py:830} INFO - Processing file /home/airflow/.local/lib/python3.12/site-packages/airflow/example_dags/example_latest_only_with_trigger.py for tasks to queue
[2024-06-10T14:31:22.713+0000] {logging_mixin.py:188} INFO - [2024-06-10T14:31:22.712+0000] {dagbag.py:545} INFO - Filling up the DagBag from /home/airflow/.local/lib/python3.12/site-packages/airflow/example_dags/example_latest_only_with_trigger.py
[2024-06-10T14:31:22.717+0000] {processor.py:840} INFO - DAG(s) 'latest_only_with_trigger' retrieved from /home/airflow/.local/lib/python3.12/site-packages/airflow/example_dags/example_latest_only_with_trigger.py
[2024-06-10T14:31:22.743+0000] {logging_mixin.py:188} INFO - [2024-06-10T14:31:22.742+0000] {dag.py:3096} INFO - Sync 1 DAGs
[2024-06-10T14:31:22.765+0000] {logging_mixin.py:188} INFO - [2024-06-10T14:31:22.764+0000] {dag.py:3954} INFO - Setting next_dagrun for latest_only_with_trigger to 2024-06-10 08:00:00+00:00, run_after=2024-06-10 12:00:00+00:00
[2024-06-10T14:31:22.788+0000] {processor.py:183} INFO - Processing /home/airflow/.local/lib/python3.12/site-packages/airflow/example_dags/example_latest_only_with_trigger.py took 0.085 seconds
[2024-06-10T14:31:53.447+0000] {processor.py:161} INFO - Started process (PID=735) to work on /home/airflow/.local/lib/python3.12/site-packages/airflow/example_dags/example_latest_only_with_trigger.py
[2024-06-10T14:31:53.449+0000] {processor.py:830} INFO - Processing file /home/airflow/.local/lib/python3.12/site-packages/airflow/example_dags/example_latest_only_with_trigger.py for tasks to queue
[2024-06-10T14:31:53.452+0000] {logging_mixin.py:188} INFO - [2024-06-10T14:31:53.451+0000] {dagbag.py:545} INFO - Filling up the DagBag from /home/airflow/.local/lib/python3.12/site-packages/airflow/example_dags/example_latest_only_with_trigger.py
[2024-06-10T14:31:53.459+0000] {processor.py:840} INFO - DAG(s) 'latest_only_with_trigger' retrieved from /home/airflow/.local/lib/python3.12/site-packages/airflow/example_dags/example_latest_only_with_trigger.py
[2024-06-10T14:31:53.491+0000] {logging_mixin.py:188} INFO - [2024-06-10T14:31:53.490+0000] {dag.py:3096} INFO - Sync 1 DAGs
[2024-06-10T14:31:53.527+0000] {logging_mixin.py:188} INFO - [2024-06-10T14:31:53.527+0000] {dag.py:3954} INFO - Setting next_dagrun for latest_only_with_trigger to 2024-06-10 08:00:00+00:00, run_after=2024-06-10 12:00:00+00:00
[2024-06-10T14:31:53.553+0000] {processor.py:183} INFO - Processing /home/airflow/.local/lib/python3.12/site-packages/airflow/example_dags/example_latest_only_with_trigger.py took 0.114 seconds
[2024-06-10T14:32:24.002+0000] {processor.py:161} INFO - Started process (PID=795) to work on /home/airflow/.local/lib/python3.12/site-packages/airflow/example_dags/example_latest_only_with_trigger.py
[2024-06-10T14:32:24.004+0000] {processor.py:830} INFO - Processing file /home/airflow/.local/lib/python3.12/site-packages/airflow/example_dags/example_latest_only_with_trigger.py for tasks to queue
[2024-06-10T14:32:24.006+0000] {logging_mixin.py:188} INFO - [2024-06-10T14:32:24.006+0000] {dagbag.py:545} INFO - Filling up the DagBag from /home/airflow/.local/lib/python3.12/site-packages/airflow/example_dags/example_latest_only_with_trigger.py
[2024-06-10T14:32:24.015+0000] {processor.py:840} INFO - DAG(s) 'latest_only_with_trigger' retrieved from /home/airflow/.local/lib/python3.12/site-packages/airflow/example_dags/example_latest_only_with_trigger.py
[2024-06-10T14:32:24.037+0000] {logging_mixin.py:188} INFO - [2024-06-10T14:32:24.036+0000] {dag.py:3096} INFO - Sync 1 DAGs
[2024-06-10T14:32:24.067+0000] {logging_mixin.py:188} INFO - [2024-06-10T14:32:24.067+0000] {dag.py:3954} INFO - Setting next_dagrun for latest_only_with_trigger to 2024-06-10 08:00:00+00:00, run_after=2024-06-10 12:00:00+00:00
[2024-06-10T14:32:24.093+0000] {processor.py:183} INFO - Processing /home/airflow/.local/lib/python3.12/site-packages/airflow/example_dags/example_latest_only_with_trigger.py took 0.100 seconds
[2024-06-10T14:32:54.539+0000] {processor.py:161} INFO - Started process (PID=855) to work on /home/airflow/.local/lib/python3.12/site-packages/airflow/example_dags/example_latest_only_with_trigger.py
[2024-06-10T14:32:54.541+0000] {processor.py:830} INFO - Processing file /home/airflow/.local/lib/python3.12/site-packages/airflow/example_dags/example_latest_only_with_trigger.py for tasks to queue
[2024-06-10T14:32:54.545+0000] {logging_mixin.py:188} INFO - [2024-06-10T14:32:54.544+0000] {dagbag.py:545} INFO - Filling up the DagBag from /home/airflow/.local/lib/python3.12/site-packages/airflow/example_dags/example_latest_only_with_trigger.py
[2024-06-10T14:32:54.551+0000] {processor.py:840} INFO - DAG(s) 'latest_only_with_trigger' retrieved from /home/airflow/.local/lib/python3.12/site-packages/airflow/example_dags/example_latest_only_with_trigger.py
[2024-06-10T14:32:54.575+0000] {logging_mixin.py:188} INFO - [2024-06-10T14:32:54.575+0000] {dag.py:3096} INFO - Sync 1 DAGs
[2024-06-10T14:32:54.603+0000] {logging_mixin.py:188} INFO - [2024-06-10T14:32:54.603+0000] {dag.py:3954} INFO - Setting next_dagrun for latest_only_with_trigger to 2024-06-10 08:00:00+00:00, run_after=2024-06-10 12:00:00+00:00
[2024-06-10T14:32:54.624+0000] {processor.py:183} INFO - Processing /home/airflow/.local/lib/python3.12/site-packages/airflow/example_dags/example_latest_only_with_trigger.py took 0.092 seconds
[2024-06-10T14:33:25.461+0000] {processor.py:161} INFO - Started process (PID=915) to work on /home/airflow/.local/lib/python3.12/site-packages/airflow/example_dags/example_latest_only_with_trigger.py
[2024-06-10T14:33:25.464+0000] {processor.py:830} INFO - Processing file /home/airflow/.local/lib/python3.12/site-packages/airflow/example_dags/example_latest_only_with_trigger.py for tasks to queue
[2024-06-10T14:33:25.467+0000] {logging_mixin.py:188} INFO - [2024-06-10T14:33:25.467+0000] {dagbag.py:545} INFO - Filling up the DagBag from /home/airflow/.local/lib/python3.12/site-packages/airflow/example_dags/example_latest_only_with_trigger.py
[2024-06-10T14:33:25.472+0000] {processor.py:840} INFO - DAG(s) 'latest_only_with_trigger' retrieved from /home/airflow/.local/lib/python3.12/site-packages/airflow/example_dags/example_latest_only_with_trigger.py
[2024-06-10T14:33:25.498+0000] {logging_mixin.py:188} INFO - [2024-06-10T14:33:25.498+0000] {dag.py:3096} INFO - Sync 1 DAGs
[2024-06-10T14:33:25.525+0000] {logging_mixin.py:188} INFO - [2024-06-10T14:33:25.524+0000] {dag.py:3954} INFO - Setting next_dagrun for latest_only_with_trigger to 2024-06-10 08:00:00+00:00, run_after=2024-06-10 12:00:00+00:00
[2024-06-10T14:33:25.547+0000] {processor.py:183} INFO - Processing /home/airflow/.local/lib/python3.12/site-packages/airflow/example_dags/example_latest_only_with_trigger.py took 0.093 seconds
[2024-06-10T14:33:55.853+0000] {processor.py:161} INFO - Started process (PID=975) to work on /home/airflow/.local/lib/python3.12/site-packages/airflow/example_dags/example_latest_only_with_trigger.py
[2024-06-10T14:33:55.855+0000] {processor.py:830} INFO - Processing file /home/airflow/.local/lib/python3.12/site-packages/airflow/example_dags/example_latest_only_with_trigger.py for tasks to queue
[2024-06-10T14:33:55.858+0000] {logging_mixin.py:188} INFO - [2024-06-10T14:33:55.857+0000] {dagbag.py:545} INFO - Filling up the DagBag from /home/airflow/.local/lib/python3.12/site-packages/airflow/example_dags/example_latest_only_with_trigger.py
[2024-06-10T14:33:55.864+0000] {processor.py:840} INFO - DAG(s) 'latest_only_with_trigger' retrieved from /home/airflow/.local/lib/python3.12/site-packages/airflow/example_dags/example_latest_only_with_trigger.py
[2024-06-10T14:33:55.886+0000] {logging_mixin.py:188} INFO - [2024-06-10T14:33:55.885+0000] {dag.py:3096} INFO - Sync 1 DAGs
[2024-06-10T14:33:55.907+0000] {logging_mixin.py:188} INFO - [2024-06-10T14:33:55.907+0000] {dag.py:3954} INFO - Setting next_dagrun for latest_only_with_trigger to 2024-06-10 08:00:00+00:00, run_after=2024-06-10 12:00:00+00:00
[2024-06-10T14:33:55.931+0000] {processor.py:183} INFO - Processing /home/airflow/.local/lib/python3.12/site-packages/airflow/example_dags/example_latest_only_with_trigger.py took 0.084 seconds
[2024-06-10T14:34:27.019+0000] {processor.py:161} INFO - Started process (PID=1035) to work on /home/airflow/.local/lib/python3.12/site-packages/airflow/example_dags/example_latest_only_with_trigger.py
[2024-06-10T14:34:27.021+0000] {processor.py:830} INFO - Processing file /home/airflow/.local/lib/python3.12/site-packages/airflow/example_dags/example_latest_only_with_trigger.py for tasks to queue
[2024-06-10T14:34:27.024+0000] {logging_mixin.py:188} INFO - [2024-06-10T14:34:27.023+0000] {dagbag.py:545} INFO - Filling up the DagBag from /home/airflow/.local/lib/python3.12/site-packages/airflow/example_dags/example_latest_only_with_trigger.py
[2024-06-10T14:34:27.031+0000] {processor.py:840} INFO - DAG(s) 'latest_only_with_trigger' retrieved from /home/airflow/.local/lib/python3.12/site-packages/airflow/example_dags/example_latest_only_with_trigger.py
[2024-06-10T14:34:27.054+0000] {logging_mixin.py:188} INFO - [2024-06-10T14:34:27.054+0000] {dag.py:3096} INFO - Sync 1 DAGs
[2024-06-10T14:34:27.083+0000] {logging_mixin.py:188} INFO - [2024-06-10T14:34:27.083+0000] {dag.py:3954} INFO - Setting next_dagrun for latest_only_with_trigger to 2024-06-10 08:00:00+00:00, run_after=2024-06-10 12:00:00+00:00
[2024-06-10T14:34:27.108+0000] {processor.py:183} INFO - Processing /home/airflow/.local/lib/python3.12/site-packages/airflow/example_dags/example_latest_only_with_trigger.py took 0.094 seconds
[2024-06-10T14:34:58.085+0000] {processor.py:161} INFO - Started process (PID=1095) to work on /home/airflow/.local/lib/python3.12/site-packages/airflow/example_dags/example_latest_only_with_trigger.py
[2024-06-10T14:34:58.086+0000] {processor.py:830} INFO - Processing file /home/airflow/.local/lib/python3.12/site-packages/airflow/example_dags/example_latest_only_with_trigger.py for tasks to queue
[2024-06-10T14:34:58.089+0000] {logging_mixin.py:188} INFO - [2024-06-10T14:34:58.088+0000] {dagbag.py:545} INFO - Filling up the DagBag from /home/airflow/.local/lib/python3.12/site-packages/airflow/example_dags/example_latest_only_with_trigger.py
[2024-06-10T14:34:58.094+0000] {processor.py:840} INFO - DAG(s) 'latest_only_with_trigger' retrieved from /home/airflow/.local/lib/python3.12/site-packages/airflow/example_dags/example_latest_only_with_trigger.py
[2024-06-10T14:34:58.116+0000] {logging_mixin.py:188} INFO - [2024-06-10T14:34:58.116+0000] {dag.py:3096} INFO - Sync 1 DAGs
[2024-06-10T14:34:58.139+0000] {logging_mixin.py:188} INFO - [2024-06-10T14:34:58.139+0000] {dag.py:3954} INFO - Setting next_dagrun for latest_only_with_trigger to 2024-06-10 08:00:00+00:00, run_after=2024-06-10 12:00:00+00:00
[2024-06-10T14:34:58.163+0000] {processor.py:183} INFO - Processing /home/airflow/.local/lib/python3.12/site-packages/airflow/example_dags/example_latest_only_with_trigger.py took 0.084 seconds
