[2024-06-10T14:04:46.710+0000] {processor.py:161} INFO - Started process (PID=69) to work on /home/airflow/.local/lib/python3.12/site-packages/airflow/example_dags/example_branch_labels.py
[2024-06-10T14:04:46.711+0000] {processor.py:830} INFO - Processing file /home/airflow/.local/lib/python3.12/site-packages/airflow/example_dags/example_branch_labels.py for tasks to queue
[2024-06-10T14:04:46.714+0000] {logging_mixin.py:188} INFO - [2024-06-10T14:04:46.713+0000] {dagbag.py:545} INFO - Filling up the DagBag from /home/airflow/.local/lib/python3.12/site-packages/airflow/example_dags/example_branch_labels.py
[2024-06-10T14:04:46.730+0000] {processor.py:840} INFO - DAG(s) 'example_branch_labels' retrieved from /home/airflow/.local/lib/python3.12/site-packages/airflow/example_dags/example_branch_labels.py
[2024-06-10T14:04:46.849+0000] {logging_mixin.py:188} INFO - [2024-06-10T14:04:46.848+0000] {dag.py:3096} INFO - Sync 1 DAGs
[2024-06-10T14:04:46.874+0000] {logging_mixin.py:188} INFO - [2024-06-10T14:04:46.873+0000] {dag.py:3954} INFO - Setting next_dagrun for example_branch_labels to 2024-06-09 00:00:00+00:00, run_after=2024-06-10 00:00:00+00:00
[2024-06-10T14:04:46.907+0000] {processor.py:183} INFO - Processing /home/airflow/.local/lib/python3.12/site-packages/airflow/example_dags/example_branch_labels.py took 0.203 seconds
[2024-06-10T14:05:17.505+0000] {processor.py:161} INFO - Started process (PID=138) to work on /home/airflow/.local/lib/python3.12/site-packages/airflow/example_dags/example_branch_labels.py
[2024-06-10T14:05:17.507+0000] {processor.py:830} INFO - Processing file /home/airflow/.local/lib/python3.12/site-packages/airflow/example_dags/example_branch_labels.py for tasks to queue
[2024-06-10T14:05:17.509+0000] {logging_mixin.py:188} INFO - [2024-06-10T14:05:17.509+0000] {dagbag.py:545} INFO - Filling up the DagBag from /home/airflow/.local/lib/python3.12/site-packages/airflow/example_dags/example_branch_labels.py
[2024-06-10T14:05:17.519+0000] {processor.py:840} INFO - DAG(s) 'example_branch_labels' retrieved from /home/airflow/.local/lib/python3.12/site-packages/airflow/example_dags/example_branch_labels.py
[2024-06-10T14:05:17.542+0000] {logging_mixin.py:188} INFO - [2024-06-10T14:05:17.542+0000] {dag.py:3096} INFO - Sync 1 DAGs
[2024-06-10T14:05:17.565+0000] {logging_mixin.py:188} INFO - [2024-06-10T14:05:17.564+0000] {dag.py:3954} INFO - Setting next_dagrun for example_branch_labels to 2024-06-09 00:00:00+00:00, run_after=2024-06-10 00:00:00+00:00
[2024-06-10T14:05:17.585+0000] {processor.py:183} INFO - Processing /home/airflow/.local/lib/python3.12/site-packages/airflow/example_dags/example_branch_labels.py took 0.087 seconds
[2024-06-10T14:05:53.026+0000] {processor.py:161} INFO - Started process (PID=207) to work on /home/airflow/.local/lib/python3.12/site-packages/airflow/example_dags/example_branch_labels.py
[2024-06-10T14:05:53.028+0000] {processor.py:830} INFO - Processing file /home/airflow/.local/lib/python3.12/site-packages/airflow/example_dags/example_branch_labels.py for tasks to queue
[2024-06-10T14:05:53.030+0000] {logging_mixin.py:188} INFO - [2024-06-10T14:05:53.030+0000] {dagbag.py:545} INFO - Filling up the DagBag from /home/airflow/.local/lib/python3.12/site-packages/airflow/example_dags/example_branch_labels.py
[2024-06-10T14:05:53.042+0000] {processor.py:840} INFO - DAG(s) 'example_branch_labels' retrieved from /home/airflow/.local/lib/python3.12/site-packages/airflow/example_dags/example_branch_labels.py
[2024-06-10T14:05:53.072+0000] {logging_mixin.py:188} INFO - [2024-06-10T14:05:53.072+0000] {dag.py:3096} INFO - Sync 1 DAGs
[2024-06-10T14:05:53.129+0000] {logging_mixin.py:188} INFO - [2024-06-10T14:05:53.129+0000] {dag.py:3954} INFO - Setting next_dagrun for example_branch_labels to 2024-06-09 00:00:00+00:00, run_after=2024-06-10 00:00:00+00:00
[2024-06-10T14:05:53.211+0000] {processor.py:183} INFO - Processing /home/airflow/.local/lib/python3.12/site-packages/airflow/example_dags/example_branch_labels.py took 0.192 seconds
[2024-06-10T14:06:23.284+0000] {processor.py:161} INFO - Started process (PID=276) to work on /home/airflow/.local/lib/python3.12/site-packages/airflow/example_dags/example_branch_labels.py
[2024-06-10T14:06:23.286+0000] {processor.py:830} INFO - Processing file /home/airflow/.local/lib/python3.12/site-packages/airflow/example_dags/example_branch_labels.py for tasks to queue
[2024-06-10T14:06:23.288+0000] {logging_mixin.py:188} INFO - [2024-06-10T14:06:23.288+0000] {dagbag.py:545} INFO - Filling up the DagBag from /home/airflow/.local/lib/python3.12/site-packages/airflow/example_dags/example_branch_labels.py
[2024-06-10T14:06:23.297+0000] {processor.py:840} INFO - DAG(s) 'example_branch_labels' retrieved from /home/airflow/.local/lib/python3.12/site-packages/airflow/example_dags/example_branch_labels.py
[2024-06-10T14:06:23.309+0000] {logging_mixin.py:188} INFO - [2024-06-10T14:06:23.309+0000] {dag.py:3096} INFO - Sync 1 DAGs
[2024-06-10T14:06:23.337+0000] {logging_mixin.py:188} INFO - [2024-06-10T14:06:23.337+0000] {dag.py:3954} INFO - Setting next_dagrun for example_branch_labels to 2024-06-09 00:00:00+00:00, run_after=2024-06-10 00:00:00+00:00
[2024-06-10T14:06:23.360+0000] {processor.py:183} INFO - Processing /home/airflow/.local/lib/python3.12/site-packages/airflow/example_dags/example_branch_labels.py took 0.082 seconds
[2024-06-10T14:07:17.868+0000] {processor.py:161} INFO - Started process (PID=62) to work on /home/airflow/.local/lib/python3.12/site-packages/airflow/example_dags/example_branch_labels.py
[2024-06-10T14:07:17.869+0000] {processor.py:830} INFO - Processing file /home/airflow/.local/lib/python3.12/site-packages/airflow/example_dags/example_branch_labels.py for tasks to queue
[2024-06-10T14:07:17.871+0000] {logging_mixin.py:188} INFO - [2024-06-10T14:07:17.871+0000] {dagbag.py:545} INFO - Filling up the DagBag from /home/airflow/.local/lib/python3.12/site-packages/airflow/example_dags/example_branch_labels.py
[2024-06-10T14:07:17.880+0000] {processor.py:840} INFO - DAG(s) 'example_branch_labels' retrieved from /home/airflow/.local/lib/python3.12/site-packages/airflow/example_dags/example_branch_labels.py
[2024-06-10T14:07:18.001+0000] {logging_mixin.py:188} INFO - [2024-06-10T14:07:18.001+0000] {dag.py:3096} INFO - Sync 1 DAGs
[2024-06-10T14:07:18.169+0000] {logging_mixin.py:188} INFO - [2024-06-10T14:07:18.168+0000] {dag.py:3954} INFO - Setting next_dagrun for example_branch_labels to 2024-06-09 00:00:00+00:00, run_after=2024-06-10 00:00:00+00:00
[2024-06-10T14:07:18.189+0000] {processor.py:183} INFO - Processing /home/airflow/.local/lib/python3.12/site-packages/airflow/example_dags/example_branch_labels.py took 0.326 seconds
[2024-06-10T14:07:48.741+0000] {processor.py:161} INFO - Started process (PID=132) to work on /home/airflow/.local/lib/python3.12/site-packages/airflow/example_dags/example_branch_labels.py
[2024-06-10T14:07:48.743+0000] {processor.py:830} INFO - Processing file /home/airflow/.local/lib/python3.12/site-packages/airflow/example_dags/example_branch_labels.py for tasks to queue
[2024-06-10T14:07:48.745+0000] {logging_mixin.py:188} INFO - [2024-06-10T14:07:48.744+0000] {dagbag.py:545} INFO - Filling up the DagBag from /home/airflow/.local/lib/python3.12/site-packages/airflow/example_dags/example_branch_labels.py
[2024-06-10T14:07:48.753+0000] {processor.py:840} INFO - DAG(s) 'example_branch_labels' retrieved from /home/airflow/.local/lib/python3.12/site-packages/airflow/example_dags/example_branch_labels.py
[2024-06-10T14:07:48.773+0000] {logging_mixin.py:188} INFO - [2024-06-10T14:07:48.773+0000] {dag.py:3096} INFO - Sync 1 DAGs
[2024-06-10T14:07:48.798+0000] {logging_mixin.py:188} INFO - [2024-06-10T14:07:48.797+0000] {dag.py:3954} INFO - Setting next_dagrun for example_branch_labels to 2024-06-09 00:00:00+00:00, run_after=2024-06-10 00:00:00+00:00
[2024-06-10T14:07:48.890+0000] {processor.py:183} INFO - Processing /home/airflow/.local/lib/python3.12/site-packages/airflow/example_dags/example_branch_labels.py took 0.154 seconds
[2024-06-10T14:08:19.439+0000] {processor.py:161} INFO - Started process (PID=201) to work on /home/airflow/.local/lib/python3.12/site-packages/airflow/example_dags/example_branch_labels.py
[2024-06-10T14:08:19.441+0000] {processor.py:830} INFO - Processing file /home/airflow/.local/lib/python3.12/site-packages/airflow/example_dags/example_branch_labels.py for tasks to queue
[2024-06-10T14:08:19.446+0000] {logging_mixin.py:188} INFO - [2024-06-10T14:08:19.444+0000] {dagbag.py:545} INFO - Filling up the DagBag from /home/airflow/.local/lib/python3.12/site-packages/airflow/example_dags/example_branch_labels.py
[2024-06-10T14:08:19.455+0000] {processor.py:840} INFO - DAG(s) 'example_branch_labels' retrieved from /home/airflow/.local/lib/python3.12/site-packages/airflow/example_dags/example_branch_labels.py
[2024-06-10T14:08:19.480+0000] {logging_mixin.py:188} INFO - [2024-06-10T14:08:19.479+0000] {dag.py:3096} INFO - Sync 1 DAGs
[2024-06-10T14:08:19.506+0000] {logging_mixin.py:188} INFO - [2024-06-10T14:08:19.505+0000] {dag.py:3954} INFO - Setting next_dagrun for example_branch_labels to 2024-06-09 00:00:00+00:00, run_after=2024-06-10 00:00:00+00:00
[2024-06-10T14:08:19.528+0000] {processor.py:183} INFO - Processing /home/airflow/.local/lib/python3.12/site-packages/airflow/example_dags/example_branch_labels.py took 0.095 seconds
[2024-06-10T14:08:49.733+0000] {processor.py:161} INFO - Started process (PID=270) to work on /home/airflow/.local/lib/python3.12/site-packages/airflow/example_dags/example_branch_labels.py
[2024-06-10T14:08:49.735+0000] {processor.py:830} INFO - Processing file /home/airflow/.local/lib/python3.12/site-packages/airflow/example_dags/example_branch_labels.py for tasks to queue
[2024-06-10T14:08:49.737+0000] {logging_mixin.py:188} INFO - [2024-06-10T14:08:49.737+0000] {dagbag.py:545} INFO - Filling up the DagBag from /home/airflow/.local/lib/python3.12/site-packages/airflow/example_dags/example_branch_labels.py
[2024-06-10T14:08:49.746+0000] {processor.py:840} INFO - DAG(s) 'example_branch_labels' retrieved from /home/airflow/.local/lib/python3.12/site-packages/airflow/example_dags/example_branch_labels.py
[2024-06-10T14:08:49.770+0000] {logging_mixin.py:188} INFO - [2024-06-10T14:08:49.770+0000] {dag.py:3096} INFO - Sync 1 DAGs
[2024-06-10T14:08:49.796+0000] {logging_mixin.py:188} INFO - [2024-06-10T14:08:49.795+0000] {dag.py:3954} INFO - Setting next_dagrun for example_branch_labels to 2024-06-09 00:00:00+00:00, run_after=2024-06-10 00:00:00+00:00
[2024-06-10T14:08:49.824+0000] {processor.py:183} INFO - Processing /home/airflow/.local/lib/python3.12/site-packages/airflow/example_dags/example_branch_labels.py took 0.097 seconds
[2024-06-10T14:09:20.485+0000] {processor.py:161} INFO - Started process (PID=339) to work on /home/airflow/.local/lib/python3.12/site-packages/airflow/example_dags/example_branch_labels.py
[2024-06-10T14:09:20.486+0000] {processor.py:830} INFO - Processing file /home/airflow/.local/lib/python3.12/site-packages/airflow/example_dags/example_branch_labels.py for tasks to queue
[2024-06-10T14:09:20.489+0000] {logging_mixin.py:188} INFO - [2024-06-10T14:09:20.488+0000] {dagbag.py:545} INFO - Filling up the DagBag from /home/airflow/.local/lib/python3.12/site-packages/airflow/example_dags/example_branch_labels.py
[2024-06-10T14:09:20.495+0000] {processor.py:840} INFO - DAG(s) 'example_branch_labels' retrieved from /home/airflow/.local/lib/python3.12/site-packages/airflow/example_dags/example_branch_labels.py
[2024-06-10T14:09:20.515+0000] {logging_mixin.py:188} INFO - [2024-06-10T14:09:20.514+0000] {dag.py:3096} INFO - Sync 1 DAGs
[2024-06-10T14:09:20.537+0000] {logging_mixin.py:188} INFO - [2024-06-10T14:09:20.537+0000] {dag.py:3954} INFO - Setting next_dagrun for example_branch_labels to 2024-06-09 00:00:00+00:00, run_after=2024-06-10 00:00:00+00:00
[2024-06-10T14:09:20.557+0000] {processor.py:183} INFO - Processing /home/airflow/.local/lib/python3.12/site-packages/airflow/example_dags/example_branch_labels.py took 0.078 seconds
[2024-06-10T14:09:51.260+0000] {processor.py:161} INFO - Started process (PID=408) to work on /home/airflow/.local/lib/python3.12/site-packages/airflow/example_dags/example_branch_labels.py
[2024-06-10T14:09:51.261+0000] {processor.py:830} INFO - Processing file /home/airflow/.local/lib/python3.12/site-packages/airflow/example_dags/example_branch_labels.py for tasks to queue
[2024-06-10T14:09:51.264+0000] {logging_mixin.py:188} INFO - [2024-06-10T14:09:51.263+0000] {dagbag.py:545} INFO - Filling up the DagBag from /home/airflow/.local/lib/python3.12/site-packages/airflow/example_dags/example_branch_labels.py
[2024-06-10T14:09:51.274+0000] {processor.py:840} INFO - DAG(s) 'example_branch_labels' retrieved from /home/airflow/.local/lib/python3.12/site-packages/airflow/example_dags/example_branch_labels.py
[2024-06-10T14:09:51.301+0000] {logging_mixin.py:188} INFO - [2024-06-10T14:09:51.301+0000] {dag.py:3096} INFO - Sync 1 DAGs
[2024-06-10T14:09:51.333+0000] {logging_mixin.py:188} INFO - [2024-06-10T14:09:51.333+0000] {dag.py:3954} INFO - Setting next_dagrun for example_branch_labels to 2024-06-09 00:00:00+00:00, run_after=2024-06-10 00:00:00+00:00
[2024-06-10T14:09:51.360+0000] {processor.py:183} INFO - Processing /home/airflow/.local/lib/python3.12/site-packages/airflow/example_dags/example_branch_labels.py took 0.107 seconds
[2024-06-10T14:10:21.659+0000] {processor.py:161} INFO - Started process (PID=477) to work on /home/airflow/.local/lib/python3.12/site-packages/airflow/example_dags/example_branch_labels.py
[2024-06-10T14:10:21.661+0000] {processor.py:830} INFO - Processing file /home/airflow/.local/lib/python3.12/site-packages/airflow/example_dags/example_branch_labels.py for tasks to queue
[2024-06-10T14:10:21.663+0000] {logging_mixin.py:188} INFO - [2024-06-10T14:10:21.662+0000] {dagbag.py:545} INFO - Filling up the DagBag from /home/airflow/.local/lib/python3.12/site-packages/airflow/example_dags/example_branch_labels.py
[2024-06-10T14:10:21.669+0000] {processor.py:840} INFO - DAG(s) 'example_branch_labels' retrieved from /home/airflow/.local/lib/python3.12/site-packages/airflow/example_dags/example_branch_labels.py
[2024-06-10T14:10:21.690+0000] {logging_mixin.py:188} INFO - [2024-06-10T14:10:21.690+0000] {dag.py:3096} INFO - Sync 1 DAGs
[2024-06-10T14:10:21.836+0000] {logging_mixin.py:188} INFO - [2024-06-10T14:10:21.836+0000] {dag.py:3954} INFO - Setting next_dagrun for example_branch_labels to 2024-06-09 00:00:00+00:00, run_after=2024-06-10 00:00:00+00:00
[2024-06-10T14:10:21.855+0000] {processor.py:183} INFO - Processing /home/airflow/.local/lib/python3.12/site-packages/airflow/example_dags/example_branch_labels.py took 0.201 seconds
[2024-06-10T14:10:52.826+0000] {processor.py:161} INFO - Started process (PID=546) to work on /home/airflow/.local/lib/python3.12/site-packages/airflow/example_dags/example_branch_labels.py
[2024-06-10T14:10:52.828+0000] {processor.py:830} INFO - Processing file /home/airflow/.local/lib/python3.12/site-packages/airflow/example_dags/example_branch_labels.py for tasks to queue
[2024-06-10T14:10:52.830+0000] {logging_mixin.py:188} INFO - [2024-06-10T14:10:52.830+0000] {dagbag.py:545} INFO - Filling up the DagBag from /home/airflow/.local/lib/python3.12/site-packages/airflow/example_dags/example_branch_labels.py
[2024-06-10T14:10:52.839+0000] {processor.py:840} INFO - DAG(s) 'example_branch_labels' retrieved from /home/airflow/.local/lib/python3.12/site-packages/airflow/example_dags/example_branch_labels.py
[2024-06-10T14:10:52.860+0000] {logging_mixin.py:188} INFO - [2024-06-10T14:10:52.860+0000] {dag.py:3096} INFO - Sync 1 DAGs
[2024-06-10T14:10:52.887+0000] {logging_mixin.py:188} INFO - [2024-06-10T14:10:52.886+0000] {dag.py:3954} INFO - Setting next_dagrun for example_branch_labels to 2024-06-09 00:00:00+00:00, run_after=2024-06-10 00:00:00+00:00
[2024-06-10T14:10:52.906+0000] {processor.py:183} INFO - Processing /home/airflow/.local/lib/python3.12/site-packages/airflow/example_dags/example_branch_labels.py took 0.085 seconds
[2024-06-10T14:11:23.508+0000] {processor.py:161} INFO - Started process (PID=615) to work on /home/airflow/.local/lib/python3.12/site-packages/airflow/example_dags/example_branch_labels.py
[2024-06-10T14:11:23.510+0000] {processor.py:830} INFO - Processing file /home/airflow/.local/lib/python3.12/site-packages/airflow/example_dags/example_branch_labels.py for tasks to queue
[2024-06-10T14:11:23.512+0000] {logging_mixin.py:188} INFO - [2024-06-10T14:11:23.511+0000] {dagbag.py:545} INFO - Filling up the DagBag from /home/airflow/.local/lib/python3.12/site-packages/airflow/example_dags/example_branch_labels.py
[2024-06-10T14:11:23.521+0000] {processor.py:840} INFO - DAG(s) 'example_branch_labels' retrieved from /home/airflow/.local/lib/python3.12/site-packages/airflow/example_dags/example_branch_labels.py
[2024-06-10T14:11:23.547+0000] {logging_mixin.py:188} INFO - [2024-06-10T14:11:23.546+0000] {dag.py:3096} INFO - Sync 1 DAGs
[2024-06-10T14:11:23.580+0000] {logging_mixin.py:188} INFO - [2024-06-10T14:11:23.580+0000] {dag.py:3954} INFO - Setting next_dagrun for example_branch_labels to 2024-06-09 00:00:00+00:00, run_after=2024-06-10 00:00:00+00:00
[2024-06-10T14:11:23.601+0000] {processor.py:183} INFO - Processing /home/airflow/.local/lib/python3.12/site-packages/airflow/example_dags/example_branch_labels.py took 0.099 seconds
[2024-06-10T14:11:54.518+0000] {processor.py:161} INFO - Started process (PID=690) to work on /home/airflow/.local/lib/python3.12/site-packages/airflow/example_dags/example_branch_labels.py
[2024-06-10T14:11:54.519+0000] {processor.py:830} INFO - Processing file /home/airflow/.local/lib/python3.12/site-packages/airflow/example_dags/example_branch_labels.py for tasks to queue
[2024-06-10T14:11:54.523+0000] {logging_mixin.py:188} INFO - [2024-06-10T14:11:54.522+0000] {dagbag.py:545} INFO - Filling up the DagBag from /home/airflow/.local/lib/python3.12/site-packages/airflow/example_dags/example_branch_labels.py
[2024-06-10T14:11:54.531+0000] {processor.py:840} INFO - DAG(s) 'example_branch_labels' retrieved from /home/airflow/.local/lib/python3.12/site-packages/airflow/example_dags/example_branch_labels.py
[2024-06-10T14:11:54.556+0000] {logging_mixin.py:188} INFO - [2024-06-10T14:11:54.555+0000] {dag.py:3096} INFO - Sync 1 DAGs
[2024-06-10T14:11:54.579+0000] {logging_mixin.py:188} INFO - [2024-06-10T14:11:54.579+0000] {dag.py:3954} INFO - Setting next_dagrun for example_branch_labels to 2024-06-09 00:00:00+00:00, run_after=2024-06-10 00:00:00+00:00
[2024-06-10T14:11:54.600+0000] {processor.py:183} INFO - Processing /home/airflow/.local/lib/python3.12/site-packages/airflow/example_dags/example_branch_labels.py took 0.089 seconds
[2024-06-10T14:12:25.102+0000] {processor.py:161} INFO - Started process (PID=759) to work on /home/airflow/.local/lib/python3.12/site-packages/airflow/example_dags/example_branch_labels.py
[2024-06-10T14:12:25.103+0000] {processor.py:830} INFO - Processing file /home/airflow/.local/lib/python3.12/site-packages/airflow/example_dags/example_branch_labels.py for tasks to queue
[2024-06-10T14:12:25.106+0000] {logging_mixin.py:188} INFO - [2024-06-10T14:12:25.105+0000] {dagbag.py:545} INFO - Filling up the DagBag from /home/airflow/.local/lib/python3.12/site-packages/airflow/example_dags/example_branch_labels.py
[2024-06-10T14:12:25.114+0000] {processor.py:840} INFO - DAG(s) 'example_branch_labels' retrieved from /home/airflow/.local/lib/python3.12/site-packages/airflow/example_dags/example_branch_labels.py
[2024-06-10T14:12:25.134+0000] {logging_mixin.py:188} INFO - [2024-06-10T14:12:25.134+0000] {dag.py:3096} INFO - Sync 1 DAGs
[2024-06-10T14:12:25.159+0000] {logging_mixin.py:188} INFO - [2024-06-10T14:12:25.159+0000] {dag.py:3954} INFO - Setting next_dagrun for example_branch_labels to 2024-06-09 00:00:00+00:00, run_after=2024-06-10 00:00:00+00:00
[2024-06-10T14:12:25.180+0000] {processor.py:183} INFO - Processing /home/airflow/.local/lib/python3.12/site-packages/airflow/example_dags/example_branch_labels.py took 0.083 seconds
[2024-06-10T14:12:56.715+0000] {processor.py:161} INFO - Started process (PID=828) to work on /home/airflow/.local/lib/python3.12/site-packages/airflow/example_dags/example_branch_labels.py
[2024-06-10T14:12:56.717+0000] {processor.py:830} INFO - Processing file /home/airflow/.local/lib/python3.12/site-packages/airflow/example_dags/example_branch_labels.py for tasks to queue
[2024-06-10T14:12:56.720+0000] {logging_mixin.py:188} INFO - [2024-06-10T14:12:56.720+0000] {dagbag.py:545} INFO - Filling up the DagBag from /home/airflow/.local/lib/python3.12/site-packages/airflow/example_dags/example_branch_labels.py
[2024-06-10T14:12:56.729+0000] {processor.py:840} INFO - DAG(s) 'example_branch_labels' retrieved from /home/airflow/.local/lib/python3.12/site-packages/airflow/example_dags/example_branch_labels.py
[2024-06-10T14:12:56.757+0000] {logging_mixin.py:188} INFO - [2024-06-10T14:12:56.756+0000] {dag.py:3096} INFO - Sync 1 DAGs
[2024-06-10T14:12:56.790+0000] {logging_mixin.py:188} INFO - [2024-06-10T14:12:56.790+0000] {dag.py:3954} INFO - Setting next_dagrun for example_branch_labels to 2024-06-09 00:00:00+00:00, run_after=2024-06-10 00:00:00+00:00
[2024-06-10T14:12:56.810+0000] {processor.py:183} INFO - Processing /home/airflow/.local/lib/python3.12/site-packages/airflow/example_dags/example_branch_labels.py took 0.101 seconds
[2024-06-10T14:13:27.732+0000] {processor.py:161} INFO - Started process (PID=897) to work on /home/airflow/.local/lib/python3.12/site-packages/airflow/example_dags/example_branch_labels.py
[2024-06-10T14:13:27.734+0000] {processor.py:830} INFO - Processing file /home/airflow/.local/lib/python3.12/site-packages/airflow/example_dags/example_branch_labels.py for tasks to queue
[2024-06-10T14:13:27.736+0000] {logging_mixin.py:188} INFO - [2024-06-10T14:13:27.736+0000] {dagbag.py:545} INFO - Filling up the DagBag from /home/airflow/.local/lib/python3.12/site-packages/airflow/example_dags/example_branch_labels.py
[2024-06-10T14:13:27.743+0000] {processor.py:840} INFO - DAG(s) 'example_branch_labels' retrieved from /home/airflow/.local/lib/python3.12/site-packages/airflow/example_dags/example_branch_labels.py
[2024-06-10T14:13:27.762+0000] {logging_mixin.py:188} INFO - [2024-06-10T14:13:27.761+0000] {dag.py:3096} INFO - Sync 1 DAGs
[2024-06-10T14:13:27.783+0000] {logging_mixin.py:188} INFO - [2024-06-10T14:13:27.782+0000] {dag.py:3954} INFO - Setting next_dagrun for example_branch_labels to 2024-06-09 00:00:00+00:00, run_after=2024-06-10 00:00:00+00:00
[2024-06-10T14:13:27.803+0000] {processor.py:183} INFO - Processing /home/airflow/.local/lib/python3.12/site-packages/airflow/example_dags/example_branch_labels.py took 0.076 seconds
[2024-06-10T14:13:58.464+0000] {processor.py:161} INFO - Started process (PID=966) to work on /home/airflow/.local/lib/python3.12/site-packages/airflow/example_dags/example_branch_labels.py
[2024-06-10T14:13:58.465+0000] {processor.py:830} INFO - Processing file /home/airflow/.local/lib/python3.12/site-packages/airflow/example_dags/example_branch_labels.py for tasks to queue
[2024-06-10T14:13:58.467+0000] {logging_mixin.py:188} INFO - [2024-06-10T14:13:58.467+0000] {dagbag.py:545} INFO - Filling up the DagBag from /home/airflow/.local/lib/python3.12/site-packages/airflow/example_dags/example_branch_labels.py
[2024-06-10T14:13:58.475+0000] {processor.py:840} INFO - DAG(s) 'example_branch_labels' retrieved from /home/airflow/.local/lib/python3.12/site-packages/airflow/example_dags/example_branch_labels.py
[2024-06-10T14:13:58.497+0000] {logging_mixin.py:188} INFO - [2024-06-10T14:13:58.497+0000] {dag.py:3096} INFO - Sync 1 DAGs
[2024-06-10T14:13:58.522+0000] {logging_mixin.py:188} INFO - [2024-06-10T14:13:58.521+0000] {dag.py:3954} INFO - Setting next_dagrun for example_branch_labels to 2024-06-09 00:00:00+00:00, run_after=2024-06-10 00:00:00+00:00
[2024-06-10T14:13:58.540+0000] {processor.py:183} INFO - Processing /home/airflow/.local/lib/python3.12/site-packages/airflow/example_dags/example_branch_labels.py took 0.081 seconds
[2024-06-10T14:14:29.210+0000] {processor.py:161} INFO - Started process (PID=1035) to work on /home/airflow/.local/lib/python3.12/site-packages/airflow/example_dags/example_branch_labels.py
[2024-06-10T14:14:29.211+0000] {processor.py:830} INFO - Processing file /home/airflow/.local/lib/python3.12/site-packages/airflow/example_dags/example_branch_labels.py for tasks to queue
[2024-06-10T14:14:29.214+0000] {logging_mixin.py:188} INFO - [2024-06-10T14:14:29.213+0000] {dagbag.py:545} INFO - Filling up the DagBag from /home/airflow/.local/lib/python3.12/site-packages/airflow/example_dags/example_branch_labels.py
[2024-06-10T14:14:29.222+0000] {processor.py:840} INFO - DAG(s) 'example_branch_labels' retrieved from /home/airflow/.local/lib/python3.12/site-packages/airflow/example_dags/example_branch_labels.py
[2024-06-10T14:14:29.247+0000] {logging_mixin.py:188} INFO - [2024-06-10T14:14:29.246+0000] {dag.py:3096} INFO - Sync 1 DAGs
[2024-06-10T14:14:29.273+0000] {logging_mixin.py:188} INFO - [2024-06-10T14:14:29.272+0000] {dag.py:3954} INFO - Setting next_dagrun for example_branch_labels to 2024-06-09 00:00:00+00:00, run_after=2024-06-10 00:00:00+00:00
[2024-06-10T14:14:29.296+0000] {processor.py:183} INFO - Processing /home/airflow/.local/lib/python3.12/site-packages/airflow/example_dags/example_branch_labels.py took 0.093 seconds
[2024-06-10T14:15:00.100+0000] {processor.py:161} INFO - Started process (PID=1105) to work on /home/airflow/.local/lib/python3.12/site-packages/airflow/example_dags/example_branch_labels.py
[2024-06-10T14:15:00.101+0000] {processor.py:830} INFO - Processing file /home/airflow/.local/lib/python3.12/site-packages/airflow/example_dags/example_branch_labels.py for tasks to queue
[2024-06-10T14:15:00.103+0000] {logging_mixin.py:188} INFO - [2024-06-10T14:15:00.103+0000] {dagbag.py:545} INFO - Filling up the DagBag from /home/airflow/.local/lib/python3.12/site-packages/airflow/example_dags/example_branch_labels.py
[2024-06-10T14:15:00.111+0000] {processor.py:840} INFO - DAG(s) 'example_branch_labels' retrieved from /home/airflow/.local/lib/python3.12/site-packages/airflow/example_dags/example_branch_labels.py
[2024-06-10T14:15:00.137+0000] {logging_mixin.py:188} INFO - [2024-06-10T14:15:00.136+0000] {dag.py:3096} INFO - Sync 1 DAGs
[2024-06-10T14:15:00.164+0000] {logging_mixin.py:188} INFO - [2024-06-10T14:15:00.164+0000] {dag.py:3954} INFO - Setting next_dagrun for example_branch_labels to 2024-06-09 00:00:00+00:00, run_after=2024-06-10 00:00:00+00:00
[2024-06-10T14:15:00.185+0000] {processor.py:183} INFO - Processing /home/airflow/.local/lib/python3.12/site-packages/airflow/example_dags/example_branch_labels.py took 0.092 seconds
[2024-06-10T14:15:31.237+0000] {processor.py:161} INFO - Started process (PID=1173) to work on /home/airflow/.local/lib/python3.12/site-packages/airflow/example_dags/example_branch_labels.py
[2024-06-10T14:15:31.238+0000] {processor.py:830} INFO - Processing file /home/airflow/.local/lib/python3.12/site-packages/airflow/example_dags/example_branch_labels.py for tasks to queue
[2024-06-10T14:15:31.240+0000] {logging_mixin.py:188} INFO - [2024-06-10T14:15:31.239+0000] {dagbag.py:545} INFO - Filling up the DagBag from /home/airflow/.local/lib/python3.12/site-packages/airflow/example_dags/example_branch_labels.py
[2024-06-10T14:15:31.246+0000] {processor.py:840} INFO - DAG(s) 'example_branch_labels' retrieved from /home/airflow/.local/lib/python3.12/site-packages/airflow/example_dags/example_branch_labels.py
[2024-06-10T14:15:31.269+0000] {logging_mixin.py:188} INFO - [2024-06-10T14:15:31.269+0000] {dag.py:3096} INFO - Sync 1 DAGs
[2024-06-10T14:15:31.292+0000] {logging_mixin.py:188} INFO - [2024-06-10T14:15:31.292+0000] {dag.py:3954} INFO - Setting next_dagrun for example_branch_labels to 2024-06-09 00:00:00+00:00, run_after=2024-06-10 00:00:00+00:00
[2024-06-10T14:15:31.314+0000] {processor.py:183} INFO - Processing /home/airflow/.local/lib/python3.12/site-packages/airflow/example_dags/example_branch_labels.py took 0.083 seconds
[2024-06-10T14:16:01.705+0000] {processor.py:161} INFO - Started process (PID=1233) to work on /home/airflow/.local/lib/python3.12/site-packages/airflow/example_dags/example_branch_labels.py
[2024-06-10T14:16:01.707+0000] {processor.py:830} INFO - Processing file /home/airflow/.local/lib/python3.12/site-packages/airflow/example_dags/example_branch_labels.py for tasks to queue
[2024-06-10T14:16:01.708+0000] {logging_mixin.py:188} INFO - [2024-06-10T14:16:01.708+0000] {dagbag.py:545} INFO - Filling up the DagBag from /home/airflow/.local/lib/python3.12/site-packages/airflow/example_dags/example_branch_labels.py
[2024-06-10T14:16:01.717+0000] {processor.py:840} INFO - DAG(s) 'example_branch_labels' retrieved from /home/airflow/.local/lib/python3.12/site-packages/airflow/example_dags/example_branch_labels.py
[2024-06-10T14:16:01.746+0000] {logging_mixin.py:188} INFO - [2024-06-10T14:16:01.746+0000] {dag.py:3096} INFO - Sync 1 DAGs
[2024-06-10T14:16:01.775+0000] {logging_mixin.py:188} INFO - [2024-06-10T14:16:01.774+0000] {dag.py:3954} INFO - Setting next_dagrun for example_branch_labels to 2024-06-09 00:00:00+00:00, run_after=2024-06-10 00:00:00+00:00
[2024-06-10T14:16:01.799+0000] {processor.py:183} INFO - Processing /home/airflow/.local/lib/python3.12/site-packages/airflow/example_dags/example_branch_labels.py took 0.101 seconds
[2024-06-10T14:16:32.061+0000] {processor.py:161} INFO - Started process (PID=1293) to work on /home/airflow/.local/lib/python3.12/site-packages/airflow/example_dags/example_branch_labels.py
[2024-06-10T14:16:32.062+0000] {processor.py:830} INFO - Processing file /home/airflow/.local/lib/python3.12/site-packages/airflow/example_dags/example_branch_labels.py for tasks to queue
[2024-06-10T14:16:32.063+0000] {logging_mixin.py:188} INFO - [2024-06-10T14:16:32.063+0000] {dagbag.py:545} INFO - Filling up the DagBag from /home/airflow/.local/lib/python3.12/site-packages/airflow/example_dags/example_branch_labels.py
[2024-06-10T14:16:32.070+0000] {processor.py:840} INFO - DAG(s) 'example_branch_labels' retrieved from /home/airflow/.local/lib/python3.12/site-packages/airflow/example_dags/example_branch_labels.py
[2024-06-10T14:16:32.091+0000] {logging_mixin.py:188} INFO - [2024-06-10T14:16:32.090+0000] {dag.py:3096} INFO - Sync 1 DAGs
[2024-06-10T14:16:32.115+0000] {logging_mixin.py:188} INFO - [2024-06-10T14:16:32.115+0000] {dag.py:3954} INFO - Setting next_dagrun for example_branch_labels to 2024-06-09 00:00:00+00:00, run_after=2024-06-10 00:00:00+00:00
[2024-06-10T14:16:32.137+0000] {processor.py:183} INFO - Processing /home/airflow/.local/lib/python3.12/site-packages/airflow/example_dags/example_branch_labels.py took 0.082 seconds
[2024-06-10T14:17:03.105+0000] {processor.py:161} INFO - Started process (PID=1353) to work on /home/airflow/.local/lib/python3.12/site-packages/airflow/example_dags/example_branch_labels.py
[2024-06-10T14:17:03.106+0000] {processor.py:830} INFO - Processing file /home/airflow/.local/lib/python3.12/site-packages/airflow/example_dags/example_branch_labels.py for tasks to queue
[2024-06-10T14:17:03.108+0000] {logging_mixin.py:188} INFO - [2024-06-10T14:17:03.108+0000] {dagbag.py:545} INFO - Filling up the DagBag from /home/airflow/.local/lib/python3.12/site-packages/airflow/example_dags/example_branch_labels.py
[2024-06-10T14:17:03.116+0000] {processor.py:840} INFO - DAG(s) 'example_branch_labels' retrieved from /home/airflow/.local/lib/python3.12/site-packages/airflow/example_dags/example_branch_labels.py
[2024-06-10T14:17:03.129+0000] {logging_mixin.py:188} INFO - [2024-06-10T14:17:03.128+0000] {dag.py:3096} INFO - Sync 1 DAGs
[2024-06-10T14:17:03.159+0000] {logging_mixin.py:188} INFO - [2024-06-10T14:17:03.159+0000] {dag.py:3954} INFO - Setting next_dagrun for example_branch_labels to 2024-06-09 00:00:00+00:00, run_after=2024-06-10 00:00:00+00:00
[2024-06-10T14:17:03.181+0000] {processor.py:183} INFO - Processing /home/airflow/.local/lib/python3.12/site-packages/airflow/example_dags/example_branch_labels.py took 0.082 seconds
[2024-06-10T14:17:39.311+0000] {processor.py:161} INFO - Started process (PID=1412) to work on /home/airflow/.local/lib/python3.12/site-packages/airflow/example_dags/example_branch_labels.py
[2024-06-10T14:17:39.313+0000] {processor.py:830} INFO - Processing file /home/airflow/.local/lib/python3.12/site-packages/airflow/example_dags/example_branch_labels.py for tasks to queue
[2024-06-10T14:17:39.314+0000] {logging_mixin.py:188} INFO - [2024-06-10T14:17:39.314+0000] {dagbag.py:545} INFO - Filling up the DagBag from /home/airflow/.local/lib/python3.12/site-packages/airflow/example_dags/example_branch_labels.py
[2024-06-10T14:17:39.330+0000] {processor.py:840} INFO - DAG(s) 'example_branch_labels' retrieved from /home/airflow/.local/lib/python3.12/site-packages/airflow/example_dags/example_branch_labels.py
[2024-06-10T14:17:39.520+0000] {logging_mixin.py:188} INFO - [2024-06-10T14:17:39.520+0000] {dag.py:3096} INFO - Sync 1 DAGs
[2024-06-10T14:17:39.559+0000] {logging_mixin.py:188} INFO - [2024-06-10T14:17:39.559+0000] {dag.py:3954} INFO - Setting next_dagrun for example_branch_labels to 2024-06-09 00:00:00+00:00, run_after=2024-06-10 00:00:00+00:00
[2024-06-10T14:17:39.612+0000] {processor.py:183} INFO - Processing /home/airflow/.local/lib/python3.12/site-packages/airflow/example_dags/example_branch_labels.py took 0.313 seconds
[2024-06-10T14:18:10.024+0000] {processor.py:161} INFO - Started process (PID=1471) to work on /home/airflow/.local/lib/python3.12/site-packages/airflow/example_dags/example_branch_labels.py
[2024-06-10T14:18:10.026+0000] {processor.py:830} INFO - Processing file /home/airflow/.local/lib/python3.12/site-packages/airflow/example_dags/example_branch_labels.py for tasks to queue
[2024-06-10T14:18:10.028+0000] {logging_mixin.py:188} INFO - [2024-06-10T14:18:10.027+0000] {dagbag.py:545} INFO - Filling up the DagBag from /home/airflow/.local/lib/python3.12/site-packages/airflow/example_dags/example_branch_labels.py
[2024-06-10T14:18:10.048+0000] {processor.py:840} INFO - DAG(s) 'example_branch_labels' retrieved from /home/airflow/.local/lib/python3.12/site-packages/airflow/example_dags/example_branch_labels.py
[2024-06-10T14:18:10.088+0000] {logging_mixin.py:188} INFO - [2024-06-10T14:18:10.087+0000] {dag.py:3096} INFO - Sync 1 DAGs
[2024-06-10T14:18:10.144+0000] {logging_mixin.py:188} INFO - [2024-06-10T14:18:10.143+0000] {dag.py:3954} INFO - Setting next_dagrun for example_branch_labels to 2024-06-09 00:00:00+00:00, run_after=2024-06-10 00:00:00+00:00
[2024-06-10T14:18:10.180+0000] {processor.py:183} INFO - Processing /home/airflow/.local/lib/python3.12/site-packages/airflow/example_dags/example_branch_labels.py took 0.166 seconds
[2024-06-10T14:18:40.730+0000] {processor.py:161} INFO - Started process (PID=1531) to work on /home/airflow/.local/lib/python3.12/site-packages/airflow/example_dags/example_branch_labels.py
[2024-06-10T14:18:40.732+0000] {processor.py:830} INFO - Processing file /home/airflow/.local/lib/python3.12/site-packages/airflow/example_dags/example_branch_labels.py for tasks to queue
[2024-06-10T14:18:40.733+0000] {logging_mixin.py:188} INFO - [2024-06-10T14:18:40.732+0000] {dagbag.py:545} INFO - Filling up the DagBag from /home/airflow/.local/lib/python3.12/site-packages/airflow/example_dags/example_branch_labels.py
[2024-06-10T14:18:40.742+0000] {processor.py:840} INFO - DAG(s) 'example_branch_labels' retrieved from /home/airflow/.local/lib/python3.12/site-packages/airflow/example_dags/example_branch_labels.py
[2024-06-10T14:18:40.754+0000] {logging_mixin.py:188} INFO - [2024-06-10T14:18:40.754+0000] {dag.py:3096} INFO - Sync 1 DAGs
[2024-06-10T14:18:40.782+0000] {logging_mixin.py:188} INFO - [2024-06-10T14:18:40.781+0000] {dag.py:3954} INFO - Setting next_dagrun for example_branch_labels to 2024-06-09 00:00:00+00:00, run_after=2024-06-10 00:00:00+00:00
[2024-06-10T14:18:40.803+0000] {processor.py:183} INFO - Processing /home/airflow/.local/lib/python3.12/site-packages/airflow/example_dags/example_branch_labels.py took 0.080 seconds
[2024-06-10T14:19:11.422+0000] {processor.py:161} INFO - Started process (PID=1591) to work on /home/airflow/.local/lib/python3.12/site-packages/airflow/example_dags/example_branch_labels.py
[2024-06-10T14:19:11.423+0000] {processor.py:830} INFO - Processing file /home/airflow/.local/lib/python3.12/site-packages/airflow/example_dags/example_branch_labels.py for tasks to queue
[2024-06-10T14:19:11.425+0000] {logging_mixin.py:188} INFO - [2024-06-10T14:19:11.424+0000] {dagbag.py:545} INFO - Filling up the DagBag from /home/airflow/.local/lib/python3.12/site-packages/airflow/example_dags/example_branch_labels.py
[2024-06-10T14:19:11.435+0000] {processor.py:840} INFO - DAG(s) 'example_branch_labels' retrieved from /home/airflow/.local/lib/python3.12/site-packages/airflow/example_dags/example_branch_labels.py
[2024-06-10T14:19:11.572+0000] {logging_mixin.py:188} INFO - [2024-06-10T14:19:11.572+0000] {dag.py:3096} INFO - Sync 1 DAGs
[2024-06-10T14:19:11.599+0000] {logging_mixin.py:188} INFO - [2024-06-10T14:19:11.599+0000] {dag.py:3954} INFO - Setting next_dagrun for example_branch_labels to 2024-06-09 00:00:00+00:00, run_after=2024-06-10 00:00:00+00:00
[2024-06-10T14:19:11.620+0000] {processor.py:183} INFO - Processing /home/airflow/.local/lib/python3.12/site-packages/airflow/example_dags/example_branch_labels.py took 0.206 seconds
[2024-06-10T14:19:42.019+0000] {processor.py:161} INFO - Started process (PID=1651) to work on /home/airflow/.local/lib/python3.12/site-packages/airflow/example_dags/example_branch_labels.py
[2024-06-10T14:19:42.021+0000] {processor.py:830} INFO - Processing file /home/airflow/.local/lib/python3.12/site-packages/airflow/example_dags/example_branch_labels.py for tasks to queue
[2024-06-10T14:19:42.022+0000] {logging_mixin.py:188} INFO - [2024-06-10T14:19:42.022+0000] {dagbag.py:545} INFO - Filling up the DagBag from /home/airflow/.local/lib/python3.12/site-packages/airflow/example_dags/example_branch_labels.py
[2024-06-10T14:19:42.029+0000] {processor.py:840} INFO - DAG(s) 'example_branch_labels' retrieved from /home/airflow/.local/lib/python3.12/site-packages/airflow/example_dags/example_branch_labels.py
[2024-06-10T14:19:42.052+0000] {logging_mixin.py:188} INFO - [2024-06-10T14:19:42.051+0000] {dag.py:3096} INFO - Sync 1 DAGs
[2024-06-10T14:19:42.073+0000] {logging_mixin.py:188} INFO - [2024-06-10T14:19:42.073+0000] {dag.py:3954} INFO - Setting next_dagrun for example_branch_labels to 2024-06-09 00:00:00+00:00, run_after=2024-06-10 00:00:00+00:00
[2024-06-10T14:19:42.095+0000] {processor.py:183} INFO - Processing /home/airflow/.local/lib/python3.12/site-packages/airflow/example_dags/example_branch_labels.py took 0.081 seconds
[2024-06-10T14:20:12.316+0000] {processor.py:161} INFO - Started process (PID=1711) to work on /home/airflow/.local/lib/python3.12/site-packages/airflow/example_dags/example_branch_labels.py
[2024-06-10T14:20:12.317+0000] {processor.py:830} INFO - Processing file /home/airflow/.local/lib/python3.12/site-packages/airflow/example_dags/example_branch_labels.py for tasks to queue
[2024-06-10T14:20:12.318+0000] {logging_mixin.py:188} INFO - [2024-06-10T14:20:12.318+0000] {dagbag.py:545} INFO - Filling up the DagBag from /home/airflow/.local/lib/python3.12/site-packages/airflow/example_dags/example_branch_labels.py
[2024-06-10T14:20:12.327+0000] {processor.py:840} INFO - DAG(s) 'example_branch_labels' retrieved from /home/airflow/.local/lib/python3.12/site-packages/airflow/example_dags/example_branch_labels.py
[2024-06-10T14:20:12.352+0000] {logging_mixin.py:188} INFO - [2024-06-10T14:20:12.351+0000] {dag.py:3096} INFO - Sync 1 DAGs
[2024-06-10T14:20:12.376+0000] {logging_mixin.py:188} INFO - [2024-06-10T14:20:12.376+0000] {dag.py:3954} INFO - Setting next_dagrun for example_branch_labels to 2024-06-09 00:00:00+00:00, run_after=2024-06-10 00:00:00+00:00
[2024-06-10T14:20:12.398+0000] {processor.py:183} INFO - Processing /home/airflow/.local/lib/python3.12/site-packages/airflow/example_dags/example_branch_labels.py took 0.087 seconds
[2024-06-10T14:20:42.817+0000] {processor.py:161} INFO - Started process (PID=1771) to work on /home/airflow/.local/lib/python3.12/site-packages/airflow/example_dags/example_branch_labels.py
[2024-06-10T14:20:42.818+0000] {processor.py:830} INFO - Processing file /home/airflow/.local/lib/python3.12/site-packages/airflow/example_dags/example_branch_labels.py for tasks to queue
[2024-06-10T14:20:42.819+0000] {logging_mixin.py:188} INFO - [2024-06-10T14:20:42.819+0000] {dagbag.py:545} INFO - Filling up the DagBag from /home/airflow/.local/lib/python3.12/site-packages/airflow/example_dags/example_branch_labels.py
[2024-06-10T14:20:42.827+0000] {processor.py:840} INFO - DAG(s) 'example_branch_labels' retrieved from /home/airflow/.local/lib/python3.12/site-packages/airflow/example_dags/example_branch_labels.py
[2024-06-10T14:20:42.851+0000] {logging_mixin.py:188} INFO - [2024-06-10T14:20:42.851+0000] {dag.py:3096} INFO - Sync 1 DAGs
[2024-06-10T14:20:42.876+0000] {logging_mixin.py:188} INFO - [2024-06-10T14:20:42.876+0000] {dag.py:3954} INFO - Setting next_dagrun for example_branch_labels to 2024-06-09 00:00:00+00:00, run_after=2024-06-10 00:00:00+00:00
[2024-06-10T14:20:42.897+0000] {processor.py:183} INFO - Processing /home/airflow/.local/lib/python3.12/site-packages/airflow/example_dags/example_branch_labels.py took 0.085 seconds
[2024-06-10T14:21:13.077+0000] {processor.py:161} INFO - Started process (PID=1831) to work on /home/airflow/.local/lib/python3.12/site-packages/airflow/example_dags/example_branch_labels.py
[2024-06-10T14:21:13.078+0000] {processor.py:830} INFO - Processing file /home/airflow/.local/lib/python3.12/site-packages/airflow/example_dags/example_branch_labels.py for tasks to queue
[2024-06-10T14:21:13.079+0000] {logging_mixin.py:188} INFO - [2024-06-10T14:21:13.079+0000] {dagbag.py:545} INFO - Filling up the DagBag from /home/airflow/.local/lib/python3.12/site-packages/airflow/example_dags/example_branch_labels.py
[2024-06-10T14:21:13.086+0000] {processor.py:840} INFO - DAG(s) 'example_branch_labels' retrieved from /home/airflow/.local/lib/python3.12/site-packages/airflow/example_dags/example_branch_labels.py
[2024-06-10T14:21:13.107+0000] {logging_mixin.py:188} INFO - [2024-06-10T14:21:13.107+0000] {dag.py:3096} INFO - Sync 1 DAGs
[2024-06-10T14:21:13.128+0000] {logging_mixin.py:188} INFO - [2024-06-10T14:21:13.128+0000] {dag.py:3954} INFO - Setting next_dagrun for example_branch_labels to 2024-06-09 00:00:00+00:00, run_after=2024-06-10 00:00:00+00:00
[2024-06-10T14:21:13.153+0000] {processor.py:183} INFO - Processing /home/airflow/.local/lib/python3.12/site-packages/airflow/example_dags/example_branch_labels.py took 0.082 seconds
[2024-06-10T14:21:43.385+0000] {processor.py:161} INFO - Started process (PID=1891) to work on /home/airflow/.local/lib/python3.12/site-packages/airflow/example_dags/example_branch_labels.py
[2024-06-10T14:21:43.387+0000] {processor.py:830} INFO - Processing file /home/airflow/.local/lib/python3.12/site-packages/airflow/example_dags/example_branch_labels.py for tasks to queue
[2024-06-10T14:21:43.388+0000] {logging_mixin.py:188} INFO - [2024-06-10T14:21:43.388+0000] {dagbag.py:545} INFO - Filling up the DagBag from /home/airflow/.local/lib/python3.12/site-packages/airflow/example_dags/example_branch_labels.py
[2024-06-10T14:21:43.397+0000] {processor.py:840} INFO - DAG(s) 'example_branch_labels' retrieved from /home/airflow/.local/lib/python3.12/site-packages/airflow/example_dags/example_branch_labels.py
[2024-06-10T14:21:43.422+0000] {logging_mixin.py:188} INFO - [2024-06-10T14:21:43.421+0000] {dag.py:3096} INFO - Sync 1 DAGs
[2024-06-10T14:21:43.447+0000] {logging_mixin.py:188} INFO - [2024-06-10T14:21:43.447+0000] {dag.py:3954} INFO - Setting next_dagrun for example_branch_labels to 2024-06-09 00:00:00+00:00, run_after=2024-06-10 00:00:00+00:00
[2024-06-10T14:21:43.467+0000] {processor.py:183} INFO - Processing /home/airflow/.local/lib/python3.12/site-packages/airflow/example_dags/example_branch_labels.py took 0.092 seconds
