[2024-06-10T14:04:49.293+0000] {processor.py:161} INFO - Started process (PID=89) to work on /home/airflow/.local/lib/python3.12/site-packages/airflow/example_dags/example_branch_operator.py
[2024-06-10T14:04:49.294+0000] {processor.py:830} INFO - Processing file /home/airflow/.local/lib/python3.12/site-packages/airflow/example_dags/example_branch_operator.py for tasks to queue
[2024-06-10T14:04:49.296+0000] {logging_mixin.py:188} INFO - [2024-06-10T14:04:49.296+0000] {dagbag.py:545} INFO - Filling up the DagBag from /home/airflow/.local/lib/python3.12/site-packages/airflow/example_dags/example_branch_operator.py
[2024-06-10T14:04:49.316+0000] {processor.py:840} INFO - DAG(s) 'example_branch_operator' retrieved from /home/airflow/.local/lib/python3.12/site-packages/airflow/example_dags/example_branch_operator.py
[2024-06-10T14:04:49.456+0000] {logging_mixin.py:188} INFO - [2024-06-10T14:04:49.456+0000] {dag.py:3096} INFO - Sync 1 DAGs
[2024-06-10T14:04:49.476+0000] {logging_mixin.py:188} INFO - [2024-06-10T14:04:49.476+0000] {dag.py:3954} INFO - Setting next_dagrun for example_branch_operator to 2024-06-09 00:00:00+00:00, run_after=2024-06-10 00:00:00+00:00
[2024-06-10T14:04:49.498+0000] {processor.py:183} INFO - Processing /home/airflow/.local/lib/python3.12/site-packages/airflow/example_dags/example_branch_operator.py took 0.212 seconds
[2024-06-10T14:05:20.156+0000] {processor.py:161} INFO - Started process (PID=158) to work on /home/airflow/.local/lib/python3.12/site-packages/airflow/example_dags/example_branch_operator.py
[2024-06-10T14:05:20.159+0000] {processor.py:830} INFO - Processing file /home/airflow/.local/lib/python3.12/site-packages/airflow/example_dags/example_branch_operator.py for tasks to queue
[2024-06-10T14:05:20.161+0000] {logging_mixin.py:188} INFO - [2024-06-10T14:05:20.161+0000] {dagbag.py:545} INFO - Filling up the DagBag from /home/airflow/.local/lib/python3.12/site-packages/airflow/example_dags/example_branch_operator.py
[2024-06-10T14:05:20.181+0000] {processor.py:840} INFO - DAG(s) 'example_branch_operator' retrieved from /home/airflow/.local/lib/python3.12/site-packages/airflow/example_dags/example_branch_operator.py
[2024-06-10T14:05:20.210+0000] {logging_mixin.py:188} INFO - [2024-06-10T14:05:20.210+0000] {dag.py:3096} INFO - Sync 1 DAGs
[2024-06-10T14:05:20.235+0000] {logging_mixin.py:188} INFO - [2024-06-10T14:05:20.235+0000] {dag.py:3954} INFO - Setting next_dagrun for example_branch_operator to 2024-06-09 00:00:00+00:00, run_after=2024-06-10 00:00:00+00:00
[2024-06-10T14:05:20.261+0000] {processor.py:183} INFO - Processing /home/airflow/.local/lib/python3.12/site-packages/airflow/example_dags/example_branch_operator.py took 0.110 seconds
[2024-06-10T14:05:55.645+0000] {processor.py:161} INFO - Started process (PID=227) to work on /home/airflow/.local/lib/python3.12/site-packages/airflow/example_dags/example_branch_operator.py
[2024-06-10T14:05:55.646+0000] {processor.py:830} INFO - Processing file /home/airflow/.local/lib/python3.12/site-packages/airflow/example_dags/example_branch_operator.py for tasks to queue
[2024-06-10T14:05:55.648+0000] {logging_mixin.py:188} INFO - [2024-06-10T14:05:55.648+0000] {dagbag.py:545} INFO - Filling up the DagBag from /home/airflow/.local/lib/python3.12/site-packages/airflow/example_dags/example_branch_operator.py
[2024-06-10T14:05:55.667+0000] {processor.py:840} INFO - DAG(s) 'example_branch_operator' retrieved from /home/airflow/.local/lib/python3.12/site-packages/airflow/example_dags/example_branch_operator.py
[2024-06-10T14:05:55.702+0000] {logging_mixin.py:188} INFO - [2024-06-10T14:05:55.702+0000] {dag.py:3096} INFO - Sync 1 DAGs
[2024-06-10T14:05:55.729+0000] {logging_mixin.py:188} INFO - [2024-06-10T14:05:55.729+0000] {dag.py:3954} INFO - Setting next_dagrun for example_branch_operator to 2024-06-09 00:00:00+00:00, run_after=2024-06-10 00:00:00+00:00
[2024-06-10T14:05:55.752+0000] {processor.py:183} INFO - Processing /home/airflow/.local/lib/python3.12/site-packages/airflow/example_dags/example_branch_operator.py took 0.114 seconds
[2024-06-10T14:06:26.342+0000] {processor.py:161} INFO - Started process (PID=296) to work on /home/airflow/.local/lib/python3.12/site-packages/airflow/example_dags/example_branch_operator.py
[2024-06-10T14:06:26.344+0000] {processor.py:830} INFO - Processing file /home/airflow/.local/lib/python3.12/site-packages/airflow/example_dags/example_branch_operator.py for tasks to queue
[2024-06-10T14:06:26.346+0000] {logging_mixin.py:188} INFO - [2024-06-10T14:06:26.345+0000] {dagbag.py:545} INFO - Filling up the DagBag from /home/airflow/.local/lib/python3.12/site-packages/airflow/example_dags/example_branch_operator.py
[2024-06-10T14:06:26.365+0000] {processor.py:840} INFO - DAG(s) 'example_branch_operator' retrieved from /home/airflow/.local/lib/python3.12/site-packages/airflow/example_dags/example_branch_operator.py
[2024-06-10T14:06:26.378+0000] {logging_mixin.py:188} INFO - [2024-06-10T14:06:26.378+0000] {dag.py:3096} INFO - Sync 1 DAGs
[2024-06-10T14:06:26.402+0000] {logging_mixin.py:188} INFO - [2024-06-10T14:06:26.402+0000] {dag.py:3954} INFO - Setting next_dagrun for example_branch_operator to 2024-06-09 00:00:00+00:00, run_after=2024-06-10 00:00:00+00:00
[2024-06-10T14:06:26.427+0000] {processor.py:183} INFO - Processing /home/airflow/.local/lib/python3.12/site-packages/airflow/example_dags/example_branch_operator.py took 0.091 seconds
[2024-06-10T14:07:25.218+0000] {processor.py:161} INFO - Started process (PID=89) to work on /home/airflow/.local/lib/python3.12/site-packages/airflow/example_dags/example_branch_operator.py
[2024-06-10T14:07:25.219+0000] {processor.py:830} INFO - Processing file /home/airflow/.local/lib/python3.12/site-packages/airflow/example_dags/example_branch_operator.py for tasks to queue
[2024-06-10T14:07:25.222+0000] {logging_mixin.py:188} INFO - [2024-06-10T14:07:25.222+0000] {dagbag.py:545} INFO - Filling up the DagBag from /home/airflow/.local/lib/python3.12/site-packages/airflow/example_dags/example_branch_operator.py
[2024-06-10T14:07:25.247+0000] {processor.py:840} INFO - DAG(s) 'example_branch_operator' retrieved from /home/airflow/.local/lib/python3.12/site-packages/airflow/example_dags/example_branch_operator.py
[2024-06-10T14:07:25.261+0000] {logging_mixin.py:188} INFO - [2024-06-10T14:07:25.261+0000] {dag.py:3096} INFO - Sync 1 DAGs
[2024-06-10T14:07:25.298+0000] {logging_mixin.py:188} INFO - [2024-06-10T14:07:25.298+0000] {dag.py:3954} INFO - Setting next_dagrun for example_branch_operator to 2024-06-09 00:00:00+00:00, run_after=2024-06-10 00:00:00+00:00
[2024-06-10T14:07:25.327+0000] {processor.py:183} INFO - Processing /home/airflow/.local/lib/python3.12/site-packages/airflow/example_dags/example_branch_operator.py took 0.119 seconds
[2024-06-10T14:07:55.464+0000] {processor.py:161} INFO - Started process (PID=158) to work on /home/airflow/.local/lib/python3.12/site-packages/airflow/example_dags/example_branch_operator.py
[2024-06-10T14:07:55.465+0000] {processor.py:830} INFO - Processing file /home/airflow/.local/lib/python3.12/site-packages/airflow/example_dags/example_branch_operator.py for tasks to queue
[2024-06-10T14:07:55.467+0000] {logging_mixin.py:188} INFO - [2024-06-10T14:07:55.467+0000] {dagbag.py:545} INFO - Filling up the DagBag from /home/airflow/.local/lib/python3.12/site-packages/airflow/example_dags/example_branch_operator.py
[2024-06-10T14:07:55.482+0000] {processor.py:840} INFO - DAG(s) 'example_branch_operator' retrieved from /home/airflow/.local/lib/python3.12/site-packages/airflow/example_dags/example_branch_operator.py
[2024-06-10T14:07:55.740+0000] {logging_mixin.py:188} INFO - [2024-06-10T14:07:55.739+0000] {dag.py:3096} INFO - Sync 1 DAGs
[2024-06-10T14:07:55.764+0000] {logging_mixin.py:188} INFO - [2024-06-10T14:07:55.764+0000] {dag.py:3954} INFO - Setting next_dagrun for example_branch_operator to 2024-06-09 00:00:00+00:00, run_after=2024-06-10 00:00:00+00:00
[2024-06-10T14:07:55.786+0000] {processor.py:183} INFO - Processing /home/airflow/.local/lib/python3.12/site-packages/airflow/example_dags/example_branch_operator.py took 0.328 seconds
[2024-06-10T14:08:26.214+0000] {processor.py:161} INFO - Started process (PID=227) to work on /home/airflow/.local/lib/python3.12/site-packages/airflow/example_dags/example_branch_operator.py
[2024-06-10T14:08:26.215+0000] {processor.py:830} INFO - Processing file /home/airflow/.local/lib/python3.12/site-packages/airflow/example_dags/example_branch_operator.py for tasks to queue
[2024-06-10T14:08:26.218+0000] {logging_mixin.py:188} INFO - [2024-06-10T14:08:26.217+0000] {dagbag.py:545} INFO - Filling up the DagBag from /home/airflow/.local/lib/python3.12/site-packages/airflow/example_dags/example_branch_operator.py
[2024-06-10T14:08:26.234+0000] {processor.py:840} INFO - DAG(s) 'example_branch_operator' retrieved from /home/airflow/.local/lib/python3.12/site-packages/airflow/example_dags/example_branch_operator.py
[2024-06-10T14:08:26.273+0000] {logging_mixin.py:188} INFO - [2024-06-10T14:08:26.272+0000] {dag.py:3096} INFO - Sync 1 DAGs
[2024-06-10T14:08:26.304+0000] {logging_mixin.py:188} INFO - [2024-06-10T14:08:26.303+0000] {dag.py:3954} INFO - Setting next_dagrun for example_branch_operator to 2024-06-09 00:00:00+00:00, run_after=2024-06-10 00:00:00+00:00
[2024-06-10T14:08:26.329+0000] {processor.py:183} INFO - Processing /home/airflow/.local/lib/python3.12/site-packages/airflow/example_dags/example_branch_operator.py took 0.122 seconds
[2024-06-10T14:08:57.118+0000] {processor.py:161} INFO - Started process (PID=296) to work on /home/airflow/.local/lib/python3.12/site-packages/airflow/example_dags/example_branch_operator.py
[2024-06-10T14:08:57.120+0000] {processor.py:830} INFO - Processing file /home/airflow/.local/lib/python3.12/site-packages/airflow/example_dags/example_branch_operator.py for tasks to queue
[2024-06-10T14:08:57.122+0000] {logging_mixin.py:188} INFO - [2024-06-10T14:08:57.122+0000] {dagbag.py:545} INFO - Filling up the DagBag from /home/airflow/.local/lib/python3.12/site-packages/airflow/example_dags/example_branch_operator.py
[2024-06-10T14:08:57.138+0000] {processor.py:840} INFO - DAG(s) 'example_branch_operator' retrieved from /home/airflow/.local/lib/python3.12/site-packages/airflow/example_dags/example_branch_operator.py
[2024-06-10T14:08:57.170+0000] {logging_mixin.py:188} INFO - [2024-06-10T14:08:57.170+0000] {dag.py:3096} INFO - Sync 1 DAGs
[2024-06-10T14:08:57.201+0000] {logging_mixin.py:188} INFO - [2024-06-10T14:08:57.201+0000] {dag.py:3954} INFO - Setting next_dagrun for example_branch_operator to 2024-06-09 00:00:00+00:00, run_after=2024-06-10 00:00:00+00:00
[2024-06-10T14:08:57.226+0000] {processor.py:183} INFO - Processing /home/airflow/.local/lib/python3.12/site-packages/airflow/example_dags/example_branch_operator.py took 0.114 seconds
[2024-06-10T14:09:27.708+0000] {processor.py:161} INFO - Started process (PID=365) to work on /home/airflow/.local/lib/python3.12/site-packages/airflow/example_dags/example_branch_operator.py
[2024-06-10T14:09:27.710+0000] {processor.py:830} INFO - Processing file /home/airflow/.local/lib/python3.12/site-packages/airflow/example_dags/example_branch_operator.py for tasks to queue
[2024-06-10T14:09:27.712+0000] {logging_mixin.py:188} INFO - [2024-06-10T14:09:27.712+0000] {dagbag.py:545} INFO - Filling up the DagBag from /home/airflow/.local/lib/python3.12/site-packages/airflow/example_dags/example_branch_operator.py
[2024-06-10T14:09:27.728+0000] {processor.py:840} INFO - DAG(s) 'example_branch_operator' retrieved from /home/airflow/.local/lib/python3.12/site-packages/airflow/example_dags/example_branch_operator.py
[2024-06-10T14:09:27.757+0000] {logging_mixin.py:188} INFO - [2024-06-10T14:09:27.757+0000] {dag.py:3096} INFO - Sync 1 DAGs
[2024-06-10T14:09:27.786+0000] {logging_mixin.py:188} INFO - [2024-06-10T14:09:27.786+0000] {dag.py:3954} INFO - Setting next_dagrun for example_branch_operator to 2024-06-09 00:00:00+00:00, run_after=2024-06-10 00:00:00+00:00
[2024-06-10T14:09:27.812+0000] {processor.py:183} INFO - Processing /home/airflow/.local/lib/python3.12/site-packages/airflow/example_dags/example_branch_operator.py took 0.109 seconds
[2024-06-10T14:09:58.817+0000] {processor.py:161} INFO - Started process (PID=434) to work on /home/airflow/.local/lib/python3.12/site-packages/airflow/example_dags/example_branch_operator.py
[2024-06-10T14:09:58.819+0000] {processor.py:830} INFO - Processing file /home/airflow/.local/lib/python3.12/site-packages/airflow/example_dags/example_branch_operator.py for tasks to queue
[2024-06-10T14:09:58.821+0000] {logging_mixin.py:188} INFO - [2024-06-10T14:09:58.821+0000] {dagbag.py:545} INFO - Filling up the DagBag from /home/airflow/.local/lib/python3.12/site-packages/airflow/example_dags/example_branch_operator.py
[2024-06-10T14:09:58.839+0000] {processor.py:840} INFO - DAG(s) 'example_branch_operator' retrieved from /home/airflow/.local/lib/python3.12/site-packages/airflow/example_dags/example_branch_operator.py
[2024-06-10T14:09:58.873+0000] {logging_mixin.py:188} INFO - [2024-06-10T14:09:58.873+0000] {dag.py:3096} INFO - Sync 1 DAGs
[2024-06-10T14:09:58.901+0000] {logging_mixin.py:188} INFO - [2024-06-10T14:09:58.901+0000] {dag.py:3954} INFO - Setting next_dagrun for example_branch_operator to 2024-06-09 00:00:00+00:00, run_after=2024-06-10 00:00:00+00:00
[2024-06-10T14:09:58.923+0000] {processor.py:183} INFO - Processing /home/airflow/.local/lib/python3.12/site-packages/airflow/example_dags/example_branch_operator.py took 0.112 seconds
[2024-06-10T14:10:29.847+0000] {processor.py:161} INFO - Started process (PID=503) to work on /home/airflow/.local/lib/python3.12/site-packages/airflow/example_dags/example_branch_operator.py
[2024-06-10T14:10:29.849+0000] {processor.py:830} INFO - Processing file /home/airflow/.local/lib/python3.12/site-packages/airflow/example_dags/example_branch_operator.py for tasks to queue
[2024-06-10T14:10:29.851+0000] {logging_mixin.py:188} INFO - [2024-06-10T14:10:29.851+0000] {dagbag.py:545} INFO - Filling up the DagBag from /home/airflow/.local/lib/python3.12/site-packages/airflow/example_dags/example_branch_operator.py
[2024-06-10T14:10:29.873+0000] {processor.py:840} INFO - DAG(s) 'example_branch_operator' retrieved from /home/airflow/.local/lib/python3.12/site-packages/airflow/example_dags/example_branch_operator.py
[2024-06-10T14:10:29.913+0000] {logging_mixin.py:188} INFO - [2024-06-10T14:10:29.913+0000] {dag.py:3096} INFO - Sync 1 DAGs
[2024-06-10T14:10:29.948+0000] {logging_mixin.py:188} INFO - [2024-06-10T14:10:29.948+0000] {dag.py:3954} INFO - Setting next_dagrun for example_branch_operator to 2024-06-09 00:00:00+00:00, run_after=2024-06-10 00:00:00+00:00
[2024-06-10T14:10:30.189+0000] {processor.py:183} INFO - Processing /home/airflow/.local/lib/python3.12/site-packages/airflow/example_dags/example_branch_operator.py took 0.349 seconds
[2024-06-10T14:11:01.671+0000] {processor.py:161} INFO - Started process (PID=572) to work on /home/airflow/.local/lib/python3.12/site-packages/airflow/example_dags/example_branch_operator.py
[2024-06-10T14:11:01.673+0000] {processor.py:830} INFO - Processing file /home/airflow/.local/lib/python3.12/site-packages/airflow/example_dags/example_branch_operator.py for tasks to queue
[2024-06-10T14:11:01.675+0000] {logging_mixin.py:188} INFO - [2024-06-10T14:11:01.675+0000] {dagbag.py:545} INFO - Filling up the DagBag from /home/airflow/.local/lib/python3.12/site-packages/airflow/example_dags/example_branch_operator.py
[2024-06-10T14:11:01.695+0000] {processor.py:840} INFO - DAG(s) 'example_branch_operator' retrieved from /home/airflow/.local/lib/python3.12/site-packages/airflow/example_dags/example_branch_operator.py
[2024-06-10T14:11:01.859+0000] {logging_mixin.py:188} INFO - [2024-06-10T14:11:01.858+0000] {dag.py:3096} INFO - Sync 1 DAGs
[2024-06-10T14:11:01.881+0000] {logging_mixin.py:188} INFO - [2024-06-10T14:11:01.881+0000] {dag.py:3954} INFO - Setting next_dagrun for example_branch_operator to 2024-06-09 00:00:00+00:00, run_after=2024-06-10 00:00:00+00:00
[2024-06-10T14:11:01.899+0000] {processor.py:183} INFO - Processing /home/airflow/.local/lib/python3.12/site-packages/airflow/example_dags/example_branch_operator.py took 0.234 seconds
[2024-06-10T14:11:32.693+0000] {processor.py:161} INFO - Started process (PID=641) to work on /home/airflow/.local/lib/python3.12/site-packages/airflow/example_dags/example_branch_operator.py
[2024-06-10T14:11:32.695+0000] {processor.py:830} INFO - Processing file /home/airflow/.local/lib/python3.12/site-packages/airflow/example_dags/example_branch_operator.py for tasks to queue
[2024-06-10T14:11:32.697+0000] {logging_mixin.py:188} INFO - [2024-06-10T14:11:32.696+0000] {dagbag.py:545} INFO - Filling up the DagBag from /home/airflow/.local/lib/python3.12/site-packages/airflow/example_dags/example_branch_operator.py
[2024-06-10T14:11:32.712+0000] {processor.py:840} INFO - DAG(s) 'example_branch_operator' retrieved from /home/airflow/.local/lib/python3.12/site-packages/airflow/example_dags/example_branch_operator.py
[2024-06-10T14:11:32.741+0000] {logging_mixin.py:188} INFO - [2024-06-10T14:11:32.741+0000] {dag.py:3096} INFO - Sync 1 DAGs
[2024-06-10T14:11:32.878+0000] {logging_mixin.py:188} INFO - [2024-06-10T14:11:32.878+0000] {dag.py:3954} INFO - Setting next_dagrun for example_branch_operator to 2024-06-09 00:00:00+00:00, run_after=2024-06-10 00:00:00+00:00
[2024-06-10T14:11:32.896+0000] {processor.py:183} INFO - Processing /home/airflow/.local/lib/python3.12/site-packages/airflow/example_dags/example_branch_operator.py took 0.208 seconds
[2024-06-10T14:12:03.430+0000] {processor.py:161} INFO - Started process (PID=710) to work on /home/airflow/.local/lib/python3.12/site-packages/airflow/example_dags/example_branch_operator.py
[2024-06-10T14:12:03.431+0000] {processor.py:830} INFO - Processing file /home/airflow/.local/lib/python3.12/site-packages/airflow/example_dags/example_branch_operator.py for tasks to queue
[2024-06-10T14:12:03.433+0000] {logging_mixin.py:188} INFO - [2024-06-10T14:12:03.433+0000] {dagbag.py:545} INFO - Filling up the DagBag from /home/airflow/.local/lib/python3.12/site-packages/airflow/example_dags/example_branch_operator.py
[2024-06-10T14:12:03.449+0000] {processor.py:840} INFO - DAG(s) 'example_branch_operator' retrieved from /home/airflow/.local/lib/python3.12/site-packages/airflow/example_dags/example_branch_operator.py
[2024-06-10T14:12:03.485+0000] {logging_mixin.py:188} INFO - [2024-06-10T14:12:03.484+0000] {dag.py:3096} INFO - Sync 1 DAGs
[2024-06-10T14:12:03.646+0000] {logging_mixin.py:188} INFO - [2024-06-10T14:12:03.646+0000] {dag.py:3954} INFO - Setting next_dagrun for example_branch_operator to 2024-06-09 00:00:00+00:00, run_after=2024-06-10 00:00:00+00:00
[2024-06-10T14:12:03.667+0000] {processor.py:183} INFO - Processing /home/airflow/.local/lib/python3.12/site-packages/airflow/example_dags/example_branch_operator.py took 0.243 seconds
[2024-06-10T14:12:38.451+0000] {processor.py:161} INFO - Started process (PID=779) to work on /home/airflow/.local/lib/python3.12/site-packages/airflow/example_dags/example_branch_operator.py
[2024-06-10T14:12:38.452+0000] {processor.py:830} INFO - Processing file /home/airflow/.local/lib/python3.12/site-packages/airflow/example_dags/example_branch_operator.py for tasks to queue
[2024-06-10T14:12:38.454+0000] {logging_mixin.py:188} INFO - [2024-06-10T14:12:38.454+0000] {dagbag.py:545} INFO - Filling up the DagBag from /home/airflow/.local/lib/python3.12/site-packages/airflow/example_dags/example_branch_operator.py
[2024-06-10T14:12:38.471+0000] {processor.py:840} INFO - DAG(s) 'example_branch_operator' retrieved from /home/airflow/.local/lib/python3.12/site-packages/airflow/example_dags/example_branch_operator.py
[2024-06-10T14:12:38.507+0000] {logging_mixin.py:188} INFO - [2024-06-10T14:12:38.507+0000] {dag.py:3096} INFO - Sync 1 DAGs
[2024-06-10T14:12:38.672+0000] {logging_mixin.py:188} INFO - [2024-06-10T14:12:38.672+0000] {dag.py:3954} INFO - Setting next_dagrun for example_branch_operator to 2024-06-09 00:00:00+00:00, run_after=2024-06-10 00:00:00+00:00
[2024-06-10T14:12:38.719+0000] {processor.py:183} INFO - Processing /home/airflow/.local/lib/python3.12/site-packages/airflow/example_dags/example_branch_operator.py took 0.273 seconds
[2024-06-10T14:13:09.087+0000] {processor.py:161} INFO - Started process (PID=847) to work on /home/airflow/.local/lib/python3.12/site-packages/airflow/example_dags/example_branch_operator.py
[2024-06-10T14:13:09.089+0000] {processor.py:830} INFO - Processing file /home/airflow/.local/lib/python3.12/site-packages/airflow/example_dags/example_branch_operator.py for tasks to queue
[2024-06-10T14:13:09.091+0000] {logging_mixin.py:188} INFO - [2024-06-10T14:13:09.090+0000] {dagbag.py:545} INFO - Filling up the DagBag from /home/airflow/.local/lib/python3.12/site-packages/airflow/example_dags/example_branch_operator.py
[2024-06-10T14:13:09.107+0000] {processor.py:840} INFO - DAG(s) 'example_branch_operator' retrieved from /home/airflow/.local/lib/python3.12/site-packages/airflow/example_dags/example_branch_operator.py
[2024-06-10T14:13:09.134+0000] {logging_mixin.py:188} INFO - [2024-06-10T14:13:09.134+0000] {dag.py:3096} INFO - Sync 1 DAGs
[2024-06-10T14:13:09.157+0000] {logging_mixin.py:188} INFO - [2024-06-10T14:13:09.156+0000] {dag.py:3954} INFO - Setting next_dagrun for example_branch_operator to 2024-06-09 00:00:00+00:00, run_after=2024-06-10 00:00:00+00:00
[2024-06-10T14:13:09.178+0000] {processor.py:183} INFO - Processing /home/airflow/.local/lib/python3.12/site-packages/airflow/example_dags/example_branch_operator.py took 0.096 seconds
[2024-06-10T14:13:39.572+0000] {processor.py:161} INFO - Started process (PID=917) to work on /home/airflow/.local/lib/python3.12/site-packages/airflow/example_dags/example_branch_operator.py
[2024-06-10T14:13:39.573+0000] {processor.py:830} INFO - Processing file /home/airflow/.local/lib/python3.12/site-packages/airflow/example_dags/example_branch_operator.py for tasks to queue
[2024-06-10T14:13:39.575+0000] {logging_mixin.py:188} INFO - [2024-06-10T14:13:39.575+0000] {dagbag.py:545} INFO - Filling up the DagBag from /home/airflow/.local/lib/python3.12/site-packages/airflow/example_dags/example_branch_operator.py
[2024-06-10T14:13:39.593+0000] {processor.py:840} INFO - DAG(s) 'example_branch_operator' retrieved from /home/airflow/.local/lib/python3.12/site-packages/airflow/example_dags/example_branch_operator.py
[2024-06-10T14:13:39.623+0000] {logging_mixin.py:188} INFO - [2024-06-10T14:13:39.622+0000] {dag.py:3096} INFO - Sync 1 DAGs
[2024-06-10T14:13:39.653+0000] {logging_mixin.py:188} INFO - [2024-06-10T14:13:39.653+0000] {dag.py:3954} INFO - Setting next_dagrun for example_branch_operator to 2024-06-09 00:00:00+00:00, run_after=2024-06-10 00:00:00+00:00
[2024-06-10T14:13:39.684+0000] {processor.py:183} INFO - Processing /home/airflow/.local/lib/python3.12/site-packages/airflow/example_dags/example_branch_operator.py took 0.122 seconds
[2024-06-10T14:14:09.780+0000] {processor.py:161} INFO - Started process (PID=986) to work on /home/airflow/.local/lib/python3.12/site-packages/airflow/example_dags/example_branch_operator.py
[2024-06-10T14:14:09.781+0000] {processor.py:830} INFO - Processing file /home/airflow/.local/lib/python3.12/site-packages/airflow/example_dags/example_branch_operator.py for tasks to queue
[2024-06-10T14:14:09.783+0000] {logging_mixin.py:188} INFO - [2024-06-10T14:14:09.783+0000] {dagbag.py:545} INFO - Filling up the DagBag from /home/airflow/.local/lib/python3.12/site-packages/airflow/example_dags/example_branch_operator.py
[2024-06-10T14:14:09.804+0000] {processor.py:840} INFO - DAG(s) 'example_branch_operator' retrieved from /home/airflow/.local/lib/python3.12/site-packages/airflow/example_dags/example_branch_operator.py
[2024-06-10T14:14:09.846+0000] {logging_mixin.py:188} INFO - [2024-06-10T14:14:09.846+0000] {dag.py:3096} INFO - Sync 1 DAGs
[2024-06-10T14:14:09.877+0000] {logging_mixin.py:188} INFO - [2024-06-10T14:14:09.877+0000] {dag.py:3954} INFO - Setting next_dagrun for example_branch_operator to 2024-06-09 00:00:00+00:00, run_after=2024-06-10 00:00:00+00:00
[2024-06-10T14:14:09.901+0000] {processor.py:183} INFO - Processing /home/airflow/.local/lib/python3.12/site-packages/airflow/example_dags/example_branch_operator.py took 0.132 seconds
[2024-06-10T14:14:40.655+0000] {processor.py:161} INFO - Started process (PID=1055) to work on /home/airflow/.local/lib/python3.12/site-packages/airflow/example_dags/example_branch_operator.py
[2024-06-10T14:14:40.657+0000] {processor.py:830} INFO - Processing file /home/airflow/.local/lib/python3.12/site-packages/airflow/example_dags/example_branch_operator.py for tasks to queue
[2024-06-10T14:14:40.659+0000] {logging_mixin.py:188} INFO - [2024-06-10T14:14:40.659+0000] {dagbag.py:545} INFO - Filling up the DagBag from /home/airflow/.local/lib/python3.12/site-packages/airflow/example_dags/example_branch_operator.py
[2024-06-10T14:14:40.680+0000] {processor.py:840} INFO - DAG(s) 'example_branch_operator' retrieved from /home/airflow/.local/lib/python3.12/site-packages/airflow/example_dags/example_branch_operator.py
[2024-06-10T14:14:40.712+0000] {logging_mixin.py:188} INFO - [2024-06-10T14:14:40.712+0000] {dag.py:3096} INFO - Sync 1 DAGs
[2024-06-10T14:14:40.734+0000] {logging_mixin.py:188} INFO - [2024-06-10T14:14:40.734+0000] {dag.py:3954} INFO - Setting next_dagrun for example_branch_operator to 2024-06-09 00:00:00+00:00, run_after=2024-06-10 00:00:00+00:00
[2024-06-10T14:14:40.759+0000] {processor.py:183} INFO - Processing /home/airflow/.local/lib/python3.12/site-packages/airflow/example_dags/example_branch_operator.py took 0.110 seconds
[2024-06-10T14:15:11.372+0000] {processor.py:161} INFO - Started process (PID=1125) to work on /home/airflow/.local/lib/python3.12/site-packages/airflow/example_dags/example_branch_operator.py
[2024-06-10T14:15:11.374+0000] {processor.py:830} INFO - Processing file /home/airflow/.local/lib/python3.12/site-packages/airflow/example_dags/example_branch_operator.py for tasks to queue
[2024-06-10T14:15:11.376+0000] {logging_mixin.py:188} INFO - [2024-06-10T14:15:11.376+0000] {dagbag.py:545} INFO - Filling up the DagBag from /home/airflow/.local/lib/python3.12/site-packages/airflow/example_dags/example_branch_operator.py
[2024-06-10T14:15:11.389+0000] {processor.py:840} INFO - DAG(s) 'example_branch_operator' retrieved from /home/airflow/.local/lib/python3.12/site-packages/airflow/example_dags/example_branch_operator.py
[2024-06-10T14:15:11.415+0000] {logging_mixin.py:188} INFO - [2024-06-10T14:15:11.415+0000] {dag.py:3096} INFO - Sync 1 DAGs
[2024-06-10T14:15:11.440+0000] {logging_mixin.py:188} INFO - [2024-06-10T14:15:11.440+0000] {dag.py:3954} INFO - Setting next_dagrun for example_branch_operator to 2024-06-09 00:00:00+00:00, run_after=2024-06-10 00:00:00+00:00
[2024-06-10T14:15:11.458+0000] {processor.py:183} INFO - Processing /home/airflow/.local/lib/python3.12/site-packages/airflow/example_dags/example_branch_operator.py took 0.090 seconds
[2024-06-10T14:15:41.576+0000] {processor.py:161} INFO - Started process (PID=1193) to work on /home/airflow/.local/lib/python3.12/site-packages/airflow/example_dags/example_branch_operator.py
[2024-06-10T14:15:41.577+0000] {processor.py:830} INFO - Processing file /home/airflow/.local/lib/python3.12/site-packages/airflow/example_dags/example_branch_operator.py for tasks to queue
[2024-06-10T14:15:41.578+0000] {logging_mixin.py:188} INFO - [2024-06-10T14:15:41.578+0000] {dagbag.py:545} INFO - Filling up the DagBag from /home/airflow/.local/lib/python3.12/site-packages/airflow/example_dags/example_branch_operator.py
[2024-06-10T14:15:41.594+0000] {processor.py:840} INFO - DAG(s) 'example_branch_operator' retrieved from /home/airflow/.local/lib/python3.12/site-packages/airflow/example_dags/example_branch_operator.py
[2024-06-10T14:15:41.629+0000] {logging_mixin.py:188} INFO - [2024-06-10T14:15:41.628+0000] {dag.py:3096} INFO - Sync 1 DAGs
[2024-06-10T14:15:41.651+0000] {logging_mixin.py:188} INFO - [2024-06-10T14:15:41.650+0000] {dag.py:3954} INFO - Setting next_dagrun for example_branch_operator to 2024-06-09 00:00:00+00:00, run_after=2024-06-10 00:00:00+00:00
[2024-06-10T14:15:41.672+0000] {processor.py:183} INFO - Processing /home/airflow/.local/lib/python3.12/site-packages/airflow/example_dags/example_branch_operator.py took 0.102 seconds
[2024-06-10T14:16:11.811+0000] {processor.py:161} INFO - Started process (PID=1253) to work on /home/airflow/.local/lib/python3.12/site-packages/airflow/example_dags/example_branch_operator.py
[2024-06-10T14:16:11.813+0000] {processor.py:830} INFO - Processing file /home/airflow/.local/lib/python3.12/site-packages/airflow/example_dags/example_branch_operator.py for tasks to queue
[2024-06-10T14:16:11.814+0000] {logging_mixin.py:188} INFO - [2024-06-10T14:16:11.813+0000] {dagbag.py:545} INFO - Filling up the DagBag from /home/airflow/.local/lib/python3.12/site-packages/airflow/example_dags/example_branch_operator.py
[2024-06-10T14:16:11.827+0000] {processor.py:840} INFO - DAG(s) 'example_branch_operator' retrieved from /home/airflow/.local/lib/python3.12/site-packages/airflow/example_dags/example_branch_operator.py
[2024-06-10T14:16:11.854+0000] {logging_mixin.py:188} INFO - [2024-06-10T14:16:11.854+0000] {dag.py:3096} INFO - Sync 1 DAGs
[2024-06-10T14:16:11.875+0000] {logging_mixin.py:188} INFO - [2024-06-10T14:16:11.874+0000] {dag.py:3954} INFO - Setting next_dagrun for example_branch_operator to 2024-06-09 00:00:00+00:00, run_after=2024-06-10 00:00:00+00:00
[2024-06-10T14:16:11.892+0000] {processor.py:183} INFO - Processing /home/airflow/.local/lib/python3.12/site-packages/airflow/example_dags/example_branch_operator.py took 0.086 seconds
[2024-06-10T14:16:42.680+0000] {processor.py:161} INFO - Started process (PID=1313) to work on /home/airflow/.local/lib/python3.12/site-packages/airflow/example_dags/example_branch_operator.py
[2024-06-10T14:16:42.681+0000] {processor.py:830} INFO - Processing file /home/airflow/.local/lib/python3.12/site-packages/airflow/example_dags/example_branch_operator.py for tasks to queue
[2024-06-10T14:16:42.682+0000] {logging_mixin.py:188} INFO - [2024-06-10T14:16:42.682+0000] {dagbag.py:545} INFO - Filling up the DagBag from /home/airflow/.local/lib/python3.12/site-packages/airflow/example_dags/example_branch_operator.py
[2024-06-10T14:16:42.698+0000] {processor.py:840} INFO - DAG(s) 'example_branch_operator' retrieved from /home/airflow/.local/lib/python3.12/site-packages/airflow/example_dags/example_branch_operator.py
[2024-06-10T14:16:42.710+0000] {logging_mixin.py:188} INFO - [2024-06-10T14:16:42.710+0000] {dag.py:3096} INFO - Sync 1 DAGs
[2024-06-10T14:16:42.735+0000] {logging_mixin.py:188} INFO - [2024-06-10T14:16:42.735+0000] {dag.py:3954} INFO - Setting next_dagrun for example_branch_operator to 2024-06-09 00:00:00+00:00, run_after=2024-06-10 00:00:00+00:00
[2024-06-10T14:16:42.757+0000] {processor.py:183} INFO - Processing /home/airflow/.local/lib/python3.12/site-packages/airflow/example_dags/example_branch_operator.py took 0.082 seconds
[2024-06-10T14:17:13.609+0000] {processor.py:161} INFO - Started process (PID=1373) to work on /home/airflow/.local/lib/python3.12/site-packages/airflow/example_dags/example_branch_operator.py
[2024-06-10T14:17:13.610+0000] {processor.py:830} INFO - Processing file /home/airflow/.local/lib/python3.12/site-packages/airflow/example_dags/example_branch_operator.py for tasks to queue
[2024-06-10T14:17:13.611+0000] {logging_mixin.py:188} INFO - [2024-06-10T14:17:13.611+0000] {dagbag.py:545} INFO - Filling up the DagBag from /home/airflow/.local/lib/python3.12/site-packages/airflow/example_dags/example_branch_operator.py
[2024-06-10T14:17:13.627+0000] {processor.py:840} INFO - DAG(s) 'example_branch_operator' retrieved from /home/airflow/.local/lib/python3.12/site-packages/airflow/example_dags/example_branch_operator.py
[2024-06-10T14:17:13.719+0000] {logging_mixin.py:188} INFO - [2024-06-10T14:17:13.719+0000] {dag.py:3096} INFO - Sync 1 DAGs
[2024-06-10T14:17:13.738+0000] {logging_mixin.py:188} INFO - [2024-06-10T14:17:13.738+0000] {dag.py:3954} INFO - Setting next_dagrun for example_branch_operator to 2024-06-09 00:00:00+00:00, run_after=2024-06-10 00:00:00+00:00
[2024-06-10T14:17:13.759+0000] {processor.py:183} INFO - Processing /home/airflow/.local/lib/python3.12/site-packages/airflow/example_dags/example_branch_operator.py took 0.155 seconds
[2024-06-10T14:17:44.570+0000] {processor.py:161} INFO - Started process (PID=1433) to work on /home/airflow/.local/lib/python3.12/site-packages/airflow/example_dags/example_branch_operator.py
[2024-06-10T14:17:44.572+0000] {processor.py:830} INFO - Processing file /home/airflow/.local/lib/python3.12/site-packages/airflow/example_dags/example_branch_operator.py for tasks to queue
[2024-06-10T14:17:44.574+0000] {logging_mixin.py:188} INFO - [2024-06-10T14:17:44.573+0000] {dagbag.py:545} INFO - Filling up the DagBag from /home/airflow/.local/lib/python3.12/site-packages/airflow/example_dags/example_branch_operator.py
[2024-06-10T14:17:44.600+0000] {processor.py:840} INFO - DAG(s) 'example_branch_operator' retrieved from /home/airflow/.local/lib/python3.12/site-packages/airflow/example_dags/example_branch_operator.py
[2024-06-10T14:17:44.632+0000] {logging_mixin.py:188} INFO - [2024-06-10T14:17:44.632+0000] {dag.py:3096} INFO - Sync 1 DAGs
[2024-06-10T14:17:44.657+0000] {logging_mixin.py:188} INFO - [2024-06-10T14:17:44.657+0000] {dag.py:3954} INFO - Setting next_dagrun for example_branch_operator to 2024-06-09 00:00:00+00:00, run_after=2024-06-10 00:00:00+00:00
[2024-06-10T14:17:44.677+0000] {processor.py:183} INFO - Processing /home/airflow/.local/lib/python3.12/site-packages/airflow/example_dags/example_branch_operator.py took 0.117 seconds
[2024-06-10T14:18:19.909+0000] {processor.py:161} INFO - Started process (PID=1493) to work on /home/airflow/.local/lib/python3.12/site-packages/airflow/example_dags/example_branch_operator.py
[2024-06-10T14:18:19.911+0000] {processor.py:830} INFO - Processing file /home/airflow/.local/lib/python3.12/site-packages/airflow/example_dags/example_branch_operator.py for tasks to queue
[2024-06-10T14:18:19.913+0000] {logging_mixin.py:188} INFO - [2024-06-10T14:18:19.912+0000] {dagbag.py:545} INFO - Filling up the DagBag from /home/airflow/.local/lib/python3.12/site-packages/airflow/example_dags/example_branch_operator.py
[2024-06-10T14:18:19.944+0000] {processor.py:840} INFO - DAG(s) 'example_branch_operator' retrieved from /home/airflow/.local/lib/python3.12/site-packages/airflow/example_dags/example_branch_operator.py
[2024-06-10T14:18:20.370+0000] {logging_mixin.py:188} INFO - [2024-06-10T14:18:20.370+0000] {dag.py:3096} INFO - Sync 1 DAGs
[2024-06-10T14:18:20.416+0000] {logging_mixin.py:188} INFO - [2024-06-10T14:18:20.416+0000] {dag.py:3954} INFO - Setting next_dagrun for example_branch_operator to 2024-06-09 00:00:00+00:00, run_after=2024-06-10 00:00:00+00:00
[2024-06-10T14:18:20.548+0000] {processor.py:183} INFO - Processing /home/airflow/.local/lib/python3.12/site-packages/airflow/example_dags/example_branch_operator.py took 0.648 seconds
[2024-06-10T14:18:50.655+0000] {processor.py:161} INFO - Started process (PID=1552) to work on /home/airflow/.local/lib/python3.12/site-packages/airflow/example_dags/example_branch_operator.py
[2024-06-10T14:18:50.657+0000] {processor.py:830} INFO - Processing file /home/airflow/.local/lib/python3.12/site-packages/airflow/example_dags/example_branch_operator.py for tasks to queue
[2024-06-10T14:18:50.658+0000] {logging_mixin.py:188} INFO - [2024-06-10T14:18:50.657+0000] {dagbag.py:545} INFO - Filling up the DagBag from /home/airflow/.local/lib/python3.12/site-packages/airflow/example_dags/example_branch_operator.py
[2024-06-10T14:18:50.678+0000] {processor.py:840} INFO - DAG(s) 'example_branch_operator' retrieved from /home/airflow/.local/lib/python3.12/site-packages/airflow/example_dags/example_branch_operator.py
[2024-06-10T14:18:50.689+0000] {logging_mixin.py:188} INFO - [2024-06-10T14:18:50.689+0000] {dag.py:3096} INFO - Sync 1 DAGs
[2024-06-10T14:18:50.711+0000] {logging_mixin.py:188} INFO - [2024-06-10T14:18:50.711+0000] {dag.py:3954} INFO - Setting next_dagrun for example_branch_operator to 2024-06-09 00:00:00+00:00, run_after=2024-06-10 00:00:00+00:00
[2024-06-10T14:18:50.737+0000] {processor.py:183} INFO - Processing /home/airflow/.local/lib/python3.12/site-packages/airflow/example_dags/example_branch_operator.py took 0.087 seconds
[2024-06-10T14:19:20.841+0000] {processor.py:161} INFO - Started process (PID=1612) to work on /home/airflow/.local/lib/python3.12/site-packages/airflow/example_dags/example_branch_operator.py
[2024-06-10T14:19:20.843+0000] {processor.py:830} INFO - Processing file /home/airflow/.local/lib/python3.12/site-packages/airflow/example_dags/example_branch_operator.py for tasks to queue
[2024-06-10T14:19:20.845+0000] {logging_mixin.py:188} INFO - [2024-06-10T14:19:20.844+0000] {dagbag.py:545} INFO - Filling up the DagBag from /home/airflow/.local/lib/python3.12/site-packages/airflow/example_dags/example_branch_operator.py
[2024-06-10T14:19:20.865+0000] {processor.py:840} INFO - DAG(s) 'example_branch_operator' retrieved from /home/airflow/.local/lib/python3.12/site-packages/airflow/example_dags/example_branch_operator.py
[2024-06-10T14:19:20.990+0000] {logging_mixin.py:188} INFO - [2024-06-10T14:19:20.990+0000] {dag.py:3096} INFO - Sync 1 DAGs
[2024-06-10T14:19:21.014+0000] {logging_mixin.py:188} INFO - [2024-06-10T14:19:21.014+0000] {dag.py:3954} INFO - Setting next_dagrun for example_branch_operator to 2024-06-09 00:00:00+00:00, run_after=2024-06-10 00:00:00+00:00
[2024-06-10T14:19:21.037+0000] {processor.py:183} INFO - Processing /home/airflow/.local/lib/python3.12/site-packages/airflow/example_dags/example_branch_operator.py took 0.201 seconds
[2024-06-10T14:19:51.423+0000] {processor.py:161} INFO - Started process (PID=1672) to work on /home/airflow/.local/lib/python3.12/site-packages/airflow/example_dags/example_branch_operator.py
[2024-06-10T14:19:51.424+0000] {processor.py:830} INFO - Processing file /home/airflow/.local/lib/python3.12/site-packages/airflow/example_dags/example_branch_operator.py for tasks to queue
[2024-06-10T14:19:51.425+0000] {logging_mixin.py:188} INFO - [2024-06-10T14:19:51.425+0000] {dagbag.py:545} INFO - Filling up the DagBag from /home/airflow/.local/lib/python3.12/site-packages/airflow/example_dags/example_branch_operator.py
[2024-06-10T14:19:51.441+0000] {processor.py:840} INFO - DAG(s) 'example_branch_operator' retrieved from /home/airflow/.local/lib/python3.12/site-packages/airflow/example_dags/example_branch_operator.py
[2024-06-10T14:19:51.477+0000] {logging_mixin.py:188} INFO - [2024-06-10T14:19:51.477+0000] {dag.py:3096} INFO - Sync 1 DAGs
[2024-06-10T14:19:51.505+0000] {logging_mixin.py:188} INFO - [2024-06-10T14:19:51.505+0000] {dag.py:3954} INFO - Setting next_dagrun for example_branch_operator to 2024-06-09 00:00:00+00:00, run_after=2024-06-10 00:00:00+00:00
[2024-06-10T14:19:51.527+0000] {processor.py:183} INFO - Processing /home/airflow/.local/lib/python3.12/site-packages/airflow/example_dags/example_branch_operator.py took 0.109 seconds
[2024-06-10T14:20:21.850+0000] {processor.py:161} INFO - Started process (PID=1732) to work on /home/airflow/.local/lib/python3.12/site-packages/airflow/example_dags/example_branch_operator.py
[2024-06-10T14:20:21.851+0000] {processor.py:830} INFO - Processing file /home/airflow/.local/lib/python3.12/site-packages/airflow/example_dags/example_branch_operator.py for tasks to queue
[2024-06-10T14:20:21.853+0000] {logging_mixin.py:188} INFO - [2024-06-10T14:20:21.852+0000] {dagbag.py:545} INFO - Filling up the DagBag from /home/airflow/.local/lib/python3.12/site-packages/airflow/example_dags/example_branch_operator.py
[2024-06-10T14:20:21.874+0000] {processor.py:840} INFO - DAG(s) 'example_branch_operator' retrieved from /home/airflow/.local/lib/python3.12/site-packages/airflow/example_dags/example_branch_operator.py
[2024-06-10T14:20:21.908+0000] {logging_mixin.py:188} INFO - [2024-06-10T14:20:21.907+0000] {dag.py:3096} INFO - Sync 1 DAGs
[2024-06-10T14:20:21.932+0000] {logging_mixin.py:188} INFO - [2024-06-10T14:20:21.932+0000] {dag.py:3954} INFO - Setting next_dagrun for example_branch_operator to 2024-06-09 00:00:00+00:00, run_after=2024-06-10 00:00:00+00:00
[2024-06-10T14:20:21.952+0000] {processor.py:183} INFO - Processing /home/airflow/.local/lib/python3.12/site-packages/airflow/example_dags/example_branch_operator.py took 0.109 seconds
[2024-06-10T14:20:52.268+0000] {processor.py:161} INFO - Started process (PID=1792) to work on /home/airflow/.local/lib/python3.12/site-packages/airflow/example_dags/example_branch_operator.py
[2024-06-10T14:20:52.270+0000] {processor.py:830} INFO - Processing file /home/airflow/.local/lib/python3.12/site-packages/airflow/example_dags/example_branch_operator.py for tasks to queue
[2024-06-10T14:20:52.271+0000] {logging_mixin.py:188} INFO - [2024-06-10T14:20:52.271+0000] {dagbag.py:545} INFO - Filling up the DagBag from /home/airflow/.local/lib/python3.12/site-packages/airflow/example_dags/example_branch_operator.py
[2024-06-10T14:20:52.286+0000] {processor.py:840} INFO - DAG(s) 'example_branch_operator' retrieved from /home/airflow/.local/lib/python3.12/site-packages/airflow/example_dags/example_branch_operator.py
[2024-06-10T14:20:52.314+0000] {logging_mixin.py:188} INFO - [2024-06-10T14:20:52.314+0000] {dag.py:3096} INFO - Sync 1 DAGs
[2024-06-10T14:20:52.334+0000] {logging_mixin.py:188} INFO - [2024-06-10T14:20:52.334+0000] {dag.py:3954} INFO - Setting next_dagrun for example_branch_operator to 2024-06-09 00:00:00+00:00, run_after=2024-06-10 00:00:00+00:00
[2024-06-10T14:20:52.355+0000] {processor.py:183} INFO - Processing /home/airflow/.local/lib/python3.12/site-packages/airflow/example_dags/example_branch_operator.py took 0.092 seconds
[2024-06-10T14:21:22.504+0000] {processor.py:161} INFO - Started process (PID=1852) to work on /home/airflow/.local/lib/python3.12/site-packages/airflow/example_dags/example_branch_operator.py
[2024-06-10T14:21:22.506+0000] {processor.py:830} INFO - Processing file /home/airflow/.local/lib/python3.12/site-packages/airflow/example_dags/example_branch_operator.py for tasks to queue
[2024-06-10T14:21:22.507+0000] {logging_mixin.py:188} INFO - [2024-06-10T14:21:22.507+0000] {dagbag.py:545} INFO - Filling up the DagBag from /home/airflow/.local/lib/python3.12/site-packages/airflow/example_dags/example_branch_operator.py
[2024-06-10T14:21:22.525+0000] {processor.py:840} INFO - DAG(s) 'example_branch_operator' retrieved from /home/airflow/.local/lib/python3.12/site-packages/airflow/example_dags/example_branch_operator.py
[2024-06-10T14:21:22.554+0000] {logging_mixin.py:188} INFO - [2024-06-10T14:21:22.554+0000] {dag.py:3096} INFO - Sync 1 DAGs
[2024-06-10T14:21:22.577+0000] {logging_mixin.py:188} INFO - [2024-06-10T14:21:22.577+0000] {dag.py:3954} INFO - Setting next_dagrun for example_branch_operator to 2024-06-09 00:00:00+00:00, run_after=2024-06-10 00:00:00+00:00
[2024-06-10T14:21:22.597+0000] {processor.py:183} INFO - Processing /home/airflow/.local/lib/python3.12/site-packages/airflow/example_dags/example_branch_operator.py took 0.098 seconds
[2024-06-10T14:21:53.304+0000] {processor.py:161} INFO - Started process (PID=1912) to work on /home/airflow/.local/lib/python3.12/site-packages/airflow/example_dags/example_branch_operator.py
[2024-06-10T14:21:53.305+0000] {processor.py:830} INFO - Processing file /home/airflow/.local/lib/python3.12/site-packages/airflow/example_dags/example_branch_operator.py for tasks to queue
[2024-06-10T14:21:53.306+0000] {logging_mixin.py:188} INFO - [2024-06-10T14:21:53.306+0000] {dagbag.py:545} INFO - Filling up the DagBag from /home/airflow/.local/lib/python3.12/site-packages/airflow/example_dags/example_branch_operator.py
[2024-06-10T14:21:53.330+0000] {processor.py:840} INFO - DAG(s) 'example_branch_operator' retrieved from /home/airflow/.local/lib/python3.12/site-packages/airflow/example_dags/example_branch_operator.py
[2024-06-10T14:21:53.366+0000] {logging_mixin.py:188} INFO - [2024-06-10T14:21:53.366+0000] {dag.py:3096} INFO - Sync 1 DAGs
[2024-06-10T14:21:53.393+0000] {logging_mixin.py:188} INFO - [2024-06-10T14:21:53.393+0000] {dag.py:3954} INFO - Setting next_dagrun for example_branch_operator to 2024-06-09 00:00:00+00:00, run_after=2024-06-10 00:00:00+00:00
[2024-06-10T14:21:53.409+0000] {processor.py:183} INFO - Processing /home/airflow/.local/lib/python3.12/site-packages/airflow/example_dags/example_branch_operator.py took 0.112 seconds
[2024-06-10T14:26:18.361+0000] {processor.py:161} INFO - Started process (PID=79) to work on /home/airflow/.local/lib/python3.12/site-packages/airflow/example_dags/example_branch_operator.py
[2024-06-10T14:26:18.362+0000] {processor.py:830} INFO - Processing file /home/airflow/.local/lib/python3.12/site-packages/airflow/example_dags/example_branch_operator.py for tasks to queue
[2024-06-10T14:26:18.364+0000] {logging_mixin.py:188} INFO - [2024-06-10T14:26:18.364+0000] {dagbag.py:545} INFO - Filling up the DagBag from /home/airflow/.local/lib/python3.12/site-packages/airflow/example_dags/example_branch_operator.py
[2024-06-10T14:26:18.388+0000] {processor.py:840} INFO - DAG(s) 'example_branch_operator' retrieved from /home/airflow/.local/lib/python3.12/site-packages/airflow/example_dags/example_branch_operator.py
[2024-06-10T14:26:18.521+0000] {logging_mixin.py:188} INFO - [2024-06-10T14:26:18.520+0000] {override.py:1829} INFO - Created Permission View: can delete on DAG:example_branch_operator
[2024-06-10T14:26:18.532+0000] {logging_mixin.py:188} INFO - [2024-06-10T14:26:18.531+0000] {override.py:1829} INFO - Created Permission View: can read on DAG:example_branch_operator
[2024-06-10T14:26:18.541+0000] {logging_mixin.py:188} INFO - [2024-06-10T14:26:18.541+0000] {override.py:1829} INFO - Created Permission View: can edit on DAG:example_branch_operator
[2024-06-10T14:26:18.542+0000] {logging_mixin.py:188} INFO - [2024-06-10T14:26:18.542+0000] {dag.py:3096} INFO - Sync 1 DAGs
[2024-06-10T14:26:18.555+0000] {logging_mixin.py:188} INFO - [2024-06-10T14:26:18.554+0000] {dag.py:3118} INFO - Creating ORM DAG for example_branch_operator
[2024-06-10T14:26:18.565+0000] {logging_mixin.py:188} INFO - [2024-06-10T14:26:18.565+0000] {dag.py:3954} INFO - Setting next_dagrun for example_branch_operator to 2024-06-09 00:00:00+00:00, run_after=2024-06-10 00:00:00+00:00
[2024-06-10T14:26:18.589+0000] {processor.py:183} INFO - Processing /home/airflow/.local/lib/python3.12/site-packages/airflow/example_dags/example_branch_operator.py took 0.235 seconds
[2024-06-10T14:26:48.635+0000] {processor.py:161} INFO - Started process (PID=139) to work on /home/airflow/.local/lib/python3.12/site-packages/airflow/example_dags/example_branch_operator.py
[2024-06-10T14:26:48.636+0000] {processor.py:830} INFO - Processing file /home/airflow/.local/lib/python3.12/site-packages/airflow/example_dags/example_branch_operator.py for tasks to queue
[2024-06-10T14:26:48.639+0000] {logging_mixin.py:188} INFO - [2024-06-10T14:26:48.638+0000] {dagbag.py:545} INFO - Filling up the DagBag from /home/airflow/.local/lib/python3.12/site-packages/airflow/example_dags/example_branch_operator.py
[2024-06-10T14:26:48.661+0000] {processor.py:840} INFO - DAG(s) 'example_branch_operator' retrieved from /home/airflow/.local/lib/python3.12/site-packages/airflow/example_dags/example_branch_operator.py
[2024-06-10T14:26:48.676+0000] {logging_mixin.py:188} INFO - [2024-06-10T14:26:48.675+0000] {dag.py:3096} INFO - Sync 1 DAGs
[2024-06-10T14:26:48.710+0000] {logging_mixin.py:188} INFO - [2024-06-10T14:26:48.710+0000] {dag.py:3954} INFO - Setting next_dagrun for example_branch_operator to 2024-06-09 00:00:00+00:00, run_after=2024-06-10 00:00:00+00:00
[2024-06-10T14:26:48.767+0000] {processor.py:183} INFO - Processing /home/airflow/.local/lib/python3.12/site-packages/airflow/example_dags/example_branch_operator.py took 0.140 seconds
[2024-06-10T14:27:19.313+0000] {processor.py:161} INFO - Started process (PID=199) to work on /home/airflow/.local/lib/python3.12/site-packages/airflow/example_dags/example_branch_operator.py
[2024-06-10T14:27:19.316+0000] {processor.py:830} INFO - Processing file /home/airflow/.local/lib/python3.12/site-packages/airflow/example_dags/example_branch_operator.py for tasks to queue
[2024-06-10T14:27:19.319+0000] {logging_mixin.py:188} INFO - [2024-06-10T14:27:19.318+0000] {dagbag.py:545} INFO - Filling up the DagBag from /home/airflow/.local/lib/python3.12/site-packages/airflow/example_dags/example_branch_operator.py
[2024-06-10T14:27:19.334+0000] {processor.py:840} INFO - DAG(s) 'example_branch_operator' retrieved from /home/airflow/.local/lib/python3.12/site-packages/airflow/example_dags/example_branch_operator.py
[2024-06-10T14:27:19.451+0000] {logging_mixin.py:188} INFO - [2024-06-10T14:27:19.451+0000] {dag.py:3096} INFO - Sync 1 DAGs
[2024-06-10T14:27:19.476+0000] {logging_mixin.py:188} INFO - [2024-06-10T14:27:19.476+0000] {dag.py:3954} INFO - Setting next_dagrun for example_branch_operator to 2024-06-09 00:00:00+00:00, run_after=2024-06-10 00:00:00+00:00
[2024-06-10T14:27:19.502+0000] {processor.py:183} INFO - Processing /home/airflow/.local/lib/python3.12/site-packages/airflow/example_dags/example_branch_operator.py took 0.197 seconds
[2024-06-10T14:27:50.158+0000] {processor.py:161} INFO - Started process (PID=259) to work on /home/airflow/.local/lib/python3.12/site-packages/airflow/example_dags/example_branch_operator.py
[2024-06-10T14:27:50.160+0000] {processor.py:830} INFO - Processing file /home/airflow/.local/lib/python3.12/site-packages/airflow/example_dags/example_branch_operator.py for tasks to queue
[2024-06-10T14:27:50.162+0000] {logging_mixin.py:188} INFO - [2024-06-10T14:27:50.161+0000] {dagbag.py:545} INFO - Filling up the DagBag from /home/airflow/.local/lib/python3.12/site-packages/airflow/example_dags/example_branch_operator.py
[2024-06-10T14:27:50.178+0000] {processor.py:840} INFO - DAG(s) 'example_branch_operator' retrieved from /home/airflow/.local/lib/python3.12/site-packages/airflow/example_dags/example_branch_operator.py
[2024-06-10T14:27:50.210+0000] {logging_mixin.py:188} INFO - [2024-06-10T14:27:50.210+0000] {dag.py:3096} INFO - Sync 1 DAGs
[2024-06-10T14:27:50.234+0000] {logging_mixin.py:188} INFO - [2024-06-10T14:27:50.233+0000] {dag.py:3954} INFO - Setting next_dagrun for example_branch_operator to 2024-06-09 00:00:00+00:00, run_after=2024-06-10 00:00:00+00:00
[2024-06-10T14:27:50.257+0000] {processor.py:183} INFO - Processing /home/airflow/.local/lib/python3.12/site-packages/airflow/example_dags/example_branch_operator.py took 0.104 seconds
[2024-06-10T14:28:20.527+0000] {processor.py:161} INFO - Started process (PID=318) to work on /home/airflow/.local/lib/python3.12/site-packages/airflow/example_dags/example_branch_operator.py
[2024-06-10T14:28:20.528+0000] {processor.py:830} INFO - Processing file /home/airflow/.local/lib/python3.12/site-packages/airflow/example_dags/example_branch_operator.py for tasks to queue
[2024-06-10T14:28:20.530+0000] {logging_mixin.py:188} INFO - [2024-06-10T14:28:20.530+0000] {dagbag.py:545} INFO - Filling up the DagBag from /home/airflow/.local/lib/python3.12/site-packages/airflow/example_dags/example_branch_operator.py
[2024-06-10T14:28:20.546+0000] {processor.py:840} INFO - DAG(s) 'example_branch_operator' retrieved from /home/airflow/.local/lib/python3.12/site-packages/airflow/example_dags/example_branch_operator.py
[2024-06-10T14:28:20.575+0000] {logging_mixin.py:188} INFO - [2024-06-10T14:28:20.575+0000] {dag.py:3096} INFO - Sync 1 DAGs
[2024-06-10T14:28:20.599+0000] {logging_mixin.py:188} INFO - [2024-06-10T14:28:20.599+0000] {dag.py:3954} INFO - Setting next_dagrun for example_branch_operator to 2024-06-09 00:00:00+00:00, run_after=2024-06-10 00:00:00+00:00
[2024-06-10T14:28:20.626+0000] {processor.py:183} INFO - Processing /home/airflow/.local/lib/python3.12/site-packages/airflow/example_dags/example_branch_operator.py took 0.104 seconds
[2024-06-10T14:28:50.713+0000] {processor.py:161} INFO - Started process (PID=378) to work on /home/airflow/.local/lib/python3.12/site-packages/airflow/example_dags/example_branch_operator.py
[2024-06-10T14:28:50.714+0000] {processor.py:830} INFO - Processing file /home/airflow/.local/lib/python3.12/site-packages/airflow/example_dags/example_branch_operator.py for tasks to queue
[2024-06-10T14:28:50.716+0000] {logging_mixin.py:188} INFO - [2024-06-10T14:28:50.716+0000] {dagbag.py:545} INFO - Filling up the DagBag from /home/airflow/.local/lib/python3.12/site-packages/airflow/example_dags/example_branch_operator.py
[2024-06-10T14:28:50.730+0000] {processor.py:840} INFO - DAG(s) 'example_branch_operator' retrieved from /home/airflow/.local/lib/python3.12/site-packages/airflow/example_dags/example_branch_operator.py
[2024-06-10T14:28:50.760+0000] {logging_mixin.py:188} INFO - [2024-06-10T14:28:50.760+0000] {dag.py:3096} INFO - Sync 1 DAGs
[2024-06-10T14:28:50.785+0000] {logging_mixin.py:188} INFO - [2024-06-10T14:28:50.785+0000] {dag.py:3954} INFO - Setting next_dagrun for example_branch_operator to 2024-06-09 00:00:00+00:00, run_after=2024-06-10 00:00:00+00:00
[2024-06-10T14:28:50.807+0000] {processor.py:183} INFO - Processing /home/airflow/.local/lib/python3.12/site-packages/airflow/example_dags/example_branch_operator.py took 0.101 seconds
