[2024-06-10T14:04:43.748+0000] {processor.py:161} INFO - Started process (PID=53) to work on /home/airflow/.local/lib/python3.12/site-packages/airflow/example_dags/example_sla_dag.py
[2024-06-10T14:04:43.749+0000] {processor.py:830} INFO - Processing file /home/airflow/.local/lib/python3.12/site-packages/airflow/example_dags/example_sla_dag.py for tasks to queue
[2024-06-10T14:04:43.752+0000] {logging_mixin.py:188} INFO - [2024-06-10T14:04:43.752+0000] {dagbag.py:545} INFO - Filling up the DagBag from /home/airflow/.local/lib/python3.12/site-packages/airflow/example_dags/example_sla_dag.py
[2024-06-10T14:04:43.769+0000] {processor.py:840} INFO - DAG(s) 'example_sla_dag' retrieved from /home/airflow/.local/lib/python3.12/site-packages/airflow/example_dags/example_sla_dag.py
[2024-06-10T14:04:43.901+0000] {logging_mixin.py:188} INFO - [2024-06-10T14:04:43.901+0000] {dag.py:3096} INFO - Sync 1 DAGs
[2024-06-10T14:04:43.932+0000] {logging_mixin.py:188} INFO - [2024-06-10T14:04:43.932+0000] {dag.py:3954} INFO - Setting next_dagrun for example_sla_dag to 2024-06-10 14:02:00+00:00, run_after=2024-06-10 14:04:00+00:00
[2024-06-10T14:04:43.962+0000] {processor.py:183} INFO - Processing /home/airflow/.local/lib/python3.12/site-packages/airflow/example_dags/example_sla_dag.py took 0.222 seconds
[2024-06-10T14:05:14.599+0000] {processor.py:161} INFO - Started process (PID=122) to work on /home/airflow/.local/lib/python3.12/site-packages/airflow/example_dags/example_sla_dag.py
[2024-06-10T14:05:14.601+0000] {processor.py:830} INFO - Processing file /home/airflow/.local/lib/python3.12/site-packages/airflow/example_dags/example_sla_dag.py for tasks to queue
[2024-06-10T14:05:14.603+0000] {logging_mixin.py:188} INFO - [2024-06-10T14:05:14.603+0000] {dagbag.py:545} INFO - Filling up the DagBag from /home/airflow/.local/lib/python3.12/site-packages/airflow/example_dags/example_sla_dag.py
[2024-06-10T14:05:14.611+0000] {processor.py:840} INFO - DAG(s) 'example_sla_dag' retrieved from /home/airflow/.local/lib/python3.12/site-packages/airflow/example_dags/example_sla_dag.py
[2024-06-10T14:05:14.630+0000] {logging_mixin.py:188} INFO - [2024-06-10T14:05:14.629+0000] {dag.py:3096} INFO - Sync 1 DAGs
[2024-06-10T14:05:14.662+0000] {logging_mixin.py:188} INFO - [2024-06-10T14:05:14.662+0000] {dag.py:3954} INFO - Setting next_dagrun for example_sla_dag to 2024-06-10 14:02:00+00:00, run_after=2024-06-10 14:04:00+00:00
[2024-06-10T14:05:14.717+0000] {processor.py:183} INFO - Processing /home/airflow/.local/lib/python3.12/site-packages/airflow/example_dags/example_sla_dag.py took 0.123 seconds
[2024-06-10T14:05:45.014+0000] {processor.py:161} INFO - Started process (PID=189) to work on /home/airflow/.local/lib/python3.12/site-packages/airflow/example_dags/example_sla_dag.py
[2024-06-10T14:05:45.016+0000] {processor.py:830} INFO - Processing file /home/airflow/.local/lib/python3.12/site-packages/airflow/example_dags/example_sla_dag.py for tasks to queue
[2024-06-10T14:05:45.018+0000] {logging_mixin.py:188} INFO - [2024-06-10T14:05:45.018+0000] {dagbag.py:545} INFO - Filling up the DagBag from /home/airflow/.local/lib/python3.12/site-packages/airflow/example_dags/example_sla_dag.py
[2024-06-10T14:05:45.027+0000] {processor.py:840} INFO - DAG(s) 'example_sla_dag' retrieved from /home/airflow/.local/lib/python3.12/site-packages/airflow/example_dags/example_sla_dag.py
[2024-06-10T14:05:45.048+0000] {logging_mixin.py:188} INFO - [2024-06-10T14:05:45.047+0000] {dag.py:3096} INFO - Sync 1 DAGs
[2024-06-10T14:05:45.073+0000] {logging_mixin.py:188} INFO - [2024-06-10T14:05:45.073+0000] {dag.py:3954} INFO - Setting next_dagrun for example_sla_dag to 2024-06-10 14:02:00+00:00, run_after=2024-06-10 14:04:00+00:00
[2024-06-10T14:05:45.094+0000] {processor.py:183} INFO - Processing /home/airflow/.local/lib/python3.12/site-packages/airflow/example_dags/example_sla_dag.py took 0.085 seconds
[2024-06-10T14:06:15.264+0000] {processor.py:161} INFO - Started process (PID=258) to work on /home/airflow/.local/lib/python3.12/site-packages/airflow/example_dags/example_sla_dag.py
[2024-06-10T14:06:15.266+0000] {processor.py:830} INFO - Processing file /home/airflow/.local/lib/python3.12/site-packages/airflow/example_dags/example_sla_dag.py for tasks to queue
[2024-06-10T14:06:15.268+0000] {logging_mixin.py:188} INFO - [2024-06-10T14:06:15.268+0000] {dagbag.py:545} INFO - Filling up the DagBag from /home/airflow/.local/lib/python3.12/site-packages/airflow/example_dags/example_sla_dag.py
[2024-06-10T14:06:15.277+0000] {processor.py:840} INFO - DAG(s) 'example_sla_dag' retrieved from /home/airflow/.local/lib/python3.12/site-packages/airflow/example_dags/example_sla_dag.py
[2024-06-10T14:06:15.289+0000] {logging_mixin.py:188} INFO - [2024-06-10T14:06:15.289+0000] {dag.py:3096} INFO - Sync 1 DAGs
[2024-06-10T14:06:15.318+0000] {logging_mixin.py:188} INFO - [2024-06-10T14:06:15.317+0000] {dag.py:3954} INFO - Setting next_dagrun for example_sla_dag to 2024-06-10 14:04:00+00:00, run_after=2024-06-10 14:06:00+00:00
[2024-06-10T14:06:15.344+0000] {processor.py:183} INFO - Processing /home/airflow/.local/lib/python3.12/site-packages/airflow/example_dags/example_sla_dag.py took 0.085 seconds
[2024-06-10T14:07:14.130+0000] {processor.py:161} INFO - Started process (PID=46) to work on /home/airflow/.local/lib/python3.12/site-packages/airflow/example_dags/example_sla_dag.py
[2024-06-10T14:07:14.131+0000] {processor.py:830} INFO - Processing file /home/airflow/.local/lib/python3.12/site-packages/airflow/example_dags/example_sla_dag.py for tasks to queue
[2024-06-10T14:07:14.134+0000] {logging_mixin.py:188} INFO - [2024-06-10T14:07:14.133+0000] {dagbag.py:545} INFO - Filling up the DagBag from /home/airflow/.local/lib/python3.12/site-packages/airflow/example_dags/example_sla_dag.py
[2024-06-10T14:07:14.146+0000] {processor.py:840} INFO - DAG(s) 'example_sla_dag' retrieved from /home/airflow/.local/lib/python3.12/site-packages/airflow/example_dags/example_sla_dag.py
[2024-06-10T14:07:14.276+0000] {logging_mixin.py:188} INFO - [2024-06-10T14:07:14.276+0000] {dag.py:3096} INFO - Sync 1 DAGs
[2024-06-10T14:07:14.302+0000] {logging_mixin.py:188} INFO - [2024-06-10T14:07:14.301+0000] {dag.py:3954} INFO - Setting next_dagrun for example_sla_dag to 2024-06-10 14:04:00+00:00, run_after=2024-06-10 14:06:00+00:00
[2024-06-10T14:07:14.465+0000] {processor.py:183} INFO - Processing /home/airflow/.local/lib/python3.12/site-packages/airflow/example_dags/example_sla_dag.py took 0.341 seconds
[2024-06-10T14:07:45.025+0000] {processor.py:161} INFO - Started process (PID=116) to work on /home/airflow/.local/lib/python3.12/site-packages/airflow/example_dags/example_sla_dag.py
[2024-06-10T14:07:45.027+0000] {processor.py:830} INFO - Processing file /home/airflow/.local/lib/python3.12/site-packages/airflow/example_dags/example_sla_dag.py for tasks to queue
[2024-06-10T14:07:45.029+0000] {logging_mixin.py:188} INFO - [2024-06-10T14:07:45.028+0000] {dagbag.py:545} INFO - Filling up the DagBag from /home/airflow/.local/lib/python3.12/site-packages/airflow/example_dags/example_sla_dag.py
[2024-06-10T14:07:45.037+0000] {processor.py:840} INFO - DAG(s) 'example_sla_dag' retrieved from /home/airflow/.local/lib/python3.12/site-packages/airflow/example_dags/example_sla_dag.py
[2024-06-10T14:07:45.061+0000] {logging_mixin.py:188} INFO - [2024-06-10T14:07:45.060+0000] {dag.py:3096} INFO - Sync 1 DAGs
[2024-06-10T14:07:45.087+0000] {logging_mixin.py:188} INFO - [2024-06-10T14:07:45.087+0000] {dag.py:3954} INFO - Setting next_dagrun for example_sla_dag to 2024-06-10 14:04:00+00:00, run_after=2024-06-10 14:06:00+00:00
[2024-06-10T14:07:45.111+0000] {processor.py:183} INFO - Processing /home/airflow/.local/lib/python3.12/site-packages/airflow/example_dags/example_sla_dag.py took 0.093 seconds
[2024-06-10T14:08:15.959+0000] {processor.py:161} INFO - Started process (PID=185) to work on /home/airflow/.local/lib/python3.12/site-packages/airflow/example_dags/example_sla_dag.py
[2024-06-10T14:08:15.961+0000] {processor.py:830} INFO - Processing file /home/airflow/.local/lib/python3.12/site-packages/airflow/example_dags/example_sla_dag.py for tasks to queue
[2024-06-10T14:08:15.964+0000] {logging_mixin.py:188} INFO - [2024-06-10T14:08:15.963+0000] {dagbag.py:545} INFO - Filling up the DagBag from /home/airflow/.local/lib/python3.12/site-packages/airflow/example_dags/example_sla_dag.py
[2024-06-10T14:08:15.973+0000] {processor.py:840} INFO - DAG(s) 'example_sla_dag' retrieved from /home/airflow/.local/lib/python3.12/site-packages/airflow/example_dags/example_sla_dag.py
[2024-06-10T14:08:15.994+0000] {logging_mixin.py:188} INFO - [2024-06-10T14:08:15.994+0000] {dag.py:3096} INFO - Sync 1 DAGs
[2024-06-10T14:08:16.020+0000] {logging_mixin.py:188} INFO - [2024-06-10T14:08:16.019+0000] {dag.py:3954} INFO - Setting next_dagrun for example_sla_dag to 2024-06-10 14:06:00+00:00, run_after=2024-06-10 14:08:00+00:00
[2024-06-10T14:08:16.113+0000] {processor.py:183} INFO - Processing /home/airflow/.local/lib/python3.12/site-packages/airflow/example_dags/example_sla_dag.py took 0.159 seconds
[2024-06-10T14:08:46.356+0000] {processor.py:161} INFO - Started process (PID=252) to work on /home/airflow/.local/lib/python3.12/site-packages/airflow/example_dags/example_sla_dag.py
[2024-06-10T14:08:46.358+0000] {processor.py:830} INFO - Processing file /home/airflow/.local/lib/python3.12/site-packages/airflow/example_dags/example_sla_dag.py for tasks to queue
[2024-06-10T14:08:46.359+0000] {logging_mixin.py:188} INFO - [2024-06-10T14:08:46.359+0000] {dagbag.py:545} INFO - Filling up the DagBag from /home/airflow/.local/lib/python3.12/site-packages/airflow/example_dags/example_sla_dag.py
[2024-06-10T14:08:46.367+0000] {processor.py:840} INFO - DAG(s) 'example_sla_dag' retrieved from /home/airflow/.local/lib/python3.12/site-packages/airflow/example_dags/example_sla_dag.py
[2024-06-10T14:08:46.385+0000] {logging_mixin.py:188} INFO - [2024-06-10T14:08:46.385+0000] {dag.py:3096} INFO - Sync 1 DAGs
[2024-06-10T14:08:46.408+0000] {logging_mixin.py:188} INFO - [2024-06-10T14:08:46.408+0000] {dag.py:3954} INFO - Setting next_dagrun for example_sla_dag to 2024-06-10 14:06:00+00:00, run_after=2024-06-10 14:08:00+00:00
[2024-06-10T14:08:46.427+0000] {processor.py:183} INFO - Processing /home/airflow/.local/lib/python3.12/site-packages/airflow/example_dags/example_sla_dag.py took 0.077 seconds
[2024-06-10T14:09:17.081+0000] {processor.py:161} INFO - Started process (PID=321) to work on /home/airflow/.local/lib/python3.12/site-packages/airflow/example_dags/example_sla_dag.py
[2024-06-10T14:09:17.083+0000] {processor.py:830} INFO - Processing file /home/airflow/.local/lib/python3.12/site-packages/airflow/example_dags/example_sla_dag.py for tasks to queue
[2024-06-10T14:09:17.085+0000] {logging_mixin.py:188} INFO - [2024-06-10T14:09:17.084+0000] {dagbag.py:545} INFO - Filling up the DagBag from /home/airflow/.local/lib/python3.12/site-packages/airflow/example_dags/example_sla_dag.py
[2024-06-10T14:09:17.093+0000] {processor.py:840} INFO - DAG(s) 'example_sla_dag' retrieved from /home/airflow/.local/lib/python3.12/site-packages/airflow/example_dags/example_sla_dag.py
[2024-06-10T14:09:17.111+0000] {logging_mixin.py:188} INFO - [2024-06-10T14:09:17.111+0000] {dag.py:3096} INFO - Sync 1 DAGs
[2024-06-10T14:09:17.141+0000] {logging_mixin.py:188} INFO - [2024-06-10T14:09:17.141+0000] {dag.py:3954} INFO - Setting next_dagrun for example_sla_dag to 2024-06-10 14:06:00+00:00, run_after=2024-06-10 14:08:00+00:00
[2024-06-10T14:09:17.160+0000] {processor.py:183} INFO - Processing /home/airflow/.local/lib/python3.12/site-packages/airflow/example_dags/example_sla_dag.py took 0.086 seconds
[2024-06-10T14:09:48.351+0000] {processor.py:161} INFO - Started process (PID=390) to work on /home/airflow/.local/lib/python3.12/site-packages/airflow/example_dags/example_sla_dag.py
[2024-06-10T14:09:48.353+0000] {processor.py:830} INFO - Processing file /home/airflow/.local/lib/python3.12/site-packages/airflow/example_dags/example_sla_dag.py for tasks to queue
[2024-06-10T14:09:48.356+0000] {logging_mixin.py:188} INFO - [2024-06-10T14:09:48.355+0000] {dagbag.py:545} INFO - Filling up the DagBag from /home/airflow/.local/lib/python3.12/site-packages/airflow/example_dags/example_sla_dag.py
[2024-06-10T14:09:48.367+0000] {processor.py:840} INFO - DAG(s) 'example_sla_dag' retrieved from /home/airflow/.local/lib/python3.12/site-packages/airflow/example_dags/example_sla_dag.py
[2024-06-10T14:09:48.390+0000] {logging_mixin.py:188} INFO - [2024-06-10T14:09:48.390+0000] {dag.py:3096} INFO - Sync 1 DAGs
[2024-06-10T14:09:48.423+0000] {logging_mixin.py:188} INFO - [2024-06-10T14:09:48.423+0000] {dag.py:3954} INFO - Setting next_dagrun for example_sla_dag to 2024-06-10 14:06:00+00:00, run_after=2024-06-10 14:08:00+00:00
[2024-06-10T14:09:48.599+0000] {processor.py:183} INFO - Processing /home/airflow/.local/lib/python3.12/site-packages/airflow/example_dags/example_sla_dag.py took 0.256 seconds
[2024-06-10T14:10:19.260+0000] {processor.py:161} INFO - Started process (PID=459) to work on /home/airflow/.local/lib/python3.12/site-packages/airflow/example_dags/example_sla_dag.py
[2024-06-10T14:10:19.261+0000] {processor.py:830} INFO - Processing file /home/airflow/.local/lib/python3.12/site-packages/airflow/example_dags/example_sla_dag.py for tasks to queue
[2024-06-10T14:10:19.263+0000] {logging_mixin.py:188} INFO - [2024-06-10T14:10:19.263+0000] {dagbag.py:545} INFO - Filling up the DagBag from /home/airflow/.local/lib/python3.12/site-packages/airflow/example_dags/example_sla_dag.py
[2024-06-10T14:10:19.271+0000] {processor.py:840} INFO - DAG(s) 'example_sla_dag' retrieved from /home/airflow/.local/lib/python3.12/site-packages/airflow/example_dags/example_sla_dag.py
[2024-06-10T14:10:19.293+0000] {logging_mixin.py:188} INFO - [2024-06-10T14:10:19.292+0000] {dag.py:3096} INFO - Sync 1 DAGs
[2024-06-10T14:10:19.318+0000] {logging_mixin.py:188} INFO - [2024-06-10T14:10:19.318+0000] {dag.py:3954} INFO - Setting next_dagrun for example_sla_dag to 2024-06-10 14:08:00+00:00, run_after=2024-06-10 14:10:00+00:00
[2024-06-10T14:10:19.496+0000] {processor.py:183} INFO - Processing /home/airflow/.local/lib/python3.12/site-packages/airflow/example_dags/example_sla_dag.py took 0.250 seconds
[2024-06-10T14:10:50.145+0000] {processor.py:161} INFO - Started process (PID=528) to work on /home/airflow/.local/lib/python3.12/site-packages/airflow/example_dags/example_sla_dag.py
[2024-06-10T14:10:50.147+0000] {processor.py:830} INFO - Processing file /home/airflow/.local/lib/python3.12/site-packages/airflow/example_dags/example_sla_dag.py for tasks to queue
[2024-06-10T14:10:50.151+0000] {logging_mixin.py:188} INFO - [2024-06-10T14:10:50.150+0000] {dagbag.py:545} INFO - Filling up the DagBag from /home/airflow/.local/lib/python3.12/site-packages/airflow/example_dags/example_sla_dag.py
[2024-06-10T14:10:50.162+0000] {processor.py:840} INFO - DAG(s) 'example_sla_dag' retrieved from /home/airflow/.local/lib/python3.12/site-packages/airflow/example_dags/example_sla_dag.py
[2024-06-10T14:10:50.193+0000] {logging_mixin.py:188} INFO - [2024-06-10T14:10:50.193+0000] {dag.py:3096} INFO - Sync 1 DAGs
[2024-06-10T14:10:50.240+0000] {logging_mixin.py:188} INFO - [2024-06-10T14:10:50.239+0000] {dag.py:3954} INFO - Setting next_dagrun for example_sla_dag to 2024-06-10 14:08:00+00:00, run_after=2024-06-10 14:10:00+00:00
[2024-06-10T14:10:50.277+0000] {processor.py:183} INFO - Processing /home/airflow/.local/lib/python3.12/site-packages/airflow/example_dags/example_sla_dag.py took 0.140 seconds
[2024-06-10T14:11:21.233+0000] {processor.py:161} INFO - Started process (PID=597) to work on /home/airflow/.local/lib/python3.12/site-packages/airflow/example_dags/example_sla_dag.py
[2024-06-10T14:11:21.235+0000] {processor.py:830} INFO - Processing file /home/airflow/.local/lib/python3.12/site-packages/airflow/example_dags/example_sla_dag.py for tasks to queue
[2024-06-10T14:11:21.237+0000] {logging_mixin.py:188} INFO - [2024-06-10T14:11:21.237+0000] {dagbag.py:545} INFO - Filling up the DagBag from /home/airflow/.local/lib/python3.12/site-packages/airflow/example_dags/example_sla_dag.py
[2024-06-10T14:11:21.246+0000] {processor.py:840} INFO - DAG(s) 'example_sla_dag' retrieved from /home/airflow/.local/lib/python3.12/site-packages/airflow/example_dags/example_sla_dag.py
[2024-06-10T14:11:21.268+0000] {logging_mixin.py:188} INFO - [2024-06-10T14:11:21.268+0000] {dag.py:3096} INFO - Sync 1 DAGs
[2024-06-10T14:11:21.294+0000] {logging_mixin.py:188} INFO - [2024-06-10T14:11:21.293+0000] {dag.py:3954} INFO - Setting next_dagrun for example_sla_dag to 2024-06-10 14:08:00+00:00, run_after=2024-06-10 14:10:00+00:00
[2024-06-10T14:11:21.318+0000] {processor.py:183} INFO - Processing /home/airflow/.local/lib/python3.12/site-packages/airflow/example_dags/example_sla_dag.py took 0.090 seconds
[2024-06-10T14:11:51.700+0000] {processor.py:161} INFO - Started process (PID=666) to work on /home/airflow/.local/lib/python3.12/site-packages/airflow/example_dags/example_sla_dag.py
[2024-06-10T14:11:51.701+0000] {processor.py:830} INFO - Processing file /home/airflow/.local/lib/python3.12/site-packages/airflow/example_dags/example_sla_dag.py for tasks to queue
[2024-06-10T14:11:51.704+0000] {logging_mixin.py:188} INFO - [2024-06-10T14:11:51.704+0000] {dagbag.py:545} INFO - Filling up the DagBag from /home/airflow/.local/lib/python3.12/site-packages/airflow/example_dags/example_sla_dag.py
[2024-06-10T14:11:51.715+0000] {processor.py:840} INFO - DAG(s) 'example_sla_dag' retrieved from /home/airflow/.local/lib/python3.12/site-packages/airflow/example_dags/example_sla_dag.py
[2024-06-10T14:11:51.740+0000] {logging_mixin.py:188} INFO - [2024-06-10T14:11:51.740+0000] {dag.py:3096} INFO - Sync 1 DAGs
[2024-06-10T14:11:51.775+0000] {logging_mixin.py:188} INFO - [2024-06-10T14:11:51.775+0000] {dag.py:3954} INFO - Setting next_dagrun for example_sla_dag to 2024-06-10 14:08:00+00:00, run_after=2024-06-10 14:10:00+00:00
[2024-06-10T14:11:51.808+0000] {processor.py:183} INFO - Processing /home/airflow/.local/lib/python3.12/site-packages/airflow/example_dags/example_sla_dag.py took 0.115 seconds
[2024-06-10T14:12:22.699+0000] {processor.py:161} INFO - Started process (PID=735) to work on /home/airflow/.local/lib/python3.12/site-packages/airflow/example_dags/example_sla_dag.py
[2024-06-10T14:12:22.700+0000] {processor.py:830} INFO - Processing file /home/airflow/.local/lib/python3.12/site-packages/airflow/example_dags/example_sla_dag.py for tasks to queue
[2024-06-10T14:12:22.703+0000] {logging_mixin.py:188} INFO - [2024-06-10T14:12:22.703+0000] {dagbag.py:545} INFO - Filling up the DagBag from /home/airflow/.local/lib/python3.12/site-packages/airflow/example_dags/example_sla_dag.py
[2024-06-10T14:12:22.712+0000] {processor.py:840} INFO - DAG(s) 'example_sla_dag' retrieved from /home/airflow/.local/lib/python3.12/site-packages/airflow/example_dags/example_sla_dag.py
[2024-06-10T14:12:22.734+0000] {logging_mixin.py:188} INFO - [2024-06-10T14:12:22.734+0000] {dag.py:3096} INFO - Sync 1 DAGs
[2024-06-10T14:12:22.762+0000] {logging_mixin.py:188} INFO - [2024-06-10T14:12:22.762+0000] {dag.py:3954} INFO - Setting next_dagrun for example_sla_dag to 2024-06-10 14:10:00+00:00, run_after=2024-06-10 14:12:00+00:00
[2024-06-10T14:12:22.803+0000] {processor.py:183} INFO - Processing /home/airflow/.local/lib/python3.12/site-packages/airflow/example_dags/example_sla_dag.py took 0.113 seconds
[2024-06-10T14:12:53.674+0000] {processor.py:161} INFO - Started process (PID=804) to work on /home/airflow/.local/lib/python3.12/site-packages/airflow/example_dags/example_sla_dag.py
[2024-06-10T14:12:53.677+0000] {processor.py:830} INFO - Processing file /home/airflow/.local/lib/python3.12/site-packages/airflow/example_dags/example_sla_dag.py for tasks to queue
[2024-06-10T14:12:53.679+0000] {logging_mixin.py:188} INFO - [2024-06-10T14:12:53.679+0000] {dagbag.py:545} INFO - Filling up the DagBag from /home/airflow/.local/lib/python3.12/site-packages/airflow/example_dags/example_sla_dag.py
[2024-06-10T14:12:53.691+0000] {processor.py:840} INFO - DAG(s) 'example_sla_dag' retrieved from /home/airflow/.local/lib/python3.12/site-packages/airflow/example_dags/example_sla_dag.py
[2024-06-10T14:12:53.919+0000] {logging_mixin.py:188} INFO - [2024-06-10T14:12:53.918+0000] {dag.py:3096} INFO - Sync 1 DAGs
[2024-06-10T14:12:53.946+0000] {logging_mixin.py:188} INFO - [2024-06-10T14:12:53.946+0000] {dag.py:3954} INFO - Setting next_dagrun for example_sla_dag to 2024-06-10 14:10:00+00:00, run_after=2024-06-10 14:12:00+00:00
[2024-06-10T14:12:54.055+0000] {processor.py:183} INFO - Processing /home/airflow/.local/lib/python3.12/site-packages/airflow/example_dags/example_sla_dag.py took 0.390 seconds
[2024-06-10T14:13:24.456+0000] {processor.py:161} INFO - Started process (PID=879) to work on /home/airflow/.local/lib/python3.12/site-packages/airflow/example_dags/example_sla_dag.py
[2024-06-10T14:13:24.458+0000] {processor.py:830} INFO - Processing file /home/airflow/.local/lib/python3.12/site-packages/airflow/example_dags/example_sla_dag.py for tasks to queue
[2024-06-10T14:13:24.460+0000] {logging_mixin.py:188} INFO - [2024-06-10T14:13:24.459+0000] {dagbag.py:545} INFO - Filling up the DagBag from /home/airflow/.local/lib/python3.12/site-packages/airflow/example_dags/example_sla_dag.py
[2024-06-10T14:13:24.469+0000] {processor.py:840} INFO - DAG(s) 'example_sla_dag' retrieved from /home/airflow/.local/lib/python3.12/site-packages/airflow/example_dags/example_sla_dag.py
[2024-06-10T14:13:24.491+0000] {logging_mixin.py:188} INFO - [2024-06-10T14:13:24.491+0000] {dag.py:3096} INFO - Sync 1 DAGs
[2024-06-10T14:13:24.518+0000] {logging_mixin.py:188} INFO - [2024-06-10T14:13:24.518+0000] {dag.py:3954} INFO - Setting next_dagrun for example_sla_dag to 2024-06-10 14:10:00+00:00, run_after=2024-06-10 14:12:00+00:00
[2024-06-10T14:13:24.544+0000] {processor.py:183} INFO - Processing /home/airflow/.local/lib/python3.12/site-packages/airflow/example_dags/example_sla_dag.py took 0.095 seconds
[2024-06-10T14:13:55.216+0000] {processor.py:161} INFO - Started process (PID=948) to work on /home/airflow/.local/lib/python3.12/site-packages/airflow/example_dags/example_sla_dag.py
[2024-06-10T14:13:55.218+0000] {processor.py:830} INFO - Processing file /home/airflow/.local/lib/python3.12/site-packages/airflow/example_dags/example_sla_dag.py for tasks to queue
[2024-06-10T14:13:55.220+0000] {logging_mixin.py:188} INFO - [2024-06-10T14:13:55.220+0000] {dagbag.py:545} INFO - Filling up the DagBag from /home/airflow/.local/lib/python3.12/site-packages/airflow/example_dags/example_sla_dag.py
[2024-06-10T14:13:55.231+0000] {processor.py:840} INFO - DAG(s) 'example_sla_dag' retrieved from /home/airflow/.local/lib/python3.12/site-packages/airflow/example_dags/example_sla_dag.py
[2024-06-10T14:13:55.251+0000] {logging_mixin.py:188} INFO - [2024-06-10T14:13:55.250+0000] {dag.py:3096} INFO - Sync 1 DAGs
[2024-06-10T14:13:55.276+0000] {logging_mixin.py:188} INFO - [2024-06-10T14:13:55.276+0000] {dag.py:3954} INFO - Setting next_dagrun for example_sla_dag to 2024-06-10 14:10:00+00:00, run_after=2024-06-10 14:12:00+00:00
[2024-06-10T14:13:55.298+0000] {processor.py:183} INFO - Processing /home/airflow/.local/lib/python3.12/site-packages/airflow/example_dags/example_sla_dag.py took 0.086 seconds
[2024-06-10T14:14:25.453+0000] {processor.py:161} INFO - Started process (PID=1017) to work on /home/airflow/.local/lib/python3.12/site-packages/airflow/example_dags/example_sla_dag.py
[2024-06-10T14:14:25.454+0000] {processor.py:830} INFO - Processing file /home/airflow/.local/lib/python3.12/site-packages/airflow/example_dags/example_sla_dag.py for tasks to queue
[2024-06-10T14:14:25.457+0000] {logging_mixin.py:188} INFO - [2024-06-10T14:14:25.457+0000] {dagbag.py:545} INFO - Filling up the DagBag from /home/airflow/.local/lib/python3.12/site-packages/airflow/example_dags/example_sla_dag.py
[2024-06-10T14:14:25.468+0000] {processor.py:840} INFO - DAG(s) 'example_sla_dag' retrieved from /home/airflow/.local/lib/python3.12/site-packages/airflow/example_dags/example_sla_dag.py
[2024-06-10T14:14:25.490+0000] {logging_mixin.py:188} INFO - [2024-06-10T14:14:25.489+0000] {dag.py:3096} INFO - Sync 1 DAGs
[2024-06-10T14:14:25.520+0000] {logging_mixin.py:188} INFO - [2024-06-10T14:14:25.520+0000] {dag.py:3954} INFO - Setting next_dagrun for example_sla_dag to 2024-06-10 14:12:00+00:00, run_after=2024-06-10 14:14:00+00:00
[2024-06-10T14:14:25.545+0000] {processor.py:183} INFO - Processing /home/airflow/.local/lib/python3.12/site-packages/airflow/example_dags/example_sla_dag.py took 0.101 seconds
[2024-06-10T14:14:55.737+0000] {processor.py:161} INFO - Started process (PID=1088) to work on /home/airflow/.local/lib/python3.12/site-packages/airflow/example_dags/example_sla_dag.py
[2024-06-10T14:14:55.739+0000] {processor.py:830} INFO - Processing file /home/airflow/.local/lib/python3.12/site-packages/airflow/example_dags/example_sla_dag.py for tasks to queue
[2024-06-10T14:14:55.741+0000] {logging_mixin.py:188} INFO - [2024-06-10T14:14:55.741+0000] {dagbag.py:545} INFO - Filling up the DagBag from /home/airflow/.local/lib/python3.12/site-packages/airflow/example_dags/example_sla_dag.py
[2024-06-10T14:14:55.748+0000] {processor.py:840} INFO - DAG(s) 'example_sla_dag' retrieved from /home/airflow/.local/lib/python3.12/site-packages/airflow/example_dags/example_sla_dag.py
[2024-06-10T14:14:55.766+0000] {logging_mixin.py:188} INFO - [2024-06-10T14:14:55.766+0000] {dag.py:3096} INFO - Sync 1 DAGs
[2024-06-10T14:14:55.788+0000] {logging_mixin.py:188} INFO - [2024-06-10T14:14:55.787+0000] {dag.py:3954} INFO - Setting next_dagrun for example_sla_dag to 2024-06-10 14:12:00+00:00, run_after=2024-06-10 14:14:00+00:00
[2024-06-10T14:14:55.809+0000] {processor.py:183} INFO - Processing /home/airflow/.local/lib/python3.12/site-packages/airflow/example_dags/example_sla_dag.py took 0.077 seconds
[2024-06-10T14:15:25.886+0000] {processor.py:161} INFO - Started process (PID=1155) to work on /home/airflow/.local/lib/python3.12/site-packages/airflow/example_dags/example_sla_dag.py
[2024-06-10T14:15:25.887+0000] {processor.py:830} INFO - Processing file /home/airflow/.local/lib/python3.12/site-packages/airflow/example_dags/example_sla_dag.py for tasks to queue
[2024-06-10T14:15:25.888+0000] {logging_mixin.py:188} INFO - [2024-06-10T14:15:25.888+0000] {dagbag.py:545} INFO - Filling up the DagBag from /home/airflow/.local/lib/python3.12/site-packages/airflow/example_dags/example_sla_dag.py
[2024-06-10T14:15:25.898+0000] {processor.py:840} INFO - DAG(s) 'example_sla_dag' retrieved from /home/airflow/.local/lib/python3.12/site-packages/airflow/example_dags/example_sla_dag.py
[2024-06-10T14:15:25.917+0000] {logging_mixin.py:188} INFO - [2024-06-10T14:15:25.917+0000] {dag.py:3096} INFO - Sync 1 DAGs
[2024-06-10T14:15:25.941+0000] {logging_mixin.py:188} INFO - [2024-06-10T14:15:25.941+0000] {dag.py:3954} INFO - Setting next_dagrun for example_sla_dag to 2024-06-10 14:12:00+00:00, run_after=2024-06-10 14:14:00+00:00
[2024-06-10T14:15:25.962+0000] {processor.py:183} INFO - Processing /home/airflow/.local/lib/python3.12/site-packages/airflow/example_dags/example_sla_dag.py took 0.082 seconds
[2024-06-10T14:15:56.172+0000] {processor.py:161} INFO - Started process (PID=1215) to work on /home/airflow/.local/lib/python3.12/site-packages/airflow/example_dags/example_sla_dag.py
[2024-06-10T14:15:56.173+0000] {processor.py:830} INFO - Processing file /home/airflow/.local/lib/python3.12/site-packages/airflow/example_dags/example_sla_dag.py for tasks to queue
[2024-06-10T14:15:56.174+0000] {logging_mixin.py:188} INFO - [2024-06-10T14:15:56.174+0000] {dagbag.py:545} INFO - Filling up the DagBag from /home/airflow/.local/lib/python3.12/site-packages/airflow/example_dags/example_sla_dag.py
[2024-06-10T14:15:56.184+0000] {processor.py:840} INFO - DAG(s) 'example_sla_dag' retrieved from /home/airflow/.local/lib/python3.12/site-packages/airflow/example_dags/example_sla_dag.py
[2024-06-10T14:15:56.205+0000] {logging_mixin.py:188} INFO - [2024-06-10T14:15:56.205+0000] {dag.py:3096} INFO - Sync 1 DAGs
[2024-06-10T14:15:56.228+0000] {logging_mixin.py:188} INFO - [2024-06-10T14:15:56.228+0000] {dag.py:3954} INFO - Setting next_dagrun for example_sla_dag to 2024-06-10 14:12:00+00:00, run_after=2024-06-10 14:14:00+00:00
[2024-06-10T14:15:56.248+0000] {processor.py:183} INFO - Processing /home/airflow/.local/lib/python3.12/site-packages/airflow/example_dags/example_sla_dag.py took 0.082 seconds
[2024-06-10T14:16:26.578+0000] {processor.py:161} INFO - Started process (PID=1275) to work on /home/airflow/.local/lib/python3.12/site-packages/airflow/example_dags/example_sla_dag.py
[2024-06-10T14:16:26.580+0000] {processor.py:830} INFO - Processing file /home/airflow/.local/lib/python3.12/site-packages/airflow/example_dags/example_sla_dag.py for tasks to queue
[2024-06-10T14:16:26.581+0000] {logging_mixin.py:188} INFO - [2024-06-10T14:16:26.581+0000] {dagbag.py:545} INFO - Filling up the DagBag from /home/airflow/.local/lib/python3.12/site-packages/airflow/example_dags/example_sla_dag.py
[2024-06-10T14:16:26.589+0000] {processor.py:840} INFO - DAG(s) 'example_sla_dag' retrieved from /home/airflow/.local/lib/python3.12/site-packages/airflow/example_dags/example_sla_dag.py
[2024-06-10T14:16:26.617+0000] {logging_mixin.py:188} INFO - [2024-06-10T14:16:26.617+0000] {dag.py:3096} INFO - Sync 1 DAGs
[2024-06-10T14:16:26.658+0000] {logging_mixin.py:188} INFO - [2024-06-10T14:16:26.657+0000] {dag.py:3954} INFO - Setting next_dagrun for example_sla_dag to 2024-06-10 14:14:00+00:00, run_after=2024-06-10 14:16:00+00:00
[2024-06-10T14:16:26.684+0000] {processor.py:183} INFO - Processing /home/airflow/.local/lib/python3.12/site-packages/airflow/example_dags/example_sla_dag.py took 0.111 seconds
[2024-06-10T14:16:56.780+0000] {processor.py:161} INFO - Started process (PID=1335) to work on /home/airflow/.local/lib/python3.12/site-packages/airflow/example_dags/example_sla_dag.py
[2024-06-10T14:16:56.782+0000] {processor.py:830} INFO - Processing file /home/airflow/.local/lib/python3.12/site-packages/airflow/example_dags/example_sla_dag.py for tasks to queue
[2024-06-10T14:16:56.783+0000] {logging_mixin.py:188} INFO - [2024-06-10T14:16:56.783+0000] {dagbag.py:545} INFO - Filling up the DagBag from /home/airflow/.local/lib/python3.12/site-packages/airflow/example_dags/example_sla_dag.py
[2024-06-10T14:16:56.791+0000] {processor.py:840} INFO - DAG(s) 'example_sla_dag' retrieved from /home/airflow/.local/lib/python3.12/site-packages/airflow/example_dags/example_sla_dag.py
[2024-06-10T14:16:56.804+0000] {logging_mixin.py:188} INFO - [2024-06-10T14:16:56.804+0000] {dag.py:3096} INFO - Sync 1 DAGs
[2024-06-10T14:16:56.832+0000] {logging_mixin.py:188} INFO - [2024-06-10T14:16:56.831+0000] {dag.py:3954} INFO - Setting next_dagrun for example_sla_dag to 2024-06-10 14:14:00+00:00, run_after=2024-06-10 14:16:00+00:00
[2024-06-10T14:16:56.854+0000] {processor.py:183} INFO - Processing /home/airflow/.local/lib/python3.12/site-packages/airflow/example_dags/example_sla_dag.py took 0.079 seconds
[2024-06-10T14:17:27.732+0000] {processor.py:161} INFO - Started process (PID=1395) to work on /home/airflow/.local/lib/python3.12/site-packages/airflow/example_dags/example_sla_dag.py
[2024-06-10T14:17:27.734+0000] {processor.py:830} INFO - Processing file /home/airflow/.local/lib/python3.12/site-packages/airflow/example_dags/example_sla_dag.py for tasks to queue
[2024-06-10T14:17:27.735+0000] {logging_mixin.py:188} INFO - [2024-06-10T14:17:27.735+0000] {dagbag.py:545} INFO - Filling up the DagBag from /home/airflow/.local/lib/python3.12/site-packages/airflow/example_dags/example_sla_dag.py
[2024-06-10T14:17:27.746+0000] {processor.py:840} INFO - DAG(s) 'example_sla_dag' retrieved from /home/airflow/.local/lib/python3.12/site-packages/airflow/example_dags/example_sla_dag.py
[2024-06-10T14:17:27.853+0000] {logging_mixin.py:188} INFO - [2024-06-10T14:17:27.853+0000] {dag.py:3096} INFO - Sync 1 DAGs
[2024-06-10T14:17:27.873+0000] {logging_mixin.py:188} INFO - [2024-06-10T14:17:27.873+0000] {dag.py:3954} INFO - Setting next_dagrun for example_sla_dag to 2024-06-10 14:14:00+00:00, run_after=2024-06-10 14:16:00+00:00
[2024-06-10T14:17:27.892+0000] {processor.py:183} INFO - Processing /home/airflow/.local/lib/python3.12/site-packages/airflow/example_dags/example_sla_dag.py took 0.167 seconds
[2024-06-10T14:17:58.746+0000] {processor.py:161} INFO - Started process (PID=1455) to work on /home/airflow/.local/lib/python3.12/site-packages/airflow/example_dags/example_sla_dag.py
[2024-06-10T14:17:58.748+0000] {processor.py:830} INFO - Processing file /home/airflow/.local/lib/python3.12/site-packages/airflow/example_dags/example_sla_dag.py for tasks to queue
[2024-06-10T14:17:58.749+0000] {logging_mixin.py:188} INFO - [2024-06-10T14:17:58.749+0000] {dagbag.py:545} INFO - Filling up the DagBag from /home/airflow/.local/lib/python3.12/site-packages/airflow/example_dags/example_sla_dag.py
[2024-06-10T14:17:58.759+0000] {processor.py:840} INFO - DAG(s) 'example_sla_dag' retrieved from /home/airflow/.local/lib/python3.12/site-packages/airflow/example_dags/example_sla_dag.py
[2024-06-10T14:17:58.787+0000] {logging_mixin.py:188} INFO - [2024-06-10T14:17:58.786+0000] {dag.py:3096} INFO - Sync 1 DAGs
[2024-06-10T14:17:58.814+0000] {logging_mixin.py:188} INFO - [2024-06-10T14:17:58.814+0000] {dag.py:3954} INFO - Setting next_dagrun for example_sla_dag to 2024-06-10 14:14:00+00:00, run_after=2024-06-10 14:16:00+00:00
[2024-06-10T14:17:58.835+0000] {processor.py:183} INFO - Processing /home/airflow/.local/lib/python3.12/site-packages/airflow/example_dags/example_sla_dag.py took 0.095 seconds
[2024-06-10T14:18:28.919+0000] {processor.py:161} INFO - Started process (PID=1516) to work on /home/airflow/.local/lib/python3.12/site-packages/airflow/example_dags/example_sla_dag.py
[2024-06-10T14:18:28.921+0000] {processor.py:830} INFO - Processing file /home/airflow/.local/lib/python3.12/site-packages/airflow/example_dags/example_sla_dag.py for tasks to queue
[2024-06-10T14:18:28.922+0000] {logging_mixin.py:188} INFO - [2024-06-10T14:18:28.922+0000] {dagbag.py:545} INFO - Filling up the DagBag from /home/airflow/.local/lib/python3.12/site-packages/airflow/example_dags/example_sla_dag.py
[2024-06-10T14:18:28.933+0000] {processor.py:840} INFO - DAG(s) 'example_sla_dag' retrieved from /home/airflow/.local/lib/python3.12/site-packages/airflow/example_dags/example_sla_dag.py
[2024-06-10T14:18:28.945+0000] {logging_mixin.py:188} INFO - [2024-06-10T14:18:28.944+0000] {dag.py:3096} INFO - Sync 1 DAGs
[2024-06-10T14:18:28.980+0000] {logging_mixin.py:188} INFO - [2024-06-10T14:18:28.980+0000] {dag.py:3954} INFO - Setting next_dagrun for example_sla_dag to 2024-06-10 14:16:00+00:00, run_after=2024-06-10 14:18:00+00:00
[2024-06-10T14:18:29.003+0000] {processor.py:183} INFO - Processing /home/airflow/.local/lib/python3.12/site-packages/airflow/example_dags/example_sla_dag.py took 0.091 seconds
[2024-06-10T14:18:59.376+0000] {processor.py:161} INFO - Started process (PID=1575) to work on /home/airflow/.local/lib/python3.12/site-packages/airflow/example_dags/example_sla_dag.py
[2024-06-10T14:18:59.378+0000] {processor.py:830} INFO - Processing file /home/airflow/.local/lib/python3.12/site-packages/airflow/example_dags/example_sla_dag.py for tasks to queue
[2024-06-10T14:18:59.379+0000] {logging_mixin.py:188} INFO - [2024-06-10T14:18:59.379+0000] {dagbag.py:545} INFO - Filling up the DagBag from /home/airflow/.local/lib/python3.12/site-packages/airflow/example_dags/example_sla_dag.py
[2024-06-10T14:18:59.396+0000] {processor.py:840} INFO - DAG(s) 'example_sla_dag' retrieved from /home/airflow/.local/lib/python3.12/site-packages/airflow/example_dags/example_sla_dag.py
[2024-06-10T14:18:59.628+0000] {logging_mixin.py:188} INFO - [2024-06-10T14:18:59.627+0000] {dag.py:3096} INFO - Sync 1 DAGs
[2024-06-10T14:18:59.666+0000] {logging_mixin.py:188} INFO - [2024-06-10T14:18:59.665+0000] {dag.py:3954} INFO - Setting next_dagrun for example_sla_dag to 2024-06-10 14:16:00+00:00, run_after=2024-06-10 14:18:00+00:00
[2024-06-10T14:18:59.702+0000] {processor.py:183} INFO - Processing /home/airflow/.local/lib/python3.12/site-packages/airflow/example_dags/example_sla_dag.py took 0.339 seconds
[2024-06-10T14:19:30.083+0000] {processor.py:161} INFO - Started process (PID=1635) to work on /home/airflow/.local/lib/python3.12/site-packages/airflow/example_dags/example_sla_dag.py
[2024-06-10T14:19:30.084+0000] {processor.py:830} INFO - Processing file /home/airflow/.local/lib/python3.12/site-packages/airflow/example_dags/example_sla_dag.py for tasks to queue
[2024-06-10T14:19:30.085+0000] {logging_mixin.py:188} INFO - [2024-06-10T14:19:30.085+0000] {dagbag.py:545} INFO - Filling up the DagBag from /home/airflow/.local/lib/python3.12/site-packages/airflow/example_dags/example_sla_dag.py
[2024-06-10T14:19:30.095+0000] {processor.py:840} INFO - DAG(s) 'example_sla_dag' retrieved from /home/airflow/.local/lib/python3.12/site-packages/airflow/example_dags/example_sla_dag.py
[2024-06-10T14:19:30.115+0000] {logging_mixin.py:188} INFO - [2024-06-10T14:19:30.115+0000] {dag.py:3096} INFO - Sync 1 DAGs
[2024-06-10T14:19:30.138+0000] {logging_mixin.py:188} INFO - [2024-06-10T14:19:30.138+0000] {dag.py:3954} INFO - Setting next_dagrun for example_sla_dag to 2024-06-10 14:16:00+00:00, run_after=2024-06-10 14:18:00+00:00
[2024-06-10T14:19:30.157+0000] {processor.py:183} INFO - Processing /home/airflow/.local/lib/python3.12/site-packages/airflow/example_dags/example_sla_dag.py took 0.079 seconds
[2024-06-10T14:20:00.354+0000] {processor.py:161} INFO - Started process (PID=1695) to work on /home/airflow/.local/lib/python3.12/site-packages/airflow/example_dags/example_sla_dag.py
[2024-06-10T14:20:00.355+0000] {processor.py:830} INFO - Processing file /home/airflow/.local/lib/python3.12/site-packages/airflow/example_dags/example_sla_dag.py for tasks to queue
[2024-06-10T14:20:00.356+0000] {logging_mixin.py:188} INFO - [2024-06-10T14:20:00.356+0000] {dagbag.py:545} INFO - Filling up the DagBag from /home/airflow/.local/lib/python3.12/site-packages/airflow/example_dags/example_sla_dag.py
[2024-06-10T14:20:00.365+0000] {processor.py:840} INFO - DAG(s) 'example_sla_dag' retrieved from /home/airflow/.local/lib/python3.12/site-packages/airflow/example_dags/example_sla_dag.py
[2024-06-10T14:20:00.384+0000] {logging_mixin.py:188} INFO - [2024-06-10T14:20:00.383+0000] {dag.py:3096} INFO - Sync 1 DAGs
[2024-06-10T14:20:00.411+0000] {logging_mixin.py:188} INFO - [2024-06-10T14:20:00.411+0000] {dag.py:3954} INFO - Setting next_dagrun for example_sla_dag to 2024-06-10 14:18:00+00:00, run_after=2024-06-10 14:20:00+00:00
[2024-06-10T14:20:00.430+0000] {processor.py:183} INFO - Processing /home/airflow/.local/lib/python3.12/site-packages/airflow/example_dags/example_sla_dag.py took 0.081 seconds
[2024-06-10T14:20:30.714+0000] {processor.py:161} INFO - Started process (PID=1755) to work on /home/airflow/.local/lib/python3.12/site-packages/airflow/example_dags/example_sla_dag.py
[2024-06-10T14:20:30.715+0000] {processor.py:830} INFO - Processing file /home/airflow/.local/lib/python3.12/site-packages/airflow/example_dags/example_sla_dag.py for tasks to queue
[2024-06-10T14:20:30.716+0000] {logging_mixin.py:188} INFO - [2024-06-10T14:20:30.716+0000] {dagbag.py:545} INFO - Filling up the DagBag from /home/airflow/.local/lib/python3.12/site-packages/airflow/example_dags/example_sla_dag.py
[2024-06-10T14:20:30.724+0000] {processor.py:840} INFO - DAG(s) 'example_sla_dag' retrieved from /home/airflow/.local/lib/python3.12/site-packages/airflow/example_dags/example_sla_dag.py
[2024-06-10T14:20:30.748+0000] {logging_mixin.py:188} INFO - [2024-06-10T14:20:30.748+0000] {dag.py:3096} INFO - Sync 1 DAGs
[2024-06-10T14:20:30.778+0000] {logging_mixin.py:188} INFO - [2024-06-10T14:20:30.777+0000] {dag.py:3954} INFO - Setting next_dagrun for example_sla_dag to 2024-06-10 14:18:00+00:00, run_after=2024-06-10 14:20:00+00:00
[2024-06-10T14:20:30.806+0000] {processor.py:183} INFO - Processing /home/airflow/.local/lib/python3.12/site-packages/airflow/example_dags/example_sla_dag.py took 0.098 seconds
[2024-06-10T14:21:01.002+0000] {processor.py:161} INFO - Started process (PID=1815) to work on /home/airflow/.local/lib/python3.12/site-packages/airflow/example_dags/example_sla_dag.py
[2024-06-10T14:21:01.003+0000] {processor.py:830} INFO - Processing file /home/airflow/.local/lib/python3.12/site-packages/airflow/example_dags/example_sla_dag.py for tasks to queue
[2024-06-10T14:21:01.004+0000] {logging_mixin.py:188} INFO - [2024-06-10T14:21:01.004+0000] {dagbag.py:545} INFO - Filling up the DagBag from /home/airflow/.local/lib/python3.12/site-packages/airflow/example_dags/example_sla_dag.py
[2024-06-10T14:21:01.014+0000] {processor.py:840} INFO - DAG(s) 'example_sla_dag' retrieved from /home/airflow/.local/lib/python3.12/site-packages/airflow/example_dags/example_sla_dag.py
[2024-06-10T14:21:01.039+0000] {logging_mixin.py:188} INFO - [2024-06-10T14:21:01.038+0000] {dag.py:3096} INFO - Sync 1 DAGs
[2024-06-10T14:21:01.066+0000] {logging_mixin.py:188} INFO - [2024-06-10T14:21:01.065+0000] {dag.py:3954} INFO - Setting next_dagrun for example_sla_dag to 2024-06-10 14:18:00+00:00, run_after=2024-06-10 14:20:00+00:00
[2024-06-10T14:21:01.094+0000] {processor.py:183} INFO - Processing /home/airflow/.local/lib/python3.12/site-packages/airflow/example_dags/example_sla_dag.py took 0.098 seconds
[2024-06-10T14:21:31.393+0000] {processor.py:161} INFO - Started process (PID=1875) to work on /home/airflow/.local/lib/python3.12/site-packages/airflow/example_dags/example_sla_dag.py
[2024-06-10T14:21:31.394+0000] {processor.py:830} INFO - Processing file /home/airflow/.local/lib/python3.12/site-packages/airflow/example_dags/example_sla_dag.py for tasks to queue
[2024-06-10T14:21:31.395+0000] {logging_mixin.py:188} INFO - [2024-06-10T14:21:31.395+0000] {dagbag.py:545} INFO - Filling up the DagBag from /home/airflow/.local/lib/python3.12/site-packages/airflow/example_dags/example_sla_dag.py
[2024-06-10T14:21:31.402+0000] {processor.py:840} INFO - DAG(s) 'example_sla_dag' retrieved from /home/airflow/.local/lib/python3.12/site-packages/airflow/example_dags/example_sla_dag.py
[2024-06-10T14:21:31.422+0000] {logging_mixin.py:188} INFO - [2024-06-10T14:21:31.421+0000] {dag.py:3096} INFO - Sync 1 DAGs
[2024-06-10T14:21:31.442+0000] {logging_mixin.py:188} INFO - [2024-06-10T14:21:31.442+0000] {dag.py:3954} INFO - Setting next_dagrun for example_sla_dag to 2024-06-10 14:18:00+00:00, run_after=2024-06-10 14:20:00+00:00
[2024-06-10T14:21:31.472+0000] {processor.py:183} INFO - Processing /home/airflow/.local/lib/python3.12/site-packages/airflow/example_dags/example_sla_dag.py took 0.084 seconds
[2024-06-10T14:26:04.589+0000] {processor.py:161} INFO - Started process (PID=43) to work on /home/airflow/.local/lib/python3.12/site-packages/airflow/example_dags/example_sla_dag.py
[2024-06-10T14:26:04.590+0000] {processor.py:830} INFO - Processing file /home/airflow/.local/lib/python3.12/site-packages/airflow/example_dags/example_sla_dag.py for tasks to queue
[2024-06-10T14:26:04.593+0000] {logging_mixin.py:188} INFO - [2024-06-10T14:26:04.593+0000] {dagbag.py:545} INFO - Filling up the DagBag from /home/airflow/.local/lib/python3.12/site-packages/airflow/example_dags/example_sla_dag.py
[2024-06-10T14:26:04.639+0000] {processor.py:840} INFO - DAG(s) 'example_sla_dag' retrieved from /home/airflow/.local/lib/python3.12/site-packages/airflow/example_dags/example_sla_dag.py
[2024-06-10T14:26:05.175+0000] {logging_mixin.py:188} INFO - [2024-06-10T14:26:05.173+0000] {override.py:1829} INFO - Created Permission View: can delete on DAG:example_sla_dag
[2024-06-10T14:26:05.215+0000] {logging_mixin.py:188} INFO - [2024-06-10T14:26:05.215+0000] {override.py:1829} INFO - Created Permission View: can read on DAG:example_sla_dag
[2024-06-10T14:26:05.227+0000] {logging_mixin.py:188} INFO - [2024-06-10T14:26:05.227+0000] {override.py:1829} INFO - Created Permission View: can edit on DAG:example_sla_dag
[2024-06-10T14:26:05.229+0000] {logging_mixin.py:188} INFO - [2024-06-10T14:26:05.229+0000] {dag.py:3096} INFO - Sync 1 DAGs
[2024-06-10T14:26:05.266+0000] {logging_mixin.py:188} INFO - [2024-06-10T14:26:05.265+0000] {dag.py:3118} INFO - Creating ORM DAG for example_sla_dag
[2024-06-10T14:26:05.291+0000] {logging_mixin.py:188} INFO - [2024-06-10T14:26:05.291+0000] {dag.py:3954} INFO - Setting next_dagrun for example_sla_dag to 2024-06-10 14:24:00+00:00, run_after=2024-06-10 14:26:00+00:00
[2024-06-10T14:26:05.327+0000] {processor.py:183} INFO - Processing /home/airflow/.local/lib/python3.12/site-packages/airflow/example_dags/example_sla_dag.py took 0.753 seconds
[2024-06-10T14:26:35.580+0000] {processor.py:161} INFO - Started process (PID=103) to work on /home/airflow/.local/lib/python3.12/site-packages/airflow/example_dags/example_sla_dag.py
[2024-06-10T14:26:35.582+0000] {processor.py:830} INFO - Processing file /home/airflow/.local/lib/python3.12/site-packages/airflow/example_dags/example_sla_dag.py for tasks to queue
[2024-06-10T14:26:35.584+0000] {logging_mixin.py:188} INFO - [2024-06-10T14:26:35.583+0000] {dagbag.py:545} INFO - Filling up the DagBag from /home/airflow/.local/lib/python3.12/site-packages/airflow/example_dags/example_sla_dag.py
[2024-06-10T14:26:35.595+0000] {processor.py:840} INFO - DAG(s) 'example_sla_dag' retrieved from /home/airflow/.local/lib/python3.12/site-packages/airflow/example_dags/example_sla_dag.py
[2024-06-10T14:26:35.619+0000] {logging_mixin.py:188} INFO - [2024-06-10T14:26:35.619+0000] {dag.py:3096} INFO - Sync 1 DAGs
[2024-06-10T14:26:35.671+0000] {logging_mixin.py:188} INFO - [2024-06-10T14:26:35.670+0000] {dag.py:3954} INFO - Setting next_dagrun for example_sla_dag to 2024-06-10 14:24:00+00:00, run_after=2024-06-10 14:26:00+00:00
[2024-06-10T14:26:35.694+0000] {processor.py:183} INFO - Processing /home/airflow/.local/lib/python3.12/site-packages/airflow/example_dags/example_sla_dag.py took 0.120 seconds
[2024-06-10T14:27:06.015+0000] {processor.py:161} INFO - Started process (PID=161) to work on /home/airflow/.local/lib/python3.12/site-packages/airflow/example_dags/example_sla_dag.py
[2024-06-10T14:27:06.017+0000] {processor.py:830} INFO - Processing file /home/airflow/.local/lib/python3.12/site-packages/airflow/example_dags/example_sla_dag.py for tasks to queue
[2024-06-10T14:27:06.019+0000] {logging_mixin.py:188} INFO - [2024-06-10T14:27:06.018+0000] {dagbag.py:545} INFO - Filling up the DagBag from /home/airflow/.local/lib/python3.12/site-packages/airflow/example_dags/example_sla_dag.py
[2024-06-10T14:27:06.029+0000] {processor.py:840} INFO - DAG(s) 'example_sla_dag' retrieved from /home/airflow/.local/lib/python3.12/site-packages/airflow/example_dags/example_sla_dag.py
[2024-06-10T14:27:06.039+0000] {logging_mixin.py:188} INFO - [2024-06-10T14:27:06.039+0000] {dag.py:3096} INFO - Sync 1 DAGs
[2024-06-10T14:27:06.069+0000] {logging_mixin.py:188} INFO - [2024-06-10T14:27:06.068+0000] {dag.py:3954} INFO - Setting next_dagrun for example_sla_dag to 2024-06-10 14:24:00+00:00, run_after=2024-06-10 14:26:00+00:00
[2024-06-10T14:27:06.093+0000] {processor.py:183} INFO - Processing /home/airflow/.local/lib/python3.12/site-packages/airflow/example_dags/example_sla_dag.py took 0.083 seconds
[2024-06-10T14:27:37.226+0000] {processor.py:161} INFO - Started process (PID=223) to work on /home/airflow/.local/lib/python3.12/site-packages/airflow/example_dags/example_sla_dag.py
[2024-06-10T14:27:37.228+0000] {processor.py:830} INFO - Processing file /home/airflow/.local/lib/python3.12/site-packages/airflow/example_dags/example_sla_dag.py for tasks to queue
[2024-06-10T14:27:37.230+0000] {logging_mixin.py:188} INFO - [2024-06-10T14:27:37.229+0000] {dagbag.py:545} INFO - Filling up the DagBag from /home/airflow/.local/lib/python3.12/site-packages/airflow/example_dags/example_sla_dag.py
[2024-06-10T14:27:37.236+0000] {processor.py:840} INFO - DAG(s) 'example_sla_dag' retrieved from /home/airflow/.local/lib/python3.12/site-packages/airflow/example_dags/example_sla_dag.py
[2024-06-10T14:27:37.329+0000] {logging_mixin.py:188} INFO - [2024-06-10T14:27:37.329+0000] {dag.py:3096} INFO - Sync 1 DAGs
[2024-06-10T14:27:37.353+0000] {logging_mixin.py:188} INFO - [2024-06-10T14:27:37.352+0000] {dag.py:3954} INFO - Setting next_dagrun for example_sla_dag to 2024-06-10 14:24:00+00:00, run_after=2024-06-10 14:26:00+00:00
[2024-06-10T14:27:37.376+0000] {processor.py:183} INFO - Processing /home/airflow/.local/lib/python3.12/site-packages/airflow/example_dags/example_sla_dag.py took 0.156 seconds
[2024-06-10T14:28:07.525+0000] {processor.py:161} INFO - Started process (PID=280) to work on /home/airflow/.local/lib/python3.12/site-packages/airflow/example_dags/example_sla_dag.py
[2024-06-10T14:28:07.526+0000] {processor.py:830} INFO - Processing file /home/airflow/.local/lib/python3.12/site-packages/airflow/example_dags/example_sla_dag.py for tasks to queue
[2024-06-10T14:28:07.528+0000] {logging_mixin.py:188} INFO - [2024-06-10T14:28:07.528+0000] {dagbag.py:545} INFO - Filling up the DagBag from /home/airflow/.local/lib/python3.12/site-packages/airflow/example_dags/example_sla_dag.py
[2024-06-10T14:28:07.537+0000] {processor.py:840} INFO - DAG(s) 'example_sla_dag' retrieved from /home/airflow/.local/lib/python3.12/site-packages/airflow/example_dags/example_sla_dag.py
[2024-06-10T14:28:07.557+0000] {logging_mixin.py:188} INFO - [2024-06-10T14:28:07.557+0000] {dag.py:3096} INFO - Sync 1 DAGs
[2024-06-10T14:28:07.580+0000] {logging_mixin.py:188} INFO - [2024-06-10T14:28:07.580+0000] {dag.py:3954} INFO - Setting next_dagrun for example_sla_dag to 2024-06-10 14:26:00+00:00, run_after=2024-06-10 14:28:00+00:00
[2024-06-10T14:28:07.602+0000] {processor.py:183} INFO - Processing /home/airflow/.local/lib/python3.12/site-packages/airflow/example_dags/example_sla_dag.py took 0.082 seconds
[2024-06-10T14:28:37.671+0000] {processor.py:161} INFO - Started process (PID=340) to work on /home/airflow/.local/lib/python3.12/site-packages/airflow/example_dags/example_sla_dag.py
[2024-06-10T14:28:37.672+0000] {processor.py:830} INFO - Processing file /home/airflow/.local/lib/python3.12/site-packages/airflow/example_dags/example_sla_dag.py for tasks to queue
[2024-06-10T14:28:37.674+0000] {logging_mixin.py:188} INFO - [2024-06-10T14:28:37.674+0000] {dagbag.py:545} INFO - Filling up the DagBag from /home/airflow/.local/lib/python3.12/site-packages/airflow/example_dags/example_sla_dag.py
[2024-06-10T14:28:37.682+0000] {processor.py:840} INFO - DAG(s) 'example_sla_dag' retrieved from /home/airflow/.local/lib/python3.12/site-packages/airflow/example_dags/example_sla_dag.py
[2024-06-10T14:28:37.704+0000] {logging_mixin.py:188} INFO - [2024-06-10T14:28:37.704+0000] {dag.py:3096} INFO - Sync 1 DAGs
[2024-06-10T14:28:37.727+0000] {logging_mixin.py:188} INFO - [2024-06-10T14:28:37.727+0000] {dag.py:3954} INFO - Setting next_dagrun for example_sla_dag to 2024-06-10 14:26:00+00:00, run_after=2024-06-10 14:28:00+00:00
[2024-06-10T14:28:37.748+0000] {processor.py:183} INFO - Processing /home/airflow/.local/lib/python3.12/site-packages/airflow/example_dags/example_sla_dag.py took 0.082 seconds
