[2024-06-10T14:04:46.532+0000] {processor.py:161} INFO - Started process (PID=68) to work on /home/airflow/.local/lib/python3.12/site-packages/airflow/example_dags/example_latest_only.py
[2024-06-10T14:04:46.534+0000] {processor.py:830} INFO - Processing file /home/airflow/.local/lib/python3.12/site-packages/airflow/example_dags/example_latest_only.py for tasks to queue
[2024-06-10T14:04:46.536+0000] {logging_mixin.py:188} INFO - [2024-06-10T14:04:46.536+0000] {dagbag.py:545} INFO - Filling up the DagBag from /home/airflow/.local/lib/python3.12/site-packages/airflow/example_dags/example_latest_only.py
[2024-06-10T14:04:46.546+0000] {processor.py:840} INFO - DAG(s) 'latest_only' retrieved from /home/airflow/.local/lib/python3.12/site-packages/airflow/example_dags/example_latest_only.py
[2024-06-10T14:04:46.654+0000] {logging_mixin.py:188} INFO - [2024-06-10T14:04:46.654+0000] {dag.py:3096} INFO - Sync 1 DAGs
[2024-06-10T14:04:46.677+0000] {logging_mixin.py:188} INFO - [2024-06-10T14:04:46.677+0000] {dag.py:3954} INFO - Setting next_dagrun for latest_only to 2024-06-10 08:00:00+00:00, run_after=2024-06-10 12:00:00+00:00
[2024-06-10T14:04:46.701+0000] {processor.py:183} INFO - Processing /home/airflow/.local/lib/python3.12/site-packages/airflow/example_dags/example_latest_only.py took 0.174 seconds
[2024-06-10T14:05:17.388+0000] {processor.py:161} INFO - Started process (PID=137) to work on /home/airflow/.local/lib/python3.12/site-packages/airflow/example_dags/example_latest_only.py
[2024-06-10T14:05:17.390+0000] {processor.py:830} INFO - Processing file /home/airflow/.local/lib/python3.12/site-packages/airflow/example_dags/example_latest_only.py for tasks to queue
[2024-06-10T14:05:17.392+0000] {logging_mixin.py:188} INFO - [2024-06-10T14:05:17.392+0000] {dagbag.py:545} INFO - Filling up the DagBag from /home/airflow/.local/lib/python3.12/site-packages/airflow/example_dags/example_latest_only.py
[2024-06-10T14:05:17.398+0000] {processor.py:840} INFO - DAG(s) 'latest_only' retrieved from /home/airflow/.local/lib/python3.12/site-packages/airflow/example_dags/example_latest_only.py
[2024-06-10T14:05:17.420+0000] {logging_mixin.py:188} INFO - [2024-06-10T14:05:17.420+0000] {dag.py:3096} INFO - Sync 1 DAGs
[2024-06-10T14:05:17.448+0000] {logging_mixin.py:188} INFO - [2024-06-10T14:05:17.448+0000] {dag.py:3954} INFO - Setting next_dagrun for latest_only to 2024-06-10 08:00:00+00:00, run_after=2024-06-10 12:00:00+00:00
[2024-06-10T14:05:17.468+0000] {processor.py:183} INFO - Processing /home/airflow/.local/lib/python3.12/site-packages/airflow/example_dags/example_latest_only.py took 0.085 seconds
[2024-06-10T14:05:52.897+0000] {processor.py:161} INFO - Started process (PID=206) to work on /home/airflow/.local/lib/python3.12/site-packages/airflow/example_dags/example_latest_only.py
[2024-06-10T14:05:52.899+0000] {processor.py:830} INFO - Processing file /home/airflow/.local/lib/python3.12/site-packages/airflow/example_dags/example_latest_only.py for tasks to queue
[2024-06-10T14:05:52.902+0000] {logging_mixin.py:188} INFO - [2024-06-10T14:05:52.901+0000] {dagbag.py:545} INFO - Filling up the DagBag from /home/airflow/.local/lib/python3.12/site-packages/airflow/example_dags/example_latest_only.py
[2024-06-10T14:05:52.908+0000] {processor.py:840} INFO - DAG(s) 'latest_only' retrieved from /home/airflow/.local/lib/python3.12/site-packages/airflow/example_dags/example_latest_only.py
[2024-06-10T14:05:52.933+0000] {logging_mixin.py:188} INFO - [2024-06-10T14:05:52.932+0000] {dag.py:3096} INFO - Sync 1 DAGs
[2024-06-10T14:05:52.963+0000] {logging_mixin.py:188} INFO - [2024-06-10T14:05:52.963+0000] {dag.py:3954} INFO - Setting next_dagrun for latest_only to 2024-06-10 08:00:00+00:00, run_after=2024-06-10 12:00:00+00:00
[2024-06-10T14:05:52.987+0000] {processor.py:183} INFO - Processing /home/airflow/.local/lib/python3.12/site-packages/airflow/example_dags/example_latest_only.py took 0.097 seconds
[2024-06-10T14:06:23.155+0000] {processor.py:161} INFO - Started process (PID=275) to work on /home/airflow/.local/lib/python3.12/site-packages/airflow/example_dags/example_latest_only.py
[2024-06-10T14:06:23.157+0000] {processor.py:830} INFO - Processing file /home/airflow/.local/lib/python3.12/site-packages/airflow/example_dags/example_latest_only.py for tasks to queue
[2024-06-10T14:06:23.159+0000] {logging_mixin.py:188} INFO - [2024-06-10T14:06:23.159+0000] {dagbag.py:545} INFO - Filling up the DagBag from /home/airflow/.local/lib/python3.12/site-packages/airflow/example_dags/example_latest_only.py
[2024-06-10T14:06:23.165+0000] {processor.py:840} INFO - DAG(s) 'latest_only' retrieved from /home/airflow/.local/lib/python3.12/site-packages/airflow/example_dags/example_latest_only.py
[2024-06-10T14:06:23.179+0000] {logging_mixin.py:188} INFO - [2024-06-10T14:06:23.179+0000] {dag.py:3096} INFO - Sync 1 DAGs
[2024-06-10T14:06:23.203+0000] {logging_mixin.py:188} INFO - [2024-06-10T14:06:23.203+0000] {dag.py:3954} INFO - Setting next_dagrun for latest_only to 2024-06-10 08:00:00+00:00, run_after=2024-06-10 12:00:00+00:00
[2024-06-10T14:06:23.226+0000] {processor.py:183} INFO - Processing /home/airflow/.local/lib/python3.12/site-packages/airflow/example_dags/example_latest_only.py took 0.079 seconds
[2024-06-10T14:07:17.569+0000] {processor.py:161} INFO - Started process (PID=61) to work on /home/airflow/.local/lib/python3.12/site-packages/airflow/example_dags/example_latest_only.py
[2024-06-10T14:07:17.570+0000] {processor.py:830} INFO - Processing file /home/airflow/.local/lib/python3.12/site-packages/airflow/example_dags/example_latest_only.py for tasks to queue
[2024-06-10T14:07:17.572+0000] {logging_mixin.py:188} INFO - [2024-06-10T14:07:17.572+0000] {dagbag.py:545} INFO - Filling up the DagBag from /home/airflow/.local/lib/python3.12/site-packages/airflow/example_dags/example_latest_only.py
[2024-06-10T14:07:17.579+0000] {processor.py:840} INFO - DAG(s) 'latest_only' retrieved from /home/airflow/.local/lib/python3.12/site-packages/airflow/example_dags/example_latest_only.py
[2024-06-10T14:07:17.679+0000] {logging_mixin.py:188} INFO - [2024-06-10T14:07:17.679+0000] {dag.py:3096} INFO - Sync 1 DAGs
[2024-06-10T14:07:17.812+0000] {logging_mixin.py:188} INFO - [2024-06-10T14:07:17.812+0000] {dag.py:3954} INFO - Setting next_dagrun for latest_only to 2024-06-10 08:00:00+00:00, run_after=2024-06-10 12:00:00+00:00
[2024-06-10T14:07:17.829+0000] {processor.py:183} INFO - Processing /home/airflow/.local/lib/python3.12/site-packages/airflow/example_dags/example_latest_only.py took 0.266 seconds
[2024-06-10T14:07:48.741+0000] {processor.py:161} INFO - Started process (PID=131) to work on /home/airflow/.local/lib/python3.12/site-packages/airflow/example_dags/example_latest_only.py
[2024-06-10T14:07:48.743+0000] {processor.py:830} INFO - Processing file /home/airflow/.local/lib/python3.12/site-packages/airflow/example_dags/example_latest_only.py for tasks to queue
[2024-06-10T14:07:48.745+0000] {logging_mixin.py:188} INFO - [2024-06-10T14:07:48.744+0000] {dagbag.py:545} INFO - Filling up the DagBag from /home/airflow/.local/lib/python3.12/site-packages/airflow/example_dags/example_latest_only.py
[2024-06-10T14:07:48.751+0000] {processor.py:840} INFO - DAG(s) 'latest_only' retrieved from /home/airflow/.local/lib/python3.12/site-packages/airflow/example_dags/example_latest_only.py
[2024-06-10T14:07:48.772+0000] {logging_mixin.py:188} INFO - [2024-06-10T14:07:48.772+0000] {dag.py:3096} INFO - Sync 1 DAGs
[2024-06-10T14:07:48.794+0000] {logging_mixin.py:188} INFO - [2024-06-10T14:07:48.794+0000] {dag.py:3954} INFO - Setting next_dagrun for latest_only to 2024-06-10 08:00:00+00:00, run_after=2024-06-10 12:00:00+00:00
[2024-06-10T14:07:48.887+0000] {processor.py:183} INFO - Processing /home/airflow/.local/lib/python3.12/site-packages/airflow/example_dags/example_latest_only.py took 0.151 seconds
[2024-06-10T14:08:19.451+0000] {processor.py:161} INFO - Started process (PID=200) to work on /home/airflow/.local/lib/python3.12/site-packages/airflow/example_dags/example_latest_only.py
[2024-06-10T14:08:19.453+0000] {processor.py:830} INFO - Processing file /home/airflow/.local/lib/python3.12/site-packages/airflow/example_dags/example_latest_only.py for tasks to queue
[2024-06-10T14:08:19.455+0000] {logging_mixin.py:188} INFO - [2024-06-10T14:08:19.455+0000] {dagbag.py:545} INFO - Filling up the DagBag from /home/airflow/.local/lib/python3.12/site-packages/airflow/example_dags/example_latest_only.py
[2024-06-10T14:08:19.462+0000] {processor.py:840} INFO - DAG(s) 'latest_only' retrieved from /home/airflow/.local/lib/python3.12/site-packages/airflow/example_dags/example_latest_only.py
[2024-06-10T14:08:19.487+0000] {logging_mixin.py:188} INFO - [2024-06-10T14:08:19.486+0000] {dag.py:3096} INFO - Sync 1 DAGs
[2024-06-10T14:08:19.513+0000] {logging_mixin.py:188} INFO - [2024-06-10T14:08:19.513+0000] {dag.py:3954} INFO - Setting next_dagrun for latest_only to 2024-06-10 08:00:00+00:00, run_after=2024-06-10 12:00:00+00:00
[2024-06-10T14:08:19.535+0000] {processor.py:183} INFO - Processing /home/airflow/.local/lib/python3.12/site-packages/airflow/example_dags/example_latest_only.py took 0.088 seconds
[2024-06-10T14:08:49.730+0000] {processor.py:161} INFO - Started process (PID=269) to work on /home/airflow/.local/lib/python3.12/site-packages/airflow/example_dags/example_latest_only.py
[2024-06-10T14:08:49.731+0000] {processor.py:830} INFO - Processing file /home/airflow/.local/lib/python3.12/site-packages/airflow/example_dags/example_latest_only.py for tasks to queue
[2024-06-10T14:08:49.734+0000] {logging_mixin.py:188} INFO - [2024-06-10T14:08:49.733+0000] {dagbag.py:545} INFO - Filling up the DagBag from /home/airflow/.local/lib/python3.12/site-packages/airflow/example_dags/example_latest_only.py
[2024-06-10T14:08:49.740+0000] {processor.py:840} INFO - DAG(s) 'latest_only' retrieved from /home/airflow/.local/lib/python3.12/site-packages/airflow/example_dags/example_latest_only.py
[2024-06-10T14:08:49.763+0000] {logging_mixin.py:188} INFO - [2024-06-10T14:08:49.763+0000] {dag.py:3096} INFO - Sync 1 DAGs
[2024-06-10T14:08:49.788+0000] {logging_mixin.py:188} INFO - [2024-06-10T14:08:49.787+0000] {dag.py:3954} INFO - Setting next_dagrun for latest_only to 2024-06-10 08:00:00+00:00, run_after=2024-06-10 12:00:00+00:00
[2024-06-10T14:08:49.811+0000] {processor.py:183} INFO - Processing /home/airflow/.local/lib/python3.12/site-packages/airflow/example_dags/example_latest_only.py took 0.088 seconds
[2024-06-10T14:09:20.485+0000] {processor.py:161} INFO - Started process (PID=338) to work on /home/airflow/.local/lib/python3.12/site-packages/airflow/example_dags/example_latest_only.py
[2024-06-10T14:09:20.486+0000] {processor.py:830} INFO - Processing file /home/airflow/.local/lib/python3.12/site-packages/airflow/example_dags/example_latest_only.py for tasks to queue
[2024-06-10T14:09:20.489+0000] {logging_mixin.py:188} INFO - [2024-06-10T14:09:20.488+0000] {dagbag.py:545} INFO - Filling up the DagBag from /home/airflow/.local/lib/python3.12/site-packages/airflow/example_dags/example_latest_only.py
[2024-06-10T14:09:20.493+0000] {processor.py:840} INFO - DAG(s) 'latest_only' retrieved from /home/airflow/.local/lib/python3.12/site-packages/airflow/example_dags/example_latest_only.py
[2024-06-10T14:09:20.512+0000] {logging_mixin.py:188} INFO - [2024-06-10T14:09:20.512+0000] {dag.py:3096} INFO - Sync 1 DAGs
[2024-06-10T14:09:20.533+0000] {logging_mixin.py:188} INFO - [2024-06-10T14:09:20.533+0000] {dag.py:3954} INFO - Setting next_dagrun for latest_only to 2024-06-10 08:00:00+00:00, run_after=2024-06-10 12:00:00+00:00
[2024-06-10T14:09:20.552+0000] {processor.py:183} INFO - Processing /home/airflow/.local/lib/python3.12/site-packages/airflow/example_dags/example_latest_only.py took 0.073 seconds
[2024-06-10T14:09:51.259+0000] {processor.py:161} INFO - Started process (PID=407) to work on /home/airflow/.local/lib/python3.12/site-packages/airflow/example_dags/example_latest_only.py
[2024-06-10T14:09:51.260+0000] {processor.py:830} INFO - Processing file /home/airflow/.local/lib/python3.12/site-packages/airflow/example_dags/example_latest_only.py for tasks to queue
[2024-06-10T14:09:51.263+0000] {logging_mixin.py:188} INFO - [2024-06-10T14:09:51.262+0000] {dagbag.py:545} INFO - Filling up the DagBag from /home/airflow/.local/lib/python3.12/site-packages/airflow/example_dags/example_latest_only.py
[2024-06-10T14:09:51.268+0000] {processor.py:840} INFO - DAG(s) 'latest_only' retrieved from /home/airflow/.local/lib/python3.12/site-packages/airflow/example_dags/example_latest_only.py
[2024-06-10T14:09:51.292+0000] {logging_mixin.py:188} INFO - [2024-06-10T14:09:51.292+0000] {dag.py:3096} INFO - Sync 1 DAGs
[2024-06-10T14:09:51.317+0000] {logging_mixin.py:188} INFO - [2024-06-10T14:09:51.316+0000] {dag.py:3954} INFO - Setting next_dagrun for latest_only to 2024-06-10 08:00:00+00:00, run_after=2024-06-10 12:00:00+00:00
[2024-06-10T14:09:51.345+0000] {processor.py:183} INFO - Processing /home/airflow/.local/lib/python3.12/site-packages/airflow/example_dags/example_latest_only.py took 0.092 seconds
[2024-06-10T14:10:21.607+0000] {processor.py:161} INFO - Started process (PID=476) to work on /home/airflow/.local/lib/python3.12/site-packages/airflow/example_dags/example_latest_only.py
[2024-06-10T14:10:21.608+0000] {processor.py:830} INFO - Processing file /home/airflow/.local/lib/python3.12/site-packages/airflow/example_dags/example_latest_only.py for tasks to queue
[2024-06-10T14:10:21.611+0000] {logging_mixin.py:188} INFO - [2024-06-10T14:10:21.610+0000] {dagbag.py:545} INFO - Filling up the DagBag from /home/airflow/.local/lib/python3.12/site-packages/airflow/example_dags/example_latest_only.py
[2024-06-10T14:10:21.615+0000] {processor.py:840} INFO - DAG(s) 'latest_only' retrieved from /home/airflow/.local/lib/python3.12/site-packages/airflow/example_dags/example_latest_only.py
[2024-06-10T14:10:21.635+0000] {logging_mixin.py:188} INFO - [2024-06-10T14:10:21.635+0000] {dag.py:3096} INFO - Sync 1 DAGs
[2024-06-10T14:10:21.776+0000] {logging_mixin.py:188} INFO - [2024-06-10T14:10:21.776+0000] {dag.py:3954} INFO - Setting next_dagrun for latest_only to 2024-06-10 08:00:00+00:00, run_after=2024-06-10 12:00:00+00:00
[2024-06-10T14:10:21.796+0000] {processor.py:183} INFO - Processing /home/airflow/.local/lib/python3.12/site-packages/airflow/example_dags/example_latest_only.py took 0.195 seconds
[2024-06-10T14:10:52.718+0000] {processor.py:161} INFO - Started process (PID=545) to work on /home/airflow/.local/lib/python3.12/site-packages/airflow/example_dags/example_latest_only.py
[2024-06-10T14:10:52.720+0000] {processor.py:830} INFO - Processing file /home/airflow/.local/lib/python3.12/site-packages/airflow/example_dags/example_latest_only.py for tasks to queue
[2024-06-10T14:10:52.722+0000] {logging_mixin.py:188} INFO - [2024-06-10T14:10:52.722+0000] {dagbag.py:545} INFO - Filling up the DagBag from /home/airflow/.local/lib/python3.12/site-packages/airflow/example_dags/example_latest_only.py
[2024-06-10T14:10:52.727+0000] {processor.py:840} INFO - DAG(s) 'latest_only' retrieved from /home/airflow/.local/lib/python3.12/site-packages/airflow/example_dags/example_latest_only.py
[2024-06-10T14:10:52.750+0000] {logging_mixin.py:188} INFO - [2024-06-10T14:10:52.750+0000] {dag.py:3096} INFO - Sync 1 DAGs
[2024-06-10T14:10:52.775+0000] {logging_mixin.py:188} INFO - [2024-06-10T14:10:52.775+0000] {dag.py:3954} INFO - Setting next_dagrun for latest_only to 2024-06-10 08:00:00+00:00, run_after=2024-06-10 12:00:00+00:00
[2024-06-10T14:10:52.797+0000] {processor.py:183} INFO - Processing /home/airflow/.local/lib/python3.12/site-packages/airflow/example_dags/example_latest_only.py took 0.086 seconds
[2024-06-10T14:11:23.412+0000] {processor.py:161} INFO - Started process (PID=614) to work on /home/airflow/.local/lib/python3.12/site-packages/airflow/example_dags/example_latest_only.py
[2024-06-10T14:11:23.414+0000] {processor.py:830} INFO - Processing file /home/airflow/.local/lib/python3.12/site-packages/airflow/example_dags/example_latest_only.py for tasks to queue
[2024-06-10T14:11:23.417+0000] {logging_mixin.py:188} INFO - [2024-06-10T14:11:23.416+0000] {dagbag.py:545} INFO - Filling up the DagBag from /home/airflow/.local/lib/python3.12/site-packages/airflow/example_dags/example_latest_only.py
[2024-06-10T14:11:23.424+0000] {processor.py:840} INFO - DAG(s) 'latest_only' retrieved from /home/airflow/.local/lib/python3.12/site-packages/airflow/example_dags/example_latest_only.py
[2024-06-10T14:11:23.454+0000] {logging_mixin.py:188} INFO - [2024-06-10T14:11:23.453+0000] {dag.py:3096} INFO - Sync 1 DAGs
[2024-06-10T14:11:23.481+0000] {logging_mixin.py:188} INFO - [2024-06-10T14:11:23.481+0000] {dag.py:3954} INFO - Setting next_dagrun for latest_only to 2024-06-10 08:00:00+00:00, run_after=2024-06-10 12:00:00+00:00
[2024-06-10T14:11:23.507+0000] {processor.py:183} INFO - Processing /home/airflow/.local/lib/python3.12/site-packages/airflow/example_dags/example_latest_only.py took 0.106 seconds
[2024-06-10T14:11:54.446+0000] {processor.py:161} INFO - Started process (PID=689) to work on /home/airflow/.local/lib/python3.12/site-packages/airflow/example_dags/example_latest_only.py
[2024-06-10T14:11:54.447+0000] {processor.py:830} INFO - Processing file /home/airflow/.local/lib/python3.12/site-packages/airflow/example_dags/example_latest_only.py for tasks to queue
[2024-06-10T14:11:54.449+0000] {logging_mixin.py:188} INFO - [2024-06-10T14:11:54.449+0000] {dagbag.py:545} INFO - Filling up the DagBag from /home/airflow/.local/lib/python3.12/site-packages/airflow/example_dags/example_latest_only.py
[2024-06-10T14:11:54.454+0000] {processor.py:840} INFO - DAG(s) 'latest_only' retrieved from /home/airflow/.local/lib/python3.12/site-packages/airflow/example_dags/example_latest_only.py
[2024-06-10T14:11:54.478+0000] {logging_mixin.py:188} INFO - [2024-06-10T14:11:54.478+0000] {dag.py:3096} INFO - Sync 1 DAGs
[2024-06-10T14:11:54.504+0000] {logging_mixin.py:188} INFO - [2024-06-10T14:11:54.504+0000] {dag.py:3954} INFO - Setting next_dagrun for latest_only to 2024-06-10 08:00:00+00:00, run_after=2024-06-10 12:00:00+00:00
[2024-06-10T14:11:54.528+0000] {processor.py:183} INFO - Processing /home/airflow/.local/lib/python3.12/site-packages/airflow/example_dags/example_latest_only.py took 0.088 seconds
[2024-06-10T14:12:24.966+0000] {processor.py:161} INFO - Started process (PID=758) to work on /home/airflow/.local/lib/python3.12/site-packages/airflow/example_dags/example_latest_only.py
[2024-06-10T14:12:24.968+0000] {processor.py:830} INFO - Processing file /home/airflow/.local/lib/python3.12/site-packages/airflow/example_dags/example_latest_only.py for tasks to queue
[2024-06-10T14:12:24.971+0000] {logging_mixin.py:188} INFO - [2024-06-10T14:12:24.970+0000] {dagbag.py:545} INFO - Filling up the DagBag from /home/airflow/.local/lib/python3.12/site-packages/airflow/example_dags/example_latest_only.py
[2024-06-10T14:12:24.977+0000] {processor.py:840} INFO - DAG(s) 'latest_only' retrieved from /home/airflow/.local/lib/python3.12/site-packages/airflow/example_dags/example_latest_only.py
[2024-06-10T14:12:25.008+0000] {logging_mixin.py:188} INFO - [2024-06-10T14:12:25.008+0000] {dag.py:3096} INFO - Sync 1 DAGs
[2024-06-10T14:12:25.038+0000] {logging_mixin.py:188} INFO - [2024-06-10T14:12:25.038+0000] {dag.py:3954} INFO - Setting next_dagrun for latest_only to 2024-06-10 08:00:00+00:00, run_after=2024-06-10 12:00:00+00:00
[2024-06-10T14:12:25.062+0000] {processor.py:183} INFO - Processing /home/airflow/.local/lib/python3.12/site-packages/airflow/example_dags/example_latest_only.py took 0.102 seconds
[2024-06-10T14:12:56.643+0000] {processor.py:161} INFO - Started process (PID=827) to work on /home/airflow/.local/lib/python3.12/site-packages/airflow/example_dags/example_latest_only.py
[2024-06-10T14:12:56.645+0000] {processor.py:830} INFO - Processing file /home/airflow/.local/lib/python3.12/site-packages/airflow/example_dags/example_latest_only.py for tasks to queue
[2024-06-10T14:12:56.647+0000] {logging_mixin.py:188} INFO - [2024-06-10T14:12:56.646+0000] {dagbag.py:545} INFO - Filling up the DagBag from /home/airflow/.local/lib/python3.12/site-packages/airflow/example_dags/example_latest_only.py
[2024-06-10T14:12:56.652+0000] {processor.py:840} INFO - DAG(s) 'latest_only' retrieved from /home/airflow/.local/lib/python3.12/site-packages/airflow/example_dags/example_latest_only.py
[2024-06-10T14:12:56.673+0000] {logging_mixin.py:188} INFO - [2024-06-10T14:12:56.673+0000] {dag.py:3096} INFO - Sync 1 DAGs
[2024-06-10T14:12:56.696+0000] {logging_mixin.py:188} INFO - [2024-06-10T14:12:56.695+0000] {dag.py:3954} INFO - Setting next_dagrun for latest_only to 2024-06-10 08:00:00+00:00, run_after=2024-06-10 12:00:00+00:00
[2024-06-10T14:12:56.723+0000] {processor.py:183} INFO - Processing /home/airflow/.local/lib/python3.12/site-packages/airflow/example_dags/example_latest_only.py took 0.085 seconds
[2024-06-10T14:13:27.633+0000] {processor.py:161} INFO - Started process (PID=896) to work on /home/airflow/.local/lib/python3.12/site-packages/airflow/example_dags/example_latest_only.py
[2024-06-10T14:13:27.634+0000] {processor.py:830} INFO - Processing file /home/airflow/.local/lib/python3.12/site-packages/airflow/example_dags/example_latest_only.py for tasks to queue
[2024-06-10T14:13:27.636+0000] {logging_mixin.py:188} INFO - [2024-06-10T14:13:27.635+0000] {dagbag.py:545} INFO - Filling up the DagBag from /home/airflow/.local/lib/python3.12/site-packages/airflow/example_dags/example_latest_only.py
[2024-06-10T14:13:27.641+0000] {processor.py:840} INFO - DAG(s) 'latest_only' retrieved from /home/airflow/.local/lib/python3.12/site-packages/airflow/example_dags/example_latest_only.py
[2024-06-10T14:13:27.660+0000] {logging_mixin.py:188} INFO - [2024-06-10T14:13:27.660+0000] {dag.py:3096} INFO - Sync 1 DAGs
[2024-06-10T14:13:27.683+0000] {logging_mixin.py:188} INFO - [2024-06-10T14:13:27.683+0000] {dag.py:3954} INFO - Setting next_dagrun for latest_only to 2024-06-10 08:00:00+00:00, run_after=2024-06-10 12:00:00+00:00
[2024-06-10T14:13:27.704+0000] {processor.py:183} INFO - Processing /home/airflow/.local/lib/python3.12/site-packages/airflow/example_dags/example_latest_only.py took 0.077 seconds
[2024-06-10T14:13:58.394+0000] {processor.py:161} INFO - Started process (PID=965) to work on /home/airflow/.local/lib/python3.12/site-packages/airflow/example_dags/example_latest_only.py
[2024-06-10T14:13:58.396+0000] {processor.py:830} INFO - Processing file /home/airflow/.local/lib/python3.12/site-packages/airflow/example_dags/example_latest_only.py for tasks to queue
[2024-06-10T14:13:58.398+0000] {logging_mixin.py:188} INFO - [2024-06-10T14:13:58.398+0000] {dagbag.py:545} INFO - Filling up the DagBag from /home/airflow/.local/lib/python3.12/site-packages/airflow/example_dags/example_latest_only.py
[2024-06-10T14:13:58.403+0000] {processor.py:840} INFO - DAG(s) 'latest_only' retrieved from /home/airflow/.local/lib/python3.12/site-packages/airflow/example_dags/example_latest_only.py
[2024-06-10T14:13:58.423+0000] {logging_mixin.py:188} INFO - [2024-06-10T14:13:58.423+0000] {dag.py:3096} INFO - Sync 1 DAGs
[2024-06-10T14:13:58.444+0000] {logging_mixin.py:188} INFO - [2024-06-10T14:13:58.444+0000] {dag.py:3954} INFO - Setting next_dagrun for latest_only to 2024-06-10 08:00:00+00:00, run_after=2024-06-10 12:00:00+00:00
[2024-06-10T14:13:58.465+0000] {processor.py:183} INFO - Processing /home/airflow/.local/lib/python3.12/site-packages/airflow/example_dags/example_latest_only.py took 0.077 seconds
[2024-06-10T14:14:29.089+0000] {processor.py:161} INFO - Started process (PID=1034) to work on /home/airflow/.local/lib/python3.12/site-packages/airflow/example_dags/example_latest_only.py
[2024-06-10T14:14:29.090+0000] {processor.py:830} INFO - Processing file /home/airflow/.local/lib/python3.12/site-packages/airflow/example_dags/example_latest_only.py for tasks to queue
[2024-06-10T14:14:29.092+0000] {logging_mixin.py:188} INFO - [2024-06-10T14:14:29.092+0000] {dagbag.py:545} INFO - Filling up the DagBag from /home/airflow/.local/lib/python3.12/site-packages/airflow/example_dags/example_latest_only.py
[2024-06-10T14:14:29.096+0000] {processor.py:840} INFO - DAG(s) 'latest_only' retrieved from /home/airflow/.local/lib/python3.12/site-packages/airflow/example_dags/example_latest_only.py
[2024-06-10T14:14:29.117+0000] {logging_mixin.py:188} INFO - [2024-06-10T14:14:29.117+0000] {dag.py:3096} INFO - Sync 1 DAGs
[2024-06-10T14:14:29.143+0000] {logging_mixin.py:188} INFO - [2024-06-10T14:14:29.142+0000] {dag.py:3954} INFO - Setting next_dagrun for latest_only to 2024-06-10 08:00:00+00:00, run_after=2024-06-10 12:00:00+00:00
[2024-06-10T14:14:29.162+0000] {processor.py:183} INFO - Processing /home/airflow/.local/lib/python3.12/site-packages/airflow/example_dags/example_latest_only.py took 0.078 seconds
[2024-06-10T14:15:00.029+0000] {processor.py:161} INFO - Started process (PID=1104) to work on /home/airflow/.local/lib/python3.12/site-packages/airflow/example_dags/example_latest_only.py
[2024-06-10T14:15:00.030+0000] {processor.py:830} INFO - Processing file /home/airflow/.local/lib/python3.12/site-packages/airflow/example_dags/example_latest_only.py for tasks to queue
[2024-06-10T14:15:00.033+0000] {logging_mixin.py:188} INFO - [2024-06-10T14:15:00.033+0000] {dagbag.py:545} INFO - Filling up the DagBag from /home/airflow/.local/lib/python3.12/site-packages/airflow/example_dags/example_latest_only.py
[2024-06-10T14:15:00.039+0000] {processor.py:840} INFO - DAG(s) 'latest_only' retrieved from /home/airflow/.local/lib/python3.12/site-packages/airflow/example_dags/example_latest_only.py
[2024-06-10T14:15:00.059+0000] {logging_mixin.py:188} INFO - [2024-06-10T14:15:00.059+0000] {dag.py:3096} INFO - Sync 1 DAGs
[2024-06-10T14:15:00.086+0000] {logging_mixin.py:188} INFO - [2024-06-10T14:15:00.085+0000] {dag.py:3954} INFO - Setting next_dagrun for latest_only to 2024-06-10 08:00:00+00:00, run_after=2024-06-10 12:00:00+00:00
[2024-06-10T14:15:00.107+0000] {processor.py:183} INFO - Processing /home/airflow/.local/lib/python3.12/site-packages/airflow/example_dags/example_latest_only.py took 0.084 seconds
[2024-06-10T14:15:31.167+0000] {processor.py:161} INFO - Started process (PID=1172) to work on /home/airflow/.local/lib/python3.12/site-packages/airflow/example_dags/example_latest_only.py
[2024-06-10T14:15:31.168+0000] {processor.py:830} INFO - Processing file /home/airflow/.local/lib/python3.12/site-packages/airflow/example_dags/example_latest_only.py for tasks to queue
[2024-06-10T14:15:31.169+0000] {logging_mixin.py:188} INFO - [2024-06-10T14:15:31.169+0000] {dagbag.py:545} INFO - Filling up the DagBag from /home/airflow/.local/lib/python3.12/site-packages/airflow/example_dags/example_latest_only.py
[2024-06-10T14:15:31.174+0000] {processor.py:840} INFO - DAG(s) 'latest_only' retrieved from /home/airflow/.local/lib/python3.12/site-packages/airflow/example_dags/example_latest_only.py
[2024-06-10T14:15:31.193+0000] {logging_mixin.py:188} INFO - [2024-06-10T14:15:31.192+0000] {dag.py:3096} INFO - Sync 1 DAGs
[2024-06-10T14:15:31.214+0000] {logging_mixin.py:188} INFO - [2024-06-10T14:15:31.213+0000] {dag.py:3954} INFO - Setting next_dagrun for latest_only to 2024-06-10 08:00:00+00:00, run_after=2024-06-10 12:00:00+00:00
[2024-06-10T14:15:31.234+0000] {processor.py:183} INFO - Processing /home/airflow/.local/lib/python3.12/site-packages/airflow/example_dags/example_latest_only.py took 0.072 seconds
[2024-06-10T14:16:01.693+0000] {processor.py:161} INFO - Started process (PID=1232) to work on /home/airflow/.local/lib/python3.12/site-packages/airflow/example_dags/example_latest_only.py
[2024-06-10T14:16:01.694+0000] {processor.py:830} INFO - Processing file /home/airflow/.local/lib/python3.12/site-packages/airflow/example_dags/example_latest_only.py for tasks to queue
[2024-06-10T14:16:01.696+0000] {logging_mixin.py:188} INFO - [2024-06-10T14:16:01.695+0000] {dagbag.py:545} INFO - Filling up the DagBag from /home/airflow/.local/lib/python3.12/site-packages/airflow/example_dags/example_latest_only.py
[2024-06-10T14:16:01.703+0000] {processor.py:840} INFO - DAG(s) 'latest_only' retrieved from /home/airflow/.local/lib/python3.12/site-packages/airflow/example_dags/example_latest_only.py
[2024-06-10T14:16:01.731+0000] {logging_mixin.py:188} INFO - [2024-06-10T14:16:01.730+0000] {dag.py:3096} INFO - Sync 1 DAGs
[2024-06-10T14:16:01.760+0000] {logging_mixin.py:188} INFO - [2024-06-10T14:16:01.759+0000] {dag.py:3954} INFO - Setting next_dagrun for latest_only to 2024-06-10 08:00:00+00:00, run_after=2024-06-10 12:00:00+00:00
[2024-06-10T14:16:01.783+0000] {processor.py:183} INFO - Processing /home/airflow/.local/lib/python3.12/site-packages/airflow/example_dags/example_latest_only.py took 0.097 seconds
[2024-06-10T14:16:31.923+0000] {processor.py:161} INFO - Started process (PID=1292) to work on /home/airflow/.local/lib/python3.12/site-packages/airflow/example_dags/example_latest_only.py
[2024-06-10T14:16:31.924+0000] {processor.py:830} INFO - Processing file /home/airflow/.local/lib/python3.12/site-packages/airflow/example_dags/example_latest_only.py for tasks to queue
[2024-06-10T14:16:31.925+0000] {logging_mixin.py:188} INFO - [2024-06-10T14:16:31.925+0000] {dagbag.py:545} INFO - Filling up the DagBag from /home/airflow/.local/lib/python3.12/site-packages/airflow/example_dags/example_latest_only.py
[2024-06-10T14:16:31.932+0000] {processor.py:840} INFO - DAG(s) 'latest_only' retrieved from /home/airflow/.local/lib/python3.12/site-packages/airflow/example_dags/example_latest_only.py
[2024-06-10T14:16:31.954+0000] {logging_mixin.py:188} INFO - [2024-06-10T14:16:31.954+0000] {dag.py:3096} INFO - Sync 1 DAGs
[2024-06-10T14:16:32.002+0000] {logging_mixin.py:188} INFO - [2024-06-10T14:16:32.002+0000] {dag.py:3954} INFO - Setting next_dagrun for latest_only to 2024-06-10 08:00:00+00:00, run_after=2024-06-10 12:00:00+00:00
[2024-06-10T14:16:32.026+0000] {processor.py:183} INFO - Processing /home/airflow/.local/lib/python3.12/site-packages/airflow/example_dags/example_latest_only.py took 0.108 seconds
[2024-06-10T14:17:02.469+0000] {processor.py:161} INFO - Started process (PID=1350) to work on /home/airflow/.local/lib/python3.12/site-packages/airflow/example_dags/example_latest_only.py
[2024-06-10T14:17:02.470+0000] {processor.py:830} INFO - Processing file /home/airflow/.local/lib/python3.12/site-packages/airflow/example_dags/example_latest_only.py for tasks to queue
[2024-06-10T14:17:02.471+0000] {logging_mixin.py:188} INFO - [2024-06-10T14:17:02.471+0000] {dagbag.py:545} INFO - Filling up the DagBag from /home/airflow/.local/lib/python3.12/site-packages/airflow/example_dags/example_latest_only.py
[2024-06-10T14:17:02.476+0000] {processor.py:840} INFO - DAG(s) 'latest_only' retrieved from /home/airflow/.local/lib/python3.12/site-packages/airflow/example_dags/example_latest_only.py
[2024-06-10T14:17:02.488+0000] {logging_mixin.py:188} INFO - [2024-06-10T14:17:02.488+0000] {dag.py:3096} INFO - Sync 1 DAGs
[2024-06-10T14:17:02.509+0000] {logging_mixin.py:188} INFO - [2024-06-10T14:17:02.509+0000] {dag.py:3954} INFO - Setting next_dagrun for latest_only to 2024-06-10 08:00:00+00:00, run_after=2024-06-10 12:00:00+00:00
[2024-06-10T14:17:02.533+0000] {processor.py:183} INFO - Processing /home/airflow/.local/lib/python3.12/site-packages/airflow/example_dags/example_latest_only.py took 0.069 seconds
[2024-06-10T14:17:38.687+0000] {processor.py:161} INFO - Started process (PID=1410) to work on /home/airflow/.local/lib/python3.12/site-packages/airflow/example_dags/example_latest_only.py
[2024-06-10T14:17:38.829+0000] {processor.py:830} INFO - Processing file /home/airflow/.local/lib/python3.12/site-packages/airflow/example_dags/example_latest_only.py for tasks to queue
[2024-06-10T14:17:38.839+0000] {logging_mixin.py:188} INFO - [2024-06-10T14:17:38.839+0000] {dagbag.py:545} INFO - Filling up the DagBag from /home/airflow/.local/lib/python3.12/site-packages/airflow/example_dags/example_latest_only.py
[2024-06-10T14:17:38.848+0000] {processor.py:840} INFO - DAG(s) 'latest_only' retrieved from /home/airflow/.local/lib/python3.12/site-packages/airflow/example_dags/example_latest_only.py
[2024-06-10T14:17:39.023+0000] {logging_mixin.py:188} INFO - [2024-06-10T14:17:39.023+0000] {dag.py:3096} INFO - Sync 1 DAGs
[2024-06-10T14:17:39.056+0000] {logging_mixin.py:188} INFO - [2024-06-10T14:17:39.056+0000] {dag.py:3954} INFO - Setting next_dagrun for latest_only to 2024-06-10 08:00:00+00:00, run_after=2024-06-10 12:00:00+00:00
[2024-06-10T14:17:39.231+0000] {processor.py:183} INFO - Processing /home/airflow/.local/lib/python3.12/site-packages/airflow/example_dags/example_latest_only.py took 0.554 seconds
[2024-06-10T14:18:10.025+0000] {processor.py:161} INFO - Started process (PID=1470) to work on /home/airflow/.local/lib/python3.12/site-packages/airflow/example_dags/example_latest_only.py
[2024-06-10T14:18:10.027+0000] {processor.py:830} INFO - Processing file /home/airflow/.local/lib/python3.12/site-packages/airflow/example_dags/example_latest_only.py for tasks to queue
[2024-06-10T14:18:10.028+0000] {logging_mixin.py:188} INFO - [2024-06-10T14:18:10.028+0000] {dagbag.py:545} INFO - Filling up the DagBag from /home/airflow/.local/lib/python3.12/site-packages/airflow/example_dags/example_latest_only.py
[2024-06-10T14:18:10.035+0000] {processor.py:840} INFO - DAG(s) 'latest_only' retrieved from /home/airflow/.local/lib/python3.12/site-packages/airflow/example_dags/example_latest_only.py
[2024-06-10T14:18:10.072+0000] {logging_mixin.py:188} INFO - [2024-06-10T14:18:10.072+0000] {dag.py:3096} INFO - Sync 1 DAGs
[2024-06-10T14:18:10.124+0000] {logging_mixin.py:188} INFO - [2024-06-10T14:18:10.123+0000] {dag.py:3954} INFO - Setting next_dagrun for latest_only to 2024-06-10 08:00:00+00:00, run_after=2024-06-10 12:00:00+00:00
[2024-06-10T14:18:10.179+0000] {processor.py:183} INFO - Processing /home/airflow/.local/lib/python3.12/site-packages/airflow/example_dags/example_latest_only.py took 0.164 seconds
[2024-06-10T14:18:40.731+0000] {processor.py:161} INFO - Started process (PID=1530) to work on /home/airflow/.local/lib/python3.12/site-packages/airflow/example_dags/example_latest_only.py
[2024-06-10T14:18:40.732+0000] {processor.py:830} INFO - Processing file /home/airflow/.local/lib/python3.12/site-packages/airflow/example_dags/example_latest_only.py for tasks to queue
[2024-06-10T14:18:40.733+0000] {logging_mixin.py:188} INFO - [2024-06-10T14:18:40.733+0000] {dagbag.py:545} INFO - Filling up the DagBag from /home/airflow/.local/lib/python3.12/site-packages/airflow/example_dags/example_latest_only.py
[2024-06-10T14:18:40.738+0000] {processor.py:840} INFO - DAG(s) 'latest_only' retrieved from /home/airflow/.local/lib/python3.12/site-packages/airflow/example_dags/example_latest_only.py
[2024-06-10T14:18:40.752+0000] {logging_mixin.py:188} INFO - [2024-06-10T14:18:40.751+0000] {dag.py:3096} INFO - Sync 1 DAGs
[2024-06-10T14:18:40.775+0000] {logging_mixin.py:188} INFO - [2024-06-10T14:18:40.775+0000] {dag.py:3954} INFO - Setting next_dagrun for latest_only to 2024-06-10 08:00:00+00:00, run_after=2024-06-10 12:00:00+00:00
[2024-06-10T14:18:40.801+0000] {processor.py:183} INFO - Processing /home/airflow/.local/lib/python3.12/site-packages/airflow/example_dags/example_latest_only.py took 0.076 seconds
[2024-06-10T14:19:11.418+0000] {processor.py:161} INFO - Started process (PID=1590) to work on /home/airflow/.local/lib/python3.12/site-packages/airflow/example_dags/example_latest_only.py
[2024-06-10T14:19:11.420+0000] {processor.py:830} INFO - Processing file /home/airflow/.local/lib/python3.12/site-packages/airflow/example_dags/example_latest_only.py for tasks to queue
[2024-06-10T14:19:11.422+0000] {logging_mixin.py:188} INFO - [2024-06-10T14:19:11.421+0000] {dagbag.py:545} INFO - Filling up the DagBag from /home/airflow/.local/lib/python3.12/site-packages/airflow/example_dags/example_latest_only.py
[2024-06-10T14:19:11.429+0000] {processor.py:840} INFO - DAG(s) 'latest_only' retrieved from /home/airflow/.local/lib/python3.12/site-packages/airflow/example_dags/example_latest_only.py
[2024-06-10T14:19:11.570+0000] {logging_mixin.py:188} INFO - [2024-06-10T14:19:11.570+0000] {dag.py:3096} INFO - Sync 1 DAGs
[2024-06-10T14:19:11.596+0000] {logging_mixin.py:188} INFO - [2024-06-10T14:19:11.596+0000] {dag.py:3954} INFO - Setting next_dagrun for latest_only to 2024-06-10 08:00:00+00:00, run_after=2024-06-10 12:00:00+00:00
[2024-06-10T14:19:11.616+0000] {processor.py:183} INFO - Processing /home/airflow/.local/lib/python3.12/site-packages/airflow/example_dags/example_latest_only.py took 0.205 seconds
[2024-06-10T14:19:42.019+0000] {processor.py:161} INFO - Started process (PID=1650) to work on /home/airflow/.local/lib/python3.12/site-packages/airflow/example_dags/example_latest_only.py
[2024-06-10T14:19:42.021+0000] {processor.py:830} INFO - Processing file /home/airflow/.local/lib/python3.12/site-packages/airflow/example_dags/example_latest_only.py for tasks to queue
[2024-06-10T14:19:42.022+0000] {logging_mixin.py:188} INFO - [2024-06-10T14:19:42.022+0000] {dagbag.py:545} INFO - Filling up the DagBag from /home/airflow/.local/lib/python3.12/site-packages/airflow/example_dags/example_latest_only.py
[2024-06-10T14:19:42.027+0000] {processor.py:840} INFO - DAG(s) 'latest_only' retrieved from /home/airflow/.local/lib/python3.12/site-packages/airflow/example_dags/example_latest_only.py
[2024-06-10T14:19:42.048+0000] {logging_mixin.py:188} INFO - [2024-06-10T14:19:42.048+0000] {dag.py:3096} INFO - Sync 1 DAGs
[2024-06-10T14:19:42.069+0000] {logging_mixin.py:188} INFO - [2024-06-10T14:19:42.068+0000] {dag.py:3954} INFO - Setting next_dagrun for latest_only to 2024-06-10 08:00:00+00:00, run_after=2024-06-10 12:00:00+00:00
[2024-06-10T14:19:42.092+0000] {processor.py:183} INFO - Processing /home/airflow/.local/lib/python3.12/site-packages/airflow/example_dags/example_latest_only.py took 0.078 seconds
[2024-06-10T14:20:12.317+0000] {processor.py:161} INFO - Started process (PID=1710) to work on /home/airflow/.local/lib/python3.12/site-packages/airflow/example_dags/example_latest_only.py
[2024-06-10T14:20:12.318+0000] {processor.py:830} INFO - Processing file /home/airflow/.local/lib/python3.12/site-packages/airflow/example_dags/example_latest_only.py for tasks to queue
[2024-06-10T14:20:12.319+0000] {logging_mixin.py:188} INFO - [2024-06-10T14:20:12.318+0000] {dagbag.py:545} INFO - Filling up the DagBag from /home/airflow/.local/lib/python3.12/site-packages/airflow/example_dags/example_latest_only.py
[2024-06-10T14:20:12.326+0000] {processor.py:840} INFO - DAG(s) 'latest_only' retrieved from /home/airflow/.local/lib/python3.12/site-packages/airflow/example_dags/example_latest_only.py
[2024-06-10T14:20:12.348+0000] {logging_mixin.py:188} INFO - [2024-06-10T14:20:12.347+0000] {dag.py:3096} INFO - Sync 1 DAGs
[2024-06-10T14:20:12.369+0000] {logging_mixin.py:188} INFO - [2024-06-10T14:20:12.369+0000] {dag.py:3954} INFO - Setting next_dagrun for latest_only to 2024-06-10 08:00:00+00:00, run_after=2024-06-10 12:00:00+00:00
[2024-06-10T14:20:12.392+0000] {processor.py:183} INFO - Processing /home/airflow/.local/lib/python3.12/site-packages/airflow/example_dags/example_latest_only.py took 0.081 seconds
[2024-06-10T14:20:42.817+0000] {processor.py:161} INFO - Started process (PID=1770) to work on /home/airflow/.local/lib/python3.12/site-packages/airflow/example_dags/example_latest_only.py
[2024-06-10T14:20:42.818+0000] {processor.py:830} INFO - Processing file /home/airflow/.local/lib/python3.12/site-packages/airflow/example_dags/example_latest_only.py for tasks to queue
[2024-06-10T14:20:42.819+0000] {logging_mixin.py:188} INFO - [2024-06-10T14:20:42.819+0000] {dagbag.py:545} INFO - Filling up the DagBag from /home/airflow/.local/lib/python3.12/site-packages/airflow/example_dags/example_latest_only.py
[2024-06-10T14:20:42.824+0000] {processor.py:840} INFO - DAG(s) 'latest_only' retrieved from /home/airflow/.local/lib/python3.12/site-packages/airflow/example_dags/example_latest_only.py
[2024-06-10T14:20:42.846+0000] {logging_mixin.py:188} INFO - [2024-06-10T14:20:42.846+0000] {dag.py:3096} INFO - Sync 1 DAGs
[2024-06-10T14:20:42.871+0000] {logging_mixin.py:188} INFO - [2024-06-10T14:20:42.871+0000] {dag.py:3954} INFO - Setting next_dagrun for latest_only to 2024-06-10 08:00:00+00:00, run_after=2024-06-10 12:00:00+00:00
[2024-06-10T14:20:42.892+0000] {processor.py:183} INFO - Processing /home/airflow/.local/lib/python3.12/site-packages/airflow/example_dags/example_latest_only.py took 0.080 seconds
[2024-06-10T14:21:13.076+0000] {processor.py:161} INFO - Started process (PID=1830) to work on /home/airflow/.local/lib/python3.12/site-packages/airflow/example_dags/example_latest_only.py
[2024-06-10T14:21:13.078+0000] {processor.py:830} INFO - Processing file /home/airflow/.local/lib/python3.12/site-packages/airflow/example_dags/example_latest_only.py for tasks to queue
[2024-06-10T14:21:13.079+0000] {logging_mixin.py:188} INFO - [2024-06-10T14:21:13.079+0000] {dagbag.py:545} INFO - Filling up the DagBag from /home/airflow/.local/lib/python3.12/site-packages/airflow/example_dags/example_latest_only.py
[2024-06-10T14:21:13.084+0000] {processor.py:840} INFO - DAG(s) 'latest_only' retrieved from /home/airflow/.local/lib/python3.12/site-packages/airflow/example_dags/example_latest_only.py
[2024-06-10T14:21:13.104+0000] {logging_mixin.py:188} INFO - [2024-06-10T14:21:13.104+0000] {dag.py:3096} INFO - Sync 1 DAGs
[2024-06-10T14:21:13.125+0000] {logging_mixin.py:188} INFO - [2024-06-10T14:21:13.125+0000] {dag.py:3954} INFO - Setting next_dagrun for latest_only to 2024-06-10 08:00:00+00:00, run_after=2024-06-10 12:00:00+00:00
[2024-06-10T14:21:13.146+0000] {processor.py:183} INFO - Processing /home/airflow/.local/lib/python3.12/site-packages/airflow/example_dags/example_latest_only.py took 0.074 seconds
[2024-06-10T14:21:43.385+0000] {processor.py:161} INFO - Started process (PID=1890) to work on /home/airflow/.local/lib/python3.12/site-packages/airflow/example_dags/example_latest_only.py
[2024-06-10T14:21:43.387+0000] {processor.py:830} INFO - Processing file /home/airflow/.local/lib/python3.12/site-packages/airflow/example_dags/example_latest_only.py for tasks to queue
[2024-06-10T14:21:43.388+0000] {logging_mixin.py:188} INFO - [2024-06-10T14:21:43.388+0000] {dagbag.py:545} INFO - Filling up the DagBag from /home/airflow/.local/lib/python3.12/site-packages/airflow/example_dags/example_latest_only.py
[2024-06-10T14:21:43.395+0000] {processor.py:840} INFO - DAG(s) 'latest_only' retrieved from /home/airflow/.local/lib/python3.12/site-packages/airflow/example_dags/example_latest_only.py
[2024-06-10T14:21:43.418+0000] {logging_mixin.py:188} INFO - [2024-06-10T14:21:43.418+0000] {dag.py:3096} INFO - Sync 1 DAGs
[2024-06-10T14:21:43.445+0000] {logging_mixin.py:188} INFO - [2024-06-10T14:21:43.445+0000] {dag.py:3954} INFO - Setting next_dagrun for latest_only to 2024-06-10 08:00:00+00:00, run_after=2024-06-10 12:00:00+00:00
[2024-06-10T14:21:43.470+0000] {processor.py:183} INFO - Processing /home/airflow/.local/lib/python3.12/site-packages/airflow/example_dags/example_latest_only.py took 0.094 seconds
[2024-06-10T14:26:15.158+0000] {processor.py:161} INFO - Started process (PID=58) to work on /home/airflow/.local/lib/python3.12/site-packages/airflow/example_dags/example_latest_only.py
[2024-06-10T14:26:15.159+0000] {processor.py:830} INFO - Processing file /home/airflow/.local/lib/python3.12/site-packages/airflow/example_dags/example_latest_only.py for tasks to queue
[2024-06-10T14:26:15.161+0000] {logging_mixin.py:188} INFO - [2024-06-10T14:26:15.161+0000] {dagbag.py:545} INFO - Filling up the DagBag from /home/airflow/.local/lib/python3.12/site-packages/airflow/example_dags/example_latest_only.py
[2024-06-10T14:26:15.168+0000] {processor.py:840} INFO - DAG(s) 'latest_only' retrieved from /home/airflow/.local/lib/python3.12/site-packages/airflow/example_dags/example_latest_only.py
[2024-06-10T14:26:15.298+0000] {logging_mixin.py:188} INFO - [2024-06-10T14:26:15.298+0000] {override.py:1829} INFO - Created Permission View: can delete on DAG:latest_only
[2024-06-10T14:26:15.310+0000] {logging_mixin.py:188} INFO - [2024-06-10T14:26:15.309+0000] {override.py:1829} INFO - Created Permission View: can read on DAG:latest_only
[2024-06-10T14:26:15.319+0000] {logging_mixin.py:188} INFO - [2024-06-10T14:26:15.319+0000] {override.py:1829} INFO - Created Permission View: can edit on DAG:latest_only
[2024-06-10T14:26:15.320+0000] {logging_mixin.py:188} INFO - [2024-06-10T14:26:15.320+0000] {dag.py:3096} INFO - Sync 1 DAGs
[2024-06-10T14:26:15.333+0000] {logging_mixin.py:188} INFO - [2024-06-10T14:26:15.333+0000] {dag.py:3118} INFO - Creating ORM DAG for latest_only
[2024-06-10T14:26:15.346+0000] {logging_mixin.py:188} INFO - [2024-06-10T14:26:15.346+0000] {dag.py:3954} INFO - Setting next_dagrun for latest_only to 2024-06-10 08:00:00+00:00, run_after=2024-06-10 12:00:00+00:00
[2024-06-10T14:26:15.373+0000] {processor.py:183} INFO - Processing /home/airflow/.local/lib/python3.12/site-packages/airflow/example_dags/example_latest_only.py took 0.221 seconds
[2024-06-10T14:26:45.829+0000] {processor.py:161} INFO - Started process (PID=118) to work on /home/airflow/.local/lib/python3.12/site-packages/airflow/example_dags/example_latest_only.py
[2024-06-10T14:26:45.831+0000] {processor.py:830} INFO - Processing file /home/airflow/.local/lib/python3.12/site-packages/airflow/example_dags/example_latest_only.py for tasks to queue
[2024-06-10T14:26:45.834+0000] {logging_mixin.py:188} INFO - [2024-06-10T14:26:45.833+0000] {dagbag.py:545} INFO - Filling up the DagBag from /home/airflow/.local/lib/python3.12/site-packages/airflow/example_dags/example_latest_only.py
[2024-06-10T14:26:45.847+0000] {processor.py:840} INFO - DAG(s) 'latest_only' retrieved from /home/airflow/.local/lib/python3.12/site-packages/airflow/example_dags/example_latest_only.py
[2024-06-10T14:26:45.880+0000] {logging_mixin.py:188} INFO - [2024-06-10T14:26:45.880+0000] {dag.py:3096} INFO - Sync 1 DAGs
[2024-06-10T14:26:45.927+0000] {logging_mixin.py:188} INFO - [2024-06-10T14:26:45.927+0000] {dag.py:3954} INFO - Setting next_dagrun for latest_only to 2024-06-10 08:00:00+00:00, run_after=2024-06-10 12:00:00+00:00
[2024-06-10T14:26:46.022+0000] {processor.py:183} INFO - Processing /home/airflow/.local/lib/python3.12/site-packages/airflow/example_dags/example_latest_only.py took 0.201 seconds
[2024-06-10T14:27:16.722+0000] {processor.py:161} INFO - Started process (PID=178) to work on /home/airflow/.local/lib/python3.12/site-packages/airflow/example_dags/example_latest_only.py
[2024-06-10T14:27:16.724+0000] {processor.py:830} INFO - Processing file /home/airflow/.local/lib/python3.12/site-packages/airflow/example_dags/example_latest_only.py for tasks to queue
[2024-06-10T14:27:16.727+0000] {logging_mixin.py:188} INFO - [2024-06-10T14:27:16.726+0000] {dagbag.py:545} INFO - Filling up the DagBag from /home/airflow/.local/lib/python3.12/site-packages/airflow/example_dags/example_latest_only.py
[2024-06-10T14:27:16.733+0000] {processor.py:840} INFO - DAG(s) 'latest_only' retrieved from /home/airflow/.local/lib/python3.12/site-packages/airflow/example_dags/example_latest_only.py
[2024-06-10T14:27:16.855+0000] {logging_mixin.py:188} INFO - [2024-06-10T14:27:16.854+0000] {dag.py:3096} INFO - Sync 1 DAGs
[2024-06-10T14:27:16.879+0000] {logging_mixin.py:188} INFO - [2024-06-10T14:27:16.879+0000] {dag.py:3954} INFO - Setting next_dagrun for latest_only to 2024-06-10 08:00:00+00:00, run_after=2024-06-10 12:00:00+00:00
[2024-06-10T14:27:16.906+0000] {processor.py:183} INFO - Processing /home/airflow/.local/lib/python3.12/site-packages/airflow/example_dags/example_latest_only.py took 0.191 seconds
[2024-06-10T14:27:47.022+0000] {processor.py:161} INFO - Started process (PID=238) to work on /home/airflow/.local/lib/python3.12/site-packages/airflow/example_dags/example_latest_only.py
[2024-06-10T14:27:47.023+0000] {processor.py:830} INFO - Processing file /home/airflow/.local/lib/python3.12/site-packages/airflow/example_dags/example_latest_only.py for tasks to queue
[2024-06-10T14:27:47.026+0000] {logging_mixin.py:188} INFO - [2024-06-10T14:27:47.025+0000] {dagbag.py:545} INFO - Filling up the DagBag from /home/airflow/.local/lib/python3.12/site-packages/airflow/example_dags/example_latest_only.py
[2024-06-10T14:27:47.033+0000] {processor.py:840} INFO - DAG(s) 'latest_only' retrieved from /home/airflow/.local/lib/python3.12/site-packages/airflow/example_dags/example_latest_only.py
[2024-06-10T14:27:47.057+0000] {logging_mixin.py:188} INFO - [2024-06-10T14:27:47.056+0000] {dag.py:3096} INFO - Sync 1 DAGs
[2024-06-10T14:27:47.086+0000] {logging_mixin.py:188} INFO - [2024-06-10T14:27:47.086+0000] {dag.py:3954} INFO - Setting next_dagrun for latest_only to 2024-06-10 08:00:00+00:00, run_after=2024-06-10 12:00:00+00:00
[2024-06-10T14:27:47.114+0000] {processor.py:183} INFO - Processing /home/airflow/.local/lib/python3.12/site-packages/airflow/example_dags/example_latest_only.py took 0.097 seconds
[2024-06-10T14:28:17.324+0000] {processor.py:161} INFO - Started process (PID=297) to work on /home/airflow/.local/lib/python3.12/site-packages/airflow/example_dags/example_latest_only.py
[2024-06-10T14:28:17.325+0000] {processor.py:830} INFO - Processing file /home/airflow/.local/lib/python3.12/site-packages/airflow/example_dags/example_latest_only.py for tasks to queue
[2024-06-10T14:28:17.327+0000] {logging_mixin.py:188} INFO - [2024-06-10T14:28:17.327+0000] {dagbag.py:545} INFO - Filling up the DagBag from /home/airflow/.local/lib/python3.12/site-packages/airflow/example_dags/example_latest_only.py
[2024-06-10T14:28:17.331+0000] {processor.py:840} INFO - DAG(s) 'latest_only' retrieved from /home/airflow/.local/lib/python3.12/site-packages/airflow/example_dags/example_latest_only.py
[2024-06-10T14:28:17.352+0000] {logging_mixin.py:188} INFO - [2024-06-10T14:28:17.352+0000] {dag.py:3096} INFO - Sync 1 DAGs
[2024-06-10T14:28:17.372+0000] {logging_mixin.py:188} INFO - [2024-06-10T14:28:17.371+0000] {dag.py:3954} INFO - Setting next_dagrun for latest_only to 2024-06-10 08:00:00+00:00, run_after=2024-06-10 12:00:00+00:00
[2024-06-10T14:28:17.392+0000] {processor.py:183} INFO - Processing /home/airflow/.local/lib/python3.12/site-packages/airflow/example_dags/example_latest_only.py took 0.074 seconds
[2024-06-10T14:28:48.179+0000] {processor.py:161} INFO - Started process (PID=357) to work on /home/airflow/.local/lib/python3.12/site-packages/airflow/example_dags/example_latest_only.py
[2024-06-10T14:28:48.180+0000] {processor.py:830} INFO - Processing file /home/airflow/.local/lib/python3.12/site-packages/airflow/example_dags/example_latest_only.py for tasks to queue
[2024-06-10T14:28:48.182+0000] {logging_mixin.py:188} INFO - [2024-06-10T14:28:48.182+0000] {dagbag.py:545} INFO - Filling up the DagBag from /home/airflow/.local/lib/python3.12/site-packages/airflow/example_dags/example_latest_only.py
[2024-06-10T14:28:48.189+0000] {processor.py:840} INFO - DAG(s) 'latest_only' retrieved from /home/airflow/.local/lib/python3.12/site-packages/airflow/example_dags/example_latest_only.py
[2024-06-10T14:28:48.213+0000] {logging_mixin.py:188} INFO - [2024-06-10T14:28:48.213+0000] {dag.py:3096} INFO - Sync 1 DAGs
[2024-06-10T14:28:48.237+0000] {logging_mixin.py:188} INFO - [2024-06-10T14:28:48.237+0000] {dag.py:3954} INFO - Setting next_dagrun for latest_only to 2024-06-10 08:00:00+00:00, run_after=2024-06-10 12:00:00+00:00
[2024-06-10T14:28:48.261+0000] {processor.py:183} INFO - Processing /home/airflow/.local/lib/python3.12/site-packages/airflow/example_dags/example_latest_only.py took 0.088 seconds
