[2024-06-10T14:04:42.859+0000] {processor.py:161} INFO - Started process (PID=51) to work on /home/airflow/.local/lib/python3.12/site-packages/airflow/example_dags/example_python_operator.py
[2024-06-10T14:04:42.860+0000] {processor.py:830} INFO - Processing file /home/airflow/.local/lib/python3.12/site-packages/airflow/example_dags/example_python_operator.py for tasks to queue
[2024-06-10T14:04:42.863+0000] {logging_mixin.py:188} INFO - [2024-06-10T14:04:42.863+0000] {dagbag.py:545} INFO - Filling up the DagBag from /home/airflow/.local/lib/python3.12/site-packages/airflow/example_dags/example_python_operator.py
[2024-06-10T14:04:42.881+0000] {processor.py:840} INFO - DAG(s) 'example_python_operator' retrieved from /home/airflow/.local/lib/python3.12/site-packages/airflow/example_dags/example_python_operator.py
[2024-06-10T14:04:43.074+0000] {logging_mixin.py:188} INFO - [2024-06-10T14:04:43.074+0000] {dag.py:3096} INFO - Sync 1 DAGs
[2024-06-10T14:04:43.094+0000] {logging_mixin.py:188} INFO - [2024-06-10T14:04:43.092+0000] {dag.py:3954} INFO - Setting next_dagrun for example_python_operator to None, run_after=None
[2024-06-10T14:04:43.133+0000] {processor.py:183} INFO - Processing /home/airflow/.local/lib/python3.12/site-packages/airflow/example_dags/example_python_operator.py took 0.288 seconds
[2024-06-10T14:05:13.445+0000] {processor.py:161} INFO - Started process (PID=118) to work on /home/airflow/.local/lib/python3.12/site-packages/airflow/example_dags/example_python_operator.py
[2024-06-10T14:05:13.446+0000] {processor.py:830} INFO - Processing file /home/airflow/.local/lib/python3.12/site-packages/airflow/example_dags/example_python_operator.py for tasks to queue
[2024-06-10T14:05:13.448+0000] {logging_mixin.py:188} INFO - [2024-06-10T14:05:13.448+0000] {dagbag.py:545} INFO - Filling up the DagBag from /home/airflow/.local/lib/python3.12/site-packages/airflow/example_dags/example_python_operator.py
[2024-06-10T14:05:13.460+0000] {processor.py:840} INFO - DAG(s) 'example_python_operator' retrieved from /home/airflow/.local/lib/python3.12/site-packages/airflow/example_dags/example_python_operator.py
[2024-06-10T14:05:13.483+0000] {logging_mixin.py:188} INFO - [2024-06-10T14:05:13.483+0000] {dag.py:3096} INFO - Sync 1 DAGs
[2024-06-10T14:05:13.497+0000] {logging_mixin.py:188} INFO - [2024-06-10T14:05:13.496+0000] {dag.py:3954} INFO - Setting next_dagrun for example_python_operator to None, run_after=None
[2024-06-10T14:05:13.518+0000] {processor.py:183} INFO - Processing /home/airflow/.local/lib/python3.12/site-packages/airflow/example_dags/example_python_operator.py took 0.079 seconds
[2024-06-10T14:05:43.966+0000] {processor.py:161} INFO - Started process (PID=187) to work on /home/airflow/.local/lib/python3.12/site-packages/airflow/example_dags/example_python_operator.py
[2024-06-10T14:05:43.968+0000] {processor.py:830} INFO - Processing file /home/airflow/.local/lib/python3.12/site-packages/airflow/example_dags/example_python_operator.py for tasks to queue
[2024-06-10T14:05:43.971+0000] {logging_mixin.py:188} INFO - [2024-06-10T14:05:43.971+0000] {dagbag.py:545} INFO - Filling up the DagBag from /home/airflow/.local/lib/python3.12/site-packages/airflow/example_dags/example_python_operator.py
[2024-06-10T14:05:43.982+0000] {processor.py:840} INFO - DAG(s) 'example_python_operator' retrieved from /home/airflow/.local/lib/python3.12/site-packages/airflow/example_dags/example_python_operator.py
[2024-06-10T14:05:44.002+0000] {logging_mixin.py:188} INFO - [2024-06-10T14:05:44.002+0000] {dag.py:3096} INFO - Sync 1 DAGs
[2024-06-10T14:05:44.018+0000] {logging_mixin.py:188} INFO - [2024-06-10T14:05:44.018+0000] {dag.py:3954} INFO - Setting next_dagrun for example_python_operator to None, run_after=None
[2024-06-10T14:05:44.042+0000] {processor.py:183} INFO - Processing /home/airflow/.local/lib/python3.12/site-packages/airflow/example_dags/example_python_operator.py took 0.082 seconds
[2024-06-10T14:06:14.229+0000] {processor.py:161} INFO - Started process (PID=256) to work on /home/airflow/.local/lib/python3.12/site-packages/airflow/example_dags/example_python_operator.py
[2024-06-10T14:06:14.232+0000] {processor.py:830} INFO - Processing file /home/airflow/.local/lib/python3.12/site-packages/airflow/example_dags/example_python_operator.py for tasks to queue
[2024-06-10T14:06:14.234+0000] {logging_mixin.py:188} INFO - [2024-06-10T14:06:14.233+0000] {dagbag.py:545} INFO - Filling up the DagBag from /home/airflow/.local/lib/python3.12/site-packages/airflow/example_dags/example_python_operator.py
[2024-06-10T14:06:14.245+0000] {processor.py:840} INFO - DAG(s) 'example_python_operator' retrieved from /home/airflow/.local/lib/python3.12/site-packages/airflow/example_dags/example_python_operator.py
[2024-06-10T14:06:14.257+0000] {logging_mixin.py:188} INFO - [2024-06-10T14:06:14.257+0000] {dag.py:3096} INFO - Sync 1 DAGs
[2024-06-10T14:06:14.273+0000] {logging_mixin.py:188} INFO - [2024-06-10T14:06:14.272+0000] {dag.py:3954} INFO - Setting next_dagrun for example_python_operator to None, run_after=None
[2024-06-10T14:06:14.296+0000] {processor.py:183} INFO - Processing /home/airflow/.local/lib/python3.12/site-packages/airflow/example_dags/example_python_operator.py took 0.073 seconds
[2024-06-10T14:07:13.677+0000] {processor.py:161} INFO - Started process (PID=44) to work on /home/airflow/.local/lib/python3.12/site-packages/airflow/example_dags/example_python_operator.py
[2024-06-10T14:07:13.678+0000] {processor.py:830} INFO - Processing file /home/airflow/.local/lib/python3.12/site-packages/airflow/example_dags/example_python_operator.py for tasks to queue
[2024-06-10T14:07:13.680+0000] {logging_mixin.py:188} INFO - [2024-06-10T14:07:13.679+0000] {dagbag.py:545} INFO - Filling up the DagBag from /home/airflow/.local/lib/python3.12/site-packages/airflow/example_dags/example_python_operator.py
[2024-06-10T14:07:13.898+0000] {processor.py:840} INFO - DAG(s) 'example_python_operator' retrieved from /home/airflow/.local/lib/python3.12/site-packages/airflow/example_dags/example_python_operator.py
[2024-06-10T14:07:14.064+0000] {logging_mixin.py:188} INFO - [2024-06-10T14:07:14.064+0000] {dag.py:3096} INFO - Sync 1 DAGs
[2024-06-10T14:07:14.076+0000] {logging_mixin.py:188} INFO - [2024-06-10T14:07:14.076+0000] {dag.py:3954} INFO - Setting next_dagrun for example_python_operator to None, run_after=None
[2024-06-10T14:07:14.100+0000] {processor.py:183} INFO - Processing /home/airflow/.local/lib/python3.12/site-packages/airflow/example_dags/example_python_operator.py took 0.431 seconds
[2024-06-10T14:07:44.740+0000] {processor.py:161} INFO - Started process (PID=114) to work on /home/airflow/.local/lib/python3.12/site-packages/airflow/example_dags/example_python_operator.py
[2024-06-10T14:07:44.741+0000] {processor.py:830} INFO - Processing file /home/airflow/.local/lib/python3.12/site-packages/airflow/example_dags/example_python_operator.py for tasks to queue
[2024-06-10T14:07:44.912+0000] {logging_mixin.py:188} INFO - [2024-06-10T14:07:44.744+0000] {dagbag.py:545} INFO - Filling up the DagBag from /home/airflow/.local/lib/python3.12/site-packages/airflow/example_dags/example_python_operator.py
[2024-06-10T14:07:44.926+0000] {processor.py:840} INFO - DAG(s) 'example_python_operator' retrieved from /home/airflow/.local/lib/python3.12/site-packages/airflow/example_dags/example_python_operator.py
[2024-06-10T14:07:44.952+0000] {logging_mixin.py:188} INFO - [2024-06-10T14:07:44.952+0000] {dag.py:3096} INFO - Sync 1 DAGs
[2024-06-10T14:07:44.971+0000] {logging_mixin.py:188} INFO - [2024-06-10T14:07:44.970+0000] {dag.py:3954} INFO - Setting next_dagrun for example_python_operator to None, run_after=None
[2024-06-10T14:07:44.996+0000] {processor.py:183} INFO - Processing /home/airflow/.local/lib/python3.12/site-packages/airflow/example_dags/example_python_operator.py took 0.261 seconds
[2024-06-10T14:08:15.722+0000] {processor.py:161} INFO - Started process (PID=182) to work on /home/airflow/.local/lib/python3.12/site-packages/airflow/example_dags/example_python_operator.py
[2024-06-10T14:08:15.724+0000] {processor.py:830} INFO - Processing file /home/airflow/.local/lib/python3.12/site-packages/airflow/example_dags/example_python_operator.py for tasks to queue
[2024-06-10T14:08:15.726+0000] {logging_mixin.py:188} INFO - [2024-06-10T14:08:15.726+0000] {dagbag.py:545} INFO - Filling up the DagBag from /home/airflow/.local/lib/python3.12/site-packages/airflow/example_dags/example_python_operator.py
[2024-06-10T14:08:15.739+0000] {processor.py:840} INFO - DAG(s) 'example_python_operator' retrieved from /home/airflow/.local/lib/python3.12/site-packages/airflow/example_dags/example_python_operator.py
[2024-06-10T14:08:15.762+0000] {logging_mixin.py:188} INFO - [2024-06-10T14:08:15.762+0000] {dag.py:3096} INFO - Sync 1 DAGs
[2024-06-10T14:08:15.774+0000] {logging_mixin.py:188} INFO - [2024-06-10T14:08:15.774+0000] {dag.py:3954} INFO - Setting next_dagrun for example_python_operator to None, run_after=None
[2024-06-10T14:08:15.796+0000] {processor.py:183} INFO - Processing /home/airflow/.local/lib/python3.12/site-packages/airflow/example_dags/example_python_operator.py took 0.081 seconds
[2024-06-10T14:08:46.239+0000] {processor.py:161} INFO - Started process (PID=250) to work on /home/airflow/.local/lib/python3.12/site-packages/airflow/example_dags/example_python_operator.py
[2024-06-10T14:08:46.241+0000] {processor.py:830} INFO - Processing file /home/airflow/.local/lib/python3.12/site-packages/airflow/example_dags/example_python_operator.py for tasks to queue
[2024-06-10T14:08:46.244+0000] {logging_mixin.py:188} INFO - [2024-06-10T14:08:46.243+0000] {dagbag.py:545} INFO - Filling up the DagBag from /home/airflow/.local/lib/python3.12/site-packages/airflow/example_dags/example_python_operator.py
[2024-06-10T14:08:46.253+0000] {processor.py:840} INFO - DAG(s) 'example_python_operator' retrieved from /home/airflow/.local/lib/python3.12/site-packages/airflow/example_dags/example_python_operator.py
[2024-06-10T14:08:46.277+0000] {logging_mixin.py:188} INFO - [2024-06-10T14:08:46.276+0000] {dag.py:3096} INFO - Sync 1 DAGs
[2024-06-10T14:08:46.291+0000] {logging_mixin.py:188} INFO - [2024-06-10T14:08:46.290+0000] {dag.py:3954} INFO - Setting next_dagrun for example_python_operator to None, run_after=None
[2024-06-10T14:08:46.312+0000] {processor.py:183} INFO - Processing /home/airflow/.local/lib/python3.12/site-packages/airflow/example_dags/example_python_operator.py took 0.079 seconds
[2024-06-10T14:09:16.974+0000] {processor.py:161} INFO - Started process (PID=319) to work on /home/airflow/.local/lib/python3.12/site-packages/airflow/example_dags/example_python_operator.py
[2024-06-10T14:09:16.976+0000] {processor.py:830} INFO - Processing file /home/airflow/.local/lib/python3.12/site-packages/airflow/example_dags/example_python_operator.py for tasks to queue
[2024-06-10T14:09:16.978+0000] {logging_mixin.py:188} INFO - [2024-06-10T14:09:16.978+0000] {dagbag.py:545} INFO - Filling up the DagBag from /home/airflow/.local/lib/python3.12/site-packages/airflow/example_dags/example_python_operator.py
[2024-06-10T14:09:16.990+0000] {processor.py:840} INFO - DAG(s) 'example_python_operator' retrieved from /home/airflow/.local/lib/python3.12/site-packages/airflow/example_dags/example_python_operator.py
[2024-06-10T14:09:17.014+0000] {logging_mixin.py:188} INFO - [2024-06-10T14:09:17.014+0000] {dag.py:3096} INFO - Sync 1 DAGs
[2024-06-10T14:09:17.031+0000] {logging_mixin.py:188} INFO - [2024-06-10T14:09:17.030+0000] {dag.py:3954} INFO - Setting next_dagrun for example_python_operator to None, run_after=None
[2024-06-10T14:09:17.052+0000] {processor.py:183} INFO - Processing /home/airflow/.local/lib/python3.12/site-packages/airflow/example_dags/example_python_operator.py took 0.085 seconds
[2024-06-10T14:09:48.027+0000] {processor.py:161} INFO - Started process (PID=388) to work on /home/airflow/.local/lib/python3.12/site-packages/airflow/example_dags/example_python_operator.py
[2024-06-10T14:09:48.029+0000] {processor.py:830} INFO - Processing file /home/airflow/.local/lib/python3.12/site-packages/airflow/example_dags/example_python_operator.py for tasks to queue
[2024-06-10T14:09:48.032+0000] {logging_mixin.py:188} INFO - [2024-06-10T14:09:48.031+0000] {dagbag.py:545} INFO - Filling up the DagBag from /home/airflow/.local/lib/python3.12/site-packages/airflow/example_dags/example_python_operator.py
[2024-06-10T14:09:48.045+0000] {processor.py:840} INFO - DAG(s) 'example_python_operator' retrieved from /home/airflow/.local/lib/python3.12/site-packages/airflow/example_dags/example_python_operator.py
[2024-06-10T14:09:48.069+0000] {logging_mixin.py:188} INFO - [2024-06-10T14:09:48.069+0000] {dag.py:3096} INFO - Sync 1 DAGs
[2024-06-10T14:09:48.087+0000] {logging_mixin.py:188} INFO - [2024-06-10T14:09:48.086+0000] {dag.py:3954} INFO - Setting next_dagrun for example_python_operator to None, run_after=None
[2024-06-10T14:09:48.304+0000] {processor.py:183} INFO - Processing /home/airflow/.local/lib/python3.12/site-packages/airflow/example_dags/example_python_operator.py took 0.283 seconds
[2024-06-10T14:10:19.163+0000] {processor.py:161} INFO - Started process (PID=457) to work on /home/airflow/.local/lib/python3.12/site-packages/airflow/example_dags/example_python_operator.py
[2024-06-10T14:10:19.165+0000] {processor.py:830} INFO - Processing file /home/airflow/.local/lib/python3.12/site-packages/airflow/example_dags/example_python_operator.py for tasks to queue
[2024-06-10T14:10:19.167+0000] {logging_mixin.py:188} INFO - [2024-06-10T14:10:19.166+0000] {dagbag.py:545} INFO - Filling up the DagBag from /home/airflow/.local/lib/python3.12/site-packages/airflow/example_dags/example_python_operator.py
[2024-06-10T14:10:19.177+0000] {processor.py:840} INFO - DAG(s) 'example_python_operator' retrieved from /home/airflow/.local/lib/python3.12/site-packages/airflow/example_dags/example_python_operator.py
[2024-06-10T14:10:19.201+0000] {logging_mixin.py:188} INFO - [2024-06-10T14:10:19.201+0000] {dag.py:3096} INFO - Sync 1 DAGs
[2024-06-10T14:10:19.213+0000] {logging_mixin.py:188} INFO - [2024-06-10T14:10:19.212+0000] {dag.py:3954} INFO - Setting next_dagrun for example_python_operator to None, run_after=None
[2024-06-10T14:10:19.355+0000] {processor.py:183} INFO - Processing /home/airflow/.local/lib/python3.12/site-packages/airflow/example_dags/example_python_operator.py took 0.206 seconds
[2024-06-10T14:10:49.981+0000] {processor.py:161} INFO - Started process (PID=526) to work on /home/airflow/.local/lib/python3.12/site-packages/airflow/example_dags/example_python_operator.py
[2024-06-10T14:10:49.985+0000] {processor.py:830} INFO - Processing file /home/airflow/.local/lib/python3.12/site-packages/airflow/example_dags/example_python_operator.py for tasks to queue
[2024-06-10T14:10:49.988+0000] {logging_mixin.py:188} INFO - [2024-06-10T14:10:49.988+0000] {dagbag.py:545} INFO - Filling up the DagBag from /home/airflow/.local/lib/python3.12/site-packages/airflow/example_dags/example_python_operator.py
[2024-06-10T14:10:50.017+0000] {processor.py:840} INFO - DAG(s) 'example_python_operator' retrieved from /home/airflow/.local/lib/python3.12/site-packages/airflow/example_dags/example_python_operator.py
[2024-06-10T14:10:50.070+0000] {logging_mixin.py:188} INFO - [2024-06-10T14:10:50.062+0000] {dag.py:3096} INFO - Sync 1 DAGs
[2024-06-10T14:10:50.094+0000] {logging_mixin.py:188} INFO - [2024-06-10T14:10:50.093+0000] {dag.py:3954} INFO - Setting next_dagrun for example_python_operator to None, run_after=None
[2024-06-10T14:10:50.122+0000] {processor.py:183} INFO - Processing /home/airflow/.local/lib/python3.12/site-packages/airflow/example_dags/example_python_operator.py took 0.158 seconds
[2024-06-10T14:11:20.215+0000] {processor.py:161} INFO - Started process (PID=595) to work on /home/airflow/.local/lib/python3.12/site-packages/airflow/example_dags/example_python_operator.py
[2024-06-10T14:11:20.216+0000] {processor.py:830} INFO - Processing file /home/airflow/.local/lib/python3.12/site-packages/airflow/example_dags/example_python_operator.py for tasks to queue
[2024-06-10T14:11:20.219+0000] {logging_mixin.py:188} INFO - [2024-06-10T14:11:20.219+0000] {dagbag.py:545} INFO - Filling up the DagBag from /home/airflow/.local/lib/python3.12/site-packages/airflow/example_dags/example_python_operator.py
[2024-06-10T14:11:20.230+0000] {processor.py:840} INFO - DAG(s) 'example_python_operator' retrieved from /home/airflow/.local/lib/python3.12/site-packages/airflow/example_dags/example_python_operator.py
[2024-06-10T14:11:20.253+0000] {logging_mixin.py:188} INFO - [2024-06-10T14:11:20.253+0000] {dag.py:3096} INFO - Sync 1 DAGs
[2024-06-10T14:11:20.268+0000] {logging_mixin.py:188} INFO - [2024-06-10T14:11:20.268+0000] {dag.py:3954} INFO - Setting next_dagrun for example_python_operator to None, run_after=None
[2024-06-10T14:11:20.291+0000] {processor.py:183} INFO - Processing /home/airflow/.local/lib/python3.12/site-packages/airflow/example_dags/example_python_operator.py took 0.081 seconds
[2024-06-10T14:11:50.588+0000] {processor.py:161} INFO - Started process (PID=664) to work on /home/airflow/.local/lib/python3.12/site-packages/airflow/example_dags/example_python_operator.py
[2024-06-10T14:11:50.589+0000] {processor.py:830} INFO - Processing file /home/airflow/.local/lib/python3.12/site-packages/airflow/example_dags/example_python_operator.py for tasks to queue
[2024-06-10T14:11:50.592+0000] {logging_mixin.py:188} INFO - [2024-06-10T14:11:50.592+0000] {dagbag.py:545} INFO - Filling up the DagBag from /home/airflow/.local/lib/python3.12/site-packages/airflow/example_dags/example_python_operator.py
[2024-06-10T14:11:50.606+0000] {processor.py:840} INFO - DAG(s) 'example_python_operator' retrieved from /home/airflow/.local/lib/python3.12/site-packages/airflow/example_dags/example_python_operator.py
[2024-06-10T14:11:50.638+0000] {logging_mixin.py:188} INFO - [2024-06-10T14:11:50.638+0000] {dag.py:3096} INFO - Sync 1 DAGs
[2024-06-10T14:11:50.657+0000] {logging_mixin.py:188} INFO - [2024-06-10T14:11:50.656+0000] {dag.py:3954} INFO - Setting next_dagrun for example_python_operator to None, run_after=None
[2024-06-10T14:11:50.683+0000] {processor.py:183} INFO - Processing /home/airflow/.local/lib/python3.12/site-packages/airflow/example_dags/example_python_operator.py took 0.103 seconds
[2024-06-10T14:12:21.548+0000] {processor.py:161} INFO - Started process (PID=733) to work on /home/airflow/.local/lib/python3.12/site-packages/airflow/example_dags/example_python_operator.py
[2024-06-10T14:12:21.550+0000] {processor.py:830} INFO - Processing file /home/airflow/.local/lib/python3.12/site-packages/airflow/example_dags/example_python_operator.py for tasks to queue
[2024-06-10T14:12:21.555+0000] {logging_mixin.py:188} INFO - [2024-06-10T14:12:21.555+0000] {dagbag.py:545} INFO - Filling up the DagBag from /home/airflow/.local/lib/python3.12/site-packages/airflow/example_dags/example_python_operator.py
[2024-06-10T14:12:21.568+0000] {processor.py:840} INFO - DAG(s) 'example_python_operator' retrieved from /home/airflow/.local/lib/python3.12/site-packages/airflow/example_dags/example_python_operator.py
[2024-06-10T14:12:21.595+0000] {logging_mixin.py:188} INFO - [2024-06-10T14:12:21.595+0000] {dag.py:3096} INFO - Sync 1 DAGs
[2024-06-10T14:12:21.611+0000] {logging_mixin.py:188} INFO - [2024-06-10T14:12:21.611+0000] {dag.py:3954} INFO - Setting next_dagrun for example_python_operator to None, run_after=None
[2024-06-10T14:12:21.698+0000] {processor.py:183} INFO - Processing /home/airflow/.local/lib/python3.12/site-packages/airflow/example_dags/example_python_operator.py took 0.156 seconds
[2024-06-10T14:12:52.370+0000] {processor.py:161} INFO - Started process (PID=802) to work on /home/airflow/.local/lib/python3.12/site-packages/airflow/example_dags/example_python_operator.py
[2024-06-10T14:12:52.372+0000] {processor.py:830} INFO - Processing file /home/airflow/.local/lib/python3.12/site-packages/airflow/example_dags/example_python_operator.py for tasks to queue
[2024-06-10T14:12:52.374+0000] {logging_mixin.py:188} INFO - [2024-06-10T14:12:52.374+0000] {dagbag.py:545} INFO - Filling up the DagBag from /home/airflow/.local/lib/python3.12/site-packages/airflow/example_dags/example_python_operator.py
[2024-06-10T14:12:52.385+0000] {processor.py:840} INFO - DAG(s) 'example_python_operator' retrieved from /home/airflow/.local/lib/python3.12/site-packages/airflow/example_dags/example_python_operator.py
[2024-06-10T14:12:52.560+0000] {logging_mixin.py:188} INFO - [2024-06-10T14:12:52.560+0000] {dag.py:3096} INFO - Sync 1 DAGs
[2024-06-10T14:12:52.582+0000] {logging_mixin.py:188} INFO - [2024-06-10T14:12:52.582+0000] {dag.py:3954} INFO - Setting next_dagrun for example_python_operator to None, run_after=None
[2024-06-10T14:12:52.607+0000] {processor.py:183} INFO - Processing /home/airflow/.local/lib/python3.12/site-packages/airflow/example_dags/example_python_operator.py took 0.242 seconds
[2024-06-10T14:13:23.314+0000] {processor.py:161} INFO - Started process (PID=871) to work on /home/airflow/.local/lib/python3.12/site-packages/airflow/example_dags/example_python_operator.py
[2024-06-10T14:13:23.316+0000] {processor.py:830} INFO - Processing file /home/airflow/.local/lib/python3.12/site-packages/airflow/example_dags/example_python_operator.py for tasks to queue
[2024-06-10T14:13:23.318+0000] {logging_mixin.py:188} INFO - [2024-06-10T14:13:23.318+0000] {dagbag.py:545} INFO - Filling up the DagBag from /home/airflow/.local/lib/python3.12/site-packages/airflow/example_dags/example_python_operator.py
[2024-06-10T14:13:23.331+0000] {processor.py:840} INFO - DAG(s) 'example_python_operator' retrieved from /home/airflow/.local/lib/python3.12/site-packages/airflow/example_dags/example_python_operator.py
[2024-06-10T14:13:23.362+0000] {logging_mixin.py:188} INFO - [2024-06-10T14:13:23.361+0000] {dag.py:3096} INFO - Sync 1 DAGs
[2024-06-10T14:13:23.375+0000] {logging_mixin.py:188} INFO - [2024-06-10T14:13:23.375+0000] {dag.py:3954} INFO - Setting next_dagrun for example_python_operator to None, run_after=None
[2024-06-10T14:13:23.401+0000] {processor.py:183} INFO - Processing /home/airflow/.local/lib/python3.12/site-packages/airflow/example_dags/example_python_operator.py took 0.092 seconds
[2024-06-10T14:13:54.102+0000] {processor.py:161} INFO - Started process (PID=940) to work on /home/airflow/.local/lib/python3.12/site-packages/airflow/example_dags/example_python_operator.py
[2024-06-10T14:13:54.104+0000] {processor.py:830} INFO - Processing file /home/airflow/.local/lib/python3.12/site-packages/airflow/example_dags/example_python_operator.py for tasks to queue
[2024-06-10T14:13:54.106+0000] {logging_mixin.py:188} INFO - [2024-06-10T14:13:54.106+0000] {dagbag.py:545} INFO - Filling up the DagBag from /home/airflow/.local/lib/python3.12/site-packages/airflow/example_dags/example_python_operator.py
[2024-06-10T14:13:54.115+0000] {processor.py:840} INFO - DAG(s) 'example_python_operator' retrieved from /home/airflow/.local/lib/python3.12/site-packages/airflow/example_dags/example_python_operator.py
[2024-06-10T14:13:54.137+0000] {logging_mixin.py:188} INFO - [2024-06-10T14:13:54.137+0000] {dag.py:3096} INFO - Sync 1 DAGs
[2024-06-10T14:13:54.149+0000] {logging_mixin.py:188} INFO - [2024-06-10T14:13:54.149+0000] {dag.py:3954} INFO - Setting next_dagrun for example_python_operator to None, run_after=None
[2024-06-10T14:13:54.170+0000] {processor.py:183} INFO - Processing /home/airflow/.local/lib/python3.12/site-packages/airflow/example_dags/example_python_operator.py took 0.073 seconds
[2024-06-10T14:14:24.293+0000] {processor.py:161} INFO - Started process (PID=1009) to work on /home/airflow/.local/lib/python3.12/site-packages/airflow/example_dags/example_python_operator.py
[2024-06-10T14:14:24.294+0000] {processor.py:830} INFO - Processing file /home/airflow/.local/lib/python3.12/site-packages/airflow/example_dags/example_python_operator.py for tasks to queue
[2024-06-10T14:14:24.298+0000] {logging_mixin.py:188} INFO - [2024-06-10T14:14:24.297+0000] {dagbag.py:545} INFO - Filling up the DagBag from /home/airflow/.local/lib/python3.12/site-packages/airflow/example_dags/example_python_operator.py
[2024-06-10T14:14:24.310+0000] {processor.py:840} INFO - DAG(s) 'example_python_operator' retrieved from /home/airflow/.local/lib/python3.12/site-packages/airflow/example_dags/example_python_operator.py
[2024-06-10T14:14:24.341+0000] {logging_mixin.py:188} INFO - [2024-06-10T14:14:24.340+0000] {dag.py:3096} INFO - Sync 1 DAGs
[2024-06-10T14:14:24.357+0000] {logging_mixin.py:188} INFO - [2024-06-10T14:14:24.356+0000] {dag.py:3954} INFO - Setting next_dagrun for example_python_operator to None, run_after=None
[2024-06-10T14:14:24.380+0000] {processor.py:183} INFO - Processing /home/airflow/.local/lib/python3.12/site-packages/airflow/example_dags/example_python_operator.py took 0.093 seconds
[2024-06-10T14:14:54.481+0000] {processor.py:161} INFO - Started process (PID=1085) to work on /home/airflow/.local/lib/python3.12/site-packages/airflow/example_dags/example_python_operator.py
[2024-06-10T14:14:54.482+0000] {processor.py:830} INFO - Processing file /home/airflow/.local/lib/python3.12/site-packages/airflow/example_dags/example_python_operator.py for tasks to queue
[2024-06-10T14:14:54.485+0000] {logging_mixin.py:188} INFO - [2024-06-10T14:14:54.484+0000] {dagbag.py:545} INFO - Filling up the DagBag from /home/airflow/.local/lib/python3.12/site-packages/airflow/example_dags/example_python_operator.py
[2024-06-10T14:14:54.494+0000] {processor.py:840} INFO - DAG(s) 'example_python_operator' retrieved from /home/airflow/.local/lib/python3.12/site-packages/airflow/example_dags/example_python_operator.py
[2024-06-10T14:14:54.514+0000] {logging_mixin.py:188} INFO - [2024-06-10T14:14:54.514+0000] {dag.py:3096} INFO - Sync 1 DAGs
[2024-06-10T14:14:54.526+0000] {logging_mixin.py:188} INFO - [2024-06-10T14:14:54.525+0000] {dag.py:3954} INFO - Setting next_dagrun for example_python_operator to None, run_after=None
[2024-06-10T14:14:54.543+0000] {processor.py:183} INFO - Processing /home/airflow/.local/lib/python3.12/site-packages/airflow/example_dags/example_python_operator.py took 0.068 seconds
[2024-06-10T14:15:24.857+0000] {processor.py:161} INFO - Started process (PID=1153) to work on /home/airflow/.local/lib/python3.12/site-packages/airflow/example_dags/example_python_operator.py
[2024-06-10T14:15:24.858+0000] {processor.py:830} INFO - Processing file /home/airflow/.local/lib/python3.12/site-packages/airflow/example_dags/example_python_operator.py for tasks to queue
[2024-06-10T14:15:24.859+0000] {logging_mixin.py:188} INFO - [2024-06-10T14:15:24.859+0000] {dagbag.py:545} INFO - Filling up the DagBag from /home/airflow/.local/lib/python3.12/site-packages/airflow/example_dags/example_python_operator.py
[2024-06-10T14:15:24.869+0000] {processor.py:840} INFO - DAG(s) 'example_python_operator' retrieved from /home/airflow/.local/lib/python3.12/site-packages/airflow/example_dags/example_python_operator.py
[2024-06-10T14:15:24.892+0000] {logging_mixin.py:188} INFO - [2024-06-10T14:15:24.892+0000] {dag.py:3096} INFO - Sync 1 DAGs
[2024-06-10T14:15:24.905+0000] {logging_mixin.py:188} INFO - [2024-06-10T14:15:24.905+0000] {dag.py:3954} INFO - Setting next_dagrun for example_python_operator to None, run_after=None
[2024-06-10T14:15:24.928+0000] {processor.py:183} INFO - Processing /home/airflow/.local/lib/python3.12/site-packages/airflow/example_dags/example_python_operator.py took 0.076 seconds
[2024-06-10T14:15:55.009+0000] {processor.py:161} INFO - Started process (PID=1213) to work on /home/airflow/.local/lib/python3.12/site-packages/airflow/example_dags/example_python_operator.py
[2024-06-10T14:15:55.010+0000] {processor.py:830} INFO - Processing file /home/airflow/.local/lib/python3.12/site-packages/airflow/example_dags/example_python_operator.py for tasks to queue
[2024-06-10T14:15:55.012+0000] {logging_mixin.py:188} INFO - [2024-06-10T14:15:55.012+0000] {dagbag.py:545} INFO - Filling up the DagBag from /home/airflow/.local/lib/python3.12/site-packages/airflow/example_dags/example_python_operator.py
[2024-06-10T14:15:55.024+0000] {processor.py:840} INFO - DAG(s) 'example_python_operator' retrieved from /home/airflow/.local/lib/python3.12/site-packages/airflow/example_dags/example_python_operator.py
[2024-06-10T14:15:55.063+0000] {logging_mixin.py:188} INFO - [2024-06-10T14:15:55.062+0000] {dag.py:3096} INFO - Sync 1 DAGs
[2024-06-10T14:15:55.092+0000] {logging_mixin.py:188} INFO - [2024-06-10T14:15:55.092+0000] {dag.py:3954} INFO - Setting next_dagrun for example_python_operator to None, run_after=None
[2024-06-10T14:15:55.128+0000] {processor.py:183} INFO - Processing /home/airflow/.local/lib/python3.12/site-packages/airflow/example_dags/example_python_operator.py took 0.125 seconds
[2024-06-10T14:16:25.448+0000] {processor.py:161} INFO - Started process (PID=1273) to work on /home/airflow/.local/lib/python3.12/site-packages/airflow/example_dags/example_python_operator.py
[2024-06-10T14:16:25.449+0000] {processor.py:830} INFO - Processing file /home/airflow/.local/lib/python3.12/site-packages/airflow/example_dags/example_python_operator.py for tasks to queue
[2024-06-10T14:16:25.450+0000] {logging_mixin.py:188} INFO - [2024-06-10T14:16:25.450+0000] {dagbag.py:545} INFO - Filling up the DagBag from /home/airflow/.local/lib/python3.12/site-packages/airflow/example_dags/example_python_operator.py
[2024-06-10T14:16:25.460+0000] {processor.py:840} INFO - DAG(s) 'example_python_operator' retrieved from /home/airflow/.local/lib/python3.12/site-packages/airflow/example_dags/example_python_operator.py
[2024-06-10T14:16:25.482+0000] {logging_mixin.py:188} INFO - [2024-06-10T14:16:25.482+0000] {dag.py:3096} INFO - Sync 1 DAGs
[2024-06-10T14:16:25.494+0000] {logging_mixin.py:188} INFO - [2024-06-10T14:16:25.494+0000] {dag.py:3954} INFO - Setting next_dagrun for example_python_operator to None, run_after=None
[2024-06-10T14:16:25.516+0000] {processor.py:183} INFO - Processing /home/airflow/.local/lib/python3.12/site-packages/airflow/example_dags/example_python_operator.py took 0.073 seconds
[2024-06-10T14:16:55.763+0000] {processor.py:161} INFO - Started process (PID=1333) to work on /home/airflow/.local/lib/python3.12/site-packages/airflow/example_dags/example_python_operator.py
[2024-06-10T14:16:55.764+0000] {processor.py:830} INFO - Processing file /home/airflow/.local/lib/python3.12/site-packages/airflow/example_dags/example_python_operator.py for tasks to queue
[2024-06-10T14:16:55.765+0000] {logging_mixin.py:188} INFO - [2024-06-10T14:16:55.765+0000] {dagbag.py:545} INFO - Filling up the DagBag from /home/airflow/.local/lib/python3.12/site-packages/airflow/example_dags/example_python_operator.py
[2024-06-10T14:16:55.780+0000] {processor.py:840} INFO - DAG(s) 'example_python_operator' retrieved from /home/airflow/.local/lib/python3.12/site-packages/airflow/example_dags/example_python_operator.py
[2024-06-10T14:16:55.793+0000] {logging_mixin.py:188} INFO - [2024-06-10T14:16:55.793+0000] {dag.py:3096} INFO - Sync 1 DAGs
[2024-06-10T14:16:55.810+0000] {logging_mixin.py:188} INFO - [2024-06-10T14:16:55.810+0000] {dag.py:3954} INFO - Setting next_dagrun for example_python_operator to None, run_after=None
[2024-06-10T14:16:55.833+0000] {processor.py:183} INFO - Processing /home/airflow/.local/lib/python3.12/site-packages/airflow/example_dags/example_python_operator.py took 0.076 seconds
[2024-06-10T14:17:26.553+0000] {processor.py:161} INFO - Started process (PID=1393) to work on /home/airflow/.local/lib/python3.12/site-packages/airflow/example_dags/example_python_operator.py
[2024-06-10T14:17:26.555+0000] {processor.py:830} INFO - Processing file /home/airflow/.local/lib/python3.12/site-packages/airflow/example_dags/example_python_operator.py for tasks to queue
[2024-06-10T14:17:26.556+0000] {logging_mixin.py:188} INFO - [2024-06-10T14:17:26.556+0000] {dagbag.py:545} INFO - Filling up the DagBag from /home/airflow/.local/lib/python3.12/site-packages/airflow/example_dags/example_python_operator.py
[2024-06-10T14:17:26.568+0000] {processor.py:840} INFO - DAG(s) 'example_python_operator' retrieved from /home/airflow/.local/lib/python3.12/site-packages/airflow/example_dags/example_python_operator.py
[2024-06-10T14:17:26.669+0000] {logging_mixin.py:188} INFO - [2024-06-10T14:17:26.669+0000] {dag.py:3096} INFO - Sync 1 DAGs
[2024-06-10T14:17:26.680+0000] {logging_mixin.py:188} INFO - [2024-06-10T14:17:26.679+0000] {dag.py:3954} INFO - Setting next_dagrun for example_python_operator to None, run_after=None
[2024-06-10T14:17:26.705+0000] {processor.py:183} INFO - Processing /home/airflow/.local/lib/python3.12/site-packages/airflow/example_dags/example_python_operator.py took 0.157 seconds
[2024-06-10T14:17:57.620+0000] {processor.py:161} INFO - Started process (PID=1453) to work on /home/airflow/.local/lib/python3.12/site-packages/airflow/example_dags/example_python_operator.py
[2024-06-10T14:17:57.622+0000] {processor.py:830} INFO - Processing file /home/airflow/.local/lib/python3.12/site-packages/airflow/example_dags/example_python_operator.py for tasks to queue
[2024-06-10T14:17:57.624+0000] {logging_mixin.py:188} INFO - [2024-06-10T14:17:57.623+0000] {dagbag.py:545} INFO - Filling up the DagBag from /home/airflow/.local/lib/python3.12/site-packages/airflow/example_dags/example_python_operator.py
[2024-06-10T14:17:57.634+0000] {processor.py:840} INFO - DAG(s) 'example_python_operator' retrieved from /home/airflow/.local/lib/python3.12/site-packages/airflow/example_dags/example_python_operator.py
[2024-06-10T14:17:57.661+0000] {logging_mixin.py:188} INFO - [2024-06-10T14:17:57.661+0000] {dag.py:3096} INFO - Sync 1 DAGs
[2024-06-10T14:17:57.677+0000] {logging_mixin.py:188} INFO - [2024-06-10T14:17:57.676+0000] {dag.py:3954} INFO - Setting next_dagrun for example_python_operator to None, run_after=None
[2024-06-10T14:17:57.700+0000] {processor.py:183} INFO - Processing /home/airflow/.local/lib/python3.12/site-packages/airflow/example_dags/example_python_operator.py took 0.085 seconds
[2024-06-10T14:18:27.789+0000] {processor.py:161} INFO - Started process (PID=1513) to work on /home/airflow/.local/lib/python3.12/site-packages/airflow/example_dags/example_python_operator.py
[2024-06-10T14:18:27.791+0000] {processor.py:830} INFO - Processing file /home/airflow/.local/lib/python3.12/site-packages/airflow/example_dags/example_python_operator.py for tasks to queue
[2024-06-10T14:18:27.793+0000] {logging_mixin.py:188} INFO - [2024-06-10T14:18:27.792+0000] {dagbag.py:545} INFO - Filling up the DagBag from /home/airflow/.local/lib/python3.12/site-packages/airflow/example_dags/example_python_operator.py
[2024-06-10T14:18:27.815+0000] {processor.py:840} INFO - DAG(s) 'example_python_operator' retrieved from /home/airflow/.local/lib/python3.12/site-packages/airflow/example_dags/example_python_operator.py
[2024-06-10T14:18:27.832+0000] {logging_mixin.py:188} INFO - [2024-06-10T14:18:27.830+0000] {dag.py:3096} INFO - Sync 1 DAGs
[2024-06-10T14:18:27.852+0000] {logging_mixin.py:188} INFO - [2024-06-10T14:18:27.851+0000] {dag.py:3954} INFO - Setting next_dagrun for example_python_operator to None, run_after=None
[2024-06-10T14:18:27.878+0000] {processor.py:183} INFO - Processing /home/airflow/.local/lib/python3.12/site-packages/airflow/example_dags/example_python_operator.py took 0.097 seconds
[2024-06-10T14:18:58.686+0000] {processor.py:161} INFO - Started process (PID=1573) to work on /home/airflow/.local/lib/python3.12/site-packages/airflow/example_dags/example_python_operator.py
[2024-06-10T14:18:58.688+0000] {processor.py:830} INFO - Processing file /home/airflow/.local/lib/python3.12/site-packages/airflow/example_dags/example_python_operator.py for tasks to queue
[2024-06-10T14:18:58.692+0000] {logging_mixin.py:188} INFO - [2024-06-10T14:18:58.689+0000] {dagbag.py:545} INFO - Filling up the DagBag from /home/airflow/.local/lib/python3.12/site-packages/airflow/example_dags/example_python_operator.py
[2024-06-10T14:18:58.706+0000] {processor.py:840} INFO - DAG(s) 'example_python_operator' retrieved from /home/airflow/.local/lib/python3.12/site-packages/airflow/example_dags/example_python_operator.py
[2024-06-10T14:18:58.837+0000] {logging_mixin.py:188} INFO - [2024-06-10T14:18:58.837+0000] {dag.py:3096} INFO - Sync 1 DAGs
[2024-06-10T14:18:58.849+0000] {logging_mixin.py:188} INFO - [2024-06-10T14:18:58.849+0000] {dag.py:3954} INFO - Setting next_dagrun for example_python_operator to None, run_after=None
[2024-06-10T14:18:59.294+0000] {processor.py:183} INFO - Processing /home/airflow/.local/lib/python3.12/site-packages/airflow/example_dags/example_python_operator.py took 0.615 seconds
[2024-06-10T14:19:29.969+0000] {processor.py:161} INFO - Started process (PID=1633) to work on /home/airflow/.local/lib/python3.12/site-packages/airflow/example_dags/example_python_operator.py
[2024-06-10T14:19:29.971+0000] {processor.py:830} INFO - Processing file /home/airflow/.local/lib/python3.12/site-packages/airflow/example_dags/example_python_operator.py for tasks to queue
[2024-06-10T14:19:29.972+0000] {logging_mixin.py:188} INFO - [2024-06-10T14:19:29.972+0000] {dagbag.py:545} INFO - Filling up the DagBag from /home/airflow/.local/lib/python3.12/site-packages/airflow/example_dags/example_python_operator.py
[2024-06-10T14:19:29.985+0000] {processor.py:840} INFO - DAG(s) 'example_python_operator' retrieved from /home/airflow/.local/lib/python3.12/site-packages/airflow/example_dags/example_python_operator.py
[2024-06-10T14:19:30.013+0000] {logging_mixin.py:188} INFO - [2024-06-10T14:19:30.012+0000] {dag.py:3096} INFO - Sync 1 DAGs
[2024-06-10T14:19:30.026+0000] {logging_mixin.py:188} INFO - [2024-06-10T14:19:30.026+0000] {dag.py:3954} INFO - Setting next_dagrun for example_python_operator to None, run_after=None
[2024-06-10T14:19:30.048+0000] {processor.py:183} INFO - Processing /home/airflow/.local/lib/python3.12/site-packages/airflow/example_dags/example_python_operator.py took 0.084 seconds
[2024-06-10T14:20:00.244+0000] {processor.py:161} INFO - Started process (PID=1693) to work on /home/airflow/.local/lib/python3.12/site-packages/airflow/example_dags/example_python_operator.py
[2024-06-10T14:20:00.245+0000] {processor.py:830} INFO - Processing file /home/airflow/.local/lib/python3.12/site-packages/airflow/example_dags/example_python_operator.py for tasks to queue
[2024-06-10T14:20:00.247+0000] {logging_mixin.py:188} INFO - [2024-06-10T14:20:00.247+0000] {dagbag.py:545} INFO - Filling up the DagBag from /home/airflow/.local/lib/python3.12/site-packages/airflow/example_dags/example_python_operator.py
[2024-06-10T14:20:00.259+0000] {processor.py:840} INFO - DAG(s) 'example_python_operator' retrieved from /home/airflow/.local/lib/python3.12/site-packages/airflow/example_dags/example_python_operator.py
[2024-06-10T14:20:00.287+0000] {logging_mixin.py:188} INFO - [2024-06-10T14:20:00.287+0000] {dag.py:3096} INFO - Sync 1 DAGs
[2024-06-10T14:20:00.300+0000] {logging_mixin.py:188} INFO - [2024-06-10T14:20:00.300+0000] {dag.py:3954} INFO - Setting next_dagrun for example_python_operator to None, run_after=None
[2024-06-10T14:20:00.323+0000] {processor.py:183} INFO - Processing /home/airflow/.local/lib/python3.12/site-packages/airflow/example_dags/example_python_operator.py took 0.084 seconds
[2024-06-10T14:20:30.588+0000] {processor.py:161} INFO - Started process (PID=1753) to work on /home/airflow/.local/lib/python3.12/site-packages/airflow/example_dags/example_python_operator.py
[2024-06-10T14:20:30.589+0000] {processor.py:830} INFO - Processing file /home/airflow/.local/lib/python3.12/site-packages/airflow/example_dags/example_python_operator.py for tasks to queue
[2024-06-10T14:20:30.590+0000] {logging_mixin.py:188} INFO - [2024-06-10T14:20:30.590+0000] {dagbag.py:545} INFO - Filling up the DagBag from /home/airflow/.local/lib/python3.12/site-packages/airflow/example_dags/example_python_operator.py
[2024-06-10T14:20:30.602+0000] {processor.py:840} INFO - DAG(s) 'example_python_operator' retrieved from /home/airflow/.local/lib/python3.12/site-packages/airflow/example_dags/example_python_operator.py
[2024-06-10T14:20:30.627+0000] {logging_mixin.py:188} INFO - [2024-06-10T14:20:30.627+0000] {dag.py:3096} INFO - Sync 1 DAGs
[2024-06-10T14:20:30.643+0000] {logging_mixin.py:188} INFO - [2024-06-10T14:20:30.643+0000] {dag.py:3954} INFO - Setting next_dagrun for example_python_operator to None, run_after=None
[2024-06-10T14:20:30.668+0000] {processor.py:183} INFO - Processing /home/airflow/.local/lib/python3.12/site-packages/airflow/example_dags/example_python_operator.py took 0.086 seconds
[2024-06-10T14:21:00.887+0000] {processor.py:161} INFO - Started process (PID=1813) to work on /home/airflow/.local/lib/python3.12/site-packages/airflow/example_dags/example_python_operator.py
[2024-06-10T14:21:00.888+0000] {processor.py:830} INFO - Processing file /home/airflow/.local/lib/python3.12/site-packages/airflow/example_dags/example_python_operator.py for tasks to queue
[2024-06-10T14:21:00.890+0000] {logging_mixin.py:188} INFO - [2024-06-10T14:21:00.889+0000] {dagbag.py:545} INFO - Filling up the DagBag from /home/airflow/.local/lib/python3.12/site-packages/airflow/example_dags/example_python_operator.py
[2024-06-10T14:21:00.901+0000] {processor.py:840} INFO - DAG(s) 'example_python_operator' retrieved from /home/airflow/.local/lib/python3.12/site-packages/airflow/example_dags/example_python_operator.py
[2024-06-10T14:21:00.925+0000] {logging_mixin.py:188} INFO - [2024-06-10T14:21:00.925+0000] {dag.py:3096} INFO - Sync 1 DAGs
[2024-06-10T14:21:00.941+0000] {logging_mixin.py:188} INFO - [2024-06-10T14:21:00.941+0000] {dag.py:3954} INFO - Setting next_dagrun for example_python_operator to None, run_after=None
[2024-06-10T14:21:00.968+0000] {processor.py:183} INFO - Processing /home/airflow/.local/lib/python3.12/site-packages/airflow/example_dags/example_python_operator.py took 0.086 seconds
[2024-06-10T14:21:31.285+0000] {processor.py:161} INFO - Started process (PID=1873) to work on /home/airflow/.local/lib/python3.12/site-packages/airflow/example_dags/example_python_operator.py
[2024-06-10T14:21:31.287+0000] {processor.py:830} INFO - Processing file /home/airflow/.local/lib/python3.12/site-packages/airflow/example_dags/example_python_operator.py for tasks to queue
[2024-06-10T14:21:31.288+0000] {logging_mixin.py:188} INFO - [2024-06-10T14:21:31.288+0000] {dagbag.py:545} INFO - Filling up the DagBag from /home/airflow/.local/lib/python3.12/site-packages/airflow/example_dags/example_python_operator.py
[2024-06-10T14:21:31.299+0000] {processor.py:840} INFO - DAG(s) 'example_python_operator' retrieved from /home/airflow/.local/lib/python3.12/site-packages/airflow/example_dags/example_python_operator.py
[2024-06-10T14:21:31.323+0000] {logging_mixin.py:188} INFO - [2024-06-10T14:21:31.323+0000] {dag.py:3096} INFO - Sync 1 DAGs
[2024-06-10T14:21:31.335+0000] {logging_mixin.py:188} INFO - [2024-06-10T14:21:31.335+0000] {dag.py:3954} INFO - Setting next_dagrun for example_python_operator to None, run_after=None
[2024-06-10T14:21:31.356+0000] {processor.py:183} INFO - Processing /home/airflow/.local/lib/python3.12/site-packages/airflow/example_dags/example_python_operator.py took 0.076 seconds
[2024-06-10T14:25:51.014+0000] {processor.py:161} INFO - Started process (PID=35) to work on /home/airflow/.local/lib/python3.12/site-packages/airflow/example_dags/example_python_operator.py
[2024-06-10T14:25:51.016+0000] {processor.py:830} INFO - Processing file /home/airflow/.local/lib/python3.12/site-packages/airflow/example_dags/example_python_operator.py for tasks to queue
[2024-06-10T14:25:51.018+0000] {logging_mixin.py:188} INFO - [2024-06-10T14:25:51.017+0000] {dagbag.py:545} INFO - Filling up the DagBag from /home/airflow/.local/lib/python3.12/site-packages/airflow/example_dags/example_python_operator.py
[2024-06-10T14:25:51.029+0000] {processor.py:840} INFO - DAG(s) 'example_python_operator' retrieved from /home/airflow/.local/lib/python3.12/site-packages/airflow/example_dags/example_python_operator.py
[2024-06-10T14:25:55.984+0000] {logging_mixin.py:188} INFO - [2024-06-10T14:25:55.983+0000] {override.py:1829} INFO - Created Permission View: can delete on DAG:example_python_operator
[2024-06-10T14:25:56.020+0000] {logging_mixin.py:188} INFO - [2024-06-10T14:25:56.019+0000] {override.py:1829} INFO - Created Permission View: can read on DAG:example_python_operator
[2024-06-10T14:25:56.098+0000] {logging_mixin.py:188} INFO - [2024-06-10T14:25:56.098+0000] {override.py:1829} INFO - Created Permission View: can edit on DAG:example_python_operator
[2024-06-10T14:25:56.099+0000] {logging_mixin.py:188} INFO - [2024-06-10T14:25:56.099+0000] {dag.py:3096} INFO - Sync 1 DAGs
[2024-06-10T14:25:56.114+0000] {logging_mixin.py:188} INFO - [2024-06-10T14:25:56.114+0000] {dag.py:3118} INFO - Creating ORM DAG for example_python_operator
[2024-06-10T14:25:56.115+0000] {logging_mixin.py:188} INFO - [2024-06-10T14:25:56.115+0000] {dag.py:3954} INFO - Setting next_dagrun for example_python_operator to None, run_after=None
[2024-06-10T14:25:56.139+0000] {processor.py:183} INFO - Processing /home/airflow/.local/lib/python3.12/site-packages/airflow/example_dags/example_python_operator.py took 5.131 seconds
[2024-06-10T14:26:26.293+0000] {processor.py:161} INFO - Started process (PID=93) to work on /home/airflow/.local/lib/python3.12/site-packages/airflow/example_dags/example_python_operator.py
[2024-06-10T14:26:26.295+0000] {processor.py:830} INFO - Processing file /home/airflow/.local/lib/python3.12/site-packages/airflow/example_dags/example_python_operator.py for tasks to queue
[2024-06-10T14:26:26.297+0000] {logging_mixin.py:188} INFO - [2024-06-10T14:26:26.297+0000] {dagbag.py:545} INFO - Filling up the DagBag from /home/airflow/.local/lib/python3.12/site-packages/airflow/example_dags/example_python_operator.py
[2024-06-10T14:26:26.308+0000] {processor.py:840} INFO - DAG(s) 'example_python_operator' retrieved from /home/airflow/.local/lib/python3.12/site-packages/airflow/example_dags/example_python_operator.py
[2024-06-10T14:26:26.333+0000] {logging_mixin.py:188} INFO - [2024-06-10T14:26:26.333+0000] {dag.py:3096} INFO - Sync 1 DAGs
[2024-06-10T14:26:26.350+0000] {logging_mixin.py:188} INFO - [2024-06-10T14:26:26.349+0000] {dag.py:3954} INFO - Setting next_dagrun for example_python_operator to None, run_after=None
[2024-06-10T14:26:26.371+0000] {processor.py:183} INFO - Processing /home/airflow/.local/lib/python3.12/site-packages/airflow/example_dags/example_python_operator.py took 0.084 seconds
[2024-06-10T14:26:56.947+0000] {processor.py:161} INFO - Started process (PID=153) to work on /home/airflow/.local/lib/python3.12/site-packages/airflow/example_dags/example_python_operator.py
[2024-06-10T14:26:56.949+0000] {processor.py:830} INFO - Processing file /home/airflow/.local/lib/python3.12/site-packages/airflow/example_dags/example_python_operator.py for tasks to queue
[2024-06-10T14:26:56.951+0000] {logging_mixin.py:188} INFO - [2024-06-10T14:26:56.951+0000] {dagbag.py:545} INFO - Filling up the DagBag from /home/airflow/.local/lib/python3.12/site-packages/airflow/example_dags/example_python_operator.py
[2024-06-10T14:26:56.961+0000] {processor.py:840} INFO - DAG(s) 'example_python_operator' retrieved from /home/airflow/.local/lib/python3.12/site-packages/airflow/example_dags/example_python_operator.py
[2024-06-10T14:26:56.973+0000] {logging_mixin.py:188} INFO - [2024-06-10T14:26:56.973+0000] {dag.py:3096} INFO - Sync 1 DAGs
[2024-06-10T14:26:56.987+0000] {logging_mixin.py:188} INFO - [2024-06-10T14:26:56.987+0000] {dag.py:3954} INFO - Setting next_dagrun for example_python_operator to None, run_after=None
[2024-06-10T14:26:57.012+0000] {processor.py:183} INFO - Processing /home/airflow/.local/lib/python3.12/site-packages/airflow/example_dags/example_python_operator.py took 0.070 seconds
[2024-06-10T14:27:27.776+0000] {processor.py:161} INFO - Started process (PID=213) to work on /home/airflow/.local/lib/python3.12/site-packages/airflow/example_dags/example_python_operator.py
[2024-06-10T14:27:27.777+0000] {processor.py:830} INFO - Processing file /home/airflow/.local/lib/python3.12/site-packages/airflow/example_dags/example_python_operator.py for tasks to queue
[2024-06-10T14:27:27.780+0000] {logging_mixin.py:188} INFO - [2024-06-10T14:27:27.779+0000] {dagbag.py:545} INFO - Filling up the DagBag from /home/airflow/.local/lib/python3.12/site-packages/airflow/example_dags/example_python_operator.py
[2024-06-10T14:27:27.793+0000] {processor.py:840} INFO - DAG(s) 'example_python_operator' retrieved from /home/airflow/.local/lib/python3.12/site-packages/airflow/example_dags/example_python_operator.py
[2024-06-10T14:27:27.912+0000] {logging_mixin.py:188} INFO - [2024-06-10T14:27:27.912+0000] {dag.py:3096} INFO - Sync 1 DAGs
[2024-06-10T14:27:27.926+0000] {logging_mixin.py:188} INFO - [2024-06-10T14:27:27.926+0000] {dag.py:3954} INFO - Setting next_dagrun for example_python_operator to None, run_after=None
[2024-06-10T14:27:27.953+0000] {processor.py:183} INFO - Processing /home/airflow/.local/lib/python3.12/site-packages/airflow/example_dags/example_python_operator.py took 0.184 seconds
[2024-06-10T14:27:58.362+0000] {processor.py:161} INFO - Started process (PID=273) to work on /home/airflow/.local/lib/python3.12/site-packages/airflow/example_dags/example_python_operator.py
[2024-06-10T14:27:58.364+0000] {processor.py:830} INFO - Processing file /home/airflow/.local/lib/python3.12/site-packages/airflow/example_dags/example_python_operator.py for tasks to queue
[2024-06-10T14:27:58.366+0000] {logging_mixin.py:188} INFO - [2024-06-10T14:27:58.366+0000] {dagbag.py:545} INFO - Filling up the DagBag from /home/airflow/.local/lib/python3.12/site-packages/airflow/example_dags/example_python_operator.py
[2024-06-10T14:27:58.376+0000] {processor.py:840} INFO - DAG(s) 'example_python_operator' retrieved from /home/airflow/.local/lib/python3.12/site-packages/airflow/example_dags/example_python_operator.py
[2024-06-10T14:27:58.404+0000] {logging_mixin.py:188} INFO - [2024-06-10T14:27:58.403+0000] {dag.py:3096} INFO - Sync 1 DAGs
[2024-06-10T14:27:58.418+0000] {logging_mixin.py:188} INFO - [2024-06-10T14:27:58.418+0000] {dag.py:3954} INFO - Setting next_dagrun for example_python_operator to None, run_after=None
[2024-06-10T14:27:58.441+0000] {processor.py:183} INFO - Processing /home/airflow/.local/lib/python3.12/site-packages/airflow/example_dags/example_python_operator.py took 0.084 seconds
[2024-06-10T14:28:28.597+0000] {processor.py:161} INFO - Started process (PID=332) to work on /home/airflow/.local/lib/python3.12/site-packages/airflow/example_dags/example_python_operator.py
[2024-06-10T14:28:28.598+0000] {processor.py:830} INFO - Processing file /home/airflow/.local/lib/python3.12/site-packages/airflow/example_dags/example_python_operator.py for tasks to queue
[2024-06-10T14:28:28.600+0000] {logging_mixin.py:188} INFO - [2024-06-10T14:28:28.600+0000] {dagbag.py:545} INFO - Filling up the DagBag from /home/airflow/.local/lib/python3.12/site-packages/airflow/example_dags/example_python_operator.py
[2024-06-10T14:28:28.613+0000] {processor.py:840} INFO - DAG(s) 'example_python_operator' retrieved from /home/airflow/.local/lib/python3.12/site-packages/airflow/example_dags/example_python_operator.py
[2024-06-10T14:28:28.634+0000] {logging_mixin.py:188} INFO - [2024-06-10T14:28:28.634+0000] {dag.py:3096} INFO - Sync 1 DAGs
[2024-06-10T14:28:28.649+0000] {logging_mixin.py:188} INFO - [2024-06-10T14:28:28.648+0000] {dag.py:3954} INFO - Setting next_dagrun for example_python_operator to None, run_after=None
[2024-06-10T14:28:28.669+0000] {processor.py:183} INFO - Processing /home/airflow/.local/lib/python3.12/site-packages/airflow/example_dags/example_python_operator.py took 0.078 seconds
[2024-06-10T14:28:58.773+0000] {processor.py:161} INFO - Started process (PID=392) to work on /home/airflow/.local/lib/python3.12/site-packages/airflow/example_dags/example_python_operator.py
[2024-06-10T14:28:58.775+0000] {processor.py:830} INFO - Processing file /home/airflow/.local/lib/python3.12/site-packages/airflow/example_dags/example_python_operator.py for tasks to queue
[2024-06-10T14:28:58.777+0000] {logging_mixin.py:188} INFO - [2024-06-10T14:28:58.777+0000] {dagbag.py:545} INFO - Filling up the DagBag from /home/airflow/.local/lib/python3.12/site-packages/airflow/example_dags/example_python_operator.py
[2024-06-10T14:28:58.785+0000] {processor.py:840} INFO - DAG(s) 'example_python_operator' retrieved from /home/airflow/.local/lib/python3.12/site-packages/airflow/example_dags/example_python_operator.py
[2024-06-10T14:28:58.811+0000] {logging_mixin.py:188} INFO - [2024-06-10T14:28:58.811+0000] {dag.py:3096} INFO - Sync 1 DAGs
[2024-06-10T14:28:58.823+0000] {logging_mixin.py:188} INFO - [2024-06-10T14:28:58.823+0000] {dag.py:3954} INFO - Setting next_dagrun for example_python_operator to None, run_after=None
[2024-06-10T14:28:58.843+0000] {processor.py:183} INFO - Processing /home/airflow/.local/lib/python3.12/site-packages/airflow/example_dags/example_python_operator.py took 0.076 seconds
[2024-06-10T14:29:29.138+0000] {processor.py:161} INFO - Started process (PID=452) to work on /home/airflow/.local/lib/python3.12/site-packages/airflow/example_dags/example_python_operator.py
[2024-06-10T14:29:29.140+0000] {processor.py:830} INFO - Processing file /home/airflow/.local/lib/python3.12/site-packages/airflow/example_dags/example_python_operator.py for tasks to queue
[2024-06-10T14:29:29.143+0000] {logging_mixin.py:188} INFO - [2024-06-10T14:29:29.142+0000] {dagbag.py:545} INFO - Filling up the DagBag from /home/airflow/.local/lib/python3.12/site-packages/airflow/example_dags/example_python_operator.py
[2024-06-10T14:29:29.155+0000] {processor.py:840} INFO - DAG(s) 'example_python_operator' retrieved from /home/airflow/.local/lib/python3.12/site-packages/airflow/example_dags/example_python_operator.py
[2024-06-10T14:29:29.180+0000] {logging_mixin.py:188} INFO - [2024-06-10T14:29:29.179+0000] {dag.py:3096} INFO - Sync 1 DAGs
[2024-06-10T14:29:29.191+0000] {logging_mixin.py:188} INFO - [2024-06-10T14:29:29.191+0000] {dag.py:3954} INFO - Setting next_dagrun for example_python_operator to None, run_after=None
[2024-06-10T14:29:29.212+0000] {processor.py:183} INFO - Processing /home/airflow/.local/lib/python3.12/site-packages/airflow/example_dags/example_python_operator.py took 0.078 seconds
[2024-06-10T14:29:59.320+0000] {processor.py:161} INFO - Started process (PID=512) to work on /home/airflow/.local/lib/python3.12/site-packages/airflow/example_dags/example_python_operator.py
[2024-06-10T14:29:59.322+0000] {processor.py:830} INFO - Processing file /home/airflow/.local/lib/python3.12/site-packages/airflow/example_dags/example_python_operator.py for tasks to queue
[2024-06-10T14:29:59.324+0000] {logging_mixin.py:188} INFO - [2024-06-10T14:29:59.324+0000] {dagbag.py:545} INFO - Filling up the DagBag from /home/airflow/.local/lib/python3.12/site-packages/airflow/example_dags/example_python_operator.py
[2024-06-10T14:29:59.333+0000] {processor.py:840} INFO - DAG(s) 'example_python_operator' retrieved from /home/airflow/.local/lib/python3.12/site-packages/airflow/example_dags/example_python_operator.py
[2024-06-10T14:29:59.355+0000] {logging_mixin.py:188} INFO - [2024-06-10T14:29:59.354+0000] {dag.py:3096} INFO - Sync 1 DAGs
[2024-06-10T14:29:59.369+0000] {logging_mixin.py:188} INFO - [2024-06-10T14:29:59.368+0000] {dag.py:3954} INFO - Setting next_dagrun for example_python_operator to None, run_after=None
[2024-06-10T14:29:59.392+0000] {processor.py:183} INFO - Processing /home/airflow/.local/lib/python3.12/site-packages/airflow/example_dags/example_python_operator.py took 0.077 seconds
