[2024-06-10T14:04:48.812+0000] {processor.py:161} INFO - Started process (PID=84) to work on /home/airflow/.local/lib/python3.12/site-packages/airflow/example_dags/example_branch_python_dop_operator_3.py
[2024-06-10T14:04:48.814+0000] {processor.py:830} INFO - Processing file /home/airflow/.local/lib/python3.12/site-packages/airflow/example_dags/example_branch_python_dop_operator_3.py for tasks to queue
[2024-06-10T14:04:48.816+0000] {logging_mixin.py:188} INFO - [2024-06-10T14:04:48.816+0000] {dagbag.py:545} INFO - Filling up the DagBag from /home/airflow/.local/lib/python3.12/site-packages/airflow/example_dags/example_branch_python_dop_operator_3.py
[2024-06-10T14:04:48.830+0000] {processor.py:840} INFO - DAG(s) 'example_branch_dop_operator_v3' retrieved from /home/airflow/.local/lib/python3.12/site-packages/airflow/example_dags/example_branch_python_dop_operator_3.py
[2024-06-10T14:04:48.941+0000] {logging_mixin.py:188} INFO - [2024-06-10T14:04:48.941+0000] {dag.py:3096} INFO - Sync 1 DAGs
[2024-06-10T14:04:48.972+0000] {logging_mixin.py:188} INFO - [2024-06-10T14:04:48.971+0000] {dag.py:3954} INFO - Setting next_dagrun for example_branch_dop_operator_v3 to 2024-06-10 14:03:00+00:00, run_after=2024-06-10 14:04:00+00:00
[2024-06-10T14:04:48.999+0000] {processor.py:183} INFO - Processing /home/airflow/.local/lib/python3.12/site-packages/airflow/example_dags/example_branch_python_dop_operator_3.py took 0.194 seconds
[2024-06-10T14:05:19.909+0000] {processor.py:161} INFO - Started process (PID=153) to work on /home/airflow/.local/lib/python3.12/site-packages/airflow/example_dags/example_branch_python_dop_operator_3.py
[2024-06-10T14:05:19.911+0000] {processor.py:830} INFO - Processing file /home/airflow/.local/lib/python3.12/site-packages/airflow/example_dags/example_branch_python_dop_operator_3.py for tasks to queue
[2024-06-10T14:05:19.914+0000] {logging_mixin.py:188} INFO - [2024-06-10T14:05:19.913+0000] {dagbag.py:545} INFO - Filling up the DagBag from /home/airflow/.local/lib/python3.12/site-packages/airflow/example_dags/example_branch_python_dop_operator_3.py
[2024-06-10T14:05:19.922+0000] {processor.py:840} INFO - DAG(s) 'example_branch_dop_operator_v3' retrieved from /home/airflow/.local/lib/python3.12/site-packages/airflow/example_dags/example_branch_python_dop_operator_3.py
[2024-06-10T14:05:19.943+0000] {logging_mixin.py:188} INFO - [2024-06-10T14:05:19.943+0000] {dag.py:3096} INFO - Sync 1 DAGs
[2024-06-10T14:05:19.973+0000] {logging_mixin.py:188} INFO - [2024-06-10T14:05:19.973+0000] {dag.py:3954} INFO - Setting next_dagrun for example_branch_dop_operator_v3 to 2024-06-10 14:04:00+00:00, run_after=2024-06-10 14:05:00+00:00
[2024-06-10T14:05:19.993+0000] {processor.py:183} INFO - Processing /home/airflow/.local/lib/python3.12/site-packages/airflow/example_dags/example_branch_python_dop_operator_3.py took 0.089 seconds
[2024-06-10T14:05:54.999+0000] {processor.py:161} INFO - Started process (PID=222) to work on /home/airflow/.local/lib/python3.12/site-packages/airflow/example_dags/example_branch_python_dop_operator_3.py
[2024-06-10T14:05:55.001+0000] {processor.py:830} INFO - Processing file /home/airflow/.local/lib/python3.12/site-packages/airflow/example_dags/example_branch_python_dop_operator_3.py for tasks to queue
[2024-06-10T14:05:55.004+0000] {logging_mixin.py:188} INFO - [2024-06-10T14:05:55.004+0000] {dagbag.py:545} INFO - Filling up the DagBag from /home/airflow/.local/lib/python3.12/site-packages/airflow/example_dags/example_branch_python_dop_operator_3.py
[2024-06-10T14:05:55.017+0000] {processor.py:840} INFO - DAG(s) 'example_branch_dop_operator_v3' retrieved from /home/airflow/.local/lib/python3.12/site-packages/airflow/example_dags/example_branch_python_dop_operator_3.py
[2024-06-10T14:05:55.044+0000] {logging_mixin.py:188} INFO - [2024-06-10T14:05:55.044+0000] {dag.py:3096} INFO - Sync 1 DAGs
[2024-06-10T14:05:55.082+0000] {logging_mixin.py:188} INFO - [2024-06-10T14:05:55.081+0000] {dag.py:3954} INFO - Setting next_dagrun for example_branch_dop_operator_v3 to 2024-06-10 14:04:00+00:00, run_after=2024-06-10 14:05:00+00:00
[2024-06-10T14:05:55.116+0000] {processor.py:183} INFO - Processing /home/airflow/.local/lib/python3.12/site-packages/airflow/example_dags/example_branch_python_dop_operator_3.py took 0.124 seconds
[2024-06-10T14:06:26.076+0000] {processor.py:161} INFO - Started process (PID=291) to work on /home/airflow/.local/lib/python3.12/site-packages/airflow/example_dags/example_branch_python_dop_operator_3.py
[2024-06-10T14:06:26.077+0000] {processor.py:830} INFO - Processing file /home/airflow/.local/lib/python3.12/site-packages/airflow/example_dags/example_branch_python_dop_operator_3.py for tasks to queue
[2024-06-10T14:06:26.080+0000] {logging_mixin.py:188} INFO - [2024-06-10T14:06:26.079+0000] {dagbag.py:545} INFO - Filling up the DagBag from /home/airflow/.local/lib/python3.12/site-packages/airflow/example_dags/example_branch_python_dop_operator_3.py
[2024-06-10T14:06:26.089+0000] {processor.py:840} INFO - DAG(s) 'example_branch_dop_operator_v3' retrieved from /home/airflow/.local/lib/python3.12/site-packages/airflow/example_dags/example_branch_python_dop_operator_3.py
[2024-06-10T14:06:26.101+0000] {logging_mixin.py:188} INFO - [2024-06-10T14:06:26.101+0000] {dag.py:3096} INFO - Sync 1 DAGs
[2024-06-10T14:06:26.129+0000] {logging_mixin.py:188} INFO - [2024-06-10T14:06:26.129+0000] {dag.py:3954} INFO - Setting next_dagrun for example_branch_dop_operator_v3 to 2024-06-10 14:05:00+00:00, run_after=2024-06-10 14:06:00+00:00
[2024-06-10T14:06:26.155+0000] {processor.py:183} INFO - Processing /home/airflow/.local/lib/python3.12/site-packages/airflow/example_dags/example_branch_python_dop_operator_3.py took 0.085 seconds
[2024-06-10T14:07:24.361+0000] {processor.py:161} INFO - Started process (PID=84) to work on /home/airflow/.local/lib/python3.12/site-packages/airflow/example_dags/example_branch_python_dop_operator_3.py
[2024-06-10T14:07:24.362+0000] {processor.py:830} INFO - Processing file /home/airflow/.local/lib/python3.12/site-packages/airflow/example_dags/example_branch_python_dop_operator_3.py for tasks to queue
[2024-06-10T14:07:24.365+0000] {logging_mixin.py:188} INFO - [2024-06-10T14:07:24.364+0000] {dagbag.py:545} INFO - Filling up the DagBag from /home/airflow/.local/lib/python3.12/site-packages/airflow/example_dags/example_branch_python_dop_operator_3.py
[2024-06-10T14:07:24.381+0000] {processor.py:840} INFO - DAG(s) 'example_branch_dop_operator_v3' retrieved from /home/airflow/.local/lib/python3.12/site-packages/airflow/example_dags/example_branch_python_dop_operator_3.py
[2024-06-10T14:07:24.661+0000] {logging_mixin.py:188} INFO - [2024-06-10T14:07:24.660+0000] {dag.py:3096} INFO - Sync 1 DAGs
[2024-06-10T14:07:24.695+0000] {logging_mixin.py:188} INFO - [2024-06-10T14:07:24.694+0000] {dag.py:3954} INFO - Setting next_dagrun for example_branch_dop_operator_v3 to 2024-06-10 14:06:00+00:00, run_after=2024-06-10 14:07:00+00:00
[2024-06-10T14:07:24.780+0000] {processor.py:183} INFO - Processing /home/airflow/.local/lib/python3.12/site-packages/airflow/example_dags/example_branch_python_dop_operator_3.py took 0.426 seconds
[2024-06-10T14:07:54.977+0000] {processor.py:161} INFO - Started process (PID=153) to work on /home/airflow/.local/lib/python3.12/site-packages/airflow/example_dags/example_branch_python_dop_operator_3.py
[2024-06-10T14:07:54.978+0000] {processor.py:830} INFO - Processing file /home/airflow/.local/lib/python3.12/site-packages/airflow/example_dags/example_branch_python_dop_operator_3.py for tasks to queue
[2024-06-10T14:07:54.981+0000] {logging_mixin.py:188} INFO - [2024-06-10T14:07:54.981+0000] {dagbag.py:545} INFO - Filling up the DagBag from /home/airflow/.local/lib/python3.12/site-packages/airflow/example_dags/example_branch_python_dop_operator_3.py
[2024-06-10T14:07:54.991+0000] {processor.py:840} INFO - DAG(s) 'example_branch_dop_operator_v3' retrieved from /home/airflow/.local/lib/python3.12/site-packages/airflow/example_dags/example_branch_python_dop_operator_3.py
[2024-06-10T14:07:55.014+0000] {logging_mixin.py:188} INFO - [2024-06-10T14:07:55.013+0000] {dag.py:3096} INFO - Sync 1 DAGs
[2024-06-10T14:07:55.039+0000] {logging_mixin.py:188} INFO - [2024-06-10T14:07:55.039+0000] {dag.py:3954} INFO - Setting next_dagrun for example_branch_dop_operator_v3 to 2024-06-10 14:06:00+00:00, run_after=2024-06-10 14:07:00+00:00
[2024-06-10T14:07:55.066+0000] {processor.py:183} INFO - Processing /home/airflow/.local/lib/python3.12/site-packages/airflow/example_dags/example_branch_python_dop_operator_3.py took 0.095 seconds
[2024-06-10T14:08:25.169+0000] {processor.py:161} INFO - Started process (PID=222) to work on /home/airflow/.local/lib/python3.12/site-packages/airflow/example_dags/example_branch_python_dop_operator_3.py
[2024-06-10T14:08:25.171+0000] {processor.py:830} INFO - Processing file /home/airflow/.local/lib/python3.12/site-packages/airflow/example_dags/example_branch_python_dop_operator_3.py for tasks to queue
[2024-06-10T14:08:25.174+0000] {logging_mixin.py:188} INFO - [2024-06-10T14:08:25.174+0000] {dagbag.py:545} INFO - Filling up the DagBag from /home/airflow/.local/lib/python3.12/site-packages/airflow/example_dags/example_branch_python_dop_operator_3.py
[2024-06-10T14:08:25.184+0000] {processor.py:840} INFO - DAG(s) 'example_branch_dop_operator_v3' retrieved from /home/airflow/.local/lib/python3.12/site-packages/airflow/example_dags/example_branch_python_dop_operator_3.py
[2024-06-10T14:08:25.206+0000] {logging_mixin.py:188} INFO - [2024-06-10T14:08:25.205+0000] {dag.py:3096} INFO - Sync 1 DAGs
[2024-06-10T14:08:25.231+0000] {logging_mixin.py:188} INFO - [2024-06-10T14:08:25.231+0000] {dag.py:3954} INFO - Setting next_dagrun for example_branch_dop_operator_v3 to 2024-06-10 14:07:00+00:00, run_after=2024-06-10 14:08:00+00:00
[2024-06-10T14:08:25.252+0000] {processor.py:183} INFO - Processing /home/airflow/.local/lib/python3.12/site-packages/airflow/example_dags/example_branch_python_dop_operator_3.py took 0.089 seconds
[2024-06-10T14:08:55.770+0000] {processor.py:161} INFO - Started process (PID=291) to work on /home/airflow/.local/lib/python3.12/site-packages/airflow/example_dags/example_branch_python_dop_operator_3.py
[2024-06-10T14:08:55.771+0000] {processor.py:830} INFO - Processing file /home/airflow/.local/lib/python3.12/site-packages/airflow/example_dags/example_branch_python_dop_operator_3.py for tasks to queue
[2024-06-10T14:08:55.774+0000] {logging_mixin.py:188} INFO - [2024-06-10T14:08:55.773+0000] {dagbag.py:545} INFO - Filling up the DagBag from /home/airflow/.local/lib/python3.12/site-packages/airflow/example_dags/example_branch_python_dop_operator_3.py
[2024-06-10T14:08:55.783+0000] {processor.py:840} INFO - DAG(s) 'example_branch_dop_operator_v3' retrieved from /home/airflow/.local/lib/python3.12/site-packages/airflow/example_dags/example_branch_python_dop_operator_3.py
[2024-06-10T14:08:55.806+0000] {logging_mixin.py:188} INFO - [2024-06-10T14:08:55.806+0000] {dag.py:3096} INFO - Sync 1 DAGs
[2024-06-10T14:08:55.835+0000] {logging_mixin.py:188} INFO - [2024-06-10T14:08:55.835+0000] {dag.py:3954} INFO - Setting next_dagrun for example_branch_dop_operator_v3 to 2024-06-10 14:07:00+00:00, run_after=2024-06-10 14:08:00+00:00
[2024-06-10T14:08:55.856+0000] {processor.py:183} INFO - Processing /home/airflow/.local/lib/python3.12/site-packages/airflow/example_dags/example_branch_python_dop_operator_3.py took 0.091 seconds
[2024-06-10T14:09:26.383+0000] {processor.py:161} INFO - Started process (PID=360) to work on /home/airflow/.local/lib/python3.12/site-packages/airflow/example_dags/example_branch_python_dop_operator_3.py
[2024-06-10T14:09:26.384+0000] {processor.py:830} INFO - Processing file /home/airflow/.local/lib/python3.12/site-packages/airflow/example_dags/example_branch_python_dop_operator_3.py for tasks to queue
[2024-06-10T14:09:26.387+0000] {logging_mixin.py:188} INFO - [2024-06-10T14:09:26.386+0000] {dagbag.py:545} INFO - Filling up the DagBag from /home/airflow/.local/lib/python3.12/site-packages/airflow/example_dags/example_branch_python_dop_operator_3.py
[2024-06-10T14:09:26.396+0000] {processor.py:840} INFO - DAG(s) 'example_branch_dop_operator_v3' retrieved from /home/airflow/.local/lib/python3.12/site-packages/airflow/example_dags/example_branch_python_dop_operator_3.py
[2024-06-10T14:09:26.419+0000] {logging_mixin.py:188} INFO - [2024-06-10T14:09:26.419+0000] {dag.py:3096} INFO - Sync 1 DAGs
[2024-06-10T14:09:26.453+0000] {logging_mixin.py:188} INFO - [2024-06-10T14:09:26.452+0000] {dag.py:3954} INFO - Setting next_dagrun for example_branch_dop_operator_v3 to 2024-06-10 14:08:00+00:00, run_after=2024-06-10 14:09:00+00:00
[2024-06-10T14:09:26.477+0000] {processor.py:183} INFO - Processing /home/airflow/.local/lib/python3.12/site-packages/airflow/example_dags/example_branch_python_dop_operator_3.py took 0.099 seconds
[2024-06-10T14:09:57.418+0000] {processor.py:161} INFO - Started process (PID=429) to work on /home/airflow/.local/lib/python3.12/site-packages/airflow/example_dags/example_branch_python_dop_operator_3.py
[2024-06-10T14:09:57.419+0000] {processor.py:830} INFO - Processing file /home/airflow/.local/lib/python3.12/site-packages/airflow/example_dags/example_branch_python_dop_operator_3.py for tasks to queue
[2024-06-10T14:09:57.422+0000] {logging_mixin.py:188} INFO - [2024-06-10T14:09:57.421+0000] {dagbag.py:545} INFO - Filling up the DagBag from /home/airflow/.local/lib/python3.12/site-packages/airflow/example_dags/example_branch_python_dop_operator_3.py
[2024-06-10T14:09:57.434+0000] {processor.py:840} INFO - DAG(s) 'example_branch_dop_operator_v3' retrieved from /home/airflow/.local/lib/python3.12/site-packages/airflow/example_dags/example_branch_python_dop_operator_3.py
[2024-06-10T14:09:57.460+0000] {logging_mixin.py:188} INFO - [2024-06-10T14:09:57.459+0000] {dag.py:3096} INFO - Sync 1 DAGs
[2024-06-10T14:09:57.491+0000] {logging_mixin.py:188} INFO - [2024-06-10T14:09:57.490+0000] {dag.py:3954} INFO - Setting next_dagrun for example_branch_dop_operator_v3 to 2024-06-10 14:08:00+00:00, run_after=2024-06-10 14:09:00+00:00
[2024-06-10T14:09:57.514+0000] {processor.py:183} INFO - Processing /home/airflow/.local/lib/python3.12/site-packages/airflow/example_dags/example_branch_python_dop_operator_3.py took 0.104 seconds
[2024-06-10T14:10:27.899+0000] {processor.py:161} INFO - Started process (PID=498) to work on /home/airflow/.local/lib/python3.12/site-packages/airflow/example_dags/example_branch_python_dop_operator_3.py
[2024-06-10T14:10:27.901+0000] {processor.py:830} INFO - Processing file /home/airflow/.local/lib/python3.12/site-packages/airflow/example_dags/example_branch_python_dop_operator_3.py for tasks to queue
[2024-06-10T14:10:27.903+0000] {logging_mixin.py:188} INFO - [2024-06-10T14:10:27.903+0000] {dagbag.py:545} INFO - Filling up the DagBag from /home/airflow/.local/lib/python3.12/site-packages/airflow/example_dags/example_branch_python_dop_operator_3.py
[2024-06-10T14:10:27.914+0000] {processor.py:840} INFO - DAG(s) 'example_branch_dop_operator_v3' retrieved from /home/airflow/.local/lib/python3.12/site-packages/airflow/example_dags/example_branch_python_dop_operator_3.py
[2024-06-10T14:10:27.937+0000] {logging_mixin.py:188} INFO - [2024-06-10T14:10:27.936+0000] {dag.py:3096} INFO - Sync 1 DAGs
[2024-06-10T14:10:27.964+0000] {logging_mixin.py:188} INFO - [2024-06-10T14:10:27.964+0000] {dag.py:3954} INFO - Setting next_dagrun for example_branch_dop_operator_v3 to 2024-06-10 14:09:00+00:00, run_after=2024-06-10 14:10:00+00:00
[2024-06-10T14:10:27.986+0000] {processor.py:183} INFO - Processing /home/airflow/.local/lib/python3.12/site-packages/airflow/example_dags/example_branch_python_dop_operator_3.py took 0.093 seconds
[2024-06-10T14:10:59.052+0000] {processor.py:161} INFO - Started process (PID=567) to work on /home/airflow/.local/lib/python3.12/site-packages/airflow/example_dags/example_branch_python_dop_operator_3.py
[2024-06-10T14:10:59.053+0000] {processor.py:830} INFO - Processing file /home/airflow/.local/lib/python3.12/site-packages/airflow/example_dags/example_branch_python_dop_operator_3.py for tasks to queue
[2024-06-10T14:10:59.056+0000] {logging_mixin.py:188} INFO - [2024-06-10T14:10:59.055+0000] {dagbag.py:545} INFO - Filling up the DagBag from /home/airflow/.local/lib/python3.12/site-packages/airflow/example_dags/example_branch_python_dop_operator_3.py
[2024-06-10T14:10:59.068+0000] {processor.py:840} INFO - DAG(s) 'example_branch_dop_operator_v3' retrieved from /home/airflow/.local/lib/python3.12/site-packages/airflow/example_dags/example_branch_python_dop_operator_3.py
[2024-06-10T14:10:59.092+0000] {logging_mixin.py:188} INFO - [2024-06-10T14:10:59.092+0000] {dag.py:3096} INFO - Sync 1 DAGs
[2024-06-10T14:10:59.118+0000] {logging_mixin.py:188} INFO - [2024-06-10T14:10:59.118+0000] {dag.py:3954} INFO - Setting next_dagrun for example_branch_dop_operator_v3 to 2024-06-10 14:09:00+00:00, run_after=2024-06-10 14:10:00+00:00
[2024-06-10T14:10:59.271+0000] {processor.py:183} INFO - Processing /home/airflow/.local/lib/python3.12/site-packages/airflow/example_dags/example_branch_python_dop_operator_3.py took 0.225 seconds
[2024-06-10T14:11:29.672+0000] {processor.py:161} INFO - Started process (PID=636) to work on /home/airflow/.local/lib/python3.12/site-packages/airflow/example_dags/example_branch_python_dop_operator_3.py
[2024-06-10T14:11:29.682+0000] {processor.py:830} INFO - Processing file /home/airflow/.local/lib/python3.12/site-packages/airflow/example_dags/example_branch_python_dop_operator_3.py for tasks to queue
[2024-06-10T14:11:29.686+0000] {logging_mixin.py:188} INFO - [2024-06-10T14:11:29.685+0000] {dagbag.py:545} INFO - Filling up the DagBag from /home/airflow/.local/lib/python3.12/site-packages/airflow/example_dags/example_branch_python_dop_operator_3.py
[2024-06-10T14:11:29.697+0000] {processor.py:840} INFO - DAG(s) 'example_branch_dop_operator_v3' retrieved from /home/airflow/.local/lib/python3.12/site-packages/airflow/example_dags/example_branch_python_dop_operator_3.py
[2024-06-10T14:11:29.724+0000] {logging_mixin.py:188} INFO - [2024-06-10T14:11:29.723+0000] {dag.py:3096} INFO - Sync 1 DAGs
[2024-06-10T14:11:29.746+0000] {logging_mixin.py:188} INFO - [2024-06-10T14:11:29.745+0000] {dag.py:3954} INFO - Setting next_dagrun for example_branch_dop_operator_v3 to 2024-06-10 14:10:00+00:00, run_after=2024-06-10 14:11:00+00:00
[2024-06-10T14:11:29.992+0000] {processor.py:183} INFO - Processing /home/airflow/.local/lib/python3.12/site-packages/airflow/example_dags/example_branch_python_dop_operator_3.py took 0.325 seconds
[2024-06-10T14:12:00.891+0000] {processor.py:161} INFO - Started process (PID=705) to work on /home/airflow/.local/lib/python3.12/site-packages/airflow/example_dags/example_branch_python_dop_operator_3.py
[2024-06-10T14:12:00.893+0000] {processor.py:830} INFO - Processing file /home/airflow/.local/lib/python3.12/site-packages/airflow/example_dags/example_branch_python_dop_operator_3.py for tasks to queue
[2024-06-10T14:12:00.895+0000] {logging_mixin.py:188} INFO - [2024-06-10T14:12:00.895+0000] {dagbag.py:545} INFO - Filling up the DagBag from /home/airflow/.local/lib/python3.12/site-packages/airflow/example_dags/example_branch_python_dop_operator_3.py
[2024-06-10T14:12:00.907+0000] {processor.py:840} INFO - DAG(s) 'example_branch_dop_operator_v3' retrieved from /home/airflow/.local/lib/python3.12/site-packages/airflow/example_dags/example_branch_python_dop_operator_3.py
[2024-06-10T14:12:00.929+0000] {logging_mixin.py:188} INFO - [2024-06-10T14:12:00.929+0000] {dag.py:3096} INFO - Sync 1 DAGs
[2024-06-10T14:12:00.960+0000] {logging_mixin.py:188} INFO - [2024-06-10T14:12:00.959+0000] {dag.py:3954} INFO - Setting next_dagrun for example_branch_dop_operator_v3 to 2024-06-10 14:11:00+00:00, run_after=2024-06-10 14:12:00+00:00
[2024-06-10T14:12:00.992+0000] {processor.py:183} INFO - Processing /home/airflow/.local/lib/python3.12/site-packages/airflow/example_dags/example_branch_python_dop_operator_3.py took 0.108 seconds
[2024-06-10T14:12:32.127+0000] {processor.py:161} INFO - Started process (PID=774) to work on /home/airflow/.local/lib/python3.12/site-packages/airflow/example_dags/example_branch_python_dop_operator_3.py
[2024-06-10T14:12:32.129+0000] {processor.py:830} INFO - Processing file /home/airflow/.local/lib/python3.12/site-packages/airflow/example_dags/example_branch_python_dop_operator_3.py for tasks to queue
[2024-06-10T14:12:32.133+0000] {logging_mixin.py:188} INFO - [2024-06-10T14:12:32.132+0000] {dagbag.py:545} INFO - Filling up the DagBag from /home/airflow/.local/lib/python3.12/site-packages/airflow/example_dags/example_branch_python_dop_operator_3.py
[2024-06-10T14:12:32.154+0000] {processor.py:840} INFO - DAG(s) 'example_branch_dop_operator_v3' retrieved from /home/airflow/.local/lib/python3.12/site-packages/airflow/example_dags/example_branch_python_dop_operator_3.py
[2024-06-10T14:12:32.185+0000] {logging_mixin.py:188} INFO - [2024-06-10T14:12:32.185+0000] {dag.py:3096} INFO - Sync 1 DAGs
[2024-06-10T14:12:32.235+0000] {logging_mixin.py:188} INFO - [2024-06-10T14:12:32.235+0000] {dag.py:3954} INFO - Setting next_dagrun for example_branch_dop_operator_v3 to 2024-06-10 14:11:00+00:00, run_after=2024-06-10 14:12:00+00:00
[2024-06-10T14:12:32.400+0000] {processor.py:183} INFO - Processing /home/airflow/.local/lib/python3.12/site-packages/airflow/example_dags/example_branch_python_dop_operator_3.py took 0.281 seconds
[2024-06-10T14:13:02.816+0000] {processor.py:161} INFO - Started process (PID=843) to work on /home/airflow/.local/lib/python3.12/site-packages/airflow/example_dags/example_branch_python_dop_operator_3.py
[2024-06-10T14:13:02.818+0000] {processor.py:830} INFO - Processing file /home/airflow/.local/lib/python3.12/site-packages/airflow/example_dags/example_branch_python_dop_operator_3.py for tasks to queue
[2024-06-10T14:13:02.820+0000] {logging_mixin.py:188} INFO - [2024-06-10T14:13:02.820+0000] {dagbag.py:545} INFO - Filling up the DagBag from /home/airflow/.local/lib/python3.12/site-packages/airflow/example_dags/example_branch_python_dop_operator_3.py
[2024-06-10T14:13:02.828+0000] {processor.py:840} INFO - DAG(s) 'example_branch_dop_operator_v3' retrieved from /home/airflow/.local/lib/python3.12/site-packages/airflow/example_dags/example_branch_python_dop_operator_3.py
[2024-06-10T14:13:02.849+0000] {logging_mixin.py:188} INFO - [2024-06-10T14:13:02.849+0000] {dag.py:3096} INFO - Sync 1 DAGs
[2024-06-10T14:13:02.877+0000] {logging_mixin.py:188} INFO - [2024-06-10T14:13:02.877+0000] {dag.py:3954} INFO - Setting next_dagrun for example_branch_dop_operator_v3 to 2024-06-10 14:12:00+00:00, run_after=2024-06-10 14:13:00+00:00
[2024-06-10T14:13:02.901+0000] {processor.py:183} INFO - Processing /home/airflow/.local/lib/python3.12/site-packages/airflow/example_dags/example_branch_python_dop_operator_3.py took 0.090 seconds
[2024-06-10T14:13:33.111+0000] {processor.py:161} INFO - Started process (PID=912) to work on /home/airflow/.local/lib/python3.12/site-packages/airflow/example_dags/example_branch_python_dop_operator_3.py
[2024-06-10T14:13:33.113+0000] {processor.py:830} INFO - Processing file /home/airflow/.local/lib/python3.12/site-packages/airflow/example_dags/example_branch_python_dop_operator_3.py for tasks to queue
[2024-06-10T14:13:33.116+0000] {logging_mixin.py:188} INFO - [2024-06-10T14:13:33.116+0000] {dagbag.py:545} INFO - Filling up the DagBag from /home/airflow/.local/lib/python3.12/site-packages/airflow/example_dags/example_branch_python_dop_operator_3.py
[2024-06-10T14:13:33.127+0000] {processor.py:840} INFO - DAG(s) 'example_branch_dop_operator_v3' retrieved from /home/airflow/.local/lib/python3.12/site-packages/airflow/example_dags/example_branch_python_dop_operator_3.py
[2024-06-10T14:13:33.153+0000] {logging_mixin.py:188} INFO - [2024-06-10T14:13:33.152+0000] {dag.py:3096} INFO - Sync 1 DAGs
[2024-06-10T14:13:33.188+0000] {logging_mixin.py:188} INFO - [2024-06-10T14:13:33.187+0000] {dag.py:3954} INFO - Setting next_dagrun for example_branch_dop_operator_v3 to 2024-06-10 14:12:00+00:00, run_after=2024-06-10 14:13:00+00:00
[2024-06-10T14:13:33.211+0000] {processor.py:183} INFO - Processing /home/airflow/.local/lib/python3.12/site-packages/airflow/example_dags/example_branch_python_dop_operator_3.py took 0.107 seconds
[2024-06-10T14:14:03.420+0000] {processor.py:161} INFO - Started process (PID=981) to work on /home/airflow/.local/lib/python3.12/site-packages/airflow/example_dags/example_branch_python_dop_operator_3.py
[2024-06-10T14:14:03.422+0000] {processor.py:830} INFO - Processing file /home/airflow/.local/lib/python3.12/site-packages/airflow/example_dags/example_branch_python_dop_operator_3.py for tasks to queue
[2024-06-10T14:14:03.424+0000] {logging_mixin.py:188} INFO - [2024-06-10T14:14:03.424+0000] {dagbag.py:545} INFO - Filling up the DagBag from /home/airflow/.local/lib/python3.12/site-packages/airflow/example_dags/example_branch_python_dop_operator_3.py
[2024-06-10T14:14:03.432+0000] {processor.py:840} INFO - DAG(s) 'example_branch_dop_operator_v3' retrieved from /home/airflow/.local/lib/python3.12/site-packages/airflow/example_dags/example_branch_python_dop_operator_3.py
[2024-06-10T14:14:03.456+0000] {logging_mixin.py:188} INFO - [2024-06-10T14:14:03.455+0000] {dag.py:3096} INFO - Sync 1 DAGs
[2024-06-10T14:14:03.482+0000] {logging_mixin.py:188} INFO - [2024-06-10T14:14:03.482+0000] {dag.py:3954} INFO - Setting next_dagrun for example_branch_dop_operator_v3 to 2024-06-10 14:13:00+00:00, run_after=2024-06-10 14:14:00+00:00
[2024-06-10T14:14:03.504+0000] {processor.py:183} INFO - Processing /home/airflow/.local/lib/python3.12/site-packages/airflow/example_dags/example_branch_python_dop_operator_3.py took 0.089 seconds
[2024-06-10T14:14:34.277+0000] {processor.py:161} INFO - Started process (PID=1050) to work on /home/airflow/.local/lib/python3.12/site-packages/airflow/example_dags/example_branch_python_dop_operator_3.py
[2024-06-10T14:14:34.279+0000] {processor.py:830} INFO - Processing file /home/airflow/.local/lib/python3.12/site-packages/airflow/example_dags/example_branch_python_dop_operator_3.py for tasks to queue
[2024-06-10T14:14:34.282+0000] {logging_mixin.py:188} INFO - [2024-06-10T14:14:34.281+0000] {dagbag.py:545} INFO - Filling up the DagBag from /home/airflow/.local/lib/python3.12/site-packages/airflow/example_dags/example_branch_python_dop_operator_3.py
[2024-06-10T14:14:34.289+0000] {processor.py:840} INFO - DAG(s) 'example_branch_dop_operator_v3' retrieved from /home/airflow/.local/lib/python3.12/site-packages/airflow/example_dags/example_branch_python_dop_operator_3.py
[2024-06-10T14:14:34.309+0000] {logging_mixin.py:188} INFO - [2024-06-10T14:14:34.309+0000] {dag.py:3096} INFO - Sync 1 DAGs
[2024-06-10T14:14:34.336+0000] {logging_mixin.py:188} INFO - [2024-06-10T14:14:34.336+0000] {dag.py:3954} INFO - Setting next_dagrun for example_branch_dop_operator_v3 to 2024-06-10 14:13:00+00:00, run_after=2024-06-10 14:14:00+00:00
[2024-06-10T14:14:34.360+0000] {processor.py:183} INFO - Processing /home/airflow/.local/lib/python3.12/site-packages/airflow/example_dags/example_branch_python_dop_operator_3.py took 0.088 seconds
[2024-06-10T14:15:05.000+0000] {processor.py:161} INFO - Started process (PID=1120) to work on /home/airflow/.local/lib/python3.12/site-packages/airflow/example_dags/example_branch_python_dop_operator_3.py
[2024-06-10T14:15:05.002+0000] {processor.py:830} INFO - Processing file /home/airflow/.local/lib/python3.12/site-packages/airflow/example_dags/example_branch_python_dop_operator_3.py for tasks to queue
[2024-06-10T14:15:05.005+0000] {logging_mixin.py:188} INFO - [2024-06-10T14:15:05.004+0000] {dagbag.py:545} INFO - Filling up the DagBag from /home/airflow/.local/lib/python3.12/site-packages/airflow/example_dags/example_branch_python_dop_operator_3.py
[2024-06-10T14:15:05.015+0000] {processor.py:840} INFO - DAG(s) 'example_branch_dop_operator_v3' retrieved from /home/airflow/.local/lib/python3.12/site-packages/airflow/example_dags/example_branch_python_dop_operator_3.py
[2024-06-10T14:15:05.035+0000] {logging_mixin.py:188} INFO - [2024-06-10T14:15:05.035+0000] {dag.py:3096} INFO - Sync 1 DAGs
[2024-06-10T14:15:05.061+0000] {logging_mixin.py:188} INFO - [2024-06-10T14:15:05.061+0000] {dag.py:3954} INFO - Setting next_dagrun for example_branch_dop_operator_v3 to 2024-06-10 14:14:00+00:00, run_after=2024-06-10 14:15:00+00:00
[2024-06-10T14:15:05.082+0000] {processor.py:183} INFO - Processing /home/airflow/.local/lib/python3.12/site-packages/airflow/example_dags/example_branch_python_dop_operator_3.py took 0.088 seconds
[2024-06-10T14:15:35.190+0000] {processor.py:161} INFO - Started process (PID=1188) to work on /home/airflow/.local/lib/python3.12/site-packages/airflow/example_dags/example_branch_python_dop_operator_3.py
[2024-06-10T14:15:35.192+0000] {processor.py:830} INFO - Processing file /home/airflow/.local/lib/python3.12/site-packages/airflow/example_dags/example_branch_python_dop_operator_3.py for tasks to queue
[2024-06-10T14:15:35.193+0000] {logging_mixin.py:188} INFO - [2024-06-10T14:15:35.193+0000] {dagbag.py:545} INFO - Filling up the DagBag from /home/airflow/.local/lib/python3.12/site-packages/airflow/example_dags/example_branch_python_dop_operator_3.py
[2024-06-10T14:15:35.201+0000] {processor.py:840} INFO - DAG(s) 'example_branch_dop_operator_v3' retrieved from /home/airflow/.local/lib/python3.12/site-packages/airflow/example_dags/example_branch_python_dop_operator_3.py
[2024-06-10T14:15:35.222+0000] {logging_mixin.py:188} INFO - [2024-06-10T14:15:35.221+0000] {dag.py:3096} INFO - Sync 1 DAGs
[2024-06-10T14:15:35.249+0000] {logging_mixin.py:188} INFO - [2024-06-10T14:15:35.249+0000] {dag.py:3954} INFO - Setting next_dagrun for example_branch_dop_operator_v3 to 2024-06-10 14:14:00+00:00, run_after=2024-06-10 14:15:00+00:00
[2024-06-10T14:15:35.269+0000] {processor.py:183} INFO - Processing /home/airflow/.local/lib/python3.12/site-packages/airflow/example_dags/example_branch_python_dop_operator_3.py took 0.085 seconds
[2024-06-10T14:16:05.502+0000] {processor.py:161} INFO - Started process (PID=1248) to work on /home/airflow/.local/lib/python3.12/site-packages/airflow/example_dags/example_branch_python_dop_operator_3.py
[2024-06-10T14:16:05.503+0000] {processor.py:830} INFO - Processing file /home/airflow/.local/lib/python3.12/site-packages/airflow/example_dags/example_branch_python_dop_operator_3.py for tasks to queue
[2024-06-10T14:16:05.505+0000] {logging_mixin.py:188} INFO - [2024-06-10T14:16:05.504+0000] {dagbag.py:545} INFO - Filling up the DagBag from /home/airflow/.local/lib/python3.12/site-packages/airflow/example_dags/example_branch_python_dop_operator_3.py
[2024-06-10T14:16:05.513+0000] {processor.py:840} INFO - DAG(s) 'example_branch_dop_operator_v3' retrieved from /home/airflow/.local/lib/python3.12/site-packages/airflow/example_dags/example_branch_python_dop_operator_3.py
[2024-06-10T14:16:05.534+0000] {logging_mixin.py:188} INFO - [2024-06-10T14:16:05.534+0000] {dag.py:3096} INFO - Sync 1 DAGs
[2024-06-10T14:16:05.563+0000] {logging_mixin.py:188} INFO - [2024-06-10T14:16:05.563+0000] {dag.py:3954} INFO - Setting next_dagrun for example_branch_dop_operator_v3 to 2024-06-10 14:15:00+00:00, run_after=2024-06-10 14:16:00+00:00
[2024-06-10T14:16:05.589+0000] {processor.py:183} INFO - Processing /home/airflow/.local/lib/python3.12/site-packages/airflow/example_dags/example_branch_python_dop_operator_3.py took 0.092 seconds
[2024-06-10T14:16:35.943+0000] {processor.py:161} INFO - Started process (PID=1308) to work on /home/airflow/.local/lib/python3.12/site-packages/airflow/example_dags/example_branch_python_dop_operator_3.py
[2024-06-10T14:16:35.944+0000] {processor.py:830} INFO - Processing file /home/airflow/.local/lib/python3.12/site-packages/airflow/example_dags/example_branch_python_dop_operator_3.py for tasks to queue
[2024-06-10T14:16:35.946+0000] {logging_mixin.py:188} INFO - [2024-06-10T14:16:35.945+0000] {dagbag.py:545} INFO - Filling up the DagBag from /home/airflow/.local/lib/python3.12/site-packages/airflow/example_dags/example_branch_python_dop_operator_3.py
[2024-06-10T14:16:35.958+0000] {processor.py:840} INFO - DAG(s) 'example_branch_dop_operator_v3' retrieved from /home/airflow/.local/lib/python3.12/site-packages/airflow/example_dags/example_branch_python_dop_operator_3.py
[2024-06-10T14:16:35.986+0000] {logging_mixin.py:188} INFO - [2024-06-10T14:16:35.986+0000] {dag.py:3096} INFO - Sync 1 DAGs
[2024-06-10T14:16:36.022+0000] {logging_mixin.py:188} INFO - [2024-06-10T14:16:36.022+0000] {dag.py:3954} INFO - Setting next_dagrun for example_branch_dop_operator_v3 to 2024-06-10 14:15:00+00:00, run_after=2024-06-10 14:16:00+00:00
[2024-06-10T14:16:36.305+0000] {processor.py:183} INFO - Processing /home/airflow/.local/lib/python3.12/site-packages/airflow/example_dags/example_branch_python_dop_operator_3.py took 0.376 seconds
[2024-06-10T14:17:07.044+0000] {processor.py:161} INFO - Started process (PID=1368) to work on /home/airflow/.local/lib/python3.12/site-packages/airflow/example_dags/example_branch_python_dop_operator_3.py
[2024-06-10T14:17:07.046+0000] {processor.py:830} INFO - Processing file /home/airflow/.local/lib/python3.12/site-packages/airflow/example_dags/example_branch_python_dop_operator_3.py for tasks to queue
[2024-06-10T14:17:07.046+0000] {logging_mixin.py:188} INFO - [2024-06-10T14:17:07.046+0000] {dagbag.py:545} INFO - Filling up the DagBag from /home/airflow/.local/lib/python3.12/site-packages/airflow/example_dags/example_branch_python_dop_operator_3.py
[2024-06-10T14:17:07.054+0000] {processor.py:840} INFO - DAG(s) 'example_branch_dop_operator_v3' retrieved from /home/airflow/.local/lib/python3.12/site-packages/airflow/example_dags/example_branch_python_dop_operator_3.py
[2024-06-10T14:17:07.069+0000] {logging_mixin.py:188} INFO - [2024-06-10T14:17:07.068+0000] {dag.py:3096} INFO - Sync 1 DAGs
[2024-06-10T14:17:07.095+0000] {logging_mixin.py:188} INFO - [2024-06-10T14:17:07.095+0000] {dag.py:3954} INFO - Setting next_dagrun for example_branch_dop_operator_v3 to 2024-06-10 14:16:00+00:00, run_after=2024-06-10 14:17:00+00:00
[2024-06-10T14:17:07.118+0000] {processor.py:183} INFO - Processing /home/airflow/.local/lib/python3.12/site-packages/airflow/example_dags/example_branch_python_dop_operator_3.py took 0.079 seconds
[2024-06-10T14:17:43.826+0000] {processor.py:161} INFO - Started process (PID=1428) to work on /home/airflow/.local/lib/python3.12/site-packages/airflow/example_dags/example_branch_python_dop_operator_3.py
[2024-06-10T14:17:43.828+0000] {processor.py:830} INFO - Processing file /home/airflow/.local/lib/python3.12/site-packages/airflow/example_dags/example_branch_python_dop_operator_3.py for tasks to queue
[2024-06-10T14:17:43.829+0000] {logging_mixin.py:188} INFO - [2024-06-10T14:17:43.829+0000] {dagbag.py:545} INFO - Filling up the DagBag from /home/airflow/.local/lib/python3.12/site-packages/airflow/example_dags/example_branch_python_dop_operator_3.py
[2024-06-10T14:17:43.839+0000] {processor.py:840} INFO - DAG(s) 'example_branch_dop_operator_v3' retrieved from /home/airflow/.local/lib/python3.12/site-packages/airflow/example_dags/example_branch_python_dop_operator_3.py
[2024-06-10T14:17:43.975+0000] {logging_mixin.py:188} INFO - [2024-06-10T14:17:43.975+0000] {dag.py:3096} INFO - Sync 1 DAGs
[2024-06-10T14:17:44.007+0000] {logging_mixin.py:188} INFO - [2024-06-10T14:17:44.007+0000] {dag.py:3954} INFO - Setting next_dagrun for example_branch_dop_operator_v3 to 2024-06-10 14:16:00+00:00, run_after=2024-06-10 14:17:00+00:00
[2024-06-10T14:17:44.035+0000] {processor.py:183} INFO - Processing /home/airflow/.local/lib/python3.12/site-packages/airflow/example_dags/example_branch_python_dop_operator_3.py took 0.215 seconds
[2024-06-10T14:18:19.097+0000] {processor.py:161} INFO - Started process (PID=1488) to work on /home/airflow/.local/lib/python3.12/site-packages/airflow/example_dags/example_branch_python_dop_operator_3.py
[2024-06-10T14:18:19.099+0000] {processor.py:830} INFO - Processing file /home/airflow/.local/lib/python3.12/site-packages/airflow/example_dags/example_branch_python_dop_operator_3.py for tasks to queue
[2024-06-10T14:18:19.101+0000] {logging_mixin.py:188} INFO - [2024-06-10T14:18:19.100+0000] {dagbag.py:545} INFO - Filling up the DagBag from /home/airflow/.local/lib/python3.12/site-packages/airflow/example_dags/example_branch_python_dop_operator_3.py
[2024-06-10T14:18:19.113+0000] {processor.py:840} INFO - DAG(s) 'example_branch_dop_operator_v3' retrieved from /home/airflow/.local/lib/python3.12/site-packages/airflow/example_dags/example_branch_python_dop_operator_3.py
[2024-06-10T14:18:19.154+0000] {logging_mixin.py:188} INFO - [2024-06-10T14:18:19.153+0000] {dag.py:3096} INFO - Sync 1 DAGs
[2024-06-10T14:18:19.198+0000] {logging_mixin.py:188} INFO - [2024-06-10T14:18:19.198+0000] {dag.py:3954} INFO - Setting next_dagrun for example_branch_dop_operator_v3 to 2024-06-10 14:17:00+00:00, run_after=2024-06-10 14:18:00+00:00
[2024-06-10T14:18:19.229+0000] {processor.py:183} INFO - Processing /home/airflow/.local/lib/python3.12/site-packages/airflow/example_dags/example_branch_python_dop_operator_3.py took 0.140 seconds
[2024-06-10T14:18:49.279+0000] {processor.py:161} INFO - Started process (PID=1547) to work on /home/airflow/.local/lib/python3.12/site-packages/airflow/example_dags/example_branch_python_dop_operator_3.py
[2024-06-10T14:18:49.280+0000] {processor.py:830} INFO - Processing file /home/airflow/.local/lib/python3.12/site-packages/airflow/example_dags/example_branch_python_dop_operator_3.py for tasks to queue
[2024-06-10T14:18:49.281+0000] {logging_mixin.py:188} INFO - [2024-06-10T14:18:49.281+0000] {dagbag.py:545} INFO - Filling up the DagBag from /home/airflow/.local/lib/python3.12/site-packages/airflow/example_dags/example_branch_python_dop_operator_3.py
[2024-06-10T14:18:49.291+0000] {processor.py:840} INFO - DAG(s) 'example_branch_dop_operator_v3' retrieved from /home/airflow/.local/lib/python3.12/site-packages/airflow/example_dags/example_branch_python_dop_operator_3.py
[2024-06-10T14:18:49.305+0000] {logging_mixin.py:188} INFO - [2024-06-10T14:18:49.305+0000] {dag.py:3096} INFO - Sync 1 DAGs
[2024-06-10T14:18:49.331+0000] {logging_mixin.py:188} INFO - [2024-06-10T14:18:49.331+0000] {dag.py:3954} INFO - Setting next_dagrun for example_branch_dop_operator_v3 to 2024-06-10 14:17:00+00:00, run_after=2024-06-10 14:18:00+00:00
[2024-06-10T14:18:49.354+0000] {processor.py:183} INFO - Processing /home/airflow/.local/lib/python3.12/site-packages/airflow/example_dags/example_branch_python_dop_operator_3.py took 0.082 seconds
[2024-06-10T14:19:20.331+0000] {processor.py:161} INFO - Started process (PID=1607) to work on /home/airflow/.local/lib/python3.12/site-packages/airflow/example_dags/example_branch_python_dop_operator_3.py
[2024-06-10T14:19:20.332+0000] {processor.py:830} INFO - Processing file /home/airflow/.local/lib/python3.12/site-packages/airflow/example_dags/example_branch_python_dop_operator_3.py for tasks to queue
[2024-06-10T14:19:20.334+0000] {logging_mixin.py:188} INFO - [2024-06-10T14:19:20.333+0000] {dagbag.py:545} INFO - Filling up the DagBag from /home/airflow/.local/lib/python3.12/site-packages/airflow/example_dags/example_branch_python_dop_operator_3.py
[2024-06-10T14:19:20.343+0000] {processor.py:840} INFO - DAG(s) 'example_branch_dop_operator_v3' retrieved from /home/airflow/.local/lib/python3.12/site-packages/airflow/example_dags/example_branch_python_dop_operator_3.py
[2024-06-10T14:19:20.467+0000] {logging_mixin.py:188} INFO - [2024-06-10T14:19:20.467+0000] {dag.py:3096} INFO - Sync 1 DAGs
[2024-06-10T14:19:20.490+0000] {logging_mixin.py:188} INFO - [2024-06-10T14:19:20.490+0000] {dag.py:3954} INFO - Setting next_dagrun for example_branch_dop_operator_v3 to 2024-06-10 14:18:00+00:00, run_after=2024-06-10 14:19:00+00:00
[2024-06-10T14:19:20.514+0000] {processor.py:183} INFO - Processing /home/airflow/.local/lib/python3.12/site-packages/airflow/example_dags/example_branch_python_dop_operator_3.py took 0.189 seconds
[2024-06-10T14:19:51.142+0000] {processor.py:161} INFO - Started process (PID=1667) to work on /home/airflow/.local/lib/python3.12/site-packages/airflow/example_dags/example_branch_python_dop_operator_3.py
[2024-06-10T14:19:51.144+0000] {processor.py:830} INFO - Processing file /home/airflow/.local/lib/python3.12/site-packages/airflow/example_dags/example_branch_python_dop_operator_3.py for tasks to queue
[2024-06-10T14:19:51.145+0000] {logging_mixin.py:188} INFO - [2024-06-10T14:19:51.144+0000] {dagbag.py:545} INFO - Filling up the DagBag from /home/airflow/.local/lib/python3.12/site-packages/airflow/example_dags/example_branch_python_dop_operator_3.py
[2024-06-10T14:19:51.154+0000] {processor.py:840} INFO - DAG(s) 'example_branch_dop_operator_v3' retrieved from /home/airflow/.local/lib/python3.12/site-packages/airflow/example_dags/example_branch_python_dop_operator_3.py
[2024-06-10T14:19:51.178+0000] {logging_mixin.py:188} INFO - [2024-06-10T14:19:51.178+0000] {dag.py:3096} INFO - Sync 1 DAGs
[2024-06-10T14:19:51.206+0000] {logging_mixin.py:188} INFO - [2024-06-10T14:19:51.205+0000] {dag.py:3954} INFO - Setting next_dagrun for example_branch_dop_operator_v3 to 2024-06-10 14:18:00+00:00, run_after=2024-06-10 14:19:00+00:00
[2024-06-10T14:19:51.227+0000] {processor.py:183} INFO - Processing /home/airflow/.local/lib/python3.12/site-packages/airflow/example_dags/example_branch_python_dop_operator_3.py took 0.090 seconds
[2024-06-10T14:20:21.507+0000] {processor.py:161} INFO - Started process (PID=1727) to work on /home/airflow/.local/lib/python3.12/site-packages/airflow/example_dags/example_branch_python_dop_operator_3.py
[2024-06-10T14:20:21.508+0000] {processor.py:830} INFO - Processing file /home/airflow/.local/lib/python3.12/site-packages/airflow/example_dags/example_branch_python_dop_operator_3.py for tasks to queue
[2024-06-10T14:20:21.509+0000] {logging_mixin.py:188} INFO - [2024-06-10T14:20:21.509+0000] {dagbag.py:545} INFO - Filling up the DagBag from /home/airflow/.local/lib/python3.12/site-packages/airflow/example_dags/example_branch_python_dop_operator_3.py
[2024-06-10T14:20:21.518+0000] {processor.py:840} INFO - DAG(s) 'example_branch_dop_operator_v3' retrieved from /home/airflow/.local/lib/python3.12/site-packages/airflow/example_dags/example_branch_python_dop_operator_3.py
[2024-06-10T14:20:21.544+0000] {logging_mixin.py:188} INFO - [2024-06-10T14:20:21.543+0000] {dag.py:3096} INFO - Sync 1 DAGs
[2024-06-10T14:20:21.571+0000] {logging_mixin.py:188} INFO - [2024-06-10T14:20:21.571+0000] {dag.py:3954} INFO - Setting next_dagrun for example_branch_dop_operator_v3 to 2024-06-10 14:19:00+00:00, run_after=2024-06-10 14:20:00+00:00
[2024-06-10T14:20:21.596+0000] {processor.py:183} INFO - Processing /home/airflow/.local/lib/python3.12/site-packages/airflow/example_dags/example_branch_python_dop_operator_3.py took 0.095 seconds
[2024-06-10T14:20:51.755+0000] {processor.py:161} INFO - Started process (PID=1787) to work on /home/airflow/.local/lib/python3.12/site-packages/airflow/example_dags/example_branch_python_dop_operator_3.py
[2024-06-10T14:20:51.757+0000] {processor.py:830} INFO - Processing file /home/airflow/.local/lib/python3.12/site-packages/airflow/example_dags/example_branch_python_dop_operator_3.py for tasks to queue
[2024-06-10T14:20:51.758+0000] {logging_mixin.py:188} INFO - [2024-06-10T14:20:51.757+0000] {dagbag.py:545} INFO - Filling up the DagBag from /home/airflow/.local/lib/python3.12/site-packages/airflow/example_dags/example_branch_python_dop_operator_3.py
[2024-06-10T14:20:51.765+0000] {processor.py:840} INFO - DAG(s) 'example_branch_dop_operator_v3' retrieved from /home/airflow/.local/lib/python3.12/site-packages/airflow/example_dags/example_branch_python_dop_operator_3.py
[2024-06-10T14:20:51.786+0000] {logging_mixin.py:188} INFO - [2024-06-10T14:20:51.786+0000] {dag.py:3096} INFO - Sync 1 DAGs
[2024-06-10T14:20:51.815+0000] {logging_mixin.py:188} INFO - [2024-06-10T14:20:51.815+0000] {dag.py:3954} INFO - Setting next_dagrun for example_branch_dop_operator_v3 to 2024-06-10 14:19:00+00:00, run_after=2024-06-10 14:20:00+00:00
[2024-06-10T14:20:51.836+0000] {processor.py:183} INFO - Processing /home/airflow/.local/lib/python3.12/site-packages/airflow/example_dags/example_branch_python_dop_operator_3.py took 0.085 seconds
[2024-06-10T14:21:21.993+0000] {processor.py:161} INFO - Started process (PID=1845) to work on /home/airflow/.local/lib/python3.12/site-packages/airflow/example_dags/example_branch_python_dop_operator_3.py
[2024-06-10T14:21:21.994+0000] {processor.py:830} INFO - Processing file /home/airflow/.local/lib/python3.12/site-packages/airflow/example_dags/example_branch_python_dop_operator_3.py for tasks to queue
[2024-06-10T14:21:21.995+0000] {logging_mixin.py:188} INFO - [2024-06-10T14:21:21.995+0000] {dagbag.py:545} INFO - Filling up the DagBag from /home/airflow/.local/lib/python3.12/site-packages/airflow/example_dags/example_branch_python_dop_operator_3.py
[2024-06-10T14:21:22.003+0000] {processor.py:840} INFO - DAG(s) 'example_branch_dop_operator_v3' retrieved from /home/airflow/.local/lib/python3.12/site-packages/airflow/example_dags/example_branch_python_dop_operator_3.py
[2024-06-10T14:21:22.022+0000] {logging_mixin.py:188} INFO - [2024-06-10T14:21:22.021+0000] {dag.py:3096} INFO - Sync 1 DAGs
[2024-06-10T14:21:22.044+0000] {logging_mixin.py:188} INFO - [2024-06-10T14:21:22.044+0000] {dag.py:3954} INFO - Setting next_dagrun for example_branch_dop_operator_v3 to 2024-06-10 14:20:00+00:00, run_after=2024-06-10 14:21:00+00:00
[2024-06-10T14:21:22.062+0000] {processor.py:183} INFO - Processing /home/airflow/.local/lib/python3.12/site-packages/airflow/example_dags/example_branch_python_dop_operator_3.py took 0.075 seconds
[2024-06-10T14:21:52.836+0000] {processor.py:161} INFO - Started process (PID=1906) to work on /home/airflow/.local/lib/python3.12/site-packages/airflow/example_dags/example_branch_python_dop_operator_3.py
[2024-06-10T14:21:52.837+0000] {processor.py:830} INFO - Processing file /home/airflow/.local/lib/python3.12/site-packages/airflow/example_dags/example_branch_python_dop_operator_3.py for tasks to queue
[2024-06-10T14:21:52.838+0000] {logging_mixin.py:188} INFO - [2024-06-10T14:21:52.838+0000] {dagbag.py:545} INFO - Filling up the DagBag from /home/airflow/.local/lib/python3.12/site-packages/airflow/example_dags/example_branch_python_dop_operator_3.py
[2024-06-10T14:21:52.847+0000] {processor.py:840} INFO - DAG(s) 'example_branch_dop_operator_v3' retrieved from /home/airflow/.local/lib/python3.12/site-packages/airflow/example_dags/example_branch_python_dop_operator_3.py
[2024-06-10T14:21:52.866+0000] {logging_mixin.py:188} INFO - [2024-06-10T14:21:52.866+0000] {dag.py:3096} INFO - Sync 1 DAGs
[2024-06-10T14:21:52.891+0000] {logging_mixin.py:188} INFO - [2024-06-10T14:21:52.891+0000] {dag.py:3954} INFO - Setting next_dagrun for example_branch_dop_operator_v3 to 2024-06-10 14:20:00+00:00, run_after=2024-06-10 14:21:00+00:00
[2024-06-10T14:21:52.911+0000] {processor.py:183} INFO - Processing /home/airflow/.local/lib/python3.12/site-packages/airflow/example_dags/example_branch_python_dop_operator_3.py took 0.081 seconds
[2024-06-10T14:26:17.630+0000] {processor.py:161} INFO - Started process (PID=74) to work on /home/airflow/.local/lib/python3.12/site-packages/airflow/example_dags/example_branch_python_dop_operator_3.py
[2024-06-10T14:26:17.632+0000] {processor.py:830} INFO - Processing file /home/airflow/.local/lib/python3.12/site-packages/airflow/example_dags/example_branch_python_dop_operator_3.py for tasks to queue
[2024-06-10T14:26:17.634+0000] {logging_mixin.py:188} INFO - [2024-06-10T14:26:17.634+0000] {dagbag.py:545} INFO - Filling up the DagBag from /home/airflow/.local/lib/python3.12/site-packages/airflow/example_dags/example_branch_python_dop_operator_3.py
[2024-06-10T14:26:17.647+0000] {processor.py:840} INFO - DAG(s) 'example_branch_dop_operator_v3' retrieved from /home/airflow/.local/lib/python3.12/site-packages/airflow/example_dags/example_branch_python_dop_operator_3.py
[2024-06-10T14:26:17.749+0000] {logging_mixin.py:188} INFO - [2024-06-10T14:26:17.748+0000] {override.py:1829} INFO - Created Permission View: can delete on DAG:example_branch_dop_operator_v3
[2024-06-10T14:26:17.759+0000] {logging_mixin.py:188} INFO - [2024-06-10T14:26:17.758+0000] {override.py:1829} INFO - Created Permission View: can read on DAG:example_branch_dop_operator_v3
[2024-06-10T14:26:17.765+0000] {logging_mixin.py:188} INFO - [2024-06-10T14:26:17.765+0000] {override.py:1829} INFO - Created Permission View: can edit on DAG:example_branch_dop_operator_v3
[2024-06-10T14:26:17.766+0000] {logging_mixin.py:188} INFO - [2024-06-10T14:26:17.766+0000] {dag.py:3096} INFO - Sync 1 DAGs
[2024-06-10T14:26:17.777+0000] {logging_mixin.py:188} INFO - [2024-06-10T14:26:17.777+0000] {dag.py:3118} INFO - Creating ORM DAG for example_branch_dop_operator_v3
[2024-06-10T14:26:17.791+0000] {logging_mixin.py:188} INFO - [2024-06-10T14:26:17.790+0000] {dag.py:3954} INFO - Setting next_dagrun for example_branch_dop_operator_v3 to 2024-06-10 14:25:00+00:00, run_after=2024-06-10 14:26:00+00:00
[2024-06-10T14:26:17.811+0000] {processor.py:183} INFO - Processing /home/airflow/.local/lib/python3.12/site-packages/airflow/example_dags/example_branch_python_dop_operator_3.py took 0.187 seconds
[2024-06-10T14:26:48.202+0000] {processor.py:161} INFO - Started process (PID=134) to work on /home/airflow/.local/lib/python3.12/site-packages/airflow/example_dags/example_branch_python_dop_operator_3.py
[2024-06-10T14:26:48.203+0000] {processor.py:830} INFO - Processing file /home/airflow/.local/lib/python3.12/site-packages/airflow/example_dags/example_branch_python_dop_operator_3.py for tasks to queue
[2024-06-10T14:26:48.205+0000] {logging_mixin.py:188} INFO - [2024-06-10T14:26:48.205+0000] {dagbag.py:545} INFO - Filling up the DagBag from /home/airflow/.local/lib/python3.12/site-packages/airflow/example_dags/example_branch_python_dop_operator_3.py
[2024-06-10T14:26:48.241+0000] {processor.py:840} INFO - DAG(s) 'example_branch_dop_operator_v3' retrieved from /home/airflow/.local/lib/python3.12/site-packages/airflow/example_dags/example_branch_python_dop_operator_3.py
[2024-06-10T14:26:48.253+0000] {logging_mixin.py:188} INFO - [2024-06-10T14:26:48.253+0000] {dag.py:3096} INFO - Sync 1 DAGs
[2024-06-10T14:26:48.290+0000] {logging_mixin.py:188} INFO - [2024-06-10T14:26:48.289+0000] {dag.py:3954} INFO - Setting next_dagrun for example_branch_dop_operator_v3 to 2024-06-10 14:25:00+00:00, run_after=2024-06-10 14:26:00+00:00
[2024-06-10T14:26:48.319+0000] {processor.py:183} INFO - Processing /home/airflow/.local/lib/python3.12/site-packages/airflow/example_dags/example_branch_python_dop_operator_3.py took 0.124 seconds
[2024-06-10T14:27:18.469+0000] {processor.py:161} INFO - Started process (PID=194) to work on /home/airflow/.local/lib/python3.12/site-packages/airflow/example_dags/example_branch_python_dop_operator_3.py
[2024-06-10T14:27:18.471+0000] {processor.py:830} INFO - Processing file /home/airflow/.local/lib/python3.12/site-packages/airflow/example_dags/example_branch_python_dop_operator_3.py for tasks to queue
[2024-06-10T14:27:18.473+0000] {logging_mixin.py:188} INFO - [2024-06-10T14:27:18.473+0000] {dagbag.py:545} INFO - Filling up the DagBag from /home/airflow/.local/lib/python3.12/site-packages/airflow/example_dags/example_branch_python_dop_operator_3.py
[2024-06-10T14:27:18.482+0000] {processor.py:840} INFO - DAG(s) 'example_branch_dop_operator_v3' retrieved from /home/airflow/.local/lib/python3.12/site-packages/airflow/example_dags/example_branch_python_dop_operator_3.py
[2024-06-10T14:27:18.590+0000] {logging_mixin.py:188} INFO - [2024-06-10T14:27:18.590+0000] {dag.py:3096} INFO - Sync 1 DAGs
[2024-06-10T14:27:18.619+0000] {logging_mixin.py:188} INFO - [2024-06-10T14:27:18.618+0000] {dag.py:3954} INFO - Setting next_dagrun for example_branch_dop_operator_v3 to 2024-06-10 14:26:00+00:00, run_after=2024-06-10 14:27:00+00:00
[2024-06-10T14:27:18.646+0000] {processor.py:183} INFO - Processing /home/airflow/.local/lib/python3.12/site-packages/airflow/example_dags/example_branch_python_dop_operator_3.py took 0.183 seconds
[2024-06-10T14:27:48.895+0000] {processor.py:161} INFO - Started process (PID=254) to work on /home/airflow/.local/lib/python3.12/site-packages/airflow/example_dags/example_branch_python_dop_operator_3.py
[2024-06-10T14:27:48.896+0000] {processor.py:830} INFO - Processing file /home/airflow/.local/lib/python3.12/site-packages/airflow/example_dags/example_branch_python_dop_operator_3.py for tasks to queue
[2024-06-10T14:27:48.898+0000] {logging_mixin.py:188} INFO - [2024-06-10T14:27:48.898+0000] {dagbag.py:545} INFO - Filling up the DagBag from /home/airflow/.local/lib/python3.12/site-packages/airflow/example_dags/example_branch_python_dop_operator_3.py
[2024-06-10T14:27:48.908+0000] {processor.py:840} INFO - DAG(s) 'example_branch_dop_operator_v3' retrieved from /home/airflow/.local/lib/python3.12/site-packages/airflow/example_dags/example_branch_python_dop_operator_3.py
[2024-06-10T14:27:48.929+0000] {logging_mixin.py:188} INFO - [2024-06-10T14:27:48.929+0000] {dag.py:3096} INFO - Sync 1 DAGs
[2024-06-10T14:27:48.960+0000] {logging_mixin.py:188} INFO - [2024-06-10T14:27:48.960+0000] {dag.py:3954} INFO - Setting next_dagrun for example_branch_dop_operator_v3 to 2024-06-10 14:26:00+00:00, run_after=2024-06-10 14:27:00+00:00
[2024-06-10T14:27:48.985+0000] {processor.py:183} INFO - Processing /home/airflow/.local/lib/python3.12/site-packages/airflow/example_dags/example_branch_python_dop_operator_3.py took 0.096 seconds
[2024-06-10T14:28:19.238+0000] {processor.py:161} INFO - Started process (PID=313) to work on /home/airflow/.local/lib/python3.12/site-packages/airflow/example_dags/example_branch_python_dop_operator_3.py
[2024-06-10T14:28:19.239+0000] {processor.py:830} INFO - Processing file /home/airflow/.local/lib/python3.12/site-packages/airflow/example_dags/example_branch_python_dop_operator_3.py for tasks to queue
[2024-06-10T14:28:19.241+0000] {logging_mixin.py:188} INFO - [2024-06-10T14:28:19.240+0000] {dagbag.py:545} INFO - Filling up the DagBag from /home/airflow/.local/lib/python3.12/site-packages/airflow/example_dags/example_branch_python_dop_operator_3.py
[2024-06-10T14:28:19.249+0000] {processor.py:840} INFO - DAG(s) 'example_branch_dop_operator_v3' retrieved from /home/airflow/.local/lib/python3.12/site-packages/airflow/example_dags/example_branch_python_dop_operator_3.py
[2024-06-10T14:28:19.267+0000] {logging_mixin.py:188} INFO - [2024-06-10T14:28:19.266+0000] {dag.py:3096} INFO - Sync 1 DAGs
[2024-06-10T14:28:19.290+0000] {logging_mixin.py:188} INFO - [2024-06-10T14:28:19.290+0000] {dag.py:3954} INFO - Setting next_dagrun for example_branch_dop_operator_v3 to 2024-06-10 14:27:00+00:00, run_after=2024-06-10 14:28:00+00:00
[2024-06-10T14:28:19.315+0000] {processor.py:183} INFO - Processing /home/airflow/.local/lib/python3.12/site-packages/airflow/example_dags/example_branch_python_dop_operator_3.py took 0.084 seconds
[2024-06-10T14:28:50.369+0000] {processor.py:161} INFO - Started process (PID=373) to work on /home/airflow/.local/lib/python3.12/site-packages/airflow/example_dags/example_branch_python_dop_operator_3.py
[2024-06-10T14:28:50.370+0000] {processor.py:830} INFO - Processing file /home/airflow/.local/lib/python3.12/site-packages/airflow/example_dags/example_branch_python_dop_operator_3.py for tasks to queue
[2024-06-10T14:28:50.372+0000] {logging_mixin.py:188} INFO - [2024-06-10T14:28:50.372+0000] {dagbag.py:545} INFO - Filling up the DagBag from /home/airflow/.local/lib/python3.12/site-packages/airflow/example_dags/example_branch_python_dop_operator_3.py
[2024-06-10T14:28:50.382+0000] {processor.py:840} INFO - DAG(s) 'example_branch_dop_operator_v3' retrieved from /home/airflow/.local/lib/python3.12/site-packages/airflow/example_dags/example_branch_python_dop_operator_3.py
[2024-06-10T14:28:50.404+0000] {logging_mixin.py:188} INFO - [2024-06-10T14:28:50.403+0000] {dag.py:3096} INFO - Sync 1 DAGs
[2024-06-10T14:28:50.431+0000] {logging_mixin.py:188} INFO - [2024-06-10T14:28:50.431+0000] {dag.py:3954} INFO - Setting next_dagrun for example_branch_dop_operator_v3 to 2024-06-10 14:27:00+00:00, run_after=2024-06-10 14:28:00+00:00
[2024-06-10T14:28:50.458+0000] {processor.py:183} INFO - Processing /home/airflow/.local/lib/python3.12/site-packages/airflow/example_dags/example_branch_python_dop_operator_3.py took 0.095 seconds
[2024-06-10T14:29:20.672+0000] {processor.py:161} INFO - Started process (PID=433) to work on /home/airflow/.local/lib/python3.12/site-packages/airflow/example_dags/example_branch_python_dop_operator_3.py
[2024-06-10T14:29:20.673+0000] {processor.py:830} INFO - Processing file /home/airflow/.local/lib/python3.12/site-packages/airflow/example_dags/example_branch_python_dop_operator_3.py for tasks to queue
[2024-06-10T14:29:20.675+0000] {logging_mixin.py:188} INFO - [2024-06-10T14:29:20.675+0000] {dagbag.py:545} INFO - Filling up the DagBag from /home/airflow/.local/lib/python3.12/site-packages/airflow/example_dags/example_branch_python_dop_operator_3.py
[2024-06-10T14:29:20.684+0000] {processor.py:840} INFO - DAG(s) 'example_branch_dop_operator_v3' retrieved from /home/airflow/.local/lib/python3.12/site-packages/airflow/example_dags/example_branch_python_dop_operator_3.py
[2024-06-10T14:29:20.703+0000] {logging_mixin.py:188} INFO - [2024-06-10T14:29:20.702+0000] {dag.py:3096} INFO - Sync 1 DAGs
[2024-06-10T14:29:20.727+0000] {logging_mixin.py:188} INFO - [2024-06-10T14:29:20.727+0000] {dag.py:3954} INFO - Setting next_dagrun for example_branch_dop_operator_v3 to 2024-06-10 14:28:00+00:00, run_after=2024-06-10 14:29:00+00:00
[2024-06-10T14:29:20.749+0000] {processor.py:183} INFO - Processing /home/airflow/.local/lib/python3.12/site-packages/airflow/example_dags/example_branch_python_dop_operator_3.py took 0.082 seconds
[2024-06-10T14:29:51.164+0000] {processor.py:161} INFO - Started process (PID=493) to work on /home/airflow/.local/lib/python3.12/site-packages/airflow/example_dags/example_branch_python_dop_operator_3.py
[2024-06-10T14:29:51.166+0000] {processor.py:830} INFO - Processing file /home/airflow/.local/lib/python3.12/site-packages/airflow/example_dags/example_branch_python_dop_operator_3.py for tasks to queue
[2024-06-10T14:29:51.168+0000] {logging_mixin.py:188} INFO - [2024-06-10T14:29:51.168+0000] {dagbag.py:545} INFO - Filling up the DagBag from /home/airflow/.local/lib/python3.12/site-packages/airflow/example_dags/example_branch_python_dop_operator_3.py
[2024-06-10T14:29:51.176+0000] {processor.py:840} INFO - DAG(s) 'example_branch_dop_operator_v3' retrieved from /home/airflow/.local/lib/python3.12/site-packages/airflow/example_dags/example_branch_python_dop_operator_3.py
[2024-06-10T14:29:51.197+0000] {logging_mixin.py:188} INFO - [2024-06-10T14:29:51.197+0000] {dag.py:3096} INFO - Sync 1 DAGs
[2024-06-10T14:29:51.221+0000] {logging_mixin.py:188} INFO - [2024-06-10T14:29:51.221+0000] {dag.py:3954} INFO - Setting next_dagrun for example_branch_dop_operator_v3 to 2024-06-10 14:28:00+00:00, run_after=2024-06-10 14:29:00+00:00
[2024-06-10T14:29:51.242+0000] {processor.py:183} INFO - Processing /home/airflow/.local/lib/python3.12/site-packages/airflow/example_dags/example_branch_python_dop_operator_3.py took 0.084 seconds
[2024-06-10T14:30:21.628+0000] {processor.py:161} INFO - Started process (PID=553) to work on /home/airflow/.local/lib/python3.12/site-packages/airflow/example_dags/example_branch_python_dop_operator_3.py
[2024-06-10T14:30:21.629+0000] {processor.py:830} INFO - Processing file /home/airflow/.local/lib/python3.12/site-packages/airflow/example_dags/example_branch_python_dop_operator_3.py for tasks to queue
[2024-06-10T14:30:21.631+0000] {logging_mixin.py:188} INFO - [2024-06-10T14:30:21.631+0000] {dagbag.py:545} INFO - Filling up the DagBag from /home/airflow/.local/lib/python3.12/site-packages/airflow/example_dags/example_branch_python_dop_operator_3.py
[2024-06-10T14:30:21.640+0000] {processor.py:840} INFO - DAG(s) 'example_branch_dop_operator_v3' retrieved from /home/airflow/.local/lib/python3.12/site-packages/airflow/example_dags/example_branch_python_dop_operator_3.py
[2024-06-10T14:30:21.661+0000] {logging_mixin.py:188} INFO - [2024-06-10T14:30:21.661+0000] {dag.py:3096} INFO - Sync 1 DAGs
[2024-06-10T14:30:21.686+0000] {logging_mixin.py:188} INFO - [2024-06-10T14:30:21.686+0000] {dag.py:3954} INFO - Setting next_dagrun for example_branch_dop_operator_v3 to 2024-06-10 14:29:00+00:00, run_after=2024-06-10 14:30:00+00:00
[2024-06-10T14:30:21.709+0000] {processor.py:183} INFO - Processing /home/airflow/.local/lib/python3.12/site-packages/airflow/example_dags/example_branch_python_dop_operator_3.py took 0.086 seconds
[2024-06-10T14:30:52.254+0000] {processor.py:161} INFO - Started process (PID=613) to work on /home/airflow/.local/lib/python3.12/site-packages/airflow/example_dags/example_branch_python_dop_operator_3.py
[2024-06-10T14:30:52.256+0000] {processor.py:830} INFO - Processing file /home/airflow/.local/lib/python3.12/site-packages/airflow/example_dags/example_branch_python_dop_operator_3.py for tasks to queue
[2024-06-10T14:30:52.257+0000] {logging_mixin.py:188} INFO - [2024-06-10T14:30:52.257+0000] {dagbag.py:545} INFO - Filling up the DagBag from /home/airflow/.local/lib/python3.12/site-packages/airflow/example_dags/example_branch_python_dop_operator_3.py
[2024-06-10T14:30:52.265+0000] {processor.py:840} INFO - DAG(s) 'example_branch_dop_operator_v3' retrieved from /home/airflow/.local/lib/python3.12/site-packages/airflow/example_dags/example_branch_python_dop_operator_3.py
[2024-06-10T14:30:52.285+0000] {logging_mixin.py:188} INFO - [2024-06-10T14:30:52.285+0000] {dag.py:3096} INFO - Sync 1 DAGs
[2024-06-10T14:30:52.309+0000] {logging_mixin.py:188} INFO - [2024-06-10T14:30:52.309+0000] {dag.py:3954} INFO - Setting next_dagrun for example_branch_dop_operator_v3 to 2024-06-10 14:29:00+00:00, run_after=2024-06-10 14:30:00+00:00
[2024-06-10T14:30:52.331+0000] {processor.py:183} INFO - Processing /home/airflow/.local/lib/python3.12/site-packages/airflow/example_dags/example_branch_python_dop_operator_3.py took 0.082 seconds
[2024-06-10T14:31:22.593+0000] {processor.py:161} INFO - Started process (PID=673) to work on /home/airflow/.local/lib/python3.12/site-packages/airflow/example_dags/example_branch_python_dop_operator_3.py
[2024-06-10T14:31:22.594+0000] {processor.py:830} INFO - Processing file /home/airflow/.local/lib/python3.12/site-packages/airflow/example_dags/example_branch_python_dop_operator_3.py for tasks to queue
[2024-06-10T14:31:22.596+0000] {logging_mixin.py:188} INFO - [2024-06-10T14:31:22.596+0000] {dagbag.py:545} INFO - Filling up the DagBag from /home/airflow/.local/lib/python3.12/site-packages/airflow/example_dags/example_branch_python_dop_operator_3.py
[2024-06-10T14:31:22.605+0000] {processor.py:840} INFO - DAG(s) 'example_branch_dop_operator_v3' retrieved from /home/airflow/.local/lib/python3.12/site-packages/airflow/example_dags/example_branch_python_dop_operator_3.py
[2024-06-10T14:31:22.627+0000] {logging_mixin.py:188} INFO - [2024-06-10T14:31:22.627+0000] {dag.py:3096} INFO - Sync 1 DAGs
[2024-06-10T14:31:22.652+0000] {logging_mixin.py:188} INFO - [2024-06-10T14:31:22.652+0000] {dag.py:3954} INFO - Setting next_dagrun for example_branch_dop_operator_v3 to 2024-06-10 14:30:00+00:00, run_after=2024-06-10 14:31:00+00:00
[2024-06-10T14:31:22.676+0000] {processor.py:183} INFO - Processing /home/airflow/.local/lib/python3.12/site-packages/airflow/example_dags/example_branch_python_dop_operator_3.py took 0.088 seconds
[2024-06-10T14:31:53.251+0000] {processor.py:161} INFO - Started process (PID=733) to work on /home/airflow/.local/lib/python3.12/site-packages/airflow/example_dags/example_branch_python_dop_operator_3.py
[2024-06-10T14:31:53.252+0000] {processor.py:830} INFO - Processing file /home/airflow/.local/lib/python3.12/site-packages/airflow/example_dags/example_branch_python_dop_operator_3.py for tasks to queue
[2024-06-10T14:31:53.255+0000] {logging_mixin.py:188} INFO - [2024-06-10T14:31:53.254+0000] {dagbag.py:545} INFO - Filling up the DagBag from /home/airflow/.local/lib/python3.12/site-packages/airflow/example_dags/example_branch_python_dop_operator_3.py
[2024-06-10T14:31:53.264+0000] {processor.py:840} INFO - DAG(s) 'example_branch_dop_operator_v3' retrieved from /home/airflow/.local/lib/python3.12/site-packages/airflow/example_dags/example_branch_python_dop_operator_3.py
[2024-06-10T14:31:53.301+0000] {logging_mixin.py:188} INFO - [2024-06-10T14:31:53.301+0000] {dag.py:3096} INFO - Sync 1 DAGs
[2024-06-10T14:31:53.359+0000] {logging_mixin.py:188} INFO - [2024-06-10T14:31:53.357+0000] {dag.py:3954} INFO - Setting next_dagrun for example_branch_dop_operator_v3 to 2024-06-10 14:30:00+00:00, run_after=2024-06-10 14:31:00+00:00
[2024-06-10T14:31:53.395+0000] {processor.py:183} INFO - Processing /home/airflow/.local/lib/python3.12/site-packages/airflow/example_dags/example_branch_python_dop_operator_3.py took 0.150 seconds
[2024-06-10T14:32:23.850+0000] {processor.py:161} INFO - Started process (PID=793) to work on /home/airflow/.local/lib/python3.12/site-packages/airflow/example_dags/example_branch_python_dop_operator_3.py
[2024-06-10T14:32:23.851+0000] {processor.py:830} INFO - Processing file /home/airflow/.local/lib/python3.12/site-packages/airflow/example_dags/example_branch_python_dop_operator_3.py for tasks to queue
[2024-06-10T14:32:23.853+0000] {logging_mixin.py:188} INFO - [2024-06-10T14:32:23.853+0000] {dagbag.py:545} INFO - Filling up the DagBag from /home/airflow/.local/lib/python3.12/site-packages/airflow/example_dags/example_branch_python_dop_operator_3.py
[2024-06-10T14:32:23.864+0000] {processor.py:840} INFO - DAG(s) 'example_branch_dop_operator_v3' retrieved from /home/airflow/.local/lib/python3.12/site-packages/airflow/example_dags/example_branch_python_dop_operator_3.py
[2024-06-10T14:32:23.892+0000] {logging_mixin.py:188} INFO - [2024-06-10T14:32:23.892+0000] {dag.py:3096} INFO - Sync 1 DAGs
[2024-06-10T14:32:23.926+0000] {logging_mixin.py:188} INFO - [2024-06-10T14:32:23.926+0000] {dag.py:3954} INFO - Setting next_dagrun for example_branch_dop_operator_v3 to 2024-06-10 14:31:00+00:00, run_after=2024-06-10 14:32:00+00:00
[2024-06-10T14:32:23.952+0000] {processor.py:183} INFO - Processing /home/airflow/.local/lib/python3.12/site-packages/airflow/example_dags/example_branch_python_dop_operator_3.py took 0.109 seconds
[2024-06-10T14:32:54.411+0000] {processor.py:161} INFO - Started process (PID=853) to work on /home/airflow/.local/lib/python3.12/site-packages/airflow/example_dags/example_branch_python_dop_operator_3.py
[2024-06-10T14:32:54.413+0000] {processor.py:830} INFO - Processing file /home/airflow/.local/lib/python3.12/site-packages/airflow/example_dags/example_branch_python_dop_operator_3.py for tasks to queue
[2024-06-10T14:32:54.415+0000] {logging_mixin.py:188} INFO - [2024-06-10T14:32:54.414+0000] {dagbag.py:545} INFO - Filling up the DagBag from /home/airflow/.local/lib/python3.12/site-packages/airflow/example_dags/example_branch_python_dop_operator_3.py
[2024-06-10T14:32:54.425+0000] {processor.py:840} INFO - DAG(s) 'example_branch_dop_operator_v3' retrieved from /home/airflow/.local/lib/python3.12/site-packages/airflow/example_dags/example_branch_python_dop_operator_3.py
[2024-06-10T14:32:54.446+0000] {logging_mixin.py:188} INFO - [2024-06-10T14:32:54.446+0000] {dag.py:3096} INFO - Sync 1 DAGs
[2024-06-10T14:32:54.478+0000] {logging_mixin.py:188} INFO - [2024-06-10T14:32:54.478+0000] {dag.py:3954} INFO - Setting next_dagrun for example_branch_dop_operator_v3 to 2024-06-10 14:31:00+00:00, run_after=2024-06-10 14:32:00+00:00
[2024-06-10T14:32:54.499+0000] {processor.py:183} INFO - Processing /home/airflow/.local/lib/python3.12/site-packages/airflow/example_dags/example_branch_python_dop_operator_3.py took 0.093 seconds
[2024-06-10T14:33:25.344+0000] {processor.py:161} INFO - Started process (PID=913) to work on /home/airflow/.local/lib/python3.12/site-packages/airflow/example_dags/example_branch_python_dop_operator_3.py
[2024-06-10T14:33:25.346+0000] {processor.py:830} INFO - Processing file /home/airflow/.local/lib/python3.12/site-packages/airflow/example_dags/example_branch_python_dop_operator_3.py for tasks to queue
[2024-06-10T14:33:25.349+0000] {logging_mixin.py:188} INFO - [2024-06-10T14:33:25.348+0000] {dagbag.py:545} INFO - Filling up the DagBag from /home/airflow/.local/lib/python3.12/site-packages/airflow/example_dags/example_branch_python_dop_operator_3.py
[2024-06-10T14:33:25.357+0000] {processor.py:840} INFO - DAG(s) 'example_branch_dop_operator_v3' retrieved from /home/airflow/.local/lib/python3.12/site-packages/airflow/example_dags/example_branch_python_dop_operator_3.py
[2024-06-10T14:33:25.376+0000] {logging_mixin.py:188} INFO - [2024-06-10T14:33:25.376+0000] {dag.py:3096} INFO - Sync 1 DAGs
[2024-06-10T14:33:25.408+0000] {logging_mixin.py:188} INFO - [2024-06-10T14:33:25.408+0000] {dag.py:3954} INFO - Setting next_dagrun for example_branch_dop_operator_v3 to 2024-06-10 14:32:00+00:00, run_after=2024-06-10 14:33:00+00:00
[2024-06-10T14:33:25.428+0000] {processor.py:183} INFO - Processing /home/airflow/.local/lib/python3.12/site-packages/airflow/example_dags/example_branch_python_dop_operator_3.py took 0.089 seconds
[2024-06-10T14:33:55.735+0000] {processor.py:161} INFO - Started process (PID=973) to work on /home/airflow/.local/lib/python3.12/site-packages/airflow/example_dags/example_branch_python_dop_operator_3.py
[2024-06-10T14:33:55.736+0000] {processor.py:830} INFO - Processing file /home/airflow/.local/lib/python3.12/site-packages/airflow/example_dags/example_branch_python_dop_operator_3.py for tasks to queue
[2024-06-10T14:33:55.738+0000] {logging_mixin.py:188} INFO - [2024-06-10T14:33:55.738+0000] {dagbag.py:545} INFO - Filling up the DagBag from /home/airflow/.local/lib/python3.12/site-packages/airflow/example_dags/example_branch_python_dop_operator_3.py
[2024-06-10T14:33:55.745+0000] {processor.py:840} INFO - DAG(s) 'example_branch_dop_operator_v3' retrieved from /home/airflow/.local/lib/python3.12/site-packages/airflow/example_dags/example_branch_python_dop_operator_3.py
[2024-06-10T14:33:55.766+0000] {logging_mixin.py:188} INFO - [2024-06-10T14:33:55.766+0000] {dag.py:3096} INFO - Sync 1 DAGs
[2024-06-10T14:33:55.795+0000] {logging_mixin.py:188} INFO - [2024-06-10T14:33:55.795+0000] {dag.py:3954} INFO - Setting next_dagrun for example_branch_dop_operator_v3 to 2024-06-10 14:32:00+00:00, run_after=2024-06-10 14:33:00+00:00
[2024-06-10T14:33:55.819+0000] {processor.py:183} INFO - Processing /home/airflow/.local/lib/python3.12/site-packages/airflow/example_dags/example_branch_python_dop_operator_3.py took 0.089 seconds
[2024-06-10T14:34:26.892+0000] {processor.py:161} INFO - Started process (PID=1033) to work on /home/airflow/.local/lib/python3.12/site-packages/airflow/example_dags/example_branch_python_dop_operator_3.py
[2024-06-10T14:34:26.893+0000] {processor.py:830} INFO - Processing file /home/airflow/.local/lib/python3.12/site-packages/airflow/example_dags/example_branch_python_dop_operator_3.py for tasks to queue
[2024-06-10T14:34:26.896+0000] {logging_mixin.py:188} INFO - [2024-06-10T14:34:26.896+0000] {dagbag.py:545} INFO - Filling up the DagBag from /home/airflow/.local/lib/python3.12/site-packages/airflow/example_dags/example_branch_python_dop_operator_3.py
[2024-06-10T14:34:26.910+0000] {processor.py:840} INFO - DAG(s) 'example_branch_dop_operator_v3' retrieved from /home/airflow/.local/lib/python3.12/site-packages/airflow/example_dags/example_branch_python_dop_operator_3.py
[2024-06-10T14:34:26.930+0000] {logging_mixin.py:188} INFO - [2024-06-10T14:34:26.930+0000] {dag.py:3096} INFO - Sync 1 DAGs
[2024-06-10T14:34:26.960+0000] {logging_mixin.py:188} INFO - [2024-06-10T14:34:26.960+0000] {dag.py:3954} INFO - Setting next_dagrun for example_branch_dop_operator_v3 to 2024-06-10 14:33:00+00:00, run_after=2024-06-10 14:34:00+00:00
[2024-06-10T14:34:26.986+0000] {processor.py:183} INFO - Processing /home/airflow/.local/lib/python3.12/site-packages/airflow/example_dags/example_branch_python_dop_operator_3.py took 0.100 seconds
[2024-06-10T14:34:57.956+0000] {processor.py:161} INFO - Started process (PID=1093) to work on /home/airflow/.local/lib/python3.12/site-packages/airflow/example_dags/example_branch_python_dop_operator_3.py
[2024-06-10T14:34:57.958+0000] {processor.py:830} INFO - Processing file /home/airflow/.local/lib/python3.12/site-packages/airflow/example_dags/example_branch_python_dop_operator_3.py for tasks to queue
[2024-06-10T14:34:57.960+0000] {logging_mixin.py:188} INFO - [2024-06-10T14:34:57.959+0000] {dagbag.py:545} INFO - Filling up the DagBag from /home/airflow/.local/lib/python3.12/site-packages/airflow/example_dags/example_branch_python_dop_operator_3.py
[2024-06-10T14:34:57.970+0000] {processor.py:840} INFO - DAG(s) 'example_branch_dop_operator_v3' retrieved from /home/airflow/.local/lib/python3.12/site-packages/airflow/example_dags/example_branch_python_dop_operator_3.py
[2024-06-10T14:34:57.995+0000] {logging_mixin.py:188} INFO - [2024-06-10T14:34:57.995+0000] {dag.py:3096} INFO - Sync 1 DAGs
[2024-06-10T14:34:58.027+0000] {logging_mixin.py:188} INFO - [2024-06-10T14:34:58.027+0000] {dag.py:3954} INFO - Setting next_dagrun for example_branch_dop_operator_v3 to 2024-06-10 14:33:00+00:00, run_after=2024-06-10 14:34:00+00:00
[2024-06-10T14:34:58.051+0000] {processor.py:183} INFO - Processing /home/airflow/.local/lib/python3.12/site-packages/airflow/example_dags/example_branch_python_dop_operator_3.py took 0.101 seconds
