[2024-06-10T14:04:41.982+0000] {processor.py:161} INFO - Started process (PID=49) to work on /home/airflow/.local/lib/python3.12/site-packages/airflow/example_dags/example_bash_decorator.py
[2024-06-10T14:04:41.983+0000] {processor.py:830} INFO - Processing file /home/airflow/.local/lib/python3.12/site-packages/airflow/example_dags/example_bash_decorator.py for tasks to queue
[2024-06-10T14:04:41.986+0000] {logging_mixin.py:188} INFO - [2024-06-10T14:04:41.986+0000] {dagbag.py:545} INFO - Filling up the DagBag from /home/airflow/.local/lib/python3.12/site-packages/airflow/example_dags/example_bash_decorator.py
[2024-06-10T14:04:42.031+0000] {processor.py:840} INFO - DAG(s) 'example_bash_decorator' retrieved from /home/airflow/.local/lib/python3.12/site-packages/airflow/example_dags/example_bash_decorator.py
[2024-06-10T14:04:42.463+0000] {logging_mixin.py:188} INFO - [2024-06-10T14:04:42.462+0000] {dag.py:3096} INFO - Sync 1 DAGs
[2024-06-10T14:04:42.477+0000] {logging_mixin.py:188} INFO - [2024-06-10T14:04:42.477+0000] {dag.py:3954} INFO - Setting next_dagrun for example_bash_decorator to None, run_after=None
[2024-06-10T14:04:42.505+0000] {processor.py:183} INFO - Processing /home/airflow/.local/lib/python3.12/site-packages/airflow/example_dags/example_bash_decorator.py took 0.534 seconds
[2024-06-10T14:05:13.340+0000] {processor.py:161} INFO - Started process (PID=116) to work on /home/airflow/.local/lib/python3.12/site-packages/airflow/example_dags/example_bash_decorator.py
[2024-06-10T14:05:13.341+0000] {processor.py:830} INFO - Processing file /home/airflow/.local/lib/python3.12/site-packages/airflow/example_dags/example_bash_decorator.py for tasks to queue
[2024-06-10T14:05:13.343+0000] {logging_mixin.py:188} INFO - [2024-06-10T14:05:13.343+0000] {dagbag.py:545} INFO - Filling up the DagBag from /home/airflow/.local/lib/python3.12/site-packages/airflow/example_dags/example_bash_decorator.py
[2024-06-10T14:05:13.356+0000] {processor.py:840} INFO - DAG(s) 'example_bash_decorator' retrieved from /home/airflow/.local/lib/python3.12/site-packages/airflow/example_dags/example_bash_decorator.py
[2024-06-10T14:05:13.381+0000] {logging_mixin.py:188} INFO - [2024-06-10T14:05:13.381+0000] {dag.py:3096} INFO - Sync 1 DAGs
[2024-06-10T14:05:13.394+0000] {logging_mixin.py:188} INFO - [2024-06-10T14:05:13.393+0000] {dag.py:3954} INFO - Setting next_dagrun for example_bash_decorator to None, run_after=None
[2024-06-10T14:05:13.413+0000] {processor.py:183} INFO - Processing /home/airflow/.local/lib/python3.12/site-packages/airflow/example_dags/example_bash_decorator.py took 0.080 seconds
[2024-06-10T14:05:43.852+0000] {processor.py:161} INFO - Started process (PID=185) to work on /home/airflow/.local/lib/python3.12/site-packages/airflow/example_dags/example_bash_decorator.py
[2024-06-10T14:05:43.855+0000] {processor.py:830} INFO - Processing file /home/airflow/.local/lib/python3.12/site-packages/airflow/example_dags/example_bash_decorator.py for tasks to queue
[2024-06-10T14:05:43.857+0000] {logging_mixin.py:188} INFO - [2024-06-10T14:05:43.857+0000] {dagbag.py:545} INFO - Filling up the DagBag from /home/airflow/.local/lib/python3.12/site-packages/airflow/example_dags/example_bash_decorator.py
[2024-06-10T14:05:43.873+0000] {processor.py:840} INFO - DAG(s) 'example_bash_decorator' retrieved from /home/airflow/.local/lib/python3.12/site-packages/airflow/example_dags/example_bash_decorator.py
[2024-06-10T14:05:43.895+0000] {logging_mixin.py:188} INFO - [2024-06-10T14:05:43.895+0000] {dag.py:3096} INFO - Sync 1 DAGs
[2024-06-10T14:05:43.910+0000] {logging_mixin.py:188} INFO - [2024-06-10T14:05:43.910+0000] {dag.py:3954} INFO - Setting next_dagrun for example_bash_decorator to None, run_after=None
[2024-06-10T14:05:43.935+0000] {processor.py:183} INFO - Processing /home/airflow/.local/lib/python3.12/site-packages/airflow/example_dags/example_bash_decorator.py took 0.087 seconds
[2024-06-10T14:06:14.119+0000] {processor.py:161} INFO - Started process (PID=254) to work on /home/airflow/.local/lib/python3.12/site-packages/airflow/example_dags/example_bash_decorator.py
[2024-06-10T14:06:14.121+0000] {processor.py:830} INFO - Processing file /home/airflow/.local/lib/python3.12/site-packages/airflow/example_dags/example_bash_decorator.py for tasks to queue
[2024-06-10T14:06:14.123+0000] {logging_mixin.py:188} INFO - [2024-06-10T14:06:14.122+0000] {dagbag.py:545} INFO - Filling up the DagBag from /home/airflow/.local/lib/python3.12/site-packages/airflow/example_dags/example_bash_decorator.py
[2024-06-10T14:06:14.138+0000] {processor.py:840} INFO - DAG(s) 'example_bash_decorator' retrieved from /home/airflow/.local/lib/python3.12/site-packages/airflow/example_dags/example_bash_decorator.py
[2024-06-10T14:06:14.150+0000] {logging_mixin.py:188} INFO - [2024-06-10T14:06:14.150+0000] {dag.py:3096} INFO - Sync 1 DAGs
[2024-06-10T14:06:14.168+0000] {logging_mixin.py:188} INFO - [2024-06-10T14:06:14.167+0000] {dag.py:3954} INFO - Setting next_dagrun for example_bash_decorator to None, run_after=None
[2024-06-10T14:06:14.194+0000] {processor.py:183} INFO - Processing /home/airflow/.local/lib/python3.12/site-packages/airflow/example_dags/example_bash_decorator.py took 0.081 seconds
[2024-06-10T14:07:13.162+0000] {processor.py:161} INFO - Started process (PID=42) to work on /home/airflow/.local/lib/python3.12/site-packages/airflow/example_dags/example_bash_decorator.py
[2024-06-10T14:07:13.164+0000] {processor.py:830} INFO - Processing file /home/airflow/.local/lib/python3.12/site-packages/airflow/example_dags/example_bash_decorator.py for tasks to queue
[2024-06-10T14:07:13.167+0000] {logging_mixin.py:188} INFO - [2024-06-10T14:07:13.166+0000] {dagbag.py:545} INFO - Filling up the DagBag from /home/airflow/.local/lib/python3.12/site-packages/airflow/example_dags/example_bash_decorator.py
[2024-06-10T14:07:13.188+0000] {processor.py:840} INFO - DAG(s) 'example_bash_decorator' retrieved from /home/airflow/.local/lib/python3.12/site-packages/airflow/example_dags/example_bash_decorator.py
[2024-06-10T14:07:13.336+0000] {logging_mixin.py:188} INFO - [2024-06-10T14:07:13.336+0000] {dag.py:3096} INFO - Sync 1 DAGs
[2024-06-10T14:07:13.352+0000] {logging_mixin.py:188} INFO - [2024-06-10T14:07:13.351+0000] {dag.py:3954} INFO - Setting next_dagrun for example_bash_decorator to None, run_after=None
[2024-06-10T14:07:13.388+0000] {processor.py:183} INFO - Processing /home/airflow/.local/lib/python3.12/site-packages/airflow/example_dags/example_bash_decorator.py took 0.235 seconds
[2024-06-10T14:07:43.564+0000] {processor.py:161} INFO - Started process (PID=110) to work on /home/airflow/.local/lib/python3.12/site-packages/airflow/example_dags/example_bash_decorator.py
[2024-06-10T14:07:43.565+0000] {processor.py:830} INFO - Processing file /home/airflow/.local/lib/python3.12/site-packages/airflow/example_dags/example_bash_decorator.py for tasks to queue
[2024-06-10T14:07:43.568+0000] {logging_mixin.py:188} INFO - [2024-06-10T14:07:43.567+0000] {dagbag.py:545} INFO - Filling up the DagBag from /home/airflow/.local/lib/python3.12/site-packages/airflow/example_dags/example_bash_decorator.py
[2024-06-10T14:07:43.591+0000] {processor.py:840} INFO - DAG(s) 'example_bash_decorator' retrieved from /home/airflow/.local/lib/python3.12/site-packages/airflow/example_dags/example_bash_decorator.py
[2024-06-10T14:07:43.621+0000] {logging_mixin.py:188} INFO - [2024-06-10T14:07:43.621+0000] {dag.py:3096} INFO - Sync 1 DAGs
[2024-06-10T14:07:43.638+0000] {logging_mixin.py:188} INFO - [2024-06-10T14:07:43.638+0000] {dag.py:3954} INFO - Setting next_dagrun for example_bash_decorator to None, run_after=None
[2024-06-10T14:07:43.659+0000] {processor.py:183} INFO - Processing /home/airflow/.local/lib/python3.12/site-packages/airflow/example_dags/example_bash_decorator.py took 0.102 seconds
[2024-06-10T14:08:14.575+0000] {processor.py:161} INFO - Started process (PID=179) to work on /home/airflow/.local/lib/python3.12/site-packages/airflow/example_dags/example_bash_decorator.py
[2024-06-10T14:08:14.577+0000] {processor.py:830} INFO - Processing file /home/airflow/.local/lib/python3.12/site-packages/airflow/example_dags/example_bash_decorator.py for tasks to queue
[2024-06-10T14:08:14.579+0000] {logging_mixin.py:188} INFO - [2024-06-10T14:08:14.579+0000] {dagbag.py:545} INFO - Filling up the DagBag from /home/airflow/.local/lib/python3.12/site-packages/airflow/example_dags/example_bash_decorator.py
[2024-06-10T14:08:14.592+0000] {processor.py:840} INFO - DAG(s) 'example_bash_decorator' retrieved from /home/airflow/.local/lib/python3.12/site-packages/airflow/example_dags/example_bash_decorator.py
[2024-06-10T14:08:14.616+0000] {logging_mixin.py:188} INFO - [2024-06-10T14:08:14.616+0000] {dag.py:3096} INFO - Sync 1 DAGs
[2024-06-10T14:08:14.629+0000] {logging_mixin.py:188} INFO - [2024-06-10T14:08:14.629+0000] {dag.py:3954} INFO - Setting next_dagrun for example_bash_decorator to None, run_after=None
[2024-06-10T14:08:14.648+0000] {processor.py:183} INFO - Processing /home/airflow/.local/lib/python3.12/site-packages/airflow/example_dags/example_bash_decorator.py took 0.088 seconds
[2024-06-10T14:08:45.082+0000] {processor.py:161} INFO - Started process (PID=248) to work on /home/airflow/.local/lib/python3.12/site-packages/airflow/example_dags/example_bash_decorator.py
[2024-06-10T14:08:45.084+0000] {processor.py:830} INFO - Processing file /home/airflow/.local/lib/python3.12/site-packages/airflow/example_dags/example_bash_decorator.py for tasks to queue
[2024-06-10T14:08:45.086+0000] {logging_mixin.py:188} INFO - [2024-06-10T14:08:45.086+0000] {dagbag.py:545} INFO - Filling up the DagBag from /home/airflow/.local/lib/python3.12/site-packages/airflow/example_dags/example_bash_decorator.py
[2024-06-10T14:08:45.100+0000] {processor.py:840} INFO - DAG(s) 'example_bash_decorator' retrieved from /home/airflow/.local/lib/python3.12/site-packages/airflow/example_dags/example_bash_decorator.py
[2024-06-10T14:08:45.128+0000] {logging_mixin.py:188} INFO - [2024-06-10T14:08:45.127+0000] {dag.py:3096} INFO - Sync 1 DAGs
[2024-06-10T14:08:45.143+0000] {logging_mixin.py:188} INFO - [2024-06-10T14:08:45.143+0000] {dag.py:3954} INFO - Setting next_dagrun for example_bash_decorator to None, run_after=None
[2024-06-10T14:08:45.166+0000] {processor.py:183} INFO - Processing /home/airflow/.local/lib/python3.12/site-packages/airflow/example_dags/example_bash_decorator.py took 0.090 seconds
[2024-06-10T14:09:15.805+0000] {processor.py:161} INFO - Started process (PID=317) to work on /home/airflow/.local/lib/python3.12/site-packages/airflow/example_dags/example_bash_decorator.py
[2024-06-10T14:09:15.807+0000] {processor.py:830} INFO - Processing file /home/airflow/.local/lib/python3.12/site-packages/airflow/example_dags/example_bash_decorator.py for tasks to queue
[2024-06-10T14:09:15.810+0000] {logging_mixin.py:188} INFO - [2024-06-10T14:09:15.809+0000] {dagbag.py:545} INFO - Filling up the DagBag from /home/airflow/.local/lib/python3.12/site-packages/airflow/example_dags/example_bash_decorator.py
[2024-06-10T14:09:15.827+0000] {processor.py:840} INFO - DAG(s) 'example_bash_decorator' retrieved from /home/airflow/.local/lib/python3.12/site-packages/airflow/example_dags/example_bash_decorator.py
[2024-06-10T14:09:15.854+0000] {logging_mixin.py:188} INFO - [2024-06-10T14:09:15.853+0000] {dag.py:3096} INFO - Sync 1 DAGs
[2024-06-10T14:09:15.871+0000] {logging_mixin.py:188} INFO - [2024-06-10T14:09:15.871+0000] {dag.py:3954} INFO - Setting next_dagrun for example_bash_decorator to None, run_after=None
[2024-06-10T14:09:15.890+0000] {processor.py:183} INFO - Processing /home/airflow/.local/lib/python3.12/site-packages/airflow/example_dags/example_bash_decorator.py took 0.091 seconds
[2024-06-10T14:09:46.839+0000] {processor.py:161} INFO - Started process (PID=386) to work on /home/airflow/.local/lib/python3.12/site-packages/airflow/example_dags/example_bash_decorator.py
[2024-06-10T14:09:46.841+0000] {processor.py:830} INFO - Processing file /home/airflow/.local/lib/python3.12/site-packages/airflow/example_dags/example_bash_decorator.py for tasks to queue
[2024-06-10T14:09:46.843+0000] {logging_mixin.py:188} INFO - [2024-06-10T14:09:46.843+0000] {dagbag.py:545} INFO - Filling up the DagBag from /home/airflow/.local/lib/python3.12/site-packages/airflow/example_dags/example_bash_decorator.py
[2024-06-10T14:09:46.857+0000] {processor.py:840} INFO - DAG(s) 'example_bash_decorator' retrieved from /home/airflow/.local/lib/python3.12/site-packages/airflow/example_dags/example_bash_decorator.py
[2024-06-10T14:09:46.888+0000] {logging_mixin.py:188} INFO - [2024-06-10T14:09:46.887+0000] {dag.py:3096} INFO - Sync 1 DAGs
[2024-06-10T14:09:46.907+0000] {logging_mixin.py:188} INFO - [2024-06-10T14:09:46.906+0000] {dag.py:3954} INFO - Setting next_dagrun for example_bash_decorator to None, run_after=None
[2024-06-10T14:09:46.932+0000] {processor.py:183} INFO - Processing /home/airflow/.local/lib/python3.12/site-packages/airflow/example_dags/example_bash_decorator.py took 0.099 seconds
[2024-06-10T14:10:17.902+0000] {processor.py:161} INFO - Started process (PID=455) to work on /home/airflow/.local/lib/python3.12/site-packages/airflow/example_dags/example_bash_decorator.py
[2024-06-10T14:10:17.903+0000] {processor.py:830} INFO - Processing file /home/airflow/.local/lib/python3.12/site-packages/airflow/example_dags/example_bash_decorator.py for tasks to queue
[2024-06-10T14:10:17.905+0000] {logging_mixin.py:188} INFO - [2024-06-10T14:10:17.905+0000] {dagbag.py:545} INFO - Filling up the DagBag from /home/airflow/.local/lib/python3.12/site-packages/airflow/example_dags/example_bash_decorator.py
[2024-06-10T14:10:17.918+0000] {processor.py:840} INFO - DAG(s) 'example_bash_decorator' retrieved from /home/airflow/.local/lib/python3.12/site-packages/airflow/example_dags/example_bash_decorator.py
[2024-06-10T14:10:17.939+0000] {logging_mixin.py:188} INFO - [2024-06-10T14:10:17.939+0000] {dag.py:3096} INFO - Sync 1 DAGs
[2024-06-10T14:10:17.955+0000] {logging_mixin.py:188} INFO - [2024-06-10T14:10:17.954+0000] {dag.py:3954} INFO - Setting next_dagrun for example_bash_decorator to None, run_after=None
[2024-06-10T14:10:18.096+0000] {processor.py:183} INFO - Processing /home/airflow/.local/lib/python3.12/site-packages/airflow/example_dags/example_bash_decorator.py took 0.200 seconds
[2024-06-10T14:10:48.762+0000] {processor.py:161} INFO - Started process (PID=524) to work on /home/airflow/.local/lib/python3.12/site-packages/airflow/example_dags/example_bash_decorator.py
[2024-06-10T14:10:48.764+0000] {processor.py:830} INFO - Processing file /home/airflow/.local/lib/python3.12/site-packages/airflow/example_dags/example_bash_decorator.py for tasks to queue
[2024-06-10T14:10:48.767+0000] {logging_mixin.py:188} INFO - [2024-06-10T14:10:48.766+0000] {dagbag.py:545} INFO - Filling up the DagBag from /home/airflow/.local/lib/python3.12/site-packages/airflow/example_dags/example_bash_decorator.py
[2024-06-10T14:10:48.787+0000] {processor.py:840} INFO - DAG(s) 'example_bash_decorator' retrieved from /home/airflow/.local/lib/python3.12/site-packages/airflow/example_dags/example_bash_decorator.py
[2024-06-10T14:10:48.821+0000] {logging_mixin.py:188} INFO - [2024-06-10T14:10:48.821+0000] {dag.py:3096} INFO - Sync 1 DAGs
[2024-06-10T14:10:48.837+0000] {logging_mixin.py:188} INFO - [2024-06-10T14:10:48.837+0000] {dag.py:3954} INFO - Setting next_dagrun for example_bash_decorator to None, run_after=None
[2024-06-10T14:10:48.865+0000] {processor.py:183} INFO - Processing /home/airflow/.local/lib/python3.12/site-packages/airflow/example_dags/example_bash_decorator.py took 0.111 seconds
[2024-06-10T14:11:19.056+0000] {processor.py:161} INFO - Started process (PID=593) to work on /home/airflow/.local/lib/python3.12/site-packages/airflow/example_dags/example_bash_decorator.py
[2024-06-10T14:11:19.057+0000] {processor.py:830} INFO - Processing file /home/airflow/.local/lib/python3.12/site-packages/airflow/example_dags/example_bash_decorator.py for tasks to queue
[2024-06-10T14:11:19.060+0000] {logging_mixin.py:188} INFO - [2024-06-10T14:11:19.059+0000] {dagbag.py:545} INFO - Filling up the DagBag from /home/airflow/.local/lib/python3.12/site-packages/airflow/example_dags/example_bash_decorator.py
[2024-06-10T14:11:19.074+0000] {processor.py:840} INFO - DAG(s) 'example_bash_decorator' retrieved from /home/airflow/.local/lib/python3.12/site-packages/airflow/example_dags/example_bash_decorator.py
[2024-06-10T14:11:19.101+0000] {logging_mixin.py:188} INFO - [2024-06-10T14:11:19.101+0000] {dag.py:3096} INFO - Sync 1 DAGs
[2024-06-10T14:11:19.116+0000] {logging_mixin.py:188} INFO - [2024-06-10T14:11:19.115+0000] {dag.py:3954} INFO - Setting next_dagrun for example_bash_decorator to None, run_after=None
[2024-06-10T14:11:19.136+0000] {processor.py:183} INFO - Processing /home/airflow/.local/lib/python3.12/site-packages/airflow/example_dags/example_bash_decorator.py took 0.085 seconds
[2024-06-10T14:11:49.555+0000] {processor.py:161} INFO - Started process (PID=662) to work on /home/airflow/.local/lib/python3.12/site-packages/airflow/example_dags/example_bash_decorator.py
[2024-06-10T14:11:49.556+0000] {processor.py:830} INFO - Processing file /home/airflow/.local/lib/python3.12/site-packages/airflow/example_dags/example_bash_decorator.py for tasks to queue
[2024-06-10T14:11:49.559+0000] {logging_mixin.py:188} INFO - [2024-06-10T14:11:49.558+0000] {dagbag.py:545} INFO - Filling up the DagBag from /home/airflow/.local/lib/python3.12/site-packages/airflow/example_dags/example_bash_decorator.py
[2024-06-10T14:11:49.572+0000] {processor.py:840} INFO - DAG(s) 'example_bash_decorator' retrieved from /home/airflow/.local/lib/python3.12/site-packages/airflow/example_dags/example_bash_decorator.py
[2024-06-10T14:11:49.596+0000] {logging_mixin.py:188} INFO - [2024-06-10T14:11:49.596+0000] {dag.py:3096} INFO - Sync 1 DAGs
[2024-06-10T14:11:49.612+0000] {logging_mixin.py:188} INFO - [2024-06-10T14:11:49.612+0000] {dag.py:3954} INFO - Setting next_dagrun for example_bash_decorator to None, run_after=None
[2024-06-10T14:11:49.636+0000] {processor.py:183} INFO - Processing /home/airflow/.local/lib/python3.12/site-packages/airflow/example_dags/example_bash_decorator.py took 0.086 seconds
[2024-06-10T14:12:20.277+0000] {processor.py:161} INFO - Started process (PID=731) to work on /home/airflow/.local/lib/python3.12/site-packages/airflow/example_dags/example_bash_decorator.py
[2024-06-10T14:12:20.286+0000] {processor.py:830} INFO - Processing file /home/airflow/.local/lib/python3.12/site-packages/airflow/example_dags/example_bash_decorator.py for tasks to queue
[2024-06-10T14:12:20.289+0000] {logging_mixin.py:188} INFO - [2024-06-10T14:12:20.289+0000] {dagbag.py:545} INFO - Filling up the DagBag from /home/airflow/.local/lib/python3.12/site-packages/airflow/example_dags/example_bash_decorator.py
[2024-06-10T14:12:20.320+0000] {processor.py:840} INFO - DAG(s) 'example_bash_decorator' retrieved from /home/airflow/.local/lib/python3.12/site-packages/airflow/example_dags/example_bash_decorator.py
[2024-06-10T14:12:20.373+0000] {logging_mixin.py:188} INFO - [2024-06-10T14:12:20.371+0000] {dag.py:3096} INFO - Sync 1 DAGs
[2024-06-10T14:12:20.418+0000] {logging_mixin.py:188} INFO - [2024-06-10T14:12:20.417+0000] {dag.py:3954} INFO - Setting next_dagrun for example_bash_decorator to None, run_after=None
[2024-06-10T14:12:20.467+0000] {processor.py:183} INFO - Processing /home/airflow/.local/lib/python3.12/site-packages/airflow/example_dags/example_bash_decorator.py took 0.200 seconds
[2024-06-10T14:12:51.093+0000] {processor.py:161} INFO - Started process (PID=800) to work on /home/airflow/.local/lib/python3.12/site-packages/airflow/example_dags/example_bash_decorator.py
[2024-06-10T14:12:51.094+0000] {processor.py:830} INFO - Processing file /home/airflow/.local/lib/python3.12/site-packages/airflow/example_dags/example_bash_decorator.py for tasks to queue
[2024-06-10T14:12:51.097+0000] {logging_mixin.py:188} INFO - [2024-06-10T14:12:51.097+0000] {dagbag.py:545} INFO - Filling up the DagBag from /home/airflow/.local/lib/python3.12/site-packages/airflow/example_dags/example_bash_decorator.py
[2024-06-10T14:12:51.109+0000] {processor.py:840} INFO - DAG(s) 'example_bash_decorator' retrieved from /home/airflow/.local/lib/python3.12/site-packages/airflow/example_dags/example_bash_decorator.py
[2024-06-10T14:12:51.273+0000] {logging_mixin.py:188} INFO - [2024-06-10T14:12:51.273+0000] {dag.py:3096} INFO - Sync 1 DAGs
[2024-06-10T14:12:51.282+0000] {logging_mixin.py:188} INFO - [2024-06-10T14:12:51.282+0000] {dag.py:3954} INFO - Setting next_dagrun for example_bash_decorator to None, run_after=None
[2024-06-10T14:12:51.301+0000] {processor.py:183} INFO - Processing /home/airflow/.local/lib/python3.12/site-packages/airflow/example_dags/example_bash_decorator.py took 0.214 seconds
[2024-06-10T14:13:22.169+0000] {processor.py:161} INFO - Started process (PID=869) to work on /home/airflow/.local/lib/python3.12/site-packages/airflow/example_dags/example_bash_decorator.py
[2024-06-10T14:13:22.171+0000] {processor.py:830} INFO - Processing file /home/airflow/.local/lib/python3.12/site-packages/airflow/example_dags/example_bash_decorator.py for tasks to queue
[2024-06-10T14:13:22.173+0000] {logging_mixin.py:188} INFO - [2024-06-10T14:13:22.172+0000] {dagbag.py:545} INFO - Filling up the DagBag from /home/airflow/.local/lib/python3.12/site-packages/airflow/example_dags/example_bash_decorator.py
[2024-06-10T14:13:22.186+0000] {processor.py:840} INFO - DAG(s) 'example_bash_decorator' retrieved from /home/airflow/.local/lib/python3.12/site-packages/airflow/example_dags/example_bash_decorator.py
[2024-06-10T14:13:22.213+0000] {logging_mixin.py:188} INFO - [2024-06-10T14:13:22.213+0000] {dag.py:3096} INFO - Sync 1 DAGs
[2024-06-10T14:13:22.230+0000] {logging_mixin.py:188} INFO - [2024-06-10T14:13:22.229+0000] {dag.py:3954} INFO - Setting next_dagrun for example_bash_decorator to None, run_after=None
[2024-06-10T14:13:22.253+0000] {processor.py:183} INFO - Processing /home/airflow/.local/lib/python3.12/site-packages/airflow/example_dags/example_bash_decorator.py took 0.089 seconds
[2024-06-10T14:13:53.060+0000] {processor.py:161} INFO - Started process (PID=938) to work on /home/airflow/.local/lib/python3.12/site-packages/airflow/example_dags/example_bash_decorator.py
[2024-06-10T14:13:53.061+0000] {processor.py:830} INFO - Processing file /home/airflow/.local/lib/python3.12/site-packages/airflow/example_dags/example_bash_decorator.py for tasks to queue
[2024-06-10T14:13:53.063+0000] {logging_mixin.py:188} INFO - [2024-06-10T14:13:53.063+0000] {dagbag.py:545} INFO - Filling up the DagBag from /home/airflow/.local/lib/python3.12/site-packages/airflow/example_dags/example_bash_decorator.py
[2024-06-10T14:13:53.077+0000] {processor.py:840} INFO - DAG(s) 'example_bash_decorator' retrieved from /home/airflow/.local/lib/python3.12/site-packages/airflow/example_dags/example_bash_decorator.py
[2024-06-10T14:13:53.101+0000] {logging_mixin.py:188} INFO - [2024-06-10T14:13:53.100+0000] {dag.py:3096} INFO - Sync 1 DAGs
[2024-06-10T14:13:53.113+0000] {logging_mixin.py:188} INFO - [2024-06-10T14:13:53.113+0000] {dag.py:3954} INFO - Setting next_dagrun for example_bash_decorator to None, run_after=None
[2024-06-10T14:13:53.134+0000] {processor.py:183} INFO - Processing /home/airflow/.local/lib/python3.12/site-packages/airflow/example_dags/example_bash_decorator.py took 0.083 seconds
[2024-06-10T14:14:24.036+0000] {processor.py:161} INFO - Started process (PID=1007) to work on /home/airflow/.local/lib/python3.12/site-packages/airflow/example_dags/example_bash_decorator.py
[2024-06-10T14:14:24.038+0000] {processor.py:830} INFO - Processing file /home/airflow/.local/lib/python3.12/site-packages/airflow/example_dags/example_bash_decorator.py for tasks to queue
[2024-06-10T14:14:24.040+0000] {logging_mixin.py:188} INFO - [2024-06-10T14:14:24.040+0000] {dagbag.py:545} INFO - Filling up the DagBag from /home/airflow/.local/lib/python3.12/site-packages/airflow/example_dags/example_bash_decorator.py
[2024-06-10T14:14:24.055+0000] {processor.py:840} INFO - DAG(s) 'example_bash_decorator' retrieved from /home/airflow/.local/lib/python3.12/site-packages/airflow/example_dags/example_bash_decorator.py
[2024-06-10T14:14:24.079+0000] {logging_mixin.py:188} INFO - [2024-06-10T14:14:24.079+0000] {dag.py:3096} INFO - Sync 1 DAGs
[2024-06-10T14:14:24.095+0000] {logging_mixin.py:188} INFO - [2024-06-10T14:14:24.095+0000] {dag.py:3954} INFO - Setting next_dagrun for example_bash_decorator to None, run_after=None
[2024-06-10T14:14:24.116+0000] {processor.py:183} INFO - Processing /home/airflow/.local/lib/python3.12/site-packages/airflow/example_dags/example_bash_decorator.py took 0.086 seconds
[2024-06-10T14:14:54.243+0000] {processor.py:161} INFO - Started process (PID=1076) to work on /home/airflow/.local/lib/python3.12/site-packages/airflow/example_dags/example_bash_decorator.py
[2024-06-10T14:14:54.244+0000] {processor.py:830} INFO - Processing file /home/airflow/.local/lib/python3.12/site-packages/airflow/example_dags/example_bash_decorator.py for tasks to queue
[2024-06-10T14:14:54.246+0000] {logging_mixin.py:188} INFO - [2024-06-10T14:14:54.246+0000] {dagbag.py:545} INFO - Filling up the DagBag from /home/airflow/.local/lib/python3.12/site-packages/airflow/example_dags/example_bash_decorator.py
[2024-06-10T14:14:54.259+0000] {processor.py:840} INFO - DAG(s) 'example_bash_decorator' retrieved from /home/airflow/.local/lib/python3.12/site-packages/airflow/example_dags/example_bash_decorator.py
[2024-06-10T14:14:54.282+0000] {logging_mixin.py:188} INFO - [2024-06-10T14:14:54.282+0000] {dag.py:3096} INFO - Sync 1 DAGs
[2024-06-10T14:14:54.294+0000] {logging_mixin.py:188} INFO - [2024-06-10T14:14:54.294+0000] {dag.py:3954} INFO - Setting next_dagrun for example_bash_decorator to None, run_after=None
[2024-06-10T14:14:54.315+0000] {processor.py:183} INFO - Processing /home/airflow/.local/lib/python3.12/site-packages/airflow/example_dags/example_bash_decorator.py took 0.077 seconds
[2024-06-10T14:15:24.642+0000] {processor.py:161} INFO - Started process (PID=1151) to work on /home/airflow/.local/lib/python3.12/site-packages/airflow/example_dags/example_bash_decorator.py
[2024-06-10T14:15:24.643+0000] {processor.py:830} INFO - Processing file /home/airflow/.local/lib/python3.12/site-packages/airflow/example_dags/example_bash_decorator.py for tasks to queue
[2024-06-10T14:15:24.644+0000] {logging_mixin.py:188} INFO - [2024-06-10T14:15:24.643+0000] {dagbag.py:545} INFO - Filling up the DagBag from /home/airflow/.local/lib/python3.12/site-packages/airflow/example_dags/example_bash_decorator.py
[2024-06-10T14:15:24.657+0000] {processor.py:840} INFO - DAG(s) 'example_bash_decorator' retrieved from /home/airflow/.local/lib/python3.12/site-packages/airflow/example_dags/example_bash_decorator.py
[2024-06-10T14:15:24.681+0000] {logging_mixin.py:188} INFO - [2024-06-10T14:15:24.681+0000] {dag.py:3096} INFO - Sync 1 DAGs
[2024-06-10T14:15:24.695+0000] {logging_mixin.py:188} INFO - [2024-06-10T14:15:24.694+0000] {dag.py:3954} INFO - Setting next_dagrun for example_bash_decorator to None, run_after=None
[2024-06-10T14:15:24.714+0000] {processor.py:183} INFO - Processing /home/airflow/.local/lib/python3.12/site-packages/airflow/example_dags/example_bash_decorator.py took 0.080 seconds
[2024-06-10T14:15:54.782+0000] {processor.py:161} INFO - Started process (PID=1211) to work on /home/airflow/.local/lib/python3.12/site-packages/airflow/example_dags/example_bash_decorator.py
[2024-06-10T14:15:54.784+0000] {processor.py:830} INFO - Processing file /home/airflow/.local/lib/python3.12/site-packages/airflow/example_dags/example_bash_decorator.py for tasks to queue
[2024-06-10T14:15:54.785+0000] {logging_mixin.py:188} INFO - [2024-06-10T14:15:54.785+0000] {dagbag.py:545} INFO - Filling up the DagBag from /home/airflow/.local/lib/python3.12/site-packages/airflow/example_dags/example_bash_decorator.py
[2024-06-10T14:15:54.798+0000] {processor.py:840} INFO - DAG(s) 'example_bash_decorator' retrieved from /home/airflow/.local/lib/python3.12/site-packages/airflow/example_dags/example_bash_decorator.py
[2024-06-10T14:15:54.823+0000] {logging_mixin.py:188} INFO - [2024-06-10T14:15:54.823+0000] {dag.py:3096} INFO - Sync 1 DAGs
[2024-06-10T14:15:54.838+0000] {logging_mixin.py:188} INFO - [2024-06-10T14:15:54.838+0000] {dag.py:3954} INFO - Setting next_dagrun for example_bash_decorator to None, run_after=None
[2024-06-10T14:15:54.860+0000] {processor.py:183} INFO - Processing /home/airflow/.local/lib/python3.12/site-packages/airflow/example_dags/example_bash_decorator.py took 0.083 seconds
[2024-06-10T14:16:25.327+0000] {processor.py:161} INFO - Started process (PID=1271) to work on /home/airflow/.local/lib/python3.12/site-packages/airflow/example_dags/example_bash_decorator.py
[2024-06-10T14:16:25.328+0000] {processor.py:830} INFO - Processing file /home/airflow/.local/lib/python3.12/site-packages/airflow/example_dags/example_bash_decorator.py for tasks to queue
[2024-06-10T14:16:25.329+0000] {logging_mixin.py:188} INFO - [2024-06-10T14:16:25.329+0000] {dagbag.py:545} INFO - Filling up the DagBag from /home/airflow/.local/lib/python3.12/site-packages/airflow/example_dags/example_bash_decorator.py
[2024-06-10T14:16:25.341+0000] {processor.py:840} INFO - DAG(s) 'example_bash_decorator' retrieved from /home/airflow/.local/lib/python3.12/site-packages/airflow/example_dags/example_bash_decorator.py
[2024-06-10T14:16:25.366+0000] {logging_mixin.py:188} INFO - [2024-06-10T14:16:25.365+0000] {dag.py:3096} INFO - Sync 1 DAGs
[2024-06-10T14:16:25.377+0000] {logging_mixin.py:188} INFO - [2024-06-10T14:16:25.377+0000] {dag.py:3954} INFO - Setting next_dagrun for example_bash_decorator to None, run_after=None
[2024-06-10T14:16:25.396+0000] {processor.py:183} INFO - Processing /home/airflow/.local/lib/python3.12/site-packages/airflow/example_dags/example_bash_decorator.py took 0.075 seconds
[2024-06-10T14:16:55.542+0000] {processor.py:161} INFO - Started process (PID=1331) to work on /home/airflow/.local/lib/python3.12/site-packages/airflow/example_dags/example_bash_decorator.py
[2024-06-10T14:16:55.543+0000] {processor.py:830} INFO - Processing file /home/airflow/.local/lib/python3.12/site-packages/airflow/example_dags/example_bash_decorator.py for tasks to queue
[2024-06-10T14:16:55.545+0000] {logging_mixin.py:188} INFO - [2024-06-10T14:16:55.544+0000] {dagbag.py:545} INFO - Filling up the DagBag from /home/airflow/.local/lib/python3.12/site-packages/airflow/example_dags/example_bash_decorator.py
[2024-06-10T14:16:55.559+0000] {processor.py:840} INFO - DAG(s) 'example_bash_decorator' retrieved from /home/airflow/.local/lib/python3.12/site-packages/airflow/example_dags/example_bash_decorator.py
[2024-06-10T14:16:55.571+0000] {logging_mixin.py:188} INFO - [2024-06-10T14:16:55.570+0000] {dag.py:3096} INFO - Sync 1 DAGs
[2024-06-10T14:16:55.584+0000] {logging_mixin.py:188} INFO - [2024-06-10T14:16:55.584+0000] {dag.py:3954} INFO - Setting next_dagrun for example_bash_decorator to None, run_after=None
[2024-06-10T14:16:55.608+0000] {processor.py:183} INFO - Processing /home/airflow/.local/lib/python3.12/site-packages/airflow/example_dags/example_bash_decorator.py took 0.073 seconds
[2024-06-10T14:17:26.175+0000] {processor.py:161} INFO - Started process (PID=1391) to work on /home/airflow/.local/lib/python3.12/site-packages/airflow/example_dags/example_bash_decorator.py
[2024-06-10T14:17:26.176+0000] {processor.py:830} INFO - Processing file /home/airflow/.local/lib/python3.12/site-packages/airflow/example_dags/example_bash_decorator.py for tasks to queue
[2024-06-10T14:17:26.177+0000] {logging_mixin.py:188} INFO - [2024-06-10T14:17:26.177+0000] {dagbag.py:545} INFO - Filling up the DagBag from /home/airflow/.local/lib/python3.12/site-packages/airflow/example_dags/example_bash_decorator.py
[2024-06-10T14:17:26.190+0000] {processor.py:840} INFO - DAG(s) 'example_bash_decorator' retrieved from /home/airflow/.local/lib/python3.12/site-packages/airflow/example_dags/example_bash_decorator.py
[2024-06-10T14:17:26.296+0000] {logging_mixin.py:188} INFO - [2024-06-10T14:17:26.296+0000] {dag.py:3096} INFO - Sync 1 DAGs
[2024-06-10T14:17:26.308+0000] {logging_mixin.py:188} INFO - [2024-06-10T14:17:26.308+0000] {dag.py:3954} INFO - Setting next_dagrun for example_bash_decorator to None, run_after=None
[2024-06-10T14:17:26.328+0000] {processor.py:183} INFO - Processing /home/airflow/.local/lib/python3.12/site-packages/airflow/example_dags/example_bash_decorator.py took 0.159 seconds
[2024-06-10T14:17:56.473+0000] {processor.py:161} INFO - Started process (PID=1451) to work on /home/airflow/.local/lib/python3.12/site-packages/airflow/example_dags/example_bash_decorator.py
[2024-06-10T14:17:56.475+0000] {processor.py:830} INFO - Processing file /home/airflow/.local/lib/python3.12/site-packages/airflow/example_dags/example_bash_decorator.py for tasks to queue
[2024-06-10T14:17:56.477+0000] {logging_mixin.py:188} INFO - [2024-06-10T14:17:56.477+0000] {dagbag.py:545} INFO - Filling up the DagBag from /home/airflow/.local/lib/python3.12/site-packages/airflow/example_dags/example_bash_decorator.py
[2024-06-10T14:17:56.492+0000] {processor.py:840} INFO - DAG(s) 'example_bash_decorator' retrieved from /home/airflow/.local/lib/python3.12/site-packages/airflow/example_dags/example_bash_decorator.py
[2024-06-10T14:17:56.521+0000] {logging_mixin.py:188} INFO - [2024-06-10T14:17:56.521+0000] {dag.py:3096} INFO - Sync 1 DAGs
[2024-06-10T14:17:56.535+0000] {logging_mixin.py:188} INFO - [2024-06-10T14:17:56.534+0000] {dag.py:3954} INFO - Setting next_dagrun for example_bash_decorator to None, run_after=None
[2024-06-10T14:17:56.559+0000] {processor.py:183} INFO - Processing /home/airflow/.local/lib/python3.12/site-packages/airflow/example_dags/example_bash_decorator.py took 0.092 seconds
[2024-06-10T14:18:26.665+0000] {processor.py:161} INFO - Started process (PID=1511) to work on /home/airflow/.local/lib/python3.12/site-packages/airflow/example_dags/example_bash_decorator.py
[2024-06-10T14:18:26.667+0000] {processor.py:830} INFO - Processing file /home/airflow/.local/lib/python3.12/site-packages/airflow/example_dags/example_bash_decorator.py for tasks to queue
[2024-06-10T14:18:26.668+0000] {logging_mixin.py:188} INFO - [2024-06-10T14:18:26.668+0000] {dagbag.py:545} INFO - Filling up the DagBag from /home/airflow/.local/lib/python3.12/site-packages/airflow/example_dags/example_bash_decorator.py
[2024-06-10T14:18:26.683+0000] {processor.py:840} INFO - DAG(s) 'example_bash_decorator' retrieved from /home/airflow/.local/lib/python3.12/site-packages/airflow/example_dags/example_bash_decorator.py
[2024-06-10T14:18:26.696+0000] {logging_mixin.py:188} INFO - [2024-06-10T14:18:26.696+0000] {dag.py:3096} INFO - Sync 1 DAGs
[2024-06-10T14:18:26.710+0000] {logging_mixin.py:188} INFO - [2024-06-10T14:18:26.710+0000] {dag.py:3954} INFO - Setting next_dagrun for example_bash_decorator to None, run_after=None
[2024-06-10T14:18:26.730+0000] {processor.py:183} INFO - Processing /home/airflow/.local/lib/python3.12/site-packages/airflow/example_dags/example_bash_decorator.py took 0.072 seconds
[2024-06-10T14:18:57.248+0000] {processor.py:161} INFO - Started process (PID=1571) to work on /home/airflow/.local/lib/python3.12/site-packages/airflow/example_dags/example_bash_decorator.py
[2024-06-10T14:18:57.249+0000] {processor.py:830} INFO - Processing file /home/airflow/.local/lib/python3.12/site-packages/airflow/example_dags/example_bash_decorator.py for tasks to queue
[2024-06-10T14:18:57.251+0000] {logging_mixin.py:188} INFO - [2024-06-10T14:18:57.250+0000] {dagbag.py:545} INFO - Filling up the DagBag from /home/airflow/.local/lib/python3.12/site-packages/airflow/example_dags/example_bash_decorator.py
[2024-06-10T14:18:57.280+0000] {processor.py:840} INFO - DAG(s) 'example_bash_decorator' retrieved from /home/airflow/.local/lib/python3.12/site-packages/airflow/example_dags/example_bash_decorator.py
[2024-06-10T14:18:57.496+0000] {logging_mixin.py:188} INFO - [2024-06-10T14:18:57.495+0000] {dag.py:3096} INFO - Sync 1 DAGs
[2024-06-10T14:18:57.527+0000] {logging_mixin.py:188} INFO - [2024-06-10T14:18:57.527+0000] {dag.py:3954} INFO - Setting next_dagrun for example_bash_decorator to None, run_after=None
[2024-06-10T14:18:57.647+0000] {processor.py:183} INFO - Processing /home/airflow/.local/lib/python3.12/site-packages/airflow/example_dags/example_bash_decorator.py took 0.407 seconds
[2024-06-10T14:19:27.926+0000] {processor.py:161} INFO - Started process (PID=1631) to work on /home/airflow/.local/lib/python3.12/site-packages/airflow/example_dags/example_bash_decorator.py
[2024-06-10T14:19:27.928+0000] {processor.py:830} INFO - Processing file /home/airflow/.local/lib/python3.12/site-packages/airflow/example_dags/example_bash_decorator.py for tasks to queue
[2024-06-10T14:19:27.929+0000] {logging_mixin.py:188} INFO - [2024-06-10T14:19:27.928+0000] {dagbag.py:545} INFO - Filling up the DagBag from /home/airflow/.local/lib/python3.12/site-packages/airflow/example_dags/example_bash_decorator.py
[2024-06-10T14:19:27.949+0000] {processor.py:840} INFO - DAG(s) 'example_bash_decorator' retrieved from /home/airflow/.local/lib/python3.12/site-packages/airflow/example_dags/example_bash_decorator.py
[2024-06-10T14:19:27.980+0000] {logging_mixin.py:188} INFO - [2024-06-10T14:19:27.980+0000] {dag.py:3096} INFO - Sync 1 DAGs
[2024-06-10T14:19:27.995+0000] {logging_mixin.py:188} INFO - [2024-06-10T14:19:27.995+0000] {dag.py:3954} INFO - Setting next_dagrun for example_bash_decorator to None, run_after=None
[2024-06-10T14:19:28.021+0000] {processor.py:183} INFO - Processing /home/airflow/.local/lib/python3.12/site-packages/airflow/example_dags/example_bash_decorator.py took 0.103 seconds
[2024-06-10T14:19:58.089+0000] {processor.py:161} INFO - Started process (PID=1691) to work on /home/airflow/.local/lib/python3.12/site-packages/airflow/example_dags/example_bash_decorator.py
[2024-06-10T14:19:58.091+0000] {processor.py:830} INFO - Processing file /home/airflow/.local/lib/python3.12/site-packages/airflow/example_dags/example_bash_decorator.py for tasks to queue
[2024-06-10T14:19:58.092+0000] {logging_mixin.py:188} INFO - [2024-06-10T14:19:58.092+0000] {dagbag.py:545} INFO - Filling up the DagBag from /home/airflow/.local/lib/python3.12/site-packages/airflow/example_dags/example_bash_decorator.py
[2024-06-10T14:19:58.105+0000] {processor.py:840} INFO - DAG(s) 'example_bash_decorator' retrieved from /home/airflow/.local/lib/python3.12/site-packages/airflow/example_dags/example_bash_decorator.py
[2024-06-10T14:19:58.157+0000] {logging_mixin.py:188} INFO - [2024-06-10T14:19:58.157+0000] {dag.py:3096} INFO - Sync 1 DAGs
[2024-06-10T14:19:58.169+0000] {logging_mixin.py:188} INFO - [2024-06-10T14:19:58.168+0000] {dag.py:3954} INFO - Setting next_dagrun for example_bash_decorator to None, run_after=None
[2024-06-10T14:19:58.189+0000] {processor.py:183} INFO - Processing /home/airflow/.local/lib/python3.12/site-packages/airflow/example_dags/example_bash_decorator.py took 0.104 seconds
[2024-06-10T14:20:28.454+0000] {processor.py:161} INFO - Started process (PID=1751) to work on /home/airflow/.local/lib/python3.12/site-packages/airflow/example_dags/example_bash_decorator.py
[2024-06-10T14:20:28.455+0000] {processor.py:830} INFO - Processing file /home/airflow/.local/lib/python3.12/site-packages/airflow/example_dags/example_bash_decorator.py for tasks to queue
[2024-06-10T14:20:28.457+0000] {logging_mixin.py:188} INFO - [2024-06-10T14:20:28.456+0000] {dagbag.py:545} INFO - Filling up the DagBag from /home/airflow/.local/lib/python3.12/site-packages/airflow/example_dags/example_bash_decorator.py
[2024-06-10T14:20:28.469+0000] {processor.py:840} INFO - DAG(s) 'example_bash_decorator' retrieved from /home/airflow/.local/lib/python3.12/site-packages/airflow/example_dags/example_bash_decorator.py
[2024-06-10T14:20:28.497+0000] {logging_mixin.py:188} INFO - [2024-06-10T14:20:28.496+0000] {dag.py:3096} INFO - Sync 1 DAGs
[2024-06-10T14:20:28.509+0000] {logging_mixin.py:188} INFO - [2024-06-10T14:20:28.508+0000] {dag.py:3954} INFO - Setting next_dagrun for example_bash_decorator to None, run_after=None
[2024-06-10T14:20:28.530+0000] {processor.py:183} INFO - Processing /home/airflow/.local/lib/python3.12/site-packages/airflow/example_dags/example_bash_decorator.py took 0.081 seconds
[2024-06-10T14:20:58.739+0000] {processor.py:161} INFO - Started process (PID=1811) to work on /home/airflow/.local/lib/python3.12/site-packages/airflow/example_dags/example_bash_decorator.py
[2024-06-10T14:20:58.741+0000] {processor.py:830} INFO - Processing file /home/airflow/.local/lib/python3.12/site-packages/airflow/example_dags/example_bash_decorator.py for tasks to queue
[2024-06-10T14:20:58.742+0000] {logging_mixin.py:188} INFO - [2024-06-10T14:20:58.742+0000] {dagbag.py:545} INFO - Filling up the DagBag from /home/airflow/.local/lib/python3.12/site-packages/airflow/example_dags/example_bash_decorator.py
[2024-06-10T14:20:58.755+0000] {processor.py:840} INFO - DAG(s) 'example_bash_decorator' retrieved from /home/airflow/.local/lib/python3.12/site-packages/airflow/example_dags/example_bash_decorator.py
[2024-06-10T14:20:58.779+0000] {logging_mixin.py:188} INFO - [2024-06-10T14:20:58.779+0000] {dag.py:3096} INFO - Sync 1 DAGs
[2024-06-10T14:20:58.794+0000] {logging_mixin.py:188} INFO - [2024-06-10T14:20:58.794+0000] {dag.py:3954} INFO - Setting next_dagrun for example_bash_decorator to None, run_after=None
[2024-06-10T14:20:58.816+0000] {processor.py:183} INFO - Processing /home/airflow/.local/lib/python3.12/site-packages/airflow/example_dags/example_bash_decorator.py took 0.082 seconds
[2024-06-10T14:21:29.079+0000] {processor.py:161} INFO - Started process (PID=1871) to work on /home/airflow/.local/lib/python3.12/site-packages/airflow/example_dags/example_bash_decorator.py
[2024-06-10T14:21:29.080+0000] {processor.py:830} INFO - Processing file /home/airflow/.local/lib/python3.12/site-packages/airflow/example_dags/example_bash_decorator.py for tasks to queue
[2024-06-10T14:21:29.081+0000] {logging_mixin.py:188} INFO - [2024-06-10T14:21:29.081+0000] {dagbag.py:545} INFO - Filling up the DagBag from /home/airflow/.local/lib/python3.12/site-packages/airflow/example_dags/example_bash_decorator.py
[2024-06-10T14:21:29.096+0000] {processor.py:840} INFO - DAG(s) 'example_bash_decorator' retrieved from /home/airflow/.local/lib/python3.12/site-packages/airflow/example_dags/example_bash_decorator.py
[2024-06-10T14:21:29.125+0000] {logging_mixin.py:188} INFO - [2024-06-10T14:21:29.125+0000] {dag.py:3096} INFO - Sync 1 DAGs
[2024-06-10T14:21:29.162+0000] {logging_mixin.py:188} INFO - [2024-06-10T14:21:29.161+0000] {dag.py:3954} INFO - Setting next_dagrun for example_bash_decorator to None, run_after=None
[2024-06-10T14:21:29.186+0000] {processor.py:183} INFO - Processing /home/airflow/.local/lib/python3.12/site-packages/airflow/example_dags/example_bash_decorator.py took 0.113 seconds
[2024-06-10T14:21:59.950+0000] {processor.py:161} INFO - Started process (PID=1931) to work on /home/airflow/.local/lib/python3.12/site-packages/airflow/example_dags/example_bash_decorator.py
[2024-06-10T14:21:59.952+0000] {processor.py:830} INFO - Processing file /home/airflow/.local/lib/python3.12/site-packages/airflow/example_dags/example_bash_decorator.py for tasks to queue
[2024-06-10T14:21:59.956+0000] {logging_mixin.py:188} INFO - [2024-06-10T14:21:59.955+0000] {dagbag.py:545} INFO - Filling up the DagBag from /home/airflow/.local/lib/python3.12/site-packages/airflow/example_dags/example_bash_decorator.py
[2024-06-10T14:21:59.985+0000] {processor.py:840} INFO - DAG(s) 'example_bash_decorator' retrieved from /home/airflow/.local/lib/python3.12/site-packages/airflow/example_dags/example_bash_decorator.py
[2024-06-10T14:22:02.270+0000] {logging_mixin.py:188} INFO - [2024-06-10T14:22:02.270+0000] {process_utils.py:263} INFO - Waiting up to 5 seconds for processes to exit...
[2024-06-10T14:25:49.759+0000] {processor.py:161} INFO - Started process (PID=33) to work on /home/airflow/.local/lib/python3.12/site-packages/airflow/example_dags/example_bash_decorator.py
[2024-06-10T14:25:49.760+0000] {processor.py:830} INFO - Processing file /home/airflow/.local/lib/python3.12/site-packages/airflow/example_dags/example_bash_decorator.py for tasks to queue
[2024-06-10T14:25:49.763+0000] {logging_mixin.py:188} INFO - [2024-06-10T14:25:49.762+0000] {dagbag.py:545} INFO - Filling up the DagBag from /home/airflow/.local/lib/python3.12/site-packages/airflow/example_dags/example_bash_decorator.py
[2024-06-10T14:25:49.789+0000] {processor.py:840} INFO - DAG(s) 'example_bash_decorator' retrieved from /home/airflow/.local/lib/python3.12/site-packages/airflow/example_dags/example_bash_decorator.py
[2024-06-10T14:25:49.896+0000] {logging_mixin.py:188} INFO - [2024-06-10T14:25:49.895+0000] {override.py:1829} INFO - Created Permission View: can delete on DAG:example_bash_decorator
[2024-06-10T14:25:49.907+0000] {logging_mixin.py:188} INFO - [2024-06-10T14:25:49.907+0000] {override.py:1829} INFO - Created Permission View: can read on DAG:example_bash_decorator
[2024-06-10T14:25:49.914+0000] {logging_mixin.py:188} INFO - [2024-06-10T14:25:49.914+0000] {override.py:1829} INFO - Created Permission View: can edit on DAG:example_bash_decorator
[2024-06-10T14:25:49.915+0000] {logging_mixin.py:188} INFO - [2024-06-10T14:25:49.915+0000] {dag.py:3096} INFO - Sync 1 DAGs
[2024-06-10T14:25:49.928+0000] {logging_mixin.py:188} INFO - [2024-06-10T14:25:49.928+0000] {dag.py:3118} INFO - Creating ORM DAG for example_bash_decorator
[2024-06-10T14:25:49.929+0000] {logging_mixin.py:188} INFO - [2024-06-10T14:25:49.929+0000] {dag.py:3954} INFO - Setting next_dagrun for example_bash_decorator to None, run_after=None
[2024-06-10T14:25:49.947+0000] {processor.py:183} INFO - Processing /home/airflow/.local/lib/python3.12/site-packages/airflow/example_dags/example_bash_decorator.py took 0.193 seconds
[2024-06-10T14:26:20.124+0000] {processor.py:161} INFO - Started process (PID=91) to work on /home/airflow/.local/lib/python3.12/site-packages/airflow/example_dags/example_bash_decorator.py
[2024-06-10T14:26:20.126+0000] {processor.py:830} INFO - Processing file /home/airflow/.local/lib/python3.12/site-packages/airflow/example_dags/example_bash_decorator.py for tasks to queue
[2024-06-10T14:26:20.128+0000] {logging_mixin.py:188} INFO - [2024-06-10T14:26:20.128+0000] {dagbag.py:545} INFO - Filling up the DagBag from /home/airflow/.local/lib/python3.12/site-packages/airflow/example_dags/example_bash_decorator.py
[2024-06-10T14:26:20.145+0000] {processor.py:840} INFO - DAG(s) 'example_bash_decorator' retrieved from /home/airflow/.local/lib/python3.12/site-packages/airflow/example_dags/example_bash_decorator.py
[2024-06-10T14:26:20.169+0000] {logging_mixin.py:188} INFO - [2024-06-10T14:26:20.168+0000] {dag.py:3096} INFO - Sync 1 DAGs
[2024-06-10T14:26:20.185+0000] {logging_mixin.py:188} INFO - [2024-06-10T14:26:20.185+0000] {dag.py:3954} INFO - Setting next_dagrun for example_bash_decorator to None, run_after=None
[2024-06-10T14:26:20.209+0000] {processor.py:183} INFO - Processing /home/airflow/.local/lib/python3.12/site-packages/airflow/example_dags/example_bash_decorator.py took 0.091 seconds
[2024-06-10T14:26:50.900+0000] {processor.py:161} INFO - Started process (PID=151) to work on /home/airflow/.local/lib/python3.12/site-packages/airflow/example_dags/example_bash_decorator.py
[2024-06-10T14:26:50.901+0000] {processor.py:830} INFO - Processing file /home/airflow/.local/lib/python3.12/site-packages/airflow/example_dags/example_bash_decorator.py for tasks to queue
[2024-06-10T14:26:50.904+0000] {logging_mixin.py:188} INFO - [2024-06-10T14:26:50.903+0000] {dagbag.py:545} INFO - Filling up the DagBag from /home/airflow/.local/lib/python3.12/site-packages/airflow/example_dags/example_bash_decorator.py
[2024-06-10T14:26:50.922+0000] {processor.py:840} INFO - DAG(s) 'example_bash_decorator' retrieved from /home/airflow/.local/lib/python3.12/site-packages/airflow/example_dags/example_bash_decorator.py
[2024-06-10T14:26:50.936+0000] {logging_mixin.py:188} INFO - [2024-06-10T14:26:50.936+0000] {dag.py:3096} INFO - Sync 1 DAGs
[2024-06-10T14:26:50.954+0000] {logging_mixin.py:188} INFO - [2024-06-10T14:26:50.954+0000] {dag.py:3954} INFO - Setting next_dagrun for example_bash_decorator to None, run_after=None
[2024-06-10T14:26:50.979+0000] {processor.py:183} INFO - Processing /home/airflow/.local/lib/python3.12/site-packages/airflow/example_dags/example_bash_decorator.py took 0.087 seconds
[2024-06-10T14:27:21.506+0000] {processor.py:161} INFO - Started process (PID=211) to work on /home/airflow/.local/lib/python3.12/site-packages/airflow/example_dags/example_bash_decorator.py
[2024-06-10T14:27:21.508+0000] {processor.py:830} INFO - Processing file /home/airflow/.local/lib/python3.12/site-packages/airflow/example_dags/example_bash_decorator.py for tasks to queue
[2024-06-10T14:27:21.511+0000] {logging_mixin.py:188} INFO - [2024-06-10T14:27:21.510+0000] {dagbag.py:545} INFO - Filling up the DagBag from /home/airflow/.local/lib/python3.12/site-packages/airflow/example_dags/example_bash_decorator.py
[2024-06-10T14:27:21.530+0000] {processor.py:840} INFO - DAG(s) 'example_bash_decorator' retrieved from /home/airflow/.local/lib/python3.12/site-packages/airflow/example_dags/example_bash_decorator.py
[2024-06-10T14:27:21.655+0000] {logging_mixin.py:188} INFO - [2024-06-10T14:27:21.654+0000] {dag.py:3096} INFO - Sync 1 DAGs
[2024-06-10T14:27:21.666+0000] {logging_mixin.py:188} INFO - [2024-06-10T14:27:21.665+0000] {dag.py:3954} INFO - Setting next_dagrun for example_bash_decorator to None, run_after=None
[2024-06-10T14:27:21.690+0000] {processor.py:183} INFO - Processing /home/airflow/.local/lib/python3.12/site-packages/airflow/example_dags/example_bash_decorator.py took 0.192 seconds
[2024-06-10T14:27:52.196+0000] {processor.py:161} INFO - Started process (PID=271) to work on /home/airflow/.local/lib/python3.12/site-packages/airflow/example_dags/example_bash_decorator.py
[2024-06-10T14:27:52.198+0000] {processor.py:830} INFO - Processing file /home/airflow/.local/lib/python3.12/site-packages/airflow/example_dags/example_bash_decorator.py for tasks to queue
[2024-06-10T14:27:52.200+0000] {logging_mixin.py:188} INFO - [2024-06-10T14:27:52.200+0000] {dagbag.py:545} INFO - Filling up the DagBag from /home/airflow/.local/lib/python3.12/site-packages/airflow/example_dags/example_bash_decorator.py
[2024-06-10T14:27:52.213+0000] {processor.py:840} INFO - DAG(s) 'example_bash_decorator' retrieved from /home/airflow/.local/lib/python3.12/site-packages/airflow/example_dags/example_bash_decorator.py
[2024-06-10T14:27:52.239+0000] {logging_mixin.py:188} INFO - [2024-06-10T14:27:52.239+0000] {dag.py:3096} INFO - Sync 1 DAGs
[2024-06-10T14:27:52.253+0000] {logging_mixin.py:188} INFO - [2024-06-10T14:27:52.253+0000] {dag.py:3954} INFO - Setting next_dagrun for example_bash_decorator to None, run_after=None
[2024-06-10T14:27:52.274+0000] {processor.py:183} INFO - Processing /home/airflow/.local/lib/python3.12/site-packages/airflow/example_dags/example_bash_decorator.py took 0.083 seconds
[2024-06-10T14:28:22.354+0000] {processor.py:161} INFO - Started process (PID=327) to work on /home/airflow/.local/lib/python3.12/site-packages/airflow/example_dags/example_bash_decorator.py
[2024-06-10T14:28:22.355+0000] {processor.py:830} INFO - Processing file /home/airflow/.local/lib/python3.12/site-packages/airflow/example_dags/example_bash_decorator.py for tasks to queue
[2024-06-10T14:28:22.357+0000] {logging_mixin.py:188} INFO - [2024-06-10T14:28:22.357+0000] {dagbag.py:545} INFO - Filling up the DagBag from /home/airflow/.local/lib/python3.12/site-packages/airflow/example_dags/example_bash_decorator.py
[2024-06-10T14:28:22.371+0000] {processor.py:840} INFO - DAG(s) 'example_bash_decorator' retrieved from /home/airflow/.local/lib/python3.12/site-packages/airflow/example_dags/example_bash_decorator.py
[2024-06-10T14:28:22.399+0000] {logging_mixin.py:188} INFO - [2024-06-10T14:28:22.399+0000] {dag.py:3096} INFO - Sync 1 DAGs
[2024-06-10T14:28:22.417+0000] {logging_mixin.py:188} INFO - [2024-06-10T14:28:22.417+0000] {dag.py:3954} INFO - Setting next_dagrun for example_bash_decorator to None, run_after=None
[2024-06-10T14:28:22.449+0000] {processor.py:183} INFO - Processing /home/airflow/.local/lib/python3.12/site-packages/airflow/example_dags/example_bash_decorator.py took 0.101 seconds
[2024-06-10T14:28:52.862+0000] {processor.py:161} INFO - Started process (PID=381) to work on /home/airflow/.local/lib/python3.12/site-packages/airflow/example_dags/example_bash_decorator.py
[2024-06-10T14:28:52.863+0000] {processor.py:830} INFO - Processing file /home/airflow/.local/lib/python3.12/site-packages/airflow/example_dags/example_bash_decorator.py for tasks to queue
[2024-06-10T14:28:52.866+0000] {logging_mixin.py:188} INFO - [2024-06-10T14:28:52.866+0000] {dagbag.py:545} INFO - Filling up the DagBag from /home/airflow/.local/lib/python3.12/site-packages/airflow/example_dags/example_bash_decorator.py
[2024-06-10T14:28:52.883+0000] {processor.py:840} INFO - DAG(s) 'example_bash_decorator' retrieved from /home/airflow/.local/lib/python3.12/site-packages/airflow/example_dags/example_bash_decorator.py
[2024-06-10T14:28:52.912+0000] {logging_mixin.py:188} INFO - [2024-06-10T14:28:52.912+0000] {dag.py:3096} INFO - Sync 1 DAGs
[2024-06-10T14:28:52.927+0000] {logging_mixin.py:188} INFO - [2024-06-10T14:28:52.927+0000] {dag.py:3954} INFO - Setting next_dagrun for example_bash_decorator to None, run_after=None
[2024-06-10T14:28:52.949+0000] {processor.py:183} INFO - Processing /home/airflow/.local/lib/python3.12/site-packages/airflow/example_dags/example_bash_decorator.py took 0.094 seconds
[2024-06-10T14:29:23.171+0000] {processor.py:161} INFO - Started process (PID=441) to work on /home/airflow/.local/lib/python3.12/site-packages/airflow/example_dags/example_bash_decorator.py
[2024-06-10T14:29:23.172+0000] {processor.py:830} INFO - Processing file /home/airflow/.local/lib/python3.12/site-packages/airflow/example_dags/example_bash_decorator.py for tasks to queue
[2024-06-10T14:29:23.174+0000] {logging_mixin.py:188} INFO - [2024-06-10T14:29:23.174+0000] {dagbag.py:545} INFO - Filling up the DagBag from /home/airflow/.local/lib/python3.12/site-packages/airflow/example_dags/example_bash_decorator.py
[2024-06-10T14:29:23.189+0000] {processor.py:840} INFO - DAG(s) 'example_bash_decorator' retrieved from /home/airflow/.local/lib/python3.12/site-packages/airflow/example_dags/example_bash_decorator.py
[2024-06-10T14:29:23.212+0000] {logging_mixin.py:188} INFO - [2024-06-10T14:29:23.212+0000] {dag.py:3096} INFO - Sync 1 DAGs
[2024-06-10T14:29:23.228+0000] {logging_mixin.py:188} INFO - [2024-06-10T14:29:23.227+0000] {dag.py:3954} INFO - Setting next_dagrun for example_bash_decorator to None, run_after=None
[2024-06-10T14:29:23.252+0000] {processor.py:183} INFO - Processing /home/airflow/.local/lib/python3.12/site-packages/airflow/example_dags/example_bash_decorator.py took 0.087 seconds
[2024-06-10T14:29:53.650+0000] {processor.py:161} INFO - Started process (PID=501) to work on /home/airflow/.local/lib/python3.12/site-packages/airflow/example_dags/example_bash_decorator.py
[2024-06-10T14:29:53.652+0000] {processor.py:830} INFO - Processing file /home/airflow/.local/lib/python3.12/site-packages/airflow/example_dags/example_bash_decorator.py for tasks to queue
[2024-06-10T14:29:53.654+0000] {logging_mixin.py:188} INFO - [2024-06-10T14:29:53.654+0000] {dagbag.py:545} INFO - Filling up the DagBag from /home/airflow/.local/lib/python3.12/site-packages/airflow/example_dags/example_bash_decorator.py
[2024-06-10T14:29:53.667+0000] {processor.py:840} INFO - DAG(s) 'example_bash_decorator' retrieved from /home/airflow/.local/lib/python3.12/site-packages/airflow/example_dags/example_bash_decorator.py
[2024-06-10T14:29:53.692+0000] {logging_mixin.py:188} INFO - [2024-06-10T14:29:53.692+0000] {dag.py:3096} INFO - Sync 1 DAGs
[2024-06-10T14:29:53.706+0000] {logging_mixin.py:188} INFO - [2024-06-10T14:29:53.706+0000] {dag.py:3954} INFO - Setting next_dagrun for example_bash_decorator to None, run_after=None
[2024-06-10T14:29:53.730+0000] {processor.py:183} INFO - Processing /home/airflow/.local/lib/python3.12/site-packages/airflow/example_dags/example_bash_decorator.py took 0.085 seconds
