[2024-06-10T14:04:45.183+0000] {processor.py:161} INFO - Started process (PID=60) to work on /home/airflow/.local/lib/python3.12/site-packages/airflow/example_dags/example_xcomargs.py
[2024-06-10T14:04:45.185+0000] {processor.py:830} INFO - Processing file /home/airflow/.local/lib/python3.12/site-packages/airflow/example_dags/example_xcomargs.py for tasks to queue
[2024-06-10T14:04:45.187+0000] {logging_mixin.py:188} INFO - [2024-06-10T14:04:45.187+0000] {dagbag.py:545} INFO - Filling up the DagBag from /home/airflow/.local/lib/python3.12/site-packages/airflow/example_dags/example_xcomargs.py
[2024-06-10T14:04:45.209+0000] {processor.py:840} INFO - DAG(s) 'example_xcom_args_with_operators', 'example_xcom_args' retrieved from /home/airflow/.local/lib/python3.12/site-packages/airflow/example_dags/example_xcomargs.py
[2024-06-10T14:04:45.385+0000] {logging_mixin.py:188} INFO - [2024-06-10T14:04:45.385+0000] {dag.py:3096} INFO - Sync 2 DAGs
[2024-06-10T14:04:45.399+0000] {logging_mixin.py:188} INFO - [2024-06-10T14:04:45.399+0000] {dag.py:3954} INFO - Setting next_dagrun for example_xcom_args to None, run_after=None
[2024-06-10T14:04:45.404+0000] {logging_mixin.py:188} INFO - [2024-06-10T14:04:45.403+0000] {dag.py:3954} INFO - Setting next_dagrun for example_xcom_args_with_operators to None, run_after=None
[2024-06-10T14:04:45.430+0000] {processor.py:183} INFO - Processing /home/airflow/.local/lib/python3.12/site-packages/airflow/example_dags/example_xcomargs.py took 0.256 seconds
[2024-06-10T14:05:16.264+0000] {processor.py:161} INFO - Started process (PID=129) to work on /home/airflow/.local/lib/python3.12/site-packages/airflow/example_dags/example_xcomargs.py
[2024-06-10T14:05:16.266+0000] {processor.py:830} INFO - Processing file /home/airflow/.local/lib/python3.12/site-packages/airflow/example_dags/example_xcomargs.py for tasks to queue
[2024-06-10T14:05:16.268+0000] {logging_mixin.py:188} INFO - [2024-06-10T14:05:16.267+0000] {dagbag.py:545} INFO - Filling up the DagBag from /home/airflow/.local/lib/python3.12/site-packages/airflow/example_dags/example_xcomargs.py
[2024-06-10T14:05:16.278+0000] {processor.py:840} INFO - DAG(s) 'example_xcom_args', 'example_xcom_args_with_operators' retrieved from /home/airflow/.local/lib/python3.12/site-packages/airflow/example_dags/example_xcomargs.py
[2024-06-10T14:05:16.300+0000] {logging_mixin.py:188} INFO - [2024-06-10T14:05:16.300+0000] {dag.py:3096} INFO - Sync 2 DAGs
[2024-06-10T14:05:16.313+0000] {logging_mixin.py:188} INFO - [2024-06-10T14:05:16.312+0000] {dag.py:3954} INFO - Setting next_dagrun for example_xcom_args to None, run_after=None
[2024-06-10T14:05:16.317+0000] {logging_mixin.py:188} INFO - [2024-06-10T14:05:16.316+0000] {dag.py:3954} INFO - Setting next_dagrun for example_xcom_args_with_operators to None, run_after=None
[2024-06-10T14:05:16.336+0000] {processor.py:183} INFO - Processing /home/airflow/.local/lib/python3.12/site-packages/airflow/example_dags/example_xcomargs.py took 0.078 seconds
[2024-06-10T14:05:46.623+0000] {processor.py:161} INFO - Started process (PID=198) to work on /home/airflow/.local/lib/python3.12/site-packages/airflow/example_dags/example_xcomargs.py
[2024-06-10T14:05:46.625+0000] {processor.py:830} INFO - Processing file /home/airflow/.local/lib/python3.12/site-packages/airflow/example_dags/example_xcomargs.py for tasks to queue
[2024-06-10T14:05:46.627+0000] {logging_mixin.py:188} INFO - [2024-06-10T14:05:46.626+0000] {dagbag.py:545} INFO - Filling up the DagBag from /home/airflow/.local/lib/python3.12/site-packages/airflow/example_dags/example_xcomargs.py
[2024-06-10T14:05:46.636+0000] {processor.py:840} INFO - DAG(s) 'example_xcom_args_with_operators', 'example_xcom_args' retrieved from /home/airflow/.local/lib/python3.12/site-packages/airflow/example_dags/example_xcomargs.py
[2024-06-10T14:05:46.661+0000] {logging_mixin.py:188} INFO - [2024-06-10T14:05:46.661+0000] {dag.py:3096} INFO - Sync 2 DAGs
[2024-06-10T14:05:46.677+0000] {logging_mixin.py:188} INFO - [2024-06-10T14:05:46.677+0000] {dag.py:3954} INFO - Setting next_dagrun for example_xcom_args to None, run_after=None
[2024-06-10T14:05:46.683+0000] {logging_mixin.py:188} INFO - [2024-06-10T14:05:46.683+0000] {dag.py:3954} INFO - Setting next_dagrun for example_xcom_args_with_operators to None, run_after=None
[2024-06-10T14:05:46.793+0000] {processor.py:183} INFO - Processing /home/airflow/.local/lib/python3.12/site-packages/airflow/example_dags/example_xcomargs.py took 0.175 seconds
[2024-06-10T14:06:16.914+0000] {processor.py:161} INFO - Started process (PID=267) to work on /home/airflow/.local/lib/python3.12/site-packages/airflow/example_dags/example_xcomargs.py
[2024-06-10T14:06:16.916+0000] {processor.py:830} INFO - Processing file /home/airflow/.local/lib/python3.12/site-packages/airflow/example_dags/example_xcomargs.py for tasks to queue
[2024-06-10T14:06:16.918+0000] {logging_mixin.py:188} INFO - [2024-06-10T14:06:16.917+0000] {dagbag.py:545} INFO - Filling up the DagBag from /home/airflow/.local/lib/python3.12/site-packages/airflow/example_dags/example_xcomargs.py
[2024-06-10T14:06:16.928+0000] {processor.py:840} INFO - DAG(s) 'example_xcom_args', 'example_xcom_args_with_operators' retrieved from /home/airflow/.local/lib/python3.12/site-packages/airflow/example_dags/example_xcomargs.py
[2024-06-10T14:06:16.942+0000] {logging_mixin.py:188} INFO - [2024-06-10T14:06:16.942+0000] {dag.py:3096} INFO - Sync 2 DAGs
[2024-06-10T14:06:16.957+0000] {logging_mixin.py:188} INFO - [2024-06-10T14:06:16.956+0000] {dag.py:3954} INFO - Setting next_dagrun for example_xcom_args to None, run_after=None
[2024-06-10T14:06:16.963+0000] {logging_mixin.py:188} INFO - [2024-06-10T14:06:16.963+0000] {dag.py:3954} INFO - Setting next_dagrun for example_xcom_args_with_operators to None, run_after=None
[2024-06-10T14:06:16.987+0000] {processor.py:183} INFO - Processing /home/airflow/.local/lib/python3.12/site-packages/airflow/example_dags/example_xcomargs.py took 0.081 seconds
[2024-06-10T14:07:15.528+0000] {processor.py:161} INFO - Started process (PID=53) to work on /home/airflow/.local/lib/python3.12/site-packages/airflow/example_dags/example_xcomargs.py
[2024-06-10T14:07:15.529+0000] {processor.py:830} INFO - Processing file /home/airflow/.local/lib/python3.12/site-packages/airflow/example_dags/example_xcomargs.py for tasks to queue
[2024-06-10T14:07:15.531+0000] {logging_mixin.py:188} INFO - [2024-06-10T14:07:15.531+0000] {dagbag.py:545} INFO - Filling up the DagBag from /home/airflow/.local/lib/python3.12/site-packages/airflow/example_dags/example_xcomargs.py
[2024-06-10T14:07:15.545+0000] {processor.py:840} INFO - DAG(s) 'example_xcom_args_with_operators', 'example_xcom_args' retrieved from /home/airflow/.local/lib/python3.12/site-packages/airflow/example_dags/example_xcomargs.py
[2024-06-10T14:07:15.672+0000] {logging_mixin.py:188} INFO - [2024-06-10T14:07:15.672+0000] {dag.py:3096} INFO - Sync 2 DAGs
[2024-06-10T14:07:15.851+0000] {logging_mixin.py:188} INFO - [2024-06-10T14:07:15.851+0000] {dag.py:3954} INFO - Setting next_dagrun for example_xcom_args to None, run_after=None
[2024-06-10T14:07:15.856+0000] {logging_mixin.py:188} INFO - [2024-06-10T14:07:15.856+0000] {dag.py:3954} INFO - Setting next_dagrun for example_xcom_args_with_operators to None, run_after=None
[2024-06-10T14:07:15.877+0000] {processor.py:183} INFO - Processing /home/airflow/.local/lib/python3.12/site-packages/airflow/example_dags/example_xcomargs.py took 0.355 seconds
[2024-06-10T14:07:46.180+0000] {processor.py:161} INFO - Started process (PID=123) to work on /home/airflow/.local/lib/python3.12/site-packages/airflow/example_dags/example_xcomargs.py
[2024-06-10T14:07:46.182+0000] {processor.py:830} INFO - Processing file /home/airflow/.local/lib/python3.12/site-packages/airflow/example_dags/example_xcomargs.py for tasks to queue
[2024-06-10T14:07:46.184+0000] {logging_mixin.py:188} INFO - [2024-06-10T14:07:46.183+0000] {dagbag.py:545} INFO - Filling up the DagBag from /home/airflow/.local/lib/python3.12/site-packages/airflow/example_dags/example_xcomargs.py
[2024-06-10T14:07:46.197+0000] {processor.py:840} INFO - DAG(s) 'example_xcom_args', 'example_xcom_args_with_operators' retrieved from /home/airflow/.local/lib/python3.12/site-packages/airflow/example_dags/example_xcomargs.py
[2024-06-10T14:07:46.230+0000] {logging_mixin.py:188} INFO - [2024-06-10T14:07:46.230+0000] {dag.py:3096} INFO - Sync 2 DAGs
[2024-06-10T14:07:46.247+0000] {logging_mixin.py:188} INFO - [2024-06-10T14:07:46.247+0000] {dag.py:3954} INFO - Setting next_dagrun for example_xcom_args to None, run_after=None
[2024-06-10T14:07:46.254+0000] {logging_mixin.py:188} INFO - [2024-06-10T14:07:46.254+0000] {dag.py:3954} INFO - Setting next_dagrun for example_xcom_args_with_operators to None, run_after=None
[2024-06-10T14:07:46.275+0000] {processor.py:183} INFO - Processing /home/airflow/.local/lib/python3.12/site-packages/airflow/example_dags/example_xcomargs.py took 0.100 seconds
[2024-06-10T14:08:16.711+0000] {processor.py:161} INFO - Started process (PID=192) to work on /home/airflow/.local/lib/python3.12/site-packages/airflow/example_dags/example_xcomargs.py
[2024-06-10T14:08:16.713+0000] {processor.py:830} INFO - Processing file /home/airflow/.local/lib/python3.12/site-packages/airflow/example_dags/example_xcomargs.py for tasks to queue
[2024-06-10T14:08:16.715+0000] {logging_mixin.py:188} INFO - [2024-06-10T14:08:16.715+0000] {dagbag.py:545} INFO - Filling up the DagBag from /home/airflow/.local/lib/python3.12/site-packages/airflow/example_dags/example_xcomargs.py
[2024-06-10T14:08:16.723+0000] {processor.py:840} INFO - DAG(s) 'example_xcom_args', 'example_xcom_args_with_operators' retrieved from /home/airflow/.local/lib/python3.12/site-packages/airflow/example_dags/example_xcomargs.py
[2024-06-10T14:08:16.748+0000] {logging_mixin.py:188} INFO - [2024-06-10T14:08:16.748+0000] {dag.py:3096} INFO - Sync 2 DAGs
[2024-06-10T14:08:16.766+0000] {logging_mixin.py:188} INFO - [2024-06-10T14:08:16.765+0000] {dag.py:3954} INFO - Setting next_dagrun for example_xcom_args to None, run_after=None
[2024-06-10T14:08:16.772+0000] {logging_mixin.py:188} INFO - [2024-06-10T14:08:16.772+0000] {dag.py:3954} INFO - Setting next_dagrun for example_xcom_args_with_operators to None, run_after=None
[2024-06-10T14:08:16.796+0000] {processor.py:183} INFO - Processing /home/airflow/.local/lib/python3.12/site-packages/airflow/example_dags/example_xcomargs.py took 0.090 seconds
[2024-06-10T14:08:47.885+0000] {processor.py:161} INFO - Started process (PID=261) to work on /home/airflow/.local/lib/python3.12/site-packages/airflow/example_dags/example_xcomargs.py
[2024-06-10T14:08:47.887+0000] {processor.py:830} INFO - Processing file /home/airflow/.local/lib/python3.12/site-packages/airflow/example_dags/example_xcomargs.py for tasks to queue
[2024-06-10T14:08:47.889+0000] {logging_mixin.py:188} INFO - [2024-06-10T14:08:47.889+0000] {dagbag.py:545} INFO - Filling up the DagBag from /home/airflow/.local/lib/python3.12/site-packages/airflow/example_dags/example_xcomargs.py
[2024-06-10T14:08:47.897+0000] {processor.py:840} INFO - DAG(s) 'example_xcom_args_with_operators', 'example_xcom_args' retrieved from /home/airflow/.local/lib/python3.12/site-packages/airflow/example_dags/example_xcomargs.py
[2024-06-10T14:08:47.924+0000] {logging_mixin.py:188} INFO - [2024-06-10T14:08:47.923+0000] {dag.py:3096} INFO - Sync 2 DAGs
[2024-06-10T14:08:47.937+0000] {logging_mixin.py:188} INFO - [2024-06-10T14:08:47.937+0000] {dag.py:3954} INFO - Setting next_dagrun for example_xcom_args to None, run_after=None
[2024-06-10T14:08:47.941+0000] {logging_mixin.py:188} INFO - [2024-06-10T14:08:47.941+0000] {dag.py:3954} INFO - Setting next_dagrun for example_xcom_args_with_operators to None, run_after=None
[2024-06-10T14:08:47.961+0000] {processor.py:183} INFO - Processing /home/airflow/.local/lib/python3.12/site-packages/airflow/example_dags/example_xcomargs.py took 0.082 seconds
[2024-06-10T14:09:18.709+0000] {processor.py:161} INFO - Started process (PID=330) to work on /home/airflow/.local/lib/python3.12/site-packages/airflow/example_dags/example_xcomargs.py
[2024-06-10T14:09:18.710+0000] {processor.py:830} INFO - Processing file /home/airflow/.local/lib/python3.12/site-packages/airflow/example_dags/example_xcomargs.py for tasks to queue
[2024-06-10T14:09:18.713+0000] {logging_mixin.py:188} INFO - [2024-06-10T14:09:18.712+0000] {dagbag.py:545} INFO - Filling up the DagBag from /home/airflow/.local/lib/python3.12/site-packages/airflow/example_dags/example_xcomargs.py
[2024-06-10T14:09:18.722+0000] {processor.py:840} INFO - DAG(s) 'example_xcom_args', 'example_xcom_args_with_operators' retrieved from /home/airflow/.local/lib/python3.12/site-packages/airflow/example_dags/example_xcomargs.py
[2024-06-10T14:09:18.744+0000] {logging_mixin.py:188} INFO - [2024-06-10T14:09:18.743+0000] {dag.py:3096} INFO - Sync 2 DAGs
[2024-06-10T14:09:18.755+0000] {logging_mixin.py:188} INFO - [2024-06-10T14:09:18.755+0000] {dag.py:3954} INFO - Setting next_dagrun for example_xcom_args to None, run_after=None
[2024-06-10T14:09:18.760+0000] {logging_mixin.py:188} INFO - [2024-06-10T14:09:18.760+0000] {dag.py:3954} INFO - Setting next_dagrun for example_xcom_args_with_operators to None, run_after=None
[2024-06-10T14:09:18.780+0000] {processor.py:183} INFO - Processing /home/airflow/.local/lib/python3.12/site-packages/airflow/example_dags/example_xcomargs.py took 0.078 seconds
[2024-06-10T14:09:49.182+0000] {processor.py:161} INFO - Started process (PID=399) to work on /home/airflow/.local/lib/python3.12/site-packages/airflow/example_dags/example_xcomargs.py
[2024-06-10T14:09:49.183+0000] {processor.py:830} INFO - Processing file /home/airflow/.local/lib/python3.12/site-packages/airflow/example_dags/example_xcomargs.py for tasks to queue
[2024-06-10T14:09:49.186+0000] {logging_mixin.py:188} INFO - [2024-06-10T14:09:49.185+0000] {dagbag.py:545} INFO - Filling up the DagBag from /home/airflow/.local/lib/python3.12/site-packages/airflow/example_dags/example_xcomargs.py
[2024-06-10T14:09:49.195+0000] {processor.py:840} INFO - DAG(s) 'example_xcom_args', 'example_xcom_args_with_operators' retrieved from /home/airflow/.local/lib/python3.12/site-packages/airflow/example_dags/example_xcomargs.py
[2024-06-10T14:09:49.221+0000] {logging_mixin.py:188} INFO - [2024-06-10T14:09:49.221+0000] {dag.py:3096} INFO - Sync 2 DAGs
[2024-06-10T14:09:49.235+0000] {logging_mixin.py:188} INFO - [2024-06-10T14:09:49.235+0000] {dag.py:3954} INFO - Setting next_dagrun for example_xcom_args to None, run_after=None
[2024-06-10T14:09:49.240+0000] {logging_mixin.py:188} INFO - [2024-06-10T14:09:49.240+0000] {dag.py:3954} INFO - Setting next_dagrun for example_xcom_args_with_operators to None, run_after=None
[2024-06-10T14:09:49.263+0000] {processor.py:183} INFO - Processing /home/airflow/.local/lib/python3.12/site-packages/airflow/example_dags/example_xcomargs.py took 0.089 seconds
[2024-06-10T14:10:20.458+0000] {processor.py:161} INFO - Started process (PID=468) to work on /home/airflow/.local/lib/python3.12/site-packages/airflow/example_dags/example_xcomargs.py
[2024-06-10T14:10:20.460+0000] {processor.py:830} INFO - Processing file /home/airflow/.local/lib/python3.12/site-packages/airflow/example_dags/example_xcomargs.py for tasks to queue
[2024-06-10T14:10:20.462+0000] {logging_mixin.py:188} INFO - [2024-06-10T14:10:20.461+0000] {dagbag.py:545} INFO - Filling up the DagBag from /home/airflow/.local/lib/python3.12/site-packages/airflow/example_dags/example_xcomargs.py
[2024-06-10T14:10:20.469+0000] {processor.py:840} INFO - DAG(s) 'example_xcom_args_with_operators', 'example_xcom_args' retrieved from /home/airflow/.local/lib/python3.12/site-packages/airflow/example_dags/example_xcomargs.py
[2024-06-10T14:10:20.491+0000] {logging_mixin.py:188} INFO - [2024-06-10T14:10:20.491+0000] {dag.py:3096} INFO - Sync 2 DAGs
[2024-06-10T14:10:20.505+0000] {logging_mixin.py:188} INFO - [2024-06-10T14:10:20.505+0000] {dag.py:3954} INFO - Setting next_dagrun for example_xcom_args to None, run_after=None
[2024-06-10T14:10:20.511+0000] {logging_mixin.py:188} INFO - [2024-06-10T14:10:20.511+0000] {dag.py:3954} INFO - Setting next_dagrun for example_xcom_args_with_operators to None, run_after=None
[2024-06-10T14:10:20.652+0000] {processor.py:183} INFO - Processing /home/airflow/.local/lib/python3.12/site-packages/airflow/example_dags/example_xcomargs.py took 0.198 seconds
[2024-06-10T14:10:51.510+0000] {processor.py:161} INFO - Started process (PID=537) to work on /home/airflow/.local/lib/python3.12/site-packages/airflow/example_dags/example_xcomargs.py
[2024-06-10T14:10:51.511+0000] {processor.py:830} INFO - Processing file /home/airflow/.local/lib/python3.12/site-packages/airflow/example_dags/example_xcomargs.py for tasks to queue
[2024-06-10T14:10:51.513+0000] {logging_mixin.py:188} INFO - [2024-06-10T14:10:51.513+0000] {dagbag.py:545} INFO - Filling up the DagBag from /home/airflow/.local/lib/python3.12/site-packages/airflow/example_dags/example_xcomargs.py
[2024-06-10T14:10:51.521+0000] {processor.py:840} INFO - DAG(s) 'example_xcom_args', 'example_xcom_args_with_operators' retrieved from /home/airflow/.local/lib/python3.12/site-packages/airflow/example_dags/example_xcomargs.py
[2024-06-10T14:10:51.548+0000] {logging_mixin.py:188} INFO - [2024-06-10T14:10:51.548+0000] {dag.py:3096} INFO - Sync 2 DAGs
[2024-06-10T14:10:51.563+0000] {logging_mixin.py:188} INFO - [2024-06-10T14:10:51.563+0000] {dag.py:3954} INFO - Setting next_dagrun for example_xcom_args to None, run_after=None
[2024-06-10T14:10:51.568+0000] {logging_mixin.py:188} INFO - [2024-06-10T14:10:51.567+0000] {dag.py:3954} INFO - Setting next_dagrun for example_xcom_args_with_operators to None, run_after=None
[2024-06-10T14:10:51.588+0000] {processor.py:183} INFO - Processing /home/airflow/.local/lib/python3.12/site-packages/airflow/example_dags/example_xcomargs.py took 0.084 seconds
[2024-06-10T14:11:21.769+0000] {processor.py:161} INFO - Started process (PID=604) to work on /home/airflow/.local/lib/python3.12/site-packages/airflow/example_dags/example_xcomargs.py
[2024-06-10T14:11:21.770+0000] {processor.py:830} INFO - Processing file /home/airflow/.local/lib/python3.12/site-packages/airflow/example_dags/example_xcomargs.py for tasks to queue
[2024-06-10T14:11:21.773+0000] {logging_mixin.py:188} INFO - [2024-06-10T14:11:21.773+0000] {dagbag.py:545} INFO - Filling up the DagBag from /home/airflow/.local/lib/python3.12/site-packages/airflow/example_dags/example_xcomargs.py
[2024-06-10T14:11:21.783+0000] {processor.py:840} INFO - DAG(s) 'example_xcom_args', 'example_xcom_args_with_operators' retrieved from /home/airflow/.local/lib/python3.12/site-packages/airflow/example_dags/example_xcomargs.py
[2024-06-10T14:11:21.818+0000] {logging_mixin.py:188} INFO - [2024-06-10T14:11:21.817+0000] {dag.py:3096} INFO - Sync 2 DAGs
[2024-06-10T14:11:21.837+0000] {logging_mixin.py:188} INFO - [2024-06-10T14:11:21.836+0000] {dag.py:3954} INFO - Setting next_dagrun for example_xcom_args to None, run_after=None
[2024-06-10T14:11:21.843+0000] {logging_mixin.py:188} INFO - [2024-06-10T14:11:21.842+0000] {dag.py:3954} INFO - Setting next_dagrun for example_xcom_args_with_operators to None, run_after=None
[2024-06-10T14:11:21.865+0000] {processor.py:183} INFO - Processing /home/airflow/.local/lib/python3.12/site-packages/airflow/example_dags/example_xcomargs.py took 0.102 seconds
[2024-06-10T14:11:52.448+0000] {processor.py:161} INFO - Started process (PID=673) to work on /home/airflow/.local/lib/python3.12/site-packages/airflow/example_dags/example_xcomargs.py
[2024-06-10T14:11:52.449+0000] {processor.py:830} INFO - Processing file /home/airflow/.local/lib/python3.12/site-packages/airflow/example_dags/example_xcomargs.py for tasks to queue
[2024-06-10T14:11:52.452+0000] {logging_mixin.py:188} INFO - [2024-06-10T14:11:52.452+0000] {dagbag.py:545} INFO - Filling up the DagBag from /home/airflow/.local/lib/python3.12/site-packages/airflow/example_dags/example_xcomargs.py
[2024-06-10T14:11:52.460+0000] {processor.py:840} INFO - DAG(s) 'example_xcom_args_with_operators', 'example_xcom_args' retrieved from /home/airflow/.local/lib/python3.12/site-packages/airflow/example_dags/example_xcomargs.py
[2024-06-10T14:11:52.490+0000] {logging_mixin.py:188} INFO - [2024-06-10T14:11:52.490+0000] {dag.py:3096} INFO - Sync 2 DAGs
[2024-06-10T14:11:52.508+0000] {logging_mixin.py:188} INFO - [2024-06-10T14:11:52.507+0000] {dag.py:3954} INFO - Setting next_dagrun for example_xcom_args to None, run_after=None
[2024-06-10T14:11:52.514+0000] {logging_mixin.py:188} INFO - [2024-06-10T14:11:52.514+0000] {dag.py:3954} INFO - Setting next_dagrun for example_xcom_args_with_operators to None, run_after=None
[2024-06-10T14:11:52.541+0000] {processor.py:183} INFO - Processing /home/airflow/.local/lib/python3.12/site-packages/airflow/example_dags/example_xcomargs.py took 0.099 seconds
[2024-06-10T14:12:23.100+0000] {processor.py:161} INFO - Started process (PID=742) to work on /home/airflow/.local/lib/python3.12/site-packages/airflow/example_dags/example_xcomargs.py
[2024-06-10T14:12:23.102+0000] {processor.py:830} INFO - Processing file /home/airflow/.local/lib/python3.12/site-packages/airflow/example_dags/example_xcomargs.py for tasks to queue
[2024-06-10T14:12:23.105+0000] {logging_mixin.py:188} INFO - [2024-06-10T14:12:23.104+0000] {dagbag.py:545} INFO - Filling up the DagBag from /home/airflow/.local/lib/python3.12/site-packages/airflow/example_dags/example_xcomargs.py
[2024-06-10T14:12:23.120+0000] {processor.py:840} INFO - DAG(s) 'example_xcom_args', 'example_xcom_args_with_operators' retrieved from /home/airflow/.local/lib/python3.12/site-packages/airflow/example_dags/example_xcomargs.py
[2024-06-10T14:12:23.145+0000] {logging_mixin.py:188} INFO - [2024-06-10T14:12:23.145+0000] {dag.py:3096} INFO - Sync 2 DAGs
[2024-06-10T14:12:23.159+0000] {logging_mixin.py:188} INFO - [2024-06-10T14:12:23.159+0000] {dag.py:3954} INFO - Setting next_dagrun for example_xcom_args to None, run_after=None
[2024-06-10T14:12:23.164+0000] {logging_mixin.py:188} INFO - [2024-06-10T14:12:23.163+0000] {dag.py:3954} INFO - Setting next_dagrun for example_xcom_args_with_operators to None, run_after=None
[2024-06-10T14:12:23.182+0000] {processor.py:183} INFO - Processing /home/airflow/.local/lib/python3.12/site-packages/airflow/example_dags/example_xcomargs.py took 0.096 seconds
[2024-06-10T14:12:54.752+0000] {processor.py:161} INFO - Started process (PID=817) to work on /home/airflow/.local/lib/python3.12/site-packages/airflow/example_dags/example_xcomargs.py
[2024-06-10T14:12:54.754+0000] {processor.py:830} INFO - Processing file /home/airflow/.local/lib/python3.12/site-packages/airflow/example_dags/example_xcomargs.py for tasks to queue
[2024-06-10T14:12:54.756+0000] {logging_mixin.py:188} INFO - [2024-06-10T14:12:54.756+0000] {dagbag.py:545} INFO - Filling up the DagBag from /home/airflow/.local/lib/python3.12/site-packages/airflow/example_dags/example_xcomargs.py
[2024-06-10T14:12:54.927+0000] {processor.py:840} INFO - DAG(s) 'example_xcom_args', 'example_xcom_args_with_operators' retrieved from /home/airflow/.local/lib/python3.12/site-packages/airflow/example_dags/example_xcomargs.py
[2024-06-10T14:12:54.951+0000] {logging_mixin.py:188} INFO - [2024-06-10T14:12:54.951+0000] {dag.py:3096} INFO - Sync 2 DAGs
[2024-06-10T14:12:54.967+0000] {logging_mixin.py:188} INFO - [2024-06-10T14:12:54.967+0000] {dag.py:3954} INFO - Setting next_dagrun for example_xcom_args to None, run_after=None
[2024-06-10T14:12:54.972+0000] {logging_mixin.py:188} INFO - [2024-06-10T14:12:54.972+0000] {dag.py:3954} INFO - Setting next_dagrun for example_xcom_args_with_operators to None, run_after=None
[2024-06-10T14:12:55.002+0000] {processor.py:183} INFO - Processing /home/airflow/.local/lib/python3.12/site-packages/airflow/example_dags/example_xcomargs.py took 0.256 seconds
[2024-06-10T14:13:25.895+0000] {processor.py:161} INFO - Started process (PID=886) to work on /home/airflow/.local/lib/python3.12/site-packages/airflow/example_dags/example_xcomargs.py
[2024-06-10T14:13:25.896+0000] {processor.py:830} INFO - Processing file /home/airflow/.local/lib/python3.12/site-packages/airflow/example_dags/example_xcomargs.py for tasks to queue
[2024-06-10T14:13:25.899+0000] {logging_mixin.py:188} INFO - [2024-06-10T14:13:25.899+0000] {dagbag.py:545} INFO - Filling up the DagBag from /home/airflow/.local/lib/python3.12/site-packages/airflow/example_dags/example_xcomargs.py
[2024-06-10T14:13:25.910+0000] {processor.py:840} INFO - DAG(s) 'example_xcom_args', 'example_xcom_args_with_operators' retrieved from /home/airflow/.local/lib/python3.12/site-packages/airflow/example_dags/example_xcomargs.py
[2024-06-10T14:13:25.935+0000] {logging_mixin.py:188} INFO - [2024-06-10T14:13:25.934+0000] {dag.py:3096} INFO - Sync 2 DAGs
[2024-06-10T14:13:25.950+0000] {logging_mixin.py:188} INFO - [2024-06-10T14:13:25.949+0000] {dag.py:3954} INFO - Setting next_dagrun for example_xcom_args to None, run_after=None
[2024-06-10T14:13:25.955+0000] {logging_mixin.py:188} INFO - [2024-06-10T14:13:25.955+0000] {dag.py:3954} INFO - Setting next_dagrun for example_xcom_args_with_operators to None, run_after=None
[2024-06-10T14:13:25.975+0000] {processor.py:183} INFO - Processing /home/airflow/.local/lib/python3.12/site-packages/airflow/example_dags/example_xcomargs.py took 0.085 seconds
[2024-06-10T14:13:56.577+0000] {processor.py:161} INFO - Started process (PID=955) to work on /home/airflow/.local/lib/python3.12/site-packages/airflow/example_dags/example_xcomargs.py
[2024-06-10T14:13:56.579+0000] {processor.py:830} INFO - Processing file /home/airflow/.local/lib/python3.12/site-packages/airflow/example_dags/example_xcomargs.py for tasks to queue
[2024-06-10T14:13:56.581+0000] {logging_mixin.py:188} INFO - [2024-06-10T14:13:56.580+0000] {dagbag.py:545} INFO - Filling up the DagBag from /home/airflow/.local/lib/python3.12/site-packages/airflow/example_dags/example_xcomargs.py
[2024-06-10T14:13:56.590+0000] {processor.py:840} INFO - DAG(s) 'example_xcom_args_with_operators', 'example_xcom_args' retrieved from /home/airflow/.local/lib/python3.12/site-packages/airflow/example_dags/example_xcomargs.py
[2024-06-10T14:13:56.614+0000] {logging_mixin.py:188} INFO - [2024-06-10T14:13:56.614+0000] {dag.py:3096} INFO - Sync 2 DAGs
[2024-06-10T14:13:56.629+0000] {logging_mixin.py:188} INFO - [2024-06-10T14:13:56.629+0000] {dag.py:3954} INFO - Setting next_dagrun for example_xcom_args to None, run_after=None
[2024-06-10T14:13:56.633+0000] {logging_mixin.py:188} INFO - [2024-06-10T14:13:56.633+0000] {dag.py:3954} INFO - Setting next_dagrun for example_xcom_args_with_operators to None, run_after=None
[2024-06-10T14:13:56.652+0000] {processor.py:183} INFO - Processing /home/airflow/.local/lib/python3.12/site-packages/airflow/example_dags/example_xcomargs.py took 0.080 seconds
[2024-06-10T14:14:26.858+0000] {processor.py:161} INFO - Started process (PID=1024) to work on /home/airflow/.local/lib/python3.12/site-packages/airflow/example_dags/example_xcomargs.py
[2024-06-10T14:14:26.859+0000] {processor.py:830} INFO - Processing file /home/airflow/.local/lib/python3.12/site-packages/airflow/example_dags/example_xcomargs.py for tasks to queue
[2024-06-10T14:14:26.861+0000] {logging_mixin.py:188} INFO - [2024-06-10T14:14:26.861+0000] {dagbag.py:545} INFO - Filling up the DagBag from /home/airflow/.local/lib/python3.12/site-packages/airflow/example_dags/example_xcomargs.py
[2024-06-10T14:14:26.870+0000] {processor.py:840} INFO - DAG(s) 'example_xcom_args', 'example_xcom_args_with_operators' retrieved from /home/airflow/.local/lib/python3.12/site-packages/airflow/example_dags/example_xcomargs.py
[2024-06-10T14:14:26.898+0000] {logging_mixin.py:188} INFO - [2024-06-10T14:14:26.898+0000] {dag.py:3096} INFO - Sync 2 DAGs
[2024-06-10T14:14:26.915+0000] {logging_mixin.py:188} INFO - [2024-06-10T14:14:26.915+0000] {dag.py:3954} INFO - Setting next_dagrun for example_xcom_args to None, run_after=None
[2024-06-10T14:14:26.922+0000] {logging_mixin.py:188} INFO - [2024-06-10T14:14:26.922+0000] {dag.py:3954} INFO - Setting next_dagrun for example_xcom_args_with_operators to None, run_after=None
[2024-06-10T14:14:26.949+0000] {processor.py:183} INFO - Processing /home/airflow/.local/lib/python3.12/site-packages/airflow/example_dags/example_xcomargs.py took 0.098 seconds
[2024-06-10T14:14:57.177+0000] {processor.py:161} INFO - Started process (PID=1094) to work on /home/airflow/.local/lib/python3.12/site-packages/airflow/example_dags/example_xcomargs.py
[2024-06-10T14:14:57.178+0000] {processor.py:830} INFO - Processing file /home/airflow/.local/lib/python3.12/site-packages/airflow/example_dags/example_xcomargs.py for tasks to queue
[2024-06-10T14:14:57.181+0000] {logging_mixin.py:188} INFO - [2024-06-10T14:14:57.180+0000] {dagbag.py:545} INFO - Filling up the DagBag from /home/airflow/.local/lib/python3.12/site-packages/airflow/example_dags/example_xcomargs.py
[2024-06-10T14:14:57.188+0000] {processor.py:840} INFO - DAG(s) 'example_xcom_args', 'example_xcom_args_with_operators' retrieved from /home/airflow/.local/lib/python3.12/site-packages/airflow/example_dags/example_xcomargs.py
[2024-06-10T14:14:57.211+0000] {logging_mixin.py:188} INFO - [2024-06-10T14:14:57.211+0000] {dag.py:3096} INFO - Sync 2 DAGs
[2024-06-10T14:14:57.224+0000] {logging_mixin.py:188} INFO - [2024-06-10T14:14:57.224+0000] {dag.py:3954} INFO - Setting next_dagrun for example_xcom_args to None, run_after=None
[2024-06-10T14:14:57.228+0000] {logging_mixin.py:188} INFO - [2024-06-10T14:14:57.228+0000] {dag.py:3954} INFO - Setting next_dagrun for example_xcom_args_with_operators to None, run_after=None
[2024-06-10T14:14:57.247+0000] {processor.py:183} INFO - Processing /home/airflow/.local/lib/python3.12/site-packages/airflow/example_dags/example_xcomargs.py took 0.076 seconds
[2024-06-10T14:15:27.307+0000] {processor.py:161} INFO - Started process (PID=1161) to work on /home/airflow/.local/lib/python3.12/site-packages/airflow/example_dags/example_xcomargs.py
[2024-06-10T14:15:27.309+0000] {processor.py:830} INFO - Processing file /home/airflow/.local/lib/python3.12/site-packages/airflow/example_dags/example_xcomargs.py for tasks to queue
[2024-06-10T14:15:27.310+0000] {logging_mixin.py:188} INFO - [2024-06-10T14:15:27.310+0000] {dagbag.py:545} INFO - Filling up the DagBag from /home/airflow/.local/lib/python3.12/site-packages/airflow/example_dags/example_xcomargs.py
[2024-06-10T14:15:27.318+0000] {processor.py:840} INFO - DAG(s) 'example_xcom_args', 'example_xcom_args_with_operators' retrieved from /home/airflow/.local/lib/python3.12/site-packages/airflow/example_dags/example_xcomargs.py
[2024-06-10T14:15:27.344+0000] {logging_mixin.py:188} INFO - [2024-06-10T14:15:27.344+0000] {dag.py:3096} INFO - Sync 2 DAGs
[2024-06-10T14:15:27.357+0000] {logging_mixin.py:188} INFO - [2024-06-10T14:15:27.356+0000] {dag.py:3954} INFO - Setting next_dagrun for example_xcom_args to None, run_after=None
[2024-06-10T14:15:27.363+0000] {logging_mixin.py:188} INFO - [2024-06-10T14:15:27.363+0000] {dag.py:3954} INFO - Setting next_dagrun for example_xcom_args_with_operators to None, run_after=None
[2024-06-10T14:15:27.385+0000] {processor.py:183} INFO - Processing /home/airflow/.local/lib/python3.12/site-packages/airflow/example_dags/example_xcomargs.py took 0.083 seconds
[2024-06-10T14:15:57.609+0000] {processor.py:161} INFO - Started process (PID=1222) to work on /home/airflow/.local/lib/python3.12/site-packages/airflow/example_dags/example_xcomargs.py
[2024-06-10T14:15:57.610+0000] {processor.py:830} INFO - Processing file /home/airflow/.local/lib/python3.12/site-packages/airflow/example_dags/example_xcomargs.py for tasks to queue
[2024-06-10T14:15:57.612+0000] {logging_mixin.py:188} INFO - [2024-06-10T14:15:57.611+0000] {dagbag.py:545} INFO - Filling up the DagBag from /home/airflow/.local/lib/python3.12/site-packages/airflow/example_dags/example_xcomargs.py
[2024-06-10T14:15:57.624+0000] {processor.py:840} INFO - DAG(s) 'example_xcom_args_with_operators', 'example_xcom_args' retrieved from /home/airflow/.local/lib/python3.12/site-packages/airflow/example_dags/example_xcomargs.py
[2024-06-10T14:15:57.657+0000] {logging_mixin.py:188} INFO - [2024-06-10T14:15:57.657+0000] {dag.py:3096} INFO - Sync 2 DAGs
[2024-06-10T14:15:57.673+0000] {logging_mixin.py:188} INFO - [2024-06-10T14:15:57.672+0000] {dag.py:3954} INFO - Setting next_dagrun for example_xcom_args to None, run_after=None
[2024-06-10T14:15:57.676+0000] {logging_mixin.py:188} INFO - [2024-06-10T14:15:57.676+0000] {dag.py:3954} INFO - Setting next_dagrun for example_xcom_args_with_operators to None, run_after=None
[2024-06-10T14:15:57.695+0000] {processor.py:183} INFO - Processing /home/airflow/.local/lib/python3.12/site-packages/airflow/example_dags/example_xcomargs.py took 0.097 seconds
[2024-06-10T14:16:27.904+0000] {processor.py:161} INFO - Started process (PID=1282) to work on /home/airflow/.local/lib/python3.12/site-packages/airflow/example_dags/example_xcomargs.py
[2024-06-10T14:16:27.906+0000] {processor.py:830} INFO - Processing file /home/airflow/.local/lib/python3.12/site-packages/airflow/example_dags/example_xcomargs.py for tasks to queue
[2024-06-10T14:16:27.907+0000] {logging_mixin.py:188} INFO - [2024-06-10T14:16:27.907+0000] {dagbag.py:545} INFO - Filling up the DagBag from /home/airflow/.local/lib/python3.12/site-packages/airflow/example_dags/example_xcomargs.py
[2024-06-10T14:16:27.915+0000] {processor.py:840} INFO - DAG(s) 'example_xcom_args_with_operators', 'example_xcom_args' retrieved from /home/airflow/.local/lib/python3.12/site-packages/airflow/example_dags/example_xcomargs.py
[2024-06-10T14:16:27.937+0000] {logging_mixin.py:188} INFO - [2024-06-10T14:16:27.937+0000] {dag.py:3096} INFO - Sync 2 DAGs
[2024-06-10T14:16:27.948+0000] {logging_mixin.py:188} INFO - [2024-06-10T14:16:27.948+0000] {dag.py:3954} INFO - Setting next_dagrun for example_xcom_args to None, run_after=None
[2024-06-10T14:16:27.952+0000] {logging_mixin.py:188} INFO - [2024-06-10T14:16:27.952+0000] {dag.py:3954} INFO - Setting next_dagrun for example_xcom_args_with_operators to None, run_after=None
[2024-06-10T14:16:27.969+0000] {processor.py:183} INFO - Processing /home/airflow/.local/lib/python3.12/site-packages/airflow/example_dags/example_xcomargs.py took 0.070 seconds
[2024-06-10T14:16:58.128+0000] {processor.py:161} INFO - Started process (PID=1342) to work on /home/airflow/.local/lib/python3.12/site-packages/airflow/example_dags/example_xcomargs.py
[2024-06-10T14:16:58.130+0000] {processor.py:830} INFO - Processing file /home/airflow/.local/lib/python3.12/site-packages/airflow/example_dags/example_xcomargs.py for tasks to queue
[2024-06-10T14:16:58.131+0000] {logging_mixin.py:188} INFO - [2024-06-10T14:16:58.131+0000] {dagbag.py:545} INFO - Filling up the DagBag from /home/airflow/.local/lib/python3.12/site-packages/airflow/example_dags/example_xcomargs.py
[2024-06-10T14:16:58.139+0000] {processor.py:840} INFO - DAG(s) 'example_xcom_args_with_operators', 'example_xcom_args' retrieved from /home/airflow/.local/lib/python3.12/site-packages/airflow/example_dags/example_xcomargs.py
[2024-06-10T14:16:58.153+0000] {logging_mixin.py:188} INFO - [2024-06-10T14:16:58.152+0000] {dag.py:3096} INFO - Sync 2 DAGs
[2024-06-10T14:16:58.168+0000] {logging_mixin.py:188} INFO - [2024-06-10T14:16:58.168+0000] {dag.py:3954} INFO - Setting next_dagrun for example_xcom_args to None, run_after=None
[2024-06-10T14:16:58.901+0000] {logging_mixin.py:188} INFO - [2024-06-10T14:16:58.901+0000] {dag.py:3954} INFO - Setting next_dagrun for example_xcom_args_with_operators to None, run_after=None
[2024-06-10T14:16:58.922+0000] {processor.py:183} INFO - Processing /home/airflow/.local/lib/python3.12/site-packages/airflow/example_dags/example_xcomargs.py took 0.799 seconds
[2024-06-10T14:17:29.330+0000] {processor.py:161} INFO - Started process (PID=1402) to work on /home/airflow/.local/lib/python3.12/site-packages/airflow/example_dags/example_xcomargs.py
[2024-06-10T14:17:29.331+0000] {processor.py:830} INFO - Processing file /home/airflow/.local/lib/python3.12/site-packages/airflow/example_dags/example_xcomargs.py for tasks to queue
[2024-06-10T14:17:29.332+0000] {logging_mixin.py:188} INFO - [2024-06-10T14:17:29.332+0000] {dagbag.py:545} INFO - Filling up the DagBag from /home/airflow/.local/lib/python3.12/site-packages/airflow/example_dags/example_xcomargs.py
[2024-06-10T14:17:29.344+0000] {processor.py:840} INFO - DAG(s) 'example_xcom_args_with_operators', 'example_xcom_args' retrieved from /home/airflow/.local/lib/python3.12/site-packages/airflow/example_dags/example_xcomargs.py
[2024-06-10T14:17:29.498+0000] {logging_mixin.py:188} INFO - [2024-06-10T14:17:29.498+0000] {dag.py:3096} INFO - Sync 2 DAGs
[2024-06-10T14:17:29.515+0000] {logging_mixin.py:188} INFO - [2024-06-10T14:17:29.515+0000] {dag.py:3954} INFO - Setting next_dagrun for example_xcom_args to None, run_after=None
[2024-06-10T14:17:29.519+0000] {logging_mixin.py:188} INFO - [2024-06-10T14:17:29.518+0000] {dag.py:3954} INFO - Setting next_dagrun for example_xcom_args_with_operators to None, run_after=None
[2024-06-10T14:17:29.541+0000] {processor.py:183} INFO - Processing /home/airflow/.local/lib/python3.12/site-packages/airflow/example_dags/example_xcomargs.py took 0.217 seconds
[2024-06-10T14:18:00.269+0000] {processor.py:161} INFO - Started process (PID=1462) to work on /home/airflow/.local/lib/python3.12/site-packages/airflow/example_dags/example_xcomargs.py
[2024-06-10T14:18:00.271+0000] {processor.py:830} INFO - Processing file /home/airflow/.local/lib/python3.12/site-packages/airflow/example_dags/example_xcomargs.py for tasks to queue
[2024-06-10T14:18:00.272+0000] {logging_mixin.py:188} INFO - [2024-06-10T14:18:00.272+0000] {dagbag.py:545} INFO - Filling up the DagBag from /home/airflow/.local/lib/python3.12/site-packages/airflow/example_dags/example_xcomargs.py
[2024-06-10T14:18:00.281+0000] {processor.py:840} INFO - DAG(s) 'example_xcom_args', 'example_xcom_args_with_operators' retrieved from /home/airflow/.local/lib/python3.12/site-packages/airflow/example_dags/example_xcomargs.py
[2024-06-10T14:18:00.311+0000] {logging_mixin.py:188} INFO - [2024-06-10T14:18:00.311+0000] {dag.py:3096} INFO - Sync 2 DAGs
[2024-06-10T14:18:00.328+0000] {logging_mixin.py:188} INFO - [2024-06-10T14:18:00.328+0000] {dag.py:3954} INFO - Setting next_dagrun for example_xcom_args to None, run_after=None
[2024-06-10T14:18:00.334+0000] {logging_mixin.py:188} INFO - [2024-06-10T14:18:00.333+0000] {dag.py:3954} INFO - Setting next_dagrun for example_xcom_args_with_operators to None, run_after=None
[2024-06-10T14:18:00.358+0000] {processor.py:183} INFO - Processing /home/airflow/.local/lib/python3.12/site-packages/airflow/example_dags/example_xcomargs.py took 0.096 seconds
[2024-06-10T14:18:31.179+0000] {processor.py:161} INFO - Started process (PID=1522) to work on /home/airflow/.local/lib/python3.12/site-packages/airflow/example_dags/example_xcomargs.py
[2024-06-10T14:18:31.181+0000] {processor.py:830} INFO - Processing file /home/airflow/.local/lib/python3.12/site-packages/airflow/example_dags/example_xcomargs.py for tasks to queue
[2024-06-10T14:18:31.182+0000] {logging_mixin.py:188} INFO - [2024-06-10T14:18:31.182+0000] {dagbag.py:545} INFO - Filling up the DagBag from /home/airflow/.local/lib/python3.12/site-packages/airflow/example_dags/example_xcomargs.py
[2024-06-10T14:18:31.190+0000] {processor.py:840} INFO - DAG(s) 'example_xcom_args_with_operators', 'example_xcom_args' retrieved from /home/airflow/.local/lib/python3.12/site-packages/airflow/example_dags/example_xcomargs.py
[2024-06-10T14:18:31.204+0000] {logging_mixin.py:188} INFO - [2024-06-10T14:18:31.203+0000] {dag.py:3096} INFO - Sync 2 DAGs
[2024-06-10T14:18:31.221+0000] {logging_mixin.py:188} INFO - [2024-06-10T14:18:31.221+0000] {dag.py:3954} INFO - Setting next_dagrun for example_xcom_args to None, run_after=None
[2024-06-10T14:18:31.229+0000] {logging_mixin.py:188} INFO - [2024-06-10T14:18:31.228+0000] {dag.py:3954} INFO - Setting next_dagrun for example_xcom_args_with_operators to None, run_after=None
[2024-06-10T14:18:31.256+0000] {processor.py:183} INFO - Processing /home/airflow/.local/lib/python3.12/site-packages/airflow/example_dags/example_xcomargs.py took 0.083 seconds
[2024-06-10T14:19:01.417+0000] {processor.py:161} INFO - Started process (PID=1582) to work on /home/airflow/.local/lib/python3.12/site-packages/airflow/example_dags/example_xcomargs.py
[2024-06-10T14:19:01.418+0000] {processor.py:830} INFO - Processing file /home/airflow/.local/lib/python3.12/site-packages/airflow/example_dags/example_xcomargs.py for tasks to queue
[2024-06-10T14:19:01.419+0000] {logging_mixin.py:188} INFO - [2024-06-10T14:19:01.419+0000] {dagbag.py:545} INFO - Filling up the DagBag from /home/airflow/.local/lib/python3.12/site-packages/airflow/example_dags/example_xcomargs.py
[2024-06-10T14:19:01.429+0000] {processor.py:840} INFO - DAG(s) 'example_xcom_args', 'example_xcom_args_with_operators' retrieved from /home/airflow/.local/lib/python3.12/site-packages/airflow/example_dags/example_xcomargs.py
[2024-06-10T14:19:01.560+0000] {logging_mixin.py:188} INFO - [2024-06-10T14:19:01.560+0000] {dag.py:3096} INFO - Sync 2 DAGs
[2024-06-10T14:19:01.574+0000] {logging_mixin.py:188} INFO - [2024-06-10T14:19:01.573+0000] {dag.py:3954} INFO - Setting next_dagrun for example_xcom_args to None, run_after=None
[2024-06-10T14:19:01.578+0000] {logging_mixin.py:188} INFO - [2024-06-10T14:19:01.578+0000] {dag.py:3954} INFO - Setting next_dagrun for example_xcom_args_with_operators to None, run_after=None
[2024-06-10T14:19:01.600+0000] {processor.py:183} INFO - Processing /home/airflow/.local/lib/python3.12/site-packages/airflow/example_dags/example_xcomargs.py took 0.189 seconds
[2024-06-10T14:19:32.439+0000] {processor.py:161} INFO - Started process (PID=1642) to work on /home/airflow/.local/lib/python3.12/site-packages/airflow/example_dags/example_xcomargs.py
[2024-06-10T14:19:32.441+0000] {processor.py:830} INFO - Processing file /home/airflow/.local/lib/python3.12/site-packages/airflow/example_dags/example_xcomargs.py for tasks to queue
[2024-06-10T14:19:32.442+0000] {logging_mixin.py:188} INFO - [2024-06-10T14:19:32.442+0000] {dagbag.py:545} INFO - Filling up the DagBag from /home/airflow/.local/lib/python3.12/site-packages/airflow/example_dags/example_xcomargs.py
[2024-06-10T14:19:32.449+0000] {processor.py:840} INFO - DAG(s) 'example_xcom_args_with_operators', 'example_xcom_args' retrieved from /home/airflow/.local/lib/python3.12/site-packages/airflow/example_dags/example_xcomargs.py
[2024-06-10T14:19:32.477+0000] {logging_mixin.py:188} INFO - [2024-06-10T14:19:32.477+0000] {dag.py:3096} INFO - Sync 2 DAGs
[2024-06-10T14:19:32.491+0000] {logging_mixin.py:188} INFO - [2024-06-10T14:19:32.490+0000] {dag.py:3954} INFO - Setting next_dagrun for example_xcom_args to None, run_after=None
[2024-06-10T14:19:32.495+0000] {logging_mixin.py:188} INFO - [2024-06-10T14:19:32.495+0000] {dag.py:3954} INFO - Setting next_dagrun for example_xcom_args_with_operators to None, run_after=None
[2024-06-10T14:19:32.515+0000] {processor.py:183} INFO - Processing /home/airflow/.local/lib/python3.12/site-packages/airflow/example_dags/example_xcomargs.py took 0.081 seconds
[2024-06-10T14:20:02.646+0000] {processor.py:161} INFO - Started process (PID=1702) to work on /home/airflow/.local/lib/python3.12/site-packages/airflow/example_dags/example_xcomargs.py
[2024-06-10T14:20:02.647+0000] {processor.py:830} INFO - Processing file /home/airflow/.local/lib/python3.12/site-packages/airflow/example_dags/example_xcomargs.py for tasks to queue
[2024-06-10T14:20:02.648+0000] {logging_mixin.py:188} INFO - [2024-06-10T14:20:02.648+0000] {dagbag.py:545} INFO - Filling up the DagBag from /home/airflow/.local/lib/python3.12/site-packages/airflow/example_dags/example_xcomargs.py
[2024-06-10T14:20:02.656+0000] {processor.py:840} INFO - DAG(s) 'example_xcom_args_with_operators', 'example_xcom_args' retrieved from /home/airflow/.local/lib/python3.12/site-packages/airflow/example_dags/example_xcomargs.py
[2024-06-10T14:20:02.682+0000] {logging_mixin.py:188} INFO - [2024-06-10T14:20:02.682+0000] {dag.py:3096} INFO - Sync 2 DAGs
[2024-06-10T14:20:02.695+0000] {logging_mixin.py:188} INFO - [2024-06-10T14:20:02.694+0000] {dag.py:3954} INFO - Setting next_dagrun for example_xcom_args to None, run_after=None
[2024-06-10T14:20:02.698+0000] {logging_mixin.py:188} INFO - [2024-06-10T14:20:02.698+0000] {dag.py:3954} INFO - Setting next_dagrun for example_xcom_args_with_operators to None, run_after=None
[2024-06-10T14:20:02.715+0000] {processor.py:183} INFO - Processing /home/airflow/.local/lib/python3.12/site-packages/airflow/example_dags/example_xcomargs.py took 0.074 seconds
[2024-06-10T14:20:33.136+0000] {processor.py:161} INFO - Started process (PID=1762) to work on /home/airflow/.local/lib/python3.12/site-packages/airflow/example_dags/example_xcomargs.py
[2024-06-10T14:20:33.137+0000] {processor.py:830} INFO - Processing file /home/airflow/.local/lib/python3.12/site-packages/airflow/example_dags/example_xcomargs.py for tasks to queue
[2024-06-10T14:20:33.138+0000] {logging_mixin.py:188} INFO - [2024-06-10T14:20:33.138+0000] {dagbag.py:545} INFO - Filling up the DagBag from /home/airflow/.local/lib/python3.12/site-packages/airflow/example_dags/example_xcomargs.py
[2024-06-10T14:20:33.146+0000] {processor.py:840} INFO - DAG(s) 'example_xcom_args', 'example_xcom_args_with_operators' retrieved from /home/airflow/.local/lib/python3.12/site-packages/airflow/example_dags/example_xcomargs.py
[2024-06-10T14:20:33.171+0000] {logging_mixin.py:188} INFO - [2024-06-10T14:20:33.171+0000] {dag.py:3096} INFO - Sync 2 DAGs
[2024-06-10T14:20:33.183+0000] {logging_mixin.py:188} INFO - [2024-06-10T14:20:33.183+0000] {dag.py:3954} INFO - Setting next_dagrun for example_xcom_args to None, run_after=None
[2024-06-10T14:20:33.187+0000] {logging_mixin.py:188} INFO - [2024-06-10T14:20:33.187+0000] {dag.py:3954} INFO - Setting next_dagrun for example_xcom_args_with_operators to None, run_after=None
[2024-06-10T14:20:33.205+0000] {processor.py:183} INFO - Processing /home/airflow/.local/lib/python3.12/site-packages/airflow/example_dags/example_xcomargs.py took 0.074 seconds
[2024-06-10T14:21:03.421+0000] {processor.py:161} INFO - Started process (PID=1822) to work on /home/airflow/.local/lib/python3.12/site-packages/airflow/example_dags/example_xcomargs.py
[2024-06-10T14:21:03.422+0000] {processor.py:830} INFO - Processing file /home/airflow/.local/lib/python3.12/site-packages/airflow/example_dags/example_xcomargs.py for tasks to queue
[2024-06-10T14:21:03.423+0000] {logging_mixin.py:188} INFO - [2024-06-10T14:21:03.423+0000] {dagbag.py:545} INFO - Filling up the DagBag from /home/airflow/.local/lib/python3.12/site-packages/airflow/example_dags/example_xcomargs.py
[2024-06-10T14:21:03.432+0000] {processor.py:840} INFO - DAG(s) 'example_xcom_args_with_operators', 'example_xcom_args' retrieved from /home/airflow/.local/lib/python3.12/site-packages/airflow/example_dags/example_xcomargs.py
[2024-06-10T14:21:03.462+0000] {logging_mixin.py:188} INFO - [2024-06-10T14:21:03.461+0000] {dag.py:3096} INFO - Sync 2 DAGs
[2024-06-10T14:21:03.474+0000] {logging_mixin.py:188} INFO - [2024-06-10T14:21:03.474+0000] {dag.py:3954} INFO - Setting next_dagrun for example_xcom_args to None, run_after=None
[2024-06-10T14:21:03.479+0000] {logging_mixin.py:188} INFO - [2024-06-10T14:21:03.479+0000] {dag.py:3954} INFO - Setting next_dagrun for example_xcom_args_with_operators to None, run_after=None
[2024-06-10T14:21:03.500+0000] {processor.py:183} INFO - Processing /home/airflow/.local/lib/python3.12/site-packages/airflow/example_dags/example_xcomargs.py took 0.084 seconds
[2024-06-10T14:21:33.763+0000] {processor.py:161} INFO - Started process (PID=1882) to work on /home/airflow/.local/lib/python3.12/site-packages/airflow/example_dags/example_xcomargs.py
[2024-06-10T14:21:33.765+0000] {processor.py:830} INFO - Processing file /home/airflow/.local/lib/python3.12/site-packages/airflow/example_dags/example_xcomargs.py for tasks to queue
[2024-06-10T14:21:33.766+0000] {logging_mixin.py:188} INFO - [2024-06-10T14:21:33.766+0000] {dagbag.py:545} INFO - Filling up the DagBag from /home/airflow/.local/lib/python3.12/site-packages/airflow/example_dags/example_xcomargs.py
[2024-06-10T14:21:33.776+0000] {processor.py:840} INFO - DAG(s) 'example_xcom_args', 'example_xcom_args_with_operators' retrieved from /home/airflow/.local/lib/python3.12/site-packages/airflow/example_dags/example_xcomargs.py
[2024-06-10T14:21:33.801+0000] {logging_mixin.py:188} INFO - [2024-06-10T14:21:33.801+0000] {dag.py:3096} INFO - Sync 2 DAGs
[2024-06-10T14:21:33.813+0000] {logging_mixin.py:188} INFO - [2024-06-10T14:21:33.813+0000] {dag.py:3954} INFO - Setting next_dagrun for example_xcom_args to None, run_after=None
[2024-06-10T14:21:33.817+0000] {logging_mixin.py:188} INFO - [2024-06-10T14:21:33.817+0000] {dag.py:3954} INFO - Setting next_dagrun for example_xcom_args_with_operators to None, run_after=None
[2024-06-10T14:21:33.834+0000] {processor.py:183} INFO - Processing /home/airflow/.local/lib/python3.12/site-packages/airflow/example_dags/example_xcomargs.py took 0.076 seconds
[2024-06-10T14:26:13.456+0000] {processor.py:161} INFO - Started process (PID=50) to work on /home/airflow/.local/lib/python3.12/site-packages/airflow/example_dags/example_xcomargs.py
[2024-06-10T14:26:13.457+0000] {processor.py:830} INFO - Processing file /home/airflow/.local/lib/python3.12/site-packages/airflow/example_dags/example_xcomargs.py for tasks to queue
[2024-06-10T14:26:13.459+0000] {logging_mixin.py:188} INFO - [2024-06-10T14:26:13.459+0000] {dagbag.py:545} INFO - Filling up the DagBag from /home/airflow/.local/lib/python3.12/site-packages/airflow/example_dags/example_xcomargs.py
[2024-06-10T14:26:13.470+0000] {processor.py:840} INFO - DAG(s) 'example_xcom_args', 'example_xcom_args_with_operators' retrieved from /home/airflow/.local/lib/python3.12/site-packages/airflow/example_dags/example_xcomargs.py
[2024-06-10T14:26:13.644+0000] {logging_mixin.py:188} INFO - [2024-06-10T14:26:13.643+0000] {override.py:1829} INFO - Created Permission View: can delete on DAG:example_xcom_args
[2024-06-10T14:26:13.663+0000] {logging_mixin.py:188} INFO - [2024-06-10T14:26:13.662+0000] {override.py:1829} INFO - Created Permission View: can read on DAG:example_xcom_args
[2024-06-10T14:26:13.673+0000] {logging_mixin.py:188} INFO - [2024-06-10T14:26:13.672+0000] {override.py:1829} INFO - Created Permission View: can edit on DAG:example_xcom_args
[2024-06-10T14:26:13.713+0000] {logging_mixin.py:188} INFO - [2024-06-10T14:26:13.713+0000] {override.py:1829} INFO - Created Permission View: can delete on DAG:example_xcom_args_with_operators
[2024-06-10T14:26:13.723+0000] {logging_mixin.py:188} INFO - [2024-06-10T14:26:13.723+0000] {override.py:1829} INFO - Created Permission View: can read on DAG:example_xcom_args_with_operators
[2024-06-10T14:26:13.732+0000] {logging_mixin.py:188} INFO - [2024-06-10T14:26:13.731+0000] {override.py:1829} INFO - Created Permission View: can edit on DAG:example_xcom_args_with_operators
[2024-06-10T14:26:13.732+0000] {logging_mixin.py:188} INFO - [2024-06-10T14:26:13.732+0000] {dag.py:3096} INFO - Sync 2 DAGs
[2024-06-10T14:26:13.751+0000] {logging_mixin.py:188} INFO - [2024-06-10T14:26:13.751+0000] {dag.py:3118} INFO - Creating ORM DAG for example_xcom_args_with_operators
[2024-06-10T14:26:13.753+0000] {logging_mixin.py:188} INFO - [2024-06-10T14:26:13.752+0000] {dag.py:3118} INFO - Creating ORM DAG for example_xcom_args
[2024-06-10T14:26:13.754+0000] {logging_mixin.py:188} INFO - [2024-06-10T14:26:13.754+0000] {dag.py:3954} INFO - Setting next_dagrun for example_xcom_args to None, run_after=None
[2024-06-10T14:26:13.755+0000] {logging_mixin.py:188} INFO - [2024-06-10T14:26:13.755+0000] {dag.py:3954} INFO - Setting next_dagrun for example_xcom_args_with_operators to None, run_after=None
[2024-06-10T14:26:13.780+0000] {processor.py:183} INFO - Processing /home/airflow/.local/lib/python3.12/site-packages/airflow/example_dags/example_xcomargs.py took 0.332 seconds
[2024-06-10T14:26:44.231+0000] {processor.py:161} INFO - Started process (PID=110) to work on /home/airflow/.local/lib/python3.12/site-packages/airflow/example_dags/example_xcomargs.py
[2024-06-10T14:26:44.233+0000] {processor.py:830} INFO - Processing file /home/airflow/.local/lib/python3.12/site-packages/airflow/example_dags/example_xcomargs.py for tasks to queue
[2024-06-10T14:26:44.235+0000] {logging_mixin.py:188} INFO - [2024-06-10T14:26:44.234+0000] {dagbag.py:545} INFO - Filling up the DagBag from /home/airflow/.local/lib/python3.12/site-packages/airflow/example_dags/example_xcomargs.py
[2024-06-10T14:26:44.243+0000] {processor.py:840} INFO - DAG(s) 'example_xcom_args_with_operators', 'example_xcom_args' retrieved from /home/airflow/.local/lib/python3.12/site-packages/airflow/example_dags/example_xcomargs.py
[2024-06-10T14:26:44.256+0000] {logging_mixin.py:188} INFO - [2024-06-10T14:26:44.256+0000] {dag.py:3096} INFO - Sync 2 DAGs
[2024-06-10T14:26:44.270+0000] {logging_mixin.py:188} INFO - [2024-06-10T14:26:44.269+0000] {dag.py:3954} INFO - Setting next_dagrun for example_xcom_args to None, run_after=None
[2024-06-10T14:26:44.277+0000] {logging_mixin.py:188} INFO - [2024-06-10T14:26:44.277+0000] {dag.py:3954} INFO - Setting next_dagrun for example_xcom_args_with_operators to None, run_after=None
[2024-06-10T14:26:44.296+0000] {processor.py:183} INFO - Processing /home/airflow/.local/lib/python3.12/site-packages/airflow/example_dags/example_xcomargs.py took 0.070 seconds
[2024-06-10T14:27:14.707+0000] {processor.py:161} INFO - Started process (PID=170) to work on /home/airflow/.local/lib/python3.12/site-packages/airflow/example_dags/example_xcomargs.py
[2024-06-10T14:27:14.708+0000] {processor.py:830} INFO - Processing file /home/airflow/.local/lib/python3.12/site-packages/airflow/example_dags/example_xcomargs.py for tasks to queue
[2024-06-10T14:27:14.710+0000] {logging_mixin.py:188} INFO - [2024-06-10T14:27:14.710+0000] {dagbag.py:545} INFO - Filling up the DagBag from /home/airflow/.local/lib/python3.12/site-packages/airflow/example_dags/example_xcomargs.py
[2024-06-10T14:27:14.718+0000] {processor.py:840} INFO - DAG(s) 'example_xcom_args', 'example_xcom_args_with_operators' retrieved from /home/airflow/.local/lib/python3.12/site-packages/airflow/example_dags/example_xcomargs.py
[2024-06-10T14:27:14.845+0000] {logging_mixin.py:188} INFO - [2024-06-10T14:27:14.844+0000] {dag.py:3096} INFO - Sync 2 DAGs
[2024-06-10T14:27:14.859+0000] {logging_mixin.py:188} INFO - [2024-06-10T14:27:14.859+0000] {dag.py:3954} INFO - Setting next_dagrun for example_xcom_args to None, run_after=None
[2024-06-10T14:27:14.865+0000] {logging_mixin.py:188} INFO - [2024-06-10T14:27:14.865+0000] {dag.py:3954} INFO - Setting next_dagrun for example_xcom_args_with_operators to None, run_after=None
[2024-06-10T14:27:14.890+0000] {processor.py:183} INFO - Processing /home/airflow/.local/lib/python3.12/site-packages/airflow/example_dags/example_xcomargs.py took 0.189 seconds
[2024-06-10T14:27:45.072+0000] {processor.py:161} INFO - Started process (PID=230) to work on /home/airflow/.local/lib/python3.12/site-packages/airflow/example_dags/example_xcomargs.py
[2024-06-10T14:27:45.074+0000] {processor.py:830} INFO - Processing file /home/airflow/.local/lib/python3.12/site-packages/airflow/example_dags/example_xcomargs.py for tasks to queue
[2024-06-10T14:27:45.076+0000] {logging_mixin.py:188} INFO - [2024-06-10T14:27:45.075+0000] {dagbag.py:545} INFO - Filling up the DagBag from /home/airflow/.local/lib/python3.12/site-packages/airflow/example_dags/example_xcomargs.py
[2024-06-10T14:27:45.084+0000] {processor.py:840} INFO - DAG(s) 'example_xcom_args_with_operators', 'example_xcom_args' retrieved from /home/airflow/.local/lib/python3.12/site-packages/airflow/example_dags/example_xcomargs.py
[2024-06-10T14:27:45.111+0000] {logging_mixin.py:188} INFO - [2024-06-10T14:27:45.111+0000] {dag.py:3096} INFO - Sync 2 DAGs
[2024-06-10T14:27:45.128+0000] {logging_mixin.py:188} INFO - [2024-06-10T14:27:45.127+0000] {dag.py:3954} INFO - Setting next_dagrun for example_xcom_args to None, run_after=None
[2024-06-10T14:27:45.132+0000] {logging_mixin.py:188} INFO - [2024-06-10T14:27:45.131+0000] {dag.py:3954} INFO - Setting next_dagrun for example_xcom_args_with_operators to None, run_after=None
[2024-06-10T14:27:45.149+0000] {processor.py:183} INFO - Processing /home/airflow/.local/lib/python3.12/site-packages/airflow/example_dags/example_xcomargs.py took 0.083 seconds
[2024-06-10T14:28:15.436+0000] {processor.py:161} INFO - Started process (PID=289) to work on /home/airflow/.local/lib/python3.12/site-packages/airflow/example_dags/example_xcomargs.py
[2024-06-10T14:28:15.438+0000] {processor.py:830} INFO - Processing file /home/airflow/.local/lib/python3.12/site-packages/airflow/example_dags/example_xcomargs.py for tasks to queue
[2024-06-10T14:28:15.441+0000] {logging_mixin.py:188} INFO - [2024-06-10T14:28:15.440+0000] {dagbag.py:545} INFO - Filling up the DagBag from /home/airflow/.local/lib/python3.12/site-packages/airflow/example_dags/example_xcomargs.py
[2024-06-10T14:28:15.449+0000] {processor.py:840} INFO - DAG(s) 'example_xcom_args', 'example_xcom_args_with_operators' retrieved from /home/airflow/.local/lib/python3.12/site-packages/airflow/example_dags/example_xcomargs.py
[2024-06-10T14:28:15.477+0000] {logging_mixin.py:188} INFO - [2024-06-10T14:28:15.477+0000] {dag.py:3096} INFO - Sync 2 DAGs
[2024-06-10T14:28:15.493+0000] {logging_mixin.py:188} INFO - [2024-06-10T14:28:15.492+0000] {dag.py:3954} INFO - Setting next_dagrun for example_xcom_args to None, run_after=None
[2024-06-10T14:28:15.499+0000] {logging_mixin.py:188} INFO - [2024-06-10T14:28:15.498+0000] {dag.py:3954} INFO - Setting next_dagrun for example_xcom_args_with_operators to None, run_after=None
[2024-06-10T14:28:15.521+0000] {processor.py:183} INFO - Processing /home/airflow/.local/lib/python3.12/site-packages/airflow/example_dags/example_xcomargs.py took 0.091 seconds
[2024-06-10T14:28:45.768+0000] {processor.py:161} INFO - Started process (PID=349) to work on /home/airflow/.local/lib/python3.12/site-packages/airflow/example_dags/example_xcomargs.py
[2024-06-10T14:28:45.770+0000] {processor.py:830} INFO - Processing file /home/airflow/.local/lib/python3.12/site-packages/airflow/example_dags/example_xcomargs.py for tasks to queue
[2024-06-10T14:28:45.771+0000] {logging_mixin.py:188} INFO - [2024-06-10T14:28:45.771+0000] {dagbag.py:545} INFO - Filling up the DagBag from /home/airflow/.local/lib/python3.12/site-packages/airflow/example_dags/example_xcomargs.py
[2024-06-10T14:28:45.780+0000] {processor.py:840} INFO - DAG(s) 'example_xcom_args_with_operators', 'example_xcom_args' retrieved from /home/airflow/.local/lib/python3.12/site-packages/airflow/example_dags/example_xcomargs.py
[2024-06-10T14:28:45.806+0000] {logging_mixin.py:188} INFO - [2024-06-10T14:28:45.806+0000] {dag.py:3096} INFO - Sync 2 DAGs
[2024-06-10T14:28:45.819+0000] {logging_mixin.py:188} INFO - [2024-06-10T14:28:45.819+0000] {dag.py:3954} INFO - Setting next_dagrun for example_xcom_args to None, run_after=None
[2024-06-10T14:28:45.824+0000] {logging_mixin.py:188} INFO - [2024-06-10T14:28:45.824+0000] {dag.py:3954} INFO - Setting next_dagrun for example_xcom_args_with_operators to None, run_after=None
[2024-06-10T14:28:45.847+0000] {processor.py:183} INFO - Processing /home/airflow/.local/lib/python3.12/site-packages/airflow/example_dags/example_xcomargs.py took 0.085 seconds
