[2024-06-10T14:04:47.005+0000] {processor.py:161} INFO - Started process (PID=72) to work on /home/airflow/.local/lib/python3.12/site-packages/airflow/example_dags/example_display_name.py
[2024-06-10T14:04:47.006+0000] {processor.py:830} INFO - Processing file /home/airflow/.local/lib/python3.12/site-packages/airflow/example_dags/example_display_name.py for tasks to queue
[2024-06-10T14:04:47.008+0000] {logging_mixin.py:188} INFO - [2024-06-10T14:04:47.008+0000] {dagbag.py:545} INFO - Filling up the DagBag from /home/airflow/.local/lib/python3.12/site-packages/airflow/example_dags/example_display_name.py
[2024-06-10T14:04:47.018+0000] {processor.py:840} INFO - DAG(s) 'example_display_name' retrieved from /home/airflow/.local/lib/python3.12/site-packages/airflow/example_dags/example_display_name.py
[2024-06-10T14:04:47.141+0000] {logging_mixin.py:188} INFO - [2024-06-10T14:04:47.141+0000] {dag.py:3096} INFO - Sync 1 DAGs
[2024-06-10T14:04:47.152+0000] {logging_mixin.py:188} INFO - [2024-06-10T14:04:47.152+0000] {dag.py:3954} INFO - Setting next_dagrun for example_display_name to None, run_after=None
[2024-06-10T14:04:47.178+0000] {processor.py:183} INFO - Processing /home/airflow/.local/lib/python3.12/site-packages/airflow/example_dags/example_display_name.py took 0.181 seconds
[2024-06-10T14:05:17.623+0000] {processor.py:161} INFO - Started process (PID=141) to work on /home/airflow/.local/lib/python3.12/site-packages/airflow/example_dags/example_display_name.py
[2024-06-10T14:05:17.625+0000] {processor.py:830} INFO - Processing file /home/airflow/.local/lib/python3.12/site-packages/airflow/example_dags/example_display_name.py for tasks to queue
[2024-06-10T14:05:17.627+0000] {logging_mixin.py:188} INFO - [2024-06-10T14:05:17.627+0000] {dagbag.py:545} INFO - Filling up the DagBag from /home/airflow/.local/lib/python3.12/site-packages/airflow/example_dags/example_display_name.py
[2024-06-10T14:05:17.634+0000] {processor.py:840} INFO - DAG(s) 'example_display_name' retrieved from /home/airflow/.local/lib/python3.12/site-packages/airflow/example_dags/example_display_name.py
[2024-06-10T14:05:17.651+0000] {logging_mixin.py:188} INFO - [2024-06-10T14:05:17.651+0000] {dag.py:3096} INFO - Sync 1 DAGs
[2024-06-10T14:05:17.669+0000] {logging_mixin.py:188} INFO - [2024-06-10T14:05:17.668+0000] {dag.py:3954} INFO - Setting next_dagrun for example_display_name to None, run_after=None
[2024-06-10T14:05:17.689+0000] {processor.py:183} INFO - Processing /home/airflow/.local/lib/python3.12/site-packages/airflow/example_dags/example_display_name.py took 0.072 seconds
[2024-06-10T14:05:53.270+0000] {processor.py:161} INFO - Started process (PID=210) to work on /home/airflow/.local/lib/python3.12/site-packages/airflow/example_dags/example_display_name.py
[2024-06-10T14:05:53.272+0000] {processor.py:830} INFO - Processing file /home/airflow/.local/lib/python3.12/site-packages/airflow/example_dags/example_display_name.py for tasks to queue
[2024-06-10T14:05:53.274+0000] {logging_mixin.py:188} INFO - [2024-06-10T14:05:53.274+0000] {dagbag.py:545} INFO - Filling up the DagBag from /home/airflow/.local/lib/python3.12/site-packages/airflow/example_dags/example_display_name.py
[2024-06-10T14:05:53.280+0000] {processor.py:840} INFO - DAG(s) 'example_display_name' retrieved from /home/airflow/.local/lib/python3.12/site-packages/airflow/example_dags/example_display_name.py
[2024-06-10T14:05:53.303+0000] {logging_mixin.py:188} INFO - [2024-06-10T14:05:53.302+0000] {dag.py:3096} INFO - Sync 1 DAGs
[2024-06-10T14:05:53.318+0000] {logging_mixin.py:188} INFO - [2024-06-10T14:05:53.318+0000] {dag.py:3954} INFO - Setting next_dagrun for example_display_name to None, run_after=None
[2024-06-10T14:05:53.808+0000] {processor.py:183} INFO - Processing /home/airflow/.local/lib/python3.12/site-packages/airflow/example_dags/example_display_name.py took 0.545 seconds
[2024-06-10T14:06:24.313+0000] {processor.py:161} INFO - Started process (PID=279) to work on /home/airflow/.local/lib/python3.12/site-packages/airflow/example_dags/example_display_name.py
[2024-06-10T14:06:24.315+0000] {processor.py:830} INFO - Processing file /home/airflow/.local/lib/python3.12/site-packages/airflow/example_dags/example_display_name.py for tasks to queue
[2024-06-10T14:06:24.318+0000] {logging_mixin.py:188} INFO - [2024-06-10T14:06:24.318+0000] {dagbag.py:545} INFO - Filling up the DagBag from /home/airflow/.local/lib/python3.12/site-packages/airflow/example_dags/example_display_name.py
[2024-06-10T14:06:24.324+0000] {processor.py:840} INFO - DAG(s) 'example_display_name' retrieved from /home/airflow/.local/lib/python3.12/site-packages/airflow/example_dags/example_display_name.py
[2024-06-10T14:06:24.337+0000] {logging_mixin.py:188} INFO - [2024-06-10T14:06:24.336+0000] {dag.py:3096} INFO - Sync 1 DAGs
[2024-06-10T14:06:24.350+0000] {logging_mixin.py:188} INFO - [2024-06-10T14:06:24.350+0000] {dag.py:3954} INFO - Setting next_dagrun for example_display_name to None, run_after=None
[2024-06-10T14:06:24.370+0000] {processor.py:183} INFO - Processing /home/airflow/.local/lib/python3.12/site-packages/airflow/example_dags/example_display_name.py took 0.063 seconds
[2024-06-10T14:07:18.577+0000] {processor.py:161} INFO - Started process (PID=65) to work on /home/airflow/.local/lib/python3.12/site-packages/airflow/example_dags/example_display_name.py
[2024-06-10T14:07:18.579+0000] {processor.py:830} INFO - Processing file /home/airflow/.local/lib/python3.12/site-packages/airflow/example_dags/example_display_name.py for tasks to queue
[2024-06-10T14:07:18.582+0000] {logging_mixin.py:188} INFO - [2024-06-10T14:07:18.582+0000] {dagbag.py:545} INFO - Filling up the DagBag from /home/airflow/.local/lib/python3.12/site-packages/airflow/example_dags/example_display_name.py
[2024-06-10T14:07:18.591+0000] {processor.py:840} INFO - DAG(s) 'example_display_name' retrieved from /home/airflow/.local/lib/python3.12/site-packages/airflow/example_dags/example_display_name.py
[2024-06-10T14:07:18.704+0000] {logging_mixin.py:188} INFO - [2024-06-10T14:07:18.703+0000] {dag.py:3096} INFO - Sync 1 DAGs
[2024-06-10T14:07:18.840+0000] {logging_mixin.py:188} INFO - [2024-06-10T14:07:18.840+0000] {dag.py:3954} INFO - Setting next_dagrun for example_display_name to None, run_after=None
[2024-06-10T14:07:18.858+0000] {processor.py:183} INFO - Processing /home/airflow/.local/lib/python3.12/site-packages/airflow/example_dags/example_display_name.py took 0.287 seconds
[2024-06-10T14:07:49.307+0000] {processor.py:161} INFO - Started process (PID=135) to work on /home/airflow/.local/lib/python3.12/site-packages/airflow/example_dags/example_display_name.py
[2024-06-10T14:07:49.309+0000] {processor.py:830} INFO - Processing file /home/airflow/.local/lib/python3.12/site-packages/airflow/example_dags/example_display_name.py for tasks to queue
[2024-06-10T14:07:49.313+0000] {logging_mixin.py:188} INFO - [2024-06-10T14:07:49.313+0000] {dagbag.py:545} INFO - Filling up the DagBag from /home/airflow/.local/lib/python3.12/site-packages/airflow/example_dags/example_display_name.py
[2024-06-10T14:07:49.332+0000] {processor.py:840} INFO - DAG(s) 'example_display_name' retrieved from /home/airflow/.local/lib/python3.12/site-packages/airflow/example_dags/example_display_name.py
[2024-06-10T14:07:49.364+0000] {logging_mixin.py:188} INFO - [2024-06-10T14:07:49.364+0000] {dag.py:3096} INFO - Sync 1 DAGs
[2024-06-10T14:07:49.383+0000] {logging_mixin.py:188} INFO - [2024-06-10T14:07:49.383+0000] {dag.py:3954} INFO - Setting next_dagrun for example_display_name to None, run_after=None
[2024-06-10T14:07:49.442+0000] {processor.py:183} INFO - Processing /home/airflow/.local/lib/python3.12/site-packages/airflow/example_dags/example_display_name.py took 0.149 seconds
[2024-06-10T14:08:19.919+0000] {processor.py:161} INFO - Started process (PID=204) to work on /home/airflow/.local/lib/python3.12/site-packages/airflow/example_dags/example_display_name.py
[2024-06-10T14:08:19.921+0000] {processor.py:830} INFO - Processing file /home/airflow/.local/lib/python3.12/site-packages/airflow/example_dags/example_display_name.py for tasks to queue
[2024-06-10T14:08:19.925+0000] {logging_mixin.py:188} INFO - [2024-06-10T14:08:19.924+0000] {dagbag.py:545} INFO - Filling up the DagBag from /home/airflow/.local/lib/python3.12/site-packages/airflow/example_dags/example_display_name.py
[2024-06-10T14:08:19.933+0000] {processor.py:840} INFO - DAG(s) 'example_display_name' retrieved from /home/airflow/.local/lib/python3.12/site-packages/airflow/example_dags/example_display_name.py
[2024-06-10T14:08:19.967+0000] {logging_mixin.py:188} INFO - [2024-06-10T14:08:19.967+0000] {dag.py:3096} INFO - Sync 1 DAGs
[2024-06-10T14:08:19.989+0000] {logging_mixin.py:188} INFO - [2024-06-10T14:08:19.989+0000] {dag.py:3954} INFO - Setting next_dagrun for example_display_name to None, run_after=None
[2024-06-10T14:08:20.234+0000] {processor.py:183} INFO - Processing /home/airflow/.local/lib/python3.12/site-packages/airflow/example_dags/example_display_name.py took 0.322 seconds
[2024-06-10T14:08:50.988+0000] {processor.py:161} INFO - Started process (PID=273) to work on /home/airflow/.local/lib/python3.12/site-packages/airflow/example_dags/example_display_name.py
[2024-06-10T14:08:50.990+0000] {processor.py:830} INFO - Processing file /home/airflow/.local/lib/python3.12/site-packages/airflow/example_dags/example_display_name.py for tasks to queue
[2024-06-10T14:08:50.992+0000] {logging_mixin.py:188} INFO - [2024-06-10T14:08:50.992+0000] {dagbag.py:545} INFO - Filling up the DagBag from /home/airflow/.local/lib/python3.12/site-packages/airflow/example_dags/example_display_name.py
[2024-06-10T14:08:50.999+0000] {processor.py:840} INFO - DAG(s) 'example_display_name' retrieved from /home/airflow/.local/lib/python3.12/site-packages/airflow/example_dags/example_display_name.py
[2024-06-10T14:08:51.026+0000] {logging_mixin.py:188} INFO - [2024-06-10T14:08:51.026+0000] {dag.py:3096} INFO - Sync 1 DAGs
[2024-06-10T14:08:51.046+0000] {logging_mixin.py:188} INFO - [2024-06-10T14:08:51.045+0000] {dag.py:3954} INFO - Setting next_dagrun for example_display_name to None, run_after=None
[2024-06-10T14:08:51.075+0000] {processor.py:183} INFO - Processing /home/airflow/.local/lib/python3.12/site-packages/airflow/example_dags/example_display_name.py took 0.093 seconds
[2024-06-10T14:09:21.632+0000] {processor.py:161} INFO - Started process (PID=342) to work on /home/airflow/.local/lib/python3.12/site-packages/airflow/example_dags/example_display_name.py
[2024-06-10T14:09:21.634+0000] {processor.py:830} INFO - Processing file /home/airflow/.local/lib/python3.12/site-packages/airflow/example_dags/example_display_name.py for tasks to queue
[2024-06-10T14:09:21.636+0000] {logging_mixin.py:188} INFO - [2024-06-10T14:09:21.636+0000] {dagbag.py:545} INFO - Filling up the DagBag from /home/airflow/.local/lib/python3.12/site-packages/airflow/example_dags/example_display_name.py
[2024-06-10T14:09:21.642+0000] {processor.py:840} INFO - DAG(s) 'example_display_name' retrieved from /home/airflow/.local/lib/python3.12/site-packages/airflow/example_dags/example_display_name.py
[2024-06-10T14:09:21.663+0000] {logging_mixin.py:188} INFO - [2024-06-10T14:09:21.663+0000] {dag.py:3096} INFO - Sync 1 DAGs
[2024-06-10T14:09:21.677+0000] {logging_mixin.py:188} INFO - [2024-06-10T14:09:21.677+0000] {dag.py:3954} INFO - Setting next_dagrun for example_display_name to None, run_after=None
[2024-06-10T14:09:21.701+0000] {processor.py:183} INFO - Processing /home/airflow/.local/lib/python3.12/site-packages/airflow/example_dags/example_display_name.py took 0.074 seconds
[2024-06-10T14:09:52.434+0000] {processor.py:161} INFO - Started process (PID=411) to work on /home/airflow/.local/lib/python3.12/site-packages/airflow/example_dags/example_display_name.py
[2024-06-10T14:09:52.436+0000] {processor.py:830} INFO - Processing file /home/airflow/.local/lib/python3.12/site-packages/airflow/example_dags/example_display_name.py for tasks to queue
[2024-06-10T14:09:52.438+0000] {logging_mixin.py:188} INFO - [2024-06-10T14:09:52.437+0000] {dagbag.py:545} INFO - Filling up the DagBag from /home/airflow/.local/lib/python3.12/site-packages/airflow/example_dags/example_display_name.py
[2024-06-10T14:09:52.446+0000] {processor.py:840} INFO - DAG(s) 'example_display_name' retrieved from /home/airflow/.local/lib/python3.12/site-packages/airflow/example_dags/example_display_name.py
[2024-06-10T14:09:52.473+0000] {logging_mixin.py:188} INFO - [2024-06-10T14:09:52.473+0000] {dag.py:3096} INFO - Sync 1 DAGs
[2024-06-10T14:09:52.492+0000] {logging_mixin.py:188} INFO - [2024-06-10T14:09:52.491+0000] {dag.py:3954} INFO - Setting next_dagrun for example_display_name to None, run_after=None
[2024-06-10T14:09:52.520+0000] {processor.py:183} INFO - Processing /home/airflow/.local/lib/python3.12/site-packages/airflow/example_dags/example_display_name.py took 0.094 seconds
[2024-06-10T14:10:23.118+0000] {processor.py:161} INFO - Started process (PID=480) to work on /home/airflow/.local/lib/python3.12/site-packages/airflow/example_dags/example_display_name.py
[2024-06-10T14:10:23.120+0000] {processor.py:830} INFO - Processing file /home/airflow/.local/lib/python3.12/site-packages/airflow/example_dags/example_display_name.py for tasks to queue
[2024-06-10T14:10:23.122+0000] {logging_mixin.py:188} INFO - [2024-06-10T14:10:23.122+0000] {dagbag.py:545} INFO - Filling up the DagBag from /home/airflow/.local/lib/python3.12/site-packages/airflow/example_dags/example_display_name.py
[2024-06-10T14:10:23.128+0000] {processor.py:840} INFO - DAG(s) 'example_display_name' retrieved from /home/airflow/.local/lib/python3.12/site-packages/airflow/example_dags/example_display_name.py
[2024-06-10T14:10:23.147+0000] {logging_mixin.py:188} INFO - [2024-06-10T14:10:23.147+0000] {dag.py:3096} INFO - Sync 1 DAGs
[2024-06-10T14:10:23.283+0000] {logging_mixin.py:188} INFO - [2024-06-10T14:10:23.283+0000] {dag.py:3954} INFO - Setting next_dagrun for example_display_name to None, run_after=None
[2024-06-10T14:10:23.302+0000] {processor.py:183} INFO - Processing /home/airflow/.local/lib/python3.12/site-packages/airflow/example_dags/example_display_name.py took 0.189 seconds
[2024-06-10T14:10:54.018+0000] {processor.py:161} INFO - Started process (PID=555) to work on /home/airflow/.local/lib/python3.12/site-packages/airflow/example_dags/example_display_name.py
[2024-06-10T14:10:54.020+0000] {processor.py:830} INFO - Processing file /home/airflow/.local/lib/python3.12/site-packages/airflow/example_dags/example_display_name.py for tasks to queue
[2024-06-10T14:10:54.023+0000] {logging_mixin.py:188} INFO - [2024-06-10T14:10:54.022+0000] {dagbag.py:545} INFO - Filling up the DagBag from /home/airflow/.local/lib/python3.12/site-packages/airflow/example_dags/example_display_name.py
[2024-06-10T14:10:54.030+0000] {processor.py:840} INFO - DAG(s) 'example_display_name' retrieved from /home/airflow/.local/lib/python3.12/site-packages/airflow/example_dags/example_display_name.py
[2024-06-10T14:10:54.053+0000] {logging_mixin.py:188} INFO - [2024-06-10T14:10:54.052+0000] {dag.py:3096} INFO - Sync 1 DAGs
[2024-06-10T14:10:54.071+0000] {logging_mixin.py:188} INFO - [2024-06-10T14:10:54.071+0000] {dag.py:3954} INFO - Setting next_dagrun for example_display_name to None, run_after=None
[2024-06-10T14:10:54.099+0000] {processor.py:183} INFO - Processing /home/airflow/.local/lib/python3.12/site-packages/airflow/example_dags/example_display_name.py took 0.087 seconds
[2024-06-10T14:11:24.710+0000] {processor.py:161} INFO - Started process (PID=624) to work on /home/airflow/.local/lib/python3.12/site-packages/airflow/example_dags/example_display_name.py
[2024-06-10T14:11:24.712+0000] {processor.py:830} INFO - Processing file /home/airflow/.local/lib/python3.12/site-packages/airflow/example_dags/example_display_name.py for tasks to queue
[2024-06-10T14:11:24.714+0000] {logging_mixin.py:188} INFO - [2024-06-10T14:11:24.714+0000] {dagbag.py:545} INFO - Filling up the DagBag from /home/airflow/.local/lib/python3.12/site-packages/airflow/example_dags/example_display_name.py
[2024-06-10T14:11:24.719+0000] {processor.py:840} INFO - DAG(s) 'example_display_name' retrieved from /home/airflow/.local/lib/python3.12/site-packages/airflow/example_dags/example_display_name.py
[2024-06-10T14:11:24.742+0000] {logging_mixin.py:188} INFO - [2024-06-10T14:11:24.741+0000] {dag.py:3096} INFO - Sync 1 DAGs
[2024-06-10T14:11:24.754+0000] {logging_mixin.py:188} INFO - [2024-06-10T14:11:24.754+0000] {dag.py:3954} INFO - Setting next_dagrun for example_display_name to None, run_after=None
[2024-06-10T14:11:24.781+0000] {processor.py:183} INFO - Processing /home/airflow/.local/lib/python3.12/site-packages/airflow/example_dags/example_display_name.py took 0.076 seconds
[2024-06-10T14:11:55.680+0000] {processor.py:161} INFO - Started process (PID=693) to work on /home/airflow/.local/lib/python3.12/site-packages/airflow/example_dags/example_display_name.py
[2024-06-10T14:11:55.681+0000] {processor.py:830} INFO - Processing file /home/airflow/.local/lib/python3.12/site-packages/airflow/example_dags/example_display_name.py for tasks to queue
[2024-06-10T14:11:55.684+0000] {logging_mixin.py:188} INFO - [2024-06-10T14:11:55.683+0000] {dagbag.py:545} INFO - Filling up the DagBag from /home/airflow/.local/lib/python3.12/site-packages/airflow/example_dags/example_display_name.py
[2024-06-10T14:11:55.691+0000] {processor.py:840} INFO - DAG(s) 'example_display_name' retrieved from /home/airflow/.local/lib/python3.12/site-packages/airflow/example_dags/example_display_name.py
[2024-06-10T14:11:55.711+0000] {logging_mixin.py:188} INFO - [2024-06-10T14:11:55.711+0000] {dag.py:3096} INFO - Sync 1 DAGs
[2024-06-10T14:11:55.728+0000] {logging_mixin.py:188} INFO - [2024-06-10T14:11:55.728+0000] {dag.py:3954} INFO - Setting next_dagrun for example_display_name to None, run_after=None
[2024-06-10T14:11:55.751+0000] {processor.py:183} INFO - Processing /home/airflow/.local/lib/python3.12/site-packages/airflow/example_dags/example_display_name.py took 0.076 seconds
[2024-06-10T14:12:26.252+0000] {processor.py:161} INFO - Started process (PID=762) to work on /home/airflow/.local/lib/python3.12/site-packages/airflow/example_dags/example_display_name.py
[2024-06-10T14:12:26.253+0000] {processor.py:830} INFO - Processing file /home/airflow/.local/lib/python3.12/site-packages/airflow/example_dags/example_display_name.py for tasks to queue
[2024-06-10T14:12:26.255+0000] {logging_mixin.py:188} INFO - [2024-06-10T14:12:26.255+0000] {dagbag.py:545} INFO - Filling up the DagBag from /home/airflow/.local/lib/python3.12/site-packages/airflow/example_dags/example_display_name.py
[2024-06-10T14:12:26.261+0000] {processor.py:840} INFO - DAG(s) 'example_display_name' retrieved from /home/airflow/.local/lib/python3.12/site-packages/airflow/example_dags/example_display_name.py
[2024-06-10T14:12:26.285+0000] {logging_mixin.py:188} INFO - [2024-06-10T14:12:26.285+0000] {dag.py:3096} INFO - Sync 1 DAGs
[2024-06-10T14:12:26.300+0000] {logging_mixin.py:188} INFO - [2024-06-10T14:12:26.299+0000] {dag.py:3954} INFO - Setting next_dagrun for example_display_name to None, run_after=None
[2024-06-10T14:12:26.325+0000] {processor.py:183} INFO - Processing /home/airflow/.local/lib/python3.12/site-packages/airflow/example_dags/example_display_name.py took 0.081 seconds
[2024-06-10T14:12:56.877+0000] {processor.py:161} INFO - Started process (PID=831) to work on /home/airflow/.local/lib/python3.12/site-packages/airflow/example_dags/example_display_name.py
[2024-06-10T14:12:56.879+0000] {processor.py:830} INFO - Processing file /home/airflow/.local/lib/python3.12/site-packages/airflow/example_dags/example_display_name.py for tasks to queue
[2024-06-10T14:12:56.881+0000] {logging_mixin.py:188} INFO - [2024-06-10T14:12:56.881+0000] {dagbag.py:545} INFO - Filling up the DagBag from /home/airflow/.local/lib/python3.12/site-packages/airflow/example_dags/example_display_name.py
[2024-06-10T14:12:56.889+0000] {processor.py:840} INFO - DAG(s) 'example_display_name' retrieved from /home/airflow/.local/lib/python3.12/site-packages/airflow/example_dags/example_display_name.py
[2024-06-10T14:12:56.909+0000] {logging_mixin.py:188} INFO - [2024-06-10T14:12:56.908+0000] {dag.py:3096} INFO - Sync 1 DAGs
[2024-06-10T14:12:56.924+0000] {logging_mixin.py:188} INFO - [2024-06-10T14:12:56.923+0000] {dag.py:3954} INFO - Setting next_dagrun for example_display_name to None, run_after=None
[2024-06-10T14:12:56.944+0000] {processor.py:183} INFO - Processing /home/airflow/.local/lib/python3.12/site-packages/airflow/example_dags/example_display_name.py took 0.072 seconds
[2024-06-10T14:13:27.904+0000] {processor.py:161} INFO - Started process (PID=900) to work on /home/airflow/.local/lib/python3.12/site-packages/airflow/example_dags/example_display_name.py
[2024-06-10T14:13:27.906+0000] {processor.py:830} INFO - Processing file /home/airflow/.local/lib/python3.12/site-packages/airflow/example_dags/example_display_name.py for tasks to queue
[2024-06-10T14:13:27.908+0000] {logging_mixin.py:188} INFO - [2024-06-10T14:13:27.907+0000] {dagbag.py:545} INFO - Filling up the DagBag from /home/airflow/.local/lib/python3.12/site-packages/airflow/example_dags/example_display_name.py
[2024-06-10T14:13:27.913+0000] {processor.py:840} INFO - DAG(s) 'example_display_name' retrieved from /home/airflow/.local/lib/python3.12/site-packages/airflow/example_dags/example_display_name.py
[2024-06-10T14:13:27.931+0000] {logging_mixin.py:188} INFO - [2024-06-10T14:13:27.931+0000] {dag.py:3096} INFO - Sync 1 DAGs
[2024-06-10T14:13:27.942+0000] {logging_mixin.py:188} INFO - [2024-06-10T14:13:27.942+0000] {dag.py:3954} INFO - Setting next_dagrun for example_display_name to None, run_after=None
[2024-06-10T14:13:27.962+0000] {processor.py:183} INFO - Processing /home/airflow/.local/lib/python3.12/site-packages/airflow/example_dags/example_display_name.py took 0.064 seconds
[2024-06-10T14:13:58.607+0000] {processor.py:161} INFO - Started process (PID=969) to work on /home/airflow/.local/lib/python3.12/site-packages/airflow/example_dags/example_display_name.py
[2024-06-10T14:13:58.608+0000] {processor.py:830} INFO - Processing file /home/airflow/.local/lib/python3.12/site-packages/airflow/example_dags/example_display_name.py for tasks to queue
[2024-06-10T14:13:58.610+0000] {logging_mixin.py:188} INFO - [2024-06-10T14:13:58.610+0000] {dagbag.py:545} INFO - Filling up the DagBag from /home/airflow/.local/lib/python3.12/site-packages/airflow/example_dags/example_display_name.py
[2024-06-10T14:13:58.618+0000] {processor.py:840} INFO - DAG(s) 'example_display_name' retrieved from /home/airflow/.local/lib/python3.12/site-packages/airflow/example_dags/example_display_name.py
[2024-06-10T14:13:58.637+0000] {logging_mixin.py:188} INFO - [2024-06-10T14:13:58.637+0000] {dag.py:3096} INFO - Sync 1 DAGs
[2024-06-10T14:13:58.653+0000] {logging_mixin.py:188} INFO - [2024-06-10T14:13:58.652+0000] {dag.py:3954} INFO - Setting next_dagrun for example_display_name to None, run_after=None
[2024-06-10T14:13:58.677+0000] {processor.py:183} INFO - Processing /home/airflow/.local/lib/python3.12/site-packages/airflow/example_dags/example_display_name.py took 0.077 seconds
[2024-06-10T14:14:29.490+0000] {processor.py:161} INFO - Started process (PID=1038) to work on /home/airflow/.local/lib/python3.12/site-packages/airflow/example_dags/example_display_name.py
[2024-06-10T14:14:29.492+0000] {processor.py:830} INFO - Processing file /home/airflow/.local/lib/python3.12/site-packages/airflow/example_dags/example_display_name.py for tasks to queue
[2024-06-10T14:14:29.494+0000] {logging_mixin.py:188} INFO - [2024-06-10T14:14:29.494+0000] {dagbag.py:545} INFO - Filling up the DagBag from /home/airflow/.local/lib/python3.12/site-packages/airflow/example_dags/example_display_name.py
[2024-06-10T14:14:29.500+0000] {processor.py:840} INFO - DAG(s) 'example_display_name' retrieved from /home/airflow/.local/lib/python3.12/site-packages/airflow/example_dags/example_display_name.py
[2024-06-10T14:14:29.524+0000] {logging_mixin.py:188} INFO - [2024-06-10T14:14:29.523+0000] {dag.py:3096} INFO - Sync 1 DAGs
[2024-06-10T14:14:29.538+0000] {logging_mixin.py:188} INFO - [2024-06-10T14:14:29.538+0000] {dag.py:3954} INFO - Setting next_dagrun for example_display_name to None, run_after=None
[2024-06-10T14:14:29.562+0000] {processor.py:183} INFO - Processing /home/airflow/.local/lib/python3.12/site-packages/airflow/example_dags/example_display_name.py took 0.078 seconds
[2024-06-10T14:15:00.258+0000] {processor.py:161} INFO - Started process (PID=1108) to work on /home/airflow/.local/lib/python3.12/site-packages/airflow/example_dags/example_display_name.py
[2024-06-10T14:15:00.259+0000] {processor.py:830} INFO - Processing file /home/airflow/.local/lib/python3.12/site-packages/airflow/example_dags/example_display_name.py for tasks to queue
[2024-06-10T14:15:00.261+0000] {logging_mixin.py:188} INFO - [2024-06-10T14:15:00.261+0000] {dagbag.py:545} INFO - Filling up the DagBag from /home/airflow/.local/lib/python3.12/site-packages/airflow/example_dags/example_display_name.py
[2024-06-10T14:15:00.268+0000] {processor.py:840} INFO - DAG(s) 'example_display_name' retrieved from /home/airflow/.local/lib/python3.12/site-packages/airflow/example_dags/example_display_name.py
[2024-06-10T14:15:00.289+0000] {logging_mixin.py:188} INFO - [2024-06-10T14:15:00.289+0000] {dag.py:3096} INFO - Sync 1 DAGs
[2024-06-10T14:15:00.303+0000] {logging_mixin.py:188} INFO - [2024-06-10T14:15:00.303+0000] {dag.py:3954} INFO - Setting next_dagrun for example_display_name to None, run_after=None
[2024-06-10T14:15:00.328+0000] {processor.py:183} INFO - Processing /home/airflow/.local/lib/python3.12/site-packages/airflow/example_dags/example_display_name.py took 0.076 seconds
[2024-06-10T14:15:31.375+0000] {processor.py:161} INFO - Started process (PID=1176) to work on /home/airflow/.local/lib/python3.12/site-packages/airflow/example_dags/example_display_name.py
[2024-06-10T14:15:31.377+0000] {processor.py:830} INFO - Processing file /home/airflow/.local/lib/python3.12/site-packages/airflow/example_dags/example_display_name.py for tasks to queue
[2024-06-10T14:15:31.378+0000] {logging_mixin.py:188} INFO - [2024-06-10T14:15:31.378+0000] {dagbag.py:545} INFO - Filling up the DagBag from /home/airflow/.local/lib/python3.12/site-packages/airflow/example_dags/example_display_name.py
[2024-06-10T14:15:31.384+0000] {processor.py:840} INFO - DAG(s) 'example_display_name' retrieved from /home/airflow/.local/lib/python3.12/site-packages/airflow/example_dags/example_display_name.py
[2024-06-10T14:15:31.404+0000] {logging_mixin.py:188} INFO - [2024-06-10T14:15:31.404+0000] {dag.py:3096} INFO - Sync 1 DAGs
[2024-06-10T14:15:31.417+0000] {logging_mixin.py:188} INFO - [2024-06-10T14:15:31.417+0000] {dag.py:3954} INFO - Setting next_dagrun for example_display_name to None, run_after=None
[2024-06-10T14:15:31.438+0000] {processor.py:183} INFO - Processing /home/airflow/.local/lib/python3.12/site-packages/airflow/example_dags/example_display_name.py took 0.070 seconds
[2024-06-10T14:16:01.917+0000] {processor.py:161} INFO - Started process (PID=1236) to work on /home/airflow/.local/lib/python3.12/site-packages/airflow/example_dags/example_display_name.py
[2024-06-10T14:16:01.918+0000] {processor.py:830} INFO - Processing file /home/airflow/.local/lib/python3.12/site-packages/airflow/example_dags/example_display_name.py for tasks to queue
[2024-06-10T14:16:01.919+0000] {logging_mixin.py:188} INFO - [2024-06-10T14:16:01.919+0000] {dagbag.py:545} INFO - Filling up the DagBag from /home/airflow/.local/lib/python3.12/site-packages/airflow/example_dags/example_display_name.py
[2024-06-10T14:16:01.925+0000] {processor.py:840} INFO - DAG(s) 'example_display_name' retrieved from /home/airflow/.local/lib/python3.12/site-packages/airflow/example_dags/example_display_name.py
[2024-06-10T14:16:01.943+0000] {logging_mixin.py:188} INFO - [2024-06-10T14:16:01.943+0000] {dag.py:3096} INFO - Sync 1 DAGs
[2024-06-10T14:16:01.964+0000] {logging_mixin.py:188} INFO - [2024-06-10T14:16:01.963+0000] {dag.py:3954} INFO - Setting next_dagrun for example_display_name to None, run_after=None
[2024-06-10T14:16:01.987+0000] {processor.py:183} INFO - Processing /home/airflow/.local/lib/python3.12/site-packages/airflow/example_dags/example_display_name.py took 0.075 seconds
[2024-06-10T14:16:32.300+0000] {processor.py:161} INFO - Started process (PID=1296) to work on /home/airflow/.local/lib/python3.12/site-packages/airflow/example_dags/example_display_name.py
[2024-06-10T14:16:32.301+0000] {processor.py:830} INFO - Processing file /home/airflow/.local/lib/python3.12/site-packages/airflow/example_dags/example_display_name.py for tasks to queue
[2024-06-10T14:16:32.302+0000] {logging_mixin.py:188} INFO - [2024-06-10T14:16:32.302+0000] {dagbag.py:545} INFO - Filling up the DagBag from /home/airflow/.local/lib/python3.12/site-packages/airflow/example_dags/example_display_name.py
[2024-06-10T14:16:32.308+0000] {processor.py:840} INFO - DAG(s) 'example_display_name' retrieved from /home/airflow/.local/lib/python3.12/site-packages/airflow/example_dags/example_display_name.py
[2024-06-10T14:16:32.329+0000] {logging_mixin.py:188} INFO - [2024-06-10T14:16:32.328+0000] {dag.py:3096} INFO - Sync 1 DAGs
[2024-06-10T14:16:32.340+0000] {logging_mixin.py:188} INFO - [2024-06-10T14:16:32.340+0000] {dag.py:3954} INFO - Setting next_dagrun for example_display_name to None, run_after=None
[2024-06-10T14:16:32.360+0000] {processor.py:183} INFO - Processing /home/airflow/.local/lib/python3.12/site-packages/airflow/example_dags/example_display_name.py took 0.066 seconds
[2024-06-10T14:17:03.325+0000] {processor.py:161} INFO - Started process (PID=1356) to work on /home/airflow/.local/lib/python3.12/site-packages/airflow/example_dags/example_display_name.py
[2024-06-10T14:17:03.327+0000] {processor.py:830} INFO - Processing file /home/airflow/.local/lib/python3.12/site-packages/airflow/example_dags/example_display_name.py for tasks to queue
[2024-06-10T14:17:03.329+0000] {logging_mixin.py:188} INFO - [2024-06-10T14:17:03.328+0000] {dagbag.py:545} INFO - Filling up the DagBag from /home/airflow/.local/lib/python3.12/site-packages/airflow/example_dags/example_display_name.py
[2024-06-10T14:17:03.334+0000] {processor.py:840} INFO - DAG(s) 'example_display_name' retrieved from /home/airflow/.local/lib/python3.12/site-packages/airflow/example_dags/example_display_name.py
[2024-06-10T14:17:03.345+0000] {logging_mixin.py:188} INFO - [2024-06-10T14:17:03.345+0000] {dag.py:3096} INFO - Sync 1 DAGs
[2024-06-10T14:17:03.363+0000] {logging_mixin.py:188} INFO - [2024-06-10T14:17:03.363+0000] {dag.py:3954} INFO - Setting next_dagrun for example_display_name to None, run_after=None
[2024-06-10T14:17:03.386+0000] {processor.py:183} INFO - Processing /home/airflow/.local/lib/python3.12/site-packages/airflow/example_dags/example_display_name.py took 0.068 seconds
[2024-06-10T14:17:40.546+0000] {processor.py:161} INFO - Started process (PID=1416) to work on /home/airflow/.local/lib/python3.12/site-packages/airflow/example_dags/example_display_name.py
[2024-06-10T14:17:40.548+0000] {processor.py:830} INFO - Processing file /home/airflow/.local/lib/python3.12/site-packages/airflow/example_dags/example_display_name.py for tasks to queue
[2024-06-10T14:17:40.550+0000] {logging_mixin.py:188} INFO - [2024-06-10T14:17:40.550+0000] {dagbag.py:545} INFO - Filling up the DagBag from /home/airflow/.local/lib/python3.12/site-packages/airflow/example_dags/example_display_name.py
[2024-06-10T14:17:40.557+0000] {processor.py:840} INFO - DAG(s) 'example_display_name' retrieved from /home/airflow/.local/lib/python3.12/site-packages/airflow/example_dags/example_display_name.py
[2024-06-10T14:17:40.721+0000] {logging_mixin.py:188} INFO - [2024-06-10T14:17:40.720+0000] {dag.py:3096} INFO - Sync 1 DAGs
[2024-06-10T14:17:40.741+0000] {logging_mixin.py:188} INFO - [2024-06-10T14:17:40.740+0000] {dag.py:3954} INFO - Setting next_dagrun for example_display_name to None, run_after=None
[2024-06-10T14:17:40.816+0000] {processor.py:183} INFO - Processing /home/airflow/.local/lib/python3.12/site-packages/airflow/example_dags/example_display_name.py took 0.287 seconds
[2024-06-10T14:18:11.392+0000] {processor.py:161} INFO - Started process (PID=1475) to work on /home/airflow/.local/lib/python3.12/site-packages/airflow/example_dags/example_display_name.py
[2024-06-10T14:18:11.393+0000] {processor.py:830} INFO - Processing file /home/airflow/.local/lib/python3.12/site-packages/airflow/example_dags/example_display_name.py for tasks to queue
[2024-06-10T14:18:11.395+0000] {logging_mixin.py:188} INFO - [2024-06-10T14:18:11.394+0000] {dagbag.py:545} INFO - Filling up the DagBag from /home/airflow/.local/lib/python3.12/site-packages/airflow/example_dags/example_display_name.py
[2024-06-10T14:18:11.401+0000] {processor.py:840} INFO - DAG(s) 'example_display_name' retrieved from /home/airflow/.local/lib/python3.12/site-packages/airflow/example_dags/example_display_name.py
[2024-06-10T14:18:11.422+0000] {logging_mixin.py:188} INFO - [2024-06-10T14:18:11.421+0000] {dag.py:3096} INFO - Sync 1 DAGs
[2024-06-10T14:18:11.438+0000] {logging_mixin.py:188} INFO - [2024-06-10T14:18:11.438+0000] {dag.py:3954} INFO - Setting next_dagrun for example_display_name to None, run_after=None
[2024-06-10T14:18:11.460+0000] {processor.py:183} INFO - Processing /home/airflow/.local/lib/python3.12/site-packages/airflow/example_dags/example_display_name.py took 0.075 seconds
[2024-06-10T14:18:41.855+0000] {processor.py:161} INFO - Started process (PID=1534) to work on /home/airflow/.local/lib/python3.12/site-packages/airflow/example_dags/example_display_name.py
[2024-06-10T14:18:41.857+0000] {processor.py:830} INFO - Processing file /home/airflow/.local/lib/python3.12/site-packages/airflow/example_dags/example_display_name.py for tasks to queue
[2024-06-10T14:18:41.858+0000] {logging_mixin.py:188} INFO - [2024-06-10T14:18:41.858+0000] {dagbag.py:545} INFO - Filling up the DagBag from /home/airflow/.local/lib/python3.12/site-packages/airflow/example_dags/example_display_name.py
[2024-06-10T14:18:41.866+0000] {processor.py:840} INFO - DAG(s) 'example_display_name' retrieved from /home/airflow/.local/lib/python3.12/site-packages/airflow/example_dags/example_display_name.py
[2024-06-10T14:18:41.878+0000] {logging_mixin.py:188} INFO - [2024-06-10T14:18:41.878+0000] {dag.py:3096} INFO - Sync 1 DAGs
[2024-06-10T14:18:41.891+0000] {logging_mixin.py:188} INFO - [2024-06-10T14:18:41.890+0000] {dag.py:3954} INFO - Setting next_dagrun for example_display_name to None, run_after=None
[2024-06-10T14:18:41.915+0000] {processor.py:183} INFO - Processing /home/airflow/.local/lib/python3.12/site-packages/airflow/example_dags/example_display_name.py took 0.065 seconds
[2024-06-10T14:19:12.669+0000] {processor.py:161} INFO - Started process (PID=1594) to work on /home/airflow/.local/lib/python3.12/site-packages/airflow/example_dags/example_display_name.py
[2024-06-10T14:19:12.671+0000] {processor.py:830} INFO - Processing file /home/airflow/.local/lib/python3.12/site-packages/airflow/example_dags/example_display_name.py for tasks to queue
[2024-06-10T14:19:12.672+0000] {logging_mixin.py:188} INFO - [2024-06-10T14:19:12.672+0000] {dagbag.py:545} INFO - Filling up the DagBag from /home/airflow/.local/lib/python3.12/site-packages/airflow/example_dags/example_display_name.py
[2024-06-10T14:19:12.679+0000] {processor.py:840} INFO - DAG(s) 'example_display_name' retrieved from /home/airflow/.local/lib/python3.12/site-packages/airflow/example_dags/example_display_name.py
[2024-06-10T14:19:12.802+0000] {logging_mixin.py:188} INFO - [2024-06-10T14:19:12.802+0000] {dag.py:3096} INFO - Sync 1 DAGs
[2024-06-10T14:19:12.818+0000] {logging_mixin.py:188} INFO - [2024-06-10T14:19:12.818+0000] {dag.py:3954} INFO - Setting next_dagrun for example_display_name to None, run_after=None
[2024-06-10T14:19:12.845+0000] {processor.py:183} INFO - Processing /home/airflow/.local/lib/python3.12/site-packages/airflow/example_dags/example_display_name.py took 0.182 seconds
[2024-06-10T14:19:43.158+0000] {processor.py:161} INFO - Started process (PID=1654) to work on /home/airflow/.local/lib/python3.12/site-packages/airflow/example_dags/example_display_name.py
[2024-06-10T14:19:43.160+0000] {processor.py:830} INFO - Processing file /home/airflow/.local/lib/python3.12/site-packages/airflow/example_dags/example_display_name.py for tasks to queue
[2024-06-10T14:19:43.161+0000] {logging_mixin.py:188} INFO - [2024-06-10T14:19:43.160+0000] {dagbag.py:545} INFO - Filling up the DagBag from /home/airflow/.local/lib/python3.12/site-packages/airflow/example_dags/example_display_name.py
[2024-06-10T14:19:43.167+0000] {processor.py:840} INFO - DAG(s) 'example_display_name' retrieved from /home/airflow/.local/lib/python3.12/site-packages/airflow/example_dags/example_display_name.py
[2024-06-10T14:19:43.190+0000] {logging_mixin.py:188} INFO - [2024-06-10T14:19:43.190+0000] {dag.py:3096} INFO - Sync 1 DAGs
[2024-06-10T14:19:43.203+0000] {logging_mixin.py:188} INFO - [2024-06-10T14:19:43.203+0000] {dag.py:3954} INFO - Setting next_dagrun for example_display_name to None, run_after=None
[2024-06-10T14:19:43.226+0000] {processor.py:183} INFO - Processing /home/airflow/.local/lib/python3.12/site-packages/airflow/example_dags/example_display_name.py took 0.074 seconds
[2024-06-10T14:20:13.466+0000] {processor.py:161} INFO - Started process (PID=1714) to work on /home/airflow/.local/lib/python3.12/site-packages/airflow/example_dags/example_display_name.py
[2024-06-10T14:20:13.467+0000] {processor.py:830} INFO - Processing file /home/airflow/.local/lib/python3.12/site-packages/airflow/example_dags/example_display_name.py for tasks to queue
[2024-06-10T14:20:13.468+0000] {logging_mixin.py:188} INFO - [2024-06-10T14:20:13.467+0000] {dagbag.py:545} INFO - Filling up the DagBag from /home/airflow/.local/lib/python3.12/site-packages/airflow/example_dags/example_display_name.py
[2024-06-10T14:20:13.473+0000] {processor.py:840} INFO - DAG(s) 'example_display_name' retrieved from /home/airflow/.local/lib/python3.12/site-packages/airflow/example_dags/example_display_name.py
[2024-06-10T14:20:13.494+0000] {logging_mixin.py:188} INFO - [2024-06-10T14:20:13.493+0000] {dag.py:3096} INFO - Sync 1 DAGs
[2024-06-10T14:20:13.507+0000] {logging_mixin.py:188} INFO - [2024-06-10T14:20:13.506+0000] {dag.py:3954} INFO - Setting next_dagrun for example_display_name to None, run_after=None
[2024-06-10T14:20:13.530+0000] {processor.py:183} INFO - Processing /home/airflow/.local/lib/python3.12/site-packages/airflow/example_dags/example_display_name.py took 0.070 seconds
[2024-06-10T14:20:43.952+0000] {processor.py:161} INFO - Started process (PID=1774) to work on /home/airflow/.local/lib/python3.12/site-packages/airflow/example_dags/example_display_name.py
[2024-06-10T14:20:43.954+0000] {processor.py:830} INFO - Processing file /home/airflow/.local/lib/python3.12/site-packages/airflow/example_dags/example_display_name.py for tasks to queue
[2024-06-10T14:20:43.954+0000] {logging_mixin.py:188} INFO - [2024-06-10T14:20:43.954+0000] {dagbag.py:545} INFO - Filling up the DagBag from /home/airflow/.local/lib/python3.12/site-packages/airflow/example_dags/example_display_name.py
[2024-06-10T14:20:43.960+0000] {processor.py:840} INFO - DAG(s) 'example_display_name' retrieved from /home/airflow/.local/lib/python3.12/site-packages/airflow/example_dags/example_display_name.py
[2024-06-10T14:20:43.979+0000] {logging_mixin.py:188} INFO - [2024-06-10T14:20:43.979+0000] {dag.py:3096} INFO - Sync 1 DAGs
[2024-06-10T14:20:43.992+0000] {logging_mixin.py:188} INFO - [2024-06-10T14:20:43.992+0000] {dag.py:3954} INFO - Setting next_dagrun for example_display_name to None, run_after=None
[2024-06-10T14:20:44.013+0000] {processor.py:183} INFO - Processing /home/airflow/.local/lib/python3.12/site-packages/airflow/example_dags/example_display_name.py took 0.068 seconds
[2024-06-10T14:21:14.205+0000] {processor.py:161} INFO - Started process (PID=1834) to work on /home/airflow/.local/lib/python3.12/site-packages/airflow/example_dags/example_display_name.py
[2024-06-10T14:21:14.206+0000] {processor.py:830} INFO - Processing file /home/airflow/.local/lib/python3.12/site-packages/airflow/example_dags/example_display_name.py for tasks to queue
[2024-06-10T14:21:14.208+0000] {logging_mixin.py:188} INFO - [2024-06-10T14:21:14.207+0000] {dagbag.py:545} INFO - Filling up the DagBag from /home/airflow/.local/lib/python3.12/site-packages/airflow/example_dags/example_display_name.py
[2024-06-10T14:21:14.213+0000] {processor.py:840} INFO - DAG(s) 'example_display_name' retrieved from /home/airflow/.local/lib/python3.12/site-packages/airflow/example_dags/example_display_name.py
[2024-06-10T14:21:14.232+0000] {logging_mixin.py:188} INFO - [2024-06-10T14:21:14.232+0000] {dag.py:3096} INFO - Sync 1 DAGs
[2024-06-10T14:21:14.243+0000] {logging_mixin.py:188} INFO - [2024-06-10T14:21:14.243+0000] {dag.py:3954} INFO - Setting next_dagrun for example_display_name to None, run_after=None
[2024-06-10T14:21:14.263+0000] {processor.py:183} INFO - Processing /home/airflow/.local/lib/python3.12/site-packages/airflow/example_dags/example_display_name.py took 0.063 seconds
[2024-06-10T14:21:44.560+0000] {processor.py:161} INFO - Started process (PID=1894) to work on /home/airflow/.local/lib/python3.12/site-packages/airflow/example_dags/example_display_name.py
[2024-06-10T14:21:44.565+0000] {processor.py:830} INFO - Processing file /home/airflow/.local/lib/python3.12/site-packages/airflow/example_dags/example_display_name.py for tasks to queue
[2024-06-10T14:21:44.568+0000] {logging_mixin.py:188} INFO - [2024-06-10T14:21:44.567+0000] {dagbag.py:545} INFO - Filling up the DagBag from /home/airflow/.local/lib/python3.12/site-packages/airflow/example_dags/example_display_name.py
[2024-06-10T14:21:44.580+0000] {processor.py:840} INFO - DAG(s) 'example_display_name' retrieved from /home/airflow/.local/lib/python3.12/site-packages/airflow/example_dags/example_display_name.py
[2024-06-10T14:21:44.645+0000] {logging_mixin.py:188} INFO - [2024-06-10T14:21:44.645+0000] {dag.py:3096} INFO - Sync 1 DAGs
[2024-06-10T14:21:44.693+0000] {logging_mixin.py:188} INFO - [2024-06-10T14:21:44.692+0000] {dag.py:3954} INFO - Setting next_dagrun for example_display_name to None, run_after=None
[2024-06-10T14:21:45.363+0000] {processor.py:183} INFO - Processing /home/airflow/.local/lib/python3.12/site-packages/airflow/example_dags/example_display_name.py took 0.825 seconds
[2024-06-10T14:26:15.643+0000] {processor.py:161} INFO - Started process (PID=62) to work on /home/airflow/.local/lib/python3.12/site-packages/airflow/example_dags/example_display_name.py
[2024-06-10T14:26:15.644+0000] {processor.py:830} INFO - Processing file /home/airflow/.local/lib/python3.12/site-packages/airflow/example_dags/example_display_name.py for tasks to queue
[2024-06-10T14:26:15.646+0000] {logging_mixin.py:188} INFO - [2024-06-10T14:26:15.646+0000] {dagbag.py:545} INFO - Filling up the DagBag from /home/airflow/.local/lib/python3.12/site-packages/airflow/example_dags/example_display_name.py
[2024-06-10T14:26:15.655+0000] {processor.py:840} INFO - DAG(s) 'example_display_name' retrieved from /home/airflow/.local/lib/python3.12/site-packages/airflow/example_dags/example_display_name.py
[2024-06-10T14:26:15.991+0000] {logging_mixin.py:188} INFO - [2024-06-10T14:26:15.990+0000] {override.py:1829} INFO - Created Permission View: can delete on DAG:example_display_name
[2024-06-10T14:26:16.004+0000] {logging_mixin.py:188} INFO - [2024-06-10T14:26:16.003+0000] {override.py:1829} INFO - Created Permission View: can read on DAG:example_display_name
[2024-06-10T14:26:16.014+0000] {logging_mixin.py:188} INFO - [2024-06-10T14:26:16.014+0000] {override.py:1829} INFO - Created Permission View: can edit on DAG:example_display_name
[2024-06-10T14:26:16.015+0000] {logging_mixin.py:188} INFO - [2024-06-10T14:26:16.015+0000] {dag.py:3096} INFO - Sync 1 DAGs
[2024-06-10T14:26:16.027+0000] {logging_mixin.py:188} INFO - [2024-06-10T14:26:16.027+0000] {dag.py:3118} INFO - Creating ORM DAG for example_display_name
[2024-06-10T14:26:16.029+0000] {logging_mixin.py:188} INFO - [2024-06-10T14:26:16.029+0000] {dag.py:3954} INFO - Setting next_dagrun for example_display_name to None, run_after=None
[2024-06-10T14:26:16.057+0000] {processor.py:183} INFO - Processing /home/airflow/.local/lib/python3.12/site-packages/airflow/example_dags/example_display_name.py took 0.421 seconds
[2024-06-10T14:26:46.449+0000] {processor.py:161} INFO - Started process (PID=122) to work on /home/airflow/.local/lib/python3.12/site-packages/airflow/example_dags/example_display_name.py
[2024-06-10T14:26:46.450+0000] {processor.py:830} INFO - Processing file /home/airflow/.local/lib/python3.12/site-packages/airflow/example_dags/example_display_name.py for tasks to queue
[2024-06-10T14:26:46.453+0000] {logging_mixin.py:188} INFO - [2024-06-10T14:26:46.452+0000] {dagbag.py:545} INFO - Filling up the DagBag from /home/airflow/.local/lib/python3.12/site-packages/airflow/example_dags/example_display_name.py
[2024-06-10T14:26:46.460+0000] {processor.py:840} INFO - DAG(s) 'example_display_name' retrieved from /home/airflow/.local/lib/python3.12/site-packages/airflow/example_dags/example_display_name.py
[2024-06-10T14:26:46.478+0000] {logging_mixin.py:188} INFO - [2024-06-10T14:26:46.478+0000] {dag.py:3096} INFO - Sync 1 DAGs
[2024-06-10T14:26:46.496+0000] {logging_mixin.py:188} INFO - [2024-06-10T14:26:46.495+0000] {dag.py:3954} INFO - Setting next_dagrun for example_display_name to None, run_after=None
[2024-06-10T14:26:46.524+0000] {processor.py:183} INFO - Processing /home/airflow/.local/lib/python3.12/site-packages/airflow/example_dags/example_display_name.py took 0.081 seconds
[2024-06-10T14:27:17.165+0000] {processor.py:161} INFO - Started process (PID=182) to work on /home/airflow/.local/lib/python3.12/site-packages/airflow/example_dags/example_display_name.py
[2024-06-10T14:27:17.167+0000] {processor.py:830} INFO - Processing file /home/airflow/.local/lib/python3.12/site-packages/airflow/example_dags/example_display_name.py for tasks to queue
[2024-06-10T14:27:17.170+0000] {logging_mixin.py:188} INFO - [2024-06-10T14:27:17.169+0000] {dagbag.py:545} INFO - Filling up the DagBag from /home/airflow/.local/lib/python3.12/site-packages/airflow/example_dags/example_display_name.py
[2024-06-10T14:27:17.176+0000] {processor.py:840} INFO - DAG(s) 'example_display_name' retrieved from /home/airflow/.local/lib/python3.12/site-packages/airflow/example_dags/example_display_name.py
[2024-06-10T14:27:17.283+0000] {logging_mixin.py:188} INFO - [2024-06-10T14:27:17.282+0000] {dag.py:3096} INFO - Sync 1 DAGs
[2024-06-10T14:27:17.294+0000] {logging_mixin.py:188} INFO - [2024-06-10T14:27:17.294+0000] {dag.py:3954} INFO - Setting next_dagrun for example_display_name to None, run_after=None
[2024-06-10T14:27:17.324+0000] {processor.py:183} INFO - Processing /home/airflow/.local/lib/python3.12/site-packages/airflow/example_dags/example_display_name.py took 0.166 seconds
[2024-06-10T14:27:48.158+0000] {processor.py:161} INFO - Started process (PID=242) to work on /home/airflow/.local/lib/python3.12/site-packages/airflow/example_dags/example_display_name.py
[2024-06-10T14:27:48.160+0000] {processor.py:830} INFO - Processing file /home/airflow/.local/lib/python3.12/site-packages/airflow/example_dags/example_display_name.py for tasks to queue
[2024-06-10T14:27:48.163+0000] {logging_mixin.py:188} INFO - [2024-06-10T14:27:48.162+0000] {dagbag.py:545} INFO - Filling up the DagBag from /home/airflow/.local/lib/python3.12/site-packages/airflow/example_dags/example_display_name.py
[2024-06-10T14:27:48.169+0000] {processor.py:840} INFO - DAG(s) 'example_display_name' retrieved from /home/airflow/.local/lib/python3.12/site-packages/airflow/example_dags/example_display_name.py
[2024-06-10T14:27:48.190+0000] {logging_mixin.py:188} INFO - [2024-06-10T14:27:48.189+0000] {dag.py:3096} INFO - Sync 1 DAGs
[2024-06-10T14:27:48.205+0000] {logging_mixin.py:188} INFO - [2024-06-10T14:27:48.205+0000] {dag.py:3954} INFO - Setting next_dagrun for example_display_name to None, run_after=None
[2024-06-10T14:27:48.228+0000] {processor.py:183} INFO - Processing /home/airflow/.local/lib/python3.12/site-packages/airflow/example_dags/example_display_name.py took 0.075 seconds
[2024-06-10T14:28:18.461+0000] {processor.py:161} INFO - Started process (PID=301) to work on /home/airflow/.local/lib/python3.12/site-packages/airflow/example_dags/example_display_name.py
[2024-06-10T14:28:18.463+0000] {processor.py:830} INFO - Processing file /home/airflow/.local/lib/python3.12/site-packages/airflow/example_dags/example_display_name.py for tasks to queue
[2024-06-10T14:28:18.465+0000] {logging_mixin.py:188} INFO - [2024-06-10T14:28:18.464+0000] {dagbag.py:545} INFO - Filling up the DagBag from /home/airflow/.local/lib/python3.12/site-packages/airflow/example_dags/example_display_name.py
[2024-06-10T14:28:18.470+0000] {processor.py:840} INFO - DAG(s) 'example_display_name' retrieved from /home/airflow/.local/lib/python3.12/site-packages/airflow/example_dags/example_display_name.py
[2024-06-10T14:28:18.492+0000] {logging_mixin.py:188} INFO - [2024-06-10T14:28:18.492+0000] {dag.py:3096} INFO - Sync 1 DAGs
[2024-06-10T14:28:18.505+0000] {logging_mixin.py:188} INFO - [2024-06-10T14:28:18.505+0000] {dag.py:3954} INFO - Setting next_dagrun for example_display_name to None, run_after=None
[2024-06-10T14:28:18.528+0000] {processor.py:183} INFO - Processing /home/airflow/.local/lib/python3.12/site-packages/airflow/example_dags/example_display_name.py took 0.071 seconds
[2024-06-10T14:28:49.543+0000] {processor.py:161} INFO - Started process (PID=361) to work on /home/airflow/.local/lib/python3.12/site-packages/airflow/example_dags/example_display_name.py
[2024-06-10T14:28:49.544+0000] {processor.py:830} INFO - Processing file /home/airflow/.local/lib/python3.12/site-packages/airflow/example_dags/example_display_name.py for tasks to queue
[2024-06-10T14:28:49.546+0000] {logging_mixin.py:188} INFO - [2024-06-10T14:28:49.546+0000] {dagbag.py:545} INFO - Filling up the DagBag from /home/airflow/.local/lib/python3.12/site-packages/airflow/example_dags/example_display_name.py
[2024-06-10T14:28:49.552+0000] {processor.py:840} INFO - DAG(s) 'example_display_name' retrieved from /home/airflow/.local/lib/python3.12/site-packages/airflow/example_dags/example_display_name.py
[2024-06-10T14:28:49.574+0000] {logging_mixin.py:188} INFO - [2024-06-10T14:28:49.574+0000] {dag.py:3096} INFO - Sync 1 DAGs
[2024-06-10T14:28:49.587+0000] {logging_mixin.py:188} INFO - [2024-06-10T14:28:49.587+0000] {dag.py:3954} INFO - Setting next_dagrun for example_display_name to None, run_after=None
[2024-06-10T14:28:49.612+0000] {processor.py:183} INFO - Processing /home/airflow/.local/lib/python3.12/site-packages/airflow/example_dags/example_display_name.py took 0.074 seconds
[2024-06-10T14:29:19.805+0000] {processor.py:161} INFO - Started process (PID=421) to work on /home/airflow/.local/lib/python3.12/site-packages/airflow/example_dags/example_display_name.py
[2024-06-10T14:29:19.807+0000] {processor.py:830} INFO - Processing file /home/airflow/.local/lib/python3.12/site-packages/airflow/example_dags/example_display_name.py for tasks to queue
[2024-06-10T14:29:19.809+0000] {logging_mixin.py:188} INFO - [2024-06-10T14:29:19.809+0000] {dagbag.py:545} INFO - Filling up the DagBag from /home/airflow/.local/lib/python3.12/site-packages/airflow/example_dags/example_display_name.py
[2024-06-10T14:29:19.815+0000] {processor.py:840} INFO - DAG(s) 'example_display_name' retrieved from /home/airflow/.local/lib/python3.12/site-packages/airflow/example_dags/example_display_name.py
[2024-06-10T14:29:19.838+0000] {logging_mixin.py:188} INFO - [2024-06-10T14:29:19.838+0000] {dag.py:3096} INFO - Sync 1 DAGs
[2024-06-10T14:29:19.854+0000] {logging_mixin.py:188} INFO - [2024-06-10T14:29:19.854+0000] {dag.py:3954} INFO - Setting next_dagrun for example_display_name to None, run_after=None
[2024-06-10T14:29:19.879+0000] {processor.py:183} INFO - Processing /home/airflow/.local/lib/python3.12/site-packages/airflow/example_dags/example_display_name.py took 0.080 seconds
[2024-06-10T14:29:50.422+0000] {processor.py:161} INFO - Started process (PID=481) to work on /home/airflow/.local/lib/python3.12/site-packages/airflow/example_dags/example_display_name.py
[2024-06-10T14:29:50.424+0000] {processor.py:830} INFO - Processing file /home/airflow/.local/lib/python3.12/site-packages/airflow/example_dags/example_display_name.py for tasks to queue
[2024-06-10T14:29:50.426+0000] {logging_mixin.py:188} INFO - [2024-06-10T14:29:50.426+0000] {dagbag.py:545} INFO - Filling up the DagBag from /home/airflow/.local/lib/python3.12/site-packages/airflow/example_dags/example_display_name.py
[2024-06-10T14:29:50.431+0000] {processor.py:840} INFO - DAG(s) 'example_display_name' retrieved from /home/airflow/.local/lib/python3.12/site-packages/airflow/example_dags/example_display_name.py
[2024-06-10T14:29:50.449+0000] {logging_mixin.py:188} INFO - [2024-06-10T14:29:50.449+0000] {dag.py:3096} INFO - Sync 1 DAGs
[2024-06-10T14:29:50.460+0000] {logging_mixin.py:188} INFO - [2024-06-10T14:29:50.459+0000] {dag.py:3954} INFO - Setting next_dagrun for example_display_name to None, run_after=None
[2024-06-10T14:29:50.479+0000] {processor.py:183} INFO - Processing /home/airflow/.local/lib/python3.12/site-packages/airflow/example_dags/example_display_name.py took 0.061 seconds
[2024-06-10T14:30:20.855+0000] {processor.py:161} INFO - Started process (PID=541) to work on /home/airflow/.local/lib/python3.12/site-packages/airflow/example_dags/example_display_name.py
[2024-06-10T14:30:20.856+0000] {processor.py:830} INFO - Processing file /home/airflow/.local/lib/python3.12/site-packages/airflow/example_dags/example_display_name.py for tasks to queue
[2024-06-10T14:30:20.858+0000] {logging_mixin.py:188} INFO - [2024-06-10T14:30:20.858+0000] {dagbag.py:545} INFO - Filling up the DagBag from /home/airflow/.local/lib/python3.12/site-packages/airflow/example_dags/example_display_name.py
[2024-06-10T14:30:20.865+0000] {processor.py:840} INFO - DAG(s) 'example_display_name' retrieved from /home/airflow/.local/lib/python3.12/site-packages/airflow/example_dags/example_display_name.py
[2024-06-10T14:30:20.885+0000] {logging_mixin.py:188} INFO - [2024-06-10T14:30:20.885+0000] {dag.py:3096} INFO - Sync 1 DAGs
[2024-06-10T14:30:20.899+0000] {logging_mixin.py:188} INFO - [2024-06-10T14:30:20.899+0000] {dag.py:3954} INFO - Setting next_dagrun for example_display_name to None, run_after=None
[2024-06-10T14:30:20.919+0000] {processor.py:183} INFO - Processing /home/airflow/.local/lib/python3.12/site-packages/airflow/example_dags/example_display_name.py took 0.069 seconds
