[2024-06-10T14:04:47.765+0000] {processor.py:161} INFO - Started process (PID=78) to work on /home/airflow/.local/lib/python3.12/site-packages/airflow/example_dags/example_task_group_decorator.py
[2024-06-10T14:04:47.766+0000] {processor.py:830} INFO - Processing file /home/airflow/.local/lib/python3.12/site-packages/airflow/example_dags/example_task_group_decorator.py for tasks to queue
[2024-06-10T14:04:47.768+0000] {logging_mixin.py:188} INFO - [2024-06-10T14:04:47.767+0000] {dagbag.py:545} INFO - Filling up the DagBag from /home/airflow/.local/lib/python3.12/site-packages/airflow/example_dags/example_task_group_decorator.py
[2024-06-10T14:04:47.789+0000] {processor.py:840} INFO - DAG(s) 'example_task_group_decorator' retrieved from /home/airflow/.local/lib/python3.12/site-packages/airflow/example_dags/example_task_group_decorator.py
[2024-06-10T14:04:47.919+0000] {logging_mixin.py:188} INFO - [2024-06-10T14:04:47.919+0000] {dag.py:3096} INFO - Sync 1 DAGs
[2024-06-10T14:04:47.942+0000] {logging_mixin.py:188} INFO - [2024-06-10T14:04:47.942+0000] {dag.py:3954} INFO - Setting next_dagrun for example_task_group_decorator to 2024-06-09 00:00:00+00:00, run_after=2024-06-10 00:00:00+00:00
[2024-06-10T14:04:47.967+0000] {processor.py:183} INFO - Processing /home/airflow/.local/lib/python3.12/site-packages/airflow/example_dags/example_task_group_decorator.py took 0.210 seconds
[2024-06-10T14:05:18.310+0000] {processor.py:161} INFO - Started process (PID=147) to work on /home/airflow/.local/lib/python3.12/site-packages/airflow/example_dags/example_task_group_decorator.py
[2024-06-10T14:05:18.312+0000] {processor.py:830} INFO - Processing file /home/airflow/.local/lib/python3.12/site-packages/airflow/example_dags/example_task_group_decorator.py for tasks to queue
[2024-06-10T14:05:18.314+0000] {logging_mixin.py:188} INFO - [2024-06-10T14:05:18.313+0000] {dagbag.py:545} INFO - Filling up the DagBag from /home/airflow/.local/lib/python3.12/site-packages/airflow/example_dags/example_task_group_decorator.py
[2024-06-10T14:05:18.332+0000] {processor.py:840} INFO - DAG(s) 'example_task_group_decorator' retrieved from /home/airflow/.local/lib/python3.12/site-packages/airflow/example_dags/example_task_group_decorator.py
[2024-06-10T14:05:18.358+0000] {logging_mixin.py:188} INFO - [2024-06-10T14:05:18.358+0000] {dag.py:3096} INFO - Sync 1 DAGs
[2024-06-10T14:05:18.384+0000] {logging_mixin.py:188} INFO - [2024-06-10T14:05:18.383+0000] {dag.py:3954} INFO - Setting next_dagrun for example_task_group_decorator to 2024-06-09 00:00:00+00:00, run_after=2024-06-10 00:00:00+00:00
[2024-06-10T14:05:18.408+0000] {processor.py:183} INFO - Processing /home/airflow/.local/lib/python3.12/site-packages/airflow/example_dags/example_task_group_decorator.py took 0.103 seconds
[2024-06-10T14:05:54.334+0000] {processor.py:161} INFO - Started process (PID=216) to work on /home/airflow/.local/lib/python3.12/site-packages/airflow/example_dags/example_task_group_decorator.py
[2024-06-10T14:05:54.336+0000] {processor.py:830} INFO - Processing file /home/airflow/.local/lib/python3.12/site-packages/airflow/example_dags/example_task_group_decorator.py for tasks to queue
[2024-06-10T14:05:54.338+0000] {logging_mixin.py:188} INFO - [2024-06-10T14:05:54.338+0000] {dagbag.py:545} INFO - Filling up the DagBag from /home/airflow/.local/lib/python3.12/site-packages/airflow/example_dags/example_task_group_decorator.py
[2024-06-10T14:05:54.358+0000] {processor.py:840} INFO - DAG(s) 'example_task_group_decorator' retrieved from /home/airflow/.local/lib/python3.12/site-packages/airflow/example_dags/example_task_group_decorator.py
[2024-06-10T14:05:54.393+0000] {logging_mixin.py:188} INFO - [2024-06-10T14:05:54.392+0000] {dag.py:3096} INFO - Sync 1 DAGs
[2024-06-10T14:05:54.425+0000] {logging_mixin.py:188} INFO - [2024-06-10T14:05:54.425+0000] {dag.py:3954} INFO - Setting next_dagrun for example_task_group_decorator to 2024-06-09 00:00:00+00:00, run_after=2024-06-10 00:00:00+00:00
[2024-06-10T14:05:54.457+0000] {processor.py:183} INFO - Processing /home/airflow/.local/lib/python3.12/site-packages/airflow/example_dags/example_task_group_decorator.py took 0.131 seconds
[2024-06-10T14:06:24.683+0000] {processor.py:161} INFO - Started process (PID=285) to work on /home/airflow/.local/lib/python3.12/site-packages/airflow/example_dags/example_task_group_decorator.py
[2024-06-10T14:06:24.685+0000] {processor.py:830} INFO - Processing file /home/airflow/.local/lib/python3.12/site-packages/airflow/example_dags/example_task_group_decorator.py for tasks to queue
[2024-06-10T14:06:24.688+0000] {logging_mixin.py:188} INFO - [2024-06-10T14:06:24.687+0000] {dagbag.py:545} INFO - Filling up the DagBag from /home/airflow/.local/lib/python3.12/site-packages/airflow/example_dags/example_task_group_decorator.py
[2024-06-10T14:06:24.703+0000] {processor.py:840} INFO - DAG(s) 'example_task_group_decorator' retrieved from /home/airflow/.local/lib/python3.12/site-packages/airflow/example_dags/example_task_group_decorator.py
[2024-06-10T14:06:24.717+0000] {logging_mixin.py:188} INFO - [2024-06-10T14:06:24.716+0000] {dag.py:3096} INFO - Sync 1 DAGs
[2024-06-10T14:06:24.749+0000] {logging_mixin.py:188} INFO - [2024-06-10T14:06:24.749+0000] {dag.py:3954} INFO - Setting next_dagrun for example_task_group_decorator to 2024-06-09 00:00:00+00:00, run_after=2024-06-10 00:00:00+00:00
[2024-06-10T14:06:24.772+0000] {processor.py:183} INFO - Processing /home/airflow/.local/lib/python3.12/site-packages/airflow/example_dags/example_task_group_decorator.py took 0.097 seconds
[2024-06-10T14:07:19.738+0000] {processor.py:161} INFO - Started process (PID=71) to work on /home/airflow/.local/lib/python3.12/site-packages/airflow/example_dags/example_task_group_decorator.py
[2024-06-10T14:07:19.739+0000] {processor.py:830} INFO - Processing file /home/airflow/.local/lib/python3.12/site-packages/airflow/example_dags/example_task_group_decorator.py for tasks to queue
[2024-06-10T14:07:19.742+0000] {logging_mixin.py:188} INFO - [2024-06-10T14:07:19.741+0000] {dagbag.py:545} INFO - Filling up the DagBag from /home/airflow/.local/lib/python3.12/site-packages/airflow/example_dags/example_task_group_decorator.py
[2024-06-10T14:07:19.762+0000] {processor.py:840} INFO - DAG(s) 'example_task_group_decorator' retrieved from /home/airflow/.local/lib/python3.12/site-packages/airflow/example_dags/example_task_group_decorator.py
[2024-06-10T14:07:20.003+0000] {logging_mixin.py:188} INFO - [2024-06-10T14:07:20.003+0000] {dag.py:3096} INFO - Sync 1 DAGs
[2024-06-10T14:07:20.023+0000] {logging_mixin.py:188} INFO - [2024-06-10T14:07:20.022+0000] {dag.py:3954} INFO - Setting next_dagrun for example_task_group_decorator to 2024-06-09 00:00:00+00:00, run_after=2024-06-10 00:00:00+00:00
[2024-06-10T14:07:23.119+0000] {processor.py:183} INFO - Processing /home/airflow/.local/lib/python3.12/site-packages/airflow/example_dags/example_task_group_decorator.py took 3.386 seconds
[2024-06-10T14:07:53.226+0000] {processor.py:161} INFO - Started process (PID=141) to work on /home/airflow/.local/lib/python3.12/site-packages/airflow/example_dags/example_task_group_decorator.py
[2024-06-10T14:07:53.228+0000] {processor.py:830} INFO - Processing file /home/airflow/.local/lib/python3.12/site-packages/airflow/example_dags/example_task_group_decorator.py for tasks to queue
[2024-06-10T14:07:53.230+0000] {logging_mixin.py:188} INFO - [2024-06-10T14:07:53.230+0000] {dagbag.py:545} INFO - Filling up the DagBag from /home/airflow/.local/lib/python3.12/site-packages/airflow/example_dags/example_task_group_decorator.py
[2024-06-10T14:07:53.243+0000] {processor.py:840} INFO - DAG(s) 'example_task_group_decorator' retrieved from /home/airflow/.local/lib/python3.12/site-packages/airflow/example_dags/example_task_group_decorator.py
[2024-06-10T14:07:53.273+0000] {logging_mixin.py:188} INFO - [2024-06-10T14:07:53.273+0000] {dag.py:3096} INFO - Sync 1 DAGs
[2024-06-10T14:07:53.298+0000] {logging_mixin.py:188} INFO - [2024-06-10T14:07:53.297+0000] {dag.py:3954} INFO - Setting next_dagrun for example_task_group_decorator to 2024-06-09 00:00:00+00:00, run_after=2024-06-10 00:00:00+00:00
[2024-06-10T14:07:53.320+0000] {processor.py:183} INFO - Processing /home/airflow/.local/lib/python3.12/site-packages/airflow/example_dags/example_task_group_decorator.py took 0.101 seconds
[2024-06-10T14:08:23.687+0000] {processor.py:161} INFO - Started process (PID=216) to work on /home/airflow/.local/lib/python3.12/site-packages/airflow/example_dags/example_task_group_decorator.py
[2024-06-10T14:08:23.689+0000] {processor.py:830} INFO - Processing file /home/airflow/.local/lib/python3.12/site-packages/airflow/example_dags/example_task_group_decorator.py for tasks to queue
[2024-06-10T14:08:23.691+0000] {logging_mixin.py:188} INFO - [2024-06-10T14:08:23.691+0000] {dagbag.py:545} INFO - Filling up the DagBag from /home/airflow/.local/lib/python3.12/site-packages/airflow/example_dags/example_task_group_decorator.py
[2024-06-10T14:08:23.706+0000] {processor.py:840} INFO - DAG(s) 'example_task_group_decorator' retrieved from /home/airflow/.local/lib/python3.12/site-packages/airflow/example_dags/example_task_group_decorator.py
[2024-06-10T14:08:23.737+0000] {logging_mixin.py:188} INFO - [2024-06-10T14:08:23.737+0000] {dag.py:3096} INFO - Sync 1 DAGs
[2024-06-10T14:08:23.765+0000] {logging_mixin.py:188} INFO - [2024-06-10T14:08:23.765+0000] {dag.py:3954} INFO - Setting next_dagrun for example_task_group_decorator to 2024-06-09 00:00:00+00:00, run_after=2024-06-10 00:00:00+00:00
[2024-06-10T14:08:23.788+0000] {processor.py:183} INFO - Processing /home/airflow/.local/lib/python3.12/site-packages/airflow/example_dags/example_task_group_decorator.py took 0.106 seconds
[2024-06-10T14:08:54.503+0000] {processor.py:161} INFO - Started process (PID=285) to work on /home/airflow/.local/lib/python3.12/site-packages/airflow/example_dags/example_task_group_decorator.py
[2024-06-10T14:08:54.505+0000] {processor.py:830} INFO - Processing file /home/airflow/.local/lib/python3.12/site-packages/airflow/example_dags/example_task_group_decorator.py for tasks to queue
[2024-06-10T14:08:54.507+0000] {logging_mixin.py:188} INFO - [2024-06-10T14:08:54.507+0000] {dagbag.py:545} INFO - Filling up the DagBag from /home/airflow/.local/lib/python3.12/site-packages/airflow/example_dags/example_task_group_decorator.py
[2024-06-10T14:08:54.525+0000] {processor.py:840} INFO - DAG(s) 'example_task_group_decorator' retrieved from /home/airflow/.local/lib/python3.12/site-packages/airflow/example_dags/example_task_group_decorator.py
[2024-06-10T14:08:54.551+0000] {logging_mixin.py:188} INFO - [2024-06-10T14:08:54.551+0000] {dag.py:3096} INFO - Sync 1 DAGs
[2024-06-10T14:08:54.574+0000] {logging_mixin.py:188} INFO - [2024-06-10T14:08:54.574+0000] {dag.py:3954} INFO - Setting next_dagrun for example_task_group_decorator to 2024-06-09 00:00:00+00:00, run_after=2024-06-10 00:00:00+00:00
[2024-06-10T14:08:54.597+0000] {processor.py:183} INFO - Processing /home/airflow/.local/lib/python3.12/site-packages/airflow/example_dags/example_task_group_decorator.py took 0.100 seconds
[2024-06-10T14:09:24.999+0000] {processor.py:161} INFO - Started process (PID=354) to work on /home/airflow/.local/lib/python3.12/site-packages/airflow/example_dags/example_task_group_decorator.py
[2024-06-10T14:09:25.001+0000] {processor.py:830} INFO - Processing file /home/airflow/.local/lib/python3.12/site-packages/airflow/example_dags/example_task_group_decorator.py for tasks to queue
[2024-06-10T14:09:25.004+0000] {logging_mixin.py:188} INFO - [2024-06-10T14:09:25.003+0000] {dagbag.py:545} INFO - Filling up the DagBag from /home/airflow/.local/lib/python3.12/site-packages/airflow/example_dags/example_task_group_decorator.py
[2024-06-10T14:09:25.019+0000] {processor.py:840} INFO - DAG(s) 'example_task_group_decorator' retrieved from /home/airflow/.local/lib/python3.12/site-packages/airflow/example_dags/example_task_group_decorator.py
[2024-06-10T14:09:25.050+0000] {logging_mixin.py:188} INFO - [2024-06-10T14:09:25.049+0000] {dag.py:3096} INFO - Sync 1 DAGs
[2024-06-10T14:09:25.076+0000] {logging_mixin.py:188} INFO - [2024-06-10T14:09:25.076+0000] {dag.py:3954} INFO - Setting next_dagrun for example_task_group_decorator to 2024-06-09 00:00:00+00:00, run_after=2024-06-10 00:00:00+00:00
[2024-06-10T14:09:25.105+0000] {processor.py:183} INFO - Processing /home/airflow/.local/lib/python3.12/site-packages/airflow/example_dags/example_task_group_decorator.py took 0.113 seconds
[2024-06-10T14:09:56.045+0000] {processor.py:161} INFO - Started process (PID=423) to work on /home/airflow/.local/lib/python3.12/site-packages/airflow/example_dags/example_task_group_decorator.py
[2024-06-10T14:09:56.046+0000] {processor.py:830} INFO - Processing file /home/airflow/.local/lib/python3.12/site-packages/airflow/example_dags/example_task_group_decorator.py for tasks to queue
[2024-06-10T14:09:56.050+0000] {logging_mixin.py:188} INFO - [2024-06-10T14:09:56.049+0000] {dagbag.py:545} INFO - Filling up the DagBag from /home/airflow/.local/lib/python3.12/site-packages/airflow/example_dags/example_task_group_decorator.py
[2024-06-10T14:09:56.067+0000] {processor.py:840} INFO - DAG(s) 'example_task_group_decorator' retrieved from /home/airflow/.local/lib/python3.12/site-packages/airflow/example_dags/example_task_group_decorator.py
[2024-06-10T14:09:56.101+0000] {logging_mixin.py:188} INFO - [2024-06-10T14:09:56.100+0000] {dag.py:3096} INFO - Sync 1 DAGs
[2024-06-10T14:09:56.128+0000] {logging_mixin.py:188} INFO - [2024-06-10T14:09:56.128+0000] {dag.py:3954} INFO - Setting next_dagrun for example_task_group_decorator to 2024-06-09 00:00:00+00:00, run_after=2024-06-10 00:00:00+00:00
[2024-06-10T14:09:56.153+0000] {processor.py:183} INFO - Processing /home/airflow/.local/lib/python3.12/site-packages/airflow/example_dags/example_task_group_decorator.py took 0.115 seconds
[2024-06-10T14:10:26.659+0000] {processor.py:161} INFO - Started process (PID=492) to work on /home/airflow/.local/lib/python3.12/site-packages/airflow/example_dags/example_task_group_decorator.py
[2024-06-10T14:10:26.661+0000] {processor.py:830} INFO - Processing file /home/airflow/.local/lib/python3.12/site-packages/airflow/example_dags/example_task_group_decorator.py for tasks to queue
[2024-06-10T14:10:26.664+0000] {logging_mixin.py:188} INFO - [2024-06-10T14:10:26.663+0000] {dagbag.py:545} INFO - Filling up the DagBag from /home/airflow/.local/lib/python3.12/site-packages/airflow/example_dags/example_task_group_decorator.py
[2024-06-10T14:10:26.688+0000] {processor.py:840} INFO - DAG(s) 'example_task_group_decorator' retrieved from /home/airflow/.local/lib/python3.12/site-packages/airflow/example_dags/example_task_group_decorator.py
[2024-06-10T14:10:26.724+0000] {logging_mixin.py:188} INFO - [2024-06-10T14:10:26.724+0000] {dag.py:3096} INFO - Sync 1 DAGs
[2024-06-10T14:10:26.747+0000] {logging_mixin.py:188} INFO - [2024-06-10T14:10:26.746+0000] {dag.py:3954} INFO - Setting next_dagrun for example_task_group_decorator to 2024-06-09 00:00:00+00:00, run_after=2024-06-10 00:00:00+00:00
[2024-06-10T14:10:26.768+0000] {processor.py:183} INFO - Processing /home/airflow/.local/lib/python3.12/site-packages/airflow/example_dags/example_task_group_decorator.py took 0.117 seconds
[2024-06-10T14:10:57.514+0000] {processor.py:161} INFO - Started process (PID=561) to work on /home/airflow/.local/lib/python3.12/site-packages/airflow/example_dags/example_task_group_decorator.py
[2024-06-10T14:10:57.515+0000] {processor.py:830} INFO - Processing file /home/airflow/.local/lib/python3.12/site-packages/airflow/example_dags/example_task_group_decorator.py for tasks to queue
[2024-06-10T14:10:57.517+0000] {logging_mixin.py:188} INFO - [2024-06-10T14:10:57.516+0000] {dagbag.py:545} INFO - Filling up the DagBag from /home/airflow/.local/lib/python3.12/site-packages/airflow/example_dags/example_task_group_decorator.py
[2024-06-10T14:10:57.529+0000] {processor.py:840} INFO - DAG(s) 'example_task_group_decorator' retrieved from /home/airflow/.local/lib/python3.12/site-packages/airflow/example_dags/example_task_group_decorator.py
[2024-06-10T14:10:57.554+0000] {logging_mixin.py:188} INFO - [2024-06-10T14:10:57.554+0000] {dag.py:3096} INFO - Sync 1 DAGs
[2024-06-10T14:10:57.725+0000] {logging_mixin.py:188} INFO - [2024-06-10T14:10:57.725+0000] {dag.py:3954} INFO - Setting next_dagrun for example_task_group_decorator to 2024-06-09 00:00:00+00:00, run_after=2024-06-10 00:00:00+00:00
[2024-06-10T14:10:57.749+0000] {processor.py:183} INFO - Processing /home/airflow/.local/lib/python3.12/site-packages/airflow/example_dags/example_task_group_decorator.py took 0.240 seconds
[2024-06-10T14:11:28.610+0000] {processor.py:161} INFO - Started process (PID=630) to work on /home/airflow/.local/lib/python3.12/site-packages/airflow/example_dags/example_task_group_decorator.py
[2024-06-10T14:11:28.611+0000] {processor.py:830} INFO - Processing file /home/airflow/.local/lib/python3.12/site-packages/airflow/example_dags/example_task_group_decorator.py for tasks to queue
[2024-06-10T14:11:28.613+0000] {logging_mixin.py:188} INFO - [2024-06-10T14:11:28.613+0000] {dagbag.py:545} INFO - Filling up the DagBag from /home/airflow/.local/lib/python3.12/site-packages/airflow/example_dags/example_task_group_decorator.py
[2024-06-10T14:11:28.625+0000] {processor.py:840} INFO - DAG(s) 'example_task_group_decorator' retrieved from /home/airflow/.local/lib/python3.12/site-packages/airflow/example_dags/example_task_group_decorator.py
[2024-06-10T14:11:28.651+0000] {logging_mixin.py:188} INFO - [2024-06-10T14:11:28.651+0000] {dag.py:3096} INFO - Sync 1 DAGs
[2024-06-10T14:11:28.673+0000] {logging_mixin.py:188} INFO - [2024-06-10T14:11:28.673+0000] {dag.py:3954} INFO - Setting next_dagrun for example_task_group_decorator to 2024-06-09 00:00:00+00:00, run_after=2024-06-10 00:00:00+00:00
[2024-06-10T14:11:28.822+0000] {processor.py:183} INFO - Processing /home/airflow/.local/lib/python3.12/site-packages/airflow/example_dags/example_task_group_decorator.py took 0.217 seconds
[2024-06-10T14:11:59.322+0000] {processor.py:161} INFO - Started process (PID=699) to work on /home/airflow/.local/lib/python3.12/site-packages/airflow/example_dags/example_task_group_decorator.py
[2024-06-10T14:11:59.324+0000] {processor.py:830} INFO - Processing file /home/airflow/.local/lib/python3.12/site-packages/airflow/example_dags/example_task_group_decorator.py for tasks to queue
[2024-06-10T14:11:59.326+0000] {logging_mixin.py:188} INFO - [2024-06-10T14:11:59.326+0000] {dagbag.py:545} INFO - Filling up the DagBag from /home/airflow/.local/lib/python3.12/site-packages/airflow/example_dags/example_task_group_decorator.py
[2024-06-10T14:11:59.340+0000] {processor.py:840} INFO - DAG(s) 'example_task_group_decorator' retrieved from /home/airflow/.local/lib/python3.12/site-packages/airflow/example_dags/example_task_group_decorator.py
[2024-06-10T14:11:59.365+0000] {logging_mixin.py:188} INFO - [2024-06-10T14:11:59.364+0000] {dag.py:3096} INFO - Sync 1 DAGs
[2024-06-10T14:11:59.386+0000] {logging_mixin.py:188} INFO - [2024-06-10T14:11:59.386+0000] {dag.py:3954} INFO - Setting next_dagrun for example_task_group_decorator to 2024-06-09 00:00:00+00:00, run_after=2024-06-10 00:00:00+00:00
[2024-06-10T14:11:59.565+0000] {processor.py:183} INFO - Processing /home/airflow/.local/lib/python3.12/site-packages/airflow/example_dags/example_task_group_decorator.py took 0.249 seconds
[2024-06-10T14:12:30.905+0000] {processor.py:161} INFO - Started process (PID=768) to work on /home/airflow/.local/lib/python3.12/site-packages/airflow/example_dags/example_task_group_decorator.py
[2024-06-10T14:12:30.907+0000] {processor.py:830} INFO - Processing file /home/airflow/.local/lib/python3.12/site-packages/airflow/example_dags/example_task_group_decorator.py for tasks to queue
[2024-06-10T14:12:30.909+0000] {logging_mixin.py:188} INFO - [2024-06-10T14:12:30.909+0000] {dagbag.py:545} INFO - Filling up the DagBag from /home/airflow/.local/lib/python3.12/site-packages/airflow/example_dags/example_task_group_decorator.py
[2024-06-10T14:12:30.949+0000] {processor.py:840} INFO - DAG(s) 'example_task_group_decorator' retrieved from /home/airflow/.local/lib/python3.12/site-packages/airflow/example_dags/example_task_group_decorator.py
[2024-06-10T14:12:31.001+0000] {logging_mixin.py:188} INFO - [2024-06-10T14:12:31.000+0000] {dag.py:3096} INFO - Sync 1 DAGs
[2024-06-10T14:12:31.033+0000] {logging_mixin.py:188} INFO - [2024-06-10T14:12:31.032+0000] {dag.py:3954} INFO - Setting next_dagrun for example_task_group_decorator to 2024-06-09 00:00:00+00:00, run_after=2024-06-10 00:00:00+00:00
[2024-06-10T14:12:31.282+0000] {processor.py:183} INFO - Processing /home/airflow/.local/lib/python3.12/site-packages/airflow/example_dags/example_task_group_decorator.py took 0.385 seconds
[2024-06-10T14:13:01.379+0000] {processor.py:161} INFO - Started process (PID=837) to work on /home/airflow/.local/lib/python3.12/site-packages/airflow/example_dags/example_task_group_decorator.py
[2024-06-10T14:13:01.381+0000] {processor.py:830} INFO - Processing file /home/airflow/.local/lib/python3.12/site-packages/airflow/example_dags/example_task_group_decorator.py for tasks to queue
[2024-06-10T14:13:01.383+0000] {logging_mixin.py:188} INFO - [2024-06-10T14:13:01.383+0000] {dagbag.py:545} INFO - Filling up the DagBag from /home/airflow/.local/lib/python3.12/site-packages/airflow/example_dags/example_task_group_decorator.py
[2024-06-10T14:13:01.397+0000] {processor.py:840} INFO - DAG(s) 'example_task_group_decorator' retrieved from /home/airflow/.local/lib/python3.12/site-packages/airflow/example_dags/example_task_group_decorator.py
[2024-06-10T14:13:01.421+0000] {logging_mixin.py:188} INFO - [2024-06-10T14:13:01.421+0000] {dag.py:3096} INFO - Sync 1 DAGs
[2024-06-10T14:13:01.441+0000] {logging_mixin.py:188} INFO - [2024-06-10T14:13:01.441+0000] {dag.py:3954} INFO - Setting next_dagrun for example_task_group_decorator to 2024-06-09 00:00:00+00:00, run_after=2024-06-10 00:00:00+00:00
[2024-06-10T14:13:01.466+0000] {processor.py:183} INFO - Processing /home/airflow/.local/lib/python3.12/site-packages/airflow/example_dags/example_task_group_decorator.py took 0.092 seconds
[2024-06-10T14:13:31.641+0000] {processor.py:161} INFO - Started process (PID=906) to work on /home/airflow/.local/lib/python3.12/site-packages/airflow/example_dags/example_task_group_decorator.py
[2024-06-10T14:13:31.643+0000] {processor.py:830} INFO - Processing file /home/airflow/.local/lib/python3.12/site-packages/airflow/example_dags/example_task_group_decorator.py for tasks to queue
[2024-06-10T14:13:31.645+0000] {logging_mixin.py:188} INFO - [2024-06-10T14:13:31.645+0000] {dagbag.py:545} INFO - Filling up the DagBag from /home/airflow/.local/lib/python3.12/site-packages/airflow/example_dags/example_task_group_decorator.py
[2024-06-10T14:13:31.660+0000] {processor.py:840} INFO - DAG(s) 'example_task_group_decorator' retrieved from /home/airflow/.local/lib/python3.12/site-packages/airflow/example_dags/example_task_group_decorator.py
[2024-06-10T14:13:31.689+0000] {logging_mixin.py:188} INFO - [2024-06-10T14:13:31.688+0000] {dag.py:3096} INFO - Sync 1 DAGs
[2024-06-10T14:13:31.712+0000] {logging_mixin.py:188} INFO - [2024-06-10T14:13:31.712+0000] {dag.py:3954} INFO - Setting next_dagrun for example_task_group_decorator to 2024-06-09 00:00:00+00:00, run_after=2024-06-10 00:00:00+00:00
[2024-06-10T14:13:31.737+0000] {processor.py:183} INFO - Processing /home/airflow/.local/lib/python3.12/site-packages/airflow/example_dags/example_task_group_decorator.py took 0.102 seconds
[2024-06-10T14:14:02.096+0000] {processor.py:161} INFO - Started process (PID=975) to work on /home/airflow/.local/lib/python3.12/site-packages/airflow/example_dags/example_task_group_decorator.py
[2024-06-10T14:14:02.098+0000] {processor.py:830} INFO - Processing file /home/airflow/.local/lib/python3.12/site-packages/airflow/example_dags/example_task_group_decorator.py for tasks to queue
[2024-06-10T14:14:02.100+0000] {logging_mixin.py:188} INFO - [2024-06-10T14:14:02.099+0000] {dagbag.py:545} INFO - Filling up the DagBag from /home/airflow/.local/lib/python3.12/site-packages/airflow/example_dags/example_task_group_decorator.py
[2024-06-10T14:14:02.113+0000] {processor.py:840} INFO - DAG(s) 'example_task_group_decorator' retrieved from /home/airflow/.local/lib/python3.12/site-packages/airflow/example_dags/example_task_group_decorator.py
[2024-06-10T14:14:02.137+0000] {logging_mixin.py:188} INFO - [2024-06-10T14:14:02.137+0000] {dag.py:3096} INFO - Sync 1 DAGs
[2024-06-10T14:14:02.181+0000] {logging_mixin.py:188} INFO - [2024-06-10T14:14:02.180+0000] {dag.py:3954} INFO - Setting next_dagrun for example_task_group_decorator to 2024-06-09 00:00:00+00:00, run_after=2024-06-10 00:00:00+00:00
[2024-06-10T14:14:02.204+0000] {processor.py:183} INFO - Processing /home/airflow/.local/lib/python3.12/site-packages/airflow/example_dags/example_task_group_decorator.py took 0.113 seconds
[2024-06-10T14:14:32.998+0000] {processor.py:161} INFO - Started process (PID=1044) to work on /home/airflow/.local/lib/python3.12/site-packages/airflow/example_dags/example_task_group_decorator.py
[2024-06-10T14:14:32.999+0000] {processor.py:830} INFO - Processing file /home/airflow/.local/lib/python3.12/site-packages/airflow/example_dags/example_task_group_decorator.py for tasks to queue
[2024-06-10T14:14:33.001+0000] {logging_mixin.py:188} INFO - [2024-06-10T14:14:33.001+0000] {dagbag.py:545} INFO - Filling up the DagBag from /home/airflow/.local/lib/python3.12/site-packages/airflow/example_dags/example_task_group_decorator.py
[2024-06-10T14:14:33.015+0000] {processor.py:840} INFO - DAG(s) 'example_task_group_decorator' retrieved from /home/airflow/.local/lib/python3.12/site-packages/airflow/example_dags/example_task_group_decorator.py
[2024-06-10T14:14:33.039+0000] {logging_mixin.py:188} INFO - [2024-06-10T14:14:33.039+0000] {dag.py:3096} INFO - Sync 1 DAGs
[2024-06-10T14:14:33.062+0000] {logging_mixin.py:188} INFO - [2024-06-10T14:14:33.062+0000] {dag.py:3954} INFO - Setting next_dagrun for example_task_group_decorator to 2024-06-09 00:00:00+00:00, run_after=2024-06-10 00:00:00+00:00
[2024-06-10T14:14:33.081+0000] {processor.py:183} INFO - Processing /home/airflow/.local/lib/python3.12/site-packages/airflow/example_dags/example_task_group_decorator.py took 0.087 seconds
[2024-06-10T14:15:03.736+0000] {processor.py:161} INFO - Started process (PID=1114) to work on /home/airflow/.local/lib/python3.12/site-packages/airflow/example_dags/example_task_group_decorator.py
[2024-06-10T14:15:03.737+0000] {processor.py:830} INFO - Processing file /home/airflow/.local/lib/python3.12/site-packages/airflow/example_dags/example_task_group_decorator.py for tasks to queue
[2024-06-10T14:15:03.740+0000] {logging_mixin.py:188} INFO - [2024-06-10T14:15:03.739+0000] {dagbag.py:545} INFO - Filling up the DagBag from /home/airflow/.local/lib/python3.12/site-packages/airflow/example_dags/example_task_group_decorator.py
[2024-06-10T14:15:03.752+0000] {processor.py:840} INFO - DAG(s) 'example_task_group_decorator' retrieved from /home/airflow/.local/lib/python3.12/site-packages/airflow/example_dags/example_task_group_decorator.py
[2024-06-10T14:15:03.775+0000] {logging_mixin.py:188} INFO - [2024-06-10T14:15:03.775+0000] {dag.py:3096} INFO - Sync 1 DAGs
[2024-06-10T14:15:03.795+0000] {logging_mixin.py:188} INFO - [2024-06-10T14:15:03.795+0000] {dag.py:3954} INFO - Setting next_dagrun for example_task_group_decorator to 2024-06-09 00:00:00+00:00, run_after=2024-06-10 00:00:00+00:00
[2024-06-10T14:15:03.815+0000] {processor.py:183} INFO - Processing /home/airflow/.local/lib/python3.12/site-packages/airflow/example_dags/example_task_group_decorator.py took 0.084 seconds
[2024-06-10T14:15:33.888+0000] {processor.py:161} INFO - Started process (PID=1182) to work on /home/airflow/.local/lib/python3.12/site-packages/airflow/example_dags/example_task_group_decorator.py
[2024-06-10T14:15:33.890+0000] {processor.py:830} INFO - Processing file /home/airflow/.local/lib/python3.12/site-packages/airflow/example_dags/example_task_group_decorator.py for tasks to queue
[2024-06-10T14:15:33.891+0000] {logging_mixin.py:188} INFO - [2024-06-10T14:15:33.891+0000] {dagbag.py:545} INFO - Filling up the DagBag from /home/airflow/.local/lib/python3.12/site-packages/airflow/example_dags/example_task_group_decorator.py
[2024-06-10T14:15:33.907+0000] {processor.py:840} INFO - DAG(s) 'example_task_group_decorator' retrieved from /home/airflow/.local/lib/python3.12/site-packages/airflow/example_dags/example_task_group_decorator.py
[2024-06-10T14:15:33.935+0000] {logging_mixin.py:188} INFO - [2024-06-10T14:15:33.934+0000] {dag.py:3096} INFO - Sync 1 DAGs
[2024-06-10T14:15:33.956+0000] {logging_mixin.py:188} INFO - [2024-06-10T14:15:33.956+0000] {dag.py:3954} INFO - Setting next_dagrun for example_task_group_decorator to 2024-06-09 00:00:00+00:00, run_after=2024-06-10 00:00:00+00:00
[2024-06-10T14:15:33.977+0000] {processor.py:183} INFO - Processing /home/airflow/.local/lib/python3.12/site-packages/airflow/example_dags/example_task_group_decorator.py took 0.094 seconds
[2024-06-10T14:16:04.216+0000] {processor.py:161} INFO - Started process (PID=1242) to work on /home/airflow/.local/lib/python3.12/site-packages/airflow/example_dags/example_task_group_decorator.py
[2024-06-10T14:16:04.218+0000] {processor.py:830} INFO - Processing file /home/airflow/.local/lib/python3.12/site-packages/airflow/example_dags/example_task_group_decorator.py for tasks to queue
[2024-06-10T14:16:04.220+0000] {logging_mixin.py:188} INFO - [2024-06-10T14:16:04.219+0000] {dagbag.py:545} INFO - Filling up the DagBag from /home/airflow/.local/lib/python3.12/site-packages/airflow/example_dags/example_task_group_decorator.py
[2024-06-10T14:16:04.234+0000] {processor.py:840} INFO - DAG(s) 'example_task_group_decorator' retrieved from /home/airflow/.local/lib/python3.12/site-packages/airflow/example_dags/example_task_group_decorator.py
[2024-06-10T14:16:04.260+0000] {logging_mixin.py:188} INFO - [2024-06-10T14:16:04.260+0000] {dag.py:3096} INFO - Sync 1 DAGs
[2024-06-10T14:16:04.284+0000] {logging_mixin.py:188} INFO - [2024-06-10T14:16:04.284+0000] {dag.py:3954} INFO - Setting next_dagrun for example_task_group_decorator to 2024-06-09 00:00:00+00:00, run_after=2024-06-10 00:00:00+00:00
[2024-06-10T14:16:04.308+0000] {processor.py:183} INFO - Processing /home/airflow/.local/lib/python3.12/site-packages/airflow/example_dags/example_task_group_decorator.py took 0.097 seconds
[2024-06-10T14:16:34.622+0000] {processor.py:161} INFO - Started process (PID=1302) to work on /home/airflow/.local/lib/python3.12/site-packages/airflow/example_dags/example_task_group_decorator.py
[2024-06-10T14:16:34.623+0000] {processor.py:830} INFO - Processing file /home/airflow/.local/lib/python3.12/site-packages/airflow/example_dags/example_task_group_decorator.py for tasks to queue
[2024-06-10T14:16:34.624+0000] {logging_mixin.py:188} INFO - [2024-06-10T14:16:34.624+0000] {dagbag.py:545} INFO - Filling up the DagBag from /home/airflow/.local/lib/python3.12/site-packages/airflow/example_dags/example_task_group_decorator.py
[2024-06-10T14:16:34.644+0000] {processor.py:840} INFO - DAG(s) 'example_task_group_decorator' retrieved from /home/airflow/.local/lib/python3.12/site-packages/airflow/example_dags/example_task_group_decorator.py
[2024-06-10T14:16:34.673+0000] {logging_mixin.py:188} INFO - [2024-06-10T14:16:34.672+0000] {dag.py:3096} INFO - Sync 1 DAGs
[2024-06-10T14:16:34.697+0000] {logging_mixin.py:188} INFO - [2024-06-10T14:16:34.697+0000] {dag.py:3954} INFO - Setting next_dagrun for example_task_group_decorator to 2024-06-09 00:00:00+00:00, run_after=2024-06-10 00:00:00+00:00
[2024-06-10T14:16:34.720+0000] {processor.py:183} INFO - Processing /home/airflow/.local/lib/python3.12/site-packages/airflow/example_dags/example_task_group_decorator.py took 0.105 seconds
[2024-06-10T14:17:05.692+0000] {processor.py:161} INFO - Started process (PID=1362) to work on /home/airflow/.local/lib/python3.12/site-packages/airflow/example_dags/example_task_group_decorator.py
[2024-06-10T14:17:05.694+0000] {processor.py:830} INFO - Processing file /home/airflow/.local/lib/python3.12/site-packages/airflow/example_dags/example_task_group_decorator.py for tasks to queue
[2024-06-10T14:17:05.695+0000] {logging_mixin.py:188} INFO - [2024-06-10T14:17:05.695+0000] {dagbag.py:545} INFO - Filling up the DagBag from /home/airflow/.local/lib/python3.12/site-packages/airflow/example_dags/example_task_group_decorator.py
[2024-06-10T14:17:05.710+0000] {processor.py:840} INFO - DAG(s) 'example_task_group_decorator' retrieved from /home/airflow/.local/lib/python3.12/site-packages/airflow/example_dags/example_task_group_decorator.py
[2024-06-10T14:17:05.722+0000] {logging_mixin.py:188} INFO - [2024-06-10T14:17:05.721+0000] {dag.py:3096} INFO - Sync 1 DAGs
[2024-06-10T14:17:05.740+0000] {logging_mixin.py:188} INFO - [2024-06-10T14:17:05.740+0000] {dag.py:3954} INFO - Setting next_dagrun for example_task_group_decorator to 2024-06-09 00:00:00+00:00, run_after=2024-06-10 00:00:00+00:00
[2024-06-10T14:17:05.765+0000] {processor.py:183} INFO - Processing /home/airflow/.local/lib/python3.12/site-packages/airflow/example_dags/example_task_group_decorator.py took 0.077 seconds
[2024-06-10T14:17:41.816+0000] {processor.py:161} INFO - Started process (PID=1422) to work on /home/airflow/.local/lib/python3.12/site-packages/airflow/example_dags/example_task_group_decorator.py
[2024-06-10T14:17:41.818+0000] {processor.py:830} INFO - Processing file /home/airflow/.local/lib/python3.12/site-packages/airflow/example_dags/example_task_group_decorator.py for tasks to queue
[2024-06-10T14:17:41.820+0000] {logging_mixin.py:188} INFO - [2024-06-10T14:17:41.819+0000] {dagbag.py:545} INFO - Filling up the DagBag from /home/airflow/.local/lib/python3.12/site-packages/airflow/example_dags/example_task_group_decorator.py
[2024-06-10T14:17:41.840+0000] {processor.py:840} INFO - DAG(s) 'example_task_group_decorator' retrieved from /home/airflow/.local/lib/python3.12/site-packages/airflow/example_dags/example_task_group_decorator.py
[2024-06-10T14:17:41.993+0000] {logging_mixin.py:188} INFO - [2024-06-10T14:17:41.992+0000] {dag.py:3096} INFO - Sync 1 DAGs
[2024-06-10T14:17:42.027+0000] {logging_mixin.py:188} INFO - [2024-06-10T14:17:42.027+0000] {dag.py:3954} INFO - Setting next_dagrun for example_task_group_decorator to 2024-06-09 00:00:00+00:00, run_after=2024-06-10 00:00:00+00:00
[2024-06-10T14:17:42.053+0000] {processor.py:183} INFO - Processing /home/airflow/.local/lib/python3.12/site-packages/airflow/example_dags/example_task_group_decorator.py took 0.243 seconds
[2024-06-10T14:18:18.393+0000] {processor.py:161} INFO - Started process (PID=1482) to work on /home/airflow/.local/lib/python3.12/site-packages/airflow/example_dags/example_task_group_decorator.py
[2024-06-10T14:18:18.395+0000] {processor.py:830} INFO - Processing file /home/airflow/.local/lib/python3.12/site-packages/airflow/example_dags/example_task_group_decorator.py for tasks to queue
[2024-06-10T14:18:18.396+0000] {logging_mixin.py:188} INFO - [2024-06-10T14:18:18.396+0000] {dagbag.py:545} INFO - Filling up the DagBag from /home/airflow/.local/lib/python3.12/site-packages/airflow/example_dags/example_task_group_decorator.py
[2024-06-10T14:18:18.420+0000] {processor.py:840} INFO - DAG(s) 'example_task_group_decorator' retrieved from /home/airflow/.local/lib/python3.12/site-packages/airflow/example_dags/example_task_group_decorator.py
[2024-06-10T14:18:18.454+0000] {logging_mixin.py:188} INFO - [2024-06-10T14:18:18.453+0000] {dag.py:3096} INFO - Sync 1 DAGs
[2024-06-10T14:18:18.490+0000] {logging_mixin.py:188} INFO - [2024-06-10T14:18:18.490+0000] {dag.py:3954} INFO - Setting next_dagrun for example_task_group_decorator to 2024-06-09 00:00:00+00:00, run_after=2024-06-10 00:00:00+00:00
[2024-06-10T14:18:18.515+0000] {processor.py:183} INFO - Processing /home/airflow/.local/lib/python3.12/site-packages/airflow/example_dags/example_task_group_decorator.py took 0.130 seconds
[2024-06-10T14:18:48.760+0000] {processor.py:161} INFO - Started process (PID=1542) to work on /home/airflow/.local/lib/python3.12/site-packages/airflow/example_dags/example_task_group_decorator.py
[2024-06-10T14:18:48.762+0000] {processor.py:830} INFO - Processing file /home/airflow/.local/lib/python3.12/site-packages/airflow/example_dags/example_task_group_decorator.py for tasks to queue
[2024-06-10T14:18:48.763+0000] {logging_mixin.py:188} INFO - [2024-06-10T14:18:48.763+0000] {dagbag.py:545} INFO - Filling up the DagBag from /home/airflow/.local/lib/python3.12/site-packages/airflow/example_dags/example_task_group_decorator.py
[2024-06-10T14:18:48.779+0000] {processor.py:840} INFO - DAG(s) 'example_task_group_decorator' retrieved from /home/airflow/.local/lib/python3.12/site-packages/airflow/example_dags/example_task_group_decorator.py
[2024-06-10T14:18:48.794+0000] {logging_mixin.py:188} INFO - [2024-06-10T14:18:48.794+0000] {dag.py:3096} INFO - Sync 1 DAGs
[2024-06-10T14:18:48.818+0000] {logging_mixin.py:188} INFO - [2024-06-10T14:18:48.818+0000] {dag.py:3954} INFO - Setting next_dagrun for example_task_group_decorator to 2024-06-09 00:00:00+00:00, run_after=2024-06-10 00:00:00+00:00
[2024-06-10T14:18:48.841+0000] {processor.py:183} INFO - Processing /home/airflow/.local/lib/python3.12/site-packages/airflow/example_dags/example_task_group_decorator.py took 0.087 seconds
[2024-06-10T14:19:19.788+0000] {processor.py:161} INFO - Started process (PID=1602) to work on /home/airflow/.local/lib/python3.12/site-packages/airflow/example_dags/example_task_group_decorator.py
[2024-06-10T14:19:19.790+0000] {processor.py:830} INFO - Processing file /home/airflow/.local/lib/python3.12/site-packages/airflow/example_dags/example_task_group_decorator.py for tasks to queue
[2024-06-10T14:19:19.791+0000] {logging_mixin.py:188} INFO - [2024-06-10T14:19:19.790+0000] {dagbag.py:545} INFO - Filling up the DagBag from /home/airflow/.local/lib/python3.12/site-packages/airflow/example_dags/example_task_group_decorator.py
[2024-06-10T14:19:19.809+0000] {processor.py:840} INFO - DAG(s) 'example_task_group_decorator' retrieved from /home/airflow/.local/lib/python3.12/site-packages/airflow/example_dags/example_task_group_decorator.py
[2024-06-10T14:19:19.936+0000] {logging_mixin.py:188} INFO - [2024-06-10T14:19:19.936+0000] {dag.py:3096} INFO - Sync 1 DAGs
[2024-06-10T14:19:19.959+0000] {logging_mixin.py:188} INFO - [2024-06-10T14:19:19.959+0000] {dag.py:3954} INFO - Setting next_dagrun for example_task_group_decorator to 2024-06-09 00:00:00+00:00, run_after=2024-06-10 00:00:00+00:00
[2024-06-10T14:19:19.983+0000] {processor.py:183} INFO - Processing /home/airflow/.local/lib/python3.12/site-packages/airflow/example_dags/example_task_group_decorator.py took 0.201 seconds
[2024-06-10T14:19:50.740+0000] {processor.py:161} INFO - Started process (PID=1662) to work on /home/airflow/.local/lib/python3.12/site-packages/airflow/example_dags/example_task_group_decorator.py
[2024-06-10T14:19:50.741+0000] {processor.py:830} INFO - Processing file /home/airflow/.local/lib/python3.12/site-packages/airflow/example_dags/example_task_group_decorator.py for tasks to queue
[2024-06-10T14:19:50.742+0000] {logging_mixin.py:188} INFO - [2024-06-10T14:19:50.742+0000] {dagbag.py:545} INFO - Filling up the DagBag from /home/airflow/.local/lib/python3.12/site-packages/airflow/example_dags/example_task_group_decorator.py
[2024-06-10T14:19:50.755+0000] {processor.py:840} INFO - DAG(s) 'example_task_group_decorator' retrieved from /home/airflow/.local/lib/python3.12/site-packages/airflow/example_dags/example_task_group_decorator.py
[2024-06-10T14:19:50.781+0000] {logging_mixin.py:188} INFO - [2024-06-10T14:19:50.780+0000] {dag.py:3096} INFO - Sync 1 DAGs
[2024-06-10T14:19:50.801+0000] {logging_mixin.py:188} INFO - [2024-06-10T14:19:50.801+0000] {dag.py:3954} INFO - Setting next_dagrun for example_task_group_decorator to 2024-06-09 00:00:00+00:00, run_after=2024-06-10 00:00:00+00:00
[2024-06-10T14:19:50.820+0000] {processor.py:183} INFO - Processing /home/airflow/.local/lib/python3.12/site-packages/airflow/example_dags/example_task_group_decorator.py took 0.087 seconds
[2024-06-10T14:20:20.882+0000] {processor.py:161} INFO - Started process (PID=1720) to work on /home/airflow/.local/lib/python3.12/site-packages/airflow/example_dags/example_task_group_decorator.py
[2024-06-10T14:20:20.883+0000] {processor.py:830} INFO - Processing file /home/airflow/.local/lib/python3.12/site-packages/airflow/example_dags/example_task_group_decorator.py for tasks to queue
[2024-06-10T14:20:20.884+0000] {logging_mixin.py:188} INFO - [2024-06-10T14:20:20.884+0000] {dagbag.py:545} INFO - Filling up the DagBag from /home/airflow/.local/lib/python3.12/site-packages/airflow/example_dags/example_task_group_decorator.py
[2024-06-10T14:20:20.899+0000] {processor.py:840} INFO - DAG(s) 'example_task_group_decorator' retrieved from /home/airflow/.local/lib/python3.12/site-packages/airflow/example_dags/example_task_group_decorator.py
[2024-06-10T14:20:20.926+0000] {logging_mixin.py:188} INFO - [2024-06-10T14:20:20.925+0000] {dag.py:3096} INFO - Sync 1 DAGs
[2024-06-10T14:20:20.951+0000] {logging_mixin.py:188} INFO - [2024-06-10T14:20:20.950+0000] {dag.py:3954} INFO - Setting next_dagrun for example_task_group_decorator to 2024-06-09 00:00:00+00:00, run_after=2024-06-10 00:00:00+00:00
[2024-06-10T14:20:20.973+0000] {processor.py:183} INFO - Processing /home/airflow/.local/lib/python3.12/site-packages/airflow/example_dags/example_task_group_decorator.py took 0.097 seconds
[2024-06-10T14:20:51.211+0000] {processor.py:161} INFO - Started process (PID=1780) to work on /home/airflow/.local/lib/python3.12/site-packages/airflow/example_dags/example_task_group_decorator.py
[2024-06-10T14:20:51.212+0000] {processor.py:830} INFO - Processing file /home/airflow/.local/lib/python3.12/site-packages/airflow/example_dags/example_task_group_decorator.py for tasks to queue
[2024-06-10T14:20:51.213+0000] {logging_mixin.py:188} INFO - [2024-06-10T14:20:51.213+0000] {dagbag.py:545} INFO - Filling up the DagBag from /home/airflow/.local/lib/python3.12/site-packages/airflow/example_dags/example_task_group_decorator.py
[2024-06-10T14:20:51.228+0000] {processor.py:840} INFO - DAG(s) 'example_task_group_decorator' retrieved from /home/airflow/.local/lib/python3.12/site-packages/airflow/example_dags/example_task_group_decorator.py
[2024-06-10T14:20:51.255+0000] {logging_mixin.py:188} INFO - [2024-06-10T14:20:51.255+0000] {dag.py:3096} INFO - Sync 1 DAGs
[2024-06-10T14:20:51.277+0000] {logging_mixin.py:188} INFO - [2024-06-10T14:20:51.277+0000] {dag.py:3954} INFO - Setting next_dagrun for example_task_group_decorator to 2024-06-09 00:00:00+00:00, run_after=2024-06-10 00:00:00+00:00
[2024-06-10T14:20:51.299+0000] {processor.py:183} INFO - Processing /home/airflow/.local/lib/python3.12/site-packages/airflow/example_dags/example_task_group_decorator.py took 0.094 seconds
[2024-06-10T14:21:21.654+0000] {processor.py:161} INFO - Started process (PID=1840) to work on /home/airflow/.local/lib/python3.12/site-packages/airflow/example_dags/example_task_group_decorator.py
[2024-06-10T14:21:21.655+0000] {processor.py:830} INFO - Processing file /home/airflow/.local/lib/python3.12/site-packages/airflow/example_dags/example_task_group_decorator.py for tasks to queue
[2024-06-10T14:21:21.656+0000] {logging_mixin.py:188} INFO - [2024-06-10T14:21:21.656+0000] {dagbag.py:545} INFO - Filling up the DagBag from /home/airflow/.local/lib/python3.12/site-packages/airflow/example_dags/example_task_group_decorator.py
[2024-06-10T14:21:21.670+0000] {processor.py:840} INFO - DAG(s) 'example_task_group_decorator' retrieved from /home/airflow/.local/lib/python3.12/site-packages/airflow/example_dags/example_task_group_decorator.py
[2024-06-10T14:21:21.693+0000] {logging_mixin.py:188} INFO - [2024-06-10T14:21:21.693+0000] {dag.py:3096} INFO - Sync 1 DAGs
[2024-06-10T14:21:21.713+0000] {logging_mixin.py:188} INFO - [2024-06-10T14:21:21.712+0000] {dag.py:3954} INFO - Setting next_dagrun for example_task_group_decorator to 2024-06-09 00:00:00+00:00, run_after=2024-06-10 00:00:00+00:00
[2024-06-10T14:21:21.733+0000] {processor.py:183} INFO - Processing /home/airflow/.local/lib/python3.12/site-packages/airflow/example_dags/example_task_group_decorator.py took 0.084 seconds
[2024-06-10T14:21:51.898+0000] {processor.py:161} INFO - Started process (PID=1900) to work on /home/airflow/.local/lib/python3.12/site-packages/airflow/example_dags/example_task_group_decorator.py
[2024-06-10T14:21:51.900+0000] {processor.py:830} INFO - Processing file /home/airflow/.local/lib/python3.12/site-packages/airflow/example_dags/example_task_group_decorator.py for tasks to queue
[2024-06-10T14:21:51.902+0000] {logging_mixin.py:188} INFO - [2024-06-10T14:21:51.902+0000] {dagbag.py:545} INFO - Filling up the DagBag from /home/airflow/.local/lib/python3.12/site-packages/airflow/example_dags/example_task_group_decorator.py
[2024-06-10T14:21:51.919+0000] {processor.py:840} INFO - DAG(s) 'example_task_group_decorator' retrieved from /home/airflow/.local/lib/python3.12/site-packages/airflow/example_dags/example_task_group_decorator.py
[2024-06-10T14:21:51.949+0000] {logging_mixin.py:188} INFO - [2024-06-10T14:21:51.949+0000] {dag.py:3096} INFO - Sync 1 DAGs
[2024-06-10T14:21:51.974+0000] {logging_mixin.py:188} INFO - [2024-06-10T14:21:51.974+0000] {dag.py:3954} INFO - Setting next_dagrun for example_task_group_decorator to 2024-06-09 00:00:00+00:00, run_after=2024-06-10 00:00:00+00:00
[2024-06-10T14:21:52.265+0000] {processor.py:183} INFO - Processing /home/airflow/.local/lib/python3.12/site-packages/airflow/example_dags/example_task_group_decorator.py took 0.377 seconds
[2024-06-10T14:26:16.853+0000] {processor.py:161} INFO - Started process (PID=68) to work on /home/airflow/.local/lib/python3.12/site-packages/airflow/example_dags/example_task_group_decorator.py
[2024-06-10T14:26:16.854+0000] {processor.py:830} INFO - Processing file /home/airflow/.local/lib/python3.12/site-packages/airflow/example_dags/example_task_group_decorator.py for tasks to queue
[2024-06-10T14:26:16.857+0000] {logging_mixin.py:188} INFO - [2024-06-10T14:26:16.856+0000] {dagbag.py:545} INFO - Filling up the DagBag from /home/airflow/.local/lib/python3.12/site-packages/airflow/example_dags/example_task_group_decorator.py
[2024-06-10T14:26:16.872+0000] {processor.py:840} INFO - DAG(s) 'example_task_group_decorator' retrieved from /home/airflow/.local/lib/python3.12/site-packages/airflow/example_dags/example_task_group_decorator.py
[2024-06-10T14:26:16.979+0000] {logging_mixin.py:188} INFO - [2024-06-10T14:26:16.979+0000] {override.py:1829} INFO - Created Permission View: can delete on DAG:example_task_group_decorator
[2024-06-10T14:26:16.993+0000] {logging_mixin.py:188} INFO - [2024-06-10T14:26:16.993+0000] {override.py:1829} INFO - Created Permission View: can read on DAG:example_task_group_decorator
[2024-06-10T14:26:17.003+0000] {logging_mixin.py:188} INFO - [2024-06-10T14:26:17.003+0000] {override.py:1829} INFO - Created Permission View: can edit on DAG:example_task_group_decorator
[2024-06-10T14:26:17.004+0000] {logging_mixin.py:188} INFO - [2024-06-10T14:26:17.004+0000] {dag.py:3096} INFO - Sync 1 DAGs
[2024-06-10T14:26:17.017+0000] {logging_mixin.py:188} INFO - [2024-06-10T14:26:17.017+0000] {dag.py:3118} INFO - Creating ORM DAG for example_task_group_decorator
[2024-06-10T14:26:17.028+0000] {logging_mixin.py:188} INFO - [2024-06-10T14:26:17.028+0000] {dag.py:3954} INFO - Setting next_dagrun for example_task_group_decorator to 2024-06-09 00:00:00+00:00, run_after=2024-06-10 00:00:00+00:00
[2024-06-10T14:26:17.049+0000] {processor.py:183} INFO - Processing /home/airflow/.local/lib/python3.12/site-packages/airflow/example_dags/example_task_group_decorator.py took 0.201 seconds
[2024-06-10T14:26:47.492+0000] {processor.py:161} INFO - Started process (PID=128) to work on /home/airflow/.local/lib/python3.12/site-packages/airflow/example_dags/example_task_group_decorator.py
[2024-06-10T14:26:47.494+0000] {processor.py:830} INFO - Processing file /home/airflow/.local/lib/python3.12/site-packages/airflow/example_dags/example_task_group_decorator.py for tasks to queue
[2024-06-10T14:26:47.496+0000] {logging_mixin.py:188} INFO - [2024-06-10T14:26:47.496+0000] {dagbag.py:545} INFO - Filling up the DagBag from /home/airflow/.local/lib/python3.12/site-packages/airflow/example_dags/example_task_group_decorator.py
[2024-06-10T14:26:47.512+0000] {processor.py:840} INFO - DAG(s) 'example_task_group_decorator' retrieved from /home/airflow/.local/lib/python3.12/site-packages/airflow/example_dags/example_task_group_decorator.py
[2024-06-10T14:26:47.529+0000] {logging_mixin.py:188} INFO - [2024-06-10T14:26:47.529+0000] {dag.py:3096} INFO - Sync 1 DAGs
[2024-06-10T14:26:47.561+0000] {logging_mixin.py:188} INFO - [2024-06-10T14:26:47.561+0000] {dag.py:3954} INFO - Setting next_dagrun for example_task_group_decorator to 2024-06-09 00:00:00+00:00, run_after=2024-06-10 00:00:00+00:00
[2024-06-10T14:26:47.592+0000] {processor.py:183} INFO - Processing /home/airflow/.local/lib/python3.12/site-packages/airflow/example_dags/example_task_group_decorator.py took 0.106 seconds
[2024-06-10T14:27:17.813+0000] {processor.py:161} INFO - Started process (PID=188) to work on /home/airflow/.local/lib/python3.12/site-packages/airflow/example_dags/example_task_group_decorator.py
[2024-06-10T14:27:17.814+0000] {processor.py:830} INFO - Processing file /home/airflow/.local/lib/python3.12/site-packages/airflow/example_dags/example_task_group_decorator.py for tasks to queue
[2024-06-10T14:27:17.817+0000] {logging_mixin.py:188} INFO - [2024-06-10T14:27:17.817+0000] {dagbag.py:545} INFO - Filling up the DagBag from /home/airflow/.local/lib/python3.12/site-packages/airflow/example_dags/example_task_group_decorator.py
[2024-06-10T14:27:17.835+0000] {processor.py:840} INFO - DAG(s) 'example_task_group_decorator' retrieved from /home/airflow/.local/lib/python3.12/site-packages/airflow/example_dags/example_task_group_decorator.py
[2024-06-10T14:27:17.958+0000] {logging_mixin.py:188} INFO - [2024-06-10T14:27:17.958+0000] {dag.py:3096} INFO - Sync 1 DAGs
[2024-06-10T14:27:17.983+0000] {logging_mixin.py:188} INFO - [2024-06-10T14:27:17.983+0000] {dag.py:3954} INFO - Setting next_dagrun for example_task_group_decorator to 2024-06-09 00:00:00+00:00, run_after=2024-06-10 00:00:00+00:00
[2024-06-10T14:27:18.007+0000] {processor.py:183} INFO - Processing /home/airflow/.local/lib/python3.12/site-packages/airflow/example_dags/example_task_group_decorator.py took 0.200 seconds
[2024-06-10T14:27:48.538+0000] {processor.py:161} INFO - Started process (PID=248) to work on /home/airflow/.local/lib/python3.12/site-packages/airflow/example_dags/example_task_group_decorator.py
[2024-06-10T14:27:48.539+0000] {processor.py:830} INFO - Processing file /home/airflow/.local/lib/python3.12/site-packages/airflow/example_dags/example_task_group_decorator.py for tasks to queue
[2024-06-10T14:27:48.541+0000] {logging_mixin.py:188} INFO - [2024-06-10T14:27:48.541+0000] {dagbag.py:545} INFO - Filling up the DagBag from /home/airflow/.local/lib/python3.12/site-packages/airflow/example_dags/example_task_group_decorator.py
[2024-06-10T14:27:48.563+0000] {processor.py:840} INFO - DAG(s) 'example_task_group_decorator' retrieved from /home/airflow/.local/lib/python3.12/site-packages/airflow/example_dags/example_task_group_decorator.py
[2024-06-10T14:27:48.596+0000] {logging_mixin.py:188} INFO - [2024-06-10T14:27:48.596+0000] {dag.py:3096} INFO - Sync 1 DAGs
[2024-06-10T14:27:48.622+0000] {logging_mixin.py:188} INFO - [2024-06-10T14:27:48.621+0000] {dag.py:3954} INFO - Setting next_dagrun for example_task_group_decorator to 2024-06-09 00:00:00+00:00, run_after=2024-06-10 00:00:00+00:00
[2024-06-10T14:27:48.643+0000] {processor.py:183} INFO - Processing /home/airflow/.local/lib/python3.12/site-packages/airflow/example_dags/example_task_group_decorator.py took 0.111 seconds
[2024-06-10T14:28:18.869+0000] {processor.py:161} INFO - Started process (PID=307) to work on /home/airflow/.local/lib/python3.12/site-packages/airflow/example_dags/example_task_group_decorator.py
[2024-06-10T14:28:18.870+0000] {processor.py:830} INFO - Processing file /home/airflow/.local/lib/python3.12/site-packages/airflow/example_dags/example_task_group_decorator.py for tasks to queue
[2024-06-10T14:28:18.872+0000] {logging_mixin.py:188} INFO - [2024-06-10T14:28:18.872+0000] {dagbag.py:545} INFO - Filling up the DagBag from /home/airflow/.local/lib/python3.12/site-packages/airflow/example_dags/example_task_group_decorator.py
[2024-06-10T14:28:18.884+0000] {processor.py:840} INFO - DAG(s) 'example_task_group_decorator' retrieved from /home/airflow/.local/lib/python3.12/site-packages/airflow/example_dags/example_task_group_decorator.py
[2024-06-10T14:28:18.908+0000] {logging_mixin.py:188} INFO - [2024-06-10T14:28:18.907+0000] {dag.py:3096} INFO - Sync 1 DAGs
[2024-06-10T14:28:18.928+0000] {logging_mixin.py:188} INFO - [2024-06-10T14:28:18.928+0000] {dag.py:3954} INFO - Setting next_dagrun for example_task_group_decorator to 2024-06-09 00:00:00+00:00, run_after=2024-06-10 00:00:00+00:00
[2024-06-10T14:28:18.972+0000] {processor.py:183} INFO - Processing /home/airflow/.local/lib/python3.12/site-packages/airflow/example_dags/example_task_group_decorator.py took 0.108 seconds
[2024-06-10T14:28:49.940+0000] {processor.py:161} INFO - Started process (PID=367) to work on /home/airflow/.local/lib/python3.12/site-packages/airflow/example_dags/example_task_group_decorator.py
[2024-06-10T14:28:49.942+0000] {processor.py:830} INFO - Processing file /home/airflow/.local/lib/python3.12/site-packages/airflow/example_dags/example_task_group_decorator.py for tasks to queue
[2024-06-10T14:28:49.946+0000] {logging_mixin.py:188} INFO - [2024-06-10T14:28:49.945+0000] {dagbag.py:545} INFO - Filling up the DagBag from /home/airflow/.local/lib/python3.12/site-packages/airflow/example_dags/example_task_group_decorator.py
[2024-06-10T14:28:49.962+0000] {processor.py:840} INFO - DAG(s) 'example_task_group_decorator' retrieved from /home/airflow/.local/lib/python3.12/site-packages/airflow/example_dags/example_task_group_decorator.py
[2024-06-10T14:28:49.992+0000] {logging_mixin.py:188} INFO - [2024-06-10T14:28:49.992+0000] {dag.py:3096} INFO - Sync 1 DAGs
[2024-06-10T14:28:50.020+0000] {logging_mixin.py:188} INFO - [2024-06-10T14:28:50.020+0000] {dag.py:3954} INFO - Setting next_dagrun for example_task_group_decorator to 2024-06-09 00:00:00+00:00, run_after=2024-06-10 00:00:00+00:00
[2024-06-10T14:28:50.047+0000] {processor.py:183} INFO - Processing /home/airflow/.local/lib/python3.12/site-packages/airflow/example_dags/example_task_group_decorator.py took 0.115 seconds
[2024-06-10T14:29:20.311+0000] {processor.py:161} INFO - Started process (PID=427) to work on /home/airflow/.local/lib/python3.12/site-packages/airflow/example_dags/example_task_group_decorator.py
[2024-06-10T14:29:20.312+0000] {processor.py:830} INFO - Processing file /home/airflow/.local/lib/python3.12/site-packages/airflow/example_dags/example_task_group_decorator.py for tasks to queue
[2024-06-10T14:29:20.314+0000] {logging_mixin.py:188} INFO - [2024-06-10T14:29:20.314+0000] {dagbag.py:545} INFO - Filling up the DagBag from /home/airflow/.local/lib/python3.12/site-packages/airflow/example_dags/example_task_group_decorator.py
[2024-06-10T14:29:20.330+0000] {processor.py:840} INFO - DAG(s) 'example_task_group_decorator' retrieved from /home/airflow/.local/lib/python3.12/site-packages/airflow/example_dags/example_task_group_decorator.py
[2024-06-10T14:29:20.359+0000] {logging_mixin.py:188} INFO - [2024-06-10T14:29:20.358+0000] {dag.py:3096} INFO - Sync 1 DAGs
[2024-06-10T14:29:20.382+0000] {logging_mixin.py:188} INFO - [2024-06-10T14:29:20.382+0000] {dag.py:3954} INFO - Setting next_dagrun for example_task_group_decorator to 2024-06-09 00:00:00+00:00, run_after=2024-06-10 00:00:00+00:00
[2024-06-10T14:29:20.403+0000] {processor.py:183} INFO - Processing /home/airflow/.local/lib/python3.12/site-packages/airflow/example_dags/example_task_group_decorator.py took 0.097 seconds
[2024-06-10T14:29:50.796+0000] {processor.py:161} INFO - Started process (PID=487) to work on /home/airflow/.local/lib/python3.12/site-packages/airflow/example_dags/example_task_group_decorator.py
[2024-06-10T14:29:50.797+0000] {processor.py:830} INFO - Processing file /home/airflow/.local/lib/python3.12/site-packages/airflow/example_dags/example_task_group_decorator.py for tasks to queue
[2024-06-10T14:29:50.800+0000] {logging_mixin.py:188} INFO - [2024-06-10T14:29:50.799+0000] {dagbag.py:545} INFO - Filling up the DagBag from /home/airflow/.local/lib/python3.12/site-packages/airflow/example_dags/example_task_group_decorator.py
[2024-06-10T14:29:50.813+0000] {processor.py:840} INFO - DAG(s) 'example_task_group_decorator' retrieved from /home/airflow/.local/lib/python3.12/site-packages/airflow/example_dags/example_task_group_decorator.py
[2024-06-10T14:29:50.838+0000] {logging_mixin.py:188} INFO - [2024-06-10T14:29:50.838+0000] {dag.py:3096} INFO - Sync 1 DAGs
[2024-06-10T14:29:50.863+0000] {logging_mixin.py:188} INFO - [2024-06-10T14:29:50.863+0000] {dag.py:3954} INFO - Setting next_dagrun for example_task_group_decorator to 2024-06-09 00:00:00+00:00, run_after=2024-06-10 00:00:00+00:00
[2024-06-10T14:29:50.884+0000] {processor.py:183} INFO - Processing /home/airflow/.local/lib/python3.12/site-packages/airflow/example_dags/example_task_group_decorator.py took 0.093 seconds
[2024-06-10T14:30:21.245+0000] {processor.py:161} INFO - Started process (PID=547) to work on /home/airflow/.local/lib/python3.12/site-packages/airflow/example_dags/example_task_group_decorator.py
[2024-06-10T14:30:21.246+0000] {processor.py:830} INFO - Processing file /home/airflow/.local/lib/python3.12/site-packages/airflow/example_dags/example_task_group_decorator.py for tasks to queue
[2024-06-10T14:30:21.248+0000] {logging_mixin.py:188} INFO - [2024-06-10T14:30:21.248+0000] {dagbag.py:545} INFO - Filling up the DagBag from /home/airflow/.local/lib/python3.12/site-packages/airflow/example_dags/example_task_group_decorator.py
[2024-06-10T14:30:21.266+0000] {processor.py:840} INFO - DAG(s) 'example_task_group_decorator' retrieved from /home/airflow/.local/lib/python3.12/site-packages/airflow/example_dags/example_task_group_decorator.py
[2024-06-10T14:30:21.293+0000] {logging_mixin.py:188} INFO - [2024-06-10T14:30:21.293+0000] {dag.py:3096} INFO - Sync 1 DAGs
[2024-06-10T14:30:21.315+0000] {logging_mixin.py:188} INFO - [2024-06-10T14:30:21.315+0000] {dag.py:3954} INFO - Setting next_dagrun for example_task_group_decorator to 2024-06-09 00:00:00+00:00, run_after=2024-06-10 00:00:00+00:00
[2024-06-10T14:30:21.335+0000] {processor.py:183} INFO - Processing /home/airflow/.local/lib/python3.12/site-packages/airflow/example_dags/example_task_group_decorator.py took 0.098 seconds
[2024-06-10T14:30:51.947+0000] {processor.py:161} INFO - Started process (PID=607) to work on /home/airflow/.local/lib/python3.12/site-packages/airflow/example_dags/example_task_group_decorator.py
[2024-06-10T14:30:51.949+0000] {processor.py:830} INFO - Processing file /home/airflow/.local/lib/python3.12/site-packages/airflow/example_dags/example_task_group_decorator.py for tasks to queue
[2024-06-10T14:30:51.951+0000] {logging_mixin.py:188} INFO - [2024-06-10T14:30:51.950+0000] {dagbag.py:545} INFO - Filling up the DagBag from /home/airflow/.local/lib/python3.12/site-packages/airflow/example_dags/example_task_group_decorator.py
[2024-06-10T14:30:51.965+0000] {processor.py:840} INFO - DAG(s) 'example_task_group_decorator' retrieved from /home/airflow/.local/lib/python3.12/site-packages/airflow/example_dags/example_task_group_decorator.py
[2024-06-10T14:30:51.990+0000] {logging_mixin.py:188} INFO - [2024-06-10T14:30:51.990+0000] {dag.py:3096} INFO - Sync 1 DAGs
[2024-06-10T14:30:52.015+0000] {logging_mixin.py:188} INFO - [2024-06-10T14:30:52.014+0000] {dag.py:3954} INFO - Setting next_dagrun for example_task_group_decorator to 2024-06-09 00:00:00+00:00, run_after=2024-06-10 00:00:00+00:00
[2024-06-10T14:30:52.037+0000] {processor.py:183} INFO - Processing /home/airflow/.local/lib/python3.12/site-packages/airflow/example_dags/example_task_group_decorator.py took 0.095 seconds
[2024-06-10T14:31:22.273+0000] {processor.py:161} INFO - Started process (PID=667) to work on /home/airflow/.local/lib/python3.12/site-packages/airflow/example_dags/example_task_group_decorator.py
[2024-06-10T14:31:22.274+0000] {processor.py:830} INFO - Processing file /home/airflow/.local/lib/python3.12/site-packages/airflow/example_dags/example_task_group_decorator.py for tasks to queue
[2024-06-10T14:31:22.277+0000] {logging_mixin.py:188} INFO - [2024-06-10T14:31:22.276+0000] {dagbag.py:545} INFO - Filling up the DagBag from /home/airflow/.local/lib/python3.12/site-packages/airflow/example_dags/example_task_group_decorator.py
[2024-06-10T14:31:22.293+0000] {processor.py:840} INFO - DAG(s) 'example_task_group_decorator' retrieved from /home/airflow/.local/lib/python3.12/site-packages/airflow/example_dags/example_task_group_decorator.py
[2024-06-10T14:31:22.319+0000] {logging_mixin.py:188} INFO - [2024-06-10T14:31:22.319+0000] {dag.py:3096} INFO - Sync 1 DAGs
[2024-06-10T14:31:22.343+0000] {logging_mixin.py:188} INFO - [2024-06-10T14:31:22.343+0000] {dag.py:3954} INFO - Setting next_dagrun for example_task_group_decorator to 2024-06-09 00:00:00+00:00, run_after=2024-06-10 00:00:00+00:00
[2024-06-10T14:31:22.362+0000] {processor.py:183} INFO - Processing /home/airflow/.local/lib/python3.12/site-packages/airflow/example_dags/example_task_group_decorator.py took 0.095 seconds
[2024-06-10T14:31:52.897+0000] {processor.py:161} INFO - Started process (PID=727) to work on /home/airflow/.local/lib/python3.12/site-packages/airflow/example_dags/example_task_group_decorator.py
[2024-06-10T14:31:52.899+0000] {processor.py:830} INFO - Processing file /home/airflow/.local/lib/python3.12/site-packages/airflow/example_dags/example_task_group_decorator.py for tasks to queue
[2024-06-10T14:31:52.901+0000] {logging_mixin.py:188} INFO - [2024-06-10T14:31:52.900+0000] {dagbag.py:545} INFO - Filling up the DagBag from /home/airflow/.local/lib/python3.12/site-packages/airflow/example_dags/example_task_group_decorator.py
[2024-06-10T14:31:52.917+0000] {processor.py:840} INFO - DAG(s) 'example_task_group_decorator' retrieved from /home/airflow/.local/lib/python3.12/site-packages/airflow/example_dags/example_task_group_decorator.py
[2024-06-10T14:31:52.947+0000] {logging_mixin.py:188} INFO - [2024-06-10T14:31:52.947+0000] {dag.py:3096} INFO - Sync 1 DAGs
[2024-06-10T14:31:52.973+0000] {logging_mixin.py:188} INFO - [2024-06-10T14:31:52.973+0000] {dag.py:3954} INFO - Setting next_dagrun for example_task_group_decorator to 2024-06-09 00:00:00+00:00, run_after=2024-06-10 00:00:00+00:00
[2024-06-10T14:31:53.003+0000] {processor.py:183} INFO - Processing /home/airflow/.local/lib/python3.12/site-packages/airflow/example_dags/example_task_group_decorator.py took 0.113 seconds
[2024-06-10T14:32:23.331+0000] {processor.py:161} INFO - Started process (PID=787) to work on /home/airflow/.local/lib/python3.12/site-packages/airflow/example_dags/example_task_group_decorator.py
[2024-06-10T14:32:23.333+0000] {processor.py:830} INFO - Processing file /home/airflow/.local/lib/python3.12/site-packages/airflow/example_dags/example_task_group_decorator.py for tasks to queue
[2024-06-10T14:32:23.335+0000] {logging_mixin.py:188} INFO - [2024-06-10T14:32:23.334+0000] {dagbag.py:545} INFO - Filling up the DagBag from /home/airflow/.local/lib/python3.12/site-packages/airflow/example_dags/example_task_group_decorator.py
[2024-06-10T14:32:23.351+0000] {processor.py:840} INFO - DAG(s) 'example_task_group_decorator' retrieved from /home/airflow/.local/lib/python3.12/site-packages/airflow/example_dags/example_task_group_decorator.py
[2024-06-10T14:32:23.382+0000] {logging_mixin.py:188} INFO - [2024-06-10T14:32:23.382+0000] {dag.py:3096} INFO - Sync 1 DAGs
[2024-06-10T14:32:23.406+0000] {logging_mixin.py:188} INFO - [2024-06-10T14:32:23.406+0000] {dag.py:3954} INFO - Setting next_dagrun for example_task_group_decorator to 2024-06-09 00:00:00+00:00, run_after=2024-06-10 00:00:00+00:00
[2024-06-10T14:32:23.427+0000] {processor.py:183} INFO - Processing /home/airflow/.local/lib/python3.12/site-packages/airflow/example_dags/example_task_group_decorator.py took 0.101 seconds
[2024-06-10T14:32:53.937+0000] {processor.py:161} INFO - Started process (PID=847) to work on /home/airflow/.local/lib/python3.12/site-packages/airflow/example_dags/example_task_group_decorator.py
[2024-06-10T14:32:53.938+0000] {processor.py:830} INFO - Processing file /home/airflow/.local/lib/python3.12/site-packages/airflow/example_dags/example_task_group_decorator.py for tasks to queue
[2024-06-10T14:32:53.941+0000] {logging_mixin.py:188} INFO - [2024-06-10T14:32:53.941+0000] {dagbag.py:545} INFO - Filling up the DagBag from /home/airflow/.local/lib/python3.12/site-packages/airflow/example_dags/example_task_group_decorator.py
[2024-06-10T14:32:53.955+0000] {processor.py:840} INFO - DAG(s) 'example_task_group_decorator' retrieved from /home/airflow/.local/lib/python3.12/site-packages/airflow/example_dags/example_task_group_decorator.py
[2024-06-10T14:32:53.987+0000] {logging_mixin.py:188} INFO - [2024-06-10T14:32:53.986+0000] {dag.py:3096} INFO - Sync 1 DAGs
[2024-06-10T14:32:54.012+0000] {logging_mixin.py:188} INFO - [2024-06-10T14:32:54.012+0000] {dag.py:3954} INFO - Setting next_dagrun for example_task_group_decorator to 2024-06-09 00:00:00+00:00, run_after=2024-06-10 00:00:00+00:00
[2024-06-10T14:32:54.034+0000] {processor.py:183} INFO - Processing /home/airflow/.local/lib/python3.12/site-packages/airflow/example_dags/example_task_group_decorator.py took 0.105 seconds
[2024-06-10T14:33:24.871+0000] {processor.py:161} INFO - Started process (PID=907) to work on /home/airflow/.local/lib/python3.12/site-packages/airflow/example_dags/example_task_group_decorator.py
[2024-06-10T14:33:24.872+0000] {processor.py:830} INFO - Processing file /home/airflow/.local/lib/python3.12/site-packages/airflow/example_dags/example_task_group_decorator.py for tasks to queue
[2024-06-10T14:33:24.874+0000] {logging_mixin.py:188} INFO - [2024-06-10T14:33:24.874+0000] {dagbag.py:545} INFO - Filling up the DagBag from /home/airflow/.local/lib/python3.12/site-packages/airflow/example_dags/example_task_group_decorator.py
[2024-06-10T14:33:24.889+0000] {processor.py:840} INFO - DAG(s) 'example_task_group_decorator' retrieved from /home/airflow/.local/lib/python3.12/site-packages/airflow/example_dags/example_task_group_decorator.py
[2024-06-10T14:33:24.913+0000] {logging_mixin.py:188} INFO - [2024-06-10T14:33:24.913+0000] {dag.py:3096} INFO - Sync 1 DAGs
[2024-06-10T14:33:24.941+0000] {logging_mixin.py:188} INFO - [2024-06-10T14:33:24.941+0000] {dag.py:3954} INFO - Setting next_dagrun for example_task_group_decorator to 2024-06-09 00:00:00+00:00, run_after=2024-06-10 00:00:00+00:00
[2024-06-10T14:33:24.965+0000] {processor.py:183} INFO - Processing /home/airflow/.local/lib/python3.12/site-packages/airflow/example_dags/example_task_group_decorator.py took 0.101 seconds
[2024-06-10T14:33:55.395+0000] {processor.py:161} INFO - Started process (PID=967) to work on /home/airflow/.local/lib/python3.12/site-packages/airflow/example_dags/example_task_group_decorator.py
[2024-06-10T14:33:55.396+0000] {processor.py:830} INFO - Processing file /home/airflow/.local/lib/python3.12/site-packages/airflow/example_dags/example_task_group_decorator.py for tasks to queue
[2024-06-10T14:33:55.398+0000] {logging_mixin.py:188} INFO - [2024-06-10T14:33:55.398+0000] {dagbag.py:545} INFO - Filling up the DagBag from /home/airflow/.local/lib/python3.12/site-packages/airflow/example_dags/example_task_group_decorator.py
[2024-06-10T14:33:55.416+0000] {processor.py:840} INFO - DAG(s) 'example_task_group_decorator' retrieved from /home/airflow/.local/lib/python3.12/site-packages/airflow/example_dags/example_task_group_decorator.py
[2024-06-10T14:33:55.442+0000] {logging_mixin.py:188} INFO - [2024-06-10T14:33:55.442+0000] {dag.py:3096} INFO - Sync 1 DAGs
[2024-06-10T14:33:55.465+0000] {logging_mixin.py:188} INFO - [2024-06-10T14:33:55.464+0000] {dag.py:3954} INFO - Setting next_dagrun for example_task_group_decorator to 2024-06-09 00:00:00+00:00, run_after=2024-06-10 00:00:00+00:00
[2024-06-10T14:33:55.484+0000] {processor.py:183} INFO - Processing /home/airflow/.local/lib/python3.12/site-packages/airflow/example_dags/example_task_group_decorator.py took 0.097 seconds
[2024-06-10T14:34:26.395+0000] {processor.py:161} INFO - Started process (PID=1027) to work on /home/airflow/.local/lib/python3.12/site-packages/airflow/example_dags/example_task_group_decorator.py
[2024-06-10T14:34:26.397+0000] {processor.py:830} INFO - Processing file /home/airflow/.local/lib/python3.12/site-packages/airflow/example_dags/example_task_group_decorator.py for tasks to queue
[2024-06-10T14:34:26.400+0000] {logging_mixin.py:188} INFO - [2024-06-10T14:34:26.400+0000] {dagbag.py:545} INFO - Filling up the DagBag from /home/airflow/.local/lib/python3.12/site-packages/airflow/example_dags/example_task_group_decorator.py
[2024-06-10T14:34:26.427+0000] {processor.py:840} INFO - DAG(s) 'example_task_group_decorator' retrieved from /home/airflow/.local/lib/python3.12/site-packages/airflow/example_dags/example_task_group_decorator.py
[2024-06-10T14:34:26.472+0000] {logging_mixin.py:188} INFO - [2024-06-10T14:34:26.471+0000] {dag.py:3096} INFO - Sync 1 DAGs
[2024-06-10T14:34:26.510+0000] {logging_mixin.py:188} INFO - [2024-06-10T14:34:26.510+0000] {dag.py:3954} INFO - Setting next_dagrun for example_task_group_decorator to 2024-06-09 00:00:00+00:00, run_after=2024-06-10 00:00:00+00:00
[2024-06-10T14:34:26.544+0000] {processor.py:183} INFO - Processing /home/airflow/.local/lib/python3.12/site-packages/airflow/example_dags/example_task_group_decorator.py took 0.156 seconds
[2024-06-10T14:34:56.596+0000] {processor.py:161} INFO - Started process (PID=1087) to work on /home/airflow/.local/lib/python3.12/site-packages/airflow/example_dags/example_task_group_decorator.py
[2024-06-10T14:34:56.598+0000] {processor.py:830} INFO - Processing file /home/airflow/.local/lib/python3.12/site-packages/airflow/example_dags/example_task_group_decorator.py for tasks to queue
[2024-06-10T14:34:56.601+0000] {logging_mixin.py:188} INFO - [2024-06-10T14:34:56.600+0000] {dagbag.py:545} INFO - Filling up the DagBag from /home/airflow/.local/lib/python3.12/site-packages/airflow/example_dags/example_task_group_decorator.py
[2024-06-10T14:34:56.615+0000] {processor.py:840} INFO - DAG(s) 'example_task_group_decorator' retrieved from /home/airflow/.local/lib/python3.12/site-packages/airflow/example_dags/example_task_group_decorator.py
[2024-06-10T14:34:56.643+0000] {logging_mixin.py:188} INFO - [2024-06-10T14:34:56.642+0000] {dag.py:3096} INFO - Sync 1 DAGs
[2024-06-10T14:34:56.667+0000] {logging_mixin.py:188} INFO - [2024-06-10T14:34:56.667+0000] {dag.py:3954} INFO - Setting next_dagrun for example_task_group_decorator to 2024-06-09 00:00:00+00:00, run_after=2024-06-10 00:00:00+00:00
[2024-06-10T14:34:56.689+0000] {processor.py:183} INFO - Processing /home/airflow/.local/lib/python3.12/site-packages/airflow/example_dags/example_task_group_decorator.py took 0.099 seconds
