[2024-06-10T14:04:49.535+0000] {processor.py:161} INFO - Started process (PID=91) to work on /home/airflow/.local/lib/python3.12/site-packages/airflow/example_dags/example_trigger_target_dag.py
[2024-06-10T14:04:49.538+0000] {processor.py:830} INFO - Processing file /home/airflow/.local/lib/python3.12/site-packages/airflow/example_dags/example_trigger_target_dag.py for tasks to queue
[2024-06-10T14:04:49.540+0000] {logging_mixin.py:188} INFO - [2024-06-10T14:04:49.540+0000] {dagbag.py:545} INFO - Filling up the DagBag from /home/airflow/.local/lib/python3.12/site-packages/airflow/example_dags/example_trigger_target_dag.py
[2024-06-10T14:04:49.546+0000] {processor.py:840} INFO - DAG(s) 'example_trigger_target_dag' retrieved from /home/airflow/.local/lib/python3.12/site-packages/airflow/example_dags/example_trigger_target_dag.py
[2024-06-10T14:04:49.660+0000] {logging_mixin.py:188} INFO - [2024-06-10T14:04:49.659+0000] {dag.py:3096} INFO - Sync 1 DAGs
[2024-06-10T14:04:49.670+0000] {logging_mixin.py:188} INFO - [2024-06-10T14:04:49.669+0000] {dag.py:3954} INFO - Setting next_dagrun for example_trigger_target_dag to None, run_after=None
[2024-06-10T14:04:49.692+0000] {processor.py:183} INFO - Processing /home/airflow/.local/lib/python3.12/site-packages/airflow/example_dags/example_trigger_target_dag.py took 0.164 seconds
[2024-06-10T14:05:20.294+0000] {processor.py:161} INFO - Started process (PID=160) to work on /home/airflow/.local/lib/python3.12/site-packages/airflow/example_dags/example_trigger_target_dag.py
[2024-06-10T14:05:20.296+0000] {processor.py:830} INFO - Processing file /home/airflow/.local/lib/python3.12/site-packages/airflow/example_dags/example_trigger_target_dag.py for tasks to queue
[2024-06-10T14:05:20.298+0000] {logging_mixin.py:188} INFO - [2024-06-10T14:05:20.298+0000] {dagbag.py:545} INFO - Filling up the DagBag from /home/airflow/.local/lib/python3.12/site-packages/airflow/example_dags/example_trigger_target_dag.py
[2024-06-10T14:05:20.304+0000] {processor.py:840} INFO - DAG(s) 'example_trigger_target_dag' retrieved from /home/airflow/.local/lib/python3.12/site-packages/airflow/example_dags/example_trigger_target_dag.py
[2024-06-10T14:05:20.326+0000] {logging_mixin.py:188} INFO - [2024-06-10T14:05:20.326+0000] {dag.py:3096} INFO - Sync 1 DAGs
[2024-06-10T14:05:20.342+0000] {logging_mixin.py:188} INFO - [2024-06-10T14:05:20.342+0000] {dag.py:3954} INFO - Setting next_dagrun for example_trigger_target_dag to None, run_after=None
[2024-06-10T14:05:20.368+0000] {processor.py:183} INFO - Processing /home/airflow/.local/lib/python3.12/site-packages/airflow/example_dags/example_trigger_target_dag.py took 0.080 seconds
[2024-06-10T14:05:55.795+0000] {processor.py:161} INFO - Started process (PID=229) to work on /home/airflow/.local/lib/python3.12/site-packages/airflow/example_dags/example_trigger_target_dag.py
[2024-06-10T14:05:55.796+0000] {processor.py:830} INFO - Processing file /home/airflow/.local/lib/python3.12/site-packages/airflow/example_dags/example_trigger_target_dag.py for tasks to queue
[2024-06-10T14:05:55.798+0000] {logging_mixin.py:188} INFO - [2024-06-10T14:05:55.798+0000] {dagbag.py:545} INFO - Filling up the DagBag from /home/airflow/.local/lib/python3.12/site-packages/airflow/example_dags/example_trigger_target_dag.py
[2024-06-10T14:05:55.805+0000] {processor.py:840} INFO - DAG(s) 'example_trigger_target_dag' retrieved from /home/airflow/.local/lib/python3.12/site-packages/airflow/example_dags/example_trigger_target_dag.py
[2024-06-10T14:05:55.827+0000] {logging_mixin.py:188} INFO - [2024-06-10T14:05:55.827+0000] {dag.py:3096} INFO - Sync 1 DAGs
[2024-06-10T14:05:55.841+0000] {logging_mixin.py:188} INFO - [2024-06-10T14:05:55.841+0000] {dag.py:3954} INFO - Setting next_dagrun for example_trigger_target_dag to None, run_after=None
[2024-06-10T14:05:55.862+0000] {processor.py:183} INFO - Processing /home/airflow/.local/lib/python3.12/site-packages/airflow/example_dags/example_trigger_target_dag.py took 0.073 seconds
[2024-06-10T14:06:26.398+0000] {processor.py:161} INFO - Started process (PID=297) to work on /home/airflow/.local/lib/python3.12/site-packages/airflow/example_dags/example_trigger_target_dag.py
[2024-06-10T14:06:26.400+0000] {processor.py:830} INFO - Processing file /home/airflow/.local/lib/python3.12/site-packages/airflow/example_dags/example_trigger_target_dag.py for tasks to queue
[2024-06-10T14:06:26.402+0000] {logging_mixin.py:188} INFO - [2024-06-10T14:06:26.402+0000] {dagbag.py:545} INFO - Filling up the DagBag from /home/airflow/.local/lib/python3.12/site-packages/airflow/example_dags/example_trigger_target_dag.py
[2024-06-10T14:06:26.408+0000] {processor.py:840} INFO - DAG(s) 'example_trigger_target_dag' retrieved from /home/airflow/.local/lib/python3.12/site-packages/airflow/example_dags/example_trigger_target_dag.py
[2024-06-10T14:06:26.418+0000] {logging_mixin.py:188} INFO - [2024-06-10T14:06:26.418+0000] {dag.py:3096} INFO - Sync 1 DAGs
[2024-06-10T14:06:26.437+0000] {logging_mixin.py:188} INFO - [2024-06-10T14:06:26.437+0000] {dag.py:3954} INFO - Setting next_dagrun for example_trigger_target_dag to None, run_after=None
[2024-06-10T14:06:26.464+0000] {processor.py:183} INFO - Processing /home/airflow/.local/lib/python3.12/site-packages/airflow/example_dags/example_trigger_target_dag.py took 0.073 seconds
[2024-06-10T14:07:25.443+0000] {processor.py:161} INFO - Started process (PID=91) to work on /home/airflow/.local/lib/python3.12/site-packages/airflow/example_dags/example_trigger_target_dag.py
[2024-06-10T14:07:25.444+0000] {processor.py:830} INFO - Processing file /home/airflow/.local/lib/python3.12/site-packages/airflow/example_dags/example_trigger_target_dag.py for tasks to queue
[2024-06-10T14:07:25.446+0000] {logging_mixin.py:188} INFO - [2024-06-10T14:07:25.446+0000] {dagbag.py:545} INFO - Filling up the DagBag from /home/airflow/.local/lib/python3.12/site-packages/airflow/example_dags/example_trigger_target_dag.py
[2024-06-10T14:07:25.454+0000] {processor.py:840} INFO - DAG(s) 'example_trigger_target_dag' retrieved from /home/airflow/.local/lib/python3.12/site-packages/airflow/example_dags/example_trigger_target_dag.py
[2024-06-10T14:07:25.585+0000] {logging_mixin.py:188} INFO - [2024-06-10T14:07:25.584+0000] {dag.py:3096} INFO - Sync 1 DAGs
[2024-06-10T14:07:25.596+0000] {logging_mixin.py:188} INFO - [2024-06-10T14:07:25.596+0000] {dag.py:3954} INFO - Setting next_dagrun for example_trigger_target_dag to None, run_after=None
[2024-06-10T14:07:26.013+0000] {processor.py:183} INFO - Processing /home/airflow/.local/lib/python3.12/site-packages/airflow/example_dags/example_trigger_target_dag.py took 0.577 seconds
[2024-06-10T14:07:56.604+0000] {processor.py:161} INFO - Started process (PID=160) to work on /home/airflow/.local/lib/python3.12/site-packages/airflow/example_dags/example_trigger_target_dag.py
[2024-06-10T14:07:56.605+0000] {processor.py:830} INFO - Processing file /home/airflow/.local/lib/python3.12/site-packages/airflow/example_dags/example_trigger_target_dag.py for tasks to queue
[2024-06-10T14:07:56.607+0000] {logging_mixin.py:188} INFO - [2024-06-10T14:07:56.607+0000] {dagbag.py:545} INFO - Filling up the DagBag from /home/airflow/.local/lib/python3.12/site-packages/airflow/example_dags/example_trigger_target_dag.py
[2024-06-10T14:07:56.615+0000] {processor.py:840} INFO - DAG(s) 'example_trigger_target_dag' retrieved from /home/airflow/.local/lib/python3.12/site-packages/airflow/example_dags/example_trigger_target_dag.py
[2024-06-10T14:07:56.635+0000] {logging_mixin.py:188} INFO - [2024-06-10T14:07:56.635+0000] {dag.py:3096} INFO - Sync 1 DAGs
[2024-06-10T14:07:56.649+0000] {logging_mixin.py:188} INFO - [2024-06-10T14:07:56.648+0000] {dag.py:3954} INFO - Setting next_dagrun for example_trigger_target_dag to None, run_after=None
[2024-06-10T14:07:56.670+0000] {processor.py:183} INFO - Processing /home/airflow/.local/lib/python3.12/site-packages/airflow/example_dags/example_trigger_target_dag.py took 0.073 seconds
[2024-06-10T14:08:27.245+0000] {processor.py:161} INFO - Started process (PID=229) to work on /home/airflow/.local/lib/python3.12/site-packages/airflow/example_dags/example_trigger_target_dag.py
[2024-06-10T14:08:27.246+0000] {processor.py:830} INFO - Processing file /home/airflow/.local/lib/python3.12/site-packages/airflow/example_dags/example_trigger_target_dag.py for tasks to queue
[2024-06-10T14:08:27.249+0000] {logging_mixin.py:188} INFO - [2024-06-10T14:08:27.248+0000] {dagbag.py:545} INFO - Filling up the DagBag from /home/airflow/.local/lib/python3.12/site-packages/airflow/example_dags/example_trigger_target_dag.py
[2024-06-10T14:08:27.254+0000] {processor.py:840} INFO - DAG(s) 'example_trigger_target_dag' retrieved from /home/airflow/.local/lib/python3.12/site-packages/airflow/example_dags/example_trigger_target_dag.py
[2024-06-10T14:08:27.276+0000] {logging_mixin.py:188} INFO - [2024-06-10T14:08:27.275+0000] {dag.py:3096} INFO - Sync 1 DAGs
[2024-06-10T14:08:27.287+0000] {logging_mixin.py:188} INFO - [2024-06-10T14:08:27.287+0000] {dag.py:3954} INFO - Setting next_dagrun for example_trigger_target_dag to None, run_after=None
[2024-06-10T14:08:27.310+0000] {processor.py:183} INFO - Processing /home/airflow/.local/lib/python3.12/site-packages/airflow/example_dags/example_trigger_target_dag.py took 0.070 seconds
[2024-06-10T14:08:58.140+0000] {processor.py:161} INFO - Started process (PID=298) to work on /home/airflow/.local/lib/python3.12/site-packages/airflow/example_dags/example_trigger_target_dag.py
[2024-06-10T14:08:58.142+0000] {processor.py:830} INFO - Processing file /home/airflow/.local/lib/python3.12/site-packages/airflow/example_dags/example_trigger_target_dag.py for tasks to queue
[2024-06-10T14:08:58.144+0000] {logging_mixin.py:188} INFO - [2024-06-10T14:08:58.143+0000] {dagbag.py:545} INFO - Filling up the DagBag from /home/airflow/.local/lib/python3.12/site-packages/airflow/example_dags/example_trigger_target_dag.py
[2024-06-10T14:08:58.151+0000] {processor.py:840} INFO - DAG(s) 'example_trigger_target_dag' retrieved from /home/airflow/.local/lib/python3.12/site-packages/airflow/example_dags/example_trigger_target_dag.py
[2024-06-10T14:08:58.181+0000] {logging_mixin.py:188} INFO - [2024-06-10T14:08:58.181+0000] {dag.py:3096} INFO - Sync 1 DAGs
[2024-06-10T14:08:58.200+0000] {logging_mixin.py:188} INFO - [2024-06-10T14:08:58.199+0000] {dag.py:3954} INFO - Setting next_dagrun for example_trigger_target_dag to None, run_after=None
[2024-06-10T14:08:58.224+0000] {processor.py:183} INFO - Processing /home/airflow/.local/lib/python3.12/site-packages/airflow/example_dags/example_trigger_target_dag.py took 0.090 seconds
[2024-06-10T14:09:28.734+0000] {processor.py:161} INFO - Started process (PID=367) to work on /home/airflow/.local/lib/python3.12/site-packages/airflow/example_dags/example_trigger_target_dag.py
[2024-06-10T14:09:28.736+0000] {processor.py:830} INFO - Processing file /home/airflow/.local/lib/python3.12/site-packages/airflow/example_dags/example_trigger_target_dag.py for tasks to queue
[2024-06-10T14:09:28.739+0000] {logging_mixin.py:188} INFO - [2024-06-10T14:09:28.739+0000] {dagbag.py:545} INFO - Filling up the DagBag from /home/airflow/.local/lib/python3.12/site-packages/airflow/example_dags/example_trigger_target_dag.py
[2024-06-10T14:09:28.745+0000] {processor.py:840} INFO - DAG(s) 'example_trigger_target_dag' retrieved from /home/airflow/.local/lib/python3.12/site-packages/airflow/example_dags/example_trigger_target_dag.py
[2024-06-10T14:09:28.766+0000] {logging_mixin.py:188} INFO - [2024-06-10T14:09:28.765+0000] {dag.py:3096} INFO - Sync 1 DAGs
[2024-06-10T14:09:28.777+0000] {logging_mixin.py:188} INFO - [2024-06-10T14:09:28.777+0000] {dag.py:3954} INFO - Setting next_dagrun for example_trigger_target_dag to None, run_after=None
[2024-06-10T14:09:28.802+0000] {processor.py:183} INFO - Processing /home/airflow/.local/lib/python3.12/site-packages/airflow/example_dags/example_trigger_target_dag.py took 0.073 seconds
[2024-06-10T14:09:58.976+0000] {processor.py:161} INFO - Started process (PID=436) to work on /home/airflow/.local/lib/python3.12/site-packages/airflow/example_dags/example_trigger_target_dag.py
[2024-06-10T14:09:58.978+0000] {processor.py:830} INFO - Processing file /home/airflow/.local/lib/python3.12/site-packages/airflow/example_dags/example_trigger_target_dag.py for tasks to queue
[2024-06-10T14:09:58.981+0000] {logging_mixin.py:188} INFO - [2024-06-10T14:09:58.980+0000] {dagbag.py:545} INFO - Filling up the DagBag from /home/airflow/.local/lib/python3.12/site-packages/airflow/example_dags/example_trigger_target_dag.py
[2024-06-10T14:09:58.987+0000] {processor.py:840} INFO - DAG(s) 'example_trigger_target_dag' retrieved from /home/airflow/.local/lib/python3.12/site-packages/airflow/example_dags/example_trigger_target_dag.py
[2024-06-10T14:09:59.011+0000] {logging_mixin.py:188} INFO - [2024-06-10T14:09:59.011+0000] {dag.py:3096} INFO - Sync 1 DAGs
[2024-06-10T14:09:59.028+0000] {logging_mixin.py:188} INFO - [2024-06-10T14:09:59.027+0000] {dag.py:3954} INFO - Setting next_dagrun for example_trigger_target_dag to None, run_after=None
[2024-06-10T14:09:59.051+0000] {processor.py:183} INFO - Processing /home/airflow/.local/lib/python3.12/site-packages/airflow/example_dags/example_trigger_target_dag.py took 0.083 seconds
[2024-06-10T14:10:29.848+0000] {processor.py:161} INFO - Started process (PID=504) to work on /home/airflow/.local/lib/python3.12/site-packages/airflow/example_dags/example_trigger_target_dag.py
[2024-06-10T14:10:29.850+0000] {processor.py:830} INFO - Processing file /home/airflow/.local/lib/python3.12/site-packages/airflow/example_dags/example_trigger_target_dag.py for tasks to queue
[2024-06-10T14:10:29.852+0000] {logging_mixin.py:188} INFO - [2024-06-10T14:10:29.852+0000] {dagbag.py:545} INFO - Filling up the DagBag from /home/airflow/.local/lib/python3.12/site-packages/airflow/example_dags/example_trigger_target_dag.py
[2024-06-10T14:10:29.858+0000] {processor.py:840} INFO - DAG(s) 'example_trigger_target_dag' retrieved from /home/airflow/.local/lib/python3.12/site-packages/airflow/example_dags/example_trigger_target_dag.py
[2024-06-10T14:10:29.881+0000] {logging_mixin.py:188} INFO - [2024-06-10T14:10:29.880+0000] {dag.py:3096} INFO - Sync 1 DAGs
[2024-06-10T14:10:29.899+0000] {logging_mixin.py:188} INFO - [2024-06-10T14:10:29.899+0000] {dag.py:3954} INFO - Setting next_dagrun for example_trigger_target_dag to None, run_after=None
[2024-06-10T14:10:29.931+0000] {processor.py:183} INFO - Processing /home/airflow/.local/lib/python3.12/site-packages/airflow/example_dags/example_trigger_target_dag.py took 0.089 seconds
[2024-06-10T14:11:01.936+0000] {processor.py:161} INFO - Started process (PID=574) to work on /home/airflow/.local/lib/python3.12/site-packages/airflow/example_dags/example_trigger_target_dag.py
[2024-06-10T14:11:01.937+0000] {processor.py:830} INFO - Processing file /home/airflow/.local/lib/python3.12/site-packages/airflow/example_dags/example_trigger_target_dag.py for tasks to queue
[2024-06-10T14:11:01.939+0000] {logging_mixin.py:188} INFO - [2024-06-10T14:11:01.939+0000] {dagbag.py:545} INFO - Filling up the DagBag from /home/airflow/.local/lib/python3.12/site-packages/airflow/example_dags/example_trigger_target_dag.py
[2024-06-10T14:11:01.946+0000] {processor.py:840} INFO - DAG(s) 'example_trigger_target_dag' retrieved from /home/airflow/.local/lib/python3.12/site-packages/airflow/example_dags/example_trigger_target_dag.py
[2024-06-10T14:11:01.971+0000] {logging_mixin.py:188} INFO - [2024-06-10T14:11:01.971+0000] {dag.py:3096} INFO - Sync 1 DAGs
[2024-06-10T14:11:02.124+0000] {logging_mixin.py:188} INFO - [2024-06-10T14:11:02.124+0000] {dag.py:3954} INFO - Setting next_dagrun for example_trigger_target_dag to None, run_after=None
[2024-06-10T14:11:02.147+0000] {processor.py:183} INFO - Processing /home/airflow/.local/lib/python3.12/site-packages/airflow/example_dags/example_trigger_target_dag.py took 0.216 seconds
[2024-06-10T14:11:32.938+0000] {processor.py:161} INFO - Started process (PID=643) to work on /home/airflow/.local/lib/python3.12/site-packages/airflow/example_dags/example_trigger_target_dag.py
[2024-06-10T14:11:32.940+0000] {processor.py:830} INFO - Processing file /home/airflow/.local/lib/python3.12/site-packages/airflow/example_dags/example_trigger_target_dag.py for tasks to queue
[2024-06-10T14:11:32.942+0000] {logging_mixin.py:188} INFO - [2024-06-10T14:11:32.942+0000] {dagbag.py:545} INFO - Filling up the DagBag from /home/airflow/.local/lib/python3.12/site-packages/airflow/example_dags/example_trigger_target_dag.py
[2024-06-10T14:11:32.948+0000] {processor.py:840} INFO - DAG(s) 'example_trigger_target_dag' retrieved from /home/airflow/.local/lib/python3.12/site-packages/airflow/example_dags/example_trigger_target_dag.py
[2024-06-10T14:11:32.968+0000] {logging_mixin.py:188} INFO - [2024-06-10T14:11:32.967+0000] {dag.py:3096} INFO - Sync 1 DAGs
[2024-06-10T14:11:33.117+0000] {logging_mixin.py:188} INFO - [2024-06-10T14:11:33.117+0000] {dag.py:3954} INFO - Setting next_dagrun for example_trigger_target_dag to None, run_after=None
[2024-06-10T14:11:33.137+0000] {processor.py:183} INFO - Processing /home/airflow/.local/lib/python3.12/site-packages/airflow/example_dags/example_trigger_target_dag.py took 0.204 seconds
[2024-06-10T14:12:03.726+0000] {processor.py:161} INFO - Started process (PID=712) to work on /home/airflow/.local/lib/python3.12/site-packages/airflow/example_dags/example_trigger_target_dag.py
[2024-06-10T14:12:03.728+0000] {processor.py:830} INFO - Processing file /home/airflow/.local/lib/python3.12/site-packages/airflow/example_dags/example_trigger_target_dag.py for tasks to queue
[2024-06-10T14:12:03.731+0000] {logging_mixin.py:188} INFO - [2024-06-10T14:12:03.731+0000] {dagbag.py:545} INFO - Filling up the DagBag from /home/airflow/.local/lib/python3.12/site-packages/airflow/example_dags/example_trigger_target_dag.py
[2024-06-10T14:12:03.737+0000] {processor.py:840} INFO - DAG(s) 'example_trigger_target_dag' retrieved from /home/airflow/.local/lib/python3.12/site-packages/airflow/example_dags/example_trigger_target_dag.py
[2024-06-10T14:12:03.757+0000] {logging_mixin.py:188} INFO - [2024-06-10T14:12:03.757+0000] {dag.py:3096} INFO - Sync 1 DAGs
[2024-06-10T14:12:03.769+0000] {logging_mixin.py:188} INFO - [2024-06-10T14:12:03.768+0000] {dag.py:3954} INFO - Setting next_dagrun for example_trigger_target_dag to None, run_after=None
[2024-06-10T14:12:03.927+0000] {processor.py:183} INFO - Processing /home/airflow/.local/lib/python3.12/site-packages/airflow/example_dags/example_trigger_target_dag.py took 0.207 seconds
[2024-06-10T14:12:39.192+0000] {processor.py:161} INFO - Started process (PID=781) to work on /home/airflow/.local/lib/python3.12/site-packages/airflow/example_dags/example_trigger_target_dag.py
[2024-06-10T14:12:39.195+0000] {processor.py:830} INFO - Processing file /home/airflow/.local/lib/python3.12/site-packages/airflow/example_dags/example_trigger_target_dag.py for tasks to queue
[2024-06-10T14:12:39.198+0000] {logging_mixin.py:188} INFO - [2024-06-10T14:12:39.197+0000] {dagbag.py:545} INFO - Filling up the DagBag from /home/airflow/.local/lib/python3.12/site-packages/airflow/example_dags/example_trigger_target_dag.py
[2024-06-10T14:12:39.205+0000] {processor.py:840} INFO - DAG(s) 'example_trigger_target_dag' retrieved from /home/airflow/.local/lib/python3.12/site-packages/airflow/example_dags/example_trigger_target_dag.py
[2024-06-10T14:12:39.232+0000] {logging_mixin.py:188} INFO - [2024-06-10T14:12:39.232+0000] {dag.py:3096} INFO - Sync 1 DAGs
[2024-06-10T14:12:39.437+0000] {logging_mixin.py:188} INFO - [2024-06-10T14:12:39.437+0000] {dag.py:3954} INFO - Setting next_dagrun for example_trigger_target_dag to None, run_after=None
[2024-06-10T14:12:39.461+0000] {processor.py:183} INFO - Processing /home/airflow/.local/lib/python3.12/site-packages/airflow/example_dags/example_trigger_target_dag.py took 0.274 seconds
[2024-06-10T14:13:10.262+0000] {processor.py:161} INFO - Started process (PID=850) to work on /home/airflow/.local/lib/python3.12/site-packages/airflow/example_dags/example_trigger_target_dag.py
[2024-06-10T14:13:10.263+0000] {processor.py:830} INFO - Processing file /home/airflow/.local/lib/python3.12/site-packages/airflow/example_dags/example_trigger_target_dag.py for tasks to queue
[2024-06-10T14:13:10.265+0000] {logging_mixin.py:188} INFO - [2024-06-10T14:13:10.265+0000] {dagbag.py:545} INFO - Filling up the DagBag from /home/airflow/.local/lib/python3.12/site-packages/airflow/example_dags/example_trigger_target_dag.py
[2024-06-10T14:13:10.272+0000] {processor.py:840} INFO - DAG(s) 'example_trigger_target_dag' retrieved from /home/airflow/.local/lib/python3.12/site-packages/airflow/example_dags/example_trigger_target_dag.py
[2024-06-10T14:13:10.293+0000] {logging_mixin.py:188} INFO - [2024-06-10T14:13:10.292+0000] {dag.py:3096} INFO - Sync 1 DAGs
[2024-06-10T14:13:10.305+0000] {logging_mixin.py:188} INFO - [2024-06-10T14:13:10.305+0000] {dag.py:3954} INFO - Setting next_dagrun for example_trigger_target_dag to None, run_after=None
[2024-06-10T14:13:10.325+0000] {processor.py:183} INFO - Processing /home/airflow/.local/lib/python3.12/site-packages/airflow/example_dags/example_trigger_target_dag.py took 0.069 seconds
[2024-06-10T14:13:40.610+0000] {processor.py:161} INFO - Started process (PID=919) to work on /home/airflow/.local/lib/python3.12/site-packages/airflow/example_dags/example_trigger_target_dag.py
[2024-06-10T14:13:40.611+0000] {processor.py:830} INFO - Processing file /home/airflow/.local/lib/python3.12/site-packages/airflow/example_dags/example_trigger_target_dag.py for tasks to queue
[2024-06-10T14:13:40.614+0000] {logging_mixin.py:188} INFO - [2024-06-10T14:13:40.613+0000] {dagbag.py:545} INFO - Filling up the DagBag from /home/airflow/.local/lib/python3.12/site-packages/airflow/example_dags/example_trigger_target_dag.py
[2024-06-10T14:13:40.619+0000] {processor.py:840} INFO - DAG(s) 'example_trigger_target_dag' retrieved from /home/airflow/.local/lib/python3.12/site-packages/airflow/example_dags/example_trigger_target_dag.py
[2024-06-10T14:13:40.642+0000] {logging_mixin.py:188} INFO - [2024-06-10T14:13:40.642+0000] {dag.py:3096} INFO - Sync 1 DAGs
[2024-06-10T14:13:40.659+0000] {logging_mixin.py:188} INFO - [2024-06-10T14:13:40.659+0000] {dag.py:3954} INFO - Setting next_dagrun for example_trigger_target_dag to None, run_after=None
[2024-06-10T14:13:40.679+0000] {processor.py:183} INFO - Processing /home/airflow/.local/lib/python3.12/site-packages/airflow/example_dags/example_trigger_target_dag.py took 0.074 seconds
[2024-06-10T14:14:10.812+0000] {processor.py:161} INFO - Started process (PID=988) to work on /home/airflow/.local/lib/python3.12/site-packages/airflow/example_dags/example_trigger_target_dag.py
[2024-06-10T14:14:10.813+0000] {processor.py:830} INFO - Processing file /home/airflow/.local/lib/python3.12/site-packages/airflow/example_dags/example_trigger_target_dag.py for tasks to queue
[2024-06-10T14:14:10.815+0000] {logging_mixin.py:188} INFO - [2024-06-10T14:14:10.815+0000] {dagbag.py:545} INFO - Filling up the DagBag from /home/airflow/.local/lib/python3.12/site-packages/airflow/example_dags/example_trigger_target_dag.py
[2024-06-10T14:14:10.820+0000] {processor.py:840} INFO - DAG(s) 'example_trigger_target_dag' retrieved from /home/airflow/.local/lib/python3.12/site-packages/airflow/example_dags/example_trigger_target_dag.py
[2024-06-10T14:14:10.843+0000] {logging_mixin.py:188} INFO - [2024-06-10T14:14:10.842+0000] {dag.py:3096} INFO - Sync 1 DAGs
[2024-06-10T14:14:10.853+0000] {logging_mixin.py:188} INFO - [2024-06-10T14:14:10.853+0000] {dag.py:3954} INFO - Setting next_dagrun for example_trigger_target_dag to None, run_after=None
[2024-06-10T14:14:10.874+0000] {processor.py:183} INFO - Processing /home/airflow/.local/lib/python3.12/site-packages/airflow/example_dags/example_trigger_target_dag.py took 0.067 seconds
[2024-06-10T14:14:41.677+0000] {processor.py:161} INFO - Started process (PID=1057) to work on /home/airflow/.local/lib/python3.12/site-packages/airflow/example_dags/example_trigger_target_dag.py
[2024-06-10T14:14:41.679+0000] {processor.py:830} INFO - Processing file /home/airflow/.local/lib/python3.12/site-packages/airflow/example_dags/example_trigger_target_dag.py for tasks to queue
[2024-06-10T14:14:41.682+0000] {logging_mixin.py:188} INFO - [2024-06-10T14:14:41.681+0000] {dagbag.py:545} INFO - Filling up the DagBag from /home/airflow/.local/lib/python3.12/site-packages/airflow/example_dags/example_trigger_target_dag.py
[2024-06-10T14:14:41.690+0000] {processor.py:840} INFO - DAG(s) 'example_trigger_target_dag' retrieved from /home/airflow/.local/lib/python3.12/site-packages/airflow/example_dags/example_trigger_target_dag.py
[2024-06-10T14:14:41.712+0000] {logging_mixin.py:188} INFO - [2024-06-10T14:14:41.712+0000] {dag.py:3096} INFO - Sync 1 DAGs
[2024-06-10T14:14:41.725+0000] {logging_mixin.py:188} INFO - [2024-06-10T14:14:41.725+0000] {dag.py:3954} INFO - Setting next_dagrun for example_trigger_target_dag to None, run_after=None
[2024-06-10T14:14:41.749+0000] {processor.py:183} INFO - Processing /home/airflow/.local/lib/python3.12/site-packages/airflow/example_dags/example_trigger_target_dag.py took 0.078 seconds
[2024-06-10T14:15:12.402+0000] {processor.py:161} INFO - Started process (PID=1127) to work on /home/airflow/.local/lib/python3.12/site-packages/airflow/example_dags/example_trigger_target_dag.py
[2024-06-10T14:15:12.403+0000] {processor.py:830} INFO - Processing file /home/airflow/.local/lib/python3.12/site-packages/airflow/example_dags/example_trigger_target_dag.py for tasks to queue
[2024-06-10T14:15:12.405+0000] {logging_mixin.py:188} INFO - [2024-06-10T14:15:12.404+0000] {dagbag.py:545} INFO - Filling up the DagBag from /home/airflow/.local/lib/python3.12/site-packages/airflow/example_dags/example_trigger_target_dag.py
[2024-06-10T14:15:12.411+0000] {processor.py:840} INFO - DAG(s) 'example_trigger_target_dag' retrieved from /home/airflow/.local/lib/python3.12/site-packages/airflow/example_dags/example_trigger_target_dag.py
[2024-06-10T14:15:12.431+0000] {logging_mixin.py:188} INFO - [2024-06-10T14:15:12.430+0000] {dag.py:3096} INFO - Sync 1 DAGs
[2024-06-10T14:15:12.442+0000] {logging_mixin.py:188} INFO - [2024-06-10T14:15:12.441+0000] {dag.py:3954} INFO - Setting next_dagrun for example_trigger_target_dag to None, run_after=None
[2024-06-10T14:15:12.461+0000] {processor.py:183} INFO - Processing /home/airflow/.local/lib/python3.12/site-packages/airflow/example_dags/example_trigger_target_dag.py took 0.064 seconds
[2024-06-10T14:15:42.585+0000] {processor.py:161} INFO - Started process (PID=1195) to work on /home/airflow/.local/lib/python3.12/site-packages/airflow/example_dags/example_trigger_target_dag.py
[2024-06-10T14:15:42.586+0000] {processor.py:830} INFO - Processing file /home/airflow/.local/lib/python3.12/site-packages/airflow/example_dags/example_trigger_target_dag.py for tasks to queue
[2024-06-10T14:15:42.587+0000] {logging_mixin.py:188} INFO - [2024-06-10T14:15:42.586+0000] {dagbag.py:545} INFO - Filling up the DagBag from /home/airflow/.local/lib/python3.12/site-packages/airflow/example_dags/example_trigger_target_dag.py
[2024-06-10T14:15:42.593+0000] {processor.py:840} INFO - DAG(s) 'example_trigger_target_dag' retrieved from /home/airflow/.local/lib/python3.12/site-packages/airflow/example_dags/example_trigger_target_dag.py
[2024-06-10T14:15:42.617+0000] {logging_mixin.py:188} INFO - [2024-06-10T14:15:42.616+0000] {dag.py:3096} INFO - Sync 1 DAGs
[2024-06-10T14:15:42.630+0000] {logging_mixin.py:188} INFO - [2024-06-10T14:15:42.629+0000] {dag.py:3954} INFO - Setting next_dagrun for example_trigger_target_dag to None, run_after=None
[2024-06-10T14:15:42.652+0000] {processor.py:183} INFO - Processing /home/airflow/.local/lib/python3.12/site-packages/airflow/example_dags/example_trigger_target_dag.py took 0.075 seconds
[2024-06-10T14:16:12.832+0000] {processor.py:161} INFO - Started process (PID=1255) to work on /home/airflow/.local/lib/python3.12/site-packages/airflow/example_dags/example_trigger_target_dag.py
[2024-06-10T14:16:12.833+0000] {processor.py:830} INFO - Processing file /home/airflow/.local/lib/python3.12/site-packages/airflow/example_dags/example_trigger_target_dag.py for tasks to queue
[2024-06-10T14:16:12.834+0000] {logging_mixin.py:188} INFO - [2024-06-10T14:16:12.834+0000] {dagbag.py:545} INFO - Filling up the DagBag from /home/airflow/.local/lib/python3.12/site-packages/airflow/example_dags/example_trigger_target_dag.py
[2024-06-10T14:16:12.840+0000] {processor.py:840} INFO - DAG(s) 'example_trigger_target_dag' retrieved from /home/airflow/.local/lib/python3.12/site-packages/airflow/example_dags/example_trigger_target_dag.py
[2024-06-10T14:16:12.861+0000] {logging_mixin.py:188} INFO - [2024-06-10T14:16:12.860+0000] {dag.py:3096} INFO - Sync 1 DAGs
[2024-06-10T14:16:12.872+0000] {logging_mixin.py:188} INFO - [2024-06-10T14:16:12.871+0000] {dag.py:3954} INFO - Setting next_dagrun for example_trigger_target_dag to None, run_after=None
[2024-06-10T14:16:12.891+0000] {processor.py:183} INFO - Processing /home/airflow/.local/lib/python3.12/site-packages/airflow/example_dags/example_trigger_target_dag.py took 0.065 seconds
[2024-06-10T14:16:43.704+0000] {processor.py:161} INFO - Started process (PID=1315) to work on /home/airflow/.local/lib/python3.12/site-packages/airflow/example_dags/example_trigger_target_dag.py
[2024-06-10T14:16:43.706+0000] {processor.py:830} INFO - Processing file /home/airflow/.local/lib/python3.12/site-packages/airflow/example_dags/example_trigger_target_dag.py for tasks to queue
[2024-06-10T14:16:43.707+0000] {logging_mixin.py:188} INFO - [2024-06-10T14:16:43.707+0000] {dagbag.py:545} INFO - Filling up the DagBag from /home/airflow/.local/lib/python3.12/site-packages/airflow/example_dags/example_trigger_target_dag.py
[2024-06-10T14:16:43.715+0000] {processor.py:840} INFO - DAG(s) 'example_trigger_target_dag' retrieved from /home/airflow/.local/lib/python3.12/site-packages/airflow/example_dags/example_trigger_target_dag.py
[2024-06-10T14:16:43.729+0000] {logging_mixin.py:188} INFO - [2024-06-10T14:16:43.728+0000] {dag.py:3096} INFO - Sync 1 DAGs
[2024-06-10T14:16:43.745+0000] {logging_mixin.py:188} INFO - [2024-06-10T14:16:43.745+0000] {dag.py:3954} INFO - Setting next_dagrun for example_trigger_target_dag to None, run_after=None
[2024-06-10T14:16:43.765+0000] {processor.py:183} INFO - Processing /home/airflow/.local/lib/python3.12/site-packages/airflow/example_dags/example_trigger_target_dag.py took 0.066 seconds
[2024-06-10T14:17:14.614+0000] {processor.py:161} INFO - Started process (PID=1375) to work on /home/airflow/.local/lib/python3.12/site-packages/airflow/example_dags/example_trigger_target_dag.py
[2024-06-10T14:17:14.616+0000] {processor.py:830} INFO - Processing file /home/airflow/.local/lib/python3.12/site-packages/airflow/example_dags/example_trigger_target_dag.py for tasks to queue
[2024-06-10T14:17:14.617+0000] {logging_mixin.py:188} INFO - [2024-06-10T14:17:14.617+0000] {dagbag.py:545} INFO - Filling up the DagBag from /home/airflow/.local/lib/python3.12/site-packages/airflow/example_dags/example_trigger_target_dag.py
[2024-06-10T14:17:14.622+0000] {processor.py:840} INFO - DAG(s) 'example_trigger_target_dag' retrieved from /home/airflow/.local/lib/python3.12/site-packages/airflow/example_dags/example_trigger_target_dag.py
[2024-06-10T14:17:14.713+0000] {logging_mixin.py:188} INFO - [2024-06-10T14:17:14.713+0000] {dag.py:3096} INFO - Sync 1 DAGs
[2024-06-10T14:17:14.723+0000] {logging_mixin.py:188} INFO - [2024-06-10T14:17:14.723+0000] {dag.py:3954} INFO - Setting next_dagrun for example_trigger_target_dag to None, run_after=None
[2024-06-10T14:17:14.743+0000] {processor.py:183} INFO - Processing /home/airflow/.local/lib/python3.12/site-packages/airflow/example_dags/example_trigger_target_dag.py took 0.133 seconds
[2024-06-10T14:17:45.587+0000] {processor.py:161} INFO - Started process (PID=1435) to work on /home/airflow/.local/lib/python3.12/site-packages/airflow/example_dags/example_trigger_target_dag.py
[2024-06-10T14:17:45.589+0000] {processor.py:830} INFO - Processing file /home/airflow/.local/lib/python3.12/site-packages/airflow/example_dags/example_trigger_target_dag.py for tasks to queue
[2024-06-10T14:17:45.591+0000] {logging_mixin.py:188} INFO - [2024-06-10T14:17:45.591+0000] {dagbag.py:545} INFO - Filling up the DagBag from /home/airflow/.local/lib/python3.12/site-packages/airflow/example_dags/example_trigger_target_dag.py
[2024-06-10T14:17:45.597+0000] {processor.py:840} INFO - DAG(s) 'example_trigger_target_dag' retrieved from /home/airflow/.local/lib/python3.12/site-packages/airflow/example_dags/example_trigger_target_dag.py
[2024-06-10T14:17:45.622+0000] {logging_mixin.py:188} INFO - [2024-06-10T14:17:45.622+0000] {dag.py:3096} INFO - Sync 1 DAGs
[2024-06-10T14:17:45.638+0000] {logging_mixin.py:188} INFO - [2024-06-10T14:17:45.638+0000] {dag.py:3954} INFO - Setting next_dagrun for example_trigger_target_dag to None, run_after=None
[2024-06-10T14:17:45.663+0000] {processor.py:183} INFO - Processing /home/airflow/.local/lib/python3.12/site-packages/airflow/example_dags/example_trigger_target_dag.py took 0.081 seconds
[2024-06-10T14:18:20.778+0000] {processor.py:161} INFO - Started process (PID=1495) to work on /home/airflow/.local/lib/python3.12/site-packages/airflow/example_dags/example_trigger_target_dag.py
[2024-06-10T14:18:20.780+0000] {processor.py:830} INFO - Processing file /home/airflow/.local/lib/python3.12/site-packages/airflow/example_dags/example_trigger_target_dag.py for tasks to queue
[2024-06-10T14:18:20.782+0000] {logging_mixin.py:188} INFO - [2024-06-10T14:18:20.781+0000] {dagbag.py:545} INFO - Filling up the DagBag from /home/airflow/.local/lib/python3.12/site-packages/airflow/example_dags/example_trigger_target_dag.py
[2024-06-10T14:18:20.790+0000] {processor.py:840} INFO - DAG(s) 'example_trigger_target_dag' retrieved from /home/airflow/.local/lib/python3.12/site-packages/airflow/example_dags/example_trigger_target_dag.py
[2024-06-10T14:18:20.821+0000] {logging_mixin.py:188} INFO - [2024-06-10T14:18:20.821+0000] {dag.py:3096} INFO - Sync 1 DAGs
[2024-06-10T14:18:20.842+0000] {logging_mixin.py:188} INFO - [2024-06-10T14:18:20.841+0000] {dag.py:3954} INFO - Setting next_dagrun for example_trigger_target_dag to None, run_after=None
[2024-06-10T14:18:20.906+0000] {processor.py:183} INFO - Processing /home/airflow/.local/lib/python3.12/site-packages/airflow/example_dags/example_trigger_target_dag.py took 0.137 seconds
[2024-06-10T14:18:51.799+0000] {processor.py:161} INFO - Started process (PID=1554) to work on /home/airflow/.local/lib/python3.12/site-packages/airflow/example_dags/example_trigger_target_dag.py
[2024-06-10T14:18:51.800+0000] {processor.py:830} INFO - Processing file /home/airflow/.local/lib/python3.12/site-packages/airflow/example_dags/example_trigger_target_dag.py for tasks to queue
[2024-06-10T14:18:51.801+0000] {logging_mixin.py:188} INFO - [2024-06-10T14:18:51.801+0000] {dagbag.py:545} INFO - Filling up the DagBag from /home/airflow/.local/lib/python3.12/site-packages/airflow/example_dags/example_trigger_target_dag.py
[2024-06-10T14:18:51.807+0000] {processor.py:840} INFO - DAG(s) 'example_trigger_target_dag' retrieved from /home/airflow/.local/lib/python3.12/site-packages/airflow/example_dags/example_trigger_target_dag.py
[2024-06-10T14:18:51.822+0000] {logging_mixin.py:188} INFO - [2024-06-10T14:18:51.821+0000] {dag.py:3096} INFO - Sync 1 DAGs
[2024-06-10T14:18:51.837+0000] {logging_mixin.py:188} INFO - [2024-06-10T14:18:51.837+0000] {dag.py:3954} INFO - Setting next_dagrun for example_trigger_target_dag to None, run_after=None
[2024-06-10T14:18:51.861+0000] {processor.py:183} INFO - Processing /home/airflow/.local/lib/python3.12/site-packages/airflow/example_dags/example_trigger_target_dag.py took 0.068 seconds
[2024-06-10T14:19:22.093+0000] {processor.py:161} INFO - Started process (PID=1614) to work on /home/airflow/.local/lib/python3.12/site-packages/airflow/example_dags/example_trigger_target_dag.py
[2024-06-10T14:19:22.095+0000] {processor.py:830} INFO - Processing file /home/airflow/.local/lib/python3.12/site-packages/airflow/example_dags/example_trigger_target_dag.py for tasks to queue
[2024-06-10T14:19:22.096+0000] {logging_mixin.py:188} INFO - [2024-06-10T14:19:22.095+0000] {dagbag.py:545} INFO - Filling up the DagBag from /home/airflow/.local/lib/python3.12/site-packages/airflow/example_dags/example_trigger_target_dag.py
[2024-06-10T14:19:22.107+0000] {processor.py:840} INFO - DAG(s) 'example_trigger_target_dag' retrieved from /home/airflow/.local/lib/python3.12/site-packages/airflow/example_dags/example_trigger_target_dag.py
[2024-06-10T14:19:22.264+0000] {logging_mixin.py:188} INFO - [2024-06-10T14:19:22.264+0000] {dag.py:3096} INFO - Sync 1 DAGs
[2024-06-10T14:19:22.274+0000] {logging_mixin.py:188} INFO - [2024-06-10T14:19:22.274+0000] {dag.py:3954} INFO - Setting next_dagrun for example_trigger_target_dag to None, run_after=None
[2024-06-10T14:19:22.294+0000] {processor.py:183} INFO - Processing /home/airflow/.local/lib/python3.12/site-packages/airflow/example_dags/example_trigger_target_dag.py took 0.208 seconds
[2024-06-10T14:19:52.577+0000] {processor.py:161} INFO - Started process (PID=1674) to work on /home/airflow/.local/lib/python3.12/site-packages/airflow/example_dags/example_trigger_target_dag.py
[2024-06-10T14:19:52.578+0000] {processor.py:830} INFO - Processing file /home/airflow/.local/lib/python3.12/site-packages/airflow/example_dags/example_trigger_target_dag.py for tasks to queue
[2024-06-10T14:19:52.579+0000] {logging_mixin.py:188} INFO - [2024-06-10T14:19:52.579+0000] {dagbag.py:545} INFO - Filling up the DagBag from /home/airflow/.local/lib/python3.12/site-packages/airflow/example_dags/example_trigger_target_dag.py
[2024-06-10T14:19:52.586+0000] {processor.py:840} INFO - DAG(s) 'example_trigger_target_dag' retrieved from /home/airflow/.local/lib/python3.12/site-packages/airflow/example_dags/example_trigger_target_dag.py
[2024-06-10T14:19:52.606+0000] {logging_mixin.py:188} INFO - [2024-06-10T14:19:52.606+0000] {dag.py:3096} INFO - Sync 1 DAGs
[2024-06-10T14:19:52.619+0000] {logging_mixin.py:188} INFO - [2024-06-10T14:19:52.619+0000] {dag.py:3954} INFO - Setting next_dagrun for example_trigger_target_dag to None, run_after=None
[2024-06-10T14:19:52.639+0000] {processor.py:183} INFO - Processing /home/airflow/.local/lib/python3.12/site-packages/airflow/example_dags/example_trigger_target_dag.py took 0.067 seconds
[2024-06-10T14:20:23.005+0000] {processor.py:161} INFO - Started process (PID=1734) to work on /home/airflow/.local/lib/python3.12/site-packages/airflow/example_dags/example_trigger_target_dag.py
[2024-06-10T14:20:23.006+0000] {processor.py:830} INFO - Processing file /home/airflow/.local/lib/python3.12/site-packages/airflow/example_dags/example_trigger_target_dag.py for tasks to queue
[2024-06-10T14:20:23.007+0000] {logging_mixin.py:188} INFO - [2024-06-10T14:20:23.007+0000] {dagbag.py:545} INFO - Filling up the DagBag from /home/airflow/.local/lib/python3.12/site-packages/airflow/example_dags/example_trigger_target_dag.py
[2024-06-10T14:20:23.013+0000] {processor.py:840} INFO - DAG(s) 'example_trigger_target_dag' retrieved from /home/airflow/.local/lib/python3.12/site-packages/airflow/example_dags/example_trigger_target_dag.py
[2024-06-10T14:20:23.034+0000] {logging_mixin.py:188} INFO - [2024-06-10T14:20:23.034+0000] {dag.py:3096} INFO - Sync 1 DAGs
[2024-06-10T14:20:23.046+0000] {logging_mixin.py:188} INFO - [2024-06-10T14:20:23.046+0000] {dag.py:3954} INFO - Setting next_dagrun for example_trigger_target_dag to None, run_after=None
[2024-06-10T14:20:23.071+0000] {processor.py:183} INFO - Processing /home/airflow/.local/lib/python3.12/site-packages/airflow/example_dags/example_trigger_target_dag.py took 0.073 seconds
[2024-06-10T14:20:53.294+0000] {processor.py:161} INFO - Started process (PID=1794) to work on /home/airflow/.local/lib/python3.12/site-packages/airflow/example_dags/example_trigger_target_dag.py
[2024-06-10T14:20:53.296+0000] {processor.py:830} INFO - Processing file /home/airflow/.local/lib/python3.12/site-packages/airflow/example_dags/example_trigger_target_dag.py for tasks to queue
[2024-06-10T14:20:53.297+0000] {logging_mixin.py:188} INFO - [2024-06-10T14:20:53.296+0000] {dagbag.py:545} INFO - Filling up the DagBag from /home/airflow/.local/lib/python3.12/site-packages/airflow/example_dags/example_trigger_target_dag.py
[2024-06-10T14:20:53.303+0000] {processor.py:840} INFO - DAG(s) 'example_trigger_target_dag' retrieved from /home/airflow/.local/lib/python3.12/site-packages/airflow/example_dags/example_trigger_target_dag.py
[2024-06-10T14:20:53.324+0000] {logging_mixin.py:188} INFO - [2024-06-10T14:20:53.323+0000] {dag.py:3096} INFO - Sync 1 DAGs
[2024-06-10T14:20:53.335+0000] {logging_mixin.py:188} INFO - [2024-06-10T14:20:53.335+0000] {dag.py:3954} INFO - Setting next_dagrun for example_trigger_target_dag to None, run_after=None
[2024-06-10T14:20:53.355+0000] {processor.py:183} INFO - Processing /home/airflow/.local/lib/python3.12/site-packages/airflow/example_dags/example_trigger_target_dag.py took 0.066 seconds
[2024-06-10T14:21:23.647+0000] {processor.py:161} INFO - Started process (PID=1854) to work on /home/airflow/.local/lib/python3.12/site-packages/airflow/example_dags/example_trigger_target_dag.py
[2024-06-10T14:21:23.649+0000] {processor.py:830} INFO - Processing file /home/airflow/.local/lib/python3.12/site-packages/airflow/example_dags/example_trigger_target_dag.py for tasks to queue
[2024-06-10T14:21:23.650+0000] {logging_mixin.py:188} INFO - [2024-06-10T14:21:23.649+0000] {dagbag.py:545} INFO - Filling up the DagBag from /home/airflow/.local/lib/python3.12/site-packages/airflow/example_dags/example_trigger_target_dag.py
[2024-06-10T14:21:23.655+0000] {processor.py:840} INFO - DAG(s) 'example_trigger_target_dag' retrieved from /home/airflow/.local/lib/python3.12/site-packages/airflow/example_dags/example_trigger_target_dag.py
[2024-06-10T14:21:23.679+0000] {logging_mixin.py:188} INFO - [2024-06-10T14:21:23.679+0000] {dag.py:3096} INFO - Sync 1 DAGs
[2024-06-10T14:21:23.692+0000] {logging_mixin.py:188} INFO - [2024-06-10T14:21:23.691+0000] {dag.py:3954} INFO - Setting next_dagrun for example_trigger_target_dag to None, run_after=None
[2024-06-10T14:21:23.712+0000] {processor.py:183} INFO - Processing /home/airflow/.local/lib/python3.12/site-packages/airflow/example_dags/example_trigger_target_dag.py took 0.070 seconds
[2024-06-10T14:21:54.448+0000] {processor.py:161} INFO - Started process (PID=1914) to work on /home/airflow/.local/lib/python3.12/site-packages/airflow/example_dags/example_trigger_target_dag.py
[2024-06-10T14:21:54.449+0000] {processor.py:830} INFO - Processing file /home/airflow/.local/lib/python3.12/site-packages/airflow/example_dags/example_trigger_target_dag.py for tasks to queue
[2024-06-10T14:21:54.451+0000] {logging_mixin.py:188} INFO - [2024-06-10T14:21:54.450+0000] {dagbag.py:545} INFO - Filling up the DagBag from /home/airflow/.local/lib/python3.12/site-packages/airflow/example_dags/example_trigger_target_dag.py
[2024-06-10T14:21:54.456+0000] {processor.py:840} INFO - DAG(s) 'example_trigger_target_dag' retrieved from /home/airflow/.local/lib/python3.12/site-packages/airflow/example_dags/example_trigger_target_dag.py
[2024-06-10T14:21:54.477+0000] {logging_mixin.py:188} INFO - [2024-06-10T14:21:54.476+0000] {dag.py:3096} INFO - Sync 1 DAGs
[2024-06-10T14:21:54.488+0000] {logging_mixin.py:188} INFO - [2024-06-10T14:21:54.488+0000] {dag.py:3954} INFO - Setting next_dagrun for example_trigger_target_dag to None, run_after=None
[2024-06-10T14:21:54.531+0000] {processor.py:183} INFO - Processing /home/airflow/.local/lib/python3.12/site-packages/airflow/example_dags/example_trigger_target_dag.py took 0.088 seconds
[2024-06-10T14:26:18.631+0000] {processor.py:161} INFO - Started process (PID=81) to work on /home/airflow/.local/lib/python3.12/site-packages/airflow/example_dags/example_trigger_target_dag.py
[2024-06-10T14:26:18.632+0000] {processor.py:830} INFO - Processing file /home/airflow/.local/lib/python3.12/site-packages/airflow/example_dags/example_trigger_target_dag.py for tasks to queue
[2024-06-10T14:26:18.636+0000] {logging_mixin.py:188} INFO - [2024-06-10T14:26:18.634+0000] {dagbag.py:545} INFO - Filling up the DagBag from /home/airflow/.local/lib/python3.12/site-packages/airflow/example_dags/example_trigger_target_dag.py
[2024-06-10T14:26:18.642+0000] {processor.py:840} INFO - DAG(s) 'example_trigger_target_dag' retrieved from /home/airflow/.local/lib/python3.12/site-packages/airflow/example_dags/example_trigger_target_dag.py
[2024-06-10T14:26:18.751+0000] {logging_mixin.py:188} INFO - [2024-06-10T14:26:18.750+0000] {override.py:1829} INFO - Created Permission View: can delete on DAG:example_trigger_target_dag
[2024-06-10T14:26:18.763+0000] {logging_mixin.py:188} INFO - [2024-06-10T14:26:18.763+0000] {override.py:1829} INFO - Created Permission View: can read on DAG:example_trigger_target_dag
[2024-06-10T14:26:18.772+0000] {logging_mixin.py:188} INFO - [2024-06-10T14:26:18.772+0000] {override.py:1829} INFO - Created Permission View: can edit on DAG:example_trigger_target_dag
[2024-06-10T14:26:18.773+0000] {logging_mixin.py:188} INFO - [2024-06-10T14:26:18.773+0000] {dag.py:3096} INFO - Sync 1 DAGs
[2024-06-10T14:26:18.783+0000] {logging_mixin.py:188} INFO - [2024-06-10T14:26:18.783+0000] {dag.py:3118} INFO - Creating ORM DAG for example_trigger_target_dag
[2024-06-10T14:26:18.784+0000] {logging_mixin.py:188} INFO - [2024-06-10T14:26:18.784+0000] {dag.py:3954} INFO - Setting next_dagrun for example_trigger_target_dag to None, run_after=None
[2024-06-10T14:26:18.802+0000] {processor.py:183} INFO - Processing /home/airflow/.local/lib/python3.12/site-packages/airflow/example_dags/example_trigger_target_dag.py took 0.179 seconds
[2024-06-10T14:26:49.774+0000] {processor.py:161} INFO - Started process (PID=141) to work on /home/airflow/.local/lib/python3.12/site-packages/airflow/example_dags/example_trigger_target_dag.py
[2024-06-10T14:26:49.776+0000] {processor.py:830} INFO - Processing file /home/airflow/.local/lib/python3.12/site-packages/airflow/example_dags/example_trigger_target_dag.py for tasks to queue
[2024-06-10T14:26:49.779+0000] {logging_mixin.py:188} INFO - [2024-06-10T14:26:49.778+0000] {dagbag.py:545} INFO - Filling up the DagBag from /home/airflow/.local/lib/python3.12/site-packages/airflow/example_dags/example_trigger_target_dag.py
[2024-06-10T14:26:49.785+0000] {processor.py:840} INFO - DAG(s) 'example_trigger_target_dag' retrieved from /home/airflow/.local/lib/python3.12/site-packages/airflow/example_dags/example_trigger_target_dag.py
[2024-06-10T14:26:49.799+0000] {logging_mixin.py:188} INFO - [2024-06-10T14:26:49.799+0000] {dag.py:3096} INFO - Sync 1 DAGs
[2024-06-10T14:26:49.818+0000] {logging_mixin.py:188} INFO - [2024-06-10T14:26:49.817+0000] {dag.py:3954} INFO - Setting next_dagrun for example_trigger_target_dag to None, run_after=None
[2024-06-10T14:26:49.850+0000] {processor.py:183} INFO - Processing /home/airflow/.local/lib/python3.12/site-packages/airflow/example_dags/example_trigger_target_dag.py took 0.083 seconds
[2024-06-10T14:27:20.540+0000] {processor.py:161} INFO - Started process (PID=201) to work on /home/airflow/.local/lib/python3.12/site-packages/airflow/example_dags/example_trigger_target_dag.py
[2024-06-10T14:27:20.542+0000] {processor.py:830} INFO - Processing file /home/airflow/.local/lib/python3.12/site-packages/airflow/example_dags/example_trigger_target_dag.py for tasks to queue
[2024-06-10T14:27:20.544+0000] {logging_mixin.py:188} INFO - [2024-06-10T14:27:20.543+0000] {dagbag.py:545} INFO - Filling up the DagBag from /home/airflow/.local/lib/python3.12/site-packages/airflow/example_dags/example_trigger_target_dag.py
[2024-06-10T14:27:20.551+0000] {processor.py:840} INFO - DAG(s) 'example_trigger_target_dag' retrieved from /home/airflow/.local/lib/python3.12/site-packages/airflow/example_dags/example_trigger_target_dag.py
[2024-06-10T14:27:20.667+0000] {logging_mixin.py:188} INFO - [2024-06-10T14:27:20.667+0000] {dag.py:3096} INFO - Sync 1 DAGs
[2024-06-10T14:27:20.682+0000] {logging_mixin.py:188} INFO - [2024-06-10T14:27:20.682+0000] {dag.py:3954} INFO - Setting next_dagrun for example_trigger_target_dag to None, run_after=None
[2024-06-10T14:27:20.710+0000] {processor.py:183} INFO - Processing /home/airflow/.local/lib/python3.12/site-packages/airflow/example_dags/example_trigger_target_dag.py took 0.174 seconds
[2024-06-10T14:27:51.306+0000] {processor.py:161} INFO - Started process (PID=261) to work on /home/airflow/.local/lib/python3.12/site-packages/airflow/example_dags/example_trigger_target_dag.py
[2024-06-10T14:27:51.308+0000] {processor.py:830} INFO - Processing file /home/airflow/.local/lib/python3.12/site-packages/airflow/example_dags/example_trigger_target_dag.py for tasks to queue
[2024-06-10T14:27:51.310+0000] {logging_mixin.py:188} INFO - [2024-06-10T14:27:51.309+0000] {dagbag.py:545} INFO - Filling up the DagBag from /home/airflow/.local/lib/python3.12/site-packages/airflow/example_dags/example_trigger_target_dag.py
[2024-06-10T14:27:51.317+0000] {processor.py:840} INFO - DAG(s) 'example_trigger_target_dag' retrieved from /home/airflow/.local/lib/python3.12/site-packages/airflow/example_dags/example_trigger_target_dag.py
[2024-06-10T14:27:51.341+0000] {logging_mixin.py:188} INFO - [2024-06-10T14:27:51.341+0000] {dag.py:3096} INFO - Sync 1 DAGs
[2024-06-10T14:27:51.356+0000] {logging_mixin.py:188} INFO - [2024-06-10T14:27:51.356+0000] {dag.py:3954} INFO - Setting next_dagrun for example_trigger_target_dag to None, run_after=None
[2024-06-10T14:27:51.379+0000] {processor.py:183} INFO - Processing /home/airflow/.local/lib/python3.12/site-packages/airflow/example_dags/example_trigger_target_dag.py took 0.079 seconds
[2024-06-10T14:28:22.075+0000] {processor.py:161} INFO - Started process (PID=320) to work on /home/airflow/.local/lib/python3.12/site-packages/airflow/example_dags/example_trigger_target_dag.py
[2024-06-10T14:28:22.077+0000] {processor.py:830} INFO - Processing file /home/airflow/.local/lib/python3.12/site-packages/airflow/example_dags/example_trigger_target_dag.py for tasks to queue
[2024-06-10T14:28:22.079+0000] {logging_mixin.py:188} INFO - [2024-06-10T14:28:22.078+0000] {dagbag.py:545} INFO - Filling up the DagBag from /home/airflow/.local/lib/python3.12/site-packages/airflow/example_dags/example_trigger_target_dag.py
[2024-06-10T14:28:22.085+0000] {processor.py:840} INFO - DAG(s) 'example_trigger_target_dag' retrieved from /home/airflow/.local/lib/python3.12/site-packages/airflow/example_dags/example_trigger_target_dag.py
[2024-06-10T14:28:22.104+0000] {logging_mixin.py:188} INFO - [2024-06-10T14:28:22.104+0000] {dag.py:3096} INFO - Sync 1 DAGs
[2024-06-10T14:28:22.118+0000] {logging_mixin.py:188} INFO - [2024-06-10T14:28:22.117+0000] {dag.py:3954} INFO - Setting next_dagrun for example_trigger_target_dag to None, run_after=None
[2024-06-10T14:28:22.138+0000] {processor.py:183} INFO - Processing /home/airflow/.local/lib/python3.12/site-packages/airflow/example_dags/example_trigger_target_dag.py took 0.068 seconds
[2024-06-10T14:28:52.990+0000] {processor.py:161} INFO - Started process (PID=382) to work on /home/airflow/.local/lib/python3.12/site-packages/airflow/example_dags/example_trigger_target_dag.py
[2024-06-10T14:28:52.991+0000] {processor.py:830} INFO - Processing file /home/airflow/.local/lib/python3.12/site-packages/airflow/example_dags/example_trigger_target_dag.py for tasks to queue
[2024-06-10T14:28:52.994+0000] {logging_mixin.py:188} INFO - [2024-06-10T14:28:52.993+0000] {dagbag.py:545} INFO - Filling up the DagBag from /home/airflow/.local/lib/python3.12/site-packages/airflow/example_dags/example_trigger_target_dag.py
[2024-06-10T14:28:52.999+0000] {processor.py:840} INFO - DAG(s) 'example_trigger_target_dag' retrieved from /home/airflow/.local/lib/python3.12/site-packages/airflow/example_dags/example_trigger_target_dag.py
[2024-06-10T14:28:53.020+0000] {logging_mixin.py:188} INFO - [2024-06-10T14:28:53.020+0000] {dag.py:3096} INFO - Sync 1 DAGs
[2024-06-10T14:28:53.036+0000] {logging_mixin.py:188} INFO - [2024-06-10T14:28:53.036+0000] {dag.py:3954} INFO - Setting next_dagrun for example_trigger_target_dag to None, run_after=None
[2024-06-10T14:28:53.058+0000] {processor.py:183} INFO - Processing /home/airflow/.local/lib/python3.12/site-packages/airflow/example_dags/example_trigger_target_dag.py took 0.074 seconds
[2024-06-10T14:29:23.286+0000] {processor.py:161} INFO - Started process (PID=442) to work on /home/airflow/.local/lib/python3.12/site-packages/airflow/example_dags/example_trigger_target_dag.py
[2024-06-10T14:29:23.288+0000] {processor.py:830} INFO - Processing file /home/airflow/.local/lib/python3.12/site-packages/airflow/example_dags/example_trigger_target_dag.py for tasks to queue
[2024-06-10T14:29:23.290+0000] {logging_mixin.py:188} INFO - [2024-06-10T14:29:23.290+0000] {dagbag.py:545} INFO - Filling up the DagBag from /home/airflow/.local/lib/python3.12/site-packages/airflow/example_dags/example_trigger_target_dag.py
[2024-06-10T14:29:23.295+0000] {processor.py:840} INFO - DAG(s) 'example_trigger_target_dag' retrieved from /home/airflow/.local/lib/python3.12/site-packages/airflow/example_dags/example_trigger_target_dag.py
[2024-06-10T14:29:23.313+0000] {logging_mixin.py:188} INFO - [2024-06-10T14:29:23.313+0000] {dag.py:3096} INFO - Sync 1 DAGs
[2024-06-10T14:29:23.325+0000] {logging_mixin.py:188} INFO - [2024-06-10T14:29:23.325+0000] {dag.py:3954} INFO - Setting next_dagrun for example_trigger_target_dag to None, run_after=None
[2024-06-10T14:29:23.347+0000] {processor.py:183} INFO - Processing /home/airflow/.local/lib/python3.12/site-packages/airflow/example_dags/example_trigger_target_dag.py took 0.066 seconds
[2024-06-10T14:29:53.777+0000] {processor.py:161} INFO - Started process (PID=502) to work on /home/airflow/.local/lib/python3.12/site-packages/airflow/example_dags/example_trigger_target_dag.py
[2024-06-10T14:29:53.779+0000] {processor.py:830} INFO - Processing file /home/airflow/.local/lib/python3.12/site-packages/airflow/example_dags/example_trigger_target_dag.py for tasks to queue
[2024-06-10T14:29:53.781+0000] {logging_mixin.py:188} INFO - [2024-06-10T14:29:53.781+0000] {dagbag.py:545} INFO - Filling up the DagBag from /home/airflow/.local/lib/python3.12/site-packages/airflow/example_dags/example_trigger_target_dag.py
[2024-06-10T14:29:53.789+0000] {processor.py:840} INFO - DAG(s) 'example_trigger_target_dag' retrieved from /home/airflow/.local/lib/python3.12/site-packages/airflow/example_dags/example_trigger_target_dag.py
[2024-06-10T14:29:53.811+0000] {logging_mixin.py:188} INFO - [2024-06-10T14:29:53.811+0000] {dag.py:3096} INFO - Sync 1 DAGs
[2024-06-10T14:29:53.824+0000] {logging_mixin.py:188} INFO - [2024-06-10T14:29:53.824+0000] {dag.py:3954} INFO - Setting next_dagrun for example_trigger_target_dag to None, run_after=None
[2024-06-10T14:29:53.844+0000] {processor.py:183} INFO - Processing /home/airflow/.local/lib/python3.12/site-packages/airflow/example_dags/example_trigger_target_dag.py took 0.074 seconds
