[2024-06-10T14:04:47.511+0000] {processor.py:161} INFO - Started process (PID=76) to work on /home/airflow/.local/lib/python3.12/site-packages/airflow/example_dags/example_branch_operator_decorator.py
[2024-06-10T14:04:47.512+0000] {processor.py:830} INFO - Processing file /home/airflow/.local/lib/python3.12/site-packages/airflow/example_dags/example_branch_operator_decorator.py for tasks to queue
[2024-06-10T14:04:47.515+0000] {logging_mixin.py:188} INFO - [2024-06-10T14:04:47.515+0000] {dagbag.py:545} INFO - Filling up the DagBag from /home/airflow/.local/lib/python3.12/site-packages/airflow/example_dags/example_branch_operator_decorator.py
[2024-06-10T14:04:47.549+0000] {processor.py:840} INFO - DAG(s) 'example_branch_python_operator_decorator' retrieved from /home/airflow/.local/lib/python3.12/site-packages/airflow/example_dags/example_branch_operator_decorator.py
[2024-06-10T14:04:47.687+0000] {logging_mixin.py:188} INFO - [2024-06-10T14:04:47.687+0000] {dag.py:3096} INFO - Sync 1 DAGs
[2024-06-10T14:04:47.707+0000] {logging_mixin.py:188} INFO - [2024-06-10T14:04:47.707+0000] {dag.py:3954} INFO - Setting next_dagrun for example_branch_python_operator_decorator to 2024-06-09 00:00:00+00:00, run_after=2024-06-10 00:00:00+00:00
[2024-06-10T14:04:47.728+0000] {processor.py:183} INFO - Processing /home/airflow/.local/lib/python3.12/site-packages/airflow/example_dags/example_branch_operator_decorator.py took 0.224 seconds
[2024-06-10T14:05:18.038+0000] {processor.py:161} INFO - Started process (PID=145) to work on /home/airflow/.local/lib/python3.12/site-packages/airflow/example_dags/example_branch_operator_decorator.py
[2024-06-10T14:05:18.041+0000] {processor.py:830} INFO - Processing file /home/airflow/.local/lib/python3.12/site-packages/airflow/example_dags/example_branch_operator_decorator.py for tasks to queue
[2024-06-10T14:05:18.044+0000] {logging_mixin.py:188} INFO - [2024-06-10T14:05:18.043+0000] {dagbag.py:545} INFO - Filling up the DagBag from /home/airflow/.local/lib/python3.12/site-packages/airflow/example_dags/example_branch_operator_decorator.py
[2024-06-10T14:05:18.070+0000] {processor.py:840} INFO - DAG(s) 'example_branch_python_operator_decorator' retrieved from /home/airflow/.local/lib/python3.12/site-packages/airflow/example_dags/example_branch_operator_decorator.py
[2024-06-10T14:05:18.101+0000] {logging_mixin.py:188} INFO - [2024-06-10T14:05:18.100+0000] {dag.py:3096} INFO - Sync 1 DAGs
[2024-06-10T14:05:18.130+0000] {logging_mixin.py:188} INFO - [2024-06-10T14:05:18.130+0000] {dag.py:3954} INFO - Setting next_dagrun for example_branch_python_operator_decorator to 2024-06-09 00:00:00+00:00, run_after=2024-06-10 00:00:00+00:00
[2024-06-10T14:05:18.152+0000] {processor.py:183} INFO - Processing /home/airflow/.local/lib/python3.12/site-packages/airflow/example_dags/example_branch_operator_decorator.py took 0.120 seconds
[2024-06-10T14:05:54.154+0000] {processor.py:161} INFO - Started process (PID=214) to work on /home/airflow/.local/lib/python3.12/site-packages/airflow/example_dags/example_branch_operator_decorator.py
[2024-06-10T14:05:54.156+0000] {processor.py:830} INFO - Processing file /home/airflow/.local/lib/python3.12/site-packages/airflow/example_dags/example_branch_operator_decorator.py for tasks to queue
[2024-06-10T14:05:54.158+0000] {logging_mixin.py:188} INFO - [2024-06-10T14:05:54.158+0000] {dagbag.py:545} INFO - Filling up the DagBag from /home/airflow/.local/lib/python3.12/site-packages/airflow/example_dags/example_branch_operator_decorator.py
[2024-06-10T14:05:54.192+0000] {processor.py:840} INFO - DAG(s) 'example_branch_python_operator_decorator' retrieved from /home/airflow/.local/lib/python3.12/site-packages/airflow/example_dags/example_branch_operator_decorator.py
[2024-06-10T14:05:54.229+0000] {logging_mixin.py:188} INFO - [2024-06-10T14:05:54.229+0000] {dag.py:3096} INFO - Sync 1 DAGs
[2024-06-10T14:05:54.264+0000] {logging_mixin.py:188} INFO - [2024-06-10T14:05:54.264+0000] {dag.py:3954} INFO - Setting next_dagrun for example_branch_python_operator_decorator to 2024-06-09 00:00:00+00:00, run_after=2024-06-10 00:00:00+00:00
[2024-06-10T14:05:54.290+0000] {processor.py:183} INFO - Processing /home/airflow/.local/lib/python3.12/site-packages/airflow/example_dags/example_branch_operator_decorator.py took 0.143 seconds
[2024-06-10T14:06:24.550+0000] {processor.py:161} INFO - Started process (PID=283) to work on /home/airflow/.local/lib/python3.12/site-packages/airflow/example_dags/example_branch_operator_decorator.py
[2024-06-10T14:06:24.552+0000] {processor.py:830} INFO - Processing file /home/airflow/.local/lib/python3.12/site-packages/airflow/example_dags/example_branch_operator_decorator.py for tasks to queue
[2024-06-10T14:06:24.554+0000] {logging_mixin.py:188} INFO - [2024-06-10T14:06:24.554+0000] {dagbag.py:545} INFO - Filling up the DagBag from /home/airflow/.local/lib/python3.12/site-packages/airflow/example_dags/example_branch_operator_decorator.py
[2024-06-10T14:06:24.576+0000] {processor.py:840} INFO - DAG(s) 'example_branch_python_operator_decorator' retrieved from /home/airflow/.local/lib/python3.12/site-packages/airflow/example_dags/example_branch_operator_decorator.py
[2024-06-10T14:06:24.590+0000] {logging_mixin.py:188} INFO - [2024-06-10T14:06:24.590+0000] {dag.py:3096} INFO - Sync 1 DAGs
[2024-06-10T14:06:24.619+0000] {logging_mixin.py:188} INFO - [2024-06-10T14:06:24.619+0000] {dag.py:3954} INFO - Setting next_dagrun for example_branch_python_operator_decorator to 2024-06-09 00:00:00+00:00, run_after=2024-06-10 00:00:00+00:00
[2024-06-10T14:06:24.645+0000] {processor.py:183} INFO - Processing /home/airflow/.local/lib/python3.12/site-packages/airflow/example_dags/example_branch_operator_decorator.py took 0.102 seconds
[2024-06-10T14:07:19.271+0000] {processor.py:161} INFO - Started process (PID=69) to work on /home/airflow/.local/lib/python3.12/site-packages/airflow/example_dags/example_branch_operator_decorator.py
[2024-06-10T14:07:19.272+0000] {processor.py:830} INFO - Processing file /home/airflow/.local/lib/python3.12/site-packages/airflow/example_dags/example_branch_operator_decorator.py for tasks to queue
[2024-06-10T14:07:19.274+0000] {logging_mixin.py:188} INFO - [2024-06-10T14:07:19.274+0000] {dagbag.py:545} INFO - Filling up the DagBag from /home/airflow/.local/lib/python3.12/site-packages/airflow/example_dags/example_branch_operator_decorator.py
[2024-06-10T14:07:19.304+0000] {processor.py:840} INFO - DAG(s) 'example_branch_python_operator_decorator' retrieved from /home/airflow/.local/lib/python3.12/site-packages/airflow/example_dags/example_branch_operator_decorator.py
[2024-06-10T14:07:19.637+0000] {logging_mixin.py:188} INFO - [2024-06-10T14:07:19.636+0000] {dag.py:3096} INFO - Sync 1 DAGs
[2024-06-10T14:07:19.662+0000] {logging_mixin.py:188} INFO - [2024-06-10T14:07:19.662+0000] {dag.py:3954} INFO - Setting next_dagrun for example_branch_python_operator_decorator to 2024-06-09 00:00:00+00:00, run_after=2024-06-10 00:00:00+00:00
[2024-06-10T14:07:19.690+0000] {processor.py:183} INFO - Processing /home/airflow/.local/lib/python3.12/site-packages/airflow/example_dags/example_branch_operator_decorator.py took 0.427 seconds
[2024-06-10T14:07:49.971+0000] {processor.py:161} INFO - Started process (PID=139) to work on /home/airflow/.local/lib/python3.12/site-packages/airflow/example_dags/example_branch_operator_decorator.py
[2024-06-10T14:07:49.973+0000] {processor.py:830} INFO - Processing file /home/airflow/.local/lib/python3.12/site-packages/airflow/example_dags/example_branch_operator_decorator.py for tasks to queue
[2024-06-10T14:07:49.978+0000] {logging_mixin.py:188} INFO - [2024-06-10T14:07:49.977+0000] {dagbag.py:545} INFO - Filling up the DagBag from /home/airflow/.local/lib/python3.12/site-packages/airflow/example_dags/example_branch_operator_decorator.py
[2024-06-10T14:07:50.015+0000] {processor.py:840} INFO - DAG(s) 'example_branch_python_operator_decorator' retrieved from /home/airflow/.local/lib/python3.12/site-packages/airflow/example_dags/example_branch_operator_decorator.py
[2024-06-10T14:07:50.058+0000] {logging_mixin.py:188} INFO - [2024-06-10T14:07:50.058+0000] {dag.py:3096} INFO - Sync 1 DAGs
[2024-06-10T14:07:50.089+0000] {logging_mixin.py:188} INFO - [2024-06-10T14:07:50.089+0000] {dag.py:3954} INFO - Setting next_dagrun for example_branch_python_operator_decorator to 2024-06-09 00:00:00+00:00, run_after=2024-06-10 00:00:00+00:00
[2024-06-10T14:07:50.117+0000] {processor.py:183} INFO - Processing /home/airflow/.local/lib/python3.12/site-packages/airflow/example_dags/example_branch_operator_decorator.py took 0.154 seconds
[2024-06-10T14:08:20.463+0000] {processor.py:161} INFO - Started process (PID=208) to work on /home/airflow/.local/lib/python3.12/site-packages/airflow/example_dags/example_branch_operator_decorator.py
[2024-06-10T14:08:20.464+0000] {processor.py:830} INFO - Processing file /home/airflow/.local/lib/python3.12/site-packages/airflow/example_dags/example_branch_operator_decorator.py for tasks to queue
[2024-06-10T14:08:20.467+0000] {logging_mixin.py:188} INFO - [2024-06-10T14:08:20.467+0000] {dagbag.py:545} INFO - Filling up the DagBag from /home/airflow/.local/lib/python3.12/site-packages/airflow/example_dags/example_branch_operator_decorator.py
[2024-06-10T14:08:20.491+0000] {processor.py:840} INFO - DAG(s) 'example_branch_python_operator_decorator' retrieved from /home/airflow/.local/lib/python3.12/site-packages/airflow/example_dags/example_branch_operator_decorator.py
[2024-06-10T14:08:20.520+0000] {logging_mixin.py:188} INFO - [2024-06-10T14:08:20.520+0000] {dag.py:3096} INFO - Sync 1 DAGs
[2024-06-10T14:08:20.544+0000] {logging_mixin.py:188} INFO - [2024-06-10T14:08:20.543+0000] {dag.py:3954} INFO - Setting next_dagrun for example_branch_python_operator_decorator to 2024-06-09 00:00:00+00:00, run_after=2024-06-10 00:00:00+00:00
[2024-06-10T14:08:20.566+0000] {processor.py:183} INFO - Processing /home/airflow/.local/lib/python3.12/site-packages/airflow/example_dags/example_branch_operator_decorator.py took 0.108 seconds
[2024-06-10T14:08:51.292+0000] {processor.py:161} INFO - Started process (PID=277) to work on /home/airflow/.local/lib/python3.12/site-packages/airflow/example_dags/example_branch_operator_decorator.py
[2024-06-10T14:08:51.293+0000] {processor.py:830} INFO - Processing file /home/airflow/.local/lib/python3.12/site-packages/airflow/example_dags/example_branch_operator_decorator.py for tasks to queue
[2024-06-10T14:08:51.295+0000] {logging_mixin.py:188} INFO - [2024-06-10T14:08:51.295+0000] {dagbag.py:545} INFO - Filling up the DagBag from /home/airflow/.local/lib/python3.12/site-packages/airflow/example_dags/example_branch_operator_decorator.py
[2024-06-10T14:08:51.317+0000] {processor.py:840} INFO - DAG(s) 'example_branch_python_operator_decorator' retrieved from /home/airflow/.local/lib/python3.12/site-packages/airflow/example_dags/example_branch_operator_decorator.py
[2024-06-10T14:08:51.347+0000] {logging_mixin.py:188} INFO - [2024-06-10T14:08:51.347+0000] {dag.py:3096} INFO - Sync 1 DAGs
[2024-06-10T14:08:51.374+0000] {logging_mixin.py:188} INFO - [2024-06-10T14:08:51.374+0000] {dag.py:3954} INFO - Setting next_dagrun for example_branch_python_operator_decorator to 2024-06-09 00:00:00+00:00, run_after=2024-06-10 00:00:00+00:00
[2024-06-10T14:08:51.403+0000] {processor.py:183} INFO - Processing /home/airflow/.local/lib/python3.12/site-packages/airflow/example_dags/example_branch_operator_decorator.py took 0.117 seconds
[2024-06-10T14:09:21.888+0000] {processor.py:161} INFO - Started process (PID=346) to work on /home/airflow/.local/lib/python3.12/site-packages/airflow/example_dags/example_branch_operator_decorator.py
[2024-06-10T14:09:21.890+0000] {processor.py:830} INFO - Processing file /home/airflow/.local/lib/python3.12/site-packages/airflow/example_dags/example_branch_operator_decorator.py for tasks to queue
[2024-06-10T14:09:21.892+0000] {logging_mixin.py:188} INFO - [2024-06-10T14:09:21.891+0000] {dagbag.py:545} INFO - Filling up the DagBag from /home/airflow/.local/lib/python3.12/site-packages/airflow/example_dags/example_branch_operator_decorator.py
[2024-06-10T14:09:21.911+0000] {processor.py:840} INFO - DAG(s) 'example_branch_python_operator_decorator' retrieved from /home/airflow/.local/lib/python3.12/site-packages/airflow/example_dags/example_branch_operator_decorator.py
[2024-06-10T14:09:21.937+0000] {logging_mixin.py:188} INFO - [2024-06-10T14:09:21.937+0000] {dag.py:3096} INFO - Sync 1 DAGs
[2024-06-10T14:09:21.960+0000] {logging_mixin.py:188} INFO - [2024-06-10T14:09:21.959+0000] {dag.py:3954} INFO - Setting next_dagrun for example_branch_python_operator_decorator to 2024-06-09 00:00:00+00:00, run_after=2024-06-10 00:00:00+00:00
[2024-06-10T14:09:21.981+0000] {processor.py:183} INFO - Processing /home/airflow/.local/lib/python3.12/site-packages/airflow/example_dags/example_branch_operator_decorator.py took 0.098 seconds
[2024-06-10T14:09:52.781+0000] {processor.py:161} INFO - Started process (PID=415) to work on /home/airflow/.local/lib/python3.12/site-packages/airflow/example_dags/example_branch_operator_decorator.py
[2024-06-10T14:09:52.782+0000] {processor.py:830} INFO - Processing file /home/airflow/.local/lib/python3.12/site-packages/airflow/example_dags/example_branch_operator_decorator.py for tasks to queue
[2024-06-10T14:09:52.785+0000] {logging_mixin.py:188} INFO - [2024-06-10T14:09:52.784+0000] {dagbag.py:545} INFO - Filling up the DagBag from /home/airflow/.local/lib/python3.12/site-packages/airflow/example_dags/example_branch_operator_decorator.py
[2024-06-10T14:09:52.808+0000] {processor.py:840} INFO - DAG(s) 'example_branch_python_operator_decorator' retrieved from /home/airflow/.local/lib/python3.12/site-packages/airflow/example_dags/example_branch_operator_decorator.py
[2024-06-10T14:09:52.842+0000] {logging_mixin.py:188} INFO - [2024-06-10T14:09:52.842+0000] {dag.py:3096} INFO - Sync 1 DAGs
[2024-06-10T14:09:52.869+0000] {logging_mixin.py:188} INFO - [2024-06-10T14:09:52.869+0000] {dag.py:3954} INFO - Setting next_dagrun for example_branch_python_operator_decorator to 2024-06-09 00:00:00+00:00, run_after=2024-06-10 00:00:00+00:00
[2024-06-10T14:09:52.893+0000] {processor.py:183} INFO - Processing /home/airflow/.local/lib/python3.12/site-packages/airflow/example_dags/example_branch_operator_decorator.py took 0.119 seconds
[2024-06-10T14:10:23.466+0000] {processor.py:161} INFO - Started process (PID=484) to work on /home/airflow/.local/lib/python3.12/site-packages/airflow/example_dags/example_branch_operator_decorator.py
[2024-06-10T14:10:23.467+0000] {processor.py:830} INFO - Processing file /home/airflow/.local/lib/python3.12/site-packages/airflow/example_dags/example_branch_operator_decorator.py for tasks to queue
[2024-06-10T14:10:23.470+0000] {logging_mixin.py:188} INFO - [2024-06-10T14:10:23.470+0000] {dagbag.py:545} INFO - Filling up the DagBag from /home/airflow/.local/lib/python3.12/site-packages/airflow/example_dags/example_branch_operator_decorator.py
[2024-06-10T14:10:23.491+0000] {processor.py:840} INFO - DAG(s) 'example_branch_python_operator_decorator' retrieved from /home/airflow/.local/lib/python3.12/site-packages/airflow/example_dags/example_branch_operator_decorator.py
[2024-06-10T14:10:23.518+0000] {logging_mixin.py:188} INFO - [2024-06-10T14:10:23.518+0000] {dag.py:3096} INFO - Sync 1 DAGs
[2024-06-10T14:10:23.541+0000] {logging_mixin.py:188} INFO - [2024-06-10T14:10:23.540+0000] {dag.py:3954} INFO - Setting next_dagrun for example_branch_python_operator_decorator to 2024-06-09 00:00:00+00:00, run_after=2024-06-10 00:00:00+00:00
[2024-06-10T14:10:23.566+0000] {processor.py:183} INFO - Processing /home/airflow/.local/lib/python3.12/site-packages/airflow/example_dags/example_branch_operator_decorator.py took 0.107 seconds
[2024-06-10T14:10:54.419+0000] {processor.py:161} INFO - Started process (PID=559) to work on /home/airflow/.local/lib/python3.12/site-packages/airflow/example_dags/example_branch_operator_decorator.py
[2024-06-10T14:10:54.421+0000] {processor.py:830} INFO - Processing file /home/airflow/.local/lib/python3.12/site-packages/airflow/example_dags/example_branch_operator_decorator.py for tasks to queue
[2024-06-10T14:10:54.423+0000] {logging_mixin.py:188} INFO - [2024-06-10T14:10:54.423+0000] {dagbag.py:545} INFO - Filling up the DagBag from /home/airflow/.local/lib/python3.12/site-packages/airflow/example_dags/example_branch_operator_decorator.py
[2024-06-10T14:10:54.446+0000] {processor.py:840} INFO - DAG(s) 'example_branch_python_operator_decorator' retrieved from /home/airflow/.local/lib/python3.12/site-packages/airflow/example_dags/example_branch_operator_decorator.py
[2024-06-10T14:10:54.473+0000] {logging_mixin.py:188} INFO - [2024-06-10T14:10:54.473+0000] {dag.py:3096} INFO - Sync 1 DAGs
[2024-06-10T14:10:54.641+0000] {logging_mixin.py:188} INFO - [2024-06-10T14:10:54.641+0000] {dag.py:3954} INFO - Setting next_dagrun for example_branch_python_operator_decorator to 2024-06-09 00:00:00+00:00, run_after=2024-06-10 00:00:00+00:00
[2024-06-10T14:10:54.666+0000] {processor.py:183} INFO - Processing /home/airflow/.local/lib/python3.12/site-packages/airflow/example_dags/example_branch_operator_decorator.py took 0.254 seconds
[2024-06-10T14:11:25.136+0000] {processor.py:161} INFO - Started process (PID=628) to work on /home/airflow/.local/lib/python3.12/site-packages/airflow/example_dags/example_branch_operator_decorator.py
[2024-06-10T14:11:25.138+0000] {processor.py:830} INFO - Processing file /home/airflow/.local/lib/python3.12/site-packages/airflow/example_dags/example_branch_operator_decorator.py for tasks to queue
[2024-06-10T14:11:25.140+0000] {logging_mixin.py:188} INFO - [2024-06-10T14:11:25.140+0000] {dagbag.py:545} INFO - Filling up the DagBag from /home/airflow/.local/lib/python3.12/site-packages/airflow/example_dags/example_branch_operator_decorator.py
[2024-06-10T14:11:25.163+0000] {processor.py:840} INFO - DAG(s) 'example_branch_python_operator_decorator' retrieved from /home/airflow/.local/lib/python3.12/site-packages/airflow/example_dags/example_branch_operator_decorator.py
[2024-06-10T14:11:25.194+0000] {logging_mixin.py:188} INFO - [2024-06-10T14:11:25.194+0000] {dag.py:3096} INFO - Sync 1 DAGs
[2024-06-10T14:11:25.491+0000] {logging_mixin.py:188} INFO - [2024-06-10T14:11:25.490+0000] {dag.py:3954} INFO - Setting next_dagrun for example_branch_python_operator_decorator to 2024-06-09 00:00:00+00:00, run_after=2024-06-10 00:00:00+00:00
[2024-06-10T14:11:25.525+0000] {processor.py:183} INFO - Processing /home/airflow/.local/lib/python3.12/site-packages/airflow/example_dags/example_branch_operator_decorator.py took 0.395 seconds
[2024-06-10T14:11:55.968+0000] {processor.py:161} INFO - Started process (PID=697) to work on /home/airflow/.local/lib/python3.12/site-packages/airflow/example_dags/example_branch_operator_decorator.py
[2024-06-10T14:11:55.970+0000] {processor.py:830} INFO - Processing file /home/airflow/.local/lib/python3.12/site-packages/airflow/example_dags/example_branch_operator_decorator.py for tasks to queue
[2024-06-10T14:11:55.972+0000] {logging_mixin.py:188} INFO - [2024-06-10T14:11:55.971+0000] {dagbag.py:545} INFO - Filling up the DagBag from /home/airflow/.local/lib/python3.12/site-packages/airflow/example_dags/example_branch_operator_decorator.py
[2024-06-10T14:11:55.990+0000] {processor.py:840} INFO - DAG(s) 'example_branch_python_operator_decorator' retrieved from /home/airflow/.local/lib/python3.12/site-packages/airflow/example_dags/example_branch_operator_decorator.py
[2024-06-10T14:11:56.028+0000] {logging_mixin.py:188} INFO - [2024-06-10T14:11:56.028+0000] {dag.py:3096} INFO - Sync 1 DAGs
[2024-06-10T14:11:56.056+0000] {logging_mixin.py:188} INFO - [2024-06-10T14:11:56.056+0000] {dag.py:3954} INFO - Setting next_dagrun for example_branch_python_operator_decorator to 2024-06-09 00:00:00+00:00, run_after=2024-06-10 00:00:00+00:00
[2024-06-10T14:11:56.213+0000] {processor.py:183} INFO - Processing /home/airflow/.local/lib/python3.12/site-packages/airflow/example_dags/example_branch_operator_decorator.py took 0.251 seconds
[2024-06-10T14:12:26.521+0000] {processor.py:161} INFO - Started process (PID=766) to work on /home/airflow/.local/lib/python3.12/site-packages/airflow/example_dags/example_branch_operator_decorator.py
[2024-06-10T14:12:26.522+0000] {processor.py:830} INFO - Processing file /home/airflow/.local/lib/python3.12/site-packages/airflow/example_dags/example_branch_operator_decorator.py for tasks to queue
[2024-06-10T14:12:26.524+0000] {logging_mixin.py:188} INFO - [2024-06-10T14:12:26.524+0000] {dagbag.py:545} INFO - Filling up the DagBag from /home/airflow/.local/lib/python3.12/site-packages/airflow/example_dags/example_branch_operator_decorator.py
[2024-06-10T14:12:26.544+0000] {processor.py:840} INFO - DAG(s) 'example_branch_python_operator_decorator' retrieved from /home/airflow/.local/lib/python3.12/site-packages/airflow/example_dags/example_branch_operator_decorator.py
[2024-06-10T14:12:26.572+0000] {logging_mixin.py:188} INFO - [2024-06-10T14:12:26.572+0000] {dag.py:3096} INFO - Sync 1 DAGs
[2024-06-10T14:12:26.599+0000] {logging_mixin.py:188} INFO - [2024-06-10T14:12:26.599+0000] {dag.py:3954} INFO - Setting next_dagrun for example_branch_python_operator_decorator to 2024-06-09 00:00:00+00:00, run_after=2024-06-10 00:00:00+00:00
[2024-06-10T14:12:26.806+0000] {processor.py:183} INFO - Processing /home/airflow/.local/lib/python3.12/site-packages/airflow/example_dags/example_branch_operator_decorator.py took 0.291 seconds
[2024-06-10T14:12:57.119+0000] {processor.py:161} INFO - Started process (PID=835) to work on /home/airflow/.local/lib/python3.12/site-packages/airflow/example_dags/example_branch_operator_decorator.py
[2024-06-10T14:12:57.121+0000] {processor.py:830} INFO - Processing file /home/airflow/.local/lib/python3.12/site-packages/airflow/example_dags/example_branch_operator_decorator.py for tasks to queue
[2024-06-10T14:12:57.123+0000] {logging_mixin.py:188} INFO - [2024-06-10T14:12:57.122+0000] {dagbag.py:545} INFO - Filling up the DagBag from /home/airflow/.local/lib/python3.12/site-packages/airflow/example_dags/example_branch_operator_decorator.py
[2024-06-10T14:12:57.143+0000] {processor.py:840} INFO - DAG(s) 'example_branch_python_operator_decorator' retrieved from /home/airflow/.local/lib/python3.12/site-packages/airflow/example_dags/example_branch_operator_decorator.py
[2024-06-10T14:12:57.178+0000] {logging_mixin.py:188} INFO - [2024-06-10T14:12:57.178+0000] {dag.py:3096} INFO - Sync 1 DAGs
[2024-06-10T14:12:57.203+0000] {logging_mixin.py:188} INFO - [2024-06-10T14:12:57.203+0000] {dag.py:3954} INFO - Setting next_dagrun for example_branch_python_operator_decorator to 2024-06-09 00:00:00+00:00, run_after=2024-06-10 00:00:00+00:00
[2024-06-10T14:12:57.223+0000] {processor.py:183} INFO - Processing /home/airflow/.local/lib/python3.12/site-packages/airflow/example_dags/example_branch_operator_decorator.py took 0.110 seconds
[2024-06-10T14:13:28.205+0000] {processor.py:161} INFO - Started process (PID=904) to work on /home/airflow/.local/lib/python3.12/site-packages/airflow/example_dags/example_branch_operator_decorator.py
[2024-06-10T14:13:28.219+0000] {processor.py:830} INFO - Processing file /home/airflow/.local/lib/python3.12/site-packages/airflow/example_dags/example_branch_operator_decorator.py for tasks to queue
[2024-06-10T14:13:28.221+0000] {logging_mixin.py:188} INFO - [2024-06-10T14:13:28.221+0000] {dagbag.py:545} INFO - Filling up the DagBag from /home/airflow/.local/lib/python3.12/site-packages/airflow/example_dags/example_branch_operator_decorator.py
[2024-06-10T14:13:28.241+0000] {processor.py:840} INFO - DAG(s) 'example_branch_python_operator_decorator' retrieved from /home/airflow/.local/lib/python3.12/site-packages/airflow/example_dags/example_branch_operator_decorator.py
[2024-06-10T14:13:28.272+0000] {logging_mixin.py:188} INFO - [2024-06-10T14:13:28.272+0000] {dag.py:3096} INFO - Sync 1 DAGs
[2024-06-10T14:13:28.296+0000] {logging_mixin.py:188} INFO - [2024-06-10T14:13:28.296+0000] {dag.py:3954} INFO - Setting next_dagrun for example_branch_python_operator_decorator to 2024-06-09 00:00:00+00:00, run_after=2024-06-10 00:00:00+00:00
[2024-06-10T14:13:28.330+0000] {processor.py:183} INFO - Processing /home/airflow/.local/lib/python3.12/site-packages/airflow/example_dags/example_branch_operator_decorator.py took 0.132 seconds
[2024-06-10T14:13:58.855+0000] {processor.py:161} INFO - Started process (PID=973) to work on /home/airflow/.local/lib/python3.12/site-packages/airflow/example_dags/example_branch_operator_decorator.py
[2024-06-10T14:13:58.857+0000] {processor.py:830} INFO - Processing file /home/airflow/.local/lib/python3.12/site-packages/airflow/example_dags/example_branch_operator_decorator.py for tasks to queue
[2024-06-10T14:13:58.859+0000] {logging_mixin.py:188} INFO - [2024-06-10T14:13:58.858+0000] {dagbag.py:545} INFO - Filling up the DagBag from /home/airflow/.local/lib/python3.12/site-packages/airflow/example_dags/example_branch_operator_decorator.py
[2024-06-10T14:13:58.877+0000] {processor.py:840} INFO - DAG(s) 'example_branch_python_operator_decorator' retrieved from /home/airflow/.local/lib/python3.12/site-packages/airflow/example_dags/example_branch_operator_decorator.py
[2024-06-10T14:13:58.912+0000] {logging_mixin.py:188} INFO - [2024-06-10T14:13:58.911+0000] {dag.py:3096} INFO - Sync 1 DAGs
[2024-06-10T14:13:58.938+0000] {logging_mixin.py:188} INFO - [2024-06-10T14:13:58.938+0000] {dag.py:3954} INFO - Setting next_dagrun for example_branch_python_operator_decorator to 2024-06-09 00:00:00+00:00, run_after=2024-06-10 00:00:00+00:00
[2024-06-10T14:13:58.962+0000] {processor.py:183} INFO - Processing /home/airflow/.local/lib/python3.12/site-packages/airflow/example_dags/example_branch_operator_decorator.py took 0.113 seconds
[2024-06-10T14:14:29.749+0000] {processor.py:161} INFO - Started process (PID=1042) to work on /home/airflow/.local/lib/python3.12/site-packages/airflow/example_dags/example_branch_operator_decorator.py
[2024-06-10T14:14:29.750+0000] {processor.py:830} INFO - Processing file /home/airflow/.local/lib/python3.12/site-packages/airflow/example_dags/example_branch_operator_decorator.py for tasks to queue
[2024-06-10T14:14:29.753+0000] {logging_mixin.py:188} INFO - [2024-06-10T14:14:29.752+0000] {dagbag.py:545} INFO - Filling up the DagBag from /home/airflow/.local/lib/python3.12/site-packages/airflow/example_dags/example_branch_operator_decorator.py
[2024-06-10T14:14:29.777+0000] {processor.py:840} INFO - DAG(s) 'example_branch_python_operator_decorator' retrieved from /home/airflow/.local/lib/python3.12/site-packages/airflow/example_dags/example_branch_operator_decorator.py
[2024-06-10T14:14:29.812+0000] {logging_mixin.py:188} INFO - [2024-06-10T14:14:29.811+0000] {dag.py:3096} INFO - Sync 1 DAGs
[2024-06-10T14:14:29.840+0000] {logging_mixin.py:188} INFO - [2024-06-10T14:14:29.840+0000] {dag.py:3954} INFO - Setting next_dagrun for example_branch_python_operator_decorator to 2024-06-09 00:00:00+00:00, run_after=2024-06-10 00:00:00+00:00
[2024-06-10T14:14:29.866+0000] {processor.py:183} INFO - Processing /home/airflow/.local/lib/python3.12/site-packages/airflow/example_dags/example_branch_operator_decorator.py took 0.124 seconds
[2024-06-10T14:15:00.513+0000] {processor.py:161} INFO - Started process (PID=1112) to work on /home/airflow/.local/lib/python3.12/site-packages/airflow/example_dags/example_branch_operator_decorator.py
[2024-06-10T14:15:00.514+0000] {processor.py:830} INFO - Processing file /home/airflow/.local/lib/python3.12/site-packages/airflow/example_dags/example_branch_operator_decorator.py for tasks to queue
[2024-06-10T14:15:00.517+0000] {logging_mixin.py:188} INFO - [2024-06-10T14:15:00.516+0000] {dagbag.py:545} INFO - Filling up the DagBag from /home/airflow/.local/lib/python3.12/site-packages/airflow/example_dags/example_branch_operator_decorator.py
[2024-06-10T14:15:00.537+0000] {processor.py:840} INFO - DAG(s) 'example_branch_python_operator_decorator' retrieved from /home/airflow/.local/lib/python3.12/site-packages/airflow/example_dags/example_branch_operator_decorator.py
[2024-06-10T14:15:00.570+0000] {logging_mixin.py:188} INFO - [2024-06-10T14:15:00.569+0000] {dag.py:3096} INFO - Sync 1 DAGs
[2024-06-10T14:15:00.595+0000] {logging_mixin.py:188} INFO - [2024-06-10T14:15:00.595+0000] {dag.py:3954} INFO - Setting next_dagrun for example_branch_python_operator_decorator to 2024-06-09 00:00:00+00:00, run_after=2024-06-10 00:00:00+00:00
[2024-06-10T14:15:00.619+0000] {processor.py:183} INFO - Processing /home/airflow/.local/lib/python3.12/site-packages/airflow/example_dags/example_branch_operator_decorator.py took 0.112 seconds
[2024-06-10T14:15:31.643+0000] {processor.py:161} INFO - Started process (PID=1180) to work on /home/airflow/.local/lib/python3.12/site-packages/airflow/example_dags/example_branch_operator_decorator.py
[2024-06-10T14:15:31.645+0000] {processor.py:830} INFO - Processing file /home/airflow/.local/lib/python3.12/site-packages/airflow/example_dags/example_branch_operator_decorator.py for tasks to queue
[2024-06-10T14:15:31.646+0000] {logging_mixin.py:188} INFO - [2024-06-10T14:15:31.646+0000] {dagbag.py:545} INFO - Filling up the DagBag from /home/airflow/.local/lib/python3.12/site-packages/airflow/example_dags/example_branch_operator_decorator.py
[2024-06-10T14:15:31.666+0000] {processor.py:840} INFO - DAG(s) 'example_branch_python_operator_decorator' retrieved from /home/airflow/.local/lib/python3.12/site-packages/airflow/example_dags/example_branch_operator_decorator.py
[2024-06-10T14:15:31.704+0000] {logging_mixin.py:188} INFO - [2024-06-10T14:15:31.703+0000] {dag.py:3096} INFO - Sync 1 DAGs
[2024-06-10T14:15:31.730+0000] {logging_mixin.py:188} INFO - [2024-06-10T14:15:31.730+0000] {dag.py:3954} INFO - Setting next_dagrun for example_branch_python_operator_decorator to 2024-06-09 00:00:00+00:00, run_after=2024-06-10 00:00:00+00:00
[2024-06-10T14:15:31.757+0000] {processor.py:183} INFO - Processing /home/airflow/.local/lib/python3.12/site-packages/airflow/example_dags/example_branch_operator_decorator.py took 0.120 seconds
[2024-06-10T14:16:02.154+0000] {processor.py:161} INFO - Started process (PID=1240) to work on /home/airflow/.local/lib/python3.12/site-packages/airflow/example_dags/example_branch_operator_decorator.py
[2024-06-10T14:16:02.155+0000] {processor.py:830} INFO - Processing file /home/airflow/.local/lib/python3.12/site-packages/airflow/example_dags/example_branch_operator_decorator.py for tasks to queue
[2024-06-10T14:16:02.157+0000] {logging_mixin.py:188} INFO - [2024-06-10T14:16:02.156+0000] {dagbag.py:545} INFO - Filling up the DagBag from /home/airflow/.local/lib/python3.12/site-packages/airflow/example_dags/example_branch_operator_decorator.py
[2024-06-10T14:16:02.181+0000] {processor.py:840} INFO - DAG(s) 'example_branch_python_operator_decorator' retrieved from /home/airflow/.local/lib/python3.12/site-packages/airflow/example_dags/example_branch_operator_decorator.py
[2024-06-10T14:16:02.210+0000] {logging_mixin.py:188} INFO - [2024-06-10T14:16:02.210+0000] {dag.py:3096} INFO - Sync 1 DAGs
[2024-06-10T14:16:02.232+0000] {logging_mixin.py:188} INFO - [2024-06-10T14:16:02.232+0000] {dag.py:3954} INFO - Setting next_dagrun for example_branch_python_operator_decorator to 2024-06-09 00:00:00+00:00, run_after=2024-06-10 00:00:00+00:00
[2024-06-10T14:16:02.253+0000] {processor.py:183} INFO - Processing /home/airflow/.local/lib/python3.12/site-packages/airflow/example_dags/example_branch_operator_decorator.py took 0.107 seconds
[2024-06-10T14:16:32.553+0000] {processor.py:161} INFO - Started process (PID=1300) to work on /home/airflow/.local/lib/python3.12/site-packages/airflow/example_dags/example_branch_operator_decorator.py
[2024-06-10T14:16:32.555+0000] {processor.py:830} INFO - Processing file /home/airflow/.local/lib/python3.12/site-packages/airflow/example_dags/example_branch_operator_decorator.py for tasks to queue
[2024-06-10T14:16:32.556+0000] {logging_mixin.py:188} INFO - [2024-06-10T14:16:32.556+0000] {dagbag.py:545} INFO - Filling up the DagBag from /home/airflow/.local/lib/python3.12/site-packages/airflow/example_dags/example_branch_operator_decorator.py
[2024-06-10T14:16:32.582+0000] {processor.py:840} INFO - DAG(s) 'example_branch_python_operator_decorator' retrieved from /home/airflow/.local/lib/python3.12/site-packages/airflow/example_dags/example_branch_operator_decorator.py
[2024-06-10T14:16:32.612+0000] {logging_mixin.py:188} INFO - [2024-06-10T14:16:32.612+0000] {dag.py:3096} INFO - Sync 1 DAGs
[2024-06-10T14:16:32.637+0000] {logging_mixin.py:188} INFO - [2024-06-10T14:16:32.637+0000] {dag.py:3954} INFO - Setting next_dagrun for example_branch_python_operator_decorator to 2024-06-09 00:00:00+00:00, run_after=2024-06-10 00:00:00+00:00
[2024-06-10T14:16:32.660+0000] {processor.py:183} INFO - Processing /home/airflow/.local/lib/python3.12/site-packages/airflow/example_dags/example_branch_operator_decorator.py took 0.114 seconds
[2024-06-10T14:17:03.529+0000] {processor.py:161} INFO - Started process (PID=1360) to work on /home/airflow/.local/lib/python3.12/site-packages/airflow/example_dags/example_branch_operator_decorator.py
[2024-06-10T14:17:03.530+0000] {processor.py:830} INFO - Processing file /home/airflow/.local/lib/python3.12/site-packages/airflow/example_dags/example_branch_operator_decorator.py for tasks to queue
[2024-06-10T14:17:03.531+0000] {logging_mixin.py:188} INFO - [2024-06-10T14:17:03.531+0000] {dagbag.py:545} INFO - Filling up the DagBag from /home/airflow/.local/lib/python3.12/site-packages/airflow/example_dags/example_branch_operator_decorator.py
[2024-06-10T14:17:03.559+0000] {processor.py:840} INFO - DAG(s) 'example_branch_python_operator_decorator' retrieved from /home/airflow/.local/lib/python3.12/site-packages/airflow/example_dags/example_branch_operator_decorator.py
[2024-06-10T14:17:03.573+0000] {logging_mixin.py:188} INFO - [2024-06-10T14:17:03.573+0000] {dag.py:3096} INFO - Sync 1 DAGs
[2024-06-10T14:17:03.603+0000] {logging_mixin.py:188} INFO - [2024-06-10T14:17:03.603+0000] {dag.py:3954} INFO - Setting next_dagrun for example_branch_python_operator_decorator to 2024-06-09 00:00:00+00:00, run_after=2024-06-10 00:00:00+00:00
[2024-06-10T14:17:03.628+0000] {processor.py:183} INFO - Processing /home/airflow/.local/lib/python3.12/site-packages/airflow/example_dags/example_branch_operator_decorator.py took 0.105 seconds
[2024-06-10T14:17:41.623+0000] {processor.py:161} INFO - Started process (PID=1420) to work on /home/airflow/.local/lib/python3.12/site-packages/airflow/example_dags/example_branch_operator_decorator.py
[2024-06-10T14:17:41.627+0000] {processor.py:830} INFO - Processing file /home/airflow/.local/lib/python3.12/site-packages/airflow/example_dags/example_branch_operator_decorator.py for tasks to queue
[2024-06-10T14:17:41.630+0000] {logging_mixin.py:188} INFO - [2024-06-10T14:17:41.629+0000] {dagbag.py:545} INFO - Filling up the DagBag from /home/airflow/.local/lib/python3.12/site-packages/airflow/example_dags/example_branch_operator_decorator.py
[2024-06-10T14:17:41.688+0000] {processor.py:840} INFO - DAG(s) 'example_branch_python_operator_decorator' retrieved from /home/airflow/.local/lib/python3.12/site-packages/airflow/example_dags/example_branch_operator_decorator.py
[2024-06-10T14:17:41.713+0000] {logging_mixin.py:188} INFO - [2024-06-10T14:17:41.713+0000] {dag.py:3096} INFO - Sync 1 DAGs
[2024-06-10T14:17:41.752+0000] {logging_mixin.py:188} INFO - [2024-06-10T14:17:41.752+0000] {dag.py:3954} INFO - Setting next_dagrun for example_branch_python_operator_decorator to 2024-06-09 00:00:00+00:00, run_after=2024-06-10 00:00:00+00:00
[2024-06-10T14:17:41.774+0000] {processor.py:183} INFO - Processing /home/airflow/.local/lib/python3.12/site-packages/airflow/example_dags/example_branch_operator_decorator.py took 0.172 seconds
[2024-06-10T14:18:18.084+0000] {processor.py:161} INFO - Started process (PID=1480) to work on /home/airflow/.local/lib/python3.12/site-packages/airflow/example_dags/example_branch_operator_decorator.py
[2024-06-10T14:18:18.085+0000] {processor.py:830} INFO - Processing file /home/airflow/.local/lib/python3.12/site-packages/airflow/example_dags/example_branch_operator_decorator.py for tasks to queue
[2024-06-10T14:18:18.086+0000] {logging_mixin.py:188} INFO - [2024-06-10T14:18:18.086+0000] {dagbag.py:545} INFO - Filling up the DagBag from /home/airflow/.local/lib/python3.12/site-packages/airflow/example_dags/example_branch_operator_decorator.py
[2024-06-10T14:18:18.113+0000] {processor.py:840} INFO - DAG(s) 'example_branch_python_operator_decorator' retrieved from /home/airflow/.local/lib/python3.12/site-packages/airflow/example_dags/example_branch_operator_decorator.py
[2024-06-10T14:18:18.268+0000] {logging_mixin.py:188} INFO - [2024-06-10T14:18:18.267+0000] {dag.py:3096} INFO - Sync 1 DAGs
[2024-06-10T14:18:18.302+0000] {logging_mixin.py:188} INFO - [2024-06-10T14:18:18.301+0000] {dag.py:3954} INFO - Setting next_dagrun for example_branch_python_operator_decorator to 2024-06-09 00:00:00+00:00, run_after=2024-06-10 00:00:00+00:00
[2024-06-10T14:18:18.334+0000] {processor.py:183} INFO - Processing /home/airflow/.local/lib/python3.12/site-packages/airflow/example_dags/example_branch_operator_decorator.py took 0.259 seconds
[2024-06-10T14:18:48.669+0000] {processor.py:161} INFO - Started process (PID=1540) to work on /home/airflow/.local/lib/python3.12/site-packages/airflow/example_dags/example_branch_operator_decorator.py
[2024-06-10T14:18:48.670+0000] {processor.py:830} INFO - Processing file /home/airflow/.local/lib/python3.12/site-packages/airflow/example_dags/example_branch_operator_decorator.py for tasks to queue
[2024-06-10T14:18:48.671+0000] {logging_mixin.py:188} INFO - [2024-06-10T14:18:48.671+0000] {dagbag.py:545} INFO - Filling up the DagBag from /home/airflow/.local/lib/python3.12/site-packages/airflow/example_dags/example_branch_operator_decorator.py
[2024-06-10T14:18:48.692+0000] {processor.py:840} INFO - DAG(s) 'example_branch_python_operator_decorator' retrieved from /home/airflow/.local/lib/python3.12/site-packages/airflow/example_dags/example_branch_operator_decorator.py
[2024-06-10T14:18:48.721+0000] {logging_mixin.py:188} INFO - [2024-06-10T14:18:48.721+0000] {dag.py:3096} INFO - Sync 1 DAGs
[2024-06-10T14:18:48.744+0000] {logging_mixin.py:188} INFO - [2024-06-10T14:18:48.744+0000] {dag.py:3954} INFO - Setting next_dagrun for example_branch_python_operator_decorator to 2024-06-09 00:00:00+00:00, run_after=2024-06-10 00:00:00+00:00
[2024-06-10T14:18:48.769+0000] {processor.py:183} INFO - Processing /home/airflow/.local/lib/python3.12/site-packages/airflow/example_dags/example_branch_operator_decorator.py took 0.108 seconds
[2024-06-10T14:19:19.426+0000] {processor.py:161} INFO - Started process (PID=1599) to work on /home/airflow/.local/lib/python3.12/site-packages/airflow/example_dags/example_branch_operator_decorator.py
[2024-06-10T14:19:19.427+0000] {processor.py:830} INFO - Processing file /home/airflow/.local/lib/python3.12/site-packages/airflow/example_dags/example_branch_operator_decorator.py for tasks to queue
[2024-06-10T14:19:19.428+0000] {logging_mixin.py:188} INFO - [2024-06-10T14:19:19.428+0000] {dagbag.py:545} INFO - Filling up the DagBag from /home/airflow/.local/lib/python3.12/site-packages/airflow/example_dags/example_branch_operator_decorator.py
[2024-06-10T14:19:19.446+0000] {processor.py:840} INFO - DAG(s) 'example_branch_python_operator_decorator' retrieved from /home/airflow/.local/lib/python3.12/site-packages/airflow/example_dags/example_branch_operator_decorator.py
[2024-06-10T14:19:19.477+0000] {logging_mixin.py:188} INFO - [2024-06-10T14:19:19.477+0000] {dag.py:3096} INFO - Sync 1 DAGs
[2024-06-10T14:19:19.504+0000] {logging_mixin.py:188} INFO - [2024-06-10T14:19:19.503+0000] {dag.py:3954} INFO - Setting next_dagrun for example_branch_python_operator_decorator to 2024-06-09 00:00:00+00:00, run_after=2024-06-10 00:00:00+00:00
[2024-06-10T14:19:19.533+0000] {processor.py:183} INFO - Processing /home/airflow/.local/lib/python3.12/site-packages/airflow/example_dags/example_branch_operator_decorator.py took 0.114 seconds
[2024-06-10T14:19:49.569+0000] {processor.py:161} INFO - Started process (PID=1658) to work on /home/airflow/.local/lib/python3.12/site-packages/airflow/example_dags/example_branch_operator_decorator.py
[2024-06-10T14:19:49.570+0000] {processor.py:830} INFO - Processing file /home/airflow/.local/lib/python3.12/site-packages/airflow/example_dags/example_branch_operator_decorator.py for tasks to queue
[2024-06-10T14:19:49.572+0000] {logging_mixin.py:188} INFO - [2024-06-10T14:19:49.572+0000] {dagbag.py:545} INFO - Filling up the DagBag from /home/airflow/.local/lib/python3.12/site-packages/airflow/example_dags/example_branch_operator_decorator.py
[2024-06-10T14:19:49.595+0000] {processor.py:840} INFO - DAG(s) 'example_branch_python_operator_decorator' retrieved from /home/airflow/.local/lib/python3.12/site-packages/airflow/example_dags/example_branch_operator_decorator.py
[2024-06-10T14:19:49.624+0000] {logging_mixin.py:188} INFO - [2024-06-10T14:19:49.624+0000] {dag.py:3096} INFO - Sync 1 DAGs
[2024-06-10T14:19:49.656+0000] {logging_mixin.py:188} INFO - [2024-06-10T14:19:49.656+0000] {dag.py:3954} INFO - Setting next_dagrun for example_branch_python_operator_decorator to 2024-06-09 00:00:00+00:00, run_after=2024-06-10 00:00:00+00:00
[2024-06-10T14:19:49.678+0000] {processor.py:183} INFO - Processing /home/airflow/.local/lib/python3.12/site-packages/airflow/example_dags/example_branch_operator_decorator.py took 0.116 seconds
[2024-06-10T14:20:19.747+0000] {processor.py:161} INFO - Started process (PID=1718) to work on /home/airflow/.local/lib/python3.12/site-packages/airflow/example_dags/example_branch_operator_decorator.py
[2024-06-10T14:20:19.748+0000] {processor.py:830} INFO - Processing file /home/airflow/.local/lib/python3.12/site-packages/airflow/example_dags/example_branch_operator_decorator.py for tasks to queue
[2024-06-10T14:20:19.749+0000] {logging_mixin.py:188} INFO - [2024-06-10T14:20:19.749+0000] {dagbag.py:545} INFO - Filling up the DagBag from /home/airflow/.local/lib/python3.12/site-packages/airflow/example_dags/example_branch_operator_decorator.py
[2024-06-10T14:20:19.771+0000] {processor.py:840} INFO - DAG(s) 'example_branch_python_operator_decorator' retrieved from /home/airflow/.local/lib/python3.12/site-packages/airflow/example_dags/example_branch_operator_decorator.py
[2024-06-10T14:20:19.798+0000] {logging_mixin.py:188} INFO - [2024-06-10T14:20:19.797+0000] {dag.py:3096} INFO - Sync 1 DAGs
[2024-06-10T14:20:19.819+0000] {logging_mixin.py:188} INFO - [2024-06-10T14:20:19.819+0000] {dag.py:3954} INFO - Setting next_dagrun for example_branch_python_operator_decorator to 2024-06-09 00:00:00+00:00, run_after=2024-06-10 00:00:00+00:00
[2024-06-10T14:20:19.839+0000] {processor.py:183} INFO - Processing /home/airflow/.local/lib/python3.12/site-packages/airflow/example_dags/example_branch_operator_decorator.py took 0.097 seconds
[2024-06-10T14:20:51.110+0000] {processor.py:161} INFO - Started process (PID=1778) to work on /home/airflow/.local/lib/python3.12/site-packages/airflow/example_dags/example_branch_operator_decorator.py
[2024-06-10T14:20:51.111+0000] {processor.py:830} INFO - Processing file /home/airflow/.local/lib/python3.12/site-packages/airflow/example_dags/example_branch_operator_decorator.py for tasks to queue
[2024-06-10T14:20:51.112+0000] {logging_mixin.py:188} INFO - [2024-06-10T14:20:51.112+0000] {dagbag.py:545} INFO - Filling up the DagBag from /home/airflow/.local/lib/python3.12/site-packages/airflow/example_dags/example_branch_operator_decorator.py
[2024-06-10T14:20:51.133+0000] {processor.py:840} INFO - DAG(s) 'example_branch_python_operator_decorator' retrieved from /home/airflow/.local/lib/python3.12/site-packages/airflow/example_dags/example_branch_operator_decorator.py
[2024-06-10T14:20:51.162+0000] {logging_mixin.py:188} INFO - [2024-06-10T14:20:51.162+0000] {dag.py:3096} INFO - Sync 1 DAGs
[2024-06-10T14:20:51.184+0000] {logging_mixin.py:188} INFO - [2024-06-10T14:20:51.184+0000] {dag.py:3954} INFO - Setting next_dagrun for example_branch_python_operator_decorator to 2024-06-09 00:00:00+00:00, run_after=2024-06-10 00:00:00+00:00
[2024-06-10T14:20:51.205+0000] {processor.py:183} INFO - Processing /home/airflow/.local/lib/python3.12/site-packages/airflow/example_dags/example_branch_operator_decorator.py took 0.102 seconds
[2024-06-10T14:21:21.525+0000] {processor.py:161} INFO - Started process (PID=1838) to work on /home/airflow/.local/lib/python3.12/site-packages/airflow/example_dags/example_branch_operator_decorator.py
[2024-06-10T14:21:21.526+0000] {processor.py:830} INFO - Processing file /home/airflow/.local/lib/python3.12/site-packages/airflow/example_dags/example_branch_operator_decorator.py for tasks to queue
[2024-06-10T14:21:21.528+0000] {logging_mixin.py:188} INFO - [2024-06-10T14:21:21.527+0000] {dagbag.py:545} INFO - Filling up the DagBag from /home/airflow/.local/lib/python3.12/site-packages/airflow/example_dags/example_branch_operator_decorator.py
[2024-06-10T14:21:21.544+0000] {processor.py:840} INFO - DAG(s) 'example_branch_python_operator_decorator' retrieved from /home/airflow/.local/lib/python3.12/site-packages/airflow/example_dags/example_branch_operator_decorator.py
[2024-06-10T14:21:21.571+0000] {logging_mixin.py:188} INFO - [2024-06-10T14:21:21.571+0000] {dag.py:3096} INFO - Sync 1 DAGs
[2024-06-10T14:21:21.593+0000] {logging_mixin.py:188} INFO - [2024-06-10T14:21:21.593+0000] {dag.py:3954} INFO - Setting next_dagrun for example_branch_python_operator_decorator to 2024-06-09 00:00:00+00:00, run_after=2024-06-10 00:00:00+00:00
[2024-06-10T14:21:21.612+0000] {processor.py:183} INFO - Processing /home/airflow/.local/lib/python3.12/site-packages/airflow/example_dags/example_branch_operator_decorator.py took 0.092 seconds
[2024-06-10T14:21:51.758+0000] {processor.py:161} INFO - Started process (PID=1898) to work on /home/airflow/.local/lib/python3.12/site-packages/airflow/example_dags/example_branch_operator_decorator.py
[2024-06-10T14:21:51.759+0000] {processor.py:830} INFO - Processing file /home/airflow/.local/lib/python3.12/site-packages/airflow/example_dags/example_branch_operator_decorator.py for tasks to queue
[2024-06-10T14:21:51.760+0000] {logging_mixin.py:188} INFO - [2024-06-10T14:21:51.760+0000] {dagbag.py:545} INFO - Filling up the DagBag from /home/airflow/.local/lib/python3.12/site-packages/airflow/example_dags/example_branch_operator_decorator.py
[2024-06-10T14:21:51.779+0000] {processor.py:840} INFO - DAG(s) 'example_branch_python_operator_decorator' retrieved from /home/airflow/.local/lib/python3.12/site-packages/airflow/example_dags/example_branch_operator_decorator.py
[2024-06-10T14:21:51.806+0000] {logging_mixin.py:188} INFO - [2024-06-10T14:21:51.806+0000] {dag.py:3096} INFO - Sync 1 DAGs
[2024-06-10T14:21:51.831+0000] {logging_mixin.py:188} INFO - [2024-06-10T14:21:51.831+0000] {dag.py:3954} INFO - Setting next_dagrun for example_branch_python_operator_decorator to 2024-06-09 00:00:00+00:00, run_after=2024-06-10 00:00:00+00:00
[2024-06-10T14:21:51.851+0000] {processor.py:183} INFO - Processing /home/airflow/.local/lib/python3.12/site-packages/airflow/example_dags/example_branch_operator_decorator.py took 0.098 seconds
[2024-06-10T14:26:16.373+0000] {processor.py:161} INFO - Started process (PID=66) to work on /home/airflow/.local/lib/python3.12/site-packages/airflow/example_dags/example_branch_operator_decorator.py
[2024-06-10T14:26:16.375+0000] {processor.py:830} INFO - Processing file /home/airflow/.local/lib/python3.12/site-packages/airflow/example_dags/example_branch_operator_decorator.py for tasks to queue
[2024-06-10T14:26:16.377+0000] {logging_mixin.py:188} INFO - [2024-06-10T14:26:16.376+0000] {dagbag.py:545} INFO - Filling up the DagBag from /home/airflow/.local/lib/python3.12/site-packages/airflow/example_dags/example_branch_operator_decorator.py
[2024-06-10T14:26:16.398+0000] {processor.py:840} INFO - DAG(s) 'example_branch_python_operator_decorator' retrieved from /home/airflow/.local/lib/python3.12/site-packages/airflow/example_dags/example_branch_operator_decorator.py
[2024-06-10T14:26:16.510+0000] {logging_mixin.py:188} INFO - [2024-06-10T14:26:16.509+0000] {override.py:1829} INFO - Created Permission View: can delete on DAG:example_branch_python_operator_decorator
[2024-06-10T14:26:16.521+0000] {logging_mixin.py:188} INFO - [2024-06-10T14:26:16.521+0000] {override.py:1829} INFO - Created Permission View: can read on DAG:example_branch_python_operator_decorator
[2024-06-10T14:26:16.529+0000] {logging_mixin.py:188} INFO - [2024-06-10T14:26:16.528+0000] {override.py:1829} INFO - Created Permission View: can edit on DAG:example_branch_python_operator_decorator
[2024-06-10T14:26:16.529+0000] {logging_mixin.py:188} INFO - [2024-06-10T14:26:16.529+0000] {dag.py:3096} INFO - Sync 1 DAGs
[2024-06-10T14:26:16.542+0000] {logging_mixin.py:188} INFO - [2024-06-10T14:26:16.542+0000] {dag.py:3118} INFO - Creating ORM DAG for example_branch_python_operator_decorator
[2024-06-10T14:26:16.552+0000] {logging_mixin.py:188} INFO - [2024-06-10T14:26:16.552+0000] {dag.py:3954} INFO - Setting next_dagrun for example_branch_python_operator_decorator to 2024-06-09 00:00:00+00:00, run_after=2024-06-10 00:00:00+00:00
[2024-06-10T14:26:16.573+0000] {processor.py:183} INFO - Processing /home/airflow/.local/lib/python3.12/site-packages/airflow/example_dags/example_branch_operator_decorator.py took 0.206 seconds
[2024-06-10T14:26:46.816+0000] {processor.py:161} INFO - Started process (PID=126) to work on /home/airflow/.local/lib/python3.12/site-packages/airflow/example_dags/example_branch_operator_decorator.py
[2024-06-10T14:26:46.818+0000] {processor.py:830} INFO - Processing file /home/airflow/.local/lib/python3.12/site-packages/airflow/example_dags/example_branch_operator_decorator.py for tasks to queue
[2024-06-10T14:26:46.820+0000] {logging_mixin.py:188} INFO - [2024-06-10T14:26:46.820+0000] {dagbag.py:545} INFO - Filling up the DagBag from /home/airflow/.local/lib/python3.12/site-packages/airflow/example_dags/example_branch_operator_decorator.py
[2024-06-10T14:26:46.856+0000] {processor.py:840} INFO - DAG(s) 'example_branch_python_operator_decorator' retrieved from /home/airflow/.local/lib/python3.12/site-packages/airflow/example_dags/example_branch_operator_decorator.py
[2024-06-10T14:26:46.873+0000] {logging_mixin.py:188} INFO - [2024-06-10T14:26:46.873+0000] {dag.py:3096} INFO - Sync 1 DAGs
[2024-06-10T14:26:46.922+0000] {logging_mixin.py:188} INFO - [2024-06-10T14:26:46.922+0000] {dag.py:3954} INFO - Setting next_dagrun for example_branch_python_operator_decorator to 2024-06-09 00:00:00+00:00, run_after=2024-06-10 00:00:00+00:00
[2024-06-10T14:26:47.346+0000] {processor.py:183} INFO - Processing /home/airflow/.local/lib/python3.12/site-packages/airflow/example_dags/example_branch_operator_decorator.py took 0.539 seconds
[2024-06-10T14:27:17.583+0000] {processor.py:161} INFO - Started process (PID=186) to work on /home/airflow/.local/lib/python3.12/site-packages/airflow/example_dags/example_branch_operator_decorator.py
[2024-06-10T14:27:17.585+0000] {processor.py:830} INFO - Processing file /home/airflow/.local/lib/python3.12/site-packages/airflow/example_dags/example_branch_operator_decorator.py for tasks to queue
[2024-06-10T14:27:17.587+0000] {logging_mixin.py:188} INFO - [2024-06-10T14:27:17.587+0000] {dagbag.py:545} INFO - Filling up the DagBag from /home/airflow/.local/lib/python3.12/site-packages/airflow/example_dags/example_branch_operator_decorator.py
[2024-06-10T14:27:17.609+0000] {processor.py:840} INFO - DAG(s) 'example_branch_python_operator_decorator' retrieved from /home/airflow/.local/lib/python3.12/site-packages/airflow/example_dags/example_branch_operator_decorator.py
[2024-06-10T14:27:17.734+0000] {logging_mixin.py:188} INFO - [2024-06-10T14:27:17.733+0000] {dag.py:3096} INFO - Sync 1 DAGs
[2024-06-10T14:27:17.755+0000] {logging_mixin.py:188} INFO - [2024-06-10T14:27:17.755+0000] {dag.py:3954} INFO - Setting next_dagrun for example_branch_python_operator_decorator to 2024-06-09 00:00:00+00:00, run_after=2024-06-10 00:00:00+00:00
[2024-06-10T14:27:17.779+0000] {processor.py:183} INFO - Processing /home/airflow/.local/lib/python3.12/site-packages/airflow/example_dags/example_branch_operator_decorator.py took 0.203 seconds
[2024-06-10T14:27:48.400+0000] {processor.py:161} INFO - Started process (PID=246) to work on /home/airflow/.local/lib/python3.12/site-packages/airflow/example_dags/example_branch_operator_decorator.py
[2024-06-10T14:27:48.402+0000] {processor.py:830} INFO - Processing file /home/airflow/.local/lib/python3.12/site-packages/airflow/example_dags/example_branch_operator_decorator.py for tasks to queue
[2024-06-10T14:27:48.404+0000] {logging_mixin.py:188} INFO - [2024-06-10T14:27:48.404+0000] {dagbag.py:545} INFO - Filling up the DagBag from /home/airflow/.local/lib/python3.12/site-packages/airflow/example_dags/example_branch_operator_decorator.py
[2024-06-10T14:27:48.426+0000] {processor.py:840} INFO - DAG(s) 'example_branch_python_operator_decorator' retrieved from /home/airflow/.local/lib/python3.12/site-packages/airflow/example_dags/example_branch_operator_decorator.py
[2024-06-10T14:27:48.455+0000] {logging_mixin.py:188} INFO - [2024-06-10T14:27:48.455+0000] {dag.py:3096} INFO - Sync 1 DAGs
[2024-06-10T14:27:48.480+0000] {logging_mixin.py:188} INFO - [2024-06-10T14:27:48.480+0000] {dag.py:3954} INFO - Setting next_dagrun for example_branch_python_operator_decorator to 2024-06-09 00:00:00+00:00, run_after=2024-06-10 00:00:00+00:00
[2024-06-10T14:27:48.504+0000] {processor.py:183} INFO - Processing /home/airflow/.local/lib/python3.12/site-packages/airflow/example_dags/example_branch_operator_decorator.py took 0.109 seconds
[2024-06-10T14:28:18.735+0000] {processor.py:161} INFO - Started process (PID=305) to work on /home/airflow/.local/lib/python3.12/site-packages/airflow/example_dags/example_branch_operator_decorator.py
[2024-06-10T14:28:18.736+0000] {processor.py:830} INFO - Processing file /home/airflow/.local/lib/python3.12/site-packages/airflow/example_dags/example_branch_operator_decorator.py for tasks to queue
[2024-06-10T14:28:18.738+0000] {logging_mixin.py:188} INFO - [2024-06-10T14:28:18.738+0000] {dagbag.py:545} INFO - Filling up the DagBag from /home/airflow/.local/lib/python3.12/site-packages/airflow/example_dags/example_branch_operator_decorator.py
[2024-06-10T14:28:18.755+0000] {processor.py:840} INFO - DAG(s) 'example_branch_python_operator_decorator' retrieved from /home/airflow/.local/lib/python3.12/site-packages/airflow/example_dags/example_branch_operator_decorator.py
[2024-06-10T14:28:18.783+0000] {logging_mixin.py:188} INFO - [2024-06-10T14:28:18.783+0000] {dag.py:3096} INFO - Sync 1 DAGs
[2024-06-10T14:28:18.806+0000] {logging_mixin.py:188} INFO - [2024-06-10T14:28:18.806+0000] {dag.py:3954} INFO - Setting next_dagrun for example_branch_python_operator_decorator to 2024-06-09 00:00:00+00:00, run_after=2024-06-10 00:00:00+00:00
[2024-06-10T14:28:18.827+0000] {processor.py:183} INFO - Processing /home/airflow/.local/lib/python3.12/site-packages/airflow/example_dags/example_branch_operator_decorator.py took 0.098 seconds
[2024-06-10T14:28:49.804+0000] {processor.py:161} INFO - Started process (PID=365) to work on /home/airflow/.local/lib/python3.12/site-packages/airflow/example_dags/example_branch_operator_decorator.py
[2024-06-10T14:28:49.806+0000] {processor.py:830} INFO - Processing file /home/airflow/.local/lib/python3.12/site-packages/airflow/example_dags/example_branch_operator_decorator.py for tasks to queue
[2024-06-10T14:28:49.808+0000] {logging_mixin.py:188} INFO - [2024-06-10T14:28:49.808+0000] {dagbag.py:545} INFO - Filling up the DagBag from /home/airflow/.local/lib/python3.12/site-packages/airflow/example_dags/example_branch_operator_decorator.py
[2024-06-10T14:28:49.833+0000] {processor.py:840} INFO - DAG(s) 'example_branch_python_operator_decorator' retrieved from /home/airflow/.local/lib/python3.12/site-packages/airflow/example_dags/example_branch_operator_decorator.py
[2024-06-10T14:28:49.868+0000] {logging_mixin.py:188} INFO - [2024-06-10T14:28:49.867+0000] {dag.py:3096} INFO - Sync 1 DAGs
[2024-06-10T14:28:49.895+0000] {logging_mixin.py:188} INFO - [2024-06-10T14:28:49.894+0000] {dag.py:3954} INFO - Setting next_dagrun for example_branch_python_operator_decorator to 2024-06-09 00:00:00+00:00, run_after=2024-06-10 00:00:00+00:00
[2024-06-10T14:28:49.919+0000] {processor.py:183} INFO - Processing /home/airflow/.local/lib/python3.12/site-packages/airflow/example_dags/example_branch_operator_decorator.py took 0.123 seconds
[2024-06-10T14:29:20.197+0000] {processor.py:161} INFO - Started process (PID=425) to work on /home/airflow/.local/lib/python3.12/site-packages/airflow/example_dags/example_branch_operator_decorator.py
[2024-06-10T14:29:20.198+0000] {processor.py:830} INFO - Processing file /home/airflow/.local/lib/python3.12/site-packages/airflow/example_dags/example_branch_operator_decorator.py for tasks to queue
[2024-06-10T14:29:20.200+0000] {logging_mixin.py:188} INFO - [2024-06-10T14:29:20.200+0000] {dagbag.py:545} INFO - Filling up the DagBag from /home/airflow/.local/lib/python3.12/site-packages/airflow/example_dags/example_branch_operator_decorator.py
[2024-06-10T14:29:20.219+0000] {processor.py:840} INFO - DAG(s) 'example_branch_python_operator_decorator' retrieved from /home/airflow/.local/lib/python3.12/site-packages/airflow/example_dags/example_branch_operator_decorator.py
[2024-06-10T14:29:20.249+0000] {logging_mixin.py:188} INFO - [2024-06-10T14:29:20.249+0000] {dag.py:3096} INFO - Sync 1 DAGs
[2024-06-10T14:29:20.273+0000] {logging_mixin.py:188} INFO - [2024-06-10T14:29:20.273+0000] {dag.py:3954} INFO - Setting next_dagrun for example_branch_python_operator_decorator to 2024-06-09 00:00:00+00:00, run_after=2024-06-10 00:00:00+00:00
[2024-06-10T14:29:20.296+0000] {processor.py:183} INFO - Processing /home/airflow/.local/lib/python3.12/site-packages/airflow/example_dags/example_branch_operator_decorator.py took 0.106 seconds
[2024-06-10T14:29:50.665+0000] {processor.py:161} INFO - Started process (PID=485) to work on /home/airflow/.local/lib/python3.12/site-packages/airflow/example_dags/example_branch_operator_decorator.py
[2024-06-10T14:29:50.667+0000] {processor.py:830} INFO - Processing file /home/airflow/.local/lib/python3.12/site-packages/airflow/example_dags/example_branch_operator_decorator.py for tasks to queue
[2024-06-10T14:29:50.669+0000] {logging_mixin.py:188} INFO - [2024-06-10T14:29:50.668+0000] {dagbag.py:545} INFO - Filling up the DagBag from /home/airflow/.local/lib/python3.12/site-packages/airflow/example_dags/example_branch_operator_decorator.py
[2024-06-10T14:29:50.687+0000] {processor.py:840} INFO - DAG(s) 'example_branch_python_operator_decorator' retrieved from /home/airflow/.local/lib/python3.12/site-packages/airflow/example_dags/example_branch_operator_decorator.py
[2024-06-10T14:29:50.716+0000] {logging_mixin.py:188} INFO - [2024-06-10T14:29:50.715+0000] {dag.py:3096} INFO - Sync 1 DAGs
[2024-06-10T14:29:50.739+0000] {logging_mixin.py:188} INFO - [2024-06-10T14:29:50.739+0000] {dag.py:3954} INFO - Setting next_dagrun for example_branch_python_operator_decorator to 2024-06-09 00:00:00+00:00, run_after=2024-06-10 00:00:00+00:00
[2024-06-10T14:29:50.763+0000] {processor.py:183} INFO - Processing /home/airflow/.local/lib/python3.12/site-packages/airflow/example_dags/example_branch_operator_decorator.py took 0.103 seconds
