[2024-06-10T14:04:48.579+0000] {processor.py:161} INFO - Started process (PID=83) to work on /home/airflow/.local/lib/python3.12/site-packages/airflow/example_dags/example_nested_branch_dag.py
[2024-06-10T14:04:48.581+0000] {processor.py:830} INFO - Processing file /home/airflow/.local/lib/python3.12/site-packages/airflow/example_dags/example_nested_branch_dag.py for tasks to queue
[2024-06-10T14:04:48.583+0000] {logging_mixin.py:188} INFO - [2024-06-10T14:04:48.583+0000] {dagbag.py:545} INFO - Filling up the DagBag from /home/airflow/.local/lib/python3.12/site-packages/airflow/example_dags/example_nested_branch_dag.py
[2024-06-10T14:04:48.596+0000] {processor.py:840} INFO - DAG(s) 'example_nested_branch_dag' retrieved from /home/airflow/.local/lib/python3.12/site-packages/airflow/example_dags/example_nested_branch_dag.py
[2024-06-10T14:04:48.722+0000] {logging_mixin.py:188} INFO - [2024-06-10T14:04:48.721+0000] {dag.py:3096} INFO - Sync 1 DAGs
[2024-06-10T14:04:48.743+0000] {logging_mixin.py:188} INFO - [2024-06-10T14:04:48.743+0000] {dag.py:3954} INFO - Setting next_dagrun for example_nested_branch_dag to 2024-06-09 00:00:00+00:00, run_after=2024-06-10 00:00:00+00:00
[2024-06-10T14:04:48.767+0000] {processor.py:183} INFO - Processing /home/airflow/.local/lib/python3.12/site-packages/airflow/example_dags/example_nested_branch_dag.py took 0.193 seconds
[2024-06-10T14:05:18.872+0000] {processor.py:161} INFO - Started process (PID=152) to work on /home/airflow/.local/lib/python3.12/site-packages/airflow/example_dags/example_nested_branch_dag.py
[2024-06-10T14:05:18.873+0000] {processor.py:830} INFO - Processing file /home/airflow/.local/lib/python3.12/site-packages/airflow/example_dags/example_nested_branch_dag.py for tasks to queue
[2024-06-10T14:05:18.876+0000] {logging_mixin.py:188} INFO - [2024-06-10T14:05:18.875+0000] {dagbag.py:545} INFO - Filling up the DagBag from /home/airflow/.local/lib/python3.12/site-packages/airflow/example_dags/example_nested_branch_dag.py
[2024-06-10T14:05:18.885+0000] {processor.py:840} INFO - DAG(s) 'example_nested_branch_dag' retrieved from /home/airflow/.local/lib/python3.12/site-packages/airflow/example_dags/example_nested_branch_dag.py
[2024-06-10T14:05:18.906+0000] {logging_mixin.py:188} INFO - [2024-06-10T14:05:18.906+0000] {dag.py:3096} INFO - Sync 1 DAGs
[2024-06-10T14:05:18.932+0000] {logging_mixin.py:188} INFO - [2024-06-10T14:05:18.931+0000] {dag.py:3954} INFO - Setting next_dagrun for example_nested_branch_dag to 2024-06-09 00:00:00+00:00, run_after=2024-06-10 00:00:00+00:00
[2024-06-10T14:05:18.955+0000] {processor.py:183} INFO - Processing /home/airflow/.local/lib/python3.12/site-packages/airflow/example_dags/example_nested_branch_dag.py took 0.090 seconds
[2024-06-10T14:05:54.956+0000] {processor.py:161} INFO - Started process (PID=221) to work on /home/airflow/.local/lib/python3.12/site-packages/airflow/example_dags/example_nested_branch_dag.py
[2024-06-10T14:05:54.958+0000] {processor.py:830} INFO - Processing file /home/airflow/.local/lib/python3.12/site-packages/airflow/example_dags/example_nested_branch_dag.py for tasks to queue
[2024-06-10T14:05:54.960+0000] {logging_mixin.py:188} INFO - [2024-06-10T14:05:54.960+0000] {dagbag.py:545} INFO - Filling up the DagBag from /home/airflow/.local/lib/python3.12/site-packages/airflow/example_dags/example_nested_branch_dag.py
[2024-06-10T14:05:54.974+0000] {processor.py:840} INFO - DAG(s) 'example_nested_branch_dag' retrieved from /home/airflow/.local/lib/python3.12/site-packages/airflow/example_dags/example_nested_branch_dag.py
[2024-06-10T14:05:55.006+0000] {logging_mixin.py:188} INFO - [2024-06-10T14:05:55.005+0000] {dag.py:3096} INFO - Sync 1 DAGs
[2024-06-10T14:05:55.041+0000] {logging_mixin.py:188} INFO - [2024-06-10T14:05:55.041+0000] {dag.py:3954} INFO - Setting next_dagrun for example_nested_branch_dag to 2024-06-09 00:00:00+00:00, run_after=2024-06-10 00:00:00+00:00
[2024-06-10T14:05:55.067+0000] {processor.py:183} INFO - Processing /home/airflow/.local/lib/python3.12/site-packages/airflow/example_dags/example_nested_branch_dag.py took 0.117 seconds
[2024-06-10T14:06:26.034+0000] {processor.py:161} INFO - Started process (PID=290) to work on /home/airflow/.local/lib/python3.12/site-packages/airflow/example_dags/example_nested_branch_dag.py
[2024-06-10T14:06:26.036+0000] {processor.py:830} INFO - Processing file /home/airflow/.local/lib/python3.12/site-packages/airflow/example_dags/example_nested_branch_dag.py for tasks to queue
[2024-06-10T14:06:26.038+0000] {logging_mixin.py:188} INFO - [2024-06-10T14:06:26.038+0000] {dagbag.py:545} INFO - Filling up the DagBag from /home/airflow/.local/lib/python3.12/site-packages/airflow/example_dags/example_nested_branch_dag.py
[2024-06-10T14:06:26.053+0000] {processor.py:840} INFO - DAG(s) 'example_nested_branch_dag' retrieved from /home/airflow/.local/lib/python3.12/site-packages/airflow/example_dags/example_nested_branch_dag.py
[2024-06-10T14:06:26.065+0000] {logging_mixin.py:188} INFO - [2024-06-10T14:06:26.065+0000] {dag.py:3096} INFO - Sync 1 DAGs
[2024-06-10T14:06:26.094+0000] {logging_mixin.py:188} INFO - [2024-06-10T14:06:26.094+0000] {dag.py:3954} INFO - Setting next_dagrun for example_nested_branch_dag to 2024-06-09 00:00:00+00:00, run_after=2024-06-10 00:00:00+00:00
[2024-06-10T14:06:26.116+0000] {processor.py:183} INFO - Processing /home/airflow/.local/lib/python3.12/site-packages/airflow/example_dags/example_nested_branch_dag.py took 0.091 seconds
[2024-06-10T14:07:24.319+0000] {processor.py:161} INFO - Started process (PID=83) to work on /home/airflow/.local/lib/python3.12/site-packages/airflow/example_dags/example_nested_branch_dag.py
[2024-06-10T14:07:24.321+0000] {processor.py:830} INFO - Processing file /home/airflow/.local/lib/python3.12/site-packages/airflow/example_dags/example_nested_branch_dag.py for tasks to queue
[2024-06-10T14:07:24.323+0000] {logging_mixin.py:188} INFO - [2024-06-10T14:07:24.323+0000] {dagbag.py:545} INFO - Filling up the DagBag from /home/airflow/.local/lib/python3.12/site-packages/airflow/example_dags/example_nested_branch_dag.py
[2024-06-10T14:07:24.338+0000] {processor.py:840} INFO - DAG(s) 'example_nested_branch_dag' retrieved from /home/airflow/.local/lib/python3.12/site-packages/airflow/example_dags/example_nested_branch_dag.py
[2024-06-10T14:07:24.626+0000] {logging_mixin.py:188} INFO - [2024-06-10T14:07:24.626+0000] {dag.py:3096} INFO - Sync 1 DAGs
[2024-06-10T14:07:24.650+0000] {logging_mixin.py:188} INFO - [2024-06-10T14:07:24.649+0000] {dag.py:3954} INFO - Setting next_dagrun for example_nested_branch_dag to 2024-06-09 00:00:00+00:00, run_after=2024-06-10 00:00:00+00:00
[2024-06-10T14:07:24.674+0000] {processor.py:183} INFO - Processing /home/airflow/.local/lib/python3.12/site-packages/airflow/example_dags/example_nested_branch_dag.py took 0.361 seconds
[2024-06-10T14:07:54.832+0000] {processor.py:161} INFO - Started process (PID=152) to work on /home/airflow/.local/lib/python3.12/site-packages/airflow/example_dags/example_nested_branch_dag.py
[2024-06-10T14:07:54.834+0000] {processor.py:830} INFO - Processing file /home/airflow/.local/lib/python3.12/site-packages/airflow/example_dags/example_nested_branch_dag.py for tasks to queue
[2024-06-10T14:07:54.836+0000] {logging_mixin.py:188} INFO - [2024-06-10T14:07:54.836+0000] {dagbag.py:545} INFO - Filling up the DagBag from /home/airflow/.local/lib/python3.12/site-packages/airflow/example_dags/example_nested_branch_dag.py
[2024-06-10T14:07:54.849+0000] {processor.py:840} INFO - DAG(s) 'example_nested_branch_dag' retrieved from /home/airflow/.local/lib/python3.12/site-packages/airflow/example_dags/example_nested_branch_dag.py
[2024-06-10T14:07:54.875+0000] {logging_mixin.py:188} INFO - [2024-06-10T14:07:54.874+0000] {dag.py:3096} INFO - Sync 1 DAGs
[2024-06-10T14:07:54.900+0000] {logging_mixin.py:188} INFO - [2024-06-10T14:07:54.900+0000] {dag.py:3954} INFO - Setting next_dagrun for example_nested_branch_dag to 2024-06-09 00:00:00+00:00, run_after=2024-06-10 00:00:00+00:00
[2024-06-10T14:07:54.925+0000] {processor.py:183} INFO - Processing /home/airflow/.local/lib/python3.12/site-packages/airflow/example_dags/example_nested_branch_dag.py took 0.099 seconds
[2024-06-10T14:08:25.026+0000] {processor.py:161} INFO - Started process (PID=221) to work on /home/airflow/.local/lib/python3.12/site-packages/airflow/example_dags/example_nested_branch_dag.py
[2024-06-10T14:08:25.028+0000] {processor.py:830} INFO - Processing file /home/airflow/.local/lib/python3.12/site-packages/airflow/example_dags/example_nested_branch_dag.py for tasks to queue
[2024-06-10T14:08:25.031+0000] {logging_mixin.py:188} INFO - [2024-06-10T14:08:25.030+0000] {dagbag.py:545} INFO - Filling up the DagBag from /home/airflow/.local/lib/python3.12/site-packages/airflow/example_dags/example_nested_branch_dag.py
[2024-06-10T14:08:25.042+0000] {processor.py:840} INFO - DAG(s) 'example_nested_branch_dag' retrieved from /home/airflow/.local/lib/python3.12/site-packages/airflow/example_dags/example_nested_branch_dag.py
[2024-06-10T14:08:25.067+0000] {logging_mixin.py:188} INFO - [2024-06-10T14:08:25.067+0000] {dag.py:3096} INFO - Sync 1 DAGs
[2024-06-10T14:08:25.093+0000] {logging_mixin.py:188} INFO - [2024-06-10T14:08:25.092+0000] {dag.py:3954} INFO - Setting next_dagrun for example_nested_branch_dag to 2024-06-09 00:00:00+00:00, run_after=2024-06-10 00:00:00+00:00
[2024-06-10T14:08:25.116+0000] {processor.py:183} INFO - Processing /home/airflow/.local/lib/python3.12/site-packages/airflow/example_dags/example_nested_branch_dag.py took 0.096 seconds
[2024-06-10T14:08:55.700+0000] {processor.py:161} INFO - Started process (PID=290) to work on /home/airflow/.local/lib/python3.12/site-packages/airflow/example_dags/example_nested_branch_dag.py
[2024-06-10T14:08:55.701+0000] {processor.py:830} INFO - Processing file /home/airflow/.local/lib/python3.12/site-packages/airflow/example_dags/example_nested_branch_dag.py for tasks to queue
[2024-06-10T14:08:55.703+0000] {logging_mixin.py:188} INFO - [2024-06-10T14:08:55.703+0000] {dagbag.py:545} INFO - Filling up the DagBag from /home/airflow/.local/lib/python3.12/site-packages/airflow/example_dags/example_nested_branch_dag.py
[2024-06-10T14:08:55.713+0000] {processor.py:840} INFO - DAG(s) 'example_nested_branch_dag' retrieved from /home/airflow/.local/lib/python3.12/site-packages/airflow/example_dags/example_nested_branch_dag.py
[2024-06-10T14:08:55.734+0000] {logging_mixin.py:188} INFO - [2024-06-10T14:08:55.734+0000] {dag.py:3096} INFO - Sync 1 DAGs
[2024-06-10T14:08:55.762+0000] {logging_mixin.py:188} INFO - [2024-06-10T14:08:55.762+0000] {dag.py:3954} INFO - Setting next_dagrun for example_nested_branch_dag to 2024-06-09 00:00:00+00:00, run_after=2024-06-10 00:00:00+00:00
[2024-06-10T14:08:55.785+0000] {processor.py:183} INFO - Processing /home/airflow/.local/lib/python3.12/site-packages/airflow/example_dags/example_nested_branch_dag.py took 0.091 seconds
[2024-06-10T14:09:26.292+0000] {processor.py:161} INFO - Started process (PID=359) to work on /home/airflow/.local/lib/python3.12/site-packages/airflow/example_dags/example_nested_branch_dag.py
[2024-06-10T14:09:26.294+0000] {processor.py:830} INFO - Processing file /home/airflow/.local/lib/python3.12/site-packages/airflow/example_dags/example_nested_branch_dag.py for tasks to queue
[2024-06-10T14:09:26.297+0000] {logging_mixin.py:188} INFO - [2024-06-10T14:09:26.296+0000] {dagbag.py:545} INFO - Filling up the DagBag from /home/airflow/.local/lib/python3.12/site-packages/airflow/example_dags/example_nested_branch_dag.py
[2024-06-10T14:09:26.310+0000] {processor.py:840} INFO - DAG(s) 'example_nested_branch_dag' retrieved from /home/airflow/.local/lib/python3.12/site-packages/airflow/example_dags/example_nested_branch_dag.py
[2024-06-10T14:09:26.338+0000] {logging_mixin.py:188} INFO - [2024-06-10T14:09:26.338+0000] {dag.py:3096} INFO - Sync 1 DAGs
[2024-06-10T14:09:26.366+0000] {logging_mixin.py:188} INFO - [2024-06-10T14:09:26.366+0000] {dag.py:3954} INFO - Setting next_dagrun for example_nested_branch_dag to 2024-06-09 00:00:00+00:00, run_after=2024-06-10 00:00:00+00:00
[2024-06-10T14:09:26.387+0000] {processor.py:183} INFO - Processing /home/airflow/.local/lib/python3.12/site-packages/airflow/example_dags/example_nested_branch_dag.py took 0.102 seconds
[2024-06-10T14:09:57.326+0000] {processor.py:161} INFO - Started process (PID=428) to work on /home/airflow/.local/lib/python3.12/site-packages/airflow/example_dags/example_nested_branch_dag.py
[2024-06-10T14:09:57.328+0000] {processor.py:830} INFO - Processing file /home/airflow/.local/lib/python3.12/site-packages/airflow/example_dags/example_nested_branch_dag.py for tasks to queue
[2024-06-10T14:09:57.331+0000] {logging_mixin.py:188} INFO - [2024-06-10T14:09:57.330+0000] {dagbag.py:545} INFO - Filling up the DagBag from /home/airflow/.local/lib/python3.12/site-packages/airflow/example_dags/example_nested_branch_dag.py
[2024-06-10T14:09:57.344+0000] {processor.py:840} INFO - DAG(s) 'example_nested_branch_dag' retrieved from /home/airflow/.local/lib/python3.12/site-packages/airflow/example_dags/example_nested_branch_dag.py
[2024-06-10T14:09:57.369+0000] {logging_mixin.py:188} INFO - [2024-06-10T14:09:57.369+0000] {dag.py:3096} INFO - Sync 1 DAGs
[2024-06-10T14:09:57.400+0000] {logging_mixin.py:188} INFO - [2024-06-10T14:09:57.400+0000] {dag.py:3954} INFO - Setting next_dagrun for example_nested_branch_dag to 2024-06-09 00:00:00+00:00, run_after=2024-06-10 00:00:00+00:00
[2024-06-10T14:09:57.427+0000] {processor.py:183} INFO - Processing /home/airflow/.local/lib/python3.12/site-packages/airflow/example_dags/example_nested_branch_dag.py took 0.107 seconds
[2024-06-10T14:10:27.831+0000] {processor.py:161} INFO - Started process (PID=497) to work on /home/airflow/.local/lib/python3.12/site-packages/airflow/example_dags/example_nested_branch_dag.py
[2024-06-10T14:10:27.833+0000] {processor.py:830} INFO - Processing file /home/airflow/.local/lib/python3.12/site-packages/airflow/example_dags/example_nested_branch_dag.py for tasks to queue
[2024-06-10T14:10:27.835+0000] {logging_mixin.py:188} INFO - [2024-06-10T14:10:27.834+0000] {dagbag.py:545} INFO - Filling up the DagBag from /home/airflow/.local/lib/python3.12/site-packages/airflow/example_dags/example_nested_branch_dag.py
[2024-06-10T14:10:27.846+0000] {processor.py:840} INFO - DAG(s) 'example_nested_branch_dag' retrieved from /home/airflow/.local/lib/python3.12/site-packages/airflow/example_dags/example_nested_branch_dag.py
[2024-06-10T14:10:27.872+0000] {logging_mixin.py:188} INFO - [2024-06-10T14:10:27.872+0000] {dag.py:3096} INFO - Sync 1 DAGs
[2024-06-10T14:10:27.897+0000] {logging_mixin.py:188} INFO - [2024-06-10T14:10:27.897+0000] {dag.py:3954} INFO - Setting next_dagrun for example_nested_branch_dag to 2024-06-09 00:00:00+00:00, run_after=2024-06-10 00:00:00+00:00
[2024-06-10T14:10:27.916+0000] {processor.py:183} INFO - Processing /home/airflow/.local/lib/python3.12/site-packages/airflow/example_dags/example_nested_branch_dag.py took 0.089 seconds
[2024-06-10T14:10:58.816+0000] {processor.py:161} INFO - Started process (PID=566) to work on /home/airflow/.local/lib/python3.12/site-packages/airflow/example_dags/example_nested_branch_dag.py
[2024-06-10T14:10:58.818+0000] {processor.py:830} INFO - Processing file /home/airflow/.local/lib/python3.12/site-packages/airflow/example_dags/example_nested_branch_dag.py for tasks to queue
[2024-06-10T14:10:58.820+0000] {logging_mixin.py:188} INFO - [2024-06-10T14:10:58.819+0000] {dagbag.py:545} INFO - Filling up the DagBag from /home/airflow/.local/lib/python3.12/site-packages/airflow/example_dags/example_nested_branch_dag.py
[2024-06-10T14:10:58.830+0000] {processor.py:840} INFO - DAG(s) 'example_nested_branch_dag' retrieved from /home/airflow/.local/lib/python3.12/site-packages/airflow/example_dags/example_nested_branch_dag.py
[2024-06-10T14:10:58.853+0000] {logging_mixin.py:188} INFO - [2024-06-10T14:10:58.853+0000] {dag.py:3096} INFO - Sync 1 DAGs
[2024-06-10T14:10:59.021+0000] {logging_mixin.py:188} INFO - [2024-06-10T14:10:59.021+0000] {dag.py:3954} INFO - Setting next_dagrun for example_nested_branch_dag to 2024-06-09 00:00:00+00:00, run_after=2024-06-10 00:00:00+00:00
[2024-06-10T14:10:59.044+0000] {processor.py:183} INFO - Processing /home/airflow/.local/lib/python3.12/site-packages/airflow/example_dags/example_nested_branch_dag.py took 0.234 seconds
[2024-06-10T14:11:29.416+0000] {processor.py:161} INFO - Started process (PID=635) to work on /home/airflow/.local/lib/python3.12/site-packages/airflow/example_dags/example_nested_branch_dag.py
[2024-06-10T14:11:29.418+0000] {processor.py:830} INFO - Processing file /home/airflow/.local/lib/python3.12/site-packages/airflow/example_dags/example_nested_branch_dag.py for tasks to queue
[2024-06-10T14:11:29.420+0000] {logging_mixin.py:188} INFO - [2024-06-10T14:11:29.420+0000] {dagbag.py:545} INFO - Filling up the DagBag from /home/airflow/.local/lib/python3.12/site-packages/airflow/example_dags/example_nested_branch_dag.py
[2024-06-10T14:11:29.431+0000] {processor.py:840} INFO - DAG(s) 'example_nested_branch_dag' retrieved from /home/airflow/.local/lib/python3.12/site-packages/airflow/example_dags/example_nested_branch_dag.py
[2024-06-10T14:11:29.456+0000] {logging_mixin.py:188} INFO - [2024-06-10T14:11:29.456+0000] {dag.py:3096} INFO - Sync 1 DAGs
[2024-06-10T14:11:29.477+0000] {logging_mixin.py:188} INFO - [2024-06-10T14:11:29.477+0000] {dag.py:3954} INFO - Setting next_dagrun for example_nested_branch_dag to 2024-06-09 00:00:00+00:00, run_after=2024-06-10 00:00:00+00:00
[2024-06-10T14:11:29.636+0000] {processor.py:183} INFO - Processing /home/airflow/.local/lib/python3.12/site-packages/airflow/example_dags/example_nested_branch_dag.py took 0.225 seconds
[2024-06-10T14:11:59.873+0000] {processor.py:161} INFO - Started process (PID=704) to work on /home/airflow/.local/lib/python3.12/site-packages/airflow/example_dags/example_nested_branch_dag.py
[2024-06-10T14:11:59.874+0000] {processor.py:830} INFO - Processing file /home/airflow/.local/lib/python3.12/site-packages/airflow/example_dags/example_nested_branch_dag.py for tasks to queue
[2024-06-10T14:11:59.876+0000] {logging_mixin.py:188} INFO - [2024-06-10T14:11:59.876+0000] {dagbag.py:545} INFO - Filling up the DagBag from /home/airflow/.local/lib/python3.12/site-packages/airflow/example_dags/example_nested_branch_dag.py
[2024-06-10T14:11:59.886+0000] {processor.py:840} INFO - DAG(s) 'example_nested_branch_dag' retrieved from /home/airflow/.local/lib/python3.12/site-packages/airflow/example_dags/example_nested_branch_dag.py
[2024-06-10T14:11:59.911+0000] {logging_mixin.py:188} INFO - [2024-06-10T14:11:59.911+0000] {dag.py:3096} INFO - Sync 1 DAGs
[2024-06-10T14:11:59.940+0000] {logging_mixin.py:188} INFO - [2024-06-10T14:11:59.940+0000] {dag.py:3954} INFO - Setting next_dagrun for example_nested_branch_dag to 2024-06-09 00:00:00+00:00, run_after=2024-06-10 00:00:00+00:00
[2024-06-10T14:11:59.970+0000] {processor.py:183} INFO - Processing /home/airflow/.local/lib/python3.12/site-packages/airflow/example_dags/example_nested_branch_dag.py took 0.104 seconds
[2024-06-10T14:12:31.993+0000] {processor.py:161} INFO - Started process (PID=773) to work on /home/airflow/.local/lib/python3.12/site-packages/airflow/example_dags/example_nested_branch_dag.py
[2024-06-10T14:12:31.995+0000] {processor.py:830} INFO - Processing file /home/airflow/.local/lib/python3.12/site-packages/airflow/example_dags/example_nested_branch_dag.py for tasks to queue
[2024-06-10T14:12:31.999+0000] {logging_mixin.py:188} INFO - [2024-06-10T14:12:31.999+0000] {dagbag.py:545} INFO - Filling up the DagBag from /home/airflow/.local/lib/python3.12/site-packages/airflow/example_dags/example_nested_branch_dag.py
[2024-06-10T14:12:32.011+0000] {processor.py:840} INFO - DAG(s) 'example_nested_branch_dag' retrieved from /home/airflow/.local/lib/python3.12/site-packages/airflow/example_dags/example_nested_branch_dag.py
[2024-06-10T14:12:32.040+0000] {logging_mixin.py:188} INFO - [2024-06-10T14:12:32.040+0000] {dag.py:3096} INFO - Sync 1 DAGs
[2024-06-10T14:12:32.074+0000] {logging_mixin.py:188} INFO - [2024-06-10T14:12:32.073+0000] {dag.py:3954} INFO - Setting next_dagrun for example_nested_branch_dag to 2024-06-09 00:00:00+00:00, run_after=2024-06-10 00:00:00+00:00
[2024-06-10T14:12:32.114+0000] {processor.py:183} INFO - Processing /home/airflow/.local/lib/python3.12/site-packages/airflow/example_dags/example_nested_branch_dag.py took 0.129 seconds
[2024-06-10T14:13:02.781+0000] {processor.py:161} INFO - Started process (PID=842) to work on /home/airflow/.local/lib/python3.12/site-packages/airflow/example_dags/example_nested_branch_dag.py
[2024-06-10T14:13:02.783+0000] {processor.py:830} INFO - Processing file /home/airflow/.local/lib/python3.12/site-packages/airflow/example_dags/example_nested_branch_dag.py for tasks to queue
[2024-06-10T14:13:02.785+0000] {logging_mixin.py:188} INFO - [2024-06-10T14:13:02.784+0000] {dagbag.py:545} INFO - Filling up the DagBag from /home/airflow/.local/lib/python3.12/site-packages/airflow/example_dags/example_nested_branch_dag.py
[2024-06-10T14:13:02.793+0000] {processor.py:840} INFO - DAG(s) 'example_nested_branch_dag' retrieved from /home/airflow/.local/lib/python3.12/site-packages/airflow/example_dags/example_nested_branch_dag.py
[2024-06-10T14:13:02.816+0000] {logging_mixin.py:188} INFO - [2024-06-10T14:13:02.816+0000] {dag.py:3096} INFO - Sync 1 DAGs
[2024-06-10T14:13:02.838+0000] {logging_mixin.py:188} INFO - [2024-06-10T14:13:02.837+0000] {dag.py:3954} INFO - Setting next_dagrun for example_nested_branch_dag to 2024-06-09 00:00:00+00:00, run_after=2024-06-10 00:00:00+00:00
[2024-06-10T14:13:02.859+0000] {processor.py:183} INFO - Processing /home/airflow/.local/lib/python3.12/site-packages/airflow/example_dags/example_nested_branch_dag.py took 0.083 seconds
[2024-06-10T14:13:32.952+0000] {processor.py:161} INFO - Started process (PID=911) to work on /home/airflow/.local/lib/python3.12/site-packages/airflow/example_dags/example_nested_branch_dag.py
[2024-06-10T14:13:32.953+0000] {processor.py:830} INFO - Processing file /home/airflow/.local/lib/python3.12/site-packages/airflow/example_dags/example_nested_branch_dag.py for tasks to queue
[2024-06-10T14:13:32.956+0000] {logging_mixin.py:188} INFO - [2024-06-10T14:13:32.955+0000] {dagbag.py:545} INFO - Filling up the DagBag from /home/airflow/.local/lib/python3.12/site-packages/airflow/example_dags/example_nested_branch_dag.py
[2024-06-10T14:13:32.976+0000] {processor.py:840} INFO - DAG(s) 'example_nested_branch_dag' retrieved from /home/airflow/.local/lib/python3.12/site-packages/airflow/example_dags/example_nested_branch_dag.py
[2024-06-10T14:13:33.007+0000] {logging_mixin.py:188} INFO - [2024-06-10T14:13:33.007+0000] {dag.py:3096} INFO - Sync 1 DAGs
[2024-06-10T14:13:33.045+0000] {logging_mixin.py:188} INFO - [2024-06-10T14:13:33.044+0000] {dag.py:3954} INFO - Setting next_dagrun for example_nested_branch_dag to 2024-06-09 00:00:00+00:00, run_after=2024-06-10 00:00:00+00:00
[2024-06-10T14:13:33.073+0000] {processor.py:183} INFO - Processing /home/airflow/.local/lib/python3.12/site-packages/airflow/example_dags/example_nested_branch_dag.py took 0.129 seconds
[2024-06-10T14:14:03.383+0000] {processor.py:161} INFO - Started process (PID=980) to work on /home/airflow/.local/lib/python3.12/site-packages/airflow/example_dags/example_nested_branch_dag.py
[2024-06-10T14:14:03.384+0000] {processor.py:830} INFO - Processing file /home/airflow/.local/lib/python3.12/site-packages/airflow/example_dags/example_nested_branch_dag.py for tasks to queue
[2024-06-10T14:14:03.387+0000] {logging_mixin.py:188} INFO - [2024-06-10T14:14:03.387+0000] {dagbag.py:545} INFO - Filling up the DagBag from /home/airflow/.local/lib/python3.12/site-packages/airflow/example_dags/example_nested_branch_dag.py
[2024-06-10T14:14:03.397+0000] {processor.py:840} INFO - DAG(s) 'example_nested_branch_dag' retrieved from /home/airflow/.local/lib/python3.12/site-packages/airflow/example_dags/example_nested_branch_dag.py
[2024-06-10T14:14:03.421+0000] {logging_mixin.py:188} INFO - [2024-06-10T14:14:03.420+0000] {dag.py:3096} INFO - Sync 1 DAGs
[2024-06-10T14:14:03.447+0000] {logging_mixin.py:188} INFO - [2024-06-10T14:14:03.447+0000] {dag.py:3954} INFO - Setting next_dagrun for example_nested_branch_dag to 2024-06-09 00:00:00+00:00, run_after=2024-06-10 00:00:00+00:00
[2024-06-10T14:14:03.471+0000] {processor.py:183} INFO - Processing /home/airflow/.local/lib/python3.12/site-packages/airflow/example_dags/example_nested_branch_dag.py took 0.095 seconds
[2024-06-10T14:14:34.242+0000] {processor.py:161} INFO - Started process (PID=1049) to work on /home/airflow/.local/lib/python3.12/site-packages/airflow/example_dags/example_nested_branch_dag.py
[2024-06-10T14:14:34.244+0000] {processor.py:830} INFO - Processing file /home/airflow/.local/lib/python3.12/site-packages/airflow/example_dags/example_nested_branch_dag.py for tasks to queue
[2024-06-10T14:14:34.246+0000] {logging_mixin.py:188} INFO - [2024-06-10T14:14:34.246+0000] {dagbag.py:545} INFO - Filling up the DagBag from /home/airflow/.local/lib/python3.12/site-packages/airflow/example_dags/example_nested_branch_dag.py
[2024-06-10T14:14:34.256+0000] {processor.py:840} INFO - DAG(s) 'example_nested_branch_dag' retrieved from /home/airflow/.local/lib/python3.12/site-packages/airflow/example_dags/example_nested_branch_dag.py
[2024-06-10T14:14:34.280+0000] {logging_mixin.py:188} INFO - [2024-06-10T14:14:34.280+0000] {dag.py:3096} INFO - Sync 1 DAGs
[2024-06-10T14:14:34.303+0000] {logging_mixin.py:188} INFO - [2024-06-10T14:14:34.303+0000] {dag.py:3954} INFO - Setting next_dagrun for example_nested_branch_dag to 2024-06-09 00:00:00+00:00, run_after=2024-06-10 00:00:00+00:00
[2024-06-10T14:14:34.326+0000] {processor.py:183} INFO - Processing /home/airflow/.local/lib/python3.12/site-packages/airflow/example_dags/example_nested_branch_dag.py took 0.089 seconds
[2024-06-10T14:15:04.962+0000] {processor.py:161} INFO - Started process (PID=1119) to work on /home/airflow/.local/lib/python3.12/site-packages/airflow/example_dags/example_nested_branch_dag.py
[2024-06-10T14:15:04.964+0000] {processor.py:830} INFO - Processing file /home/airflow/.local/lib/python3.12/site-packages/airflow/example_dags/example_nested_branch_dag.py for tasks to queue
[2024-06-10T14:15:04.966+0000] {logging_mixin.py:188} INFO - [2024-06-10T14:15:04.965+0000] {dagbag.py:545} INFO - Filling up the DagBag from /home/airflow/.local/lib/python3.12/site-packages/airflow/example_dags/example_nested_branch_dag.py
[2024-06-10T14:15:04.976+0000] {processor.py:840} INFO - DAG(s) 'example_nested_branch_dag' retrieved from /home/airflow/.local/lib/python3.12/site-packages/airflow/example_dags/example_nested_branch_dag.py
[2024-06-10T14:15:05.001+0000] {logging_mixin.py:188} INFO - [2024-06-10T14:15:05.000+0000] {dag.py:3096} INFO - Sync 1 DAGs
[2024-06-10T14:15:05.024+0000] {logging_mixin.py:188} INFO - [2024-06-10T14:15:05.024+0000] {dag.py:3954} INFO - Setting next_dagrun for example_nested_branch_dag to 2024-06-09 00:00:00+00:00, run_after=2024-06-10 00:00:00+00:00
[2024-06-10T14:15:05.042+0000] {processor.py:183} INFO - Processing /home/airflow/.local/lib/python3.12/site-packages/airflow/example_dags/example_nested_branch_dag.py took 0.085 seconds
[2024-06-10T14:15:35.128+0000] {processor.py:161} INFO - Started process (PID=1187) to work on /home/airflow/.local/lib/python3.12/site-packages/airflow/example_dags/example_nested_branch_dag.py
[2024-06-10T14:15:35.129+0000] {processor.py:830} INFO - Processing file /home/airflow/.local/lib/python3.12/site-packages/airflow/example_dags/example_nested_branch_dag.py for tasks to queue
[2024-06-10T14:15:35.130+0000] {logging_mixin.py:188} INFO - [2024-06-10T14:15:35.130+0000] {dagbag.py:545} INFO - Filling up the DagBag from /home/airflow/.local/lib/python3.12/site-packages/airflow/example_dags/example_nested_branch_dag.py
[2024-06-10T14:15:35.141+0000] {processor.py:840} INFO - DAG(s) 'example_nested_branch_dag' retrieved from /home/airflow/.local/lib/python3.12/site-packages/airflow/example_dags/example_nested_branch_dag.py
[2024-06-10T14:15:35.164+0000] {logging_mixin.py:188} INFO - [2024-06-10T14:15:35.163+0000] {dag.py:3096} INFO - Sync 1 DAGs
[2024-06-10T14:15:35.191+0000] {logging_mixin.py:188} INFO - [2024-06-10T14:15:35.190+0000] {dag.py:3954} INFO - Setting next_dagrun for example_nested_branch_dag to 2024-06-09 00:00:00+00:00, run_after=2024-06-10 00:00:00+00:00
[2024-06-10T14:15:35.211+0000] {processor.py:183} INFO - Processing /home/airflow/.local/lib/python3.12/site-packages/airflow/example_dags/example_nested_branch_dag.py took 0.090 seconds
[2024-06-10T14:16:05.466+0000] {processor.py:161} INFO - Started process (PID=1247) to work on /home/airflow/.local/lib/python3.12/site-packages/airflow/example_dags/example_nested_branch_dag.py
[2024-06-10T14:16:05.468+0000] {processor.py:830} INFO - Processing file /home/airflow/.local/lib/python3.12/site-packages/airflow/example_dags/example_nested_branch_dag.py for tasks to queue
[2024-06-10T14:16:05.470+0000] {logging_mixin.py:188} INFO - [2024-06-10T14:16:05.468+0000] {dagbag.py:545} INFO - Filling up the DagBag from /home/airflow/.local/lib/python3.12/site-packages/airflow/example_dags/example_nested_branch_dag.py
[2024-06-10T14:16:05.481+0000] {processor.py:840} INFO - DAG(s) 'example_nested_branch_dag' retrieved from /home/airflow/.local/lib/python3.12/site-packages/airflow/example_dags/example_nested_branch_dag.py
[2024-06-10T14:16:05.506+0000] {logging_mixin.py:188} INFO - [2024-06-10T14:16:05.506+0000] {dag.py:3096} INFO - Sync 1 DAGs
[2024-06-10T14:16:05.532+0000] {logging_mixin.py:188} INFO - [2024-06-10T14:16:05.531+0000] {dag.py:3954} INFO - Setting next_dagrun for example_nested_branch_dag to 2024-06-09 00:00:00+00:00, run_after=2024-06-10 00:00:00+00:00
[2024-06-10T14:16:05.558+0000] {processor.py:183} INFO - Processing /home/airflow/.local/lib/python3.12/site-packages/airflow/example_dags/example_nested_branch_dag.py took 0.098 seconds
[2024-06-10T14:16:35.888+0000] {processor.py:161} INFO - Started process (PID=1307) to work on /home/airflow/.local/lib/python3.12/site-packages/airflow/example_dags/example_nested_branch_dag.py
[2024-06-10T14:16:35.889+0000] {processor.py:830} INFO - Processing file /home/airflow/.local/lib/python3.12/site-packages/airflow/example_dags/example_nested_branch_dag.py for tasks to queue
[2024-06-10T14:16:35.890+0000] {logging_mixin.py:188} INFO - [2024-06-10T14:16:35.890+0000] {dagbag.py:545} INFO - Filling up the DagBag from /home/airflow/.local/lib/python3.12/site-packages/airflow/example_dags/example_nested_branch_dag.py
[2024-06-10T14:16:35.906+0000] {processor.py:840} INFO - DAG(s) 'example_nested_branch_dag' retrieved from /home/airflow/.local/lib/python3.12/site-packages/airflow/example_dags/example_nested_branch_dag.py
[2024-06-10T14:16:35.954+0000] {logging_mixin.py:188} INFO - [2024-06-10T14:16:35.954+0000] {dag.py:3096} INFO - Sync 1 DAGs
[2024-06-10T14:16:35.985+0000] {logging_mixin.py:188} INFO - [2024-06-10T14:16:35.985+0000] {dag.py:3954} INFO - Setting next_dagrun for example_nested_branch_dag to 2024-06-09 00:00:00+00:00, run_after=2024-06-10 00:00:00+00:00
[2024-06-10T14:16:36.303+0000] {processor.py:183} INFO - Processing /home/airflow/.local/lib/python3.12/site-packages/airflow/example_dags/example_nested_branch_dag.py took 0.423 seconds
[2024-06-10T14:17:07.043+0000] {processor.py:161} INFO - Started process (PID=1367) to work on /home/airflow/.local/lib/python3.12/site-packages/airflow/example_dags/example_nested_branch_dag.py
[2024-06-10T14:17:07.045+0000] {processor.py:830} INFO - Processing file /home/airflow/.local/lib/python3.12/site-packages/airflow/example_dags/example_nested_branch_dag.py for tasks to queue
[2024-06-10T14:17:07.046+0000] {logging_mixin.py:188} INFO - [2024-06-10T14:17:07.046+0000] {dagbag.py:545} INFO - Filling up the DagBag from /home/airflow/.local/lib/python3.12/site-packages/airflow/example_dags/example_nested_branch_dag.py
[2024-06-10T14:17:07.056+0000] {processor.py:840} INFO - DAG(s) 'example_nested_branch_dag' retrieved from /home/airflow/.local/lib/python3.12/site-packages/airflow/example_dags/example_nested_branch_dag.py
[2024-06-10T14:17:07.069+0000] {logging_mixin.py:188} INFO - [2024-06-10T14:17:07.068+0000] {dag.py:3096} INFO - Sync 1 DAGs
[2024-06-10T14:17:07.092+0000] {logging_mixin.py:188} INFO - [2024-06-10T14:17:07.092+0000] {dag.py:3954} INFO - Setting next_dagrun for example_nested_branch_dag to 2024-06-09 00:00:00+00:00, run_after=2024-06-10 00:00:00+00:00
[2024-06-10T14:17:07.116+0000] {processor.py:183} INFO - Processing /home/airflow/.local/lib/python3.12/site-packages/airflow/example_dags/example_nested_branch_dag.py took 0.078 seconds
[2024-06-10T14:17:43.700+0000] {processor.py:161} INFO - Started process (PID=1427) to work on /home/airflow/.local/lib/python3.12/site-packages/airflow/example_dags/example_nested_branch_dag.py
[2024-06-10T14:17:43.701+0000] {processor.py:830} INFO - Processing file /home/airflow/.local/lib/python3.12/site-packages/airflow/example_dags/example_nested_branch_dag.py for tasks to queue
[2024-06-10T14:17:43.703+0000] {logging_mixin.py:188} INFO - [2024-06-10T14:17:43.702+0000] {dagbag.py:545} INFO - Filling up the DagBag from /home/airflow/.local/lib/python3.12/site-packages/airflow/example_dags/example_nested_branch_dag.py
[2024-06-10T14:17:43.713+0000] {processor.py:840} INFO - DAG(s) 'example_nested_branch_dag' retrieved from /home/airflow/.local/lib/python3.12/site-packages/airflow/example_dags/example_nested_branch_dag.py
[2024-06-10T14:17:43.850+0000] {logging_mixin.py:188} INFO - [2024-06-10T14:17:43.849+0000] {dag.py:3096} INFO - Sync 1 DAGs
[2024-06-10T14:17:43.879+0000] {logging_mixin.py:188} INFO - [2024-06-10T14:17:43.878+0000] {dag.py:3954} INFO - Setting next_dagrun for example_nested_branch_dag to 2024-06-09 00:00:00+00:00, run_after=2024-06-10 00:00:00+00:00
[2024-06-10T14:17:43.909+0000] {processor.py:183} INFO - Processing /home/airflow/.local/lib/python3.12/site-packages/airflow/example_dags/example_nested_branch_dag.py took 0.216 seconds
[2024-06-10T14:18:18.948+0000] {processor.py:161} INFO - Started process (PID=1487) to work on /home/airflow/.local/lib/python3.12/site-packages/airflow/example_dags/example_nested_branch_dag.py
[2024-06-10T14:18:18.949+0000] {processor.py:830} INFO - Processing file /home/airflow/.local/lib/python3.12/site-packages/airflow/example_dags/example_nested_branch_dag.py for tasks to queue
[2024-06-10T14:18:18.951+0000] {logging_mixin.py:188} INFO - [2024-06-10T14:18:18.950+0000] {dagbag.py:545} INFO - Filling up the DagBag from /home/airflow/.local/lib/python3.12/site-packages/airflow/example_dags/example_nested_branch_dag.py
[2024-06-10T14:18:18.961+0000] {processor.py:840} INFO - DAG(s) 'example_nested_branch_dag' retrieved from /home/airflow/.local/lib/python3.12/site-packages/airflow/example_dags/example_nested_branch_dag.py
[2024-06-10T14:18:18.993+0000] {logging_mixin.py:188} INFO - [2024-06-10T14:18:18.993+0000] {dag.py:3096} INFO - Sync 1 DAGs
[2024-06-10T14:18:19.026+0000] {logging_mixin.py:188} INFO - [2024-06-10T14:18:19.025+0000] {dag.py:3954} INFO - Setting next_dagrun for example_nested_branch_dag to 2024-06-09 00:00:00+00:00, run_after=2024-06-10 00:00:00+00:00
[2024-06-10T14:18:19.053+0000] {processor.py:183} INFO - Processing /home/airflow/.local/lib/python3.12/site-packages/airflow/example_dags/example_nested_branch_dag.py took 0.112 seconds
[2024-06-10T14:18:49.139+0000] {processor.py:161} INFO - Started process (PID=1546) to work on /home/airflow/.local/lib/python3.12/site-packages/airflow/example_dags/example_nested_branch_dag.py
[2024-06-10T14:18:49.140+0000] {processor.py:830} INFO - Processing file /home/airflow/.local/lib/python3.12/site-packages/airflow/example_dags/example_nested_branch_dag.py for tasks to queue
[2024-06-10T14:18:49.141+0000] {logging_mixin.py:188} INFO - [2024-06-10T14:18:49.141+0000] {dagbag.py:545} INFO - Filling up the DagBag from /home/airflow/.local/lib/python3.12/site-packages/airflow/example_dags/example_nested_branch_dag.py
[2024-06-10T14:18:49.155+0000] {processor.py:840} INFO - DAG(s) 'example_nested_branch_dag' retrieved from /home/airflow/.local/lib/python3.12/site-packages/airflow/example_dags/example_nested_branch_dag.py
[2024-06-10T14:18:49.169+0000] {logging_mixin.py:188} INFO - [2024-06-10T14:18:49.169+0000] {dag.py:3096} INFO - Sync 1 DAGs
[2024-06-10T14:18:49.200+0000] {logging_mixin.py:188} INFO - [2024-06-10T14:18:49.199+0000] {dag.py:3954} INFO - Setting next_dagrun for example_nested_branch_dag to 2024-06-09 00:00:00+00:00, run_after=2024-06-10 00:00:00+00:00
[2024-06-10T14:18:49.227+0000] {processor.py:183} INFO - Processing /home/airflow/.local/lib/python3.12/site-packages/airflow/example_dags/example_nested_branch_dag.py took 0.093 seconds
[2024-06-10T14:19:20.223+0000] {processor.py:161} INFO - Started process (PID=1606) to work on /home/airflow/.local/lib/python3.12/site-packages/airflow/example_dags/example_nested_branch_dag.py
[2024-06-10T14:19:20.224+0000] {processor.py:830} INFO - Processing file /home/airflow/.local/lib/python3.12/site-packages/airflow/example_dags/example_nested_branch_dag.py for tasks to queue
[2024-06-10T14:19:20.225+0000] {logging_mixin.py:188} INFO - [2024-06-10T14:19:20.225+0000] {dagbag.py:545} INFO - Filling up the DagBag from /home/airflow/.local/lib/python3.12/site-packages/airflow/example_dags/example_nested_branch_dag.py
[2024-06-10T14:19:20.236+0000] {processor.py:840} INFO - DAG(s) 'example_nested_branch_dag' retrieved from /home/airflow/.local/lib/python3.12/site-packages/airflow/example_dags/example_nested_branch_dag.py
[2024-06-10T14:19:20.351+0000] {logging_mixin.py:188} INFO - [2024-06-10T14:19:20.351+0000] {dag.py:3096} INFO - Sync 1 DAGs
[2024-06-10T14:19:20.373+0000] {logging_mixin.py:188} INFO - [2024-06-10T14:19:20.373+0000] {dag.py:3954} INFO - Setting next_dagrun for example_nested_branch_dag to 2024-06-09 00:00:00+00:00, run_after=2024-06-10 00:00:00+00:00
[2024-06-10T14:19:20.396+0000] {processor.py:183} INFO - Processing /home/airflow/.local/lib/python3.12/site-packages/airflow/example_dags/example_nested_branch_dag.py took 0.180 seconds
[2024-06-10T14:19:51.077+0000] {processor.py:161} INFO - Started process (PID=1666) to work on /home/airflow/.local/lib/python3.12/site-packages/airflow/example_dags/example_nested_branch_dag.py
[2024-06-10T14:19:51.078+0000] {processor.py:830} INFO - Processing file /home/airflow/.local/lib/python3.12/site-packages/airflow/example_dags/example_nested_branch_dag.py for tasks to queue
[2024-06-10T14:19:51.079+0000] {logging_mixin.py:188} INFO - [2024-06-10T14:19:51.079+0000] {dagbag.py:545} INFO - Filling up the DagBag from /home/airflow/.local/lib/python3.12/site-packages/airflow/example_dags/example_nested_branch_dag.py
[2024-06-10T14:19:51.089+0000] {processor.py:840} INFO - DAG(s) 'example_nested_branch_dag' retrieved from /home/airflow/.local/lib/python3.12/site-packages/airflow/example_dags/example_nested_branch_dag.py
[2024-06-10T14:19:51.114+0000] {logging_mixin.py:188} INFO - [2024-06-10T14:19:51.114+0000] {dag.py:3096} INFO - Sync 1 DAGs
[2024-06-10T14:19:51.139+0000] {logging_mixin.py:188} INFO - [2024-06-10T14:19:51.139+0000] {dag.py:3954} INFO - Setting next_dagrun for example_nested_branch_dag to 2024-06-09 00:00:00+00:00, run_after=2024-06-10 00:00:00+00:00
[2024-06-10T14:19:51.158+0000] {processor.py:183} INFO - Processing /home/airflow/.local/lib/python3.12/site-packages/airflow/example_dags/example_nested_branch_dag.py took 0.087 seconds
[2024-06-10T14:20:21.457+0000] {processor.py:161} INFO - Started process (PID=1726) to work on /home/airflow/.local/lib/python3.12/site-packages/airflow/example_dags/example_nested_branch_dag.py
[2024-06-10T14:20:21.459+0000] {processor.py:830} INFO - Processing file /home/airflow/.local/lib/python3.12/site-packages/airflow/example_dags/example_nested_branch_dag.py for tasks to queue
[2024-06-10T14:20:21.461+0000] {logging_mixin.py:188} INFO - [2024-06-10T14:20:21.460+0000] {dagbag.py:545} INFO - Filling up the DagBag from /home/airflow/.local/lib/python3.12/site-packages/airflow/example_dags/example_nested_branch_dag.py
[2024-06-10T14:20:21.472+0000] {processor.py:840} INFO - DAG(s) 'example_nested_branch_dag' retrieved from /home/airflow/.local/lib/python3.12/site-packages/airflow/example_dags/example_nested_branch_dag.py
[2024-06-10T14:20:21.501+0000] {logging_mixin.py:188} INFO - [2024-06-10T14:20:21.501+0000] {dag.py:3096} INFO - Sync 1 DAGs
[2024-06-10T14:20:21.529+0000] {logging_mixin.py:188} INFO - [2024-06-10T14:20:21.529+0000] {dag.py:3954} INFO - Setting next_dagrun for example_nested_branch_dag to 2024-06-09 00:00:00+00:00, run_after=2024-06-10 00:00:00+00:00
[2024-06-10T14:20:21.551+0000] {processor.py:183} INFO - Processing /home/airflow/.local/lib/python3.12/site-packages/airflow/example_dags/example_nested_branch_dag.py took 0.100 seconds
[2024-06-10T14:20:51.636+0000] {processor.py:161} INFO - Started process (PID=1785) to work on /home/airflow/.local/lib/python3.12/site-packages/airflow/example_dags/example_nested_branch_dag.py
[2024-06-10T14:20:51.638+0000] {processor.py:830} INFO - Processing file /home/airflow/.local/lib/python3.12/site-packages/airflow/example_dags/example_nested_branch_dag.py for tasks to queue
[2024-06-10T14:20:51.639+0000] {logging_mixin.py:188} INFO - [2024-06-10T14:20:51.639+0000] {dagbag.py:545} INFO - Filling up the DagBag from /home/airflow/.local/lib/python3.12/site-packages/airflow/example_dags/example_nested_branch_dag.py
[2024-06-10T14:20:51.650+0000] {processor.py:840} INFO - DAG(s) 'example_nested_branch_dag' retrieved from /home/airflow/.local/lib/python3.12/site-packages/airflow/example_dags/example_nested_branch_dag.py
[2024-06-10T14:20:51.676+0000] {logging_mixin.py:188} INFO - [2024-06-10T14:20:51.675+0000] {dag.py:3096} INFO - Sync 1 DAGs
[2024-06-10T14:20:51.699+0000] {logging_mixin.py:188} INFO - [2024-06-10T14:20:51.699+0000] {dag.py:3954} INFO - Setting next_dagrun for example_nested_branch_dag to 2024-06-09 00:00:00+00:00, run_after=2024-06-10 00:00:00+00:00
[2024-06-10T14:20:51.719+0000] {processor.py:183} INFO - Processing /home/airflow/.local/lib/python3.12/site-packages/airflow/example_dags/example_nested_branch_dag.py took 0.089 seconds
[2024-06-10T14:21:21.881+0000] {processor.py:161} INFO - Started process (PID=1844) to work on /home/airflow/.local/lib/python3.12/site-packages/airflow/example_dags/example_nested_branch_dag.py
[2024-06-10T14:21:21.883+0000] {processor.py:830} INFO - Processing file /home/airflow/.local/lib/python3.12/site-packages/airflow/example_dags/example_nested_branch_dag.py for tasks to queue
[2024-06-10T14:21:21.884+0000] {logging_mixin.py:188} INFO - [2024-06-10T14:21:21.884+0000] {dagbag.py:545} INFO - Filling up the DagBag from /home/airflow/.local/lib/python3.12/site-packages/airflow/example_dags/example_nested_branch_dag.py
[2024-06-10T14:21:21.893+0000] {processor.py:840} INFO - DAG(s) 'example_nested_branch_dag' retrieved from /home/airflow/.local/lib/python3.12/site-packages/airflow/example_dags/example_nested_branch_dag.py
[2024-06-10T14:21:21.914+0000] {logging_mixin.py:188} INFO - [2024-06-10T14:21:21.914+0000] {dag.py:3096} INFO - Sync 1 DAGs
[2024-06-10T14:21:21.933+0000] {logging_mixin.py:188} INFO - [2024-06-10T14:21:21.933+0000] {dag.py:3954} INFO - Setting next_dagrun for example_nested_branch_dag to 2024-06-09 00:00:00+00:00, run_after=2024-06-10 00:00:00+00:00
[2024-06-10T14:21:21.952+0000] {processor.py:183} INFO - Processing /home/airflow/.local/lib/python3.12/site-packages/airflow/example_dags/example_nested_branch_dag.py took 0.077 seconds
[2024-06-10T14:21:52.714+0000] {processor.py:161} INFO - Started process (PID=1905) to work on /home/airflow/.local/lib/python3.12/site-packages/airflow/example_dags/example_nested_branch_dag.py
[2024-06-10T14:21:52.716+0000] {processor.py:830} INFO - Processing file /home/airflow/.local/lib/python3.12/site-packages/airflow/example_dags/example_nested_branch_dag.py for tasks to queue
[2024-06-10T14:21:52.717+0000] {logging_mixin.py:188} INFO - [2024-06-10T14:21:52.716+0000] {dagbag.py:545} INFO - Filling up the DagBag from /home/airflow/.local/lib/python3.12/site-packages/airflow/example_dags/example_nested_branch_dag.py
[2024-06-10T14:21:52.725+0000] {processor.py:840} INFO - DAG(s) 'example_nested_branch_dag' retrieved from /home/airflow/.local/lib/python3.12/site-packages/airflow/example_dags/example_nested_branch_dag.py
[2024-06-10T14:21:52.750+0000] {logging_mixin.py:188} INFO - [2024-06-10T14:21:52.750+0000] {dag.py:3096} INFO - Sync 1 DAGs
[2024-06-10T14:21:52.778+0000] {logging_mixin.py:188} INFO - [2024-06-10T14:21:52.778+0000] {dag.py:3954} INFO - Setting next_dagrun for example_nested_branch_dag to 2024-06-09 00:00:00+00:00, run_after=2024-06-10 00:00:00+00:00
[2024-06-10T14:21:52.799+0000] {processor.py:183} INFO - Processing /home/airflow/.local/lib/python3.12/site-packages/airflow/example_dags/example_nested_branch_dag.py took 0.091 seconds
[2024-06-10T14:26:17.576+0000] {processor.py:161} INFO - Started process (PID=73) to work on /home/airflow/.local/lib/python3.12/site-packages/airflow/example_dags/example_nested_branch_dag.py
[2024-06-10T14:26:17.578+0000] {processor.py:830} INFO - Processing file /home/airflow/.local/lib/python3.12/site-packages/airflow/example_dags/example_nested_branch_dag.py for tasks to queue
[2024-06-10T14:26:17.580+0000] {logging_mixin.py:188} INFO - [2024-06-10T14:26:17.579+0000] {dagbag.py:545} INFO - Filling up the DagBag from /home/airflow/.local/lib/python3.12/site-packages/airflow/example_dags/example_nested_branch_dag.py
[2024-06-10T14:26:17.591+0000] {processor.py:840} INFO - DAG(s) 'example_nested_branch_dag' retrieved from /home/airflow/.local/lib/python3.12/site-packages/airflow/example_dags/example_nested_branch_dag.py
[2024-06-10T14:26:17.719+0000] {logging_mixin.py:188} INFO - [2024-06-10T14:26:17.717+0000] {override.py:1829} INFO - Created Permission View: can delete on DAG:example_nested_branch_dag
[2024-06-10T14:26:17.733+0000] {logging_mixin.py:188} INFO - [2024-06-10T14:26:17.732+0000] {override.py:1829} INFO - Created Permission View: can read on DAG:example_nested_branch_dag
[2024-06-10T14:26:17.742+0000] {logging_mixin.py:188} INFO - [2024-06-10T14:26:17.742+0000] {override.py:1829} INFO - Created Permission View: can edit on DAG:example_nested_branch_dag
[2024-06-10T14:26:17.743+0000] {logging_mixin.py:188} INFO - [2024-06-10T14:26:17.743+0000] {dag.py:3096} INFO - Sync 1 DAGs
[2024-06-10T14:26:17.754+0000] {logging_mixin.py:188} INFO - [2024-06-10T14:26:17.754+0000] {dag.py:3118} INFO - Creating ORM DAG for example_nested_branch_dag
[2024-06-10T14:26:17.764+0000] {logging_mixin.py:188} INFO - [2024-06-10T14:26:17.764+0000] {dag.py:3954} INFO - Setting next_dagrun for example_nested_branch_dag to 2024-06-09 00:00:00+00:00, run_after=2024-06-10 00:00:00+00:00
[2024-06-10T14:26:17.781+0000] {processor.py:183} INFO - Processing /home/airflow/.local/lib/python3.12/site-packages/airflow/example_dags/example_nested_branch_dag.py took 0.210 seconds
[2024-06-10T14:26:48.112+0000] {processor.py:161} INFO - Started process (PID=133) to work on /home/airflow/.local/lib/python3.12/site-packages/airflow/example_dags/example_nested_branch_dag.py
[2024-06-10T14:26:48.114+0000] {processor.py:830} INFO - Processing file /home/airflow/.local/lib/python3.12/site-packages/airflow/example_dags/example_nested_branch_dag.py for tasks to queue
[2024-06-10T14:26:48.117+0000] {logging_mixin.py:188} INFO - [2024-06-10T14:26:48.116+0000] {dagbag.py:545} INFO - Filling up the DagBag from /home/airflow/.local/lib/python3.12/site-packages/airflow/example_dags/example_nested_branch_dag.py
[2024-06-10T14:26:48.132+0000] {processor.py:840} INFO - DAG(s) 'example_nested_branch_dag' retrieved from /home/airflow/.local/lib/python3.12/site-packages/airflow/example_dags/example_nested_branch_dag.py
[2024-06-10T14:26:48.148+0000] {logging_mixin.py:188} INFO - [2024-06-10T14:26:48.148+0000] {dag.py:3096} INFO - Sync 1 DAGs
[2024-06-10T14:26:48.184+0000] {logging_mixin.py:188} INFO - [2024-06-10T14:26:48.183+0000] {dag.py:3954} INFO - Setting next_dagrun for example_nested_branch_dag to 2024-06-09 00:00:00+00:00, run_after=2024-06-10 00:00:00+00:00
[2024-06-10T14:26:48.206+0000] {processor.py:183} INFO - Processing /home/airflow/.local/lib/python3.12/site-packages/airflow/example_dags/example_nested_branch_dag.py took 0.102 seconds
[2024-06-10T14:27:18.424+0000] {processor.py:161} INFO - Started process (PID=193) to work on /home/airflow/.local/lib/python3.12/site-packages/airflow/example_dags/example_nested_branch_dag.py
[2024-06-10T14:27:18.426+0000] {processor.py:830} INFO - Processing file /home/airflow/.local/lib/python3.12/site-packages/airflow/example_dags/example_nested_branch_dag.py for tasks to queue
[2024-06-10T14:27:18.428+0000] {logging_mixin.py:188} INFO - [2024-06-10T14:27:18.428+0000] {dagbag.py:545} INFO - Filling up the DagBag from /home/airflow/.local/lib/python3.12/site-packages/airflow/example_dags/example_nested_branch_dag.py
[2024-06-10T14:27:18.441+0000] {processor.py:840} INFO - DAG(s) 'example_nested_branch_dag' retrieved from /home/airflow/.local/lib/python3.12/site-packages/airflow/example_dags/example_nested_branch_dag.py
[2024-06-10T14:27:18.557+0000] {logging_mixin.py:188} INFO - [2024-06-10T14:27:18.557+0000] {dag.py:3096} INFO - Sync 1 DAGs
[2024-06-10T14:27:18.584+0000] {logging_mixin.py:188} INFO - [2024-06-10T14:27:18.583+0000] {dag.py:3954} INFO - Setting next_dagrun for example_nested_branch_dag to 2024-06-09 00:00:00+00:00, run_after=2024-06-10 00:00:00+00:00
[2024-06-10T14:27:18.609+0000] {processor.py:183} INFO - Processing /home/airflow/.local/lib/python3.12/site-packages/airflow/example_dags/example_nested_branch_dag.py took 0.190 seconds
[2024-06-10T14:27:48.837+0000] {processor.py:161} INFO - Started process (PID=253) to work on /home/airflow/.local/lib/python3.12/site-packages/airflow/example_dags/example_nested_branch_dag.py
[2024-06-10T14:27:48.838+0000] {processor.py:830} INFO - Processing file /home/airflow/.local/lib/python3.12/site-packages/airflow/example_dags/example_nested_branch_dag.py for tasks to queue
[2024-06-10T14:27:48.841+0000] {logging_mixin.py:188} INFO - [2024-06-10T14:27:48.841+0000] {dagbag.py:545} INFO - Filling up the DagBag from /home/airflow/.local/lib/python3.12/site-packages/airflow/example_dags/example_nested_branch_dag.py
[2024-06-10T14:27:48.851+0000] {processor.py:840} INFO - DAG(s) 'example_nested_branch_dag' retrieved from /home/airflow/.local/lib/python3.12/site-packages/airflow/example_dags/example_nested_branch_dag.py
[2024-06-10T14:27:48.877+0000] {logging_mixin.py:188} INFO - [2024-06-10T14:27:48.876+0000] {dag.py:3096} INFO - Sync 1 DAGs
[2024-06-10T14:27:48.902+0000] {logging_mixin.py:188} INFO - [2024-06-10T14:27:48.901+0000] {dag.py:3954} INFO - Setting next_dagrun for example_nested_branch_dag to 2024-06-09 00:00:00+00:00, run_after=2024-06-10 00:00:00+00:00
[2024-06-10T14:27:48.927+0000] {processor.py:183} INFO - Processing /home/airflow/.local/lib/python3.12/site-packages/airflow/example_dags/example_nested_branch_dag.py took 0.097 seconds
[2024-06-10T14:28:19.218+0000] {processor.py:161} INFO - Started process (PID=312) to work on /home/airflow/.local/lib/python3.12/site-packages/airflow/example_dags/example_nested_branch_dag.py
[2024-06-10T14:28:19.219+0000] {processor.py:830} INFO - Processing file /home/airflow/.local/lib/python3.12/site-packages/airflow/example_dags/example_nested_branch_dag.py for tasks to queue
[2024-06-10T14:28:19.221+0000] {logging_mixin.py:188} INFO - [2024-06-10T14:28:19.220+0000] {dagbag.py:545} INFO - Filling up the DagBag from /home/airflow/.local/lib/python3.12/site-packages/airflow/example_dags/example_nested_branch_dag.py
[2024-06-10T14:28:19.232+0000] {processor.py:840} INFO - DAG(s) 'example_nested_branch_dag' retrieved from /home/airflow/.local/lib/python3.12/site-packages/airflow/example_dags/example_nested_branch_dag.py
[2024-06-10T14:28:19.253+0000] {logging_mixin.py:188} INFO - [2024-06-10T14:28:19.253+0000] {dag.py:3096} INFO - Sync 1 DAGs
[2024-06-10T14:28:19.279+0000] {logging_mixin.py:188} INFO - [2024-06-10T14:28:19.278+0000] {dag.py:3954} INFO - Setting next_dagrun for example_nested_branch_dag to 2024-06-09 00:00:00+00:00, run_after=2024-06-10 00:00:00+00:00
[2024-06-10T14:28:19.301+0000] {processor.py:183} INFO - Processing /home/airflow/.local/lib/python3.12/site-packages/airflow/example_dags/example_nested_branch_dag.py took 0.090 seconds
[2024-06-10T14:28:50.340+0000] {processor.py:161} INFO - Started process (PID=372) to work on /home/airflow/.local/lib/python3.12/site-packages/airflow/example_dags/example_nested_branch_dag.py
[2024-06-10T14:28:50.341+0000] {processor.py:830} INFO - Processing file /home/airflow/.local/lib/python3.12/site-packages/airflow/example_dags/example_nested_branch_dag.py for tasks to queue
[2024-06-10T14:28:50.344+0000] {logging_mixin.py:188} INFO - [2024-06-10T14:28:50.344+0000] {dagbag.py:545} INFO - Filling up the DagBag from /home/airflow/.local/lib/python3.12/site-packages/airflow/example_dags/example_nested_branch_dag.py
[2024-06-10T14:28:50.355+0000] {processor.py:840} INFO - DAG(s) 'example_nested_branch_dag' retrieved from /home/airflow/.local/lib/python3.12/site-packages/airflow/example_dags/example_nested_branch_dag.py
[2024-06-10T14:28:50.379+0000] {logging_mixin.py:188} INFO - [2024-06-10T14:28:50.378+0000] {dag.py:3096} INFO - Sync 1 DAGs
[2024-06-10T14:28:50.406+0000] {logging_mixin.py:188} INFO - [2024-06-10T14:28:50.406+0000] {dag.py:3954} INFO - Setting next_dagrun for example_nested_branch_dag to 2024-06-09 00:00:00+00:00, run_after=2024-06-10 00:00:00+00:00
[2024-06-10T14:28:50.426+0000] {processor.py:183} INFO - Processing /home/airflow/.local/lib/python3.12/site-packages/airflow/example_dags/example_nested_branch_dag.py took 0.092 seconds
[2024-06-10T14:29:20.640+0000] {processor.py:161} INFO - Started process (PID=432) to work on /home/airflow/.local/lib/python3.12/site-packages/airflow/example_dags/example_nested_branch_dag.py
[2024-06-10T14:29:20.642+0000] {processor.py:830} INFO - Processing file /home/airflow/.local/lib/python3.12/site-packages/airflow/example_dags/example_nested_branch_dag.py for tasks to queue
[2024-06-10T14:29:20.644+0000] {logging_mixin.py:188} INFO - [2024-06-10T14:29:20.644+0000] {dagbag.py:545} INFO - Filling up the DagBag from /home/airflow/.local/lib/python3.12/site-packages/airflow/example_dags/example_nested_branch_dag.py
[2024-06-10T14:29:20.653+0000] {processor.py:840} INFO - DAG(s) 'example_nested_branch_dag' retrieved from /home/airflow/.local/lib/python3.12/site-packages/airflow/example_dags/example_nested_branch_dag.py
[2024-06-10T14:29:20.677+0000] {logging_mixin.py:188} INFO - [2024-06-10T14:29:20.676+0000] {dag.py:3096} INFO - Sync 1 DAGs
[2024-06-10T14:29:20.698+0000] {logging_mixin.py:188} INFO - [2024-06-10T14:29:20.698+0000] {dag.py:3954} INFO - Setting next_dagrun for example_nested_branch_dag to 2024-06-09 00:00:00+00:00, run_after=2024-06-10 00:00:00+00:00
[2024-06-10T14:29:20.717+0000] {processor.py:183} INFO - Processing /home/airflow/.local/lib/python3.12/site-packages/airflow/example_dags/example_nested_branch_dag.py took 0.082 seconds
[2024-06-10T14:29:51.096+0000] {processor.py:161} INFO - Started process (PID=492) to work on /home/airflow/.local/lib/python3.12/site-packages/airflow/example_dags/example_nested_branch_dag.py
[2024-06-10T14:29:51.097+0000] {processor.py:830} INFO - Processing file /home/airflow/.local/lib/python3.12/site-packages/airflow/example_dags/example_nested_branch_dag.py for tasks to queue
[2024-06-10T14:29:51.099+0000] {logging_mixin.py:188} INFO - [2024-06-10T14:29:51.099+0000] {dagbag.py:545} INFO - Filling up the DagBag from /home/airflow/.local/lib/python3.12/site-packages/airflow/example_dags/example_nested_branch_dag.py
[2024-06-10T14:29:51.108+0000] {processor.py:840} INFO - DAG(s) 'example_nested_branch_dag' retrieved from /home/airflow/.local/lib/python3.12/site-packages/airflow/example_dags/example_nested_branch_dag.py
[2024-06-10T14:29:51.128+0000] {logging_mixin.py:188} INFO - [2024-06-10T14:29:51.128+0000] {dag.py:3096} INFO - Sync 1 DAGs
[2024-06-10T14:29:51.154+0000] {logging_mixin.py:188} INFO - [2024-06-10T14:29:51.153+0000] {dag.py:3954} INFO - Setting next_dagrun for example_nested_branch_dag to 2024-06-09 00:00:00+00:00, run_after=2024-06-10 00:00:00+00:00
[2024-06-10T14:29:51.175+0000] {processor.py:183} INFO - Processing /home/airflow/.local/lib/python3.12/site-packages/airflow/example_dags/example_nested_branch_dag.py took 0.085 seconds
