[2024-06-10T14:04:44.825+0000] {processor.py:161} INFO - Started process (PID=58) to work on /home/airflow/.local/lib/python3.12/site-packages/airflow/example_dags/example_complex.py
[2024-06-10T14:04:44.826+0000] {processor.py:830} INFO - Processing file /home/airflow/.local/lib/python3.12/site-packages/airflow/example_dags/example_complex.py for tasks to queue
[2024-06-10T14:04:44.829+0000] {logging_mixin.py:188} INFO - [2024-06-10T14:04:44.829+0000] {dagbag.py:545} INFO - Filling up the DagBag from /home/airflow/.local/lib/python3.12/site-packages/airflow/example_dags/example_complex.py
[2024-06-10T14:04:44.859+0000] {processor.py:840} INFO - DAG(s) 'example_complex' retrieved from /home/airflow/.local/lib/python3.12/site-packages/airflow/example_dags/example_complex.py
[2024-06-10T14:04:45.080+0000] {logging_mixin.py:188} INFO - [2024-06-10T14:04:45.080+0000] {dag.py:3096} INFO - Sync 1 DAGs
[2024-06-10T14:04:45.103+0000] {logging_mixin.py:188} INFO - [2024-06-10T14:04:45.102+0000] {dag.py:3954} INFO - Setting next_dagrun for example_complex to None, run_after=None
[2024-06-10T14:04:45.134+0000] {processor.py:183} INFO - Processing /home/airflow/.local/lib/python3.12/site-packages/airflow/example_dags/example_complex.py took 0.328 seconds
[2024-06-10T14:05:15.254+0000] {processor.py:161} INFO - Started process (PID=127) to work on /home/airflow/.local/lib/python3.12/site-packages/airflow/example_dags/example_complex.py
[2024-06-10T14:05:15.255+0000] {processor.py:830} INFO - Processing file /home/airflow/.local/lib/python3.12/site-packages/airflow/example_dags/example_complex.py for tasks to queue
[2024-06-10T14:05:15.257+0000] {logging_mixin.py:188} INFO - [2024-06-10T14:05:15.257+0000] {dagbag.py:545} INFO - Filling up the DagBag from /home/airflow/.local/lib/python3.12/site-packages/airflow/example_dags/example_complex.py
[2024-06-10T14:05:15.269+0000] {processor.py:840} INFO - DAG(s) 'example_complex' retrieved from /home/airflow/.local/lib/python3.12/site-packages/airflow/example_dags/example_complex.py
[2024-06-10T14:05:15.305+0000] {logging_mixin.py:188} INFO - [2024-06-10T14:05:15.305+0000] {dag.py:3096} INFO - Sync 1 DAGs
[2024-06-10T14:05:15.319+0000] {logging_mixin.py:188} INFO - [2024-06-10T14:05:15.319+0000] {dag.py:3954} INFO - Setting next_dagrun for example_complex to None, run_after=None
[2024-06-10T14:05:15.342+0000] {processor.py:183} INFO - Processing /home/airflow/.local/lib/python3.12/site-packages/airflow/example_dags/example_complex.py took 0.095 seconds
[2024-06-10T14:05:45.599+0000] {processor.py:161} INFO - Started process (PID=196) to work on /home/airflow/.local/lib/python3.12/site-packages/airflow/example_dags/example_complex.py
[2024-06-10T14:05:45.600+0000] {processor.py:830} INFO - Processing file /home/airflow/.local/lib/python3.12/site-packages/airflow/example_dags/example_complex.py for tasks to queue
[2024-06-10T14:05:45.603+0000] {logging_mixin.py:188} INFO - [2024-06-10T14:05:45.602+0000] {dagbag.py:545} INFO - Filling up the DagBag from /home/airflow/.local/lib/python3.12/site-packages/airflow/example_dags/example_complex.py
[2024-06-10T14:05:45.612+0000] {processor.py:840} INFO - DAG(s) 'example_complex' retrieved from /home/airflow/.local/lib/python3.12/site-packages/airflow/example_dags/example_complex.py
[2024-06-10T14:05:45.644+0000] {logging_mixin.py:188} INFO - [2024-06-10T14:05:45.644+0000] {dag.py:3096} INFO - Sync 1 DAGs
[2024-06-10T14:05:45.658+0000] {logging_mixin.py:188} INFO - [2024-06-10T14:05:45.657+0000] {dag.py:3954} INFO - Setting next_dagrun for example_complex to None, run_after=None
[2024-06-10T14:05:45.685+0000] {processor.py:183} INFO - Processing /home/airflow/.local/lib/python3.12/site-packages/airflow/example_dags/example_complex.py took 0.091 seconds
[2024-06-10T14:06:16.651+0000] {processor.py:161} INFO - Started process (PID=264) to work on /home/airflow/.local/lib/python3.12/site-packages/airflow/example_dags/example_complex.py
[2024-06-10T14:06:16.653+0000] {processor.py:830} INFO - Processing file /home/airflow/.local/lib/python3.12/site-packages/airflow/example_dags/example_complex.py for tasks to queue
[2024-06-10T14:06:16.655+0000] {logging_mixin.py:188} INFO - [2024-06-10T14:06:16.655+0000] {dagbag.py:545} INFO - Filling up the DagBag from /home/airflow/.local/lib/python3.12/site-packages/airflow/example_dags/example_complex.py
[2024-06-10T14:06:16.666+0000] {processor.py:840} INFO - DAG(s) 'example_complex' retrieved from /home/airflow/.local/lib/python3.12/site-packages/airflow/example_dags/example_complex.py
[2024-06-10T14:06:16.680+0000] {logging_mixin.py:188} INFO - [2024-06-10T14:06:16.680+0000] {dag.py:3096} INFO - Sync 1 DAGs
[2024-06-10T14:06:16.695+0000] {logging_mixin.py:188} INFO - [2024-06-10T14:06:16.695+0000] {dag.py:3954} INFO - Setting next_dagrun for example_complex to None, run_after=None
[2024-06-10T14:06:16.726+0000] {processor.py:183} INFO - Processing /home/airflow/.local/lib/python3.12/site-packages/airflow/example_dags/example_complex.py took 0.083 seconds
[2024-06-10T14:07:15.164+0000] {processor.py:161} INFO - Started process (PID=51) to work on /home/airflow/.local/lib/python3.12/site-packages/airflow/example_dags/example_complex.py
[2024-06-10T14:07:15.165+0000] {processor.py:830} INFO - Processing file /home/airflow/.local/lib/python3.12/site-packages/airflow/example_dags/example_complex.py for tasks to queue
[2024-06-10T14:07:15.167+0000] {logging_mixin.py:188} INFO - [2024-06-10T14:07:15.167+0000] {dagbag.py:545} INFO - Filling up the DagBag from /home/airflow/.local/lib/python3.12/site-packages/airflow/example_dags/example_complex.py
[2024-06-10T14:07:15.184+0000] {processor.py:840} INFO - DAG(s) 'example_complex' retrieved from /home/airflow/.local/lib/python3.12/site-packages/airflow/example_dags/example_complex.py
[2024-06-10T14:07:15.308+0000] {logging_mixin.py:188} INFO - [2024-06-10T14:07:15.308+0000] {dag.py:3096} INFO - Sync 1 DAGs
[2024-06-10T14:07:15.473+0000] {logging_mixin.py:188} INFO - [2024-06-10T14:07:15.473+0000] {dag.py:3954} INFO - Setting next_dagrun for example_complex to None, run_after=None
[2024-06-10T14:07:15.497+0000] {processor.py:183} INFO - Processing /home/airflow/.local/lib/python3.12/site-packages/airflow/example_dags/example_complex.py took 0.340 seconds
[2024-06-10T14:07:45.982+0000] {processor.py:161} INFO - Started process (PID=121) to work on /home/airflow/.local/lib/python3.12/site-packages/airflow/example_dags/example_complex.py
[2024-06-10T14:07:45.987+0000] {processor.py:830} INFO - Processing file /home/airflow/.local/lib/python3.12/site-packages/airflow/example_dags/example_complex.py for tasks to queue
[2024-06-10T14:07:45.995+0000] {logging_mixin.py:188} INFO - [2024-06-10T14:07:45.994+0000] {dagbag.py:545} INFO - Filling up the DagBag from /home/airflow/.local/lib/python3.12/site-packages/airflow/example_dags/example_complex.py
[2024-06-10T14:07:46.029+0000] {processor.py:840} INFO - DAG(s) 'example_complex' retrieved from /home/airflow/.local/lib/python3.12/site-packages/airflow/example_dags/example_complex.py
[2024-06-10T14:07:46.092+0000] {logging_mixin.py:188} INFO - [2024-06-10T14:07:46.092+0000] {dag.py:3096} INFO - Sync 1 DAGs
[2024-06-10T14:07:46.114+0000] {logging_mixin.py:188} INFO - [2024-06-10T14:07:46.114+0000] {dag.py:3954} INFO - Setting next_dagrun for example_complex to None, run_after=None
[2024-06-10T14:07:46.142+0000] {processor.py:183} INFO - Processing /home/airflow/.local/lib/python3.12/site-packages/airflow/example_dags/example_complex.py took 0.169 seconds
[2024-06-10T14:08:16.588+0000] {processor.py:161} INFO - Started process (PID=190) to work on /home/airflow/.local/lib/python3.12/site-packages/airflow/example_dags/example_complex.py
[2024-06-10T14:08:16.589+0000] {processor.py:830} INFO - Processing file /home/airflow/.local/lib/python3.12/site-packages/airflow/example_dags/example_complex.py for tasks to queue
[2024-06-10T14:08:16.592+0000] {logging_mixin.py:188} INFO - [2024-06-10T14:08:16.592+0000] {dagbag.py:545} INFO - Filling up the DagBag from /home/airflow/.local/lib/python3.12/site-packages/airflow/example_dags/example_complex.py
[2024-06-10T14:08:16.601+0000] {processor.py:840} INFO - DAG(s) 'example_complex' retrieved from /home/airflow/.local/lib/python3.12/site-packages/airflow/example_dags/example_complex.py
[2024-06-10T14:08:16.640+0000] {logging_mixin.py:188} INFO - [2024-06-10T14:08:16.640+0000] {dag.py:3096} INFO - Sync 1 DAGs
[2024-06-10T14:08:16.656+0000] {logging_mixin.py:188} INFO - [2024-06-10T14:08:16.655+0000] {dag.py:3954} INFO - Setting next_dagrun for example_complex to None, run_after=None
[2024-06-10T14:08:16.679+0000] {processor.py:183} INFO - Processing /home/airflow/.local/lib/python3.12/site-packages/airflow/example_dags/example_complex.py took 0.096 seconds
[2024-06-10T14:08:47.769+0000] {processor.py:161} INFO - Started process (PID=259) to work on /home/airflow/.local/lib/python3.12/site-packages/airflow/example_dags/example_complex.py
[2024-06-10T14:08:47.770+0000] {processor.py:830} INFO - Processing file /home/airflow/.local/lib/python3.12/site-packages/airflow/example_dags/example_complex.py for tasks to queue
[2024-06-10T14:08:47.772+0000] {logging_mixin.py:188} INFO - [2024-06-10T14:08:47.772+0000] {dagbag.py:545} INFO - Filling up the DagBag from /home/airflow/.local/lib/python3.12/site-packages/airflow/example_dags/example_complex.py
[2024-06-10T14:08:47.782+0000] {processor.py:840} INFO - DAG(s) 'example_complex' retrieved from /home/airflow/.local/lib/python3.12/site-packages/airflow/example_dags/example_complex.py
[2024-06-10T14:08:47.822+0000] {logging_mixin.py:188} INFO - [2024-06-10T14:08:47.821+0000] {dag.py:3096} INFO - Sync 1 DAGs
[2024-06-10T14:08:47.836+0000] {logging_mixin.py:188} INFO - [2024-06-10T14:08:47.835+0000] {dag.py:3954} INFO - Setting next_dagrun for example_complex to None, run_after=None
[2024-06-10T14:08:47.856+0000] {processor.py:183} INFO - Processing /home/airflow/.local/lib/python3.12/site-packages/airflow/example_dags/example_complex.py took 0.094 seconds
[2024-06-10T14:09:18.476+0000] {processor.py:161} INFO - Started process (PID=328) to work on /home/airflow/.local/lib/python3.12/site-packages/airflow/example_dags/example_complex.py
[2024-06-10T14:09:18.478+0000] {processor.py:830} INFO - Processing file /home/airflow/.local/lib/python3.12/site-packages/airflow/example_dags/example_complex.py for tasks to queue
[2024-06-10T14:09:18.480+0000] {logging_mixin.py:188} INFO - [2024-06-10T14:09:18.480+0000] {dagbag.py:545} INFO - Filling up the DagBag from /home/airflow/.local/lib/python3.12/site-packages/airflow/example_dags/example_complex.py
[2024-06-10T14:09:18.490+0000] {processor.py:840} INFO - DAG(s) 'example_complex' retrieved from /home/airflow/.local/lib/python3.12/site-packages/airflow/example_dags/example_complex.py
[2024-06-10T14:09:18.519+0000] {logging_mixin.py:188} INFO - [2024-06-10T14:09:18.518+0000] {dag.py:3096} INFO - Sync 1 DAGs
[2024-06-10T14:09:18.531+0000] {logging_mixin.py:188} INFO - [2024-06-10T14:09:18.531+0000] {dag.py:3954} INFO - Setting next_dagrun for example_complex to None, run_after=None
[2024-06-10T14:09:18.550+0000] {processor.py:183} INFO - Processing /home/airflow/.local/lib/python3.12/site-packages/airflow/example_dags/example_complex.py took 0.080 seconds
[2024-06-10T14:09:48.932+0000] {processor.py:161} INFO - Started process (PID=395) to work on /home/airflow/.local/lib/python3.12/site-packages/airflow/example_dags/example_complex.py
[2024-06-10T14:09:48.934+0000] {processor.py:830} INFO - Processing file /home/airflow/.local/lib/python3.12/site-packages/airflow/example_dags/example_complex.py for tasks to queue
[2024-06-10T14:09:48.936+0000] {logging_mixin.py:188} INFO - [2024-06-10T14:09:48.936+0000] {dagbag.py:545} INFO - Filling up the DagBag from /home/airflow/.local/lib/python3.12/site-packages/airflow/example_dags/example_complex.py
[2024-06-10T14:09:48.947+0000] {processor.py:840} INFO - DAG(s) 'example_complex' retrieved from /home/airflow/.local/lib/python3.12/site-packages/airflow/example_dags/example_complex.py
[2024-06-10T14:09:48.987+0000] {logging_mixin.py:188} INFO - [2024-06-10T14:09:48.987+0000] {dag.py:3096} INFO - Sync 1 DAGs
[2024-06-10T14:09:49.004+0000] {logging_mixin.py:188} INFO - [2024-06-10T14:09:49.003+0000] {dag.py:3954} INFO - Setting next_dagrun for example_complex to None, run_after=None
[2024-06-10T14:09:49.055+0000] {processor.py:183} INFO - Processing /home/airflow/.local/lib/python3.12/site-packages/airflow/example_dags/example_complex.py took 0.130 seconds
[2024-06-10T14:10:19.932+0000] {processor.py:161} INFO - Started process (PID=464) to work on /home/airflow/.local/lib/python3.12/site-packages/airflow/example_dags/example_complex.py
[2024-06-10T14:10:19.933+0000] {processor.py:830} INFO - Processing file /home/airflow/.local/lib/python3.12/site-packages/airflow/example_dags/example_complex.py for tasks to queue
[2024-06-10T14:10:19.935+0000] {logging_mixin.py:188} INFO - [2024-06-10T14:10:19.935+0000] {dagbag.py:545} INFO - Filling up the DagBag from /home/airflow/.local/lib/python3.12/site-packages/airflow/example_dags/example_complex.py
[2024-06-10T14:10:19.948+0000] {processor.py:840} INFO - DAG(s) 'example_complex' retrieved from /home/airflow/.local/lib/python3.12/site-packages/airflow/example_dags/example_complex.py
[2024-06-10T14:10:19.987+0000] {logging_mixin.py:188} INFO - [2024-06-10T14:10:19.987+0000] {dag.py:3096} INFO - Sync 1 DAGs
[2024-06-10T14:10:20.004+0000] {logging_mixin.py:188} INFO - [2024-06-10T14:10:20.004+0000] {dag.py:3954} INFO - Setting next_dagrun for example_complex to None, run_after=None
[2024-06-10T14:10:20.175+0000] {processor.py:183} INFO - Processing /home/airflow/.local/lib/python3.12/site-packages/airflow/example_dags/example_complex.py took 0.248 seconds
[2024-06-10T14:10:51.207+0000] {processor.py:161} INFO - Started process (PID=533) to work on /home/airflow/.local/lib/python3.12/site-packages/airflow/example_dags/example_complex.py
[2024-06-10T14:10:51.209+0000] {processor.py:830} INFO - Processing file /home/airflow/.local/lib/python3.12/site-packages/airflow/example_dags/example_complex.py for tasks to queue
[2024-06-10T14:10:51.212+0000] {logging_mixin.py:188} INFO - [2024-06-10T14:10:51.211+0000] {dagbag.py:545} INFO - Filling up the DagBag from /home/airflow/.local/lib/python3.12/site-packages/airflow/example_dags/example_complex.py
[2024-06-10T14:10:51.225+0000] {processor.py:840} INFO - DAG(s) 'example_complex' retrieved from /home/airflow/.local/lib/python3.12/site-packages/airflow/example_dags/example_complex.py
[2024-06-10T14:10:51.268+0000] {logging_mixin.py:188} INFO - [2024-06-10T14:10:51.268+0000] {dag.py:3096} INFO - Sync 1 DAGs
[2024-06-10T14:10:51.285+0000] {logging_mixin.py:188} INFO - [2024-06-10T14:10:51.285+0000] {dag.py:3954} INFO - Setting next_dagrun for example_complex to None, run_after=None
[2024-06-10T14:10:51.309+0000] {processor.py:183} INFO - Processing /home/airflow/.local/lib/python3.12/site-packages/airflow/example_dags/example_complex.py took 0.118 seconds
[2024-06-10T14:11:21.637+0000] {processor.py:161} INFO - Started process (PID=602) to work on /home/airflow/.local/lib/python3.12/site-packages/airflow/example_dags/example_complex.py
[2024-06-10T14:11:21.639+0000] {processor.py:830} INFO - Processing file /home/airflow/.local/lib/python3.12/site-packages/airflow/example_dags/example_complex.py for tasks to queue
[2024-06-10T14:11:21.641+0000] {logging_mixin.py:188} INFO - [2024-06-10T14:11:21.641+0000] {dagbag.py:545} INFO - Filling up the DagBag from /home/airflow/.local/lib/python3.12/site-packages/airflow/example_dags/example_complex.py
[2024-06-10T14:11:21.656+0000] {processor.py:840} INFO - DAG(s) 'example_complex' retrieved from /home/airflow/.local/lib/python3.12/site-packages/airflow/example_dags/example_complex.py
[2024-06-10T14:11:21.692+0000] {logging_mixin.py:188} INFO - [2024-06-10T14:11:21.692+0000] {dag.py:3096} INFO - Sync 1 DAGs
[2024-06-10T14:11:21.713+0000] {logging_mixin.py:188} INFO - [2024-06-10T14:11:21.712+0000] {dag.py:3954} INFO - Setting next_dagrun for example_complex to None, run_after=None
[2024-06-10T14:11:21.737+0000] {processor.py:183} INFO - Processing /home/airflow/.local/lib/python3.12/site-packages/airflow/example_dags/example_complex.py took 0.106 seconds
[2024-06-10T14:11:52.208+0000] {processor.py:161} INFO - Started process (PID=671) to work on /home/airflow/.local/lib/python3.12/site-packages/airflow/example_dags/example_complex.py
[2024-06-10T14:11:52.209+0000] {processor.py:830} INFO - Processing file /home/airflow/.local/lib/python3.12/site-packages/airflow/example_dags/example_complex.py for tasks to queue
[2024-06-10T14:11:52.211+0000] {logging_mixin.py:188} INFO - [2024-06-10T14:11:52.210+0000] {dagbag.py:545} INFO - Filling up the DagBag from /home/airflow/.local/lib/python3.12/site-packages/airflow/example_dags/example_complex.py
[2024-06-10T14:11:52.222+0000] {processor.py:840} INFO - DAG(s) 'example_complex' retrieved from /home/airflow/.local/lib/python3.12/site-packages/airflow/example_dags/example_complex.py
[2024-06-10T14:11:52.254+0000] {logging_mixin.py:188} INFO - [2024-06-10T14:11:52.254+0000] {dag.py:3096} INFO - Sync 1 DAGs
[2024-06-10T14:11:52.267+0000] {logging_mixin.py:188} INFO - [2024-06-10T14:11:52.267+0000] {dag.py:3954} INFO - Setting next_dagrun for example_complex to None, run_after=None
[2024-06-10T14:11:52.289+0000] {processor.py:183} INFO - Processing /home/airflow/.local/lib/python3.12/site-packages/airflow/example_dags/example_complex.py took 0.087 seconds
[2024-06-10T14:12:22.952+0000] {processor.py:161} INFO - Started process (PID=740) to work on /home/airflow/.local/lib/python3.12/site-packages/airflow/example_dags/example_complex.py
[2024-06-10T14:12:22.953+0000] {processor.py:830} INFO - Processing file /home/airflow/.local/lib/python3.12/site-packages/airflow/example_dags/example_complex.py for tasks to queue
[2024-06-10T14:12:22.955+0000] {logging_mixin.py:188} INFO - [2024-06-10T14:12:22.955+0000] {dagbag.py:545} INFO - Filling up the DagBag from /home/airflow/.local/lib/python3.12/site-packages/airflow/example_dags/example_complex.py
[2024-06-10T14:12:22.965+0000] {processor.py:840} INFO - DAG(s) 'example_complex' retrieved from /home/airflow/.local/lib/python3.12/site-packages/airflow/example_dags/example_complex.py
[2024-06-10T14:12:22.999+0000] {logging_mixin.py:188} INFO - [2024-06-10T14:12:22.999+0000] {dag.py:3096} INFO - Sync 1 DAGs
[2024-06-10T14:12:23.020+0000] {logging_mixin.py:188} INFO - [2024-06-10T14:12:23.020+0000] {dag.py:3954} INFO - Setting next_dagrun for example_complex to None, run_after=None
[2024-06-10T14:12:23.050+0000] {processor.py:183} INFO - Processing /home/airflow/.local/lib/python3.12/site-packages/airflow/example_dags/example_complex.py took 0.104 seconds
[2024-06-10T14:12:54.484+0000] {processor.py:161} INFO - Started process (PID=815) to work on /home/airflow/.local/lib/python3.12/site-packages/airflow/example_dags/example_complex.py
[2024-06-10T14:12:54.486+0000] {processor.py:830} INFO - Processing file /home/airflow/.local/lib/python3.12/site-packages/airflow/example_dags/example_complex.py for tasks to queue
[2024-06-10T14:12:54.488+0000] {logging_mixin.py:188} INFO - [2024-06-10T14:12:54.487+0000] {dagbag.py:545} INFO - Filling up the DagBag from /home/airflow/.local/lib/python3.12/site-packages/airflow/example_dags/example_complex.py
[2024-06-10T14:12:54.649+0000] {processor.py:840} INFO - DAG(s) 'example_complex' retrieved from /home/airflow/.local/lib/python3.12/site-packages/airflow/example_dags/example_complex.py
[2024-06-10T14:12:54.683+0000] {logging_mixin.py:188} INFO - [2024-06-10T14:12:54.683+0000] {dag.py:3096} INFO - Sync 1 DAGs
[2024-06-10T14:12:54.695+0000] {logging_mixin.py:188} INFO - [2024-06-10T14:12:54.694+0000] {dag.py:3954} INFO - Setting next_dagrun for example_complex to None, run_after=None
[2024-06-10T14:12:54.718+0000] {processor.py:183} INFO - Processing /home/airflow/.local/lib/python3.12/site-packages/airflow/example_dags/example_complex.py took 0.239 seconds
[2024-06-10T14:13:24.787+0000] {processor.py:161} INFO - Started process (PID=884) to work on /home/airflow/.local/lib/python3.12/site-packages/airflow/example_dags/example_complex.py
[2024-06-10T14:13:24.789+0000] {processor.py:830} INFO - Processing file /home/airflow/.local/lib/python3.12/site-packages/airflow/example_dags/example_complex.py for tasks to queue
[2024-06-10T14:13:24.791+0000] {logging_mixin.py:188} INFO - [2024-06-10T14:13:24.790+0000] {dagbag.py:545} INFO - Filling up the DagBag from /home/airflow/.local/lib/python3.12/site-packages/airflow/example_dags/example_complex.py
[2024-06-10T14:13:24.802+0000] {processor.py:840} INFO - DAG(s) 'example_complex' retrieved from /home/airflow/.local/lib/python3.12/site-packages/airflow/example_dags/example_complex.py
[2024-06-10T14:13:24.841+0000] {logging_mixin.py:188} INFO - [2024-06-10T14:13:24.841+0000] {dag.py:3096} INFO - Sync 1 DAGs
[2024-06-10T14:13:24.859+0000] {logging_mixin.py:188} INFO - [2024-06-10T14:13:24.859+0000] {dag.py:3954} INFO - Setting next_dagrun for example_complex to None, run_after=None
[2024-06-10T14:13:24.882+0000] {processor.py:183} INFO - Processing /home/airflow/.local/lib/python3.12/site-packages/airflow/example_dags/example_complex.py took 0.101 seconds
[2024-06-10T14:13:55.564+0000] {processor.py:161} INFO - Started process (PID=953) to work on /home/airflow/.local/lib/python3.12/site-packages/airflow/example_dags/example_complex.py
[2024-06-10T14:13:55.566+0000] {processor.py:830} INFO - Processing file /home/airflow/.local/lib/python3.12/site-packages/airflow/example_dags/example_complex.py for tasks to queue
[2024-06-10T14:13:55.571+0000] {logging_mixin.py:188} INFO - [2024-06-10T14:13:55.570+0000] {dagbag.py:545} INFO - Filling up the DagBag from /home/airflow/.local/lib/python3.12/site-packages/airflow/example_dags/example_complex.py
[2024-06-10T14:13:55.579+0000] {processor.py:840} INFO - DAG(s) 'example_complex' retrieved from /home/airflow/.local/lib/python3.12/site-packages/airflow/example_dags/example_complex.py
[2024-06-10T14:13:55.613+0000] {logging_mixin.py:188} INFO - [2024-06-10T14:13:55.613+0000] {dag.py:3096} INFO - Sync 1 DAGs
[2024-06-10T14:13:55.626+0000] {logging_mixin.py:188} INFO - [2024-06-10T14:13:55.626+0000] {dag.py:3954} INFO - Setting next_dagrun for example_complex to None, run_after=None
[2024-06-10T14:13:55.645+0000] {processor.py:183} INFO - Processing /home/airflow/.local/lib/python3.12/site-packages/airflow/example_dags/example_complex.py took 0.087 seconds
[2024-06-10T14:14:25.833+0000] {processor.py:161} INFO - Started process (PID=1022) to work on /home/airflow/.local/lib/python3.12/site-packages/airflow/example_dags/example_complex.py
[2024-06-10T14:14:25.834+0000] {processor.py:830} INFO - Processing file /home/airflow/.local/lib/python3.12/site-packages/airflow/example_dags/example_complex.py for tasks to queue
[2024-06-10T14:14:25.837+0000] {logging_mixin.py:188} INFO - [2024-06-10T14:14:25.837+0000] {dagbag.py:545} INFO - Filling up the DagBag from /home/airflow/.local/lib/python3.12/site-packages/airflow/example_dags/example_complex.py
[2024-06-10T14:14:25.846+0000] {processor.py:840} INFO - DAG(s) 'example_complex' retrieved from /home/airflow/.local/lib/python3.12/site-packages/airflow/example_dags/example_complex.py
[2024-06-10T14:14:25.878+0000] {logging_mixin.py:188} INFO - [2024-06-10T14:14:25.878+0000] {dag.py:3096} INFO - Sync 1 DAGs
[2024-06-10T14:14:25.894+0000] {logging_mixin.py:188} INFO - [2024-06-10T14:14:25.893+0000] {dag.py:3954} INFO - Setting next_dagrun for example_complex to None, run_after=None
[2024-06-10T14:14:25.916+0000] {processor.py:183} INFO - Processing /home/airflow/.local/lib/python3.12/site-packages/airflow/example_dags/example_complex.py took 0.088 seconds
[2024-06-10T14:14:56.017+0000] {processor.py:161} INFO - Started process (PID=1092) to work on /home/airflow/.local/lib/python3.12/site-packages/airflow/example_dags/example_complex.py
[2024-06-10T14:14:56.018+0000] {processor.py:830} INFO - Processing file /home/airflow/.local/lib/python3.12/site-packages/airflow/example_dags/example_complex.py for tasks to queue
[2024-06-10T14:14:56.021+0000] {logging_mixin.py:188} INFO - [2024-06-10T14:14:56.020+0000] {dagbag.py:545} INFO - Filling up the DagBag from /home/airflow/.local/lib/python3.12/site-packages/airflow/example_dags/example_complex.py
[2024-06-10T14:14:56.035+0000] {processor.py:840} INFO - DAG(s) 'example_complex' retrieved from /home/airflow/.local/lib/python3.12/site-packages/airflow/example_dags/example_complex.py
[2024-06-10T14:14:56.085+0000] {logging_mixin.py:188} INFO - [2024-06-10T14:14:56.084+0000] {dag.py:3096} INFO - Sync 1 DAGs
[2024-06-10T14:14:56.099+0000] {logging_mixin.py:188} INFO - [2024-06-10T14:14:56.099+0000] {dag.py:3954} INFO - Setting next_dagrun for example_complex to None, run_after=None
[2024-06-10T14:14:56.125+0000] {processor.py:183} INFO - Processing /home/airflow/.local/lib/python3.12/site-packages/airflow/example_dags/example_complex.py took 0.115 seconds
[2024-06-10T14:15:26.267+0000] {processor.py:161} INFO - Started process (PID=1160) to work on /home/airflow/.local/lib/python3.12/site-packages/airflow/example_dags/example_complex.py
[2024-06-10T14:15:26.269+0000] {processor.py:830} INFO - Processing file /home/airflow/.local/lib/python3.12/site-packages/airflow/example_dags/example_complex.py for tasks to queue
[2024-06-10T14:15:26.270+0000] {logging_mixin.py:188} INFO - [2024-06-10T14:15:26.270+0000] {dagbag.py:545} INFO - Filling up the DagBag from /home/airflow/.local/lib/python3.12/site-packages/airflow/example_dags/example_complex.py
[2024-06-10T14:15:26.279+0000] {processor.py:840} INFO - DAG(s) 'example_complex' retrieved from /home/airflow/.local/lib/python3.12/site-packages/airflow/example_dags/example_complex.py
[2024-06-10T14:15:26.309+0000] {logging_mixin.py:188} INFO - [2024-06-10T14:15:26.309+0000] {dag.py:3096} INFO - Sync 1 DAGs
[2024-06-10T14:15:26.320+0000] {logging_mixin.py:188} INFO - [2024-06-10T14:15:26.320+0000] {dag.py:3954} INFO - Setting next_dagrun for example_complex to None, run_after=None
[2024-06-10T14:15:26.341+0000] {processor.py:183} INFO - Processing /home/airflow/.local/lib/python3.12/site-packages/airflow/example_dags/example_complex.py took 0.079 seconds
[2024-06-10T14:15:56.586+0000] {processor.py:161} INFO - Started process (PID=1220) to work on /home/airflow/.local/lib/python3.12/site-packages/airflow/example_dags/example_complex.py
[2024-06-10T14:15:56.588+0000] {processor.py:830} INFO - Processing file /home/airflow/.local/lib/python3.12/site-packages/airflow/example_dags/example_complex.py for tasks to queue
[2024-06-10T14:15:56.589+0000] {logging_mixin.py:188} INFO - [2024-06-10T14:15:56.588+0000] {dagbag.py:545} INFO - Filling up the DagBag from /home/airflow/.local/lib/python3.12/site-packages/airflow/example_dags/example_complex.py
[2024-06-10T14:15:56.601+0000] {processor.py:840} INFO - DAG(s) 'example_complex' retrieved from /home/airflow/.local/lib/python3.12/site-packages/airflow/example_dags/example_complex.py
[2024-06-10T14:15:56.644+0000] {logging_mixin.py:188} INFO - [2024-06-10T14:15:56.644+0000] {dag.py:3096} INFO - Sync 1 DAGs
[2024-06-10T14:15:56.661+0000] {logging_mixin.py:188} INFO - [2024-06-10T14:15:56.660+0000] {dag.py:3954} INFO - Setting next_dagrun for example_complex to None, run_after=None
[2024-06-10T14:15:56.682+0000] {processor.py:183} INFO - Processing /home/airflow/.local/lib/python3.12/site-packages/airflow/example_dags/example_complex.py took 0.102 seconds
[2024-06-10T14:16:26.830+0000] {processor.py:161} INFO - Started process (PID=1280) to work on /home/airflow/.local/lib/python3.12/site-packages/airflow/example_dags/example_complex.py
[2024-06-10T14:16:26.831+0000] {processor.py:830} INFO - Processing file /home/airflow/.local/lib/python3.12/site-packages/airflow/example_dags/example_complex.py for tasks to queue
[2024-06-10T14:16:26.832+0000] {logging_mixin.py:188} INFO - [2024-06-10T14:16:26.832+0000] {dagbag.py:545} INFO - Filling up the DagBag from /home/airflow/.local/lib/python3.12/site-packages/airflow/example_dags/example_complex.py
[2024-06-10T14:16:26.842+0000] {processor.py:840} INFO - DAG(s) 'example_complex' retrieved from /home/airflow/.local/lib/python3.12/site-packages/airflow/example_dags/example_complex.py
[2024-06-10T14:16:26.875+0000] {logging_mixin.py:188} INFO - [2024-06-10T14:16:26.875+0000] {dag.py:3096} INFO - Sync 1 DAGs
[2024-06-10T14:16:26.887+0000] {logging_mixin.py:188} INFO - [2024-06-10T14:16:26.887+0000] {dag.py:3954} INFO - Setting next_dagrun for example_complex to None, run_after=None
[2024-06-10T14:16:26.907+0000] {processor.py:183} INFO - Processing /home/airflow/.local/lib/python3.12/site-packages/airflow/example_dags/example_complex.py took 0.083 seconds
[2024-06-10T14:16:57.111+0000] {processor.py:161} INFO - Started process (PID=1340) to work on /home/airflow/.local/lib/python3.12/site-packages/airflow/example_dags/example_complex.py
[2024-06-10T14:16:57.112+0000] {processor.py:830} INFO - Processing file /home/airflow/.local/lib/python3.12/site-packages/airflow/example_dags/example_complex.py for tasks to queue
[2024-06-10T14:16:57.113+0000] {logging_mixin.py:188} INFO - [2024-06-10T14:16:57.113+0000] {dagbag.py:545} INFO - Filling up the DagBag from /home/airflow/.local/lib/python3.12/site-packages/airflow/example_dags/example_complex.py
[2024-06-10T14:16:57.123+0000] {processor.py:840} INFO - DAG(s) 'example_complex' retrieved from /home/airflow/.local/lib/python3.12/site-packages/airflow/example_dags/example_complex.py
[2024-06-10T14:16:57.137+0000] {logging_mixin.py:188} INFO - [2024-06-10T14:16:57.136+0000] {dag.py:3096} INFO - Sync 1 DAGs
[2024-06-10T14:16:57.154+0000] {logging_mixin.py:188} INFO - [2024-06-10T14:16:57.154+0000] {dag.py:3954} INFO - Setting next_dagrun for example_complex to None, run_after=None
[2024-06-10T14:16:57.177+0000] {processor.py:183} INFO - Processing /home/airflow/.local/lib/python3.12/site-packages/airflow/example_dags/example_complex.py took 0.073 seconds
[2024-06-10T14:17:28.322+0000] {processor.py:161} INFO - Started process (PID=1400) to work on /home/airflow/.local/lib/python3.12/site-packages/airflow/example_dags/example_complex.py
[2024-06-10T14:17:28.324+0000] {processor.py:830} INFO - Processing file /home/airflow/.local/lib/python3.12/site-packages/airflow/example_dags/example_complex.py for tasks to queue
[2024-06-10T14:17:28.325+0000] {logging_mixin.py:188} INFO - [2024-06-10T14:17:28.324+0000] {dagbag.py:545} INFO - Filling up the DagBag from /home/airflow/.local/lib/python3.12/site-packages/airflow/example_dags/example_complex.py
[2024-06-10T14:17:28.341+0000] {processor.py:840} INFO - DAG(s) 'example_complex' retrieved from /home/airflow/.local/lib/python3.12/site-packages/airflow/example_dags/example_complex.py
[2024-06-10T14:17:28.470+0000] {logging_mixin.py:188} INFO - [2024-06-10T14:17:28.469+0000] {dag.py:3096} INFO - Sync 1 DAGs
[2024-06-10T14:17:28.481+0000] {logging_mixin.py:188} INFO - [2024-06-10T14:17:28.481+0000] {dag.py:3954} INFO - Setting next_dagrun for example_complex to None, run_after=None
[2024-06-10T14:17:28.500+0000] {processor.py:183} INFO - Processing /home/airflow/.local/lib/python3.12/site-packages/airflow/example_dags/example_complex.py took 0.185 seconds
[2024-06-10T14:17:59.250+0000] {processor.py:161} INFO - Started process (PID=1460) to work on /home/airflow/.local/lib/python3.12/site-packages/airflow/example_dags/example_complex.py
[2024-06-10T14:17:59.252+0000] {processor.py:830} INFO - Processing file /home/airflow/.local/lib/python3.12/site-packages/airflow/example_dags/example_complex.py for tasks to queue
[2024-06-10T14:17:59.253+0000] {logging_mixin.py:188} INFO - [2024-06-10T14:17:59.253+0000] {dagbag.py:545} INFO - Filling up the DagBag from /home/airflow/.local/lib/python3.12/site-packages/airflow/example_dags/example_complex.py
[2024-06-10T14:17:59.267+0000] {processor.py:840} INFO - DAG(s) 'example_complex' retrieved from /home/airflow/.local/lib/python3.12/site-packages/airflow/example_dags/example_complex.py
[2024-06-10T14:17:59.313+0000] {logging_mixin.py:188} INFO - [2024-06-10T14:17:59.313+0000] {dag.py:3096} INFO - Sync 1 DAGs
[2024-06-10T14:17:59.333+0000] {logging_mixin.py:188} INFO - [2024-06-10T14:17:59.333+0000] {dag.py:3954} INFO - Setting next_dagrun for example_complex to None, run_after=None
[2024-06-10T14:17:59.357+0000] {processor.py:183} INFO - Processing /home/airflow/.local/lib/python3.12/site-packages/airflow/example_dags/example_complex.py took 0.114 seconds
[2024-06-10T14:18:30.167+0000] {processor.py:161} INFO - Started process (PID=1520) to work on /home/airflow/.local/lib/python3.12/site-packages/airflow/example_dags/example_complex.py
[2024-06-10T14:18:30.169+0000] {processor.py:830} INFO - Processing file /home/airflow/.local/lib/python3.12/site-packages/airflow/example_dags/example_complex.py for tasks to queue
[2024-06-10T14:18:30.170+0000] {logging_mixin.py:188} INFO - [2024-06-10T14:18:30.170+0000] {dagbag.py:545} INFO - Filling up the DagBag from /home/airflow/.local/lib/python3.12/site-packages/airflow/example_dags/example_complex.py
[2024-06-10T14:18:30.182+0000] {processor.py:840} INFO - DAG(s) 'example_complex' retrieved from /home/airflow/.local/lib/python3.12/site-packages/airflow/example_dags/example_complex.py
[2024-06-10T14:18:30.194+0000] {logging_mixin.py:188} INFO - [2024-06-10T14:18:30.194+0000] {dag.py:3096} INFO - Sync 1 DAGs
[2024-06-10T14:18:30.210+0000] {logging_mixin.py:188} INFO - [2024-06-10T14:18:30.209+0000] {dag.py:3954} INFO - Setting next_dagrun for example_complex to None, run_after=None
[2024-06-10T14:18:30.232+0000] {processor.py:183} INFO - Processing /home/airflow/.local/lib/python3.12/site-packages/airflow/example_dags/example_complex.py took 0.072 seconds
[2024-06-10T14:19:01.208+0000] {processor.py:161} INFO - Started process (PID=1580) to work on /home/airflow/.local/lib/python3.12/site-packages/airflow/example_dags/example_complex.py
[2024-06-10T14:19:01.209+0000] {processor.py:830} INFO - Processing file /home/airflow/.local/lib/python3.12/site-packages/airflow/example_dags/example_complex.py for tasks to queue
[2024-06-10T14:19:01.211+0000] {logging_mixin.py:188} INFO - [2024-06-10T14:19:01.211+0000] {dagbag.py:545} INFO - Filling up the DagBag from /home/airflow/.local/lib/python3.12/site-packages/airflow/example_dags/example_complex.py
[2024-06-10T14:19:01.221+0000] {processor.py:840} INFO - DAG(s) 'example_complex' retrieved from /home/airflow/.local/lib/python3.12/site-packages/airflow/example_dags/example_complex.py
[2024-06-10T14:19:01.335+0000] {logging_mixin.py:188} INFO - [2024-06-10T14:19:01.334+0000] {dag.py:3096} INFO - Sync 1 DAGs
[2024-06-10T14:19:01.345+0000] {logging_mixin.py:188} INFO - [2024-06-10T14:19:01.345+0000] {dag.py:3954} INFO - Setting next_dagrun for example_complex to None, run_after=None
[2024-06-10T14:19:01.367+0000] {processor.py:183} INFO - Processing /home/airflow/.local/lib/python3.12/site-packages/airflow/example_dags/example_complex.py took 0.167 seconds
[2024-06-10T14:19:31.448+0000] {processor.py:161} INFO - Started process (PID=1640) to work on /home/airflow/.local/lib/python3.12/site-packages/airflow/example_dags/example_complex.py
[2024-06-10T14:19:31.449+0000] {processor.py:830} INFO - Processing file /home/airflow/.local/lib/python3.12/site-packages/airflow/example_dags/example_complex.py for tasks to queue
[2024-06-10T14:19:31.451+0000] {logging_mixin.py:188} INFO - [2024-06-10T14:19:31.450+0000] {dagbag.py:545} INFO - Filling up the DagBag from /home/airflow/.local/lib/python3.12/site-packages/airflow/example_dags/example_complex.py
[2024-06-10T14:19:31.462+0000] {processor.py:840} INFO - DAG(s) 'example_complex' retrieved from /home/airflow/.local/lib/python3.12/site-packages/airflow/example_dags/example_complex.py
[2024-06-10T14:19:31.503+0000] {logging_mixin.py:188} INFO - [2024-06-10T14:19:31.503+0000] {dag.py:3096} INFO - Sync 1 DAGs
[2024-06-10T14:19:31.516+0000] {logging_mixin.py:188} INFO - [2024-06-10T14:19:31.516+0000] {dag.py:3954} INFO - Setting next_dagrun for example_complex to None, run_after=None
[2024-06-10T14:19:31.539+0000] {processor.py:183} INFO - Processing /home/airflow/.local/lib/python3.12/site-packages/airflow/example_dags/example_complex.py took 0.099 seconds
[2024-06-10T14:20:01.627+0000] {processor.py:161} INFO - Started process (PID=1700) to work on /home/airflow/.local/lib/python3.12/site-packages/airflow/example_dags/example_complex.py
[2024-06-10T14:20:01.628+0000] {processor.py:830} INFO - Processing file /home/airflow/.local/lib/python3.12/site-packages/airflow/example_dags/example_complex.py for tasks to queue
[2024-06-10T14:20:01.630+0000] {logging_mixin.py:188} INFO - [2024-06-10T14:20:01.629+0000] {dagbag.py:545} INFO - Filling up the DagBag from /home/airflow/.local/lib/python3.12/site-packages/airflow/example_dags/example_complex.py
[2024-06-10T14:20:01.639+0000] {processor.py:840} INFO - DAG(s) 'example_complex' retrieved from /home/airflow/.local/lib/python3.12/site-packages/airflow/example_dags/example_complex.py
[2024-06-10T14:20:01.673+0000] {logging_mixin.py:188} INFO - [2024-06-10T14:20:01.672+0000] {dag.py:3096} INFO - Sync 1 DAGs
[2024-06-10T14:20:01.688+0000] {logging_mixin.py:188} INFO - [2024-06-10T14:20:01.688+0000] {dag.py:3954} INFO - Setting next_dagrun for example_complex to None, run_after=None
[2024-06-10T14:20:01.711+0000] {processor.py:183} INFO - Processing /home/airflow/.local/lib/python3.12/site-packages/airflow/example_dags/example_complex.py took 0.090 seconds
[2024-06-10T14:20:32.117+0000] {processor.py:161} INFO - Started process (PID=1760) to work on /home/airflow/.local/lib/python3.12/site-packages/airflow/example_dags/example_complex.py
[2024-06-10T14:20:32.119+0000] {processor.py:830} INFO - Processing file /home/airflow/.local/lib/python3.12/site-packages/airflow/example_dags/example_complex.py for tasks to queue
[2024-06-10T14:20:32.120+0000] {logging_mixin.py:188} INFO - [2024-06-10T14:20:32.120+0000] {dagbag.py:545} INFO - Filling up the DagBag from /home/airflow/.local/lib/python3.12/site-packages/airflow/example_dags/example_complex.py
[2024-06-10T14:20:32.135+0000] {processor.py:840} INFO - DAG(s) 'example_complex' retrieved from /home/airflow/.local/lib/python3.12/site-packages/airflow/example_dags/example_complex.py
[2024-06-10T14:20:32.168+0000] {logging_mixin.py:188} INFO - [2024-06-10T14:20:32.167+0000] {dag.py:3096} INFO - Sync 1 DAGs
[2024-06-10T14:20:32.181+0000] {logging_mixin.py:188} INFO - [2024-06-10T14:20:32.181+0000] {dag.py:3954} INFO - Setting next_dagrun for example_complex to None, run_after=None
[2024-06-10T14:20:32.201+0000] {processor.py:183} INFO - Processing /home/airflow/.local/lib/python3.12/site-packages/airflow/example_dags/example_complex.py took 0.091 seconds
[2024-06-10T14:21:02.409+0000] {processor.py:161} INFO - Started process (PID=1820) to work on /home/airflow/.local/lib/python3.12/site-packages/airflow/example_dags/example_complex.py
[2024-06-10T14:21:02.411+0000] {processor.py:830} INFO - Processing file /home/airflow/.local/lib/python3.12/site-packages/airflow/example_dags/example_complex.py for tasks to queue
[2024-06-10T14:21:02.412+0000] {logging_mixin.py:188} INFO - [2024-06-10T14:21:02.411+0000] {dagbag.py:545} INFO - Filling up the DagBag from /home/airflow/.local/lib/python3.12/site-packages/airflow/example_dags/example_complex.py
[2024-06-10T14:21:02.423+0000] {processor.py:840} INFO - DAG(s) 'example_complex' retrieved from /home/airflow/.local/lib/python3.12/site-packages/airflow/example_dags/example_complex.py
[2024-06-10T14:21:02.462+0000] {logging_mixin.py:188} INFO - [2024-06-10T14:21:02.462+0000] {dag.py:3096} INFO - Sync 1 DAGs
[2024-06-10T14:21:02.477+0000] {logging_mixin.py:188} INFO - [2024-06-10T14:21:02.476+0000] {dag.py:3954} INFO - Setting next_dagrun for example_complex to None, run_after=None
[2024-06-10T14:21:02.495+0000] {processor.py:183} INFO - Processing /home/airflow/.local/lib/python3.12/site-packages/airflow/example_dags/example_complex.py took 0.091 seconds
[2024-06-10T14:21:32.751+0000] {processor.py:161} INFO - Started process (PID=1880) to work on /home/airflow/.local/lib/python3.12/site-packages/airflow/example_dags/example_complex.py
[2024-06-10T14:21:32.752+0000] {processor.py:830} INFO - Processing file /home/airflow/.local/lib/python3.12/site-packages/airflow/example_dags/example_complex.py for tasks to queue
[2024-06-10T14:21:32.753+0000] {logging_mixin.py:188} INFO - [2024-06-10T14:21:32.752+0000] {dagbag.py:545} INFO - Filling up the DagBag from /home/airflow/.local/lib/python3.12/site-packages/airflow/example_dags/example_complex.py
[2024-06-10T14:21:32.763+0000] {processor.py:840} INFO - DAG(s) 'example_complex' retrieved from /home/airflow/.local/lib/python3.12/site-packages/airflow/example_dags/example_complex.py
[2024-06-10T14:21:32.799+0000] {logging_mixin.py:188} INFO - [2024-06-10T14:21:32.799+0000] {dag.py:3096} INFO - Sync 1 DAGs
[2024-06-10T14:21:32.813+0000] {logging_mixin.py:188} INFO - [2024-06-10T14:21:32.812+0000] {dag.py:3954} INFO - Setting next_dagrun for example_complex to None, run_after=None
[2024-06-10T14:21:32.834+0000] {processor.py:183} INFO - Processing /home/airflow/.local/lib/python3.12/site-packages/airflow/example_dags/example_complex.py took 0.089 seconds
[2024-06-10T14:26:12.753+0000] {processor.py:161} INFO - Started process (PID=48) to work on /home/airflow/.local/lib/python3.12/site-packages/airflow/example_dags/example_complex.py
[2024-06-10T14:26:12.754+0000] {processor.py:830} INFO - Processing file /home/airflow/.local/lib/python3.12/site-packages/airflow/example_dags/example_complex.py for tasks to queue
[2024-06-10T14:26:12.757+0000] {logging_mixin.py:188} INFO - [2024-06-10T14:26:12.756+0000] {dagbag.py:545} INFO - Filling up the DagBag from /home/airflow/.local/lib/python3.12/site-packages/airflow/example_dags/example_complex.py
[2024-06-10T14:26:12.781+0000] {processor.py:840} INFO - DAG(s) 'example_complex' retrieved from /home/airflow/.local/lib/python3.12/site-packages/airflow/example_dags/example_complex.py
[2024-06-10T14:26:12.995+0000] {logging_mixin.py:188} INFO - [2024-06-10T14:26:12.995+0000] {override.py:1829} INFO - Created Permission View: can delete on DAG:example_complex
[2024-06-10T14:26:13.016+0000] {logging_mixin.py:188} INFO - [2024-06-10T14:26:13.016+0000] {override.py:1829} INFO - Created Permission View: can read on DAG:example_complex
[2024-06-10T14:26:13.025+0000] {logging_mixin.py:188} INFO - [2024-06-10T14:26:13.025+0000] {override.py:1829} INFO - Created Permission View: can edit on DAG:example_complex
[2024-06-10T14:26:13.026+0000] {logging_mixin.py:188} INFO - [2024-06-10T14:26:13.026+0000] {dag.py:3096} INFO - Sync 1 DAGs
[2024-06-10T14:26:13.045+0000] {logging_mixin.py:188} INFO - [2024-06-10T14:26:13.045+0000] {dag.py:3118} INFO - Creating ORM DAG for example_complex
[2024-06-10T14:26:13.047+0000] {logging_mixin.py:188} INFO - [2024-06-10T14:26:13.047+0000] {dag.py:3954} INFO - Setting next_dagrun for example_complex to None, run_after=None
[2024-06-10T14:26:13.074+0000] {processor.py:183} INFO - Processing /home/airflow/.local/lib/python3.12/site-packages/airflow/example_dags/example_complex.py took 0.331 seconds
[2024-06-10T14:26:44.021+0000] {processor.py:161} INFO - Started process (PID=108) to work on /home/airflow/.local/lib/python3.12/site-packages/airflow/example_dags/example_complex.py
[2024-06-10T14:26:44.022+0000] {processor.py:830} INFO - Processing file /home/airflow/.local/lib/python3.12/site-packages/airflow/example_dags/example_complex.py for tasks to queue
[2024-06-10T14:26:44.025+0000] {logging_mixin.py:188} INFO - [2024-06-10T14:26:44.024+0000] {dagbag.py:545} INFO - Filling up the DagBag from /home/airflow/.local/lib/python3.12/site-packages/airflow/example_dags/example_complex.py
[2024-06-10T14:26:44.036+0000] {processor.py:840} INFO - DAG(s) 'example_complex' retrieved from /home/airflow/.local/lib/python3.12/site-packages/airflow/example_dags/example_complex.py
[2024-06-10T14:26:44.048+0000] {logging_mixin.py:188} INFO - [2024-06-10T14:26:44.047+0000] {dag.py:3096} INFO - Sync 1 DAGs
[2024-06-10T14:26:44.062+0000] {logging_mixin.py:188} INFO - [2024-06-10T14:26:44.062+0000] {dag.py:3954} INFO - Setting next_dagrun for example_complex to None, run_after=None
[2024-06-10T14:26:44.085+0000] {processor.py:183} INFO - Processing /home/airflow/.local/lib/python3.12/site-packages/airflow/example_dags/example_complex.py took 0.069 seconds
[2024-06-10T14:27:14.481+0000] {processor.py:161} INFO - Started process (PID=168) to work on /home/airflow/.local/lib/python3.12/site-packages/airflow/example_dags/example_complex.py
[2024-06-10T14:27:14.483+0000] {processor.py:830} INFO - Processing file /home/airflow/.local/lib/python3.12/site-packages/airflow/example_dags/example_complex.py for tasks to queue
[2024-06-10T14:27:14.485+0000] {logging_mixin.py:188} INFO - [2024-06-10T14:27:14.484+0000] {dagbag.py:545} INFO - Filling up the DagBag from /home/airflow/.local/lib/python3.12/site-packages/airflow/example_dags/example_complex.py
[2024-06-10T14:27:14.495+0000] {processor.py:840} INFO - DAG(s) 'example_complex' retrieved from /home/airflow/.local/lib/python3.12/site-packages/airflow/example_dags/example_complex.py
[2024-06-10T14:27:14.633+0000] {logging_mixin.py:188} INFO - [2024-06-10T14:27:14.632+0000] {dag.py:3096} INFO - Sync 1 DAGs
[2024-06-10T14:27:14.647+0000] {logging_mixin.py:188} INFO - [2024-06-10T14:27:14.646+0000] {dag.py:3954} INFO - Setting next_dagrun for example_complex to None, run_after=None
[2024-06-10T14:27:14.673+0000] {processor.py:183} INFO - Processing /home/airflow/.local/lib/python3.12/site-packages/airflow/example_dags/example_complex.py took 0.197 seconds
[2024-06-10T14:27:44.943+0000] {processor.py:161} INFO - Started process (PID=228) to work on /home/airflow/.local/lib/python3.12/site-packages/airflow/example_dags/example_complex.py
[2024-06-10T14:27:44.944+0000] {processor.py:830} INFO - Processing file /home/airflow/.local/lib/python3.12/site-packages/airflow/example_dags/example_complex.py for tasks to queue
[2024-06-10T14:27:44.946+0000] {logging_mixin.py:188} INFO - [2024-06-10T14:27:44.946+0000] {dagbag.py:545} INFO - Filling up the DagBag from /home/airflow/.local/lib/python3.12/site-packages/airflow/example_dags/example_complex.py
[2024-06-10T14:27:44.957+0000] {processor.py:840} INFO - DAG(s) 'example_complex' retrieved from /home/airflow/.local/lib/python3.12/site-packages/airflow/example_dags/example_complex.py
[2024-06-10T14:27:44.993+0000] {logging_mixin.py:188} INFO - [2024-06-10T14:27:44.993+0000] {dag.py:3096} INFO - Sync 1 DAGs
[2024-06-10T14:27:45.013+0000] {logging_mixin.py:188} INFO - [2024-06-10T14:27:45.012+0000] {dag.py:3954} INFO - Setting next_dagrun for example_complex to None, run_after=None
[2024-06-10T14:27:45.041+0000] {processor.py:183} INFO - Processing /home/airflow/.local/lib/python3.12/site-packages/airflow/example_dags/example_complex.py took 0.103 seconds
[2024-06-10T14:28:15.316+0000] {processor.py:161} INFO - Started process (PID=287) to work on /home/airflow/.local/lib/python3.12/site-packages/airflow/example_dags/example_complex.py
[2024-06-10T14:28:15.318+0000] {processor.py:830} INFO - Processing file /home/airflow/.local/lib/python3.12/site-packages/airflow/example_dags/example_complex.py for tasks to queue
[2024-06-10T14:28:15.320+0000] {logging_mixin.py:188} INFO - [2024-06-10T14:28:15.320+0000] {dagbag.py:545} INFO - Filling up the DagBag from /home/airflow/.local/lib/python3.12/site-packages/airflow/example_dags/example_complex.py
[2024-06-10T14:28:15.332+0000] {processor.py:840} INFO - DAG(s) 'example_complex' retrieved from /home/airflow/.local/lib/python3.12/site-packages/airflow/example_dags/example_complex.py
[2024-06-10T14:28:15.363+0000] {logging_mixin.py:188} INFO - [2024-06-10T14:28:15.363+0000] {dag.py:3096} INFO - Sync 1 DAGs
[2024-06-10T14:28:15.377+0000] {logging_mixin.py:188} INFO - [2024-06-10T14:28:15.377+0000] {dag.py:3954} INFO - Setting next_dagrun for example_complex to None, run_after=None
[2024-06-10T14:28:15.401+0000] {processor.py:183} INFO - Processing /home/airflow/.local/lib/python3.12/site-packages/airflow/example_dags/example_complex.py took 0.090 seconds
[2024-06-10T14:28:45.504+0000] {processor.py:161} INFO - Started process (PID=347) to work on /home/airflow/.local/lib/python3.12/site-packages/airflow/example_dags/example_complex.py
[2024-06-10T14:28:45.505+0000] {processor.py:830} INFO - Processing file /home/airflow/.local/lib/python3.12/site-packages/airflow/example_dags/example_complex.py for tasks to queue
[2024-06-10T14:28:45.507+0000] {logging_mixin.py:188} INFO - [2024-06-10T14:28:45.507+0000] {dagbag.py:545} INFO - Filling up the DagBag from /home/airflow/.local/lib/python3.12/site-packages/airflow/example_dags/example_complex.py
[2024-06-10T14:28:45.518+0000] {processor.py:840} INFO - DAG(s) 'example_complex' retrieved from /home/airflow/.local/lib/python3.12/site-packages/airflow/example_dags/example_complex.py
[2024-06-10T14:28:45.554+0000] {logging_mixin.py:188} INFO - [2024-06-10T14:28:45.553+0000] {dag.py:3096} INFO - Sync 1 DAGs
[2024-06-10T14:28:45.569+0000] {logging_mixin.py:188} INFO - [2024-06-10T14:28:45.568+0000] {dag.py:3954} INFO - Setting next_dagrun for example_complex to None, run_after=None
[2024-06-10T14:28:45.595+0000] {processor.py:183} INFO - Processing /home/airflow/.local/lib/python3.12/site-packages/airflow/example_dags/example_complex.py took 0.097 seconds
[2024-06-10T14:29:15.649+0000] {processor.py:161} INFO - Started process (PID=407) to work on /home/airflow/.local/lib/python3.12/site-packages/airflow/example_dags/example_complex.py
[2024-06-10T14:29:15.650+0000] {processor.py:830} INFO - Processing file /home/airflow/.local/lib/python3.12/site-packages/airflow/example_dags/example_complex.py for tasks to queue
[2024-06-10T14:29:15.653+0000] {logging_mixin.py:188} INFO - [2024-06-10T14:29:15.652+0000] {dagbag.py:545} INFO - Filling up the DagBag from /home/airflow/.local/lib/python3.12/site-packages/airflow/example_dags/example_complex.py
[2024-06-10T14:29:15.661+0000] {processor.py:840} INFO - DAG(s) 'example_complex' retrieved from /home/airflow/.local/lib/python3.12/site-packages/airflow/example_dags/example_complex.py
[2024-06-10T14:29:15.691+0000] {logging_mixin.py:188} INFO - [2024-06-10T14:29:15.691+0000] {dag.py:3096} INFO - Sync 1 DAGs
[2024-06-10T14:29:15.703+0000] {logging_mixin.py:188} INFO - [2024-06-10T14:29:15.702+0000] {dag.py:3954} INFO - Setting next_dagrun for example_complex to None, run_after=None
[2024-06-10T14:29:15.725+0000] {processor.py:183} INFO - Processing /home/airflow/.local/lib/python3.12/site-packages/airflow/example_dags/example_complex.py took 0.081 seconds
[2024-06-10T14:29:46.440+0000] {processor.py:161} INFO - Started process (PID=467) to work on /home/airflow/.local/lib/python3.12/site-packages/airflow/example_dags/example_complex.py
[2024-06-10T14:29:46.441+0000] {processor.py:830} INFO - Processing file /home/airflow/.local/lib/python3.12/site-packages/airflow/example_dags/example_complex.py for tasks to queue
[2024-06-10T14:29:46.443+0000] {logging_mixin.py:188} INFO - [2024-06-10T14:29:46.443+0000] {dagbag.py:545} INFO - Filling up the DagBag from /home/airflow/.local/lib/python3.12/site-packages/airflow/example_dags/example_complex.py
[2024-06-10T14:29:46.453+0000] {processor.py:840} INFO - DAG(s) 'example_complex' retrieved from /home/airflow/.local/lib/python3.12/site-packages/airflow/example_dags/example_complex.py
[2024-06-10T14:29:46.488+0000] {logging_mixin.py:188} INFO - [2024-06-10T14:29:46.488+0000] {dag.py:3096} INFO - Sync 1 DAGs
[2024-06-10T14:29:46.501+0000] {logging_mixin.py:188} INFO - [2024-06-10T14:29:46.501+0000] {dag.py:3954} INFO - Setting next_dagrun for example_complex to None, run_after=None
[2024-06-10T14:29:46.521+0000] {processor.py:183} INFO - Processing /home/airflow/.local/lib/python3.12/site-packages/airflow/example_dags/example_complex.py took 0.086 seconds
[2024-06-10T14:30:16.813+0000] {processor.py:161} INFO - Started process (PID=527) to work on /home/airflow/.local/lib/python3.12/site-packages/airflow/example_dags/example_complex.py
[2024-06-10T14:30:16.814+0000] {processor.py:830} INFO - Processing file /home/airflow/.local/lib/python3.12/site-packages/airflow/example_dags/example_complex.py for tasks to queue
[2024-06-10T14:30:16.816+0000] {logging_mixin.py:188} INFO - [2024-06-10T14:30:16.816+0000] {dagbag.py:545} INFO - Filling up the DagBag from /home/airflow/.local/lib/python3.12/site-packages/airflow/example_dags/example_complex.py
[2024-06-10T14:30:16.826+0000] {processor.py:840} INFO - DAG(s) 'example_complex' retrieved from /home/airflow/.local/lib/python3.12/site-packages/airflow/example_dags/example_complex.py
[2024-06-10T14:30:16.855+0000] {logging_mixin.py:188} INFO - [2024-06-10T14:30:16.855+0000] {dag.py:3096} INFO - Sync 1 DAGs
[2024-06-10T14:30:16.867+0000] {logging_mixin.py:188} INFO - [2024-06-10T14:30:16.867+0000] {dag.py:3954} INFO - Setting next_dagrun for example_complex to None, run_after=None
[2024-06-10T14:30:16.889+0000] {processor.py:183} INFO - Processing /home/airflow/.local/lib/python3.12/site-packages/airflow/example_dags/example_complex.py took 0.080 seconds
[2024-06-10T14:30:47.382+0000] {processor.py:161} INFO - Started process (PID=587) to work on /home/airflow/.local/lib/python3.12/site-packages/airflow/example_dags/example_complex.py
[2024-06-10T14:30:47.383+0000] {processor.py:830} INFO - Processing file /home/airflow/.local/lib/python3.12/site-packages/airflow/example_dags/example_complex.py for tasks to queue
[2024-06-10T14:30:47.385+0000] {logging_mixin.py:188} INFO - [2024-06-10T14:30:47.384+0000] {dagbag.py:545} INFO - Filling up the DagBag from /home/airflow/.local/lib/python3.12/site-packages/airflow/example_dags/example_complex.py
[2024-06-10T14:30:47.396+0000] {processor.py:840} INFO - DAG(s) 'example_complex' retrieved from /home/airflow/.local/lib/python3.12/site-packages/airflow/example_dags/example_complex.py
[2024-06-10T14:30:47.431+0000] {logging_mixin.py:188} INFO - [2024-06-10T14:30:47.430+0000] {dag.py:3096} INFO - Sync 1 DAGs
[2024-06-10T14:30:47.442+0000] {logging_mixin.py:188} INFO - [2024-06-10T14:30:47.442+0000] {dag.py:3954} INFO - Setting next_dagrun for example_complex to None, run_after=None
[2024-06-10T14:30:47.463+0000] {processor.py:183} INFO - Processing /home/airflow/.local/lib/python3.12/site-packages/airflow/example_dags/example_complex.py took 0.088 seconds
[2024-06-10T14:31:17.816+0000] {processor.py:161} INFO - Started process (PID=647) to work on /home/airflow/.local/lib/python3.12/site-packages/airflow/example_dags/example_complex.py
[2024-06-10T14:31:17.817+0000] {processor.py:830} INFO - Processing file /home/airflow/.local/lib/python3.12/site-packages/airflow/example_dags/example_complex.py for tasks to queue
[2024-06-10T14:31:17.820+0000] {logging_mixin.py:188} INFO - [2024-06-10T14:31:17.819+0000] {dagbag.py:545} INFO - Filling up the DagBag from /home/airflow/.local/lib/python3.12/site-packages/airflow/example_dags/example_complex.py
[2024-06-10T14:31:17.829+0000] {processor.py:840} INFO - DAG(s) 'example_complex' retrieved from /home/airflow/.local/lib/python3.12/site-packages/airflow/example_dags/example_complex.py
[2024-06-10T14:31:17.859+0000] {logging_mixin.py:188} INFO - [2024-06-10T14:31:17.859+0000] {dag.py:3096} INFO - Sync 1 DAGs
[2024-06-10T14:31:17.872+0000] {logging_mixin.py:188} INFO - [2024-06-10T14:31:17.872+0000] {dag.py:3954} INFO - Setting next_dagrun for example_complex to None, run_after=None
[2024-06-10T14:31:17.892+0000] {processor.py:183} INFO - Processing /home/airflow/.local/lib/python3.12/site-packages/airflow/example_dags/example_complex.py took 0.082 seconds
[2024-06-10T14:31:48.015+0000] {processor.py:161} INFO - Started process (PID=707) to work on /home/airflow/.local/lib/python3.12/site-packages/airflow/example_dags/example_complex.py
[2024-06-10T14:31:48.016+0000] {processor.py:830} INFO - Processing file /home/airflow/.local/lib/python3.12/site-packages/airflow/example_dags/example_complex.py for tasks to queue
[2024-06-10T14:31:48.019+0000] {logging_mixin.py:188} INFO - [2024-06-10T14:31:48.018+0000] {dagbag.py:545} INFO - Filling up the DagBag from /home/airflow/.local/lib/python3.12/site-packages/airflow/example_dags/example_complex.py
[2024-06-10T14:31:48.040+0000] {processor.py:840} INFO - DAG(s) 'example_complex' retrieved from /home/airflow/.local/lib/python3.12/site-packages/airflow/example_dags/example_complex.py
[2024-06-10T14:31:48.092+0000] {logging_mixin.py:188} INFO - [2024-06-10T14:31:48.091+0000] {dag.py:3096} INFO - Sync 1 DAGs
[2024-06-10T14:31:48.117+0000] {logging_mixin.py:188} INFO - [2024-06-10T14:31:48.116+0000] {dag.py:3954} INFO - Setting next_dagrun for example_complex to None, run_after=None
[2024-06-10T14:31:48.155+0000] {processor.py:183} INFO - Processing /home/airflow/.local/lib/python3.12/site-packages/airflow/example_dags/example_complex.py took 0.147 seconds
[2024-06-10T14:32:18.763+0000] {processor.py:161} INFO - Started process (PID=767) to work on /home/airflow/.local/lib/python3.12/site-packages/airflow/example_dags/example_complex.py
[2024-06-10T14:32:18.764+0000] {processor.py:830} INFO - Processing file /home/airflow/.local/lib/python3.12/site-packages/airflow/example_dags/example_complex.py for tasks to queue
[2024-06-10T14:32:18.767+0000] {logging_mixin.py:188} INFO - [2024-06-10T14:32:18.766+0000] {dagbag.py:545} INFO - Filling up the DagBag from /home/airflow/.local/lib/python3.12/site-packages/airflow/example_dags/example_complex.py
[2024-06-10T14:32:18.785+0000] {processor.py:840} INFO - DAG(s) 'example_complex' retrieved from /home/airflow/.local/lib/python3.12/site-packages/airflow/example_dags/example_complex.py
[2024-06-10T14:32:18.832+0000] {logging_mixin.py:188} INFO - [2024-06-10T14:32:18.832+0000] {dag.py:3096} INFO - Sync 1 DAGs
[2024-06-10T14:32:18.848+0000] {logging_mixin.py:188} INFO - [2024-06-10T14:32:18.848+0000] {dag.py:3954} INFO - Setting next_dagrun for example_complex to None, run_after=None
[2024-06-10T14:32:18.872+0000] {processor.py:183} INFO - Processing /home/airflow/.local/lib/python3.12/site-packages/airflow/example_dags/example_complex.py took 0.117 seconds
[2024-06-10T14:32:48.978+0000] {processor.py:161} INFO - Started process (PID=825) to work on /home/airflow/.local/lib/python3.12/site-packages/airflow/example_dags/example_complex.py
[2024-06-10T14:32:48.979+0000] {processor.py:830} INFO - Processing file /home/airflow/.local/lib/python3.12/site-packages/airflow/example_dags/example_complex.py for tasks to queue
[2024-06-10T14:32:48.982+0000] {logging_mixin.py:188} INFO - [2024-06-10T14:32:48.981+0000] {dagbag.py:545} INFO - Filling up the DagBag from /home/airflow/.local/lib/python3.12/site-packages/airflow/example_dags/example_complex.py
[2024-06-10T14:32:48.996+0000] {processor.py:840} INFO - DAG(s) 'example_complex' retrieved from /home/airflow/.local/lib/python3.12/site-packages/airflow/example_dags/example_complex.py
[2024-06-10T14:32:49.037+0000] {logging_mixin.py:188} INFO - [2024-06-10T14:32:49.036+0000] {dag.py:3096} INFO - Sync 1 DAGs
[2024-06-10T14:32:49.052+0000] {logging_mixin.py:188} INFO - [2024-06-10T14:32:49.051+0000] {dag.py:3954} INFO - Setting next_dagrun for example_complex to None, run_after=None
[2024-06-10T14:32:49.075+0000] {processor.py:183} INFO - Processing /home/airflow/.local/lib/python3.12/site-packages/airflow/example_dags/example_complex.py took 0.102 seconds
[2024-06-10T14:33:19.214+0000] {processor.py:161} INFO - Started process (PID=885) to work on /home/airflow/.local/lib/python3.12/site-packages/airflow/example_dags/example_complex.py
[2024-06-10T14:33:19.215+0000] {processor.py:830} INFO - Processing file /home/airflow/.local/lib/python3.12/site-packages/airflow/example_dags/example_complex.py for tasks to queue
[2024-06-10T14:33:19.218+0000] {logging_mixin.py:188} INFO - [2024-06-10T14:33:19.217+0000] {dagbag.py:545} INFO - Filling up the DagBag from /home/airflow/.local/lib/python3.12/site-packages/airflow/example_dags/example_complex.py
[2024-06-10T14:33:19.227+0000] {processor.py:840} INFO - DAG(s) 'example_complex' retrieved from /home/airflow/.local/lib/python3.12/site-packages/airflow/example_dags/example_complex.py
[2024-06-10T14:33:19.256+0000] {logging_mixin.py:188} INFO - [2024-06-10T14:33:19.255+0000] {dag.py:3096} INFO - Sync 1 DAGs
[2024-06-10T14:33:19.268+0000] {logging_mixin.py:188} INFO - [2024-06-10T14:33:19.268+0000] {dag.py:3954} INFO - Setting next_dagrun for example_complex to None, run_after=None
[2024-06-10T14:33:19.290+0000] {processor.py:183} INFO - Processing /home/airflow/.local/lib/python3.12/site-packages/airflow/example_dags/example_complex.py took 0.081 seconds
[2024-06-10T14:33:49.425+0000] {processor.py:161} INFO - Started process (PID=945) to work on /home/airflow/.local/lib/python3.12/site-packages/airflow/example_dags/example_complex.py
[2024-06-10T14:33:49.426+0000] {processor.py:830} INFO - Processing file /home/airflow/.local/lib/python3.12/site-packages/airflow/example_dags/example_complex.py for tasks to queue
[2024-06-10T14:33:49.429+0000] {logging_mixin.py:188} INFO - [2024-06-10T14:33:49.428+0000] {dagbag.py:545} INFO - Filling up the DagBag from /home/airflow/.local/lib/python3.12/site-packages/airflow/example_dags/example_complex.py
[2024-06-10T14:33:49.439+0000] {processor.py:840} INFO - DAG(s) 'example_complex' retrieved from /home/airflow/.local/lib/python3.12/site-packages/airflow/example_dags/example_complex.py
[2024-06-10T14:33:49.472+0000] {logging_mixin.py:188} INFO - [2024-06-10T14:33:49.472+0000] {dag.py:3096} INFO - Sync 1 DAGs
[2024-06-10T14:33:49.485+0000] {logging_mixin.py:188} INFO - [2024-06-10T14:33:49.485+0000] {dag.py:3954} INFO - Setting next_dagrun for example_complex to None, run_after=None
[2024-06-10T14:33:49.513+0000] {processor.py:183} INFO - Processing /home/airflow/.local/lib/python3.12/site-packages/airflow/example_dags/example_complex.py took 0.093 seconds
[2024-06-10T14:34:19.777+0000] {processor.py:161} INFO - Started process (PID=1005) to work on /home/airflow/.local/lib/python3.12/site-packages/airflow/example_dags/example_complex.py
[2024-06-10T14:34:19.779+0000] {processor.py:830} INFO - Processing file /home/airflow/.local/lib/python3.12/site-packages/airflow/example_dags/example_complex.py for tasks to queue
[2024-06-10T14:34:19.781+0000] {logging_mixin.py:188} INFO - [2024-06-10T14:34:19.780+0000] {dagbag.py:545} INFO - Filling up the DagBag from /home/airflow/.local/lib/python3.12/site-packages/airflow/example_dags/example_complex.py
[2024-06-10T14:34:19.792+0000] {processor.py:840} INFO - DAG(s) 'example_complex' retrieved from /home/airflow/.local/lib/python3.12/site-packages/airflow/example_dags/example_complex.py
[2024-06-10T14:34:19.824+0000] {logging_mixin.py:188} INFO - [2024-06-10T14:34:19.824+0000] {dag.py:3096} INFO - Sync 1 DAGs
[2024-06-10T14:34:19.839+0000] {logging_mixin.py:188} INFO - [2024-06-10T14:34:19.839+0000] {dag.py:3954} INFO - Setting next_dagrun for example_complex to None, run_after=None
[2024-06-10T14:34:19.863+0000] {processor.py:183} INFO - Processing /home/airflow/.local/lib/python3.12/site-packages/airflow/example_dags/example_complex.py took 0.092 seconds
[2024-06-10T14:34:50.432+0000] {processor.py:161} INFO - Started process (PID=1065) to work on /home/airflow/.local/lib/python3.12/site-packages/airflow/example_dags/example_complex.py
[2024-06-10T14:34:50.434+0000] {processor.py:830} INFO - Processing file /home/airflow/.local/lib/python3.12/site-packages/airflow/example_dags/example_complex.py for tasks to queue
[2024-06-10T14:34:50.435+0000] {logging_mixin.py:188} INFO - [2024-06-10T14:34:50.435+0000] {dagbag.py:545} INFO - Filling up the DagBag from /home/airflow/.local/lib/python3.12/site-packages/airflow/example_dags/example_complex.py
[2024-06-10T14:34:50.448+0000] {processor.py:840} INFO - DAG(s) 'example_complex' retrieved from /home/airflow/.local/lib/python3.12/site-packages/airflow/example_dags/example_complex.py
[2024-06-10T14:34:50.481+0000] {logging_mixin.py:188} INFO - [2024-06-10T14:34:50.481+0000] {dag.py:3096} INFO - Sync 1 DAGs
[2024-06-10T14:34:50.498+0000] {logging_mixin.py:188} INFO - [2024-06-10T14:34:50.497+0000] {dag.py:3954} INFO - Setting next_dagrun for example_complex to None, run_after=None
[2024-06-10T14:34:50.521+0000] {processor.py:183} INFO - Processing /home/airflow/.local/lib/python3.12/site-packages/airflow/example_dags/example_complex.py took 0.094 seconds
