[2024-06-10T14:04:46.517+0000] {processor.py:161} INFO - Started process (PID=67) to work on /home/airflow/.local/lib/python3.12/site-packages/airflow/example_dags/tutorial_taskflow_api.py
[2024-06-10T14:04:46.518+0000] {processor.py:830} INFO - Processing file /home/airflow/.local/lib/python3.12/site-packages/airflow/example_dags/tutorial_taskflow_api.py for tasks to queue
[2024-06-10T14:04:46.521+0000] {logging_mixin.py:188} INFO - [2024-06-10T14:04:46.521+0000] {dagbag.py:545} INFO - Filling up the DagBag from /home/airflow/.local/lib/python3.12/site-packages/airflow/example_dags/tutorial_taskflow_api.py
[2024-06-10T14:04:46.531+0000] {processor.py:840} INFO - DAG(s) 'tutorial_taskflow_api' retrieved from /home/airflow/.local/lib/python3.12/site-packages/airflow/example_dags/tutorial_taskflow_api.py
[2024-06-10T14:04:46.639+0000] {logging_mixin.py:188} INFO - [2024-06-10T14:04:46.639+0000] {dag.py:3096} INFO - Sync 1 DAGs
[2024-06-10T14:04:46.652+0000] {logging_mixin.py:188} INFO - [2024-06-10T14:04:46.652+0000] {dag.py:3954} INFO - Setting next_dagrun for tutorial_taskflow_api to None, run_after=None
[2024-06-10T14:04:46.675+0000] {processor.py:183} INFO - Processing /home/airflow/.local/lib/python3.12/site-packages/airflow/example_dags/tutorial_taskflow_api.py took 0.163 seconds
[2024-06-10T14:05:17.269+0000] {processor.py:161} INFO - Started process (PID=136) to work on /home/airflow/.local/lib/python3.12/site-packages/airflow/example_dags/tutorial_taskflow_api.py
[2024-06-10T14:05:17.271+0000] {processor.py:830} INFO - Processing file /home/airflow/.local/lib/python3.12/site-packages/airflow/example_dags/tutorial_taskflow_api.py for tasks to queue
[2024-06-10T14:05:17.273+0000] {logging_mixin.py:188} INFO - [2024-06-10T14:05:17.273+0000] {dagbag.py:545} INFO - Filling up the DagBag from /home/airflow/.local/lib/python3.12/site-packages/airflow/example_dags/tutorial_taskflow_api.py
[2024-06-10T14:05:17.281+0000] {processor.py:840} INFO - DAG(s) 'tutorial_taskflow_api' retrieved from /home/airflow/.local/lib/python3.12/site-packages/airflow/example_dags/tutorial_taskflow_api.py
[2024-06-10T14:05:17.306+0000] {logging_mixin.py:188} INFO - [2024-06-10T14:05:17.306+0000] {dag.py:3096} INFO - Sync 1 DAGs
[2024-06-10T14:05:17.323+0000] {logging_mixin.py:188} INFO - [2024-06-10T14:05:17.323+0000] {dag.py:3954} INFO - Setting next_dagrun for tutorial_taskflow_api to None, run_after=None
[2024-06-10T14:05:17.349+0000] {processor.py:183} INFO - Processing /home/airflow/.local/lib/python3.12/site-packages/airflow/example_dags/tutorial_taskflow_api.py took 0.087 seconds
[2024-06-10T14:05:52.636+0000] {processor.py:161} INFO - Started process (PID=205) to work on /home/airflow/.local/lib/python3.12/site-packages/airflow/example_dags/tutorial_taskflow_api.py
[2024-06-10T14:05:52.639+0000] {processor.py:830} INFO - Processing file /home/airflow/.local/lib/python3.12/site-packages/airflow/example_dags/tutorial_taskflow_api.py for tasks to queue
[2024-06-10T14:05:52.734+0000] {logging_mixin.py:188} INFO - [2024-06-10T14:05:52.640+0000] {dagbag.py:545} INFO - Filling up the DagBag from /home/airflow/.local/lib/python3.12/site-packages/airflow/example_dags/tutorial_taskflow_api.py
[2024-06-10T14:05:52.777+0000] {processor.py:840} INFO - DAG(s) 'tutorial_taskflow_api' retrieved from /home/airflow/.local/lib/python3.12/site-packages/airflow/example_dags/tutorial_taskflow_api.py
[2024-06-10T14:05:52.808+0000] {logging_mixin.py:188} INFO - [2024-06-10T14:05:52.808+0000] {dag.py:3096} INFO - Sync 1 DAGs
[2024-06-10T14:05:52.825+0000] {logging_mixin.py:188} INFO - [2024-06-10T14:05:52.825+0000] {dag.py:3954} INFO - Setting next_dagrun for tutorial_taskflow_api to None, run_after=None
[2024-06-10T14:05:52.853+0000] {processor.py:183} INFO - Processing /home/airflow/.local/lib/python3.12/site-packages/airflow/example_dags/tutorial_taskflow_api.py took 0.224 seconds
[2024-06-10T14:06:23.049+0000] {processor.py:161} INFO - Started process (PID=274) to work on /home/airflow/.local/lib/python3.12/site-packages/airflow/example_dags/tutorial_taskflow_api.py
[2024-06-10T14:06:23.050+0000] {processor.py:830} INFO - Processing file /home/airflow/.local/lib/python3.12/site-packages/airflow/example_dags/tutorial_taskflow_api.py for tasks to queue
[2024-06-10T14:06:23.053+0000] {logging_mixin.py:188} INFO - [2024-06-10T14:06:23.053+0000] {dagbag.py:545} INFO - Filling up the DagBag from /home/airflow/.local/lib/python3.12/site-packages/airflow/example_dags/tutorial_taskflow_api.py
[2024-06-10T14:06:23.060+0000] {processor.py:840} INFO - DAG(s) 'tutorial_taskflow_api' retrieved from /home/airflow/.local/lib/python3.12/site-packages/airflow/example_dags/tutorial_taskflow_api.py
[2024-06-10T14:06:23.075+0000] {logging_mixin.py:188} INFO - [2024-06-10T14:06:23.074+0000] {dag.py:3096} INFO - Sync 1 DAGs
[2024-06-10T14:06:23.094+0000] {logging_mixin.py:188} INFO - [2024-06-10T14:06:23.093+0000] {dag.py:3954} INFO - Setting next_dagrun for tutorial_taskflow_api to None, run_after=None
[2024-06-10T14:06:23.126+0000] {processor.py:183} INFO - Processing /home/airflow/.local/lib/python3.12/site-packages/airflow/example_dags/tutorial_taskflow_api.py took 0.084 seconds
[2024-06-10T14:07:17.244+0000] {processor.py:161} INFO - Started process (PID=60) to work on /home/airflow/.local/lib/python3.12/site-packages/airflow/example_dags/tutorial_taskflow_api.py
[2024-06-10T14:07:17.246+0000] {processor.py:830} INFO - Processing file /home/airflow/.local/lib/python3.12/site-packages/airflow/example_dags/tutorial_taskflow_api.py for tasks to queue
[2024-06-10T14:07:17.247+0000] {logging_mixin.py:188} INFO - [2024-06-10T14:07:17.247+0000] {dagbag.py:545} INFO - Filling up the DagBag from /home/airflow/.local/lib/python3.12/site-packages/airflow/example_dags/tutorial_taskflow_api.py
[2024-06-10T14:07:17.256+0000] {processor.py:840} INFO - DAG(s) 'tutorial_taskflow_api' retrieved from /home/airflow/.local/lib/python3.12/site-packages/airflow/example_dags/tutorial_taskflow_api.py
[2024-06-10T14:07:17.353+0000] {logging_mixin.py:188} INFO - [2024-06-10T14:07:17.352+0000] {dag.py:3096} INFO - Sync 1 DAGs
[2024-06-10T14:07:17.501+0000] {logging_mixin.py:188} INFO - [2024-06-10T14:07:17.501+0000] {dag.py:3954} INFO - Setting next_dagrun for tutorial_taskflow_api to None, run_after=None
[2024-06-10T14:07:17.523+0000] {processor.py:183} INFO - Processing /home/airflow/.local/lib/python3.12/site-packages/airflow/example_dags/tutorial_taskflow_api.py took 0.285 seconds
[2024-06-10T14:07:47.712+0000] {processor.py:161} INFO - Started process (PID=130) to work on /home/airflow/.local/lib/python3.12/site-packages/airflow/example_dags/tutorial_taskflow_api.py
[2024-06-10T14:07:47.714+0000] {processor.py:830} INFO - Processing file /home/airflow/.local/lib/python3.12/site-packages/airflow/example_dags/tutorial_taskflow_api.py for tasks to queue
[2024-06-10T14:07:47.719+0000] {logging_mixin.py:188} INFO - [2024-06-10T14:07:47.718+0000] {dagbag.py:545} INFO - Filling up the DagBag from /home/airflow/.local/lib/python3.12/site-packages/airflow/example_dags/tutorial_taskflow_api.py
[2024-06-10T14:07:47.731+0000] {processor.py:840} INFO - DAG(s) 'tutorial_taskflow_api' retrieved from /home/airflow/.local/lib/python3.12/site-packages/airflow/example_dags/tutorial_taskflow_api.py
[2024-06-10T14:07:47.755+0000] {logging_mixin.py:188} INFO - [2024-06-10T14:07:47.754+0000] {dag.py:3096} INFO - Sync 1 DAGs
[2024-06-10T14:07:47.773+0000] {logging_mixin.py:188} INFO - [2024-06-10T14:07:47.772+0000] {dag.py:3954} INFO - Setting next_dagrun for tutorial_taskflow_api to None, run_after=None
[2024-06-10T14:07:47.806+0000] {processor.py:183} INFO - Processing /home/airflow/.local/lib/python3.12/site-packages/airflow/example_dags/tutorial_taskflow_api.py took 0.101 seconds
[2024-06-10T14:08:18.337+0000] {processor.py:161} INFO - Started process (PID=199) to work on /home/airflow/.local/lib/python3.12/site-packages/airflow/example_dags/tutorial_taskflow_api.py
[2024-06-10T14:08:18.338+0000] {processor.py:830} INFO - Processing file /home/airflow/.local/lib/python3.12/site-packages/airflow/example_dags/tutorial_taskflow_api.py for tasks to queue
[2024-06-10T14:08:18.341+0000] {logging_mixin.py:188} INFO - [2024-06-10T14:08:18.341+0000] {dagbag.py:545} INFO - Filling up the DagBag from /home/airflow/.local/lib/python3.12/site-packages/airflow/example_dags/tutorial_taskflow_api.py
[2024-06-10T14:08:18.347+0000] {processor.py:840} INFO - DAG(s) 'tutorial_taskflow_api' retrieved from /home/airflow/.local/lib/python3.12/site-packages/airflow/example_dags/tutorial_taskflow_api.py
[2024-06-10T14:08:18.366+0000] {logging_mixin.py:188} INFO - [2024-06-10T14:08:18.366+0000] {dag.py:3096} INFO - Sync 1 DAGs
[2024-06-10T14:08:18.379+0000] {logging_mixin.py:188} INFO - [2024-06-10T14:08:18.379+0000] {dag.py:3954} INFO - Setting next_dagrun for tutorial_taskflow_api to None, run_after=None
[2024-06-10T14:08:18.397+0000] {processor.py:183} INFO - Processing /home/airflow/.local/lib/python3.12/site-packages/airflow/example_dags/tutorial_taskflow_api.py took 0.065 seconds
[2024-06-10T14:08:48.702+0000] {processor.py:161} INFO - Started process (PID=268) to work on /home/airflow/.local/lib/python3.12/site-packages/airflow/example_dags/tutorial_taskflow_api.py
[2024-06-10T14:08:48.704+0000] {processor.py:830} INFO - Processing file /home/airflow/.local/lib/python3.12/site-packages/airflow/example_dags/tutorial_taskflow_api.py for tasks to queue
[2024-06-10T14:08:48.707+0000] {logging_mixin.py:188} INFO - [2024-06-10T14:08:48.706+0000] {dagbag.py:545} INFO - Filling up the DagBag from /home/airflow/.local/lib/python3.12/site-packages/airflow/example_dags/tutorial_taskflow_api.py
[2024-06-10T14:08:48.713+0000] {processor.py:840} INFO - DAG(s) 'tutorial_taskflow_api' retrieved from /home/airflow/.local/lib/python3.12/site-packages/airflow/example_dags/tutorial_taskflow_api.py
[2024-06-10T14:08:48.734+0000] {logging_mixin.py:188} INFO - [2024-06-10T14:08:48.734+0000] {dag.py:3096} INFO - Sync 1 DAGs
[2024-06-10T14:08:48.749+0000] {logging_mixin.py:188} INFO - [2024-06-10T14:08:48.748+0000] {dag.py:3954} INFO - Setting next_dagrun for tutorial_taskflow_api to None, run_after=None
[2024-06-10T14:08:48.770+0000] {processor.py:183} INFO - Processing /home/airflow/.local/lib/python3.12/site-packages/airflow/example_dags/tutorial_taskflow_api.py took 0.074 seconds
[2024-06-10T14:09:19.475+0000] {processor.py:161} INFO - Started process (PID=337) to work on /home/airflow/.local/lib/python3.12/site-packages/airflow/example_dags/tutorial_taskflow_api.py
[2024-06-10T14:09:19.477+0000] {processor.py:830} INFO - Processing file /home/airflow/.local/lib/python3.12/site-packages/airflow/example_dags/tutorial_taskflow_api.py for tasks to queue
[2024-06-10T14:09:19.479+0000] {logging_mixin.py:188} INFO - [2024-06-10T14:09:19.478+0000] {dagbag.py:545} INFO - Filling up the DagBag from /home/airflow/.local/lib/python3.12/site-packages/airflow/example_dags/tutorial_taskflow_api.py
[2024-06-10T14:09:19.484+0000] {processor.py:840} INFO - DAG(s) 'tutorial_taskflow_api' retrieved from /home/airflow/.local/lib/python3.12/site-packages/airflow/example_dags/tutorial_taskflow_api.py
[2024-06-10T14:09:19.505+0000] {logging_mixin.py:188} INFO - [2024-06-10T14:09:19.505+0000] {dag.py:3096} INFO - Sync 1 DAGs
[2024-06-10T14:09:19.517+0000] {logging_mixin.py:188} INFO - [2024-06-10T14:09:19.517+0000] {dag.py:3954} INFO - Setting next_dagrun for tutorial_taskflow_api to None, run_after=None
[2024-06-10T14:09:19.538+0000] {processor.py:183} INFO - Processing /home/airflow/.local/lib/python3.12/site-packages/airflow/example_dags/tutorial_taskflow_api.py took 0.067 seconds
[2024-06-10T14:09:50.127+0000] {processor.py:161} INFO - Started process (PID=406) to work on /home/airflow/.local/lib/python3.12/site-packages/airflow/example_dags/tutorial_taskflow_api.py
[2024-06-10T14:09:50.129+0000] {processor.py:830} INFO - Processing file /home/airflow/.local/lib/python3.12/site-packages/airflow/example_dags/tutorial_taskflow_api.py for tasks to queue
[2024-06-10T14:09:50.132+0000] {logging_mixin.py:188} INFO - [2024-06-10T14:09:50.131+0000] {dagbag.py:545} INFO - Filling up the DagBag from /home/airflow/.local/lib/python3.12/site-packages/airflow/example_dags/tutorial_taskflow_api.py
[2024-06-10T14:09:50.139+0000] {processor.py:840} INFO - DAG(s) 'tutorial_taskflow_api' retrieved from /home/airflow/.local/lib/python3.12/site-packages/airflow/example_dags/tutorial_taskflow_api.py
[2024-06-10T14:09:50.165+0000] {logging_mixin.py:188} INFO - [2024-06-10T14:09:50.164+0000] {dag.py:3096} INFO - Sync 1 DAGs
[2024-06-10T14:09:50.181+0000] {logging_mixin.py:188} INFO - [2024-06-10T14:09:50.181+0000] {dag.py:3954} INFO - Setting next_dagrun for tutorial_taskflow_api to None, run_after=None
[2024-06-10T14:09:50.209+0000] {processor.py:183} INFO - Processing /home/airflow/.local/lib/python3.12/site-packages/airflow/example_dags/tutorial_taskflow_api.py took 0.089 seconds
[2024-06-10T14:10:21.425+0000] {processor.py:161} INFO - Started process (PID=475) to work on /home/airflow/.local/lib/python3.12/site-packages/airflow/example_dags/tutorial_taskflow_api.py
[2024-06-10T14:10:21.426+0000] {processor.py:830} INFO - Processing file /home/airflow/.local/lib/python3.12/site-packages/airflow/example_dags/tutorial_taskflow_api.py for tasks to queue
[2024-06-10T14:10:21.428+0000] {logging_mixin.py:188} INFO - [2024-06-10T14:10:21.428+0000] {dagbag.py:545} INFO - Filling up the DagBag from /home/airflow/.local/lib/python3.12/site-packages/airflow/example_dags/tutorial_taskflow_api.py
[2024-06-10T14:10:21.436+0000] {processor.py:840} INFO - DAG(s) 'tutorial_taskflow_api' retrieved from /home/airflow/.local/lib/python3.12/site-packages/airflow/example_dags/tutorial_taskflow_api.py
[2024-06-10T14:10:21.457+0000] {logging_mixin.py:188} INFO - [2024-06-10T14:10:21.457+0000] {dag.py:3096} INFO - Sync 1 DAGs
[2024-06-10T14:10:21.598+0000] {logging_mixin.py:188} INFO - [2024-06-10T14:10:21.598+0000] {dag.py:3954} INFO - Setting next_dagrun for tutorial_taskflow_api to None, run_after=None
[2024-06-10T14:10:21.620+0000] {processor.py:183} INFO - Processing /home/airflow/.local/lib/python3.12/site-packages/airflow/example_dags/tutorial_taskflow_api.py took 0.201 seconds
[2024-06-10T14:10:52.568+0000] {processor.py:161} INFO - Started process (PID=544) to work on /home/airflow/.local/lib/python3.12/site-packages/airflow/example_dags/tutorial_taskflow_api.py
[2024-06-10T14:10:52.569+0000] {processor.py:830} INFO - Processing file /home/airflow/.local/lib/python3.12/site-packages/airflow/example_dags/tutorial_taskflow_api.py for tasks to queue
[2024-06-10T14:10:52.572+0000] {logging_mixin.py:188} INFO - [2024-06-10T14:10:52.571+0000] {dagbag.py:545} INFO - Filling up the DagBag from /home/airflow/.local/lib/python3.12/site-packages/airflow/example_dags/tutorial_taskflow_api.py
[2024-06-10T14:10:52.581+0000] {processor.py:840} INFO - DAG(s) 'tutorial_taskflow_api' retrieved from /home/airflow/.local/lib/python3.12/site-packages/airflow/example_dags/tutorial_taskflow_api.py
[2024-06-10T14:10:52.609+0000] {logging_mixin.py:188} INFO - [2024-06-10T14:10:52.608+0000] {dag.py:3096} INFO - Sync 1 DAGs
[2024-06-10T14:10:52.633+0000] {logging_mixin.py:188} INFO - [2024-06-10T14:10:52.633+0000] {dag.py:3954} INFO - Setting next_dagrun for tutorial_taskflow_api to None, run_after=None
[2024-06-10T14:10:52.675+0000] {processor.py:183} INFO - Processing /home/airflow/.local/lib/python3.12/site-packages/airflow/example_dags/tutorial_taskflow_api.py took 0.116 seconds
[2024-06-10T14:11:22.829+0000] {processor.py:161} INFO - Started process (PID=612) to work on /home/airflow/.local/lib/python3.12/site-packages/airflow/example_dags/tutorial_taskflow_api.py
[2024-06-10T14:11:22.830+0000] {processor.py:830} INFO - Processing file /home/airflow/.local/lib/python3.12/site-packages/airflow/example_dags/tutorial_taskflow_api.py for tasks to queue
[2024-06-10T14:11:22.833+0000] {logging_mixin.py:188} INFO - [2024-06-10T14:11:22.832+0000] {dagbag.py:545} INFO - Filling up the DagBag from /home/airflow/.local/lib/python3.12/site-packages/airflow/example_dags/tutorial_taskflow_api.py
[2024-06-10T14:11:22.839+0000] {processor.py:840} INFO - DAG(s) 'tutorial_taskflow_api' retrieved from /home/airflow/.local/lib/python3.12/site-packages/airflow/example_dags/tutorial_taskflow_api.py
[2024-06-10T14:11:22.861+0000] {logging_mixin.py:188} INFO - [2024-06-10T14:11:22.861+0000] {dag.py:3096} INFO - Sync 1 DAGs
[2024-06-10T14:11:22.880+0000] {logging_mixin.py:188} INFO - [2024-06-10T14:11:22.880+0000] {dag.py:3954} INFO - Setting next_dagrun for tutorial_taskflow_api to None, run_after=None
[2024-06-10T14:11:22.906+0000] {processor.py:183} INFO - Processing /home/airflow/.local/lib/python3.12/site-packages/airflow/example_dags/tutorial_taskflow_api.py took 0.083 seconds
[2024-06-10T14:11:52.958+0000] {processor.py:161} INFO - Started process (PID=680) to work on /home/airflow/.local/lib/python3.12/site-packages/airflow/example_dags/tutorial_taskflow_api.py
[2024-06-10T14:11:52.960+0000] {processor.py:830} INFO - Processing file /home/airflow/.local/lib/python3.12/site-packages/airflow/example_dags/tutorial_taskflow_api.py for tasks to queue
[2024-06-10T14:11:52.964+0000] {logging_mixin.py:188} INFO - [2024-06-10T14:11:52.963+0000] {dagbag.py:545} INFO - Filling up the DagBag from /home/airflow/.local/lib/python3.12/site-packages/airflow/example_dags/tutorial_taskflow_api.py
[2024-06-10T14:11:52.971+0000] {processor.py:840} INFO - DAG(s) 'tutorial_taskflow_api' retrieved from /home/airflow/.local/lib/python3.12/site-packages/airflow/example_dags/tutorial_taskflow_api.py
[2024-06-10T14:11:52.996+0000] {logging_mixin.py:188} INFO - [2024-06-10T14:11:52.996+0000] {dag.py:3096} INFO - Sync 1 DAGs
[2024-06-10T14:11:53.008+0000] {logging_mixin.py:188} INFO - [2024-06-10T14:11:53.007+0000] {dag.py:3954} INFO - Setting next_dagrun for tutorial_taskflow_api to None, run_after=None
[2024-06-10T14:11:53.031+0000] {processor.py:183} INFO - Processing /home/airflow/.local/lib/python3.12/site-packages/airflow/example_dags/tutorial_taskflow_api.py took 0.078 seconds
[2024-06-10T14:12:23.466+0000] {processor.py:161} INFO - Started process (PID=747) to work on /home/airflow/.local/lib/python3.12/site-packages/airflow/example_dags/tutorial_taskflow_api.py
[2024-06-10T14:12:23.467+0000] {processor.py:830} INFO - Processing file /home/airflow/.local/lib/python3.12/site-packages/airflow/example_dags/tutorial_taskflow_api.py for tasks to queue
[2024-06-10T14:12:23.469+0000] {logging_mixin.py:188} INFO - [2024-06-10T14:12:23.469+0000] {dagbag.py:545} INFO - Filling up the DagBag from /home/airflow/.local/lib/python3.12/site-packages/airflow/example_dags/tutorial_taskflow_api.py
[2024-06-10T14:12:23.476+0000] {processor.py:840} INFO - DAG(s) 'tutorial_taskflow_api' retrieved from /home/airflow/.local/lib/python3.12/site-packages/airflow/example_dags/tutorial_taskflow_api.py
[2024-06-10T14:12:23.498+0000] {logging_mixin.py:188} INFO - [2024-06-10T14:12:23.498+0000] {dag.py:3096} INFO - Sync 1 DAGs
[2024-06-10T14:12:23.511+0000] {logging_mixin.py:188} INFO - [2024-06-10T14:12:23.511+0000] {dag.py:3954} INFO - Setting next_dagrun for tutorial_taskflow_api to None, run_after=None
[2024-06-10T14:12:23.533+0000] {processor.py:183} INFO - Processing /home/airflow/.local/lib/python3.12/site-packages/airflow/example_dags/tutorial_taskflow_api.py took 0.074 seconds
[2024-06-10T14:12:55.606+0000] {processor.py:161} INFO - Started process (PID=822) to work on /home/airflow/.local/lib/python3.12/site-packages/airflow/example_dags/tutorial_taskflow_api.py
[2024-06-10T14:12:55.607+0000] {processor.py:830} INFO - Processing file /home/airflow/.local/lib/python3.12/site-packages/airflow/example_dags/tutorial_taskflow_api.py for tasks to queue
[2024-06-10T14:12:55.609+0000] {logging_mixin.py:188} INFO - [2024-06-10T14:12:55.609+0000] {dagbag.py:545} INFO - Filling up the DagBag from /home/airflow/.local/lib/python3.12/site-packages/airflow/example_dags/tutorial_taskflow_api.py
[2024-06-10T14:12:55.811+0000] {processor.py:840} INFO - DAG(s) 'tutorial_taskflow_api' retrieved from /home/airflow/.local/lib/python3.12/site-packages/airflow/example_dags/tutorial_taskflow_api.py
[2024-06-10T14:12:55.838+0000] {logging_mixin.py:188} INFO - [2024-06-10T14:12:55.838+0000] {dag.py:3096} INFO - Sync 1 DAGs
[2024-06-10T14:12:55.853+0000] {logging_mixin.py:188} INFO - [2024-06-10T14:12:55.853+0000] {dag.py:3954} INFO - Setting next_dagrun for tutorial_taskflow_api to None, run_after=None
[2024-06-10T14:12:55.876+0000] {processor.py:183} INFO - Processing /home/airflow/.local/lib/python3.12/site-packages/airflow/example_dags/tutorial_taskflow_api.py took 0.277 seconds
[2024-06-10T14:13:27.089+0000] {processor.py:161} INFO - Started process (PID=893) to work on /home/airflow/.local/lib/python3.12/site-packages/airflow/example_dags/tutorial_taskflow_api.py
[2024-06-10T14:13:27.091+0000] {processor.py:830} INFO - Processing file /home/airflow/.local/lib/python3.12/site-packages/airflow/example_dags/tutorial_taskflow_api.py for tasks to queue
[2024-06-10T14:13:27.094+0000] {logging_mixin.py:188} INFO - [2024-06-10T14:13:27.093+0000] {dagbag.py:545} INFO - Filling up the DagBag from /home/airflow/.local/lib/python3.12/site-packages/airflow/example_dags/tutorial_taskflow_api.py
[2024-06-10T14:13:27.101+0000] {processor.py:840} INFO - DAG(s) 'tutorial_taskflow_api' retrieved from /home/airflow/.local/lib/python3.12/site-packages/airflow/example_dags/tutorial_taskflow_api.py
[2024-06-10T14:13:27.125+0000] {logging_mixin.py:188} INFO - [2024-06-10T14:13:27.124+0000] {dag.py:3096} INFO - Sync 1 DAGs
[2024-06-10T14:13:27.144+0000] {logging_mixin.py:188} INFO - [2024-06-10T14:13:27.144+0000] {dag.py:3954} INFO - Setting next_dagrun for tutorial_taskflow_api to None, run_after=None
[2024-06-10T14:13:27.171+0000] {processor.py:183} INFO - Processing /home/airflow/.local/lib/python3.12/site-packages/airflow/example_dags/tutorial_taskflow_api.py took 0.090 seconds
[2024-06-10T14:13:58.368+0000] {processor.py:161} INFO - Started process (PID=964) to work on /home/airflow/.local/lib/python3.12/site-packages/airflow/example_dags/tutorial_taskflow_api.py
[2024-06-10T14:13:58.369+0000] {processor.py:830} INFO - Processing file /home/airflow/.local/lib/python3.12/site-packages/airflow/example_dags/tutorial_taskflow_api.py for tasks to queue
[2024-06-10T14:13:58.371+0000] {logging_mixin.py:188} INFO - [2024-06-10T14:13:58.371+0000] {dagbag.py:545} INFO - Filling up the DagBag from /home/airflow/.local/lib/python3.12/site-packages/airflow/example_dags/tutorial_taskflow_api.py
[2024-06-10T14:13:58.378+0000] {processor.py:840} INFO - DAG(s) 'tutorial_taskflow_api' retrieved from /home/airflow/.local/lib/python3.12/site-packages/airflow/example_dags/tutorial_taskflow_api.py
[2024-06-10T14:13:58.400+0000] {logging_mixin.py:188} INFO - [2024-06-10T14:13:58.400+0000] {dag.py:3096} INFO - Sync 1 DAGs
[2024-06-10T14:13:58.413+0000] {logging_mixin.py:188} INFO - [2024-06-10T14:13:58.412+0000] {dag.py:3954} INFO - Setting next_dagrun for tutorial_taskflow_api to None, run_after=None
[2024-06-10T14:13:58.434+0000] {processor.py:183} INFO - Processing /home/airflow/.local/lib/python3.12/site-packages/airflow/example_dags/tutorial_taskflow_api.py took 0.072 seconds
[2024-06-10T14:14:28.964+0000] {processor.py:161} INFO - Started process (PID=1033) to work on /home/airflow/.local/lib/python3.12/site-packages/airflow/example_dags/tutorial_taskflow_api.py
[2024-06-10T14:14:28.968+0000] {processor.py:830} INFO - Processing file /home/airflow/.local/lib/python3.12/site-packages/airflow/example_dags/tutorial_taskflow_api.py for tasks to queue
[2024-06-10T14:14:28.970+0000] {logging_mixin.py:188} INFO - [2024-06-10T14:14:28.970+0000] {dagbag.py:545} INFO - Filling up the DagBag from /home/airflow/.local/lib/python3.12/site-packages/airflow/example_dags/tutorial_taskflow_api.py
[2024-06-10T14:14:28.984+0000] {processor.py:840} INFO - DAG(s) 'tutorial_taskflow_api' retrieved from /home/airflow/.local/lib/python3.12/site-packages/airflow/example_dags/tutorial_taskflow_api.py
[2024-06-10T14:14:29.012+0000] {logging_mixin.py:188} INFO - [2024-06-10T14:14:29.012+0000] {dag.py:3096} INFO - Sync 1 DAGs
[2024-06-10T14:14:29.027+0000] {logging_mixin.py:188} INFO - [2024-06-10T14:14:29.027+0000] {dag.py:3954} INFO - Setting next_dagrun for tutorial_taskflow_api to None, run_after=None
[2024-06-10T14:14:29.050+0000] {processor.py:183} INFO - Processing /home/airflow/.local/lib/python3.12/site-packages/airflow/example_dags/tutorial_taskflow_api.py took 0.098 seconds
[2024-06-10T14:14:59.999+0000] {processor.py:161} INFO - Started process (PID=1103) to work on /home/airflow/.local/lib/python3.12/site-packages/airflow/example_dags/tutorial_taskflow_api.py
[2024-06-10T14:15:00.001+0000] {processor.py:830} INFO - Processing file /home/airflow/.local/lib/python3.12/site-packages/airflow/example_dags/tutorial_taskflow_api.py for tasks to queue
[2024-06-10T14:15:00.003+0000] {logging_mixin.py:188} INFO - [2024-06-10T14:15:00.002+0000] {dagbag.py:545} INFO - Filling up the DagBag from /home/airflow/.local/lib/python3.12/site-packages/airflow/example_dags/tutorial_taskflow_api.py
[2024-06-10T14:15:00.011+0000] {processor.py:840} INFO - DAG(s) 'tutorial_taskflow_api' retrieved from /home/airflow/.local/lib/python3.12/site-packages/airflow/example_dags/tutorial_taskflow_api.py
[2024-06-10T14:15:00.033+0000] {logging_mixin.py:188} INFO - [2024-06-10T14:15:00.033+0000] {dag.py:3096} INFO - Sync 1 DAGs
[2024-06-10T14:15:00.047+0000] {logging_mixin.py:188} INFO - [2024-06-10T14:15:00.047+0000] {dag.py:3954} INFO - Setting next_dagrun for tutorial_taskflow_api to None, run_after=None
[2024-06-10T14:15:00.067+0000] {processor.py:183} INFO - Processing /home/airflow/.local/lib/python3.12/site-packages/airflow/example_dags/tutorial_taskflow_api.py took 0.074 seconds
[2024-06-10T14:15:31.150+0000] {processor.py:161} INFO - Started process (PID=1171) to work on /home/airflow/.local/lib/python3.12/site-packages/airflow/example_dags/tutorial_taskflow_api.py
[2024-06-10T14:15:31.151+0000] {processor.py:830} INFO - Processing file /home/airflow/.local/lib/python3.12/site-packages/airflow/example_dags/tutorial_taskflow_api.py for tasks to queue
[2024-06-10T14:15:31.152+0000] {logging_mixin.py:188} INFO - [2024-06-10T14:15:31.152+0000] {dagbag.py:545} INFO - Filling up the DagBag from /home/airflow/.local/lib/python3.12/site-packages/airflow/example_dags/tutorial_taskflow_api.py
[2024-06-10T14:15:31.158+0000] {processor.py:840} INFO - DAG(s) 'tutorial_taskflow_api' retrieved from /home/airflow/.local/lib/python3.12/site-packages/airflow/example_dags/tutorial_taskflow_api.py
[2024-06-10T14:15:31.176+0000] {logging_mixin.py:188} INFO - [2024-06-10T14:15:31.176+0000] {dag.py:3096} INFO - Sync 1 DAGs
[2024-06-10T14:15:31.187+0000] {logging_mixin.py:188} INFO - [2024-06-10T14:15:31.187+0000] {dag.py:3954} INFO - Setting next_dagrun for tutorial_taskflow_api to None, run_after=None
[2024-06-10T14:15:31.208+0000] {processor.py:183} INFO - Processing /home/airflow/.local/lib/python3.12/site-packages/airflow/example_dags/tutorial_taskflow_api.py took 0.065 seconds
[2024-06-10T14:16:01.578+0000] {processor.py:161} INFO - Started process (PID=1231) to work on /home/airflow/.local/lib/python3.12/site-packages/airflow/example_dags/tutorial_taskflow_api.py
[2024-06-10T14:16:01.580+0000] {processor.py:830} INFO - Processing file /home/airflow/.local/lib/python3.12/site-packages/airflow/example_dags/tutorial_taskflow_api.py for tasks to queue
[2024-06-10T14:16:01.581+0000] {logging_mixin.py:188} INFO - [2024-06-10T14:16:01.581+0000] {dagbag.py:545} INFO - Filling up the DagBag from /home/airflow/.local/lib/python3.12/site-packages/airflow/example_dags/tutorial_taskflow_api.py
[2024-06-10T14:16:01.587+0000] {processor.py:840} INFO - DAG(s) 'tutorial_taskflow_api' retrieved from /home/airflow/.local/lib/python3.12/site-packages/airflow/example_dags/tutorial_taskflow_api.py
[2024-06-10T14:16:01.607+0000] {logging_mixin.py:188} INFO - [2024-06-10T14:16:01.607+0000] {dag.py:3096} INFO - Sync 1 DAGs
[2024-06-10T14:16:01.619+0000] {logging_mixin.py:188} INFO - [2024-06-10T14:16:01.618+0000] {dag.py:3954} INFO - Setting next_dagrun for tutorial_taskflow_api to None, run_after=None
[2024-06-10T14:16:01.642+0000] {processor.py:183} INFO - Processing /home/airflow/.local/lib/python3.12/site-packages/airflow/example_dags/tutorial_taskflow_api.py took 0.070 seconds
[2024-06-10T14:16:31.815+0000] {processor.py:161} INFO - Started process (PID=1291) to work on /home/airflow/.local/lib/python3.12/site-packages/airflow/example_dags/tutorial_taskflow_api.py
[2024-06-10T14:16:31.816+0000] {processor.py:830} INFO - Processing file /home/airflow/.local/lib/python3.12/site-packages/airflow/example_dags/tutorial_taskflow_api.py for tasks to queue
[2024-06-10T14:16:31.817+0000] {logging_mixin.py:188} INFO - [2024-06-10T14:16:31.816+0000] {dagbag.py:545} INFO - Filling up the DagBag from /home/airflow/.local/lib/python3.12/site-packages/airflow/example_dags/tutorial_taskflow_api.py
[2024-06-10T14:16:31.823+0000] {processor.py:840} INFO - DAG(s) 'tutorial_taskflow_api' retrieved from /home/airflow/.local/lib/python3.12/site-packages/airflow/example_dags/tutorial_taskflow_api.py
[2024-06-10T14:16:31.847+0000] {logging_mixin.py:188} INFO - [2024-06-10T14:16:31.847+0000] {dag.py:3096} INFO - Sync 1 DAGs
[2024-06-10T14:16:31.863+0000] {logging_mixin.py:188} INFO - [2024-06-10T14:16:31.863+0000] {dag.py:3954} INFO - Setting next_dagrun for tutorial_taskflow_api to None, run_after=None
[2024-06-10T14:16:31.885+0000] {processor.py:183} INFO - Processing /home/airflow/.local/lib/python3.12/site-packages/airflow/example_dags/tutorial_taskflow_api.py took 0.076 seconds
[2024-06-10T14:17:02.467+0000] {processor.py:161} INFO - Started process (PID=1349) to work on /home/airflow/.local/lib/python3.12/site-packages/airflow/example_dags/tutorial_taskflow_api.py
[2024-06-10T14:17:02.468+0000] {processor.py:830} INFO - Processing file /home/airflow/.local/lib/python3.12/site-packages/airflow/example_dags/tutorial_taskflow_api.py for tasks to queue
[2024-06-10T14:17:02.469+0000] {logging_mixin.py:188} INFO - [2024-06-10T14:17:02.469+0000] {dagbag.py:545} INFO - Filling up the DagBag from /home/airflow/.local/lib/python3.12/site-packages/airflow/example_dags/tutorial_taskflow_api.py
[2024-06-10T14:17:02.475+0000] {processor.py:840} INFO - DAG(s) 'tutorial_taskflow_api' retrieved from /home/airflow/.local/lib/python3.12/site-packages/airflow/example_dags/tutorial_taskflow_api.py
[2024-06-10T14:17:02.486+0000] {logging_mixin.py:188} INFO - [2024-06-10T14:17:02.486+0000] {dag.py:3096} INFO - Sync 1 DAGs
[2024-06-10T14:17:02.501+0000] {logging_mixin.py:188} INFO - [2024-06-10T14:17:02.501+0000] {dag.py:3954} INFO - Setting next_dagrun for tutorial_taskflow_api to None, run_after=None
[2024-06-10T14:17:02.524+0000] {processor.py:183} INFO - Processing /home/airflow/.local/lib/python3.12/site-packages/airflow/example_dags/tutorial_taskflow_api.py took 0.062 seconds
[2024-06-10T14:17:38.369+0000] {processor.py:161} INFO - Started process (PID=1409) to work on /home/airflow/.local/lib/python3.12/site-packages/airflow/example_dags/tutorial_taskflow_api.py
[2024-06-10T14:17:38.372+0000] {processor.py:830} INFO - Processing file /home/airflow/.local/lib/python3.12/site-packages/airflow/example_dags/tutorial_taskflow_api.py for tasks to queue
[2024-06-10T14:17:38.373+0000] {logging_mixin.py:188} INFO - [2024-06-10T14:17:38.373+0000] {dagbag.py:545} INFO - Filling up the DagBag from /home/airflow/.local/lib/python3.12/site-packages/airflow/example_dags/tutorial_taskflow_api.py
[2024-06-10T14:17:38.388+0000] {processor.py:840} INFO - DAG(s) 'tutorial_taskflow_api' retrieved from /home/airflow/.local/lib/python3.12/site-packages/airflow/example_dags/tutorial_taskflow_api.py
[2024-06-10T14:17:38.567+0000] {logging_mixin.py:188} INFO - [2024-06-10T14:17:38.567+0000] {dag.py:3096} INFO - Sync 1 DAGs
[2024-06-10T14:17:38.588+0000] {logging_mixin.py:188} INFO - [2024-06-10T14:17:38.587+0000] {dag.py:3954} INFO - Setting next_dagrun for tutorial_taskflow_api to None, run_after=None
[2024-06-10T14:17:38.631+0000] {processor.py:183} INFO - Processing /home/airflow/.local/lib/python3.12/site-packages/airflow/example_dags/tutorial_taskflow_api.py took 0.272 seconds
[2024-06-10T14:18:08.840+0000] {processor.py:161} INFO - Started process (PID=1469) to work on /home/airflow/.local/lib/python3.12/site-packages/airflow/example_dags/tutorial_taskflow_api.py
[2024-06-10T14:18:08.842+0000] {processor.py:830} INFO - Processing file /home/airflow/.local/lib/python3.12/site-packages/airflow/example_dags/tutorial_taskflow_api.py for tasks to queue
[2024-06-10T14:18:08.843+0000] {logging_mixin.py:188} INFO - [2024-06-10T14:18:08.843+0000] {dagbag.py:545} INFO - Filling up the DagBag from /home/airflow/.local/lib/python3.12/site-packages/airflow/example_dags/tutorial_taskflow_api.py
[2024-06-10T14:18:08.850+0000] {processor.py:840} INFO - DAG(s) 'tutorial_taskflow_api' retrieved from /home/airflow/.local/lib/python3.12/site-packages/airflow/example_dags/tutorial_taskflow_api.py
[2024-06-10T14:18:08.871+0000] {logging_mixin.py:188} INFO - [2024-06-10T14:18:08.871+0000] {dag.py:3096} INFO - Sync 1 DAGs
[2024-06-10T14:18:08.885+0000] {logging_mixin.py:188} INFO - [2024-06-10T14:18:08.884+0000] {dag.py:3954} INFO - Setting next_dagrun for tutorial_taskflow_api to None, run_after=None
[2024-06-10T14:18:08.908+0000] {processor.py:183} INFO - Processing /home/airflow/.local/lib/python3.12/site-packages/airflow/example_dags/tutorial_taskflow_api.py took 0.075 seconds
[2024-06-10T14:18:39.647+0000] {processor.py:161} INFO - Started process (PID=1529) to work on /home/airflow/.local/lib/python3.12/site-packages/airflow/example_dags/tutorial_taskflow_api.py
[2024-06-10T14:18:39.649+0000] {processor.py:830} INFO - Processing file /home/airflow/.local/lib/python3.12/site-packages/airflow/example_dags/tutorial_taskflow_api.py for tasks to queue
[2024-06-10T14:18:39.650+0000] {logging_mixin.py:188} INFO - [2024-06-10T14:18:39.650+0000] {dagbag.py:545} INFO - Filling up the DagBag from /home/airflow/.local/lib/python3.12/site-packages/airflow/example_dags/tutorial_taskflow_api.py
[2024-06-10T14:18:39.656+0000] {processor.py:840} INFO - DAG(s) 'tutorial_taskflow_api' retrieved from /home/airflow/.local/lib/python3.12/site-packages/airflow/example_dags/tutorial_taskflow_api.py
[2024-06-10T14:18:39.669+0000] {logging_mixin.py:188} INFO - [2024-06-10T14:18:39.669+0000] {dag.py:3096} INFO - Sync 1 DAGs
[2024-06-10T14:18:39.682+0000] {logging_mixin.py:188} INFO - [2024-06-10T14:18:39.682+0000] {dag.py:3954} INFO - Setting next_dagrun for tutorial_taskflow_api to None, run_after=None
[2024-06-10T14:18:39.701+0000] {processor.py:183} INFO - Processing /home/airflow/.local/lib/python3.12/site-packages/airflow/example_dags/tutorial_taskflow_api.py took 0.060 seconds
[2024-06-10T14:19:10.396+0000] {processor.py:161} INFO - Started process (PID=1589) to work on /home/airflow/.local/lib/python3.12/site-packages/airflow/example_dags/tutorial_taskflow_api.py
[2024-06-10T14:19:10.398+0000] {processor.py:830} INFO - Processing file /home/airflow/.local/lib/python3.12/site-packages/airflow/example_dags/tutorial_taskflow_api.py for tasks to queue
[2024-06-10T14:19:10.401+0000] {logging_mixin.py:188} INFO - [2024-06-10T14:19:10.400+0000] {dagbag.py:545} INFO - Filling up the DagBag from /home/airflow/.local/lib/python3.12/site-packages/airflow/example_dags/tutorial_taskflow_api.py
[2024-06-10T14:19:10.407+0000] {processor.py:840} INFO - DAG(s) 'tutorial_taskflow_api' retrieved from /home/airflow/.local/lib/python3.12/site-packages/airflow/example_dags/tutorial_taskflow_api.py
[2024-06-10T14:19:10.540+0000] {logging_mixin.py:188} INFO - [2024-06-10T14:19:10.539+0000] {dag.py:3096} INFO - Sync 1 DAGs
[2024-06-10T14:19:10.553+0000] {logging_mixin.py:188} INFO - [2024-06-10T14:19:10.553+0000] {dag.py:3954} INFO - Setting next_dagrun for tutorial_taskflow_api to None, run_after=None
[2024-06-10T14:19:10.573+0000] {processor.py:183} INFO - Processing /home/airflow/.local/lib/python3.12/site-packages/airflow/example_dags/tutorial_taskflow_api.py took 0.182 seconds
[2024-06-10T14:19:40.990+0000] {processor.py:161} INFO - Started process (PID=1649) to work on /home/airflow/.local/lib/python3.12/site-packages/airflow/example_dags/tutorial_taskflow_api.py
[2024-06-10T14:19:40.992+0000] {processor.py:830} INFO - Processing file /home/airflow/.local/lib/python3.12/site-packages/airflow/example_dags/tutorial_taskflow_api.py for tasks to queue
[2024-06-10T14:19:40.993+0000] {logging_mixin.py:188} INFO - [2024-06-10T14:19:40.993+0000] {dagbag.py:545} INFO - Filling up the DagBag from /home/airflow/.local/lib/python3.12/site-packages/airflow/example_dags/tutorial_taskflow_api.py
[2024-06-10T14:19:40.999+0000] {processor.py:840} INFO - DAG(s) 'tutorial_taskflow_api' retrieved from /home/airflow/.local/lib/python3.12/site-packages/airflow/example_dags/tutorial_taskflow_api.py
[2024-06-10T14:19:41.020+0000] {logging_mixin.py:188} INFO - [2024-06-10T14:19:41.020+0000] {dag.py:3096} INFO - Sync 1 DAGs
[2024-06-10T14:19:41.033+0000] {logging_mixin.py:188} INFO - [2024-06-10T14:19:41.033+0000] {dag.py:3954} INFO - Setting next_dagrun for tutorial_taskflow_api to None, run_after=None
[2024-06-10T14:19:41.053+0000] {processor.py:183} INFO - Processing /home/airflow/.local/lib/python3.12/site-packages/airflow/example_dags/tutorial_taskflow_api.py took 0.069 seconds
[2024-06-10T14:20:11.201+0000] {processor.py:161} INFO - Started process (PID=1709) to work on /home/airflow/.local/lib/python3.12/site-packages/airflow/example_dags/tutorial_taskflow_api.py
[2024-06-10T14:20:11.202+0000] {processor.py:830} INFO - Processing file /home/airflow/.local/lib/python3.12/site-packages/airflow/example_dags/tutorial_taskflow_api.py for tasks to queue
[2024-06-10T14:20:11.203+0000] {logging_mixin.py:188} INFO - [2024-06-10T14:20:11.203+0000] {dagbag.py:545} INFO - Filling up the DagBag from /home/airflow/.local/lib/python3.12/site-packages/airflow/example_dags/tutorial_taskflow_api.py
[2024-06-10T14:20:11.209+0000] {processor.py:840} INFO - DAG(s) 'tutorial_taskflow_api' retrieved from /home/airflow/.local/lib/python3.12/site-packages/airflow/example_dags/tutorial_taskflow_api.py
[2024-06-10T14:20:11.230+0000] {logging_mixin.py:188} INFO - [2024-06-10T14:20:11.230+0000] {dag.py:3096} INFO - Sync 1 DAGs
[2024-06-10T14:20:11.242+0000] {logging_mixin.py:188} INFO - [2024-06-10T14:20:11.241+0000] {dag.py:3954} INFO - Setting next_dagrun for tutorial_taskflow_api to None, run_after=None
[2024-06-10T14:20:11.261+0000] {processor.py:183} INFO - Processing /home/airflow/.local/lib/python3.12/site-packages/airflow/example_dags/tutorial_taskflow_api.py took 0.064 seconds
[2024-06-10T14:20:41.792+0000] {processor.py:161} INFO - Started process (PID=1769) to work on /home/airflow/.local/lib/python3.12/site-packages/airflow/example_dags/tutorial_taskflow_api.py
[2024-06-10T14:20:41.793+0000] {processor.py:830} INFO - Processing file /home/airflow/.local/lib/python3.12/site-packages/airflow/example_dags/tutorial_taskflow_api.py for tasks to queue
[2024-06-10T14:20:41.794+0000] {logging_mixin.py:188} INFO - [2024-06-10T14:20:41.794+0000] {dagbag.py:545} INFO - Filling up the DagBag from /home/airflow/.local/lib/python3.12/site-packages/airflow/example_dags/tutorial_taskflow_api.py
[2024-06-10T14:20:41.800+0000] {processor.py:840} INFO - DAG(s) 'tutorial_taskflow_api' retrieved from /home/airflow/.local/lib/python3.12/site-packages/airflow/example_dags/tutorial_taskflow_api.py
[2024-06-10T14:20:41.822+0000] {logging_mixin.py:188} INFO - [2024-06-10T14:20:41.822+0000] {dag.py:3096} INFO - Sync 1 DAGs
[2024-06-10T14:20:41.836+0000] {logging_mixin.py:188} INFO - [2024-06-10T14:20:41.836+0000] {dag.py:3954} INFO - Setting next_dagrun for tutorial_taskflow_api to None, run_after=None
[2024-06-10T14:20:41.858+0000] {processor.py:183} INFO - Processing /home/airflow/.local/lib/python3.12/site-packages/airflow/example_dags/tutorial_taskflow_api.py took 0.071 seconds
[2024-06-10T14:21:11.962+0000] {processor.py:161} INFO - Started process (PID=1829) to work on /home/airflow/.local/lib/python3.12/site-packages/airflow/example_dags/tutorial_taskflow_api.py
[2024-06-10T14:21:11.964+0000] {processor.py:830} INFO - Processing file /home/airflow/.local/lib/python3.12/site-packages/airflow/example_dags/tutorial_taskflow_api.py for tasks to queue
[2024-06-10T14:21:11.965+0000] {logging_mixin.py:188} INFO - [2024-06-10T14:21:11.964+0000] {dagbag.py:545} INFO - Filling up the DagBag from /home/airflow/.local/lib/python3.12/site-packages/airflow/example_dags/tutorial_taskflow_api.py
[2024-06-10T14:21:11.971+0000] {processor.py:840} INFO - DAG(s) 'tutorial_taskflow_api' retrieved from /home/airflow/.local/lib/python3.12/site-packages/airflow/example_dags/tutorial_taskflow_api.py
[2024-06-10T14:21:11.991+0000] {logging_mixin.py:188} INFO - [2024-06-10T14:21:11.990+0000] {dag.py:3096} INFO - Sync 1 DAGs
[2024-06-10T14:21:12.002+0000] {logging_mixin.py:188} INFO - [2024-06-10T14:21:12.001+0000] {dag.py:3954} INFO - Setting next_dagrun for tutorial_taskflow_api to None, run_after=None
[2024-06-10T14:21:12.022+0000] {processor.py:183} INFO - Processing /home/airflow/.local/lib/python3.12/site-packages/airflow/example_dags/tutorial_taskflow_api.py took 0.065 seconds
[2024-06-10T14:21:42.275+0000] {processor.py:161} INFO - Started process (PID=1889) to work on /home/airflow/.local/lib/python3.12/site-packages/airflow/example_dags/tutorial_taskflow_api.py
[2024-06-10T14:21:42.277+0000] {processor.py:830} INFO - Processing file /home/airflow/.local/lib/python3.12/site-packages/airflow/example_dags/tutorial_taskflow_api.py for tasks to queue
[2024-06-10T14:21:42.278+0000] {logging_mixin.py:188} INFO - [2024-06-10T14:21:42.277+0000] {dagbag.py:545} INFO - Filling up the DagBag from /home/airflow/.local/lib/python3.12/site-packages/airflow/example_dags/tutorial_taskflow_api.py
[2024-06-10T14:21:42.284+0000] {processor.py:840} INFO - DAG(s) 'tutorial_taskflow_api' retrieved from /home/airflow/.local/lib/python3.12/site-packages/airflow/example_dags/tutorial_taskflow_api.py
[2024-06-10T14:21:42.309+0000] {logging_mixin.py:188} INFO - [2024-06-10T14:21:42.308+0000] {dag.py:3096} INFO - Sync 1 DAGs
[2024-06-10T14:21:42.321+0000] {logging_mixin.py:188} INFO - [2024-06-10T14:21:42.321+0000] {dag.py:3954} INFO - Setting next_dagrun for tutorial_taskflow_api to None, run_after=None
[2024-06-10T14:21:42.343+0000] {processor.py:183} INFO - Processing /home/airflow/.local/lib/python3.12/site-packages/airflow/example_dags/tutorial_taskflow_api.py took 0.074 seconds
[2024-06-10T14:26:14.926+0000] {processor.py:161} INFO - Started process (PID=57) to work on /home/airflow/.local/lib/python3.12/site-packages/airflow/example_dags/tutorial_taskflow_api.py
[2024-06-10T14:26:14.928+0000] {processor.py:830} INFO - Processing file /home/airflow/.local/lib/python3.12/site-packages/airflow/example_dags/tutorial_taskflow_api.py for tasks to queue
[2024-06-10T14:26:14.931+0000] {logging_mixin.py:188} INFO - [2024-06-10T14:26:14.930+0000] {dagbag.py:545} INFO - Filling up the DagBag from /home/airflow/.local/lib/python3.12/site-packages/airflow/example_dags/tutorial_taskflow_api.py
[2024-06-10T14:26:14.942+0000] {processor.py:840} INFO - DAG(s) 'tutorial_taskflow_api' retrieved from /home/airflow/.local/lib/python3.12/site-packages/airflow/example_dags/tutorial_taskflow_api.py
[2024-06-10T14:26:15.072+0000] {logging_mixin.py:188} INFO - [2024-06-10T14:26:15.072+0000] {override.py:1829} INFO - Created Permission View: can delete on DAG:tutorial_taskflow_api
[2024-06-10T14:26:15.085+0000] {logging_mixin.py:188} INFO - [2024-06-10T14:26:15.084+0000] {override.py:1829} INFO - Created Permission View: can read on DAG:tutorial_taskflow_api
[2024-06-10T14:26:15.093+0000] {logging_mixin.py:188} INFO - [2024-06-10T14:26:15.093+0000] {override.py:1829} INFO - Created Permission View: can edit on DAG:tutorial_taskflow_api
[2024-06-10T14:26:15.094+0000] {logging_mixin.py:188} INFO - [2024-06-10T14:26:15.094+0000] {dag.py:3096} INFO - Sync 1 DAGs
[2024-06-10T14:26:15.106+0000] {logging_mixin.py:188} INFO - [2024-06-10T14:26:15.105+0000] {dag.py:3118} INFO - Creating ORM DAG for tutorial_taskflow_api
[2024-06-10T14:26:15.107+0000] {logging_mixin.py:188} INFO - [2024-06-10T14:26:15.107+0000] {dag.py:3954} INFO - Setting next_dagrun for tutorial_taskflow_api to None, run_after=None
[2024-06-10T14:26:15.127+0000] {processor.py:183} INFO - Processing /home/airflow/.local/lib/python3.12/site-packages/airflow/example_dags/tutorial_taskflow_api.py took 0.208 seconds
[2024-06-10T14:26:45.704+0000] {processor.py:161} INFO - Started process (PID=117) to work on /home/airflow/.local/lib/python3.12/site-packages/airflow/example_dags/tutorial_taskflow_api.py
[2024-06-10T14:26:45.706+0000] {processor.py:830} INFO - Processing file /home/airflow/.local/lib/python3.12/site-packages/airflow/example_dags/tutorial_taskflow_api.py for tasks to queue
[2024-06-10T14:26:45.711+0000] {logging_mixin.py:188} INFO - [2024-06-10T14:26:45.710+0000] {dagbag.py:545} INFO - Filling up the DagBag from /home/airflow/.local/lib/python3.12/site-packages/airflow/example_dags/tutorial_taskflow_api.py
[2024-06-10T14:26:45.722+0000] {processor.py:840} INFO - DAG(s) 'tutorial_taskflow_api' retrieved from /home/airflow/.local/lib/python3.12/site-packages/airflow/example_dags/tutorial_taskflow_api.py
[2024-06-10T14:26:45.737+0000] {logging_mixin.py:188} INFO - [2024-06-10T14:26:45.737+0000] {dag.py:3096} INFO - Sync 1 DAGs
[2024-06-10T14:26:45.765+0000] {logging_mixin.py:188} INFO - [2024-06-10T14:26:45.765+0000] {dag.py:3954} INFO - Setting next_dagrun for tutorial_taskflow_api to None, run_after=None
[2024-06-10T14:26:45.803+0000] {processor.py:183} INFO - Processing /home/airflow/.local/lib/python3.12/site-packages/airflow/example_dags/tutorial_taskflow_api.py took 0.105 seconds
[2024-06-10T14:27:16.530+0000] {processor.py:161} INFO - Started process (PID=177) to work on /home/airflow/.local/lib/python3.12/site-packages/airflow/example_dags/tutorial_taskflow_api.py
[2024-06-10T14:27:16.531+0000] {processor.py:830} INFO - Processing file /home/airflow/.local/lib/python3.12/site-packages/airflow/example_dags/tutorial_taskflow_api.py for tasks to queue
[2024-06-10T14:27:16.534+0000] {logging_mixin.py:188} INFO - [2024-06-10T14:27:16.533+0000] {dagbag.py:545} INFO - Filling up the DagBag from /home/airflow/.local/lib/python3.12/site-packages/airflow/example_dags/tutorial_taskflow_api.py
[2024-06-10T14:27:16.540+0000] {processor.py:840} INFO - DAG(s) 'tutorial_taskflow_api' retrieved from /home/airflow/.local/lib/python3.12/site-packages/airflow/example_dags/tutorial_taskflow_api.py
[2024-06-10T14:27:16.646+0000] {logging_mixin.py:188} INFO - [2024-06-10T14:27:16.646+0000] {dag.py:3096} INFO - Sync 1 DAGs
[2024-06-10T14:27:16.659+0000] {logging_mixin.py:188} INFO - [2024-06-10T14:27:16.659+0000] {dag.py:3954} INFO - Setting next_dagrun for tutorial_taskflow_api to None, run_after=None
[2024-06-10T14:27:16.686+0000] {processor.py:183} INFO - Processing /home/airflow/.local/lib/python3.12/site-packages/airflow/example_dags/tutorial_taskflow_api.py took 0.161 seconds
[2024-06-10T14:27:46.803+0000] {processor.py:161} INFO - Started process (PID=237) to work on /home/airflow/.local/lib/python3.12/site-packages/airflow/example_dags/tutorial_taskflow_api.py
[2024-06-10T14:27:46.805+0000] {processor.py:830} INFO - Processing file /home/airflow/.local/lib/python3.12/site-packages/airflow/example_dags/tutorial_taskflow_api.py for tasks to queue
[2024-06-10T14:27:46.807+0000] {logging_mixin.py:188} INFO - [2024-06-10T14:27:46.806+0000] {dagbag.py:545} INFO - Filling up the DagBag from /home/airflow/.local/lib/python3.12/site-packages/airflow/example_dags/tutorial_taskflow_api.py
[2024-06-10T14:27:46.814+0000] {processor.py:840} INFO - DAG(s) 'tutorial_taskflow_api' retrieved from /home/airflow/.local/lib/python3.12/site-packages/airflow/example_dags/tutorial_taskflow_api.py
[2024-06-10T14:27:46.836+0000] {logging_mixin.py:188} INFO - [2024-06-10T14:27:46.836+0000] {dag.py:3096} INFO - Sync 1 DAGs
[2024-06-10T14:27:46.850+0000] {logging_mixin.py:188} INFO - [2024-06-10T14:27:46.850+0000] {dag.py:3954} INFO - Setting next_dagrun for tutorial_taskflow_api to None, run_after=None
[2024-06-10T14:27:46.873+0000] {processor.py:183} INFO - Processing /home/airflow/.local/lib/python3.12/site-packages/airflow/example_dags/tutorial_taskflow_api.py took 0.075 seconds
[2024-06-10T14:28:17.017+0000] {processor.py:161} INFO - Started process (PID=295) to work on /home/airflow/.local/lib/python3.12/site-packages/airflow/example_dags/tutorial_taskflow_api.py
[2024-06-10T14:28:17.018+0000] {processor.py:830} INFO - Processing file /home/airflow/.local/lib/python3.12/site-packages/airflow/example_dags/tutorial_taskflow_api.py for tasks to queue
[2024-06-10T14:28:17.020+0000] {logging_mixin.py:188} INFO - [2024-06-10T14:28:17.020+0000] {dagbag.py:545} INFO - Filling up the DagBag from /home/airflow/.local/lib/python3.12/site-packages/airflow/example_dags/tutorial_taskflow_api.py
[2024-06-10T14:28:17.027+0000] {processor.py:840} INFO - DAG(s) 'tutorial_taskflow_api' retrieved from /home/airflow/.local/lib/python3.12/site-packages/airflow/example_dags/tutorial_taskflow_api.py
[2024-06-10T14:28:17.047+0000] {logging_mixin.py:188} INFO - [2024-06-10T14:28:17.047+0000] {dag.py:3096} INFO - Sync 1 DAGs
[2024-06-10T14:28:17.059+0000] {logging_mixin.py:188} INFO - [2024-06-10T14:28:17.059+0000] {dag.py:3954} INFO - Setting next_dagrun for tutorial_taskflow_api to None, run_after=None
[2024-06-10T14:28:17.083+0000] {processor.py:183} INFO - Processing /home/airflow/.local/lib/python3.12/site-packages/airflow/example_dags/tutorial_taskflow_api.py took 0.072 seconds
[2024-06-10T14:28:47.159+0000] {processor.py:161} INFO - Started process (PID=355) to work on /home/airflow/.local/lib/python3.12/site-packages/airflow/example_dags/tutorial_taskflow_api.py
[2024-06-10T14:28:47.161+0000] {processor.py:830} INFO - Processing file /home/airflow/.local/lib/python3.12/site-packages/airflow/example_dags/tutorial_taskflow_api.py for tasks to queue
[2024-06-10T14:28:47.163+0000] {logging_mixin.py:188} INFO - [2024-06-10T14:28:47.163+0000] {dagbag.py:545} INFO - Filling up the DagBag from /home/airflow/.local/lib/python3.12/site-packages/airflow/example_dags/tutorial_taskflow_api.py
[2024-06-10T14:28:47.172+0000] {processor.py:840} INFO - DAG(s) 'tutorial_taskflow_api' retrieved from /home/airflow/.local/lib/python3.12/site-packages/airflow/example_dags/tutorial_taskflow_api.py
[2024-06-10T14:28:47.194+0000] {logging_mixin.py:188} INFO - [2024-06-10T14:28:47.193+0000] {dag.py:3096} INFO - Sync 1 DAGs
[2024-06-10T14:28:47.210+0000] {logging_mixin.py:188} INFO - [2024-06-10T14:28:47.210+0000] {dag.py:3954} INFO - Setting next_dagrun for tutorial_taskflow_api to None, run_after=None
[2024-06-10T14:28:47.234+0000] {processor.py:183} INFO - Processing /home/airflow/.local/lib/python3.12/site-packages/airflow/example_dags/tutorial_taskflow_api.py took 0.081 seconds
[2024-06-10T14:29:17.454+0000] {processor.py:161} INFO - Started process (PID=415) to work on /home/airflow/.local/lib/python3.12/site-packages/airflow/example_dags/tutorial_taskflow_api.py
[2024-06-10T14:29:17.455+0000] {processor.py:830} INFO - Processing file /home/airflow/.local/lib/python3.12/site-packages/airflow/example_dags/tutorial_taskflow_api.py for tasks to queue
[2024-06-10T14:29:17.457+0000] {logging_mixin.py:188} INFO - [2024-06-10T14:29:17.457+0000] {dagbag.py:545} INFO - Filling up the DagBag from /home/airflow/.local/lib/python3.12/site-packages/airflow/example_dags/tutorial_taskflow_api.py
[2024-06-10T14:29:17.465+0000] {processor.py:840} INFO - DAG(s) 'tutorial_taskflow_api' retrieved from /home/airflow/.local/lib/python3.12/site-packages/airflow/example_dags/tutorial_taskflow_api.py
[2024-06-10T14:29:17.484+0000] {logging_mixin.py:188} INFO - [2024-06-10T14:29:17.484+0000] {dag.py:3096} INFO - Sync 1 DAGs
[2024-06-10T14:29:17.498+0000] {logging_mixin.py:188} INFO - [2024-06-10T14:29:17.497+0000] {dag.py:3954} INFO - Setting next_dagrun for tutorial_taskflow_api to None, run_after=None
[2024-06-10T14:29:17.522+0000] {processor.py:183} INFO - Processing /home/airflow/.local/lib/python3.12/site-packages/airflow/example_dags/tutorial_taskflow_api.py took 0.074 seconds
[2024-06-10T14:29:47.976+0000] {processor.py:161} INFO - Started process (PID=475) to work on /home/airflow/.local/lib/python3.12/site-packages/airflow/example_dags/tutorial_taskflow_api.py
[2024-06-10T14:29:47.978+0000] {processor.py:830} INFO - Processing file /home/airflow/.local/lib/python3.12/site-packages/airflow/example_dags/tutorial_taskflow_api.py for tasks to queue
[2024-06-10T14:29:47.981+0000] {logging_mixin.py:188} INFO - [2024-06-10T14:29:47.980+0000] {dagbag.py:545} INFO - Filling up the DagBag from /home/airflow/.local/lib/python3.12/site-packages/airflow/example_dags/tutorial_taskflow_api.py
[2024-06-10T14:29:47.987+0000] {processor.py:840} INFO - DAG(s) 'tutorial_taskflow_api' retrieved from /home/airflow/.local/lib/python3.12/site-packages/airflow/example_dags/tutorial_taskflow_api.py
[2024-06-10T14:29:48.007+0000] {logging_mixin.py:188} INFO - [2024-06-10T14:29:48.007+0000] {dag.py:3096} INFO - Sync 1 DAGs
[2024-06-10T14:29:48.020+0000] {logging_mixin.py:188} INFO - [2024-06-10T14:29:48.020+0000] {dag.py:3954} INFO - Setting next_dagrun for tutorial_taskflow_api to None, run_after=None
[2024-06-10T14:29:48.045+0000] {processor.py:183} INFO - Processing /home/airflow/.local/lib/python3.12/site-packages/airflow/example_dags/tutorial_taskflow_api.py took 0.075 seconds
[2024-06-10T14:30:18.391+0000] {processor.py:161} INFO - Started process (PID=535) to work on /home/airflow/.local/lib/python3.12/site-packages/airflow/example_dags/tutorial_taskflow_api.py
[2024-06-10T14:30:18.392+0000] {processor.py:830} INFO - Processing file /home/airflow/.local/lib/python3.12/site-packages/airflow/example_dags/tutorial_taskflow_api.py for tasks to queue
[2024-06-10T14:30:18.394+0000] {logging_mixin.py:188} INFO - [2024-06-10T14:30:18.394+0000] {dagbag.py:545} INFO - Filling up the DagBag from /home/airflow/.local/lib/python3.12/site-packages/airflow/example_dags/tutorial_taskflow_api.py
[2024-06-10T14:30:18.401+0000] {processor.py:840} INFO - DAG(s) 'tutorial_taskflow_api' retrieved from /home/airflow/.local/lib/python3.12/site-packages/airflow/example_dags/tutorial_taskflow_api.py
[2024-06-10T14:30:18.423+0000] {logging_mixin.py:188} INFO - [2024-06-10T14:30:18.422+0000] {dag.py:3096} INFO - Sync 1 DAGs
[2024-06-10T14:30:18.438+0000] {logging_mixin.py:188} INFO - [2024-06-10T14:30:18.437+0000] {dag.py:3954} INFO - Setting next_dagrun for tutorial_taskflow_api to None, run_after=None
[2024-06-10T14:30:18.465+0000] {processor.py:183} INFO - Processing /home/airflow/.local/lib/python3.12/site-packages/airflow/example_dags/tutorial_taskflow_api.py took 0.079 seconds
[2024-06-10T14:30:49.138+0000] {processor.py:161} INFO - Started process (PID=595) to work on /home/airflow/.local/lib/python3.12/site-packages/airflow/example_dags/tutorial_taskflow_api.py
[2024-06-10T14:30:49.139+0000] {processor.py:830} INFO - Processing file /home/airflow/.local/lib/python3.12/site-packages/airflow/example_dags/tutorial_taskflow_api.py for tasks to queue
[2024-06-10T14:30:49.141+0000] {logging_mixin.py:188} INFO - [2024-06-10T14:30:49.140+0000] {dagbag.py:545} INFO - Filling up the DagBag from /home/airflow/.local/lib/python3.12/site-packages/airflow/example_dags/tutorial_taskflow_api.py
[2024-06-10T14:30:49.147+0000] {processor.py:840} INFO - DAG(s) 'tutorial_taskflow_api' retrieved from /home/airflow/.local/lib/python3.12/site-packages/airflow/example_dags/tutorial_taskflow_api.py
[2024-06-10T14:30:49.171+0000] {logging_mixin.py:188} INFO - [2024-06-10T14:30:49.170+0000] {dag.py:3096} INFO - Sync 1 DAGs
[2024-06-10T14:30:49.186+0000] {logging_mixin.py:188} INFO - [2024-06-10T14:30:49.185+0000] {dag.py:3954} INFO - Setting next_dagrun for tutorial_taskflow_api to None, run_after=None
[2024-06-10T14:30:49.211+0000] {processor.py:183} INFO - Processing /home/airflow/.local/lib/python3.12/site-packages/airflow/example_dags/tutorial_taskflow_api.py took 0.080 seconds
