[2024-06-10T14:04:45.631+0000] {processor.py:161} INFO - Started process (PID=63) to work on /home/airflow/.local/lib/python3.12/site-packages/airflow/example_dags/tutorial.py
[2024-06-10T14:04:45.632+0000] {processor.py:830} INFO - Processing file /home/airflow/.local/lib/python3.12/site-packages/airflow/example_dags/tutorial.py for tasks to queue
[2024-06-10T14:04:45.634+0000] {logging_mixin.py:188} INFO - [2024-06-10T14:04:45.634+0000] {dagbag.py:545} INFO - Filling up the DagBag from /home/airflow/.local/lib/python3.12/site-packages/airflow/example_dags/tutorial.py
[2024-06-10T14:04:45.645+0000] {processor.py:840} INFO - DAG(s) 'tutorial' retrieved from /home/airflow/.local/lib/python3.12/site-packages/airflow/example_dags/tutorial.py
[2024-06-10T14:04:45.789+0000] {logging_mixin.py:188} INFO - [2024-06-10T14:04:45.789+0000] {dag.py:3096} INFO - Sync 1 DAGs
[2024-06-10T14:04:45.815+0000] {logging_mixin.py:188} INFO - [2024-06-10T14:04:45.815+0000] {dag.py:3954} INFO - Setting next_dagrun for tutorial to 2024-06-09 00:00:00+00:00, run_after=2024-06-10 00:00:00+00:00
[2024-06-10T14:04:45.846+0000] {processor.py:183} INFO - Processing /home/airflow/.local/lib/python3.12/site-packages/airflow/example_dags/tutorial.py took 0.221 seconds
[2024-06-10T14:05:16.503+0000] {processor.py:161} INFO - Started process (PID=131) to work on /home/airflow/.local/lib/python3.12/site-packages/airflow/example_dags/tutorial.py
[2024-06-10T14:05:16.504+0000] {processor.py:830} INFO - Processing file /home/airflow/.local/lib/python3.12/site-packages/airflow/example_dags/tutorial.py for tasks to queue
[2024-06-10T14:05:16.507+0000] {logging_mixin.py:188} INFO - [2024-06-10T14:05:16.506+0000] {dagbag.py:545} INFO - Filling up the DagBag from /home/airflow/.local/lib/python3.12/site-packages/airflow/example_dags/tutorial.py
[2024-06-10T14:05:16.513+0000] {processor.py:840} INFO - DAG(s) 'tutorial' retrieved from /home/airflow/.local/lib/python3.12/site-packages/airflow/example_dags/tutorial.py
[2024-06-10T14:05:16.537+0000] {logging_mixin.py:188} INFO - [2024-06-10T14:05:16.536+0000] {dag.py:3096} INFO - Sync 1 DAGs
[2024-06-10T14:05:16.568+0000] {logging_mixin.py:188} INFO - [2024-06-10T14:05:16.568+0000] {dag.py:3954} INFO - Setting next_dagrun for tutorial to 2024-06-09 00:00:00+00:00, run_after=2024-06-10 00:00:00+00:00
[2024-06-10T14:05:16.599+0000] {processor.py:183} INFO - Processing /home/airflow/.local/lib/python3.12/site-packages/airflow/example_dags/tutorial.py took 0.106 seconds
[2024-06-10T14:05:46.846+0000] {processor.py:161} INFO - Started process (PID=200) to work on /home/airflow/.local/lib/python3.12/site-packages/airflow/example_dags/tutorial.py
[2024-06-10T14:05:46.848+0000] {processor.py:830} INFO - Processing file /home/airflow/.local/lib/python3.12/site-packages/airflow/example_dags/tutorial.py for tasks to queue
[2024-06-10T14:05:46.850+0000] {logging_mixin.py:188} INFO - [2024-06-10T14:05:46.849+0000] {dagbag.py:545} INFO - Filling up the DagBag from /home/airflow/.local/lib/python3.12/site-packages/airflow/example_dags/tutorial.py
[2024-06-10T14:05:46.856+0000] {processor.py:840} INFO - DAG(s) 'tutorial' retrieved from /home/airflow/.local/lib/python3.12/site-packages/airflow/example_dags/tutorial.py
[2024-06-10T14:05:46.876+0000] {logging_mixin.py:188} INFO - [2024-06-10T14:05:46.876+0000] {dag.py:3096} INFO - Sync 1 DAGs
[2024-06-10T14:05:46.903+0000] {logging_mixin.py:188} INFO - [2024-06-10T14:05:46.902+0000] {dag.py:3954} INFO - Setting next_dagrun for tutorial to 2024-06-09 00:00:00+00:00, run_after=2024-06-10 00:00:00+00:00
[2024-06-10T14:05:46.927+0000] {processor.py:183} INFO - Processing /home/airflow/.local/lib/python3.12/site-packages/airflow/example_dags/tutorial.py took 0.088 seconds
[2024-06-10T14:06:17.173+0000] {processor.py:161} INFO - Started process (PID=269) to work on /home/airflow/.local/lib/python3.12/site-packages/airflow/example_dags/tutorial.py
[2024-06-10T14:06:17.176+0000] {processor.py:830} INFO - Processing file /home/airflow/.local/lib/python3.12/site-packages/airflow/example_dags/tutorial.py for tasks to queue
[2024-06-10T14:06:17.180+0000] {logging_mixin.py:188} INFO - [2024-06-10T14:06:17.179+0000] {dagbag.py:545} INFO - Filling up the DagBag from /home/airflow/.local/lib/python3.12/site-packages/airflow/example_dags/tutorial.py
[2024-06-10T14:06:17.188+0000] {processor.py:840} INFO - DAG(s) 'tutorial' retrieved from /home/airflow/.local/lib/python3.12/site-packages/airflow/example_dags/tutorial.py
[2024-06-10T14:06:17.204+0000] {logging_mixin.py:188} INFO - [2024-06-10T14:06:17.203+0000] {dag.py:3096} INFO - Sync 1 DAGs
[2024-06-10T14:06:17.232+0000] {logging_mixin.py:188} INFO - [2024-06-10T14:06:17.232+0000] {dag.py:3954} INFO - Setting next_dagrun for tutorial to 2024-06-09 00:00:00+00:00, run_after=2024-06-10 00:00:00+00:00
[2024-06-10T14:06:17.262+0000] {processor.py:183} INFO - Processing /home/airflow/.local/lib/python3.12/site-packages/airflow/example_dags/tutorial.py took 0.098 seconds
[2024-06-10T14:07:16.387+0000] {processor.py:161} INFO - Started process (PID=56) to work on /home/airflow/.local/lib/python3.12/site-packages/airflow/example_dags/tutorial.py
[2024-06-10T14:07:16.389+0000] {processor.py:830} INFO - Processing file /home/airflow/.local/lib/python3.12/site-packages/airflow/example_dags/tutorial.py for tasks to queue
[2024-06-10T14:07:16.391+0000] {logging_mixin.py:188} INFO - [2024-06-10T14:07:16.391+0000] {dagbag.py:545} INFO - Filling up the DagBag from /home/airflow/.local/lib/python3.12/site-packages/airflow/example_dags/tutorial.py
[2024-06-10T14:07:16.399+0000] {processor.py:840} INFO - DAG(s) 'tutorial' retrieved from /home/airflow/.local/lib/python3.12/site-packages/airflow/example_dags/tutorial.py
[2024-06-10T14:07:16.507+0000] {logging_mixin.py:188} INFO - [2024-06-10T14:07:16.507+0000] {dag.py:3096} INFO - Sync 1 DAGs
[2024-06-10T14:07:16.669+0000] {logging_mixin.py:188} INFO - [2024-06-10T14:07:16.668+0000] {dag.py:3954} INFO - Setting next_dagrun for tutorial to 2024-06-09 00:00:00+00:00, run_after=2024-06-10 00:00:00+00:00
[2024-06-10T14:07:16.691+0000] {processor.py:183} INFO - Processing /home/airflow/.local/lib/python3.12/site-packages/airflow/example_dags/tutorial.py took 0.309 seconds
[2024-06-10T14:07:47.325+0000] {processor.py:161} INFO - Started process (PID=126) to work on /home/airflow/.local/lib/python3.12/site-packages/airflow/example_dags/tutorial.py
[2024-06-10T14:07:47.327+0000] {processor.py:830} INFO - Processing file /home/airflow/.local/lib/python3.12/site-packages/airflow/example_dags/tutorial.py for tasks to queue
[2024-06-10T14:07:47.329+0000] {logging_mixin.py:188} INFO - [2024-06-10T14:07:47.328+0000] {dagbag.py:545} INFO - Filling up the DagBag from /home/airflow/.local/lib/python3.12/site-packages/airflow/example_dags/tutorial.py
[2024-06-10T14:07:47.335+0000] {processor.py:840} INFO - DAG(s) 'tutorial' retrieved from /home/airflow/.local/lib/python3.12/site-packages/airflow/example_dags/tutorial.py
[2024-06-10T14:07:47.357+0000] {logging_mixin.py:188} INFO - [2024-06-10T14:07:47.357+0000] {dag.py:3096} INFO - Sync 1 DAGs
[2024-06-10T14:07:47.389+0000] {logging_mixin.py:188} INFO - [2024-06-10T14:07:47.389+0000] {dag.py:3954} INFO - Setting next_dagrun for tutorial to 2024-06-09 00:00:00+00:00, run_after=2024-06-10 00:00:00+00:00
[2024-06-10T14:07:47.409+0000] {processor.py:183} INFO - Processing /home/airflow/.local/lib/python3.12/site-packages/airflow/example_dags/tutorial.py took 0.090 seconds
[2024-06-10T14:08:17.879+0000] {processor.py:161} INFO - Started process (PID=195) to work on /home/airflow/.local/lib/python3.12/site-packages/airflow/example_dags/tutorial.py
[2024-06-10T14:08:17.882+0000] {processor.py:830} INFO - Processing file /home/airflow/.local/lib/python3.12/site-packages/airflow/example_dags/tutorial.py for tasks to queue
[2024-06-10T14:08:17.884+0000] {logging_mixin.py:188} INFO - [2024-06-10T14:08:17.884+0000] {dagbag.py:545} INFO - Filling up the DagBag from /home/airflow/.local/lib/python3.12/site-packages/airflow/example_dags/tutorial.py
[2024-06-10T14:08:17.891+0000] {processor.py:840} INFO - DAG(s) 'tutorial' retrieved from /home/airflow/.local/lib/python3.12/site-packages/airflow/example_dags/tutorial.py
[2024-06-10T14:08:17.913+0000] {logging_mixin.py:188} INFO - [2024-06-10T14:08:17.913+0000] {dag.py:3096} INFO - Sync 1 DAGs
[2024-06-10T14:08:17.945+0000] {logging_mixin.py:188} INFO - [2024-06-10T14:08:17.944+0000] {dag.py:3954} INFO - Setting next_dagrun for tutorial to 2024-06-09 00:00:00+00:00, run_after=2024-06-10 00:00:00+00:00
[2024-06-10T14:08:17.970+0000] {processor.py:183} INFO - Processing /home/airflow/.local/lib/python3.12/site-packages/airflow/example_dags/tutorial.py took 0.097 seconds
[2024-06-10T14:08:48.077+0000] {processor.py:161} INFO - Started process (PID=263) to work on /home/airflow/.local/lib/python3.12/site-packages/airflow/example_dags/tutorial.py
[2024-06-10T14:08:48.078+0000] {processor.py:830} INFO - Processing file /home/airflow/.local/lib/python3.12/site-packages/airflow/example_dags/tutorial.py for tasks to queue
[2024-06-10T14:08:48.081+0000] {logging_mixin.py:188} INFO - [2024-06-10T14:08:48.081+0000] {dagbag.py:545} INFO - Filling up the DagBag from /home/airflow/.local/lib/python3.12/site-packages/airflow/example_dags/tutorial.py
[2024-06-10T14:08:48.088+0000] {processor.py:840} INFO - DAG(s) 'tutorial' retrieved from /home/airflow/.local/lib/python3.12/site-packages/airflow/example_dags/tutorial.py
[2024-06-10T14:08:48.112+0000] {logging_mixin.py:188} INFO - [2024-06-10T14:08:48.112+0000] {dag.py:3096} INFO - Sync 1 DAGs
[2024-06-10T14:08:48.138+0000] {logging_mixin.py:188} INFO - [2024-06-10T14:08:48.137+0000] {dag.py:3954} INFO - Setting next_dagrun for tutorial to 2024-06-09 00:00:00+00:00, run_after=2024-06-10 00:00:00+00:00
[2024-06-10T14:08:48.160+0000] {processor.py:183} INFO - Processing /home/airflow/.local/lib/python3.12/site-packages/airflow/example_dags/tutorial.py took 0.089 seconds
[2024-06-10T14:09:18.931+0000] {processor.py:161} INFO - Started process (PID=332) to work on /home/airflow/.local/lib/python3.12/site-packages/airflow/example_dags/tutorial.py
[2024-06-10T14:09:18.933+0000] {processor.py:830} INFO - Processing file /home/airflow/.local/lib/python3.12/site-packages/airflow/example_dags/tutorial.py for tasks to queue
[2024-06-10T14:09:18.935+0000] {logging_mixin.py:188} INFO - [2024-06-10T14:09:18.935+0000] {dagbag.py:545} INFO - Filling up the DagBag from /home/airflow/.local/lib/python3.12/site-packages/airflow/example_dags/tutorial.py
[2024-06-10T14:09:18.940+0000] {processor.py:840} INFO - DAG(s) 'tutorial' retrieved from /home/airflow/.local/lib/python3.12/site-packages/airflow/example_dags/tutorial.py
[2024-06-10T14:09:18.958+0000] {logging_mixin.py:188} INFO - [2024-06-10T14:09:18.958+0000] {dag.py:3096} INFO - Sync 1 DAGs
[2024-06-10T14:09:18.976+0000] {logging_mixin.py:188} INFO - [2024-06-10T14:09:18.976+0000] {dag.py:3954} INFO - Setting next_dagrun for tutorial to 2024-06-09 00:00:00+00:00, run_after=2024-06-10 00:00:00+00:00
[2024-06-10T14:09:18.994+0000] {processor.py:183} INFO - Processing /home/airflow/.local/lib/python3.12/site-packages/airflow/example_dags/tutorial.py took 0.068 seconds
[2024-06-10T14:09:49.430+0000] {processor.py:161} INFO - Started process (PID=401) to work on /home/airflow/.local/lib/python3.12/site-packages/airflow/example_dags/tutorial.py
[2024-06-10T14:09:49.431+0000] {processor.py:830} INFO - Processing file /home/airflow/.local/lib/python3.12/site-packages/airflow/example_dags/tutorial.py for tasks to queue
[2024-06-10T14:09:49.435+0000] {logging_mixin.py:188} INFO - [2024-06-10T14:09:49.434+0000] {dagbag.py:545} INFO - Filling up the DagBag from /home/airflow/.local/lib/python3.12/site-packages/airflow/example_dags/tutorial.py
[2024-06-10T14:09:49.443+0000] {processor.py:840} INFO - DAG(s) 'tutorial' retrieved from /home/airflow/.local/lib/python3.12/site-packages/airflow/example_dags/tutorial.py
[2024-06-10T14:09:49.468+0000] {logging_mixin.py:188} INFO - [2024-06-10T14:09:49.468+0000] {dag.py:3096} INFO - Sync 1 DAGs
[2024-06-10T14:09:49.492+0000] {logging_mixin.py:188} INFO - [2024-06-10T14:09:49.491+0000] {dag.py:3954} INFO - Setting next_dagrun for tutorial to 2024-06-09 00:00:00+00:00, run_after=2024-06-10 00:00:00+00:00
[2024-06-10T14:09:49.514+0000] {processor.py:183} INFO - Processing /home/airflow/.local/lib/python3.12/site-packages/airflow/example_dags/tutorial.py took 0.091 seconds
[2024-06-10T14:10:20.690+0000] {processor.py:161} INFO - Started process (PID=470) to work on /home/airflow/.local/lib/python3.12/site-packages/airflow/example_dags/tutorial.py
[2024-06-10T14:10:20.692+0000] {processor.py:830} INFO - Processing file /home/airflow/.local/lib/python3.12/site-packages/airflow/example_dags/tutorial.py for tasks to queue
[2024-06-10T14:10:20.694+0000] {logging_mixin.py:188} INFO - [2024-06-10T14:10:20.693+0000] {dagbag.py:545} INFO - Filling up the DagBag from /home/airflow/.local/lib/python3.12/site-packages/airflow/example_dags/tutorial.py
[2024-06-10T14:10:20.699+0000] {processor.py:840} INFO - DAG(s) 'tutorial' retrieved from /home/airflow/.local/lib/python3.12/site-packages/airflow/example_dags/tutorial.py
[2024-06-10T14:10:20.722+0000] {logging_mixin.py:188} INFO - [2024-06-10T14:10:20.722+0000] {dag.py:3096} INFO - Sync 1 DAGs
[2024-06-10T14:10:20.876+0000] {logging_mixin.py:188} INFO - [2024-06-10T14:10:20.876+0000] {dag.py:3954} INFO - Setting next_dagrun for tutorial to 2024-06-09 00:00:00+00:00, run_after=2024-06-10 00:00:00+00:00
[2024-06-10T14:10:20.895+0000] {processor.py:183} INFO - Processing /home/airflow/.local/lib/python3.12/site-packages/airflow/example_dags/tutorial.py took 0.210 seconds
[2024-06-10T14:10:51.751+0000] {processor.py:161} INFO - Started process (PID=539) to work on /home/airflow/.local/lib/python3.12/site-packages/airflow/example_dags/tutorial.py
[2024-06-10T14:10:51.753+0000] {processor.py:830} INFO - Processing file /home/airflow/.local/lib/python3.12/site-packages/airflow/example_dags/tutorial.py for tasks to queue
[2024-06-10T14:10:51.756+0000] {logging_mixin.py:188} INFO - [2024-06-10T14:10:51.756+0000] {dagbag.py:545} INFO - Filling up the DagBag from /home/airflow/.local/lib/python3.12/site-packages/airflow/example_dags/tutorial.py
[2024-06-10T14:10:51.764+0000] {processor.py:840} INFO - DAG(s) 'tutorial' retrieved from /home/airflow/.local/lib/python3.12/site-packages/airflow/example_dags/tutorial.py
[2024-06-10T14:10:51.786+0000] {logging_mixin.py:188} INFO - [2024-06-10T14:10:51.786+0000] {dag.py:3096} INFO - Sync 1 DAGs
[2024-06-10T14:10:51.808+0000] {logging_mixin.py:188} INFO - [2024-06-10T14:10:51.808+0000] {dag.py:3954} INFO - Setting next_dagrun for tutorial to 2024-06-09 00:00:00+00:00, run_after=2024-06-10 00:00:00+00:00
[2024-06-10T14:10:51.828+0000] {processor.py:183} INFO - Processing /home/airflow/.local/lib/python3.12/site-packages/airflow/example_dags/tutorial.py took 0.086 seconds
[2024-06-10T14:11:21.911+0000] {processor.py:161} INFO - Started process (PID=606) to work on /home/airflow/.local/lib/python3.12/site-packages/airflow/example_dags/tutorial.py
[2024-06-10T14:11:21.913+0000] {processor.py:830} INFO - Processing file /home/airflow/.local/lib/python3.12/site-packages/airflow/example_dags/tutorial.py for tasks to queue
[2024-06-10T14:11:21.915+0000] {logging_mixin.py:188} INFO - [2024-06-10T14:11:21.915+0000] {dagbag.py:545} INFO - Filling up the DagBag from /home/airflow/.local/lib/python3.12/site-packages/airflow/example_dags/tutorial.py
[2024-06-10T14:11:21.922+0000] {processor.py:840} INFO - DAG(s) 'tutorial' retrieved from /home/airflow/.local/lib/python3.12/site-packages/airflow/example_dags/tutorial.py
[2024-06-10T14:11:21.945+0000] {logging_mixin.py:188} INFO - [2024-06-10T14:11:21.945+0000] {dag.py:3096} INFO - Sync 1 DAGs
[2024-06-10T14:11:21.973+0000] {logging_mixin.py:188} INFO - [2024-06-10T14:11:21.973+0000] {dag.py:3954} INFO - Setting next_dagrun for tutorial to 2024-06-09 00:00:00+00:00, run_after=2024-06-10 00:00:00+00:00
[2024-06-10T14:11:21.997+0000] {processor.py:183} INFO - Processing /home/airflow/.local/lib/python3.12/site-packages/airflow/example_dags/tutorial.py took 0.093 seconds
[2024-06-10T14:11:52.580+0000] {processor.py:161} INFO - Started process (PID=675) to work on /home/airflow/.local/lib/python3.12/site-packages/airflow/example_dags/tutorial.py
[2024-06-10T14:11:52.582+0000] {processor.py:830} INFO - Processing file /home/airflow/.local/lib/python3.12/site-packages/airflow/example_dags/tutorial.py for tasks to queue
[2024-06-10T14:11:52.584+0000] {logging_mixin.py:188} INFO - [2024-06-10T14:11:52.584+0000] {dagbag.py:545} INFO - Filling up the DagBag from /home/airflow/.local/lib/python3.12/site-packages/airflow/example_dags/tutorial.py
[2024-06-10T14:11:52.590+0000] {processor.py:840} INFO - DAG(s) 'tutorial' retrieved from /home/airflow/.local/lib/python3.12/site-packages/airflow/example_dags/tutorial.py
[2024-06-10T14:11:52.611+0000] {logging_mixin.py:188} INFO - [2024-06-10T14:11:52.611+0000] {dag.py:3096} INFO - Sync 1 DAGs
[2024-06-10T14:11:52.649+0000] {logging_mixin.py:188} INFO - [2024-06-10T14:11:52.649+0000] {dag.py:3954} INFO - Setting next_dagrun for tutorial to 2024-06-09 00:00:00+00:00, run_after=2024-06-10 00:00:00+00:00
[2024-06-10T14:11:52.673+0000] {processor.py:183} INFO - Processing /home/airflow/.local/lib/python3.12/site-packages/airflow/example_dags/tutorial.py took 0.099 seconds
[2024-06-10T14:12:23.218+0000] {processor.py:161} INFO - Started process (PID=744) to work on /home/airflow/.local/lib/python3.12/site-packages/airflow/example_dags/tutorial.py
[2024-06-10T14:12:23.219+0000] {processor.py:830} INFO - Processing file /home/airflow/.local/lib/python3.12/site-packages/airflow/example_dags/tutorial.py for tasks to queue
[2024-06-10T14:12:23.222+0000] {logging_mixin.py:188} INFO - [2024-06-10T14:12:23.221+0000] {dagbag.py:545} INFO - Filling up the DagBag from /home/airflow/.local/lib/python3.12/site-packages/airflow/example_dags/tutorial.py
[2024-06-10T14:12:23.227+0000] {processor.py:840} INFO - DAG(s) 'tutorial' retrieved from /home/airflow/.local/lib/python3.12/site-packages/airflow/example_dags/tutorial.py
[2024-06-10T14:12:23.247+0000] {logging_mixin.py:188} INFO - [2024-06-10T14:12:23.247+0000] {dag.py:3096} INFO - Sync 1 DAGs
[2024-06-10T14:12:23.281+0000] {logging_mixin.py:188} INFO - [2024-06-10T14:12:23.280+0000] {dag.py:3954} INFO - Setting next_dagrun for tutorial to 2024-06-09 00:00:00+00:00, run_after=2024-06-10 00:00:00+00:00
[2024-06-10T14:12:23.383+0000] {processor.py:183} INFO - Processing /home/airflow/.local/lib/python3.12/site-packages/airflow/example_dags/tutorial.py took 0.170 seconds
[2024-06-10T14:12:55.063+0000] {processor.py:161} INFO - Started process (PID=819) to work on /home/airflow/.local/lib/python3.12/site-packages/airflow/example_dags/tutorial.py
[2024-06-10T14:12:55.072+0000] {processor.py:830} INFO - Processing file /home/airflow/.local/lib/python3.12/site-packages/airflow/example_dags/tutorial.py for tasks to queue
[2024-06-10T14:12:55.090+0000] {logging_mixin.py:188} INFO - [2024-06-10T14:12:55.089+0000] {dagbag.py:545} INFO - Filling up the DagBag from /home/airflow/.local/lib/python3.12/site-packages/airflow/example_dags/tutorial.py
[2024-06-10T14:12:55.248+0000] {processor.py:840} INFO - DAG(s) 'tutorial' retrieved from /home/airflow/.local/lib/python3.12/site-packages/airflow/example_dags/tutorial.py
[2024-06-10T14:12:55.265+0000] {logging_mixin.py:188} INFO - [2024-06-10T14:12:55.265+0000] {dag.py:3096} INFO - Sync 1 DAGs
[2024-06-10T14:12:55.282+0000] {logging_mixin.py:188} INFO - [2024-06-10T14:12:55.282+0000] {dag.py:3954} INFO - Setting next_dagrun for tutorial to 2024-06-09 00:00:00+00:00, run_after=2024-06-10 00:00:00+00:00
[2024-06-10T14:12:55.301+0000] {processor.py:183} INFO - Processing /home/airflow/.local/lib/python3.12/site-packages/airflow/example_dags/tutorial.py took 0.246 seconds
[2024-06-10T14:13:26.426+0000] {processor.py:161} INFO - Started process (PID=888) to work on /home/airflow/.local/lib/python3.12/site-packages/airflow/example_dags/tutorial.py
[2024-06-10T14:13:26.428+0000] {processor.py:830} INFO - Processing file /home/airflow/.local/lib/python3.12/site-packages/airflow/example_dags/tutorial.py for tasks to queue
[2024-06-10T14:13:26.431+0000] {logging_mixin.py:188} INFO - [2024-06-10T14:13:26.431+0000] {dagbag.py:545} INFO - Filling up the DagBag from /home/airflow/.local/lib/python3.12/site-packages/airflow/example_dags/tutorial.py
[2024-06-10T14:13:26.439+0000] {processor.py:840} INFO - DAG(s) 'tutorial' retrieved from /home/airflow/.local/lib/python3.12/site-packages/airflow/example_dags/tutorial.py
[2024-06-10T14:13:26.464+0000] {logging_mixin.py:188} INFO - [2024-06-10T14:13:26.464+0000] {dag.py:3096} INFO - Sync 1 DAGs
[2024-06-10T14:13:26.495+0000] {logging_mixin.py:188} INFO - [2024-06-10T14:13:26.495+0000] {dag.py:3954} INFO - Setting next_dagrun for tutorial to 2024-06-09 00:00:00+00:00, run_after=2024-06-10 00:00:00+00:00
[2024-06-10T14:13:26.538+0000] {processor.py:183} INFO - Processing /home/airflow/.local/lib/python3.12/site-packages/airflow/example_dags/tutorial.py took 0.119 seconds
[2024-06-10T14:13:56.826+0000] {processor.py:161} INFO - Started process (PID=957) to work on /home/airflow/.local/lib/python3.12/site-packages/airflow/example_dags/tutorial.py
[2024-06-10T14:13:56.828+0000] {processor.py:830} INFO - Processing file /home/airflow/.local/lib/python3.12/site-packages/airflow/example_dags/tutorial.py for tasks to queue
[2024-06-10T14:13:56.830+0000] {logging_mixin.py:188} INFO - [2024-06-10T14:13:56.829+0000] {dagbag.py:545} INFO - Filling up the DagBag from /home/airflow/.local/lib/python3.12/site-packages/airflow/example_dags/tutorial.py
[2024-06-10T14:13:56.834+0000] {processor.py:840} INFO - DAG(s) 'tutorial' retrieved from /home/airflow/.local/lib/python3.12/site-packages/airflow/example_dags/tutorial.py
[2024-06-10T14:13:56.854+0000] {logging_mixin.py:188} INFO - [2024-06-10T14:13:56.854+0000] {dag.py:3096} INFO - Sync 1 DAGs
[2024-06-10T14:13:56.874+0000] {logging_mixin.py:188} INFO - [2024-06-10T14:13:56.874+0000] {dag.py:3954} INFO - Setting next_dagrun for tutorial to 2024-06-09 00:00:00+00:00, run_after=2024-06-10 00:00:00+00:00
[2024-06-10T14:13:56.895+0000] {processor.py:183} INFO - Processing /home/airflow/.local/lib/python3.12/site-packages/airflow/example_dags/tutorial.py took 0.074 seconds
[2024-06-10T14:14:27.121+0000] {processor.py:161} INFO - Started process (PID=1026) to work on /home/airflow/.local/lib/python3.12/site-packages/airflow/example_dags/tutorial.py
[2024-06-10T14:14:27.123+0000] {processor.py:830} INFO - Processing file /home/airflow/.local/lib/python3.12/site-packages/airflow/example_dags/tutorial.py for tasks to queue
[2024-06-10T14:14:27.125+0000] {logging_mixin.py:188} INFO - [2024-06-10T14:14:27.124+0000] {dagbag.py:545} INFO - Filling up the DagBag from /home/airflow/.local/lib/python3.12/site-packages/airflow/example_dags/tutorial.py
[2024-06-10T14:14:27.132+0000] {processor.py:840} INFO - DAG(s) 'tutorial' retrieved from /home/airflow/.local/lib/python3.12/site-packages/airflow/example_dags/tutorial.py
[2024-06-10T14:14:27.153+0000] {logging_mixin.py:188} INFO - [2024-06-10T14:14:27.153+0000] {dag.py:3096} INFO - Sync 1 DAGs
[2024-06-10T14:14:27.175+0000] {logging_mixin.py:188} INFO - [2024-06-10T14:14:27.175+0000] {dag.py:3954} INFO - Setting next_dagrun for tutorial to 2024-06-09 00:00:00+00:00, run_after=2024-06-10 00:00:00+00:00
[2024-06-10T14:14:27.193+0000] {processor.py:183} INFO - Processing /home/airflow/.local/lib/python3.12/site-packages/airflow/example_dags/tutorial.py took 0.079 seconds
[2024-06-10T14:14:57.421+0000] {processor.py:161} INFO - Started process (PID=1096) to work on /home/airflow/.local/lib/python3.12/site-packages/airflow/example_dags/tutorial.py
[2024-06-10T14:14:57.423+0000] {processor.py:830} INFO - Processing file /home/airflow/.local/lib/python3.12/site-packages/airflow/example_dags/tutorial.py for tasks to queue
[2024-06-10T14:14:57.425+0000] {logging_mixin.py:188} INFO - [2024-06-10T14:14:57.425+0000] {dagbag.py:545} INFO - Filling up the DagBag from /home/airflow/.local/lib/python3.12/site-packages/airflow/example_dags/tutorial.py
[2024-06-10T14:14:57.430+0000] {processor.py:840} INFO - DAG(s) 'tutorial' retrieved from /home/airflow/.local/lib/python3.12/site-packages/airflow/example_dags/tutorial.py
[2024-06-10T14:14:57.450+0000] {logging_mixin.py:188} INFO - [2024-06-10T14:14:57.450+0000] {dag.py:3096} INFO - Sync 1 DAGs
[2024-06-10T14:14:57.469+0000] {logging_mixin.py:188} INFO - [2024-06-10T14:14:57.469+0000] {dag.py:3954} INFO - Setting next_dagrun for tutorial to 2024-06-09 00:00:00+00:00, run_after=2024-06-10 00:00:00+00:00
[2024-06-10T14:14:57.490+0000] {processor.py:183} INFO - Processing /home/airflow/.local/lib/python3.12/site-packages/airflow/example_dags/tutorial.py took 0.074 seconds
[2024-06-10T14:15:27.558+0000] {processor.py:161} INFO - Started process (PID=1164) to work on /home/airflow/.local/lib/python3.12/site-packages/airflow/example_dags/tutorial.py
[2024-06-10T14:15:27.559+0000] {processor.py:830} INFO - Processing file /home/airflow/.local/lib/python3.12/site-packages/airflow/example_dags/tutorial.py for tasks to queue
[2024-06-10T14:15:27.560+0000] {logging_mixin.py:188} INFO - [2024-06-10T14:15:27.560+0000] {dagbag.py:545} INFO - Filling up the DagBag from /home/airflow/.local/lib/python3.12/site-packages/airflow/example_dags/tutorial.py
[2024-06-10T14:15:27.567+0000] {processor.py:840} INFO - DAG(s) 'tutorial' retrieved from /home/airflow/.local/lib/python3.12/site-packages/airflow/example_dags/tutorial.py
[2024-06-10T14:15:27.589+0000] {logging_mixin.py:188} INFO - [2024-06-10T14:15:27.589+0000] {dag.py:3096} INFO - Sync 1 DAGs
[2024-06-10T14:15:27.612+0000] {logging_mixin.py:188} INFO - [2024-06-10T14:15:27.611+0000] {dag.py:3954} INFO - Setting next_dagrun for tutorial to 2024-06-09 00:00:00+00:00, run_after=2024-06-10 00:00:00+00:00
[2024-06-10T14:15:27.634+0000] {processor.py:183} INFO - Processing /home/airflow/.local/lib/python3.12/site-packages/airflow/example_dags/tutorial.py took 0.082 seconds
[2024-06-10T14:15:57.847+0000] {processor.py:161} INFO - Started process (PID=1224) to work on /home/airflow/.local/lib/python3.12/site-packages/airflow/example_dags/tutorial.py
[2024-06-10T14:15:57.848+0000] {processor.py:830} INFO - Processing file /home/airflow/.local/lib/python3.12/site-packages/airflow/example_dags/tutorial.py for tasks to queue
[2024-06-10T14:15:57.850+0000] {logging_mixin.py:188} INFO - [2024-06-10T14:15:57.849+0000] {dagbag.py:545} INFO - Filling up the DagBag from /home/airflow/.local/lib/python3.12/site-packages/airflow/example_dags/tutorial.py
[2024-06-10T14:15:57.858+0000] {processor.py:840} INFO - DAG(s) 'tutorial' retrieved from /home/airflow/.local/lib/python3.12/site-packages/airflow/example_dags/tutorial.py
[2024-06-10T14:15:57.878+0000] {logging_mixin.py:188} INFO - [2024-06-10T14:15:57.878+0000] {dag.py:3096} INFO - Sync 1 DAGs
[2024-06-10T14:15:57.902+0000] {logging_mixin.py:188} INFO - [2024-06-10T14:15:57.901+0000] {dag.py:3954} INFO - Setting next_dagrun for tutorial to 2024-06-09 00:00:00+00:00, run_after=2024-06-10 00:00:00+00:00
[2024-06-10T14:15:57.920+0000] {processor.py:183} INFO - Processing /home/airflow/.local/lib/python3.12/site-packages/airflow/example_dags/tutorial.py took 0.080 seconds
[2024-06-10T14:16:28.012+0000] {processor.py:161} INFO - Started process (PID=1284) to work on /home/airflow/.local/lib/python3.12/site-packages/airflow/example_dags/tutorial.py
[2024-06-10T14:16:28.013+0000] {processor.py:830} INFO - Processing file /home/airflow/.local/lib/python3.12/site-packages/airflow/example_dags/tutorial.py for tasks to queue
[2024-06-10T14:16:28.014+0000] {logging_mixin.py:188} INFO - [2024-06-10T14:16:28.014+0000] {dagbag.py:545} INFO - Filling up the DagBag from /home/airflow/.local/lib/python3.12/site-packages/airflow/example_dags/tutorial.py
[2024-06-10T14:16:28.020+0000] {processor.py:840} INFO - DAG(s) 'tutorial' retrieved from /home/airflow/.local/lib/python3.12/site-packages/airflow/example_dags/tutorial.py
[2024-06-10T14:16:28.040+0000] {logging_mixin.py:188} INFO - [2024-06-10T14:16:28.040+0000] {dag.py:3096} INFO - Sync 1 DAGs
[2024-06-10T14:16:28.062+0000] {logging_mixin.py:188} INFO - [2024-06-10T14:16:28.062+0000] {dag.py:3954} INFO - Setting next_dagrun for tutorial to 2024-06-09 00:00:00+00:00, run_after=2024-06-10 00:00:00+00:00
[2024-06-10T14:16:28.084+0000] {processor.py:183} INFO - Processing /home/airflow/.local/lib/python3.12/site-packages/airflow/example_dags/tutorial.py took 0.077 seconds
[2024-06-10T14:16:59.078+0000] {processor.py:161} INFO - Started process (PID=1344) to work on /home/airflow/.local/lib/python3.12/site-packages/airflow/example_dags/tutorial.py
[2024-06-10T14:16:59.080+0000] {processor.py:830} INFO - Processing file /home/airflow/.local/lib/python3.12/site-packages/airflow/example_dags/tutorial.py for tasks to queue
[2024-06-10T14:16:59.081+0000] {logging_mixin.py:188} INFO - [2024-06-10T14:16:59.080+0000] {dagbag.py:545} INFO - Filling up the DagBag from /home/airflow/.local/lib/python3.12/site-packages/airflow/example_dags/tutorial.py
[2024-06-10T14:16:59.090+0000] {processor.py:840} INFO - DAG(s) 'tutorial' retrieved from /home/airflow/.local/lib/python3.12/site-packages/airflow/example_dags/tutorial.py
[2024-06-10T14:16:59.102+0000] {logging_mixin.py:188} INFO - [2024-06-10T14:16:59.101+0000] {dag.py:3096} INFO - Sync 1 DAGs
[2024-06-10T14:16:59.125+0000] {logging_mixin.py:188} INFO - [2024-06-10T14:16:59.125+0000] {dag.py:3954} INFO - Setting next_dagrun for tutorial to 2024-06-09 00:00:00+00:00, run_after=2024-06-10 00:00:00+00:00
[2024-06-10T14:16:59.146+0000] {processor.py:183} INFO - Processing /home/airflow/.local/lib/python3.12/site-packages/airflow/example_dags/tutorial.py took 0.075 seconds
[2024-06-10T14:17:29.579+0000] {processor.py:161} INFO - Started process (PID=1404) to work on /home/airflow/.local/lib/python3.12/site-packages/airflow/example_dags/tutorial.py
[2024-06-10T14:17:29.580+0000] {processor.py:830} INFO - Processing file /home/airflow/.local/lib/python3.12/site-packages/airflow/example_dags/tutorial.py for tasks to queue
[2024-06-10T14:17:29.582+0000] {logging_mixin.py:188} INFO - [2024-06-10T14:17:29.581+0000] {dagbag.py:545} INFO - Filling up the DagBag from /home/airflow/.local/lib/python3.12/site-packages/airflow/example_dags/tutorial.py
[2024-06-10T14:17:29.589+0000] {processor.py:840} INFO - DAG(s) 'tutorial' retrieved from /home/airflow/.local/lib/python3.12/site-packages/airflow/example_dags/tutorial.py
[2024-06-10T14:17:29.701+0000] {logging_mixin.py:188} INFO - [2024-06-10T14:17:29.701+0000] {dag.py:3096} INFO - Sync 1 DAGs
[2024-06-10T14:17:29.726+0000] {logging_mixin.py:188} INFO - [2024-06-10T14:17:29.725+0000] {dag.py:3954} INFO - Setting next_dagrun for tutorial to 2024-06-09 00:00:00+00:00, run_after=2024-06-10 00:00:00+00:00
[2024-06-10T14:17:29.755+0000] {processor.py:183} INFO - Processing /home/airflow/.local/lib/python3.12/site-packages/airflow/example_dags/tutorial.py took 0.183 seconds
[2024-06-10T14:18:00.531+0000] {processor.py:161} INFO - Started process (PID=1464) to work on /home/airflow/.local/lib/python3.12/site-packages/airflow/example_dags/tutorial.py
[2024-06-10T14:18:00.532+0000] {processor.py:830} INFO - Processing file /home/airflow/.local/lib/python3.12/site-packages/airflow/example_dags/tutorial.py for tasks to queue
[2024-06-10T14:18:00.534+0000] {logging_mixin.py:188} INFO - [2024-06-10T14:18:00.533+0000] {dagbag.py:545} INFO - Filling up the DagBag from /home/airflow/.local/lib/python3.12/site-packages/airflow/example_dags/tutorial.py
[2024-06-10T14:18:00.541+0000] {processor.py:840} INFO - DAG(s) 'tutorial' retrieved from /home/airflow/.local/lib/python3.12/site-packages/airflow/example_dags/tutorial.py
[2024-06-10T14:18:00.564+0000] {logging_mixin.py:188} INFO - [2024-06-10T14:18:00.564+0000] {dag.py:3096} INFO - Sync 1 DAGs
[2024-06-10T14:18:00.594+0000] {logging_mixin.py:188} INFO - [2024-06-10T14:18:00.594+0000] {dag.py:3954} INFO - Setting next_dagrun for tutorial to 2024-06-09 00:00:00+00:00, run_after=2024-06-10 00:00:00+00:00
[2024-06-10T14:18:00.620+0000] {processor.py:183} INFO - Processing /home/airflow/.local/lib/python3.12/site-packages/airflow/example_dags/tutorial.py took 0.096 seconds
[2024-06-10T14:18:31.298+0000] {processor.py:161} INFO - Started process (PID=1524) to work on /home/airflow/.local/lib/python3.12/site-packages/airflow/example_dags/tutorial.py
[2024-06-10T14:18:31.300+0000] {processor.py:830} INFO - Processing file /home/airflow/.local/lib/python3.12/site-packages/airflow/example_dags/tutorial.py for tasks to queue
[2024-06-10T14:18:31.301+0000] {logging_mixin.py:188} INFO - [2024-06-10T14:18:31.301+0000] {dagbag.py:545} INFO - Filling up the DagBag from /home/airflow/.local/lib/python3.12/site-packages/airflow/example_dags/tutorial.py
[2024-06-10T14:18:31.308+0000] {processor.py:840} INFO - DAG(s) 'tutorial' retrieved from /home/airflow/.local/lib/python3.12/site-packages/airflow/example_dags/tutorial.py
[2024-06-10T14:18:31.320+0000] {logging_mixin.py:188} INFO - [2024-06-10T14:18:31.320+0000] {dag.py:3096} INFO - Sync 1 DAGs
[2024-06-10T14:18:31.345+0000] {logging_mixin.py:188} INFO - [2024-06-10T14:18:31.345+0000] {dag.py:3954} INFO - Setting next_dagrun for tutorial to 2024-06-09 00:00:00+00:00, run_after=2024-06-10 00:00:00+00:00
[2024-06-10T14:18:31.366+0000] {processor.py:183} INFO - Processing /home/airflow/.local/lib/python3.12/site-packages/airflow/example_dags/tutorial.py took 0.074 seconds
[2024-06-10T14:19:01.627+0000] {processor.py:161} INFO - Started process (PID=1583) to work on /home/airflow/.local/lib/python3.12/site-packages/airflow/example_dags/tutorial.py
[2024-06-10T14:19:01.629+0000] {processor.py:830} INFO - Processing file /home/airflow/.local/lib/python3.12/site-packages/airflow/example_dags/tutorial.py for tasks to queue
[2024-06-10T14:19:01.630+0000] {logging_mixin.py:188} INFO - [2024-06-10T14:19:01.630+0000] {dagbag.py:545} INFO - Filling up the DagBag from /home/airflow/.local/lib/python3.12/site-packages/airflow/example_dags/tutorial.py
[2024-06-10T14:19:01.638+0000] {processor.py:840} INFO - DAG(s) 'tutorial' retrieved from /home/airflow/.local/lib/python3.12/site-packages/airflow/example_dags/tutorial.py
[2024-06-10T14:19:01.799+0000] {logging_mixin.py:188} INFO - [2024-06-10T14:19:01.798+0000] {dag.py:3096} INFO - Sync 1 DAGs
[2024-06-10T14:19:01.828+0000] {logging_mixin.py:188} INFO - [2024-06-10T14:19:01.828+0000] {dag.py:3954} INFO - Setting next_dagrun for tutorial to 2024-06-09 00:00:00+00:00, run_after=2024-06-10 00:00:00+00:00
[2024-06-10T14:19:01.848+0000] {processor.py:183} INFO - Processing /home/airflow/.local/lib/python3.12/site-packages/airflow/example_dags/tutorial.py took 0.231 seconds
[2024-06-10T14:19:32.691+0000] {processor.py:161} INFO - Started process (PID=1644) to work on /home/airflow/.local/lib/python3.12/site-packages/airflow/example_dags/tutorial.py
[2024-06-10T14:19:32.693+0000] {processor.py:830} INFO - Processing file /home/airflow/.local/lib/python3.12/site-packages/airflow/example_dags/tutorial.py for tasks to queue
[2024-06-10T14:19:32.694+0000] {logging_mixin.py:188} INFO - [2024-06-10T14:19:32.694+0000] {dagbag.py:545} INFO - Filling up the DagBag from /home/airflow/.local/lib/python3.12/site-packages/airflow/example_dags/tutorial.py
[2024-06-10T14:19:32.701+0000] {processor.py:840} INFO - DAG(s) 'tutorial' retrieved from /home/airflow/.local/lib/python3.12/site-packages/airflow/example_dags/tutorial.py
[2024-06-10T14:19:32.725+0000] {logging_mixin.py:188} INFO - [2024-06-10T14:19:32.725+0000] {dag.py:3096} INFO - Sync 1 DAGs
[2024-06-10T14:19:32.746+0000] {logging_mixin.py:188} INFO - [2024-06-10T14:19:32.746+0000] {dag.py:3954} INFO - Setting next_dagrun for tutorial to 2024-06-09 00:00:00+00:00, run_after=2024-06-10 00:00:00+00:00
[2024-06-10T14:19:32.768+0000] {processor.py:183} INFO - Processing /home/airflow/.local/lib/python3.12/site-packages/airflow/example_dags/tutorial.py took 0.082 seconds
[2024-06-10T14:20:02.893+0000] {processor.py:161} INFO - Started process (PID=1704) to work on /home/airflow/.local/lib/python3.12/site-packages/airflow/example_dags/tutorial.py
[2024-06-10T14:20:02.894+0000] {processor.py:830} INFO - Processing file /home/airflow/.local/lib/python3.12/site-packages/airflow/example_dags/tutorial.py for tasks to queue
[2024-06-10T14:20:02.895+0000] {logging_mixin.py:188} INFO - [2024-06-10T14:20:02.895+0000] {dagbag.py:545} INFO - Filling up the DagBag from /home/airflow/.local/lib/python3.12/site-packages/airflow/example_dags/tutorial.py
[2024-06-10T14:20:02.902+0000] {processor.py:840} INFO - DAG(s) 'tutorial' retrieved from /home/airflow/.local/lib/python3.12/site-packages/airflow/example_dags/tutorial.py
[2024-06-10T14:20:02.926+0000] {logging_mixin.py:188} INFO - [2024-06-10T14:20:02.924+0000] {dag.py:3096} INFO - Sync 1 DAGs
[2024-06-10T14:20:02.953+0000] {logging_mixin.py:188} INFO - [2024-06-10T14:20:02.953+0000] {dag.py:3954} INFO - Setting next_dagrun for tutorial to 2024-06-09 00:00:00+00:00, run_after=2024-06-10 00:00:00+00:00
[2024-06-10T14:20:02.977+0000] {processor.py:183} INFO - Processing /home/airflow/.local/lib/python3.12/site-packages/airflow/example_dags/tutorial.py took 0.091 seconds
[2024-06-10T14:20:33.365+0000] {processor.py:161} INFO - Started process (PID=1764) to work on /home/airflow/.local/lib/python3.12/site-packages/airflow/example_dags/tutorial.py
[2024-06-10T14:20:33.366+0000] {processor.py:830} INFO - Processing file /home/airflow/.local/lib/python3.12/site-packages/airflow/example_dags/tutorial.py for tasks to queue
[2024-06-10T14:20:33.367+0000] {logging_mixin.py:188} INFO - [2024-06-10T14:20:33.367+0000] {dagbag.py:545} INFO - Filling up the DagBag from /home/airflow/.local/lib/python3.12/site-packages/airflow/example_dags/tutorial.py
[2024-06-10T14:20:33.373+0000] {processor.py:840} INFO - DAG(s) 'tutorial' retrieved from /home/airflow/.local/lib/python3.12/site-packages/airflow/example_dags/tutorial.py
[2024-06-10T14:20:33.393+0000] {logging_mixin.py:188} INFO - [2024-06-10T14:20:33.392+0000] {dag.py:3096} INFO - Sync 1 DAGs
[2024-06-10T14:20:33.420+0000] {logging_mixin.py:188} INFO - [2024-06-10T14:20:33.420+0000] {dag.py:3954} INFO - Setting next_dagrun for tutorial to 2024-06-09 00:00:00+00:00, run_after=2024-06-10 00:00:00+00:00
[2024-06-10T14:20:33.585+0000] {processor.py:183} INFO - Processing /home/airflow/.local/lib/python3.12/site-packages/airflow/example_dags/tutorial.py took 0.227 seconds
[2024-06-10T14:21:03.681+0000] {processor.py:161} INFO - Started process (PID=1824) to work on /home/airflow/.local/lib/python3.12/site-packages/airflow/example_dags/tutorial.py
[2024-06-10T14:21:03.682+0000] {processor.py:830} INFO - Processing file /home/airflow/.local/lib/python3.12/site-packages/airflow/example_dags/tutorial.py for tasks to queue
[2024-06-10T14:21:03.684+0000] {logging_mixin.py:188} INFO - [2024-06-10T14:21:03.684+0000] {dagbag.py:545} INFO - Filling up the DagBag from /home/airflow/.local/lib/python3.12/site-packages/airflow/example_dags/tutorial.py
[2024-06-10T14:21:03.693+0000] {processor.py:840} INFO - DAG(s) 'tutorial' retrieved from /home/airflow/.local/lib/python3.12/site-packages/airflow/example_dags/tutorial.py
[2024-06-10T14:21:03.716+0000] {logging_mixin.py:188} INFO - [2024-06-10T14:21:03.716+0000] {dag.py:3096} INFO - Sync 1 DAGs
[2024-06-10T14:21:03.739+0000] {logging_mixin.py:188} INFO - [2024-06-10T14:21:03.739+0000] {dag.py:3954} INFO - Setting next_dagrun for tutorial to 2024-06-09 00:00:00+00:00, run_after=2024-06-10 00:00:00+00:00
[2024-06-10T14:21:03.766+0000] {processor.py:183} INFO - Processing /home/airflow/.local/lib/python3.12/site-packages/airflow/example_dags/tutorial.py took 0.092 seconds
[2024-06-10T14:21:34.000+0000] {processor.py:161} INFO - Started process (PID=1884) to work on /home/airflow/.local/lib/python3.12/site-packages/airflow/example_dags/tutorial.py
[2024-06-10T14:21:34.002+0000] {processor.py:830} INFO - Processing file /home/airflow/.local/lib/python3.12/site-packages/airflow/example_dags/tutorial.py for tasks to queue
[2024-06-10T14:21:34.003+0000] {logging_mixin.py:188} INFO - [2024-06-10T14:21:34.003+0000] {dagbag.py:545} INFO - Filling up the DagBag from /home/airflow/.local/lib/python3.12/site-packages/airflow/example_dags/tutorial.py
[2024-06-10T14:21:34.010+0000] {processor.py:840} INFO - DAG(s) 'tutorial' retrieved from /home/airflow/.local/lib/python3.12/site-packages/airflow/example_dags/tutorial.py
[2024-06-10T14:21:34.032+0000] {logging_mixin.py:188} INFO - [2024-06-10T14:21:34.032+0000] {dag.py:3096} INFO - Sync 1 DAGs
[2024-06-10T14:21:34.053+0000] {logging_mixin.py:188} INFO - [2024-06-10T14:21:34.053+0000] {dag.py:3954} INFO - Setting next_dagrun for tutorial to 2024-06-09 00:00:00+00:00, run_after=2024-06-10 00:00:00+00:00
[2024-06-10T14:21:34.074+0000] {processor.py:183} INFO - Processing /home/airflow/.local/lib/python3.12/site-packages/airflow/example_dags/tutorial.py took 0.079 seconds
[2024-06-10T14:26:13.814+0000] {processor.py:161} INFO - Started process (PID=53) to work on /home/airflow/.local/lib/python3.12/site-packages/airflow/example_dags/tutorial.py
[2024-06-10T14:26:13.815+0000] {processor.py:830} INFO - Processing file /home/airflow/.local/lib/python3.12/site-packages/airflow/example_dags/tutorial.py for tasks to queue
[2024-06-10T14:26:13.818+0000] {logging_mixin.py:188} INFO - [2024-06-10T14:26:13.817+0000] {dagbag.py:545} INFO - Filling up the DagBag from /home/airflow/.local/lib/python3.12/site-packages/airflow/example_dags/tutorial.py
[2024-06-10T14:26:13.828+0000] {processor.py:840} INFO - DAG(s) 'tutorial' retrieved from /home/airflow/.local/lib/python3.12/site-packages/airflow/example_dags/tutorial.py
[2024-06-10T14:26:14.009+0000] {logging_mixin.py:188} INFO - [2024-06-10T14:26:14.007+0000] {override.py:1829} INFO - Created Permission View: can delete on DAG:tutorial
[2024-06-10T14:26:14.039+0000] {logging_mixin.py:188} INFO - [2024-06-10T14:26:14.039+0000] {override.py:1829} INFO - Created Permission View: can read on DAG:tutorial
[2024-06-10T14:26:14.050+0000] {logging_mixin.py:188} INFO - [2024-06-10T14:26:14.050+0000] {override.py:1829} INFO - Created Permission View: can edit on DAG:tutorial
[2024-06-10T14:26:14.052+0000] {logging_mixin.py:188} INFO - [2024-06-10T14:26:14.051+0000] {dag.py:3096} INFO - Sync 1 DAGs
[2024-06-10T14:26:14.080+0000] {logging_mixin.py:188} INFO - [2024-06-10T14:26:14.079+0000] {dag.py:3118} INFO - Creating ORM DAG for tutorial
[2024-06-10T14:26:14.102+0000] {logging_mixin.py:188} INFO - [2024-06-10T14:26:14.102+0000] {dag.py:3954} INFO - Setting next_dagrun for tutorial to 2024-06-09 00:00:00+00:00, run_after=2024-06-10 00:00:00+00:00
[2024-06-10T14:26:14.129+0000] {processor.py:183} INFO - Processing /home/airflow/.local/lib/python3.12/site-packages/airflow/example_dags/tutorial.py took 0.323 seconds
[2024-06-10T14:26:44.329+0000] {processor.py:161} INFO - Started process (PID=112) to work on /home/airflow/.local/lib/python3.12/site-packages/airflow/example_dags/tutorial.py
[2024-06-10T14:26:44.331+0000] {processor.py:830} INFO - Processing file /home/airflow/.local/lib/python3.12/site-packages/airflow/example_dags/tutorial.py for tasks to queue
[2024-06-10T14:26:44.333+0000] {logging_mixin.py:188} INFO - [2024-06-10T14:26:44.332+0000] {dagbag.py:545} INFO - Filling up the DagBag from /home/airflow/.local/lib/python3.12/site-packages/airflow/example_dags/tutorial.py
[2024-06-10T14:26:44.339+0000] {processor.py:840} INFO - DAG(s) 'tutorial' retrieved from /home/airflow/.local/lib/python3.12/site-packages/airflow/example_dags/tutorial.py
[2024-06-10T14:26:44.354+0000] {logging_mixin.py:188} INFO - [2024-06-10T14:26:44.353+0000] {dag.py:3096} INFO - Sync 1 DAGs
[2024-06-10T14:26:44.407+0000] {logging_mixin.py:188} INFO - [2024-06-10T14:26:44.407+0000] {dag.py:3954} INFO - Setting next_dagrun for tutorial to 2024-06-09 00:00:00+00:00, run_after=2024-06-10 00:00:00+00:00
[2024-06-10T14:26:44.437+0000] {processor.py:183} INFO - Processing /home/airflow/.local/lib/python3.12/site-packages/airflow/example_dags/tutorial.py took 0.113 seconds
[2024-06-10T14:27:14.924+0000] {processor.py:161} INFO - Started process (PID=172) to work on /home/airflow/.local/lib/python3.12/site-packages/airflow/example_dags/tutorial.py
[2024-06-10T14:27:14.925+0000] {processor.py:830} INFO - Processing file /home/airflow/.local/lib/python3.12/site-packages/airflow/example_dags/tutorial.py for tasks to queue
[2024-06-10T14:27:14.927+0000] {logging_mixin.py:188} INFO - [2024-06-10T14:27:14.927+0000] {dagbag.py:545} INFO - Filling up the DagBag from /home/airflow/.local/lib/python3.12/site-packages/airflow/example_dags/tutorial.py
[2024-06-10T14:27:14.934+0000] {processor.py:840} INFO - DAG(s) 'tutorial' retrieved from /home/airflow/.local/lib/python3.12/site-packages/airflow/example_dags/tutorial.py
[2024-06-10T14:27:15.056+0000] {logging_mixin.py:188} INFO - [2024-06-10T14:27:15.056+0000] {dag.py:3096} INFO - Sync 1 DAGs
[2024-06-10T14:27:15.079+0000] {logging_mixin.py:188} INFO - [2024-06-10T14:27:15.078+0000] {dag.py:3954} INFO - Setting next_dagrun for tutorial to 2024-06-09 00:00:00+00:00, run_after=2024-06-10 00:00:00+00:00
[2024-06-10T14:27:15.102+0000] {processor.py:183} INFO - Processing /home/airflow/.local/lib/python3.12/site-packages/airflow/example_dags/tutorial.py took 0.185 seconds
[2024-06-10T14:27:45.287+0000] {processor.py:161} INFO - Started process (PID=232) to work on /home/airflow/.local/lib/python3.12/site-packages/airflow/example_dags/tutorial.py
[2024-06-10T14:27:45.289+0000] {processor.py:830} INFO - Processing file /home/airflow/.local/lib/python3.12/site-packages/airflow/example_dags/tutorial.py for tasks to queue
[2024-06-10T14:27:45.291+0000] {logging_mixin.py:188} INFO - [2024-06-10T14:27:45.291+0000] {dagbag.py:545} INFO - Filling up the DagBag from /home/airflow/.local/lib/python3.12/site-packages/airflow/example_dags/tutorial.py
[2024-06-10T14:27:45.296+0000] {processor.py:840} INFO - DAG(s) 'tutorial' retrieved from /home/airflow/.local/lib/python3.12/site-packages/airflow/example_dags/tutorial.py
[2024-06-10T14:27:45.317+0000] {logging_mixin.py:188} INFO - [2024-06-10T14:27:45.316+0000] {dag.py:3096} INFO - Sync 1 DAGs
[2024-06-10T14:27:45.342+0000] {logging_mixin.py:188} INFO - [2024-06-10T14:27:45.341+0000] {dag.py:3954} INFO - Setting next_dagrun for tutorial to 2024-06-09 00:00:00+00:00, run_after=2024-06-10 00:00:00+00:00
[2024-06-10T14:27:45.363+0000] {processor.py:183} INFO - Processing /home/airflow/.local/lib/python3.12/site-packages/airflow/example_dags/tutorial.py took 0.081 seconds
[2024-06-10T14:28:15.561+0000] {processor.py:161} INFO - Started process (PID=291) to work on /home/airflow/.local/lib/python3.12/site-packages/airflow/example_dags/tutorial.py
[2024-06-10T14:28:15.563+0000] {processor.py:830} INFO - Processing file /home/airflow/.local/lib/python3.12/site-packages/airflow/example_dags/tutorial.py for tasks to queue
[2024-06-10T14:28:15.565+0000] {logging_mixin.py:188} INFO - [2024-06-10T14:28:15.565+0000] {dagbag.py:545} INFO - Filling up the DagBag from /home/airflow/.local/lib/python3.12/site-packages/airflow/example_dags/tutorial.py
[2024-06-10T14:28:15.572+0000] {processor.py:840} INFO - DAG(s) 'tutorial' retrieved from /home/airflow/.local/lib/python3.12/site-packages/airflow/example_dags/tutorial.py
[2024-06-10T14:28:15.597+0000] {logging_mixin.py:188} INFO - [2024-06-10T14:28:15.596+0000] {dag.py:3096} INFO - Sync 1 DAGs
[2024-06-10T14:28:15.620+0000] {logging_mixin.py:188} INFO - [2024-06-10T14:28:15.620+0000] {dag.py:3954} INFO - Setting next_dagrun for tutorial to 2024-06-09 00:00:00+00:00, run_after=2024-06-10 00:00:00+00:00
[2024-06-10T14:28:15.647+0000] {processor.py:183} INFO - Processing /home/airflow/.local/lib/python3.12/site-packages/airflow/example_dags/tutorial.py took 0.092 seconds
[2024-06-10T14:28:45.893+0000] {processor.py:161} INFO - Started process (PID=351) to work on /home/airflow/.local/lib/python3.12/site-packages/airflow/example_dags/tutorial.py
[2024-06-10T14:28:45.894+0000] {processor.py:830} INFO - Processing file /home/airflow/.local/lib/python3.12/site-packages/airflow/example_dags/tutorial.py for tasks to queue
[2024-06-10T14:28:45.896+0000] {logging_mixin.py:188} INFO - [2024-06-10T14:28:45.895+0000] {dagbag.py:545} INFO - Filling up the DagBag from /home/airflow/.local/lib/python3.12/site-packages/airflow/example_dags/tutorial.py
[2024-06-10T14:28:45.902+0000] {processor.py:840} INFO - DAG(s) 'tutorial' retrieved from /home/airflow/.local/lib/python3.12/site-packages/airflow/example_dags/tutorial.py
[2024-06-10T14:28:45.925+0000] {logging_mixin.py:188} INFO - [2024-06-10T14:28:45.925+0000] {dag.py:3096} INFO - Sync 1 DAGs
[2024-06-10T14:28:45.948+0000] {logging_mixin.py:188} INFO - [2024-06-10T14:28:45.948+0000] {dag.py:3954} INFO - Setting next_dagrun for tutorial to 2024-06-09 00:00:00+00:00, run_after=2024-06-10 00:00:00+00:00
[2024-06-10T14:28:45.971+0000] {processor.py:183} INFO - Processing /home/airflow/.local/lib/python3.12/site-packages/airflow/example_dags/tutorial.py took 0.084 seconds
