[2024-06-10T14:19:03.107+0000] {local_task_job_runner.py:120} INFO - ::group::Pre task execution logs
[2024-06-10T14:19:03.132+0000] {taskinstance.py:2076} INFO - Dependencies all met for dep_context=non-requeueable deps ti=<TaskInstance: ETL_toll_data.unzip_data manual__2024-06-10T14:18:45.755476+00:00 [queued]>
[2024-06-10T14:19:03.144+0000] {taskinstance.py:2076} INFO - Dependencies all met for dep_context=requeueable deps ti=<TaskInstance: ETL_toll_data.unzip_data manual__2024-06-10T14:18:45.755476+00:00 [queued]>
[2024-06-10T14:19:03.145+0000] {taskinstance.py:2306} INFO - Starting attempt 1 of 2
[2024-06-10T14:19:03.162+0000] {taskinstance.py:2330} INFO - Executing <Task(BashOperator): unzip_data> on 2024-06-10 14:18:45.755476+00:00
[2024-06-10T14:19:03.170+0000] {warnings.py:112} WARNING - /home/***/.local/lib/python3.12/site-packages/***/task/task_runner/standard_task_runner.py:61: DeprecationWarning: This process (pid=227) is multi-threaded, use of fork() may lead to deadlocks in the child.
  pid = os.fork()

[2024-06-10T14:19:03.172+0000] {standard_task_runner.py:63} INFO - Started process 229 to run task
[2024-06-10T14:19:03.172+0000] {standard_task_runner.py:90} INFO - Running: ['***', 'tasks', 'run', 'ETL_toll_data', 'unzip_data', 'manual__2024-06-10T14:18:45.755476+00:00', '--job-id', '44', '--raw', '--subdir', 'DAGS_FOLDER/ETL_toll_data.py', '--cfg-path', '/tmp/tmp5z5nhdbq']
[2024-06-10T14:19:03.173+0000] {standard_task_runner.py:91} INFO - Job 44: Subtask unzip_data
[2024-06-10T14:19:03.220+0000] {task_command.py:426} INFO - Running <TaskInstance: ETL_toll_data.unzip_data manual__2024-06-10T14:18:45.755476+00:00 [running]> on host 2c4b4cb333a5
[2024-06-10T14:19:03.310+0000] {taskinstance.py:2648} INFO - Exporting env vars: AIRFLOW_CTX_DAG_EMAIL='21521333@gm.uit.edu.vn' AIRFLOW_CTX_DAG_OWNER='quan' AIRFLOW_CTX_DAG_ID='ETL_toll_data' AIRFLOW_CTX_TASK_ID='unzip_data' AIRFLOW_CTX_EXECUTION_DATE='2024-06-10T14:18:45.755476+00:00' AIRFLOW_CTX_TRY_NUMBER='1' AIRFLOW_CTX_DAG_RUN_ID='manual__2024-06-10T14:18:45.755476+00:00'
[2024-06-10T14:19:03.312+0000] {taskinstance.py:430} INFO - ::endgroup::
[2024-06-10T14:19:03.313+0000] {subprocess.py:63} INFO - Tmp dir root location: /tmp
[2024-06-10T14:19:03.315+0000] {subprocess.py:75} INFO - Running command: ['/usr/bin/bash', '-c', 'tar -xzvf /tmp/tolldata.tgz -C /tmp']
[2024-06-10T14:19:03.329+0000] {subprocess.py:86} INFO - Output:
[2024-06-10T14:19:03.340+0000] {subprocess.py:93} INFO - fileformats.txt
[2024-06-10T14:19:03.341+0000] {subprocess.py:93} INFO - payment-data.txt
[2024-06-10T14:19:03.344+0000] {subprocess.py:93} INFO - ._tollplaza-data.tsv
[2024-06-10T14:19:03.345+0000] {subprocess.py:93} INFO - tollplaza-data.tsv
[2024-06-10T14:19:03.350+0000] {subprocess.py:93} INFO - ._vehicle-data.csv
[2024-06-10T14:19:03.351+0000] {subprocess.py:93} INFO - vehicle-data.csv
[2024-06-10T14:19:03.353+0000] {subprocess.py:97} INFO - Command exited with return code 0
[2024-06-10T14:19:03.355+0000] {taskinstance.py:441} INFO - ::group::Post task execution logs
[2024-06-10T14:19:03.381+0000] {taskinstance.py:1206} INFO - Marking task as SUCCESS. dag_id=ETL_toll_data, task_id=unzip_data, run_id=manual__2024-06-10T14:18:45.755476+00:00, execution_date=20240610T141845, start_date=20240610T141903, end_date=20240610T141903
[2024-06-10T14:19:03.427+0000] {local_task_job_runner.py:240} INFO - Task exited with return code 0
[2024-06-10T14:19:03.460+0000] {taskinstance.py:3503} INFO - 1 downstream tasks scheduled from follow-on schedule check
[2024-06-10T14:19:03.463+0000] {local_task_job_runner.py:222} INFO - ::endgroup::
