[2024-06-10T14:04:40.665+0000] {processor.py:161} INFO - Started process (PID=43) to work on /opt/airflow/dags/dag_with_python_dependencies.py
[2024-06-10T14:04:40.667+0000] {processor.py:830} INFO - Processing file /opt/airflow/dags/dag_with_python_dependencies.py for tasks to queue
[2024-06-10T14:04:40.670+0000] {logging_mixin.py:188} INFO - [2024-06-10T14:04:40.669+0000] {dagbag.py:545} INFO - Filling up the DagBag from /opt/airflow/dags/dag_with_python_dependencies.py
[2024-06-10T14:04:40.714+0000] {processor.py:840} INFO - DAG(s) 'dag_with_python_dependencies_v03' retrieved from /opt/airflow/dags/dag_with_python_dependencies.py
[2024-06-10T14:04:40.892+0000] {logging_mixin.py:188} INFO - [2024-06-10T14:04:40.890+0000] {override.py:1829} INFO - Created Permission View: can read on DAG:dag_with_python_dependencies_v03
[2024-06-10T14:04:40.907+0000] {logging_mixin.py:188} INFO - [2024-06-10T14:04:40.906+0000] {override.py:1829} INFO - Created Permission View: can delete on DAG:dag_with_python_dependencies_v03
[2024-06-10T14:04:40.917+0000] {logging_mixin.py:188} INFO - [2024-06-10T14:04:40.917+0000] {override.py:1829} INFO - Created Permission View: can edit on DAG:dag_with_python_dependencies_v03
[2024-06-10T14:04:40.918+0000] {logging_mixin.py:188} INFO - [2024-06-10T14:04:40.918+0000] {dag.py:3096} INFO - Sync 1 DAGs
[2024-06-10T14:04:40.938+0000] {logging_mixin.py:188} INFO - [2024-06-10T14:04:40.937+0000] {dag.py:3118} INFO - Creating ORM DAG for dag_with_python_dependencies_v03
[2024-06-10T14:04:40.961+0000] {logging_mixin.py:188} INFO - [2024-06-10T14:04:40.961+0000] {dag.py:3954} INFO - Setting next_dagrun for dag_with_python_dependencies_v03 to 2021-10-12 00:00:00+00:00, run_after=2021-10-13 00:00:00+00:00
[2024-06-10T14:04:40.993+0000] {processor.py:183} INFO - Processing /opt/airflow/dags/dag_with_python_dependencies.py took 0.345 seconds
[2024-06-10T14:05:12.002+0000] {processor.py:161} INFO - Started process (PID=112) to work on /opt/airflow/dags/dag_with_python_dependencies.py
[2024-06-10T14:05:12.004+0000] {processor.py:830} INFO - Processing file /opt/airflow/dags/dag_with_python_dependencies.py for tasks to queue
[2024-06-10T14:05:12.006+0000] {logging_mixin.py:188} INFO - [2024-06-10T14:05:12.005+0000] {dagbag.py:545} INFO - Filling up the DagBag from /opt/airflow/dags/dag_with_python_dependencies.py
[2024-06-10T14:05:12.035+0000] {processor.py:840} INFO - DAG(s) 'dag_with_python_dependencies_v03' retrieved from /opt/airflow/dags/dag_with_python_dependencies.py
[2024-06-10T14:05:12.058+0000] {logging_mixin.py:188} INFO - [2024-06-10T14:05:12.058+0000] {dag.py:3096} INFO - Sync 1 DAGs
[2024-06-10T14:05:12.082+0000] {logging_mixin.py:188} INFO - [2024-06-10T14:05:12.082+0000] {dag.py:3954} INFO - Setting next_dagrun for dag_with_python_dependencies_v03 to 2021-10-12 00:00:00+00:00, run_after=2021-10-13 00:00:00+00:00
[2024-06-10T14:05:12.106+0000] {processor.py:183} INFO - Processing /opt/airflow/dags/dag_with_python_dependencies.py took 0.112 seconds
[2024-06-10T14:05:42.489+0000] {processor.py:161} INFO - Started process (PID=181) to work on /opt/airflow/dags/dag_with_python_dependencies.py
[2024-06-10T14:05:42.491+0000] {processor.py:830} INFO - Processing file /opt/airflow/dags/dag_with_python_dependencies.py for tasks to queue
[2024-06-10T14:05:42.493+0000] {logging_mixin.py:188} INFO - [2024-06-10T14:05:42.493+0000] {dagbag.py:545} INFO - Filling up the DagBag from /opt/airflow/dags/dag_with_python_dependencies.py
[2024-06-10T14:05:42.527+0000] {processor.py:840} INFO - DAG(s) 'dag_with_python_dependencies_v03' retrieved from /opt/airflow/dags/dag_with_python_dependencies.py
[2024-06-10T14:05:42.549+0000] {logging_mixin.py:188} INFO - [2024-06-10T14:05:42.549+0000] {dag.py:3096} INFO - Sync 1 DAGs
[2024-06-10T14:05:42.571+0000] {logging_mixin.py:188} INFO - [2024-06-10T14:05:42.571+0000] {dag.py:3954} INFO - Setting next_dagrun for dag_with_python_dependencies_v03 to 2021-10-12 00:00:00+00:00, run_after=2021-10-13 00:00:00+00:00
[2024-06-10T14:05:42.597+0000] {processor.py:183} INFO - Processing /opt/airflow/dags/dag_with_python_dependencies.py took 0.116 seconds
[2024-06-10T14:06:13.074+0000] {processor.py:161} INFO - Started process (PID=250) to work on /opt/airflow/dags/dag_with_python_dependencies.py
[2024-06-10T14:06:13.076+0000] {processor.py:830} INFO - Processing file /opt/airflow/dags/dag_with_python_dependencies.py for tasks to queue
[2024-06-10T14:06:13.078+0000] {logging_mixin.py:188} INFO - [2024-06-10T14:06:13.077+0000] {dagbag.py:545} INFO - Filling up the DagBag from /opt/airflow/dags/dag_with_python_dependencies.py
[2024-06-10T14:06:13.104+0000] {processor.py:840} INFO - DAG(s) 'dag_with_python_dependencies_v03' retrieved from /opt/airflow/dags/dag_with_python_dependencies.py
[2024-06-10T14:06:13.220+0000] {logging_mixin.py:188} INFO - [2024-06-10T14:06:13.220+0000] {dag.py:3096} INFO - Sync 1 DAGs
[2024-06-10T14:06:13.487+0000] {logging_mixin.py:188} INFO - [2024-06-10T14:06:13.487+0000] {dag.py:3954} INFO - Setting next_dagrun for dag_with_python_dependencies_v03 to 2021-10-12 00:00:00+00:00, run_after=2021-10-13 00:00:00+00:00
[2024-06-10T14:06:13.512+0000] {processor.py:183} INFO - Processing /opt/airflow/dags/dag_with_python_dependencies.py took 0.446 seconds
[2024-06-10T14:07:10.565+0000] {processor.py:161} INFO - Started process (PID=36) to work on /opt/airflow/dags/dag_with_python_dependencies.py
[2024-06-10T14:07:10.566+0000] {processor.py:830} INFO - Processing file /opt/airflow/dags/dag_with_python_dependencies.py for tasks to queue
[2024-06-10T14:07:10.568+0000] {logging_mixin.py:188} INFO - [2024-06-10T14:07:10.568+0000] {dagbag.py:545} INFO - Filling up the DagBag from /opt/airflow/dags/dag_with_python_dependencies.py
[2024-06-10T14:07:10.594+0000] {processor.py:840} INFO - DAG(s) 'dag_with_python_dependencies_v03' retrieved from /opt/airflow/dags/dag_with_python_dependencies.py
[2024-06-10T14:07:10.645+0000] {logging_mixin.py:188} INFO - [2024-06-10T14:07:10.644+0000] {dag.py:3096} INFO - Sync 1 DAGs
[2024-06-10T14:07:10.676+0000] {logging_mixin.py:188} INFO - [2024-06-10T14:07:10.676+0000] {dag.py:3954} INFO - Setting next_dagrun for dag_with_python_dependencies_v03 to 2021-10-12 00:00:00+00:00, run_after=2021-10-13 00:00:00+00:00
[2024-06-10T14:07:10.720+0000] {processor.py:183} INFO - Processing /opt/airflow/dags/dag_with_python_dependencies.py took 0.167 seconds
[2024-06-10T14:07:43.239+0000] {processor.py:161} INFO - Started process (PID=106) to work on /opt/airflow/dags/dag_with_python_dependencies.py
[2024-06-10T14:07:43.241+0000] {processor.py:830} INFO - Processing file /opt/airflow/dags/dag_with_python_dependencies.py for tasks to queue
[2024-06-10T14:07:43.243+0000] {logging_mixin.py:188} INFO - [2024-06-10T14:07:43.243+0000] {dagbag.py:545} INFO - Filling up the DagBag from /opt/airflow/dags/dag_with_python_dependencies.py
[2024-06-10T14:07:43.267+0000] {processor.py:840} INFO - DAG(s) 'dag_with_python_dependencies_v03' retrieved from /opt/airflow/dags/dag_with_python_dependencies.py
[2024-06-10T14:07:43.292+0000] {logging_mixin.py:188} INFO - [2024-06-10T14:07:43.292+0000] {dag.py:3096} INFO - Sync 1 DAGs
[2024-06-10T14:07:43.322+0000] {logging_mixin.py:188} INFO - [2024-06-10T14:07:43.322+0000] {dag.py:3954} INFO - Setting next_dagrun for dag_with_python_dependencies_v03 to 2021-10-12 00:00:00+00:00, run_after=2021-10-13 00:00:00+00:00
[2024-06-10T14:07:43.352+0000] {processor.py:183} INFO - Processing /opt/airflow/dags/dag_with_python_dependencies.py took 0.120 seconds
[2024-06-10T14:08:14.233+0000] {processor.py:161} INFO - Started process (PID=175) to work on /opt/airflow/dags/dag_with_python_dependencies.py
[2024-06-10T14:08:14.235+0000] {processor.py:830} INFO - Processing file /opt/airflow/dags/dag_with_python_dependencies.py for tasks to queue
[2024-06-10T14:08:14.238+0000] {logging_mixin.py:188} INFO - [2024-06-10T14:08:14.238+0000] {dagbag.py:545} INFO - Filling up the DagBag from /opt/airflow/dags/dag_with_python_dependencies.py
[2024-06-10T14:08:14.263+0000] {processor.py:840} INFO - DAG(s) 'dag_with_python_dependencies_v03' retrieved from /opt/airflow/dags/dag_with_python_dependencies.py
[2024-06-10T14:08:14.282+0000] {logging_mixin.py:188} INFO - [2024-06-10T14:08:14.282+0000] {dag.py:3096} INFO - Sync 1 DAGs
[2024-06-10T14:08:14.307+0000] {logging_mixin.py:188} INFO - [2024-06-10T14:08:14.306+0000] {dag.py:3954} INFO - Setting next_dagrun for dag_with_python_dependencies_v03 to 2021-10-12 00:00:00+00:00, run_after=2021-10-13 00:00:00+00:00
[2024-06-10T14:08:14.334+0000] {processor.py:183} INFO - Processing /opt/airflow/dags/dag_with_python_dependencies.py took 0.108 seconds
[2024-06-10T14:08:44.777+0000] {processor.py:161} INFO - Started process (PID=244) to work on /opt/airflow/dags/dag_with_python_dependencies.py
[2024-06-10T14:08:44.779+0000] {processor.py:830} INFO - Processing file /opt/airflow/dags/dag_with_python_dependencies.py for tasks to queue
[2024-06-10T14:08:44.781+0000] {logging_mixin.py:188} INFO - [2024-06-10T14:08:44.780+0000] {dagbag.py:545} INFO - Filling up the DagBag from /opt/airflow/dags/dag_with_python_dependencies.py
[2024-06-10T14:08:44.814+0000] {processor.py:840} INFO - DAG(s) 'dag_with_python_dependencies_v03' retrieved from /opt/airflow/dags/dag_with_python_dependencies.py
[2024-06-10T14:08:44.836+0000] {logging_mixin.py:188} INFO - [2024-06-10T14:08:44.836+0000] {dag.py:3096} INFO - Sync 1 DAGs
[2024-06-10T14:08:44.866+0000] {logging_mixin.py:188} INFO - [2024-06-10T14:08:44.866+0000] {dag.py:3954} INFO - Setting next_dagrun for dag_with_python_dependencies_v03 to 2021-10-12 00:00:00+00:00, run_after=2021-10-13 00:00:00+00:00
[2024-06-10T14:08:44.898+0000] {processor.py:183} INFO - Processing /opt/airflow/dags/dag_with_python_dependencies.py took 0.127 seconds
[2024-06-10T14:09:15.521+0000] {processor.py:161} INFO - Started process (PID=313) to work on /opt/airflow/dags/dag_with_python_dependencies.py
[2024-06-10T14:09:15.522+0000] {processor.py:830} INFO - Processing file /opt/airflow/dags/dag_with_python_dependencies.py for tasks to queue
[2024-06-10T14:09:15.525+0000] {logging_mixin.py:188} INFO - [2024-06-10T14:09:15.525+0000] {dagbag.py:545} INFO - Filling up the DagBag from /opt/airflow/dags/dag_with_python_dependencies.py
[2024-06-10T14:09:15.551+0000] {processor.py:840} INFO - DAG(s) 'dag_with_python_dependencies_v03' retrieved from /opt/airflow/dags/dag_with_python_dependencies.py
[2024-06-10T14:09:15.571+0000] {logging_mixin.py:188} INFO - [2024-06-10T14:09:15.570+0000] {dag.py:3096} INFO - Sync 1 DAGs
[2024-06-10T14:09:15.600+0000] {logging_mixin.py:188} INFO - [2024-06-10T14:09:15.599+0000] {dag.py:3954} INFO - Setting next_dagrun for dag_with_python_dependencies_v03 to 2021-10-12 00:00:00+00:00, run_after=2021-10-13 00:00:00+00:00
[2024-06-10T14:09:15.625+0000] {processor.py:183} INFO - Processing /opt/airflow/dags/dag_with_python_dependencies.py took 0.109 seconds
[2024-06-10T14:09:46.191+0000] {processor.py:161} INFO - Started process (PID=382) to work on /opt/airflow/dags/dag_with_python_dependencies.py
[2024-06-10T14:09:46.193+0000] {processor.py:830} INFO - Processing file /opt/airflow/dags/dag_with_python_dependencies.py for tasks to queue
[2024-06-10T14:09:46.196+0000] {logging_mixin.py:188} INFO - [2024-06-10T14:09:46.195+0000] {dagbag.py:545} INFO - Filling up the DagBag from /opt/airflow/dags/dag_with_python_dependencies.py
[2024-06-10T14:09:46.226+0000] {processor.py:840} INFO - DAG(s) 'dag_with_python_dependencies_v03' retrieved from /opt/airflow/dags/dag_with_python_dependencies.py
[2024-06-10T14:09:46.250+0000] {logging_mixin.py:188} INFO - [2024-06-10T14:09:46.250+0000] {dag.py:3096} INFO - Sync 1 DAGs
[2024-06-10T14:09:46.282+0000] {logging_mixin.py:188} INFO - [2024-06-10T14:09:46.282+0000] {dag.py:3954} INFO - Setting next_dagrun for dag_with_python_dependencies_v03 to 2021-10-12 00:00:00+00:00, run_after=2021-10-13 00:00:00+00:00
[2024-06-10T14:09:46.473+0000] {processor.py:183} INFO - Processing /opt/airflow/dags/dag_with_python_dependencies.py took 0.288 seconds
[2024-06-10T14:10:16.604+0000] {processor.py:161} INFO - Started process (PID=451) to work on /opt/airflow/dags/dag_with_python_dependencies.py
[2024-06-10T14:10:16.606+0000] {processor.py:830} INFO - Processing file /opt/airflow/dags/dag_with_python_dependencies.py for tasks to queue
[2024-06-10T14:10:16.608+0000] {logging_mixin.py:188} INFO - [2024-06-10T14:10:16.607+0000] {dagbag.py:545} INFO - Filling up the DagBag from /opt/airflow/dags/dag_with_python_dependencies.py
[2024-06-10T14:10:16.624+0000] {processor.py:840} INFO - DAG(s) 'dag_with_python_dependencies_v03' retrieved from /opt/airflow/dags/dag_with_python_dependencies.py
[2024-06-10T14:10:16.644+0000] {logging_mixin.py:188} INFO - [2024-06-10T14:10:16.643+0000] {dag.py:3096} INFO - Sync 1 DAGs
[2024-06-10T14:10:16.674+0000] {logging_mixin.py:188} INFO - [2024-06-10T14:10:16.674+0000] {dag.py:3954} INFO - Setting next_dagrun for dag_with_python_dependencies_v03 to 2021-10-12 00:00:00+00:00, run_after=2021-10-13 00:00:00+00:00
[2024-06-10T14:10:16.698+0000] {processor.py:183} INFO - Processing /opt/airflow/dags/dag_with_python_dependencies.py took 0.100 seconds
[2024-06-10T14:10:47.250+0000] {processor.py:161} INFO - Started process (PID=520) to work on /opt/airflow/dags/dag_with_python_dependencies.py
[2024-06-10T14:10:47.251+0000] {processor.py:830} INFO - Processing file /opt/airflow/dags/dag_with_python_dependencies.py for tasks to queue
[2024-06-10T14:10:47.254+0000] {logging_mixin.py:188} INFO - [2024-06-10T14:10:47.253+0000] {dagbag.py:545} INFO - Filling up the DagBag from /opt/airflow/dags/dag_with_python_dependencies.py
[2024-06-10T14:10:47.276+0000] {processor.py:840} INFO - DAG(s) 'dag_with_python_dependencies_v03' retrieved from /opt/airflow/dags/dag_with_python_dependencies.py
[2024-06-10T14:10:47.297+0000] {logging_mixin.py:188} INFO - [2024-06-10T14:10:47.296+0000] {dag.py:3096} INFO - Sync 1 DAGs
[2024-06-10T14:10:47.327+0000] {logging_mixin.py:188} INFO - [2024-06-10T14:10:47.327+0000] {dag.py:3954} INFO - Setting next_dagrun for dag_with_python_dependencies_v03 to 2021-10-12 00:00:00+00:00, run_after=2021-10-13 00:00:00+00:00
[2024-06-10T14:10:47.354+0000] {processor.py:183} INFO - Processing /opt/airflow/dags/dag_with_python_dependencies.py took 0.112 seconds
[2024-06-10T14:11:17.759+0000] {processor.py:161} INFO - Started process (PID=589) to work on /opt/airflow/dags/dag_with_python_dependencies.py
[2024-06-10T14:11:17.761+0000] {processor.py:830} INFO - Processing file /opt/airflow/dags/dag_with_python_dependencies.py for tasks to queue
[2024-06-10T14:11:17.763+0000] {logging_mixin.py:188} INFO - [2024-06-10T14:11:17.763+0000] {dagbag.py:545} INFO - Filling up the DagBag from /opt/airflow/dags/dag_with_python_dependencies.py
[2024-06-10T14:11:17.789+0000] {processor.py:840} INFO - DAG(s) 'dag_with_python_dependencies_v03' retrieved from /opt/airflow/dags/dag_with_python_dependencies.py
[2024-06-10T14:11:17.807+0000] {logging_mixin.py:188} INFO - [2024-06-10T14:11:17.807+0000] {dag.py:3096} INFO - Sync 1 DAGs
[2024-06-10T14:11:17.832+0000] {logging_mixin.py:188} INFO - [2024-06-10T14:11:17.832+0000] {dag.py:3954} INFO - Setting next_dagrun for dag_with_python_dependencies_v03 to 2021-10-12 00:00:00+00:00, run_after=2021-10-13 00:00:00+00:00
[2024-06-10T14:11:17.853+0000] {processor.py:183} INFO - Processing /opt/airflow/dags/dag_with_python_dependencies.py took 0.099 seconds
[2024-06-10T14:11:48.298+0000] {processor.py:161} INFO - Started process (PID=658) to work on /opt/airflow/dags/dag_with_python_dependencies.py
[2024-06-10T14:11:48.300+0000] {processor.py:830} INFO - Processing file /opt/airflow/dags/dag_with_python_dependencies.py for tasks to queue
[2024-06-10T14:11:48.302+0000] {logging_mixin.py:188} INFO - [2024-06-10T14:11:48.301+0000] {dagbag.py:545} INFO - Filling up the DagBag from /opt/airflow/dags/dag_with_python_dependencies.py
[2024-06-10T14:11:48.325+0000] {processor.py:840} INFO - DAG(s) 'dag_with_python_dependencies_v03' retrieved from /opt/airflow/dags/dag_with_python_dependencies.py
[2024-06-10T14:11:48.349+0000] {logging_mixin.py:188} INFO - [2024-06-10T14:11:48.349+0000] {dag.py:3096} INFO - Sync 1 DAGs
[2024-06-10T14:11:48.394+0000] {logging_mixin.py:188} INFO - [2024-06-10T14:11:48.394+0000] {dag.py:3954} INFO - Setting next_dagrun for dag_with_python_dependencies_v03 to 2021-10-12 00:00:00+00:00, run_after=2021-10-13 00:00:00+00:00
[2024-06-10T14:11:48.607+0000] {processor.py:183} INFO - Processing /opt/airflow/dags/dag_with_python_dependencies.py took 0.316 seconds
[2024-06-10T14:12:18.778+0000] {processor.py:161} INFO - Started process (PID=727) to work on /opt/airflow/dags/dag_with_python_dependencies.py
[2024-06-10T14:12:18.779+0000] {processor.py:830} INFO - Processing file /opt/airflow/dags/dag_with_python_dependencies.py for tasks to queue
[2024-06-10T14:12:18.782+0000] {logging_mixin.py:188} INFO - [2024-06-10T14:12:18.782+0000] {dagbag.py:545} INFO - Filling up the DagBag from /opt/airflow/dags/dag_with_python_dependencies.py
[2024-06-10T14:12:18.809+0000] {processor.py:840} INFO - DAG(s) 'dag_with_python_dependencies_v03' retrieved from /opt/airflow/dags/dag_with_python_dependencies.py
[2024-06-10T14:12:18.827+0000] {logging_mixin.py:188} INFO - [2024-06-10T14:12:18.827+0000] {dag.py:3096} INFO - Sync 1 DAGs
[2024-06-10T14:12:18.855+0000] {logging_mixin.py:188} INFO - [2024-06-10T14:12:18.855+0000] {dag.py:3954} INFO - Setting next_dagrun for dag_with_python_dependencies_v03 to 2021-10-12 00:00:00+00:00, run_after=2021-10-13 00:00:00+00:00
[2024-06-10T14:12:18.879+0000] {processor.py:183} INFO - Processing /opt/airflow/dags/dag_with_python_dependencies.py took 0.106 seconds
[2024-06-10T14:12:49.545+0000] {processor.py:161} INFO - Started process (PID=796) to work on /opt/airflow/dags/dag_with_python_dependencies.py
[2024-06-10T14:12:49.547+0000] {processor.py:830} INFO - Processing file /opt/airflow/dags/dag_with_python_dependencies.py for tasks to queue
[2024-06-10T14:12:49.549+0000] {logging_mixin.py:188} INFO - [2024-06-10T14:12:49.549+0000] {dagbag.py:545} INFO - Filling up the DagBag from /opt/airflow/dags/dag_with_python_dependencies.py
[2024-06-10T14:12:49.576+0000] {processor.py:840} INFO - DAG(s) 'dag_with_python_dependencies_v03' retrieved from /opt/airflow/dags/dag_with_python_dependencies.py
[2024-06-10T14:12:49.715+0000] {logging_mixin.py:188} INFO - [2024-06-10T14:12:49.715+0000] {dag.py:3096} INFO - Sync 1 DAGs
[2024-06-10T14:12:49.733+0000] {logging_mixin.py:188} INFO - [2024-06-10T14:12:49.733+0000] {dag.py:3954} INFO - Setting next_dagrun for dag_with_python_dependencies_v03 to 2021-10-12 00:00:00+00:00, run_after=2021-10-13 00:00:00+00:00
[2024-06-10T14:12:49.752+0000] {processor.py:183} INFO - Processing /opt/airflow/dags/dag_with_python_dependencies.py took 0.211 seconds
[2024-06-10T14:13:19.893+0000] {processor.py:161} INFO - Started process (PID=865) to work on /opt/airflow/dags/dag_with_python_dependencies.py
[2024-06-10T14:13:19.895+0000] {processor.py:830} INFO - Processing file /opt/airflow/dags/dag_with_python_dependencies.py for tasks to queue
[2024-06-10T14:13:19.899+0000] {logging_mixin.py:188} INFO - [2024-06-10T14:13:19.898+0000] {dagbag.py:545} INFO - Filling up the DagBag from /opt/airflow/dags/dag_with_python_dependencies.py
[2024-06-10T14:13:19.924+0000] {processor.py:840} INFO - DAG(s) 'dag_with_python_dependencies_v03' retrieved from /opt/airflow/dags/dag_with_python_dependencies.py
[2024-06-10T14:13:19.946+0000] {logging_mixin.py:188} INFO - [2024-06-10T14:13:19.946+0000] {dag.py:3096} INFO - Sync 1 DAGs
[2024-06-10T14:13:19.976+0000] {logging_mixin.py:188} INFO - [2024-06-10T14:13:19.976+0000] {dag.py:3954} INFO - Setting next_dagrun for dag_with_python_dependencies_v03 to 2021-10-12 00:00:00+00:00, run_after=2021-10-13 00:00:00+00:00
[2024-06-10T14:13:20.002+0000] {processor.py:183} INFO - Processing /opt/airflow/dags/dag_with_python_dependencies.py took 0.117 seconds
[2024-06-10T14:13:50.843+0000] {processor.py:161} INFO - Started process (PID=934) to work on /opt/airflow/dags/dag_with_python_dependencies.py
[2024-06-10T14:13:50.844+0000] {processor.py:830} INFO - Processing file /opt/airflow/dags/dag_with_python_dependencies.py for tasks to queue
[2024-06-10T14:13:50.850+0000] {logging_mixin.py:188} INFO - [2024-06-10T14:13:50.850+0000] {dagbag.py:545} INFO - Filling up the DagBag from /opt/airflow/dags/dag_with_python_dependencies.py
[2024-06-10T14:13:50.871+0000] {processor.py:840} INFO - DAG(s) 'dag_with_python_dependencies_v03' retrieved from /opt/airflow/dags/dag_with_python_dependencies.py
[2024-06-10T14:13:50.890+0000] {logging_mixin.py:188} INFO - [2024-06-10T14:13:50.890+0000] {dag.py:3096} INFO - Sync 1 DAGs
[2024-06-10T14:13:50.936+0000] {logging_mixin.py:188} INFO - [2024-06-10T14:13:50.936+0000] {dag.py:3954} INFO - Setting next_dagrun for dag_with_python_dependencies_v03 to 2021-10-12 00:00:00+00:00, run_after=2021-10-13 00:00:00+00:00
[2024-06-10T14:13:50.958+0000] {processor.py:183} INFO - Processing /opt/airflow/dags/dag_with_python_dependencies.py took 0.120 seconds
[2024-06-10T14:14:21.695+0000] {processor.py:161} INFO - Started process (PID=1003) to work on /opt/airflow/dags/dag_with_python_dependencies.py
[2024-06-10T14:14:21.697+0000] {processor.py:830} INFO - Processing file /opt/airflow/dags/dag_with_python_dependencies.py for tasks to queue
[2024-06-10T14:14:21.699+0000] {logging_mixin.py:188} INFO - [2024-06-10T14:14:21.699+0000] {dagbag.py:545} INFO - Filling up the DagBag from /opt/airflow/dags/dag_with_python_dependencies.py
[2024-06-10T14:14:21.718+0000] {processor.py:840} INFO - DAG(s) 'dag_with_python_dependencies_v03' retrieved from /opt/airflow/dags/dag_with_python_dependencies.py
[2024-06-10T14:14:21.737+0000] {logging_mixin.py:188} INFO - [2024-06-10T14:14:21.737+0000] {dag.py:3096} INFO - Sync 1 DAGs
[2024-06-10T14:14:21.759+0000] {logging_mixin.py:188} INFO - [2024-06-10T14:14:21.759+0000] {dag.py:3954} INFO - Setting next_dagrun for dag_with_python_dependencies_v03 to 2021-10-12 00:00:00+00:00, run_after=2021-10-13 00:00:00+00:00
[2024-06-10T14:14:21.778+0000] {processor.py:183} INFO - Processing /opt/airflow/dags/dag_with_python_dependencies.py took 0.088 seconds
[2024-06-10T14:14:51.918+0000] {processor.py:161} INFO - Started process (PID=1072) to work on /opt/airflow/dags/dag_with_python_dependencies.py
[2024-06-10T14:14:51.919+0000] {processor.py:830} INFO - Processing file /opt/airflow/dags/dag_with_python_dependencies.py for tasks to queue
[2024-06-10T14:14:51.922+0000] {logging_mixin.py:188} INFO - [2024-06-10T14:14:51.921+0000] {dagbag.py:545} INFO - Filling up the DagBag from /opt/airflow/dags/dag_with_python_dependencies.py
[2024-06-10T14:14:51.941+0000] {processor.py:840} INFO - DAG(s) 'dag_with_python_dependencies_v03' retrieved from /opt/airflow/dags/dag_with_python_dependencies.py
[2024-06-10T14:14:51.963+0000] {logging_mixin.py:188} INFO - [2024-06-10T14:14:51.963+0000] {dag.py:3096} INFO - Sync 1 DAGs
[2024-06-10T14:14:51.990+0000] {logging_mixin.py:188} INFO - [2024-06-10T14:14:51.990+0000] {dag.py:3954} INFO - Setting next_dagrun for dag_with_python_dependencies_v03 to 2021-10-12 00:00:00+00:00, run_after=2021-10-13 00:00:00+00:00
[2024-06-10T14:14:52.013+0000] {processor.py:183} INFO - Processing /opt/airflow/dags/dag_with_python_dependencies.py took 0.101 seconds
[2024-06-10T14:15:23.475+0000] {processor.py:161} INFO - Started process (PID=1141) to work on /opt/airflow/dags/dag_with_python_dependencies.py
[2024-06-10T14:15:23.477+0000] {processor.py:830} INFO - Processing file /opt/airflow/dags/dag_with_python_dependencies.py for tasks to queue
[2024-06-10T14:15:23.478+0000] {logging_mixin.py:188} INFO - [2024-06-10T14:15:23.478+0000] {dagbag.py:545} INFO - Filling up the DagBag from /opt/airflow/dags/dag_with_python_dependencies.py
[2024-06-10T14:15:23.499+0000] {processor.py:840} INFO - DAG(s) 'dag_with_python_dependencies_v03' retrieved from /opt/airflow/dags/dag_with_python_dependencies.py
[2024-06-10T14:15:23.522+0000] {logging_mixin.py:188} INFO - [2024-06-10T14:15:23.521+0000] {dag.py:3096} INFO - Sync 1 DAGs
[2024-06-10T14:15:23.552+0000] {logging_mixin.py:188} INFO - [2024-06-10T14:15:23.551+0000] {dag.py:3954} INFO - Setting next_dagrun for dag_with_python_dependencies_v03 to 2021-10-12 00:00:00+00:00, run_after=2021-10-13 00:00:00+00:00
[2024-06-10T14:15:23.577+0000] {processor.py:183} INFO - Processing /opt/airflow/dags/dag_with_python_dependencies.py took 0.111 seconds
