[2024-06-10T14:04:38.359+0000] {processor.py:161} INFO - Started process (PID=32) to work on /opt/airflow/dags/dag_with_cron_expression.py
[2024-06-10T14:04:38.360+0000] {processor.py:830} INFO - Processing file /opt/airflow/dags/dag_with_cron_expression.py for tasks to queue
[2024-06-10T14:04:38.364+0000] {logging_mixin.py:188} INFO - [2024-06-10T14:04:38.364+0000] {dagbag.py:545} INFO - Filling up the DagBag from /opt/airflow/dags/dag_with_cron_expression.py
[2024-06-10T14:04:38.399+0000] {processor.py:840} INFO - DAG(s) 'dag_with_cron_expression_v04' retrieved from /opt/airflow/dags/dag_with_cron_expression.py
[2024-06-10T14:04:38.550+0000] {logging_mixin.py:188} INFO - [2024-06-10T14:04:38.549+0000] {override.py:1829} INFO - Created Permission View: can read on DAG:dag_with_cron_expression_v04
[2024-06-10T14:04:38.567+0000] {logging_mixin.py:188} INFO - [2024-06-10T14:04:38.566+0000] {override.py:1829} INFO - Created Permission View: can delete on DAG:dag_with_cron_expression_v04
[2024-06-10T14:04:38.578+0000] {logging_mixin.py:188} INFO - [2024-06-10T14:04:38.578+0000] {override.py:1829} INFO - Created Permission View: can edit on DAG:dag_with_cron_expression_v04
[2024-06-10T14:04:38.579+0000] {logging_mixin.py:188} INFO - [2024-06-10T14:04:38.579+0000] {dag.py:3096} INFO - Sync 1 DAGs
[2024-06-10T14:04:38.596+0000] {logging_mixin.py:188} INFO - [2024-06-10T14:04:38.595+0000] {dag.py:3118} INFO - Creating ORM DAG for dag_with_cron_expression_v04
[2024-06-10T14:04:38.611+0000] {logging_mixin.py:188} INFO - [2024-06-10T14:04:38.611+0000] {dag.py:3954} INFO - Setting next_dagrun for dag_with_cron_expression_v04 to 2021-11-02 03:00:00+00:00, run_after=2021-11-03 03:00:00+00:00
[2024-06-10T14:04:38.635+0000] {processor.py:183} INFO - Processing /opt/airflow/dags/dag_with_cron_expression.py took 0.284 seconds
[2024-06-10T14:05:08.772+0000] {processor.py:161} INFO - Started process (PID=102) to work on /opt/airflow/dags/dag_with_cron_expression.py
[2024-06-10T14:05:08.774+0000] {processor.py:830} INFO - Processing file /opt/airflow/dags/dag_with_cron_expression.py for tasks to queue
[2024-06-10T14:05:08.776+0000] {logging_mixin.py:188} INFO - [2024-06-10T14:05:08.776+0000] {dagbag.py:545} INFO - Filling up the DagBag from /opt/airflow/dags/dag_with_cron_expression.py
[2024-06-10T14:05:08.806+0000] {processor.py:840} INFO - DAG(s) 'dag_with_cron_expression_v04' retrieved from /opt/airflow/dags/dag_with_cron_expression.py
[2024-06-10T14:05:08.825+0000] {logging_mixin.py:188} INFO - [2024-06-10T14:05:08.825+0000] {dag.py:3096} INFO - Sync 1 DAGs
[2024-06-10T14:05:08.847+0000] {logging_mixin.py:188} INFO - [2024-06-10T14:05:08.846+0000] {dag.py:3954} INFO - Setting next_dagrun for dag_with_cron_expression_v04 to 2021-11-02 03:00:00+00:00, run_after=2021-11-03 03:00:00+00:00
[2024-06-10T14:05:08.874+0000] {processor.py:183} INFO - Processing /opt/airflow/dags/dag_with_cron_expression.py took 0.110 seconds
[2024-06-10T14:05:39.279+0000] {processor.py:161} INFO - Started process (PID=171) to work on /opt/airflow/dags/dag_with_cron_expression.py
[2024-06-10T14:05:39.281+0000] {processor.py:830} INFO - Processing file /opt/airflow/dags/dag_with_cron_expression.py for tasks to queue
[2024-06-10T14:05:39.283+0000] {logging_mixin.py:188} INFO - [2024-06-10T14:05:39.283+0000] {dagbag.py:545} INFO - Filling up the DagBag from /opt/airflow/dags/dag_with_cron_expression.py
[2024-06-10T14:05:39.315+0000] {processor.py:840} INFO - DAG(s) 'dag_with_cron_expression_v04' retrieved from /opt/airflow/dags/dag_with_cron_expression.py
[2024-06-10T14:05:39.336+0000] {logging_mixin.py:188} INFO - [2024-06-10T14:05:39.336+0000] {dag.py:3096} INFO - Sync 1 DAGs
[2024-06-10T14:05:39.357+0000] {logging_mixin.py:188} INFO - [2024-06-10T14:05:39.357+0000] {dag.py:3954} INFO - Setting next_dagrun for dag_with_cron_expression_v04 to 2021-11-02 03:00:00+00:00, run_after=2021-11-03 03:00:00+00:00
[2024-06-10T14:05:39.381+0000] {processor.py:183} INFO - Processing /opt/airflow/dags/dag_with_cron_expression.py took 0.109 seconds
[2024-06-10T14:06:09.818+0000] {processor.py:161} INFO - Started process (PID=240) to work on /opt/airflow/dags/dag_with_cron_expression.py
[2024-06-10T14:06:09.820+0000] {processor.py:830} INFO - Processing file /opt/airflow/dags/dag_with_cron_expression.py for tasks to queue
[2024-06-10T14:06:09.823+0000] {logging_mixin.py:188} INFO - [2024-06-10T14:06:09.822+0000] {dagbag.py:545} INFO - Filling up the DagBag from /opt/airflow/dags/dag_with_cron_expression.py
[2024-06-10T14:06:09.845+0000] {processor.py:840} INFO - DAG(s) 'dag_with_cron_expression_v04' retrieved from /opt/airflow/dags/dag_with_cron_expression.py
[2024-06-10T14:06:09.948+0000] {logging_mixin.py:188} INFO - [2024-06-10T14:06:09.948+0000] {dag.py:3096} INFO - Sync 1 DAGs
[2024-06-10T14:06:10.123+0000] {logging_mixin.py:188} INFO - [2024-06-10T14:06:10.123+0000] {dag.py:3954} INFO - Setting next_dagrun for dag_with_cron_expression_v04 to 2021-11-02 03:00:00+00:00, run_after=2021-11-03 03:00:00+00:00
[2024-06-10T14:06:10.143+0000] {processor.py:183} INFO - Processing /opt/airflow/dags/dag_with_cron_expression.py took 0.334 seconds
[2024-06-10T14:07:09.329+0000] {processor.py:161} INFO - Started process (PID=32) to work on /opt/airflow/dags/dag_with_cron_expression.py
[2024-06-10T14:07:09.330+0000] {processor.py:830} INFO - Processing file /opt/airflow/dags/dag_with_cron_expression.py for tasks to queue
[2024-06-10T14:07:09.333+0000] {logging_mixin.py:188} INFO - [2024-06-10T14:07:09.333+0000] {dagbag.py:545} INFO - Filling up the DagBag from /opt/airflow/dags/dag_with_cron_expression.py
[2024-06-10T14:07:09.363+0000] {processor.py:840} INFO - DAG(s) 'dag_with_cron_expression_v04' retrieved from /opt/airflow/dags/dag_with_cron_expression.py
[2024-06-10T14:07:09.389+0000] {logging_mixin.py:188} INFO - [2024-06-10T14:07:09.389+0000] {dag.py:3096} INFO - Sync 1 DAGs
[2024-06-10T14:07:09.421+0000] {logging_mixin.py:188} INFO - [2024-06-10T14:07:09.420+0000] {dag.py:3954} INFO - Setting next_dagrun for dag_with_cron_expression_v04 to 2021-11-02 03:00:00+00:00, run_after=2021-11-03 03:00:00+00:00
[2024-06-10T14:07:09.445+0000] {processor.py:183} INFO - Processing /opt/airflow/dags/dag_with_cron_expression.py took 0.122 seconds
[2024-06-10T14:07:42.436+0000] {processor.py:161} INFO - Started process (PID=102) to work on /opt/airflow/dags/dag_with_cron_expression.py
[2024-06-10T14:07:42.438+0000] {processor.py:830} INFO - Processing file /opt/airflow/dags/dag_with_cron_expression.py for tasks to queue
[2024-06-10T14:07:42.442+0000] {logging_mixin.py:188} INFO - [2024-06-10T14:07:42.442+0000] {dagbag.py:545} INFO - Filling up the DagBag from /opt/airflow/dags/dag_with_cron_expression.py
[2024-06-10T14:07:42.471+0000] {processor.py:840} INFO - DAG(s) 'dag_with_cron_expression_v04' retrieved from /opt/airflow/dags/dag_with_cron_expression.py
[2024-06-10T14:07:42.508+0000] {logging_mixin.py:188} INFO - [2024-06-10T14:07:42.508+0000] {dag.py:3096} INFO - Sync 1 DAGs
[2024-06-10T14:07:42.556+0000] {logging_mixin.py:188} INFO - [2024-06-10T14:07:42.555+0000] {dag.py:3954} INFO - Setting next_dagrun for dag_with_cron_expression_v04 to 2021-11-02 03:00:00+00:00, run_after=2021-11-03 03:00:00+00:00
[2024-06-10T14:07:42.600+0000] {processor.py:183} INFO - Processing /opt/airflow/dags/dag_with_cron_expression.py took 0.174 seconds
[2024-06-10T14:08:12.962+0000] {processor.py:161} INFO - Started process (PID=171) to work on /opt/airflow/dags/dag_with_cron_expression.py
[2024-06-10T14:08:12.965+0000] {processor.py:830} INFO - Processing file /opt/airflow/dags/dag_with_cron_expression.py for tasks to queue
[2024-06-10T14:08:12.967+0000] {logging_mixin.py:188} INFO - [2024-06-10T14:08:12.967+0000] {dagbag.py:545} INFO - Filling up the DagBag from /opt/airflow/dags/dag_with_cron_expression.py
[2024-06-10T14:08:12.994+0000] {processor.py:840} INFO - DAG(s) 'dag_with_cron_expression_v04' retrieved from /opt/airflow/dags/dag_with_cron_expression.py
[2024-06-10T14:08:13.018+0000] {logging_mixin.py:188} INFO - [2024-06-10T14:08:13.018+0000] {dag.py:3096} INFO - Sync 1 DAGs
[2024-06-10T14:08:13.046+0000] {logging_mixin.py:188} INFO - [2024-06-10T14:08:13.045+0000] {dag.py:3954} INFO - Setting next_dagrun for dag_with_cron_expression_v04 to 2021-11-02 03:00:00+00:00, run_after=2021-11-03 03:00:00+00:00
[2024-06-10T14:08:13.075+0000] {processor.py:183} INFO - Processing /opt/airflow/dags/dag_with_cron_expression.py took 0.121 seconds
[2024-06-10T14:08:43.575+0000] {processor.py:161} INFO - Started process (PID=240) to work on /opt/airflow/dags/dag_with_cron_expression.py
[2024-06-10T14:08:43.577+0000] {processor.py:830} INFO - Processing file /opt/airflow/dags/dag_with_cron_expression.py for tasks to queue
[2024-06-10T14:08:43.579+0000] {logging_mixin.py:188} INFO - [2024-06-10T14:08:43.578+0000] {dagbag.py:545} INFO - Filling up the DagBag from /opt/airflow/dags/dag_with_cron_expression.py
[2024-06-10T14:08:43.614+0000] {processor.py:840} INFO - DAG(s) 'dag_with_cron_expression_v04' retrieved from /opt/airflow/dags/dag_with_cron_expression.py
[2024-06-10T14:08:43.633+0000] {logging_mixin.py:188} INFO - [2024-06-10T14:08:43.633+0000] {dag.py:3096} INFO - Sync 1 DAGs
[2024-06-10T14:08:43.654+0000] {logging_mixin.py:188} INFO - [2024-06-10T14:08:43.654+0000] {dag.py:3954} INFO - Setting next_dagrun for dag_with_cron_expression_v04 to 2021-11-02 03:00:00+00:00, run_after=2021-11-03 03:00:00+00:00
[2024-06-10T14:08:43.681+0000] {processor.py:183} INFO - Processing /opt/airflow/dags/dag_with_cron_expression.py took 0.112 seconds
[2024-06-10T14:09:14.344+0000] {processor.py:161} INFO - Started process (PID=309) to work on /opt/airflow/dags/dag_with_cron_expression.py
[2024-06-10T14:09:14.345+0000] {processor.py:830} INFO - Processing file /opt/airflow/dags/dag_with_cron_expression.py for tasks to queue
[2024-06-10T14:09:14.348+0000] {logging_mixin.py:188} INFO - [2024-06-10T14:09:14.347+0000] {dagbag.py:545} INFO - Filling up the DagBag from /opt/airflow/dags/dag_with_cron_expression.py
[2024-06-10T14:09:14.372+0000] {processor.py:840} INFO - DAG(s) 'dag_with_cron_expression_v04' retrieved from /opt/airflow/dags/dag_with_cron_expression.py
[2024-06-10T14:09:14.393+0000] {logging_mixin.py:188} INFO - [2024-06-10T14:09:14.392+0000] {dag.py:3096} INFO - Sync 1 DAGs
[2024-06-10T14:09:14.417+0000] {logging_mixin.py:188} INFO - [2024-06-10T14:09:14.416+0000] {dag.py:3954} INFO - Setting next_dagrun for dag_with_cron_expression_v04 to 2021-11-02 03:00:00+00:00, run_after=2021-11-03 03:00:00+00:00
[2024-06-10T14:09:14.439+0000] {processor.py:183} INFO - Processing /opt/airflow/dags/dag_with_cron_expression.py took 0.100 seconds
[2024-06-10T14:09:44.819+0000] {processor.py:161} INFO - Started process (PID=378) to work on /opt/airflow/dags/dag_with_cron_expression.py
[2024-06-10T14:09:44.820+0000] {processor.py:830} INFO - Processing file /opt/airflow/dags/dag_with_cron_expression.py for tasks to queue
[2024-06-10T14:09:44.824+0000] {logging_mixin.py:188} INFO - [2024-06-10T14:09:44.823+0000] {dagbag.py:545} INFO - Filling up the DagBag from /opt/airflow/dags/dag_with_cron_expression.py
[2024-06-10T14:09:44.852+0000] {processor.py:840} INFO - DAG(s) 'dag_with_cron_expression_v04' retrieved from /opt/airflow/dags/dag_with_cron_expression.py
[2024-06-10T14:09:44.876+0000] {logging_mixin.py:188} INFO - [2024-06-10T14:09:44.875+0000] {dag.py:3096} INFO - Sync 1 DAGs
[2024-06-10T14:09:44.909+0000] {logging_mixin.py:188} INFO - [2024-06-10T14:09:44.909+0000] {dag.py:3954} INFO - Setting next_dagrun for dag_with_cron_expression_v04 to 2021-11-02 03:00:00+00:00, run_after=2021-11-03 03:00:00+00:00
[2024-06-10T14:09:45.083+0000] {processor.py:183} INFO - Processing /opt/airflow/dags/dag_with_cron_expression.py took 0.271 seconds
[2024-06-10T14:10:15.417+0000] {processor.py:161} INFO - Started process (PID=447) to work on /opt/airflow/dags/dag_with_cron_expression.py
[2024-06-10T14:10:15.419+0000] {processor.py:830} INFO - Processing file /opt/airflow/dags/dag_with_cron_expression.py for tasks to queue
[2024-06-10T14:10:15.422+0000] {logging_mixin.py:188} INFO - [2024-06-10T14:10:15.422+0000] {dagbag.py:545} INFO - Filling up the DagBag from /opt/airflow/dags/dag_with_cron_expression.py
[2024-06-10T14:10:15.440+0000] {processor.py:840} INFO - DAG(s) 'dag_with_cron_expression_v04' retrieved from /opt/airflow/dags/dag_with_cron_expression.py
[2024-06-10T14:10:15.466+0000] {logging_mixin.py:188} INFO - [2024-06-10T14:10:15.465+0000] {dag.py:3096} INFO - Sync 1 DAGs
[2024-06-10T14:10:15.504+0000] {logging_mixin.py:188} INFO - [2024-06-10T14:10:15.504+0000] {dag.py:3954} INFO - Setting next_dagrun for dag_with_cron_expression_v04 to 2021-11-02 03:00:00+00:00, run_after=2021-11-03 03:00:00+00:00
[2024-06-10T14:10:15.532+0000] {processor.py:183} INFO - Processing /opt/airflow/dags/dag_with_cron_expression.py took 0.122 seconds
[2024-06-10T14:10:46.061+0000] {processor.py:161} INFO - Started process (PID=516) to work on /opt/airflow/dags/dag_with_cron_expression.py
[2024-06-10T14:10:46.063+0000] {processor.py:830} INFO - Processing file /opt/airflow/dags/dag_with_cron_expression.py for tasks to queue
[2024-06-10T14:10:46.065+0000] {logging_mixin.py:188} INFO - [2024-06-10T14:10:46.065+0000] {dagbag.py:545} INFO - Filling up the DagBag from /opt/airflow/dags/dag_with_cron_expression.py
[2024-06-10T14:10:46.086+0000] {processor.py:840} INFO - DAG(s) 'dag_with_cron_expression_v04' retrieved from /opt/airflow/dags/dag_with_cron_expression.py
[2024-06-10T14:10:46.106+0000] {logging_mixin.py:188} INFO - [2024-06-10T14:10:46.106+0000] {dag.py:3096} INFO - Sync 1 DAGs
[2024-06-10T14:10:46.131+0000] {logging_mixin.py:188} INFO - [2024-06-10T14:10:46.131+0000] {dag.py:3954} INFO - Setting next_dagrun for dag_with_cron_expression_v04 to 2021-11-02 03:00:00+00:00, run_after=2021-11-03 03:00:00+00:00
[2024-06-10T14:10:46.157+0000] {processor.py:183} INFO - Processing /opt/airflow/dags/dag_with_cron_expression.py took 0.101 seconds
[2024-06-10T14:11:16.607+0000] {processor.py:161} INFO - Started process (PID=585) to work on /opt/airflow/dags/dag_with_cron_expression.py
[2024-06-10T14:11:16.609+0000] {processor.py:830} INFO - Processing file /opt/airflow/dags/dag_with_cron_expression.py for tasks to queue
[2024-06-10T14:11:16.611+0000] {logging_mixin.py:188} INFO - [2024-06-10T14:11:16.611+0000] {dagbag.py:545} INFO - Filling up the DagBag from /opt/airflow/dags/dag_with_cron_expression.py
[2024-06-10T14:11:16.637+0000] {processor.py:840} INFO - DAG(s) 'dag_with_cron_expression_v04' retrieved from /opt/airflow/dags/dag_with_cron_expression.py
[2024-06-10T14:11:16.660+0000] {logging_mixin.py:188} INFO - [2024-06-10T14:11:16.659+0000] {dag.py:3096} INFO - Sync 1 DAGs
[2024-06-10T14:11:16.684+0000] {logging_mixin.py:188} INFO - [2024-06-10T14:11:16.684+0000] {dag.py:3954} INFO - Setting next_dagrun for dag_with_cron_expression_v04 to 2021-11-02 03:00:00+00:00, run_after=2021-11-03 03:00:00+00:00
[2024-06-10T14:11:16.709+0000] {processor.py:183} INFO - Processing /opt/airflow/dags/dag_with_cron_expression.py took 0.108 seconds
[2024-06-10T14:11:47.130+0000] {processor.py:161} INFO - Started process (PID=654) to work on /opt/airflow/dags/dag_with_cron_expression.py
[2024-06-10T14:11:47.132+0000] {processor.py:830} INFO - Processing file /opt/airflow/dags/dag_with_cron_expression.py for tasks to queue
[2024-06-10T14:11:47.135+0000] {logging_mixin.py:188} INFO - [2024-06-10T14:11:47.134+0000] {dagbag.py:545} INFO - Filling up the DagBag from /opt/airflow/dags/dag_with_cron_expression.py
[2024-06-10T14:11:47.154+0000] {processor.py:840} INFO - DAG(s) 'dag_with_cron_expression_v04' retrieved from /opt/airflow/dags/dag_with_cron_expression.py
[2024-06-10T14:11:47.173+0000] {logging_mixin.py:188} INFO - [2024-06-10T14:11:47.172+0000] {dag.py:3096} INFO - Sync 1 DAGs
[2024-06-10T14:11:47.196+0000] {logging_mixin.py:188} INFO - [2024-06-10T14:11:47.196+0000] {dag.py:3954} INFO - Setting next_dagrun for dag_with_cron_expression_v04 to 2021-11-02 03:00:00+00:00, run_after=2021-11-03 03:00:00+00:00
[2024-06-10T14:11:47.221+0000] {processor.py:183} INFO - Processing /opt/airflow/dags/dag_with_cron_expression.py took 0.096 seconds
[2024-06-10T14:12:18.193+0000] {processor.py:161} INFO - Started process (PID=723) to work on /opt/airflow/dags/dag_with_cron_expression.py
[2024-06-10T14:12:18.195+0000] {processor.py:830} INFO - Processing file /opt/airflow/dags/dag_with_cron_expression.py for tasks to queue
[2024-06-10T14:12:18.198+0000] {logging_mixin.py:188} INFO - [2024-06-10T14:12:18.197+0000] {dagbag.py:545} INFO - Filling up the DagBag from /opt/airflow/dags/dag_with_cron_expression.py
[2024-06-10T14:12:18.222+0000] {processor.py:840} INFO - DAG(s) 'dag_with_cron_expression_v04' retrieved from /opt/airflow/dags/dag_with_cron_expression.py
[2024-06-10T14:12:18.371+0000] {logging_mixin.py:188} INFO - [2024-06-10T14:12:18.370+0000] {dag.py:3096} INFO - Sync 1 DAGs
[2024-06-10T14:12:18.388+0000] {logging_mixin.py:188} INFO - [2024-06-10T14:12:18.388+0000] {dag.py:3954} INFO - Setting next_dagrun for dag_with_cron_expression_v04 to 2021-11-02 03:00:00+00:00, run_after=2021-11-03 03:00:00+00:00
[2024-06-10T14:12:18.407+0000] {processor.py:183} INFO - Processing /opt/airflow/dags/dag_with_cron_expression.py took 0.220 seconds
[2024-06-10T14:12:48.914+0000] {processor.py:161} INFO - Started process (PID=792) to work on /opt/airflow/dags/dag_with_cron_expression.py
[2024-06-10T14:12:48.915+0000] {processor.py:830} INFO - Processing file /opt/airflow/dags/dag_with_cron_expression.py for tasks to queue
[2024-06-10T14:12:48.917+0000] {logging_mixin.py:188} INFO - [2024-06-10T14:12:48.917+0000] {dagbag.py:545} INFO - Filling up the DagBag from /opt/airflow/dags/dag_with_cron_expression.py
[2024-06-10T14:12:48.945+0000] {processor.py:840} INFO - DAG(s) 'dag_with_cron_expression_v04' retrieved from /opt/airflow/dags/dag_with_cron_expression.py
[2024-06-10T14:12:48.963+0000] {logging_mixin.py:188} INFO - [2024-06-10T14:12:48.963+0000] {dag.py:3096} INFO - Sync 1 DAGs
[2024-06-10T14:12:49.111+0000] {logging_mixin.py:188} INFO - [2024-06-10T14:12:49.111+0000] {dag.py:3954} INFO - Setting next_dagrun for dag_with_cron_expression_v04 to 2021-11-02 03:00:00+00:00, run_after=2021-11-03 03:00:00+00:00
[2024-06-10T14:12:49.137+0000] {processor.py:183} INFO - Processing /opt/airflow/dags/dag_with_cron_expression.py took 0.227 seconds
[2024-06-10T14:13:19.296+0000] {processor.py:161} INFO - Started process (PID=861) to work on /opt/airflow/dags/dag_with_cron_expression.py
[2024-06-10T14:13:19.297+0000] {processor.py:830} INFO - Processing file /opt/airflow/dags/dag_with_cron_expression.py for tasks to queue
[2024-06-10T14:13:19.300+0000] {logging_mixin.py:188} INFO - [2024-06-10T14:13:19.299+0000] {dagbag.py:545} INFO - Filling up the DagBag from /opt/airflow/dags/dag_with_cron_expression.py
[2024-06-10T14:13:19.324+0000] {processor.py:840} INFO - DAG(s) 'dag_with_cron_expression_v04' retrieved from /opt/airflow/dags/dag_with_cron_expression.py
[2024-06-10T14:13:19.341+0000] {logging_mixin.py:188} INFO - [2024-06-10T14:13:19.341+0000] {dag.py:3096} INFO - Sync 1 DAGs
[2024-06-10T14:13:19.363+0000] {logging_mixin.py:188} INFO - [2024-06-10T14:13:19.362+0000] {dag.py:3954} INFO - Setting next_dagrun for dag_with_cron_expression_v04 to 2021-11-02 03:00:00+00:00, run_after=2021-11-03 03:00:00+00:00
[2024-06-10T14:13:19.384+0000] {processor.py:183} INFO - Processing /opt/airflow/dags/dag_with_cron_expression.py took 0.095 seconds
[2024-06-10T14:13:49.870+0000] {processor.py:161} INFO - Started process (PID=930) to work on /opt/airflow/dags/dag_with_cron_expression.py
[2024-06-10T14:13:49.871+0000] {processor.py:830} INFO - Processing file /opt/airflow/dags/dag_with_cron_expression.py for tasks to queue
[2024-06-10T14:13:49.874+0000] {logging_mixin.py:188} INFO - [2024-06-10T14:13:49.873+0000] {dagbag.py:545} INFO - Filling up the DagBag from /opt/airflow/dags/dag_with_cron_expression.py
[2024-06-10T14:13:49.903+0000] {processor.py:840} INFO - DAG(s) 'dag_with_cron_expression_v04' retrieved from /opt/airflow/dags/dag_with_cron_expression.py
[2024-06-10T14:13:49.923+0000] {logging_mixin.py:188} INFO - [2024-06-10T14:13:49.923+0000] {dag.py:3096} INFO - Sync 1 DAGs
[2024-06-10T14:13:49.953+0000] {logging_mixin.py:188} INFO - [2024-06-10T14:13:49.953+0000] {dag.py:3954} INFO - Setting next_dagrun for dag_with_cron_expression_v04 to 2021-11-02 03:00:00+00:00, run_after=2021-11-03 03:00:00+00:00
[2024-06-10T14:13:49.981+0000] {processor.py:183} INFO - Processing /opt/airflow/dags/dag_with_cron_expression.py took 0.116 seconds
[2024-06-10T14:14:20.518+0000] {processor.py:161} INFO - Started process (PID=999) to work on /opt/airflow/dags/dag_with_cron_expression.py
[2024-06-10T14:14:20.519+0000] {processor.py:830} INFO - Processing file /opt/airflow/dags/dag_with_cron_expression.py for tasks to queue
[2024-06-10T14:14:20.521+0000] {logging_mixin.py:188} INFO - [2024-06-10T14:14:20.521+0000] {dagbag.py:545} INFO - Filling up the DagBag from /opt/airflow/dags/dag_with_cron_expression.py
[2024-06-10T14:14:20.549+0000] {processor.py:840} INFO - DAG(s) 'dag_with_cron_expression_v04' retrieved from /opt/airflow/dags/dag_with_cron_expression.py
[2024-06-10T14:14:20.568+0000] {logging_mixin.py:188} INFO - [2024-06-10T14:14:20.567+0000] {dag.py:3096} INFO - Sync 1 DAGs
[2024-06-10T14:14:20.587+0000] {logging_mixin.py:188} INFO - [2024-06-10T14:14:20.586+0000] {dag.py:3954} INFO - Setting next_dagrun for dag_with_cron_expression_v04 to 2021-11-02 03:00:00+00:00, run_after=2021-11-03 03:00:00+00:00
[2024-06-10T14:14:20.608+0000] {processor.py:183} INFO - Processing /opt/airflow/dags/dag_with_cron_expression.py took 0.095 seconds
[2024-06-10T14:14:50.732+0000] {processor.py:161} INFO - Started process (PID=1068) to work on /opt/airflow/dags/dag_with_cron_expression.py
[2024-06-10T14:14:50.734+0000] {processor.py:830} INFO - Processing file /opt/airflow/dags/dag_with_cron_expression.py for tasks to queue
[2024-06-10T14:14:50.737+0000] {logging_mixin.py:188} INFO - [2024-06-10T14:14:50.736+0000] {dagbag.py:545} INFO - Filling up the DagBag from /opt/airflow/dags/dag_with_cron_expression.py
[2024-06-10T14:14:50.768+0000] {processor.py:840} INFO - DAG(s) 'dag_with_cron_expression_v04' retrieved from /opt/airflow/dags/dag_with_cron_expression.py
[2024-06-10T14:14:50.792+0000] {logging_mixin.py:188} INFO - [2024-06-10T14:14:50.792+0000] {dag.py:3096} INFO - Sync 1 DAGs
[2024-06-10T14:14:50.825+0000] {logging_mixin.py:188} INFO - [2024-06-10T14:14:50.825+0000] {dag.py:3954} INFO - Setting next_dagrun for dag_with_cron_expression_v04 to 2021-11-02 03:00:00+00:00, run_after=2021-11-03 03:00:00+00:00
[2024-06-10T14:14:50.853+0000] {processor.py:183} INFO - Processing /opt/airflow/dags/dag_with_cron_expression.py took 0.128 seconds
[2024-06-10T14:15:20.932+0000] {processor.py:161} INFO - Started process (PID=1137) to work on /opt/airflow/dags/dag_with_cron_expression.py
[2024-06-10T14:15:20.934+0000] {processor.py:830} INFO - Processing file /opt/airflow/dags/dag_with_cron_expression.py for tasks to queue
[2024-06-10T14:15:20.935+0000] {logging_mixin.py:188} INFO - [2024-06-10T14:15:20.935+0000] {dagbag.py:545} INFO - Filling up the DagBag from /opt/airflow/dags/dag_with_cron_expression.py
[2024-06-10T14:15:20.957+0000] {processor.py:840} INFO - DAG(s) 'dag_with_cron_expression_v04' retrieved from /opt/airflow/dags/dag_with_cron_expression.py
[2024-06-10T14:15:20.978+0000] {logging_mixin.py:188} INFO - [2024-06-10T14:15:20.977+0000] {dag.py:3096} INFO - Sync 1 DAGs
[2024-06-10T14:15:21.003+0000] {logging_mixin.py:188} INFO - [2024-06-10T14:15:21.003+0000] {dag.py:3954} INFO - Setting next_dagrun for dag_with_cron_expression_v04 to 2021-11-02 03:00:00+00:00, run_after=2021-11-03 03:00:00+00:00
[2024-06-10T14:15:21.027+0000] {processor.py:183} INFO - Processing /opt/airflow/dags/dag_with_cron_expression.py took 0.102 seconds
