[2024-06-10T14:04:40.769+0000] {processor.py:161} INFO - Started process (PID=44) to work on /opt/airflow/dags/dag_with_taskflow_api.py
[2024-06-10T14:04:40.771+0000] {processor.py:830} INFO - Processing file /opt/airflow/dags/dag_with_taskflow_api.py for tasks to queue
[2024-06-10T14:04:40.774+0000] {logging_mixin.py:188} INFO - [2024-06-10T14:04:40.773+0000] {dagbag.py:545} INFO - Filling up the DagBag from /opt/airflow/dags/dag_with_taskflow_api.py
[2024-06-10T14:04:40.812+0000] {processor.py:840} INFO - DAG(s) 'dag_with_taskflow_api_v02' retrieved from /opt/airflow/dags/dag_with_taskflow_api.py
[2024-06-10T14:04:40.981+0000] {logging_mixin.py:188} INFO - [2024-06-10T14:04:40.981+0000] {override.py:1829} INFO - Created Permission View: can read on DAG:dag_with_taskflow_api_v02
[2024-06-10T14:04:40.996+0000] {logging_mixin.py:188} INFO - [2024-06-10T14:04:40.996+0000] {override.py:1829} INFO - Created Permission View: can delete on DAG:dag_with_taskflow_api_v02
[2024-06-10T14:04:41.006+0000] {logging_mixin.py:188} INFO - [2024-06-10T14:04:41.006+0000] {override.py:1829} INFO - Created Permission View: can edit on DAG:dag_with_taskflow_api_v02
[2024-06-10T14:04:41.007+0000] {logging_mixin.py:188} INFO - [2024-06-10T14:04:41.007+0000] {dag.py:3096} INFO - Sync 1 DAGs
[2024-06-10T14:04:41.030+0000] {logging_mixin.py:188} INFO - [2024-06-10T14:04:41.030+0000] {dag.py:3118} INFO - Creating ORM DAG for dag_with_taskflow_api_v02
[2024-06-10T14:04:41.050+0000] {logging_mixin.py:188} INFO - [2024-06-10T14:04:41.049+0000] {dag.py:3954} INFO - Setting next_dagrun for dag_with_taskflow_api_v02 to 2021-10-26 00:00:00+00:00, run_after=2021-10-27 00:00:00+00:00
[2024-06-10T14:04:41.080+0000] {processor.py:183} INFO - Processing /opt/airflow/dags/dag_with_taskflow_api.py took 0.325 seconds
[2024-06-10T14:05:12.007+0000] {processor.py:161} INFO - Started process (PID=113) to work on /opt/airflow/dags/dag_with_taskflow_api.py
[2024-06-10T14:05:12.009+0000] {processor.py:830} INFO - Processing file /opt/airflow/dags/dag_with_taskflow_api.py for tasks to queue
[2024-06-10T14:05:12.012+0000] {logging_mixin.py:188} INFO - [2024-06-10T14:05:12.011+0000] {dagbag.py:545} INFO - Filling up the DagBag from /opt/airflow/dags/dag_with_taskflow_api.py
[2024-06-10T14:05:12.046+0000] {processor.py:840} INFO - DAG(s) 'dag_with_taskflow_api_v02' retrieved from /opt/airflow/dags/dag_with_taskflow_api.py
[2024-06-10T14:05:12.067+0000] {logging_mixin.py:188} INFO - [2024-06-10T14:05:12.066+0000] {dag.py:3096} INFO - Sync 1 DAGs
[2024-06-10T14:05:12.091+0000] {logging_mixin.py:188} INFO - [2024-06-10T14:05:12.090+0000] {dag.py:3954} INFO - Setting next_dagrun for dag_with_taskflow_api_v02 to 2021-10-26 00:00:00+00:00, run_after=2021-10-27 00:00:00+00:00
[2024-06-10T14:05:12.113+0000] {processor.py:183} INFO - Processing /opt/airflow/dags/dag_with_taskflow_api.py took 0.112 seconds
[2024-06-10T14:05:42.494+0000] {processor.py:161} INFO - Started process (PID=182) to work on /opt/airflow/dags/dag_with_taskflow_api.py
[2024-06-10T14:05:42.496+0000] {processor.py:830} INFO - Processing file /opt/airflow/dags/dag_with_taskflow_api.py for tasks to queue
[2024-06-10T14:05:42.499+0000] {logging_mixin.py:188} INFO - [2024-06-10T14:05:42.498+0000] {dagbag.py:545} INFO - Filling up the DagBag from /opt/airflow/dags/dag_with_taskflow_api.py
[2024-06-10T14:05:42.531+0000] {processor.py:840} INFO - DAG(s) 'dag_with_taskflow_api_v02' retrieved from /opt/airflow/dags/dag_with_taskflow_api.py
[2024-06-10T14:05:42.551+0000] {logging_mixin.py:188} INFO - [2024-06-10T14:05:42.551+0000] {dag.py:3096} INFO - Sync 1 DAGs
[2024-06-10T14:05:42.574+0000] {logging_mixin.py:188} INFO - [2024-06-10T14:05:42.574+0000] {dag.py:3954} INFO - Setting next_dagrun for dag_with_taskflow_api_v02 to 2021-10-26 00:00:00+00:00, run_after=2021-10-27 00:00:00+00:00
[2024-06-10T14:05:42.600+0000] {processor.py:183} INFO - Processing /opt/airflow/dags/dag_with_taskflow_api.py took 0.111 seconds
[2024-06-10T14:06:13.085+0000] {processor.py:161} INFO - Started process (PID=251) to work on /opt/airflow/dags/dag_with_taskflow_api.py
[2024-06-10T14:06:13.086+0000] {processor.py:830} INFO - Processing file /opt/airflow/dags/dag_with_taskflow_api.py for tasks to queue
[2024-06-10T14:06:13.090+0000] {logging_mixin.py:188} INFO - [2024-06-10T14:06:13.089+0000] {dagbag.py:545} INFO - Filling up the DagBag from /opt/airflow/dags/dag_with_taskflow_api.py
[2024-06-10T14:06:13.118+0000] {processor.py:840} INFO - DAG(s) 'dag_with_taskflow_api_v02' retrieved from /opt/airflow/dags/dag_with_taskflow_api.py
[2024-06-10T14:06:13.227+0000] {logging_mixin.py:188} INFO - [2024-06-10T14:06:13.227+0000] {dag.py:3096} INFO - Sync 1 DAGs
[2024-06-10T14:06:13.494+0000] {logging_mixin.py:188} INFO - [2024-06-10T14:06:13.493+0000] {dag.py:3954} INFO - Setting next_dagrun for dag_with_taskflow_api_v02 to 2021-10-26 00:00:00+00:00, run_after=2021-10-27 00:00:00+00:00
[2024-06-10T14:06:13.515+0000] {processor.py:183} INFO - Processing /opt/airflow/dags/dag_with_taskflow_api.py took 0.439 seconds
[2024-06-10T14:07:10.790+0000] {processor.py:161} INFO - Started process (PID=37) to work on /opt/airflow/dags/dag_with_taskflow_api.py
[2024-06-10T14:07:10.813+0000] {processor.py:830} INFO - Processing file /opt/airflow/dags/dag_with_taskflow_api.py for tasks to queue
[2024-06-10T14:07:10.815+0000] {logging_mixin.py:188} INFO - [2024-06-10T14:07:10.815+0000] {dagbag.py:545} INFO - Filling up the DagBag from /opt/airflow/dags/dag_with_taskflow_api.py
[2024-06-10T14:07:10.837+0000] {processor.py:840} INFO - DAG(s) 'dag_with_taskflow_api_v02' retrieved from /opt/airflow/dags/dag_with_taskflow_api.py
[2024-06-10T14:07:10.864+0000] {logging_mixin.py:188} INFO - [2024-06-10T14:07:10.863+0000] {dag.py:3096} INFO - Sync 1 DAGs
[2024-06-10T14:07:10.894+0000] {logging_mixin.py:188} INFO - [2024-06-10T14:07:10.893+0000] {dag.py:3954} INFO - Setting next_dagrun for dag_with_taskflow_api_v02 to 2021-10-26 00:00:00+00:00, run_after=2021-10-27 00:00:00+00:00
[2024-06-10T14:07:10.950+0000] {processor.py:183} INFO - Processing /opt/airflow/dags/dag_with_taskflow_api.py took 0.173 seconds
[2024-06-10T14:07:43.321+0000] {processor.py:161} INFO - Started process (PID=107) to work on /opt/airflow/dags/dag_with_taskflow_api.py
[2024-06-10T14:07:43.322+0000] {processor.py:830} INFO - Processing file /opt/airflow/dags/dag_with_taskflow_api.py for tasks to queue
[2024-06-10T14:07:43.324+0000] {logging_mixin.py:188} INFO - [2024-06-10T14:07:43.324+0000] {dagbag.py:545} INFO - Filling up the DagBag from /opt/airflow/dags/dag_with_taskflow_api.py
[2024-06-10T14:07:43.351+0000] {processor.py:840} INFO - DAG(s) 'dag_with_taskflow_api_v02' retrieved from /opt/airflow/dags/dag_with_taskflow_api.py
[2024-06-10T14:07:43.381+0000] {logging_mixin.py:188} INFO - [2024-06-10T14:07:43.381+0000] {dag.py:3096} INFO - Sync 1 DAGs
[2024-06-10T14:07:43.412+0000] {logging_mixin.py:188} INFO - [2024-06-10T14:07:43.411+0000] {dag.py:3954} INFO - Setting next_dagrun for dag_with_taskflow_api_v02 to 2021-10-26 00:00:00+00:00, run_after=2021-10-27 00:00:00+00:00
[2024-06-10T14:07:43.444+0000] {processor.py:183} INFO - Processing /opt/airflow/dags/dag_with_taskflow_api.py took 0.130 seconds
[2024-06-10T14:08:14.297+0000] {processor.py:161} INFO - Started process (PID=176) to work on /opt/airflow/dags/dag_with_taskflow_api.py
[2024-06-10T14:08:14.298+0000] {processor.py:830} INFO - Processing file /opt/airflow/dags/dag_with_taskflow_api.py for tasks to queue
[2024-06-10T14:08:14.300+0000] {logging_mixin.py:188} INFO - [2024-06-10T14:08:14.299+0000] {dagbag.py:545} INFO - Filling up the DagBag from /opt/airflow/dags/dag_with_taskflow_api.py
[2024-06-10T14:08:14.326+0000] {processor.py:840} INFO - DAG(s) 'dag_with_taskflow_api_v02' retrieved from /opt/airflow/dags/dag_with_taskflow_api.py
[2024-06-10T14:08:14.352+0000] {logging_mixin.py:188} INFO - [2024-06-10T14:08:14.352+0000] {dag.py:3096} INFO - Sync 1 DAGs
[2024-06-10T14:08:14.385+0000] {logging_mixin.py:188} INFO - [2024-06-10T14:08:14.385+0000] {dag.py:3954} INFO - Setting next_dagrun for dag_with_taskflow_api_v02 to 2021-10-26 00:00:00+00:00, run_after=2021-10-27 00:00:00+00:00
[2024-06-10T14:08:14.410+0000] {processor.py:183} INFO - Processing /opt/airflow/dags/dag_with_taskflow_api.py took 0.119 seconds
[2024-06-10T14:08:44.866+0000] {processor.py:161} INFO - Started process (PID=245) to work on /opt/airflow/dags/dag_with_taskflow_api.py
[2024-06-10T14:08:44.867+0000] {processor.py:830} INFO - Processing file /opt/airflow/dags/dag_with_taskflow_api.py for tasks to queue
[2024-06-10T14:08:44.870+0000] {logging_mixin.py:188} INFO - [2024-06-10T14:08:44.869+0000] {dagbag.py:545} INFO - Filling up the DagBag from /opt/airflow/dags/dag_with_taskflow_api.py
[2024-06-10T14:08:44.909+0000] {processor.py:840} INFO - DAG(s) 'dag_with_taskflow_api_v02' retrieved from /opt/airflow/dags/dag_with_taskflow_api.py
[2024-06-10T14:08:44.933+0000] {logging_mixin.py:188} INFO - [2024-06-10T14:08:44.933+0000] {dag.py:3096} INFO - Sync 1 DAGs
[2024-06-10T14:08:44.961+0000] {logging_mixin.py:188} INFO - [2024-06-10T14:08:44.961+0000] {dag.py:3954} INFO - Setting next_dagrun for dag_with_taskflow_api_v02 to 2021-10-26 00:00:00+00:00, run_after=2021-10-27 00:00:00+00:00
[2024-06-10T14:08:44.986+0000] {processor.py:183} INFO - Processing /opt/airflow/dags/dag_with_taskflow_api.py took 0.126 seconds
[2024-06-10T14:09:15.601+0000] {processor.py:161} INFO - Started process (PID=314) to work on /opt/airflow/dags/dag_with_taskflow_api.py
[2024-06-10T14:09:15.602+0000] {processor.py:830} INFO - Processing file /opt/airflow/dags/dag_with_taskflow_api.py for tasks to queue
[2024-06-10T14:09:15.605+0000] {logging_mixin.py:188} INFO - [2024-06-10T14:09:15.604+0000] {dagbag.py:545} INFO - Filling up the DagBag from /opt/airflow/dags/dag_with_taskflow_api.py
[2024-06-10T14:09:15.634+0000] {processor.py:840} INFO - DAG(s) 'dag_with_taskflow_api_v02' retrieved from /opt/airflow/dags/dag_with_taskflow_api.py
[2024-06-10T14:09:15.657+0000] {logging_mixin.py:188} INFO - [2024-06-10T14:09:15.657+0000] {dag.py:3096} INFO - Sync 1 DAGs
[2024-06-10T14:09:15.683+0000] {logging_mixin.py:188} INFO - [2024-06-10T14:09:15.683+0000] {dag.py:3954} INFO - Setting next_dagrun for dag_with_taskflow_api_v02 to 2021-10-26 00:00:00+00:00, run_after=2021-10-27 00:00:00+00:00
[2024-06-10T14:09:15.708+0000] {processor.py:183} INFO - Processing /opt/airflow/dags/dag_with_taskflow_api.py took 0.112 seconds
[2024-06-10T14:09:46.279+0000] {processor.py:161} INFO - Started process (PID=383) to work on /opt/airflow/dags/dag_with_taskflow_api.py
[2024-06-10T14:09:46.281+0000] {processor.py:830} INFO - Processing file /opt/airflow/dags/dag_with_taskflow_api.py for tasks to queue
[2024-06-10T14:09:46.284+0000] {logging_mixin.py:188} INFO - [2024-06-10T14:09:46.283+0000] {dagbag.py:545} INFO - Filling up the DagBag from /opt/airflow/dags/dag_with_taskflow_api.py
[2024-06-10T14:09:46.315+0000] {processor.py:840} INFO - DAG(s) 'dag_with_taskflow_api_v02' retrieved from /opt/airflow/dags/dag_with_taskflow_api.py
[2024-06-10T14:09:46.340+0000] {logging_mixin.py:188} INFO - [2024-06-10T14:09:46.339+0000] {dag.py:3096} INFO - Sync 1 DAGs
[2024-06-10T14:09:46.366+0000] {logging_mixin.py:188} INFO - [2024-06-10T14:09:46.366+0000] {dag.py:3954} INFO - Setting next_dagrun for dag_with_taskflow_api_v02 to 2021-10-26 00:00:00+00:00, run_after=2021-10-27 00:00:00+00:00
[2024-06-10T14:09:46.569+0000] {processor.py:183} INFO - Processing /opt/airflow/dags/dag_with_taskflow_api.py took 0.297 seconds
[2024-06-10T14:10:16.676+0000] {processor.py:161} INFO - Started process (PID=452) to work on /opt/airflow/dags/dag_with_taskflow_api.py
[2024-06-10T14:10:16.678+0000] {processor.py:830} INFO - Processing file /opt/airflow/dags/dag_with_taskflow_api.py for tasks to queue
[2024-06-10T14:10:16.680+0000] {logging_mixin.py:188} INFO - [2024-06-10T14:10:16.680+0000] {dagbag.py:545} INFO - Filling up the DagBag from /opt/airflow/dags/dag_with_taskflow_api.py
[2024-06-10T14:10:16.701+0000] {processor.py:840} INFO - DAG(s) 'dag_with_taskflow_api_v02' retrieved from /opt/airflow/dags/dag_with_taskflow_api.py
[2024-06-10T14:10:16.724+0000] {logging_mixin.py:188} INFO - [2024-06-10T14:10:16.724+0000] {dag.py:3096} INFO - Sync 1 DAGs
[2024-06-10T14:10:16.750+0000] {logging_mixin.py:188} INFO - [2024-06-10T14:10:16.749+0000] {dag.py:3954} INFO - Setting next_dagrun for dag_with_taskflow_api_v02 to 2021-10-26 00:00:00+00:00, run_after=2021-10-27 00:00:00+00:00
[2024-06-10T14:10:16.773+0000] {processor.py:183} INFO - Processing /opt/airflow/dags/dag_with_taskflow_api.py took 0.102 seconds
[2024-06-10T14:10:47.323+0000] {processor.py:161} INFO - Started process (PID=521) to work on /opt/airflow/dags/dag_with_taskflow_api.py
[2024-06-10T14:10:47.325+0000] {processor.py:830} INFO - Processing file /opt/airflow/dags/dag_with_taskflow_api.py for tasks to queue
[2024-06-10T14:10:47.327+0000] {logging_mixin.py:188} INFO - [2024-06-10T14:10:47.327+0000] {dagbag.py:545} INFO - Filling up the DagBag from /opt/airflow/dags/dag_with_taskflow_api.py
[2024-06-10T14:10:47.352+0000] {processor.py:840} INFO - DAG(s) 'dag_with_taskflow_api_v02' retrieved from /opt/airflow/dags/dag_with_taskflow_api.py
[2024-06-10T14:10:47.380+0000] {logging_mixin.py:188} INFO - [2024-06-10T14:10:47.380+0000] {dag.py:3096} INFO - Sync 1 DAGs
[2024-06-10T14:10:47.422+0000] {logging_mixin.py:188} INFO - [2024-06-10T14:10:47.422+0000] {dag.py:3954} INFO - Setting next_dagrun for dag_with_taskflow_api_v02 to 2021-10-26 00:00:00+00:00, run_after=2021-10-27 00:00:00+00:00
[2024-06-10T14:10:47.496+0000] {processor.py:183} INFO - Processing /opt/airflow/dags/dag_with_taskflow_api.py took 0.180 seconds
[2024-06-10T14:11:17.836+0000] {processor.py:161} INFO - Started process (PID=590) to work on /opt/airflow/dags/dag_with_taskflow_api.py
[2024-06-10T14:11:17.837+0000] {processor.py:830} INFO - Processing file /opt/airflow/dags/dag_with_taskflow_api.py for tasks to queue
[2024-06-10T14:11:17.839+0000] {logging_mixin.py:188} INFO - [2024-06-10T14:11:17.839+0000] {dagbag.py:545} INFO - Filling up the DagBag from /opt/airflow/dags/dag_with_taskflow_api.py
[2024-06-10T14:11:17.863+0000] {processor.py:840} INFO - DAG(s) 'dag_with_taskflow_api_v02' retrieved from /opt/airflow/dags/dag_with_taskflow_api.py
[2024-06-10T14:11:17.890+0000] {logging_mixin.py:188} INFO - [2024-06-10T14:11:17.889+0000] {dag.py:3096} INFO - Sync 1 DAGs
[2024-06-10T14:11:17.921+0000] {logging_mixin.py:188} INFO - [2024-06-10T14:11:17.921+0000] {dag.py:3954} INFO - Setting next_dagrun for dag_with_taskflow_api_v02 to 2021-10-26 00:00:00+00:00, run_after=2021-10-27 00:00:00+00:00
[2024-06-10T14:11:17.950+0000] {processor.py:183} INFO - Processing /opt/airflow/dags/dag_with_taskflow_api.py took 0.119 seconds
[2024-06-10T14:11:48.394+0000] {processor.py:161} INFO - Started process (PID=659) to work on /opt/airflow/dags/dag_with_taskflow_api.py
[2024-06-10T14:11:48.395+0000] {processor.py:830} INFO - Processing file /opt/airflow/dags/dag_with_taskflow_api.py for tasks to queue
[2024-06-10T14:11:48.398+0000] {logging_mixin.py:188} INFO - [2024-06-10T14:11:48.397+0000] {dagbag.py:545} INFO - Filling up the DagBag from /opt/airflow/dags/dag_with_taskflow_api.py
[2024-06-10T14:11:48.420+0000] {processor.py:840} INFO - DAG(s) 'dag_with_taskflow_api_v02' retrieved from /opt/airflow/dags/dag_with_taskflow_api.py
[2024-06-10T14:11:48.441+0000] {logging_mixin.py:188} INFO - [2024-06-10T14:11:48.440+0000] {dag.py:3096} INFO - Sync 1 DAGs
[2024-06-10T14:11:48.475+0000] {logging_mixin.py:188} INFO - [2024-06-10T14:11:48.474+0000] {dag.py:3954} INFO - Setting next_dagrun for dag_with_taskflow_api_v02 to 2021-10-26 00:00:00+00:00, run_after=2021-10-27 00:00:00+00:00
[2024-06-10T14:11:48.607+0000] {processor.py:183} INFO - Processing /opt/airflow/dags/dag_with_taskflow_api.py took 0.220 seconds
[2024-06-10T14:12:18.823+0000] {processor.py:161} INFO - Started process (PID=728) to work on /opt/airflow/dags/dag_with_taskflow_api.py
[2024-06-10T14:12:18.824+0000] {processor.py:830} INFO - Processing file /opt/airflow/dags/dag_with_taskflow_api.py for tasks to queue
[2024-06-10T14:12:18.826+0000] {logging_mixin.py:188} INFO - [2024-06-10T14:12:18.826+0000] {dagbag.py:545} INFO - Filling up the DagBag from /opt/airflow/dags/dag_with_taskflow_api.py
[2024-06-10T14:12:18.862+0000] {processor.py:840} INFO - DAG(s) 'dag_with_taskflow_api_v02' retrieved from /opt/airflow/dags/dag_with_taskflow_api.py
[2024-06-10T14:12:18.885+0000] {logging_mixin.py:188} INFO - [2024-06-10T14:12:18.884+0000] {dag.py:3096} INFO - Sync 1 DAGs
[2024-06-10T14:12:18.909+0000] {logging_mixin.py:188} INFO - [2024-06-10T14:12:18.908+0000] {dag.py:3954} INFO - Setting next_dagrun for dag_with_taskflow_api_v02 to 2021-10-26 00:00:00+00:00, run_after=2021-10-27 00:00:00+00:00
[2024-06-10T14:12:18.933+0000] {processor.py:183} INFO - Processing /opt/airflow/dags/dag_with_taskflow_api.py took 0.116 seconds
[2024-06-10T14:12:49.805+0000] {processor.py:161} INFO - Started process (PID=797) to work on /opt/airflow/dags/dag_with_taskflow_api.py
[2024-06-10T14:12:49.807+0000] {processor.py:830} INFO - Processing file /opt/airflow/dags/dag_with_taskflow_api.py for tasks to queue
[2024-06-10T14:12:49.809+0000] {logging_mixin.py:188} INFO - [2024-06-10T14:12:49.809+0000] {dagbag.py:545} INFO - Filling up the DagBag from /opt/airflow/dags/dag_with_taskflow_api.py
[2024-06-10T14:12:49.842+0000] {processor.py:840} INFO - DAG(s) 'dag_with_taskflow_api_v02' retrieved from /opt/airflow/dags/dag_with_taskflow_api.py
[2024-06-10T14:12:50.007+0000] {logging_mixin.py:188} INFO - [2024-06-10T14:12:50.006+0000] {dag.py:3096} INFO - Sync 1 DAGs
[2024-06-10T14:12:50.023+0000] {logging_mixin.py:188} INFO - [2024-06-10T14:12:50.023+0000] {dag.py:3954} INFO - Setting next_dagrun for dag_with_taskflow_api_v02 to 2021-10-26 00:00:00+00:00, run_after=2021-10-27 00:00:00+00:00
[2024-06-10T14:12:50.043+0000] {processor.py:183} INFO - Processing /opt/airflow/dags/dag_with_taskflow_api.py took 0.243 seconds
[2024-06-10T14:13:20.915+0000] {processor.py:161} INFO - Started process (PID=866) to work on /opt/airflow/dags/dag_with_taskflow_api.py
[2024-06-10T14:13:20.916+0000] {processor.py:830} INFO - Processing file /opt/airflow/dags/dag_with_taskflow_api.py for tasks to queue
[2024-06-10T14:13:20.918+0000] {logging_mixin.py:188} INFO - [2024-06-10T14:13:20.918+0000] {dagbag.py:545} INFO - Filling up the DagBag from /opt/airflow/dags/dag_with_taskflow_api.py
[2024-06-10T14:13:20.942+0000] {processor.py:840} INFO - DAG(s) 'dag_with_taskflow_api_v02' retrieved from /opt/airflow/dags/dag_with_taskflow_api.py
[2024-06-10T14:13:20.964+0000] {logging_mixin.py:188} INFO - [2024-06-10T14:13:20.963+0000] {dag.py:3096} INFO - Sync 1 DAGs
[2024-06-10T14:13:20.991+0000] {logging_mixin.py:188} INFO - [2024-06-10T14:13:20.990+0000] {dag.py:3954} INFO - Setting next_dagrun for dag_with_taskflow_api_v02 to 2021-10-26 00:00:00+00:00, run_after=2021-10-27 00:00:00+00:00
[2024-06-10T14:13:21.018+0000] {processor.py:183} INFO - Processing /opt/airflow/dags/dag_with_taskflow_api.py took 0.110 seconds
[2024-06-10T14:13:51.883+0000] {processor.py:161} INFO - Started process (PID=935) to work on /opt/airflow/dags/dag_with_taskflow_api.py
[2024-06-10T14:13:51.885+0000] {processor.py:830} INFO - Processing file /opt/airflow/dags/dag_with_taskflow_api.py for tasks to queue
[2024-06-10T14:13:51.887+0000] {logging_mixin.py:188} INFO - [2024-06-10T14:13:51.887+0000] {dagbag.py:545} INFO - Filling up the DagBag from /opt/airflow/dags/dag_with_taskflow_api.py
[2024-06-10T14:13:51.914+0000] {processor.py:840} INFO - DAG(s) 'dag_with_taskflow_api_v02' retrieved from /opt/airflow/dags/dag_with_taskflow_api.py
[2024-06-10T14:13:51.935+0000] {logging_mixin.py:188} INFO - [2024-06-10T14:13:51.935+0000] {dag.py:3096} INFO - Sync 1 DAGs
[2024-06-10T14:13:51.960+0000] {logging_mixin.py:188} INFO - [2024-06-10T14:13:51.960+0000] {dag.py:3954} INFO - Setting next_dagrun for dag_with_taskflow_api_v02 to 2021-10-26 00:00:00+00:00, run_after=2021-10-27 00:00:00+00:00
[2024-06-10T14:13:51.985+0000] {processor.py:183} INFO - Processing /opt/airflow/dags/dag_with_taskflow_api.py took 0.107 seconds
[2024-06-10T14:14:22.823+0000] {processor.py:161} INFO - Started process (PID=1004) to work on /opt/airflow/dags/dag_with_taskflow_api.py
[2024-06-10T14:14:22.825+0000] {processor.py:830} INFO - Processing file /opt/airflow/dags/dag_with_taskflow_api.py for tasks to queue
[2024-06-10T14:14:22.826+0000] {logging_mixin.py:188} INFO - [2024-06-10T14:14:22.826+0000] {dagbag.py:545} INFO - Filling up the DagBag from /opt/airflow/dags/dag_with_taskflow_api.py
[2024-06-10T14:14:22.879+0000] {processor.py:840} INFO - DAG(s) 'dag_with_taskflow_api_v02' retrieved from /opt/airflow/dags/dag_with_taskflow_api.py
[2024-06-10T14:14:22.898+0000] {logging_mixin.py:188} INFO - [2024-06-10T14:14:22.898+0000] {dag.py:3096} INFO - Sync 1 DAGs
[2024-06-10T14:14:22.927+0000] {logging_mixin.py:188} INFO - [2024-06-10T14:14:22.926+0000] {dag.py:3954} INFO - Setting next_dagrun for dag_with_taskflow_api_v02 to 2021-10-26 00:00:00+00:00, run_after=2021-10-27 00:00:00+00:00
[2024-06-10T14:14:22.949+0000] {processor.py:183} INFO - Processing /opt/airflow/dags/dag_with_taskflow_api.py took 0.131 seconds
[2024-06-10T14:14:53.061+0000] {processor.py:161} INFO - Started process (PID=1073) to work on /opt/airflow/dags/dag_with_taskflow_api.py
[2024-06-10T14:14:53.062+0000] {processor.py:830} INFO - Processing file /opt/airflow/dags/dag_with_taskflow_api.py for tasks to queue
[2024-06-10T14:14:53.064+0000] {logging_mixin.py:188} INFO - [2024-06-10T14:14:53.064+0000] {dagbag.py:545} INFO - Filling up the DagBag from /opt/airflow/dags/dag_with_taskflow_api.py
[2024-06-10T14:14:53.085+0000] {processor.py:840} INFO - DAG(s) 'dag_with_taskflow_api_v02' retrieved from /opt/airflow/dags/dag_with_taskflow_api.py
[2024-06-10T14:14:53.104+0000] {logging_mixin.py:188} INFO - [2024-06-10T14:14:53.104+0000] {dag.py:3096} INFO - Sync 1 DAGs
[2024-06-10T14:14:53.125+0000] {logging_mixin.py:188} INFO - [2024-06-10T14:14:53.125+0000] {dag.py:3954} INFO - Setting next_dagrun for dag_with_taskflow_api_v02 to 2021-10-26 00:00:00+00:00, run_after=2021-10-27 00:00:00+00:00
[2024-06-10T14:14:53.148+0000] {processor.py:183} INFO - Processing /opt/airflow/dags/dag_with_taskflow_api.py took 0.092 seconds
[2024-06-10T14:15:23.591+0000] {processor.py:161} INFO - Started process (PID=1142) to work on /opt/airflow/dags/dag_with_taskflow_api.py
[2024-06-10T14:15:23.592+0000] {processor.py:830} INFO - Processing file /opt/airflow/dags/dag_with_taskflow_api.py for tasks to queue
[2024-06-10T14:15:23.594+0000] {logging_mixin.py:188} INFO - [2024-06-10T14:15:23.593+0000] {dagbag.py:545} INFO - Filling up the DagBag from /opt/airflow/dags/dag_with_taskflow_api.py
[2024-06-10T14:15:23.614+0000] {processor.py:840} INFO - DAG(s) 'dag_with_taskflow_api_v02' retrieved from /opt/airflow/dags/dag_with_taskflow_api.py
[2024-06-10T14:15:23.638+0000] {logging_mixin.py:188} INFO - [2024-06-10T14:15:23.638+0000] {dag.py:3096} INFO - Sync 1 DAGs
[2024-06-10T14:15:23.662+0000] {logging_mixin.py:188} INFO - [2024-06-10T14:15:23.662+0000] {dag.py:3954} INFO - Setting next_dagrun for dag_with_taskflow_api_v02 to 2021-10-26 00:00:00+00:00, run_after=2021-10-27 00:00:00+00:00
[2024-06-10T14:15:23.683+0000] {processor.py:183} INFO - Processing /opt/airflow/dags/dag_with_taskflow_api.py took 0.103 seconds
