[2024-06-10T14:04:34.879+0000] {processor.py:161} INFO - Started process (PID=31) to work on /opt/airflow/dags/dag_with_catchup_and_backfill.py
[2024-06-10T14:04:34.881+0000] {processor.py:830} INFO - Processing file /opt/airflow/dags/dag_with_catchup_and_backfill.py for tasks to queue
[2024-06-10T14:04:35.230+0000] {logging_mixin.py:188} INFO - [2024-06-10T14:04:35.229+0000] {dagbag.py:545} INFO - Filling up the DagBag from /opt/airflow/dags/dag_with_catchup_and_backfill.py
[2024-06-10T14:04:37.715+0000] {processor.py:840} INFO - DAG(s) 'dag_with_catchup_backfill_v02' retrieved from /opt/airflow/dags/dag_with_catchup_and_backfill.py
[2024-06-10T14:04:38.219+0000] {logging_mixin.py:188} INFO - [2024-06-10T14:04:38.218+0000] {override.py:1829} INFO - Created Permission View: can read on DAG:dag_with_catchup_backfill_v02
[2024-06-10T14:04:38.236+0000] {logging_mixin.py:188} INFO - [2024-06-10T14:04:38.236+0000] {override.py:1829} INFO - Created Permission View: can delete on DAG:dag_with_catchup_backfill_v02
[2024-06-10T14:04:38.248+0000] {logging_mixin.py:188} INFO - [2024-06-10T14:04:38.248+0000] {override.py:1829} INFO - Created Permission View: can edit on DAG:dag_with_catchup_backfill_v02
[2024-06-10T14:04:38.250+0000] {logging_mixin.py:188} INFO - [2024-06-10T14:04:38.250+0000] {dag.py:3096} INFO - Sync 1 DAGs
[2024-06-10T14:04:38.270+0000] {logging_mixin.py:188} INFO - [2024-06-10T14:04:38.270+0000] {dag.py:3118} INFO - Creating ORM DAG for dag_with_catchup_backfill_v02
[2024-06-10T14:04:38.288+0000] {logging_mixin.py:188} INFO - [2024-06-10T14:04:38.287+0000] {dag.py:3954} INFO - Setting next_dagrun for dag_with_catchup_backfill_v02 to 2024-06-09 00:00:00+00:00, run_after=2024-06-10 00:00:00+00:00
[2024-06-10T14:04:38.315+0000] {processor.py:183} INFO - Processing /opt/airflow/dags/dag_with_catchup_and_backfill.py took 3.445 seconds
[2024-06-10T14:05:08.619+0000] {processor.py:161} INFO - Started process (PID=101) to work on /opt/airflow/dags/dag_with_catchup_and_backfill.py
[2024-06-10T14:05:08.621+0000] {processor.py:830} INFO - Processing file /opt/airflow/dags/dag_with_catchup_and_backfill.py for tasks to queue
[2024-06-10T14:05:08.624+0000] {logging_mixin.py:188} INFO - [2024-06-10T14:05:08.623+0000] {dagbag.py:545} INFO - Filling up the DagBag from /opt/airflow/dags/dag_with_catchup_and_backfill.py
[2024-06-10T14:05:08.648+0000] {processor.py:840} INFO - DAG(s) 'dag_with_catchup_backfill_v02' retrieved from /opt/airflow/dags/dag_with_catchup_and_backfill.py
[2024-06-10T14:05:08.670+0000] {logging_mixin.py:188} INFO - [2024-06-10T14:05:08.670+0000] {dag.py:3096} INFO - Sync 1 DAGs
[2024-06-10T14:05:08.695+0000] {logging_mixin.py:188} INFO - [2024-06-10T14:05:08.695+0000] {dag.py:3954} INFO - Setting next_dagrun for dag_with_catchup_backfill_v02 to 2024-06-09 00:00:00+00:00, run_after=2024-06-10 00:00:00+00:00
[2024-06-10T14:05:08.722+0000] {processor.py:183} INFO - Processing /opt/airflow/dags/dag_with_catchup_and_backfill.py took 0.111 seconds
[2024-06-10T14:05:39.127+0000] {processor.py:161} INFO - Started process (PID=170) to work on /opt/airflow/dags/dag_with_catchup_and_backfill.py
[2024-06-10T14:05:39.129+0000] {processor.py:830} INFO - Processing file /opt/airflow/dags/dag_with_catchup_and_backfill.py for tasks to queue
[2024-06-10T14:05:39.132+0000] {logging_mixin.py:188} INFO - [2024-06-10T14:05:39.132+0000] {dagbag.py:545} INFO - Filling up the DagBag from /opt/airflow/dags/dag_with_catchup_and_backfill.py
[2024-06-10T14:05:39.164+0000] {processor.py:840} INFO - DAG(s) 'dag_with_catchup_backfill_v02' retrieved from /opt/airflow/dags/dag_with_catchup_and_backfill.py
[2024-06-10T14:05:39.185+0000] {logging_mixin.py:188} INFO - [2024-06-10T14:05:39.184+0000] {dag.py:3096} INFO - Sync 1 DAGs
[2024-06-10T14:05:39.211+0000] {logging_mixin.py:188} INFO - [2024-06-10T14:05:39.211+0000] {dag.py:3954} INFO - Setting next_dagrun for dag_with_catchup_backfill_v02 to 2024-06-09 00:00:00+00:00, run_after=2024-06-10 00:00:00+00:00
[2024-06-10T14:05:39.234+0000] {processor.py:183} INFO - Processing /opt/airflow/dags/dag_with_catchup_and_backfill.py took 0.112 seconds
[2024-06-10T14:06:09.443+0000] {processor.py:161} INFO - Started process (PID=239) to work on /opt/airflow/dags/dag_with_catchup_and_backfill.py
[2024-06-10T14:06:09.445+0000] {processor.py:830} INFO - Processing file /opt/airflow/dags/dag_with_catchup_and_backfill.py for tasks to queue
[2024-06-10T14:06:09.447+0000] {logging_mixin.py:188} INFO - [2024-06-10T14:06:09.447+0000] {dagbag.py:545} INFO - Filling up the DagBag from /opt/airflow/dags/dag_with_catchup_and_backfill.py
[2024-06-10T14:06:09.474+0000] {processor.py:840} INFO - DAG(s) 'dag_with_catchup_backfill_v02' retrieved from /opt/airflow/dags/dag_with_catchup_and_backfill.py
[2024-06-10T14:06:09.583+0000] {logging_mixin.py:188} INFO - [2024-06-10T14:06:09.583+0000] {dag.py:3096} INFO - Sync 1 DAGs
[2024-06-10T14:06:09.764+0000] {logging_mixin.py:188} INFO - [2024-06-10T14:06:09.763+0000] {dag.py:3954} INFO - Setting next_dagrun for dag_with_catchup_backfill_v02 to 2024-06-09 00:00:00+00:00, run_after=2024-06-10 00:00:00+00:00
[2024-06-10T14:06:09.801+0000] {processor.py:183} INFO - Processing /opt/airflow/dags/dag_with_catchup_and_backfill.py took 0.367 seconds
[2024-06-10T14:07:09.174+0000] {processor.py:161} INFO - Started process (PID=31) to work on /opt/airflow/dags/dag_with_catchup_and_backfill.py
[2024-06-10T14:07:09.176+0000] {processor.py:830} INFO - Processing file /opt/airflow/dags/dag_with_catchup_and_backfill.py for tasks to queue
[2024-06-10T14:07:09.179+0000] {logging_mixin.py:188} INFO - [2024-06-10T14:07:09.178+0000] {dagbag.py:545} INFO - Filling up the DagBag from /opt/airflow/dags/dag_with_catchup_and_backfill.py
[2024-06-10T14:07:09.199+0000] {processor.py:840} INFO - DAG(s) 'dag_with_catchup_backfill_v02' retrieved from /opt/airflow/dags/dag_with_catchup_and_backfill.py
[2024-06-10T14:07:09.247+0000] {logging_mixin.py:188} INFO - [2024-06-10T14:07:09.247+0000] {dag.py:3096} INFO - Sync 1 DAGs
[2024-06-10T14:07:09.271+0000] {logging_mixin.py:188} INFO - [2024-06-10T14:07:09.270+0000] {dag.py:3954} INFO - Setting next_dagrun for dag_with_catchup_backfill_v02 to 2024-06-09 00:00:00+00:00, run_after=2024-06-10 00:00:00+00:00
[2024-06-10T14:07:09.289+0000] {processor.py:183} INFO - Processing /opt/airflow/dags/dag_with_catchup_and_backfill.py took 0.123 seconds
[2024-06-10T14:07:42.257+0000] {processor.py:161} INFO - Started process (PID=101) to work on /opt/airflow/dags/dag_with_catchup_and_backfill.py
[2024-06-10T14:07:42.259+0000] {processor.py:830} INFO - Processing file /opt/airflow/dags/dag_with_catchup_and_backfill.py for tasks to queue
[2024-06-10T14:07:42.263+0000] {logging_mixin.py:188} INFO - [2024-06-10T14:07:42.262+0000] {dagbag.py:545} INFO - Filling up the DagBag from /opt/airflow/dags/dag_with_catchup_and_backfill.py
[2024-06-10T14:07:42.295+0000] {processor.py:840} INFO - DAG(s) 'dag_with_catchup_backfill_v02' retrieved from /opt/airflow/dags/dag_with_catchup_and_backfill.py
[2024-06-10T14:07:42.317+0000] {logging_mixin.py:188} INFO - [2024-06-10T14:07:42.317+0000] {dag.py:3096} INFO - Sync 1 DAGs
[2024-06-10T14:07:42.349+0000] {logging_mixin.py:188} INFO - [2024-06-10T14:07:42.349+0000] {dag.py:3954} INFO - Setting next_dagrun for dag_with_catchup_backfill_v02 to 2024-06-09 00:00:00+00:00, run_after=2024-06-10 00:00:00+00:00
[2024-06-10T14:07:42.378+0000] {processor.py:183} INFO - Processing /opt/airflow/dags/dag_with_catchup_and_backfill.py took 0.130 seconds
[2024-06-10T14:08:12.806+0000] {processor.py:161} INFO - Started process (PID=170) to work on /opt/airflow/dags/dag_with_catchup_and_backfill.py
[2024-06-10T14:08:12.807+0000] {processor.py:830} INFO - Processing file /opt/airflow/dags/dag_with_catchup_and_backfill.py for tasks to queue
[2024-06-10T14:08:12.809+0000] {logging_mixin.py:188} INFO - [2024-06-10T14:08:12.809+0000] {dagbag.py:545} INFO - Filling up the DagBag from /opt/airflow/dags/dag_with_catchup_and_backfill.py
[2024-06-10T14:08:12.841+0000] {processor.py:840} INFO - DAG(s) 'dag_with_catchup_backfill_v02' retrieved from /opt/airflow/dags/dag_with_catchup_and_backfill.py
[2024-06-10T14:08:12.859+0000] {logging_mixin.py:188} INFO - [2024-06-10T14:08:12.859+0000] {dag.py:3096} INFO - Sync 1 DAGs
[2024-06-10T14:08:12.886+0000] {logging_mixin.py:188} INFO - [2024-06-10T14:08:12.886+0000] {dag.py:3954} INFO - Setting next_dagrun for dag_with_catchup_backfill_v02 to 2024-06-09 00:00:00+00:00, run_after=2024-06-10 00:00:00+00:00
[2024-06-10T14:08:12.909+0000] {processor.py:183} INFO - Processing /opt/airflow/dags/dag_with_catchup_and_backfill.py took 0.109 seconds
[2024-06-10T14:08:43.421+0000] {processor.py:161} INFO - Started process (PID=239) to work on /opt/airflow/dags/dag_with_catchup_and_backfill.py
[2024-06-10T14:08:43.422+0000] {processor.py:830} INFO - Processing file /opt/airflow/dags/dag_with_catchup_and_backfill.py for tasks to queue
[2024-06-10T14:08:43.425+0000] {logging_mixin.py:188} INFO - [2024-06-10T14:08:43.425+0000] {dagbag.py:545} INFO - Filling up the DagBag from /opt/airflow/dags/dag_with_catchup_and_backfill.py
[2024-06-10T14:08:43.455+0000] {processor.py:840} INFO - DAG(s) 'dag_with_catchup_backfill_v02' retrieved from /opt/airflow/dags/dag_with_catchup_and_backfill.py
[2024-06-10T14:08:43.475+0000] {logging_mixin.py:188} INFO - [2024-06-10T14:08:43.475+0000] {dag.py:3096} INFO - Sync 1 DAGs
[2024-06-10T14:08:43.496+0000] {logging_mixin.py:188} INFO - [2024-06-10T14:08:43.495+0000] {dag.py:3954} INFO - Setting next_dagrun for dag_with_catchup_backfill_v02 to 2024-06-09 00:00:00+00:00, run_after=2024-06-10 00:00:00+00:00
[2024-06-10T14:08:43.520+0000] {processor.py:183} INFO - Processing /opt/airflow/dags/dag_with_catchup_and_backfill.py took 0.106 seconds
[2024-06-10T14:09:13.827+0000] {processor.py:161} INFO - Started process (PID=308) to work on /opt/airflow/dags/dag_with_catchup_and_backfill.py
[2024-06-10T14:09:13.829+0000] {processor.py:830} INFO - Processing file /opt/airflow/dags/dag_with_catchup_and_backfill.py for tasks to queue
[2024-06-10T14:09:13.832+0000] {logging_mixin.py:188} INFO - [2024-06-10T14:09:13.832+0000] {dagbag.py:545} INFO - Filling up the DagBag from /opt/airflow/dags/dag_with_catchup_and_backfill.py
[2024-06-10T14:09:13.863+0000] {processor.py:840} INFO - DAG(s) 'dag_with_catchup_backfill_v02' retrieved from /opt/airflow/dags/dag_with_catchup_and_backfill.py
[2024-06-10T14:09:13.882+0000] {logging_mixin.py:188} INFO - [2024-06-10T14:09:13.882+0000] {dag.py:3096} INFO - Sync 1 DAGs
[2024-06-10T14:09:13.909+0000] {logging_mixin.py:188} INFO - [2024-06-10T14:09:13.909+0000] {dag.py:3954} INFO - Setting next_dagrun for dag_with_catchup_backfill_v02 to 2024-06-09 00:00:00+00:00, run_after=2024-06-10 00:00:00+00:00
[2024-06-10T14:09:14.294+0000] {processor.py:183} INFO - Processing /opt/airflow/dags/dag_with_catchup_and_backfill.py took 0.472 seconds
[2024-06-10T14:09:44.489+0000] {processor.py:161} INFO - Started process (PID=377) to work on /opt/airflow/dags/dag_with_catchup_and_backfill.py
[2024-06-10T14:09:44.491+0000] {processor.py:830} INFO - Processing file /opt/airflow/dags/dag_with_catchup_and_backfill.py for tasks to queue
[2024-06-10T14:09:44.494+0000] {logging_mixin.py:188} INFO - [2024-06-10T14:09:44.494+0000] {dagbag.py:545} INFO - Filling up the DagBag from /opt/airflow/dags/dag_with_catchup_and_backfill.py
[2024-06-10T14:09:44.528+0000] {processor.py:840} INFO - DAG(s) 'dag_with_catchup_backfill_v02' retrieved from /opt/airflow/dags/dag_with_catchup_and_backfill.py
[2024-06-10T14:09:44.553+0000] {logging_mixin.py:188} INFO - [2024-06-10T14:09:44.553+0000] {dag.py:3096} INFO - Sync 1 DAGs
[2024-06-10T14:09:44.578+0000] {logging_mixin.py:188} INFO - [2024-06-10T14:09:44.578+0000] {dag.py:3954} INFO - Setting next_dagrun for dag_with_catchup_backfill_v02 to 2024-06-09 00:00:00+00:00, run_after=2024-06-10 00:00:00+00:00
[2024-06-10T14:09:44.748+0000] {processor.py:183} INFO - Processing /opt/airflow/dags/dag_with_catchup_and_backfill.py took 0.268 seconds
[2024-06-10T14:10:15.276+0000] {processor.py:161} INFO - Started process (PID=446) to work on /opt/airflow/dags/dag_with_catchup_and_backfill.py
[2024-06-10T14:10:15.278+0000] {processor.py:830} INFO - Processing file /opt/airflow/dags/dag_with_catchup_and_backfill.py for tasks to queue
[2024-06-10T14:10:15.281+0000] {logging_mixin.py:188} INFO - [2024-06-10T14:10:15.281+0000] {dagbag.py:545} INFO - Filling up the DagBag from /opt/airflow/dags/dag_with_catchup_and_backfill.py
[2024-06-10T14:10:15.304+0000] {processor.py:840} INFO - DAG(s) 'dag_with_catchup_backfill_v02' retrieved from /opt/airflow/dags/dag_with_catchup_and_backfill.py
[2024-06-10T14:10:15.324+0000] {logging_mixin.py:188} INFO - [2024-06-10T14:10:15.324+0000] {dag.py:3096} INFO - Sync 1 DAGs
[2024-06-10T14:10:15.353+0000] {logging_mixin.py:188} INFO - [2024-06-10T14:10:15.353+0000] {dag.py:3954} INFO - Setting next_dagrun for dag_with_catchup_backfill_v02 to 2024-06-09 00:00:00+00:00, run_after=2024-06-10 00:00:00+00:00
[2024-06-10T14:10:15.379+0000] {processor.py:183} INFO - Processing /opt/airflow/dags/dag_with_catchup_and_backfill.py took 0.110 seconds
[2024-06-10T14:10:45.926+0000] {processor.py:161} INFO - Started process (PID=515) to work on /opt/airflow/dags/dag_with_catchup_and_backfill.py
[2024-06-10T14:10:45.928+0000] {processor.py:830} INFO - Processing file /opt/airflow/dags/dag_with_catchup_and_backfill.py for tasks to queue
[2024-06-10T14:10:45.930+0000] {logging_mixin.py:188} INFO - [2024-06-10T14:10:45.929+0000] {dagbag.py:545} INFO - Filling up the DagBag from /opt/airflow/dags/dag_with_catchup_and_backfill.py
[2024-06-10T14:10:45.948+0000] {processor.py:840} INFO - DAG(s) 'dag_with_catchup_backfill_v02' retrieved from /opt/airflow/dags/dag_with_catchup_and_backfill.py
[2024-06-10T14:10:45.969+0000] {logging_mixin.py:188} INFO - [2024-06-10T14:10:45.969+0000] {dag.py:3096} INFO - Sync 1 DAGs
[2024-06-10T14:10:45.992+0000] {logging_mixin.py:188} INFO - [2024-06-10T14:10:45.991+0000] {dag.py:3954} INFO - Setting next_dagrun for dag_with_catchup_backfill_v02 to 2024-06-09 00:00:00+00:00, run_after=2024-06-10 00:00:00+00:00
[2024-06-10T14:10:46.015+0000] {processor.py:183} INFO - Processing /opt/airflow/dags/dag_with_catchup_and_backfill.py took 0.094 seconds
[2024-06-10T14:11:16.468+0000] {processor.py:161} INFO - Started process (PID=584) to work on /opt/airflow/dags/dag_with_catchup_and_backfill.py
[2024-06-10T14:11:16.469+0000] {processor.py:830} INFO - Processing file /opt/airflow/dags/dag_with_catchup_and_backfill.py for tasks to queue
[2024-06-10T14:11:16.471+0000] {logging_mixin.py:188} INFO - [2024-06-10T14:11:16.471+0000] {dagbag.py:545} INFO - Filling up the DagBag from /opt/airflow/dags/dag_with_catchup_and_backfill.py
[2024-06-10T14:11:16.493+0000] {processor.py:840} INFO - DAG(s) 'dag_with_catchup_backfill_v02' retrieved from /opt/airflow/dags/dag_with_catchup_and_backfill.py
[2024-06-10T14:11:16.514+0000] {logging_mixin.py:188} INFO - [2024-06-10T14:11:16.514+0000] {dag.py:3096} INFO - Sync 1 DAGs
[2024-06-10T14:11:16.544+0000] {logging_mixin.py:188} INFO - [2024-06-10T14:11:16.543+0000] {dag.py:3954} INFO - Setting next_dagrun for dag_with_catchup_backfill_v02 to 2024-06-09 00:00:00+00:00, run_after=2024-06-10 00:00:00+00:00
[2024-06-10T14:11:16.569+0000] {processor.py:183} INFO - Processing /opt/airflow/dags/dag_with_catchup_and_backfill.py took 0.106 seconds
[2024-06-10T14:11:47.001+0000] {processor.py:161} INFO - Started process (PID=653) to work on /opt/airflow/dags/dag_with_catchup_and_backfill.py
[2024-06-10T14:11:47.002+0000] {processor.py:830} INFO - Processing file /opt/airflow/dags/dag_with_catchup_and_backfill.py for tasks to queue
[2024-06-10T14:11:47.006+0000] {logging_mixin.py:188} INFO - [2024-06-10T14:11:47.005+0000] {dagbag.py:545} INFO - Filling up the DagBag from /opt/airflow/dags/dag_with_catchup_and_backfill.py
[2024-06-10T14:11:47.026+0000] {processor.py:840} INFO - DAG(s) 'dag_with_catchup_backfill_v02' retrieved from /opt/airflow/dags/dag_with_catchup_and_backfill.py
[2024-06-10T14:11:47.045+0000] {logging_mixin.py:188} INFO - [2024-06-10T14:11:47.044+0000] {dag.py:3096} INFO - Sync 1 DAGs
[2024-06-10T14:11:47.071+0000] {logging_mixin.py:188} INFO - [2024-06-10T14:11:47.071+0000] {dag.py:3954} INFO - Setting next_dagrun for dag_with_catchup_backfill_v02 to 2024-06-09 00:00:00+00:00, run_after=2024-06-10 00:00:00+00:00
[2024-06-10T14:11:47.096+0000] {processor.py:183} INFO - Processing /opt/airflow/dags/dag_with_catchup_and_backfill.py took 0.101 seconds
[2024-06-10T14:12:17.904+0000] {processor.py:161} INFO - Started process (PID=722) to work on /opt/airflow/dags/dag_with_catchup_and_backfill.py
[2024-06-10T14:12:17.906+0000] {processor.py:830} INFO - Processing file /opt/airflow/dags/dag_with_catchup_and_backfill.py for tasks to queue
[2024-06-10T14:12:17.909+0000] {logging_mixin.py:188} INFO - [2024-06-10T14:12:17.908+0000] {dagbag.py:545} INFO - Filling up the DagBag from /opt/airflow/dags/dag_with_catchup_and_backfill.py
[2024-06-10T14:12:17.929+0000] {processor.py:840} INFO - DAG(s) 'dag_with_catchup_backfill_v02' retrieved from /opt/airflow/dags/dag_with_catchup_and_backfill.py
[2024-06-10T14:12:18.109+0000] {logging_mixin.py:188} INFO - [2024-06-10T14:12:18.109+0000] {dag.py:3096} INFO - Sync 1 DAGs
[2024-06-10T14:12:18.132+0000] {logging_mixin.py:188} INFO - [2024-06-10T14:12:18.131+0000] {dag.py:3954} INFO - Setting next_dagrun for dag_with_catchup_backfill_v02 to 2024-06-09 00:00:00+00:00, run_after=2024-06-10 00:00:00+00:00
[2024-06-10T14:12:18.153+0000] {processor.py:183} INFO - Processing /opt/airflow/dags/dag_with_catchup_and_backfill.py took 0.254 seconds
[2024-06-10T14:12:48.650+0000] {processor.py:161} INFO - Started process (PID=791) to work on /opt/airflow/dags/dag_with_catchup_and_backfill.py
[2024-06-10T14:12:48.651+0000] {processor.py:830} INFO - Processing file /opt/airflow/dags/dag_with_catchup_and_backfill.py for tasks to queue
[2024-06-10T14:12:48.654+0000] {logging_mixin.py:188} INFO - [2024-06-10T14:12:48.654+0000] {dagbag.py:545} INFO - Filling up the DagBag from /opt/airflow/dags/dag_with_catchup_and_backfill.py
[2024-06-10T14:12:48.686+0000] {processor.py:840} INFO - DAG(s) 'dag_with_catchup_backfill_v02' retrieved from /opt/airflow/dags/dag_with_catchup_and_backfill.py
[2024-06-10T14:12:48.705+0000] {logging_mixin.py:188} INFO - [2024-06-10T14:12:48.704+0000] {dag.py:3096} INFO - Sync 1 DAGs
[2024-06-10T14:12:48.846+0000] {logging_mixin.py:188} INFO - [2024-06-10T14:12:48.846+0000] {dag.py:3954} INFO - Setting next_dagrun for dag_with_catchup_backfill_v02 to 2024-06-09 00:00:00+00:00, run_after=2024-06-10 00:00:00+00:00
[2024-06-10T14:12:48.867+0000] {processor.py:183} INFO - Processing /opt/airflow/dags/dag_with_catchup_and_backfill.py took 0.222 seconds
[2024-06-10T14:13:19.145+0000] {processor.py:161} INFO - Started process (PID=860) to work on /opt/airflow/dags/dag_with_catchup_and_backfill.py
[2024-06-10T14:13:19.146+0000] {processor.py:830} INFO - Processing file /opt/airflow/dags/dag_with_catchup_and_backfill.py for tasks to queue
[2024-06-10T14:13:19.148+0000] {logging_mixin.py:188} INFO - [2024-06-10T14:13:19.148+0000] {dagbag.py:545} INFO - Filling up the DagBag from /opt/airflow/dags/dag_with_catchup_and_backfill.py
[2024-06-10T14:13:19.171+0000] {processor.py:840} INFO - DAG(s) 'dag_with_catchup_backfill_v02' retrieved from /opt/airflow/dags/dag_with_catchup_and_backfill.py
[2024-06-10T14:13:19.189+0000] {logging_mixin.py:188} INFO - [2024-06-10T14:13:19.189+0000] {dag.py:3096} INFO - Sync 1 DAGs
[2024-06-10T14:13:19.213+0000] {logging_mixin.py:188} INFO - [2024-06-10T14:13:19.213+0000] {dag.py:3954} INFO - Setting next_dagrun for dag_with_catchup_backfill_v02 to 2024-06-09 00:00:00+00:00, run_after=2024-06-10 00:00:00+00:00
[2024-06-10T14:13:19.236+0000] {processor.py:183} INFO - Processing /opt/airflow/dags/dag_with_catchup_and_backfill.py took 0.097 seconds
[2024-06-10T14:13:49.738+0000] {processor.py:161} INFO - Started process (PID=929) to work on /opt/airflow/dags/dag_with_catchup_and_backfill.py
[2024-06-10T14:13:49.740+0000] {processor.py:830} INFO - Processing file /opt/airflow/dags/dag_with_catchup_and_backfill.py for tasks to queue
[2024-06-10T14:13:49.742+0000] {logging_mixin.py:188} INFO - [2024-06-10T14:13:49.741+0000] {dagbag.py:545} INFO - Filling up the DagBag from /opt/airflow/dags/dag_with_catchup_and_backfill.py
[2024-06-10T14:13:49.763+0000] {processor.py:840} INFO - DAG(s) 'dag_with_catchup_backfill_v02' retrieved from /opt/airflow/dags/dag_with_catchup_and_backfill.py
[2024-06-10T14:13:49.781+0000] {logging_mixin.py:188} INFO - [2024-06-10T14:13:49.781+0000] {dag.py:3096} INFO - Sync 1 DAGs
[2024-06-10T14:13:49.803+0000] {logging_mixin.py:188} INFO - [2024-06-10T14:13:49.802+0000] {dag.py:3954} INFO - Setting next_dagrun for dag_with_catchup_backfill_v02 to 2024-06-09 00:00:00+00:00, run_after=2024-06-10 00:00:00+00:00
[2024-06-10T14:13:49.827+0000] {processor.py:183} INFO - Processing /opt/airflow/dags/dag_with_catchup_and_backfill.py took 0.094 seconds
[2024-06-10T14:14:20.385+0000] {processor.py:161} INFO - Started process (PID=998) to work on /opt/airflow/dags/dag_with_catchup_and_backfill.py
[2024-06-10T14:14:20.386+0000] {processor.py:830} INFO - Processing file /opt/airflow/dags/dag_with_catchup_and_backfill.py for tasks to queue
[2024-06-10T14:14:20.388+0000] {logging_mixin.py:188} INFO - [2024-06-10T14:14:20.388+0000] {dagbag.py:545} INFO - Filling up the DagBag from /opt/airflow/dags/dag_with_catchup_and_backfill.py
[2024-06-10T14:14:20.406+0000] {processor.py:840} INFO - DAG(s) 'dag_with_catchup_backfill_v02' retrieved from /opt/airflow/dags/dag_with_catchup_and_backfill.py
[2024-06-10T14:14:20.426+0000] {logging_mixin.py:188} INFO - [2024-06-10T14:14:20.426+0000] {dag.py:3096} INFO - Sync 1 DAGs
[2024-06-10T14:14:20.452+0000] {logging_mixin.py:188} INFO - [2024-06-10T14:14:20.451+0000] {dag.py:3954} INFO - Setting next_dagrun for dag_with_catchup_backfill_v02 to 2024-06-09 00:00:00+00:00, run_after=2024-06-10 00:00:00+00:00
[2024-06-10T14:14:20.475+0000] {processor.py:183} INFO - Processing /opt/airflow/dags/dag_with_catchup_and_backfill.py took 0.095 seconds
[2024-06-10T14:14:50.596+0000] {processor.py:161} INFO - Started process (PID=1067) to work on /opt/airflow/dags/dag_with_catchup_and_backfill.py
[2024-06-10T14:14:50.597+0000] {processor.py:830} INFO - Processing file /opt/airflow/dags/dag_with_catchup_and_backfill.py for tasks to queue
[2024-06-10T14:14:50.599+0000] {logging_mixin.py:188} INFO - [2024-06-10T14:14:50.599+0000] {dagbag.py:545} INFO - Filling up the DagBag from /opt/airflow/dags/dag_with_catchup_and_backfill.py
[2024-06-10T14:14:50.619+0000] {processor.py:840} INFO - DAG(s) 'dag_with_catchup_backfill_v02' retrieved from /opt/airflow/dags/dag_with_catchup_and_backfill.py
[2024-06-10T14:14:50.637+0000] {logging_mixin.py:188} INFO - [2024-06-10T14:14:50.637+0000] {dag.py:3096} INFO - Sync 1 DAGs
[2024-06-10T14:14:50.660+0000] {logging_mixin.py:188} INFO - [2024-06-10T14:14:50.660+0000] {dag.py:3954} INFO - Setting next_dagrun for dag_with_catchup_backfill_v02 to 2024-06-09 00:00:00+00:00, run_after=2024-06-10 00:00:00+00:00
[2024-06-10T14:14:50.681+0000] {processor.py:183} INFO - Processing /opt/airflow/dags/dag_with_catchup_and_backfill.py took 0.091 seconds
[2024-06-10T14:15:20.925+0000] {processor.py:161} INFO - Started process (PID=1136) to work on /opt/airflow/dags/dag_with_catchup_and_backfill.py
[2024-06-10T14:15:20.928+0000] {processor.py:830} INFO - Processing file /opt/airflow/dags/dag_with_catchup_and_backfill.py for tasks to queue
[2024-06-10T14:15:20.929+0000] {logging_mixin.py:188} INFO - [2024-06-10T14:15:20.929+0000] {dagbag.py:545} INFO - Filling up the DagBag from /opt/airflow/dags/dag_with_catchup_and_backfill.py
[2024-06-10T14:15:20.953+0000] {processor.py:840} INFO - DAG(s) 'dag_with_catchup_backfill_v02' retrieved from /opt/airflow/dags/dag_with_catchup_and_backfill.py
[2024-06-10T14:15:20.972+0000] {logging_mixin.py:188} INFO - [2024-06-10T14:15:20.972+0000] {dag.py:3096} INFO - Sync 1 DAGs
[2024-06-10T14:15:20.997+0000] {logging_mixin.py:188} INFO - [2024-06-10T14:15:20.997+0000] {dag.py:3954} INFO - Setting next_dagrun for dag_with_catchup_backfill_v02 to 2024-06-09 00:00:00+00:00, run_after=2024-06-10 00:00:00+00:00
[2024-06-10T14:15:21.020+0000] {processor.py:183} INFO - Processing /opt/airflow/dags/dag_with_catchup_and_backfill.py took 0.104 seconds
