[2024-06-10T14:04:39.709+0000] {processor.py:161} INFO - Started process (PID=42) to work on /opt/airflow/dags/dag_with_postgres_operator.py
[2024-06-10T14:04:39.711+0000] {processor.py:830} INFO - Processing file /opt/airflow/dags/dag_with_postgres_operator.py for tasks to queue
[2024-06-10T14:04:39.715+0000] {logging_mixin.py:188} INFO - [2024-06-10T14:04:39.714+0000] {dagbag.py:545} INFO - Filling up the DagBag from /opt/airflow/dags/dag_with_postgres_operator.py
[2024-06-10T14:04:39.768+0000] {processor.py:840} INFO - DAG(s) 'dag_with_postgres_operator_v03' retrieved from /opt/airflow/dags/dag_with_postgres_operator.py
[2024-06-10T14:04:39.986+0000] {logging_mixin.py:188} INFO - [2024-06-10T14:04:39.984+0000] {override.py:1829} INFO - Created Permission View: can read on DAG:dag_with_postgres_operator_v03
[2024-06-10T14:04:40.020+0000] {logging_mixin.py:188} INFO - [2024-06-10T14:04:40.019+0000] {override.py:1829} INFO - Created Permission View: can delete on DAG:dag_with_postgres_operator_v03
[2024-06-10T14:04:40.032+0000] {logging_mixin.py:188} INFO - [2024-06-10T14:04:40.031+0000] {override.py:1829} INFO - Created Permission View: can edit on DAG:dag_with_postgres_operator_v03
[2024-06-10T14:04:40.034+0000] {logging_mixin.py:188} INFO - [2024-06-10T14:04:40.033+0000] {dag.py:3096} INFO - Sync 1 DAGs
[2024-06-10T14:04:40.236+0000] {logging_mixin.py:188} INFO - [2024-06-10T14:04:40.235+0000] {dag.py:3118} INFO - Creating ORM DAG for dag_with_postgres_operator_v03
[2024-06-10T14:04:40.283+0000] {logging_mixin.py:188} INFO - [2024-06-10T14:04:40.283+0000] {dag.py:3954} INFO - Setting next_dagrun for dag_with_postgres_operator_v03 to 2021-12-19 00:00:00+00:00, run_after=2021-12-20 00:00:00+00:00
[2024-06-10T14:04:40.309+0000] {processor.py:183} INFO - Processing /opt/airflow/dags/dag_with_postgres_operator.py took 0.619 seconds
[2024-06-10T14:05:10.875+0000] {processor.py:161} INFO - Started process (PID=111) to work on /opt/airflow/dags/dag_with_postgres_operator.py
[2024-06-10T14:05:10.877+0000] {processor.py:830} INFO - Processing file /opt/airflow/dags/dag_with_postgres_operator.py for tasks to queue
[2024-06-10T14:05:10.880+0000] {logging_mixin.py:188} INFO - [2024-06-10T14:05:10.880+0000] {dagbag.py:545} INFO - Filling up the DagBag from /opt/airflow/dags/dag_with_postgres_operator.py
[2024-06-10T14:05:10.912+0000] {processor.py:840} INFO - DAG(s) 'dag_with_postgres_operator_v03' retrieved from /opt/airflow/dags/dag_with_postgres_operator.py
[2024-06-10T14:05:10.935+0000] {logging_mixin.py:188} INFO - [2024-06-10T14:05:10.934+0000] {dag.py:3096} INFO - Sync 1 DAGs
[2024-06-10T14:05:10.960+0000] {logging_mixin.py:188} INFO - [2024-06-10T14:05:10.959+0000] {dag.py:3954} INFO - Setting next_dagrun for dag_with_postgres_operator_v03 to 2021-12-19 00:00:00+00:00, run_after=2021-12-20 00:00:00+00:00
[2024-06-10T14:05:10.980+0000] {processor.py:183} INFO - Processing /opt/airflow/dags/dag_with_postgres_operator.py took 0.111 seconds
[2024-06-10T14:05:41.367+0000] {processor.py:161} INFO - Started process (PID=180) to work on /opt/airflow/dags/dag_with_postgres_operator.py
[2024-06-10T14:05:41.369+0000] {processor.py:830} INFO - Processing file /opt/airflow/dags/dag_with_postgres_operator.py for tasks to queue
[2024-06-10T14:05:41.372+0000] {logging_mixin.py:188} INFO - [2024-06-10T14:05:41.371+0000] {dagbag.py:545} INFO - Filling up the DagBag from /opt/airflow/dags/dag_with_postgres_operator.py
[2024-06-10T14:05:41.399+0000] {processor.py:840} INFO - DAG(s) 'dag_with_postgres_operator_v03' retrieved from /opt/airflow/dags/dag_with_postgres_operator.py
[2024-06-10T14:05:41.420+0000] {logging_mixin.py:188} INFO - [2024-06-10T14:05:41.420+0000] {dag.py:3096} INFO - Sync 1 DAGs
[2024-06-10T14:05:41.441+0000] {logging_mixin.py:188} INFO - [2024-06-10T14:05:41.441+0000] {dag.py:3954} INFO - Setting next_dagrun for dag_with_postgres_operator_v03 to 2021-12-19 00:00:00+00:00, run_after=2021-12-20 00:00:00+00:00
[2024-06-10T14:05:41.464+0000] {processor.py:183} INFO - Processing /opt/airflow/dags/dag_with_postgres_operator.py took 0.102 seconds
[2024-06-10T14:06:11.938+0000] {processor.py:161} INFO - Started process (PID=249) to work on /opt/airflow/dags/dag_with_postgres_operator.py
[2024-06-10T14:06:11.940+0000] {processor.py:830} INFO - Processing file /opt/airflow/dags/dag_with_postgres_operator.py for tasks to queue
[2024-06-10T14:06:11.942+0000] {logging_mixin.py:188} INFO - [2024-06-10T14:06:11.942+0000] {dagbag.py:545} INFO - Filling up the DagBag from /opt/airflow/dags/dag_with_postgres_operator.py
[2024-06-10T14:06:11.973+0000] {processor.py:840} INFO - DAG(s) 'dag_with_postgres_operator_v03' retrieved from /opt/airflow/dags/dag_with_postgres_operator.py
[2024-06-10T14:06:12.105+0000] {logging_mixin.py:188} INFO - [2024-06-10T14:06:12.105+0000] {dag.py:3096} INFO - Sync 1 DAGs
[2024-06-10T14:06:12.411+0000] {logging_mixin.py:188} INFO - [2024-06-10T14:06:12.411+0000] {dag.py:3954} INFO - Setting next_dagrun for dag_with_postgres_operator_v03 to 2021-12-19 00:00:00+00:00, run_after=2021-12-20 00:00:00+00:00
[2024-06-10T14:06:12.435+0000] {processor.py:183} INFO - Processing /opt/airflow/dags/dag_with_postgres_operator.py took 0.505 seconds
[2024-06-10T14:07:10.377+0000] {processor.py:161} INFO - Started process (PID=35) to work on /opt/airflow/dags/dag_with_postgres_operator.py
[2024-06-10T14:07:10.379+0000] {processor.py:830} INFO - Processing file /opt/airflow/dags/dag_with_postgres_operator.py for tasks to queue
[2024-06-10T14:07:10.384+0000] {logging_mixin.py:188} INFO - [2024-06-10T14:07:10.383+0000] {dagbag.py:545} INFO - Filling up the DagBag from /opt/airflow/dags/dag_with_postgres_operator.py
[2024-06-10T14:07:10.431+0000] {processor.py:840} INFO - DAG(s) 'dag_with_postgres_operator_v03' retrieved from /opt/airflow/dags/dag_with_postgres_operator.py
[2024-06-10T14:07:10.471+0000] {logging_mixin.py:188} INFO - [2024-06-10T14:07:10.471+0000] {dag.py:3096} INFO - Sync 1 DAGs
[2024-06-10T14:07:10.519+0000] {logging_mixin.py:188} INFO - [2024-06-10T14:07:10.519+0000] {dag.py:3954} INFO - Setting next_dagrun for dag_with_postgres_operator_v03 to 2021-12-19 00:00:00+00:00, run_after=2021-12-20 00:00:00+00:00
[2024-06-10T14:07:10.719+0000] {processor.py:183} INFO - Processing /opt/airflow/dags/dag_with_postgres_operator.py took 0.359 seconds
[2024-06-10T14:07:43.161+0000] {processor.py:161} INFO - Started process (PID=105) to work on /opt/airflow/dags/dag_with_postgres_operator.py
[2024-06-10T14:07:43.163+0000] {processor.py:830} INFO - Processing file /opt/airflow/dags/dag_with_postgres_operator.py for tasks to queue
[2024-06-10T14:07:43.166+0000] {logging_mixin.py:188} INFO - [2024-06-10T14:07:43.165+0000] {dagbag.py:545} INFO - Filling up the DagBag from /opt/airflow/dags/dag_with_postgres_operator.py
[2024-06-10T14:07:43.192+0000] {processor.py:840} INFO - DAG(s) 'dag_with_postgres_operator_v03' retrieved from /opt/airflow/dags/dag_with_postgres_operator.py
[2024-06-10T14:07:43.219+0000] {logging_mixin.py:188} INFO - [2024-06-10T14:07:43.218+0000] {dag.py:3096} INFO - Sync 1 DAGs
[2024-06-10T14:07:43.248+0000] {logging_mixin.py:188} INFO - [2024-06-10T14:07:43.247+0000] {dag.py:3954} INFO - Setting next_dagrun for dag_with_postgres_operator_v03 to 2021-12-19 00:00:00+00:00, run_after=2021-12-20 00:00:00+00:00
[2024-06-10T14:07:43.277+0000] {processor.py:183} INFO - Processing /opt/airflow/dags/dag_with_postgres_operator.py took 0.123 seconds
[2024-06-10T14:08:14.114+0000] {processor.py:161} INFO - Started process (PID=174) to work on /opt/airflow/dags/dag_with_postgres_operator.py
[2024-06-10T14:08:14.116+0000] {processor.py:830} INFO - Processing file /opt/airflow/dags/dag_with_postgres_operator.py for tasks to queue
[2024-06-10T14:08:14.128+0000] {logging_mixin.py:188} INFO - [2024-06-10T14:08:14.118+0000] {dagbag.py:545} INFO - Filling up the DagBag from /opt/airflow/dags/dag_with_postgres_operator.py
[2024-06-10T14:08:14.174+0000] {processor.py:840} INFO - DAG(s) 'dag_with_postgres_operator_v03' retrieved from /opt/airflow/dags/dag_with_postgres_operator.py
[2024-06-10T14:08:14.195+0000] {logging_mixin.py:188} INFO - [2024-06-10T14:08:14.195+0000] {dag.py:3096} INFO - Sync 1 DAGs
[2024-06-10T14:08:14.226+0000] {logging_mixin.py:188} INFO - [2024-06-10T14:08:14.226+0000] {dag.py:3954} INFO - Setting next_dagrun for dag_with_postgres_operator_v03 to 2021-12-19 00:00:00+00:00, run_after=2021-12-20 00:00:00+00:00
[2024-06-10T14:08:14.260+0000] {processor.py:183} INFO - Processing /opt/airflow/dags/dag_with_postgres_operator.py took 0.162 seconds
[2024-06-10T14:08:44.712+0000] {processor.py:161} INFO - Started process (PID=243) to work on /opt/airflow/dags/dag_with_postgres_operator.py
[2024-06-10T14:08:44.714+0000] {processor.py:830} INFO - Processing file /opt/airflow/dags/dag_with_postgres_operator.py for tasks to queue
[2024-06-10T14:08:44.716+0000] {logging_mixin.py:188} INFO - [2024-06-10T14:08:44.716+0000] {dagbag.py:545} INFO - Filling up the DagBag from /opt/airflow/dags/dag_with_postgres_operator.py
[2024-06-10T14:08:44.742+0000] {processor.py:840} INFO - DAG(s) 'dag_with_postgres_operator_v03' retrieved from /opt/airflow/dags/dag_with_postgres_operator.py
[2024-06-10T14:08:44.764+0000] {logging_mixin.py:188} INFO - [2024-06-10T14:08:44.764+0000] {dag.py:3096} INFO - Sync 1 DAGs
[2024-06-10T14:08:44.789+0000] {logging_mixin.py:188} INFO - [2024-06-10T14:08:44.788+0000] {dag.py:3954} INFO - Setting next_dagrun for dag_with_postgres_operator_v03 to 2021-12-19 00:00:00+00:00, run_after=2021-12-20 00:00:00+00:00
[2024-06-10T14:08:44.817+0000] {processor.py:183} INFO - Processing /opt/airflow/dags/dag_with_postgres_operator.py took 0.113 seconds
[2024-06-10T14:09:15.458+0000] {processor.py:161} INFO - Started process (PID=312) to work on /opt/airflow/dags/dag_with_postgres_operator.py
[2024-06-10T14:09:15.459+0000] {processor.py:830} INFO - Processing file /opt/airflow/dags/dag_with_postgres_operator.py for tasks to queue
[2024-06-10T14:09:15.462+0000] {logging_mixin.py:188} INFO - [2024-06-10T14:09:15.462+0000] {dagbag.py:545} INFO - Filling up the DagBag from /opt/airflow/dags/dag_with_postgres_operator.py
[2024-06-10T14:09:15.487+0000] {processor.py:840} INFO - DAG(s) 'dag_with_postgres_operator_v03' retrieved from /opt/airflow/dags/dag_with_postgres_operator.py
[2024-06-10T14:09:15.510+0000] {logging_mixin.py:188} INFO - [2024-06-10T14:09:15.509+0000] {dag.py:3096} INFO - Sync 1 DAGs
[2024-06-10T14:09:15.539+0000] {logging_mixin.py:188} INFO - [2024-06-10T14:09:15.539+0000] {dag.py:3954} INFO - Setting next_dagrun for dag_with_postgres_operator_v03 to 2021-12-19 00:00:00+00:00, run_after=2021-12-20 00:00:00+00:00
[2024-06-10T14:09:15.562+0000] {processor.py:183} INFO - Processing /opt/airflow/dags/dag_with_postgres_operator.py took 0.110 seconds
[2024-06-10T14:09:45.968+0000] {processor.py:161} INFO - Started process (PID=381) to work on /opt/airflow/dags/dag_with_postgres_operator.py
[2024-06-10T14:09:45.970+0000] {processor.py:830} INFO - Processing file /opt/airflow/dags/dag_with_postgres_operator.py for tasks to queue
[2024-06-10T14:09:45.973+0000] {logging_mixin.py:188} INFO - [2024-06-10T14:09:45.973+0000] {dagbag.py:545} INFO - Filling up the DagBag from /opt/airflow/dags/dag_with_postgres_operator.py
[2024-06-10T14:09:46.005+0000] {processor.py:840} INFO - DAG(s) 'dag_with_postgres_operator_v03' retrieved from /opt/airflow/dags/dag_with_postgres_operator.py
[2024-06-10T14:09:46.030+0000] {logging_mixin.py:188} INFO - [2024-06-10T14:09:46.029+0000] {dag.py:3096} INFO - Sync 1 DAGs
[2024-06-10T14:09:46.056+0000] {logging_mixin.py:188} INFO - [2024-06-10T14:09:46.056+0000] {dag.py:3954} INFO - Setting next_dagrun for dag_with_postgres_operator_v03 to 2021-12-19 00:00:00+00:00, run_after=2021-12-20 00:00:00+00:00
[2024-06-10T14:09:46.232+0000] {processor.py:183} INFO - Processing /opt/airflow/dags/dag_with_postgres_operator.py took 0.271 seconds
[2024-06-10T14:10:16.542+0000] {processor.py:161} INFO - Started process (PID=450) to work on /opt/airflow/dags/dag_with_postgres_operator.py
[2024-06-10T14:10:16.543+0000] {processor.py:830} INFO - Processing file /opt/airflow/dags/dag_with_postgres_operator.py for tasks to queue
[2024-06-10T14:10:16.547+0000] {logging_mixin.py:188} INFO - [2024-06-10T14:10:16.546+0000] {dagbag.py:545} INFO - Filling up the DagBag from /opt/airflow/dags/dag_with_postgres_operator.py
[2024-06-10T14:10:16.568+0000] {processor.py:840} INFO - DAG(s) 'dag_with_postgres_operator_v03' retrieved from /opt/airflow/dags/dag_with_postgres_operator.py
[2024-06-10T14:10:16.589+0000] {logging_mixin.py:188} INFO - [2024-06-10T14:10:16.589+0000] {dag.py:3096} INFO - Sync 1 DAGs
[2024-06-10T14:10:16.611+0000] {logging_mixin.py:188} INFO - [2024-06-10T14:10:16.611+0000] {dag.py:3954} INFO - Setting next_dagrun for dag_with_postgres_operator_v03 to 2021-12-19 00:00:00+00:00, run_after=2021-12-20 00:00:00+00:00
[2024-06-10T14:10:16.637+0000] {processor.py:183} INFO - Processing /opt/airflow/dags/dag_with_postgres_operator.py took 0.104 seconds
[2024-06-10T14:10:47.173+0000] {processor.py:161} INFO - Started process (PID=519) to work on /opt/airflow/dags/dag_with_postgres_operator.py
[2024-06-10T14:10:47.174+0000] {processor.py:830} INFO - Processing file /opt/airflow/dags/dag_with_postgres_operator.py for tasks to queue
[2024-06-10T14:10:47.177+0000] {logging_mixin.py:188} INFO - [2024-06-10T14:10:47.176+0000] {dagbag.py:545} INFO - Filling up the DagBag from /opt/airflow/dags/dag_with_postgres_operator.py
[2024-06-10T14:10:47.198+0000] {processor.py:840} INFO - DAG(s) 'dag_with_postgres_operator_v03' retrieved from /opt/airflow/dags/dag_with_postgres_operator.py
[2024-06-10T14:10:47.230+0000] {logging_mixin.py:188} INFO - [2024-06-10T14:10:47.230+0000] {dag.py:3096} INFO - Sync 1 DAGs
[2024-06-10T14:10:47.267+0000] {logging_mixin.py:188} INFO - [2024-06-10T14:10:47.266+0000] {dag.py:3954} INFO - Setting next_dagrun for dag_with_postgres_operator_v03 to 2021-12-19 00:00:00+00:00, run_after=2021-12-20 00:00:00+00:00
[2024-06-10T14:10:47.288+0000] {processor.py:183} INFO - Processing /opt/airflow/dags/dag_with_postgres_operator.py took 0.121 seconds
[2024-06-10T14:11:17.707+0000] {processor.py:161} INFO - Started process (PID=588) to work on /opt/airflow/dags/dag_with_postgres_operator.py
[2024-06-10T14:11:17.708+0000] {processor.py:830} INFO - Processing file /opt/airflow/dags/dag_with_postgres_operator.py for tasks to queue
[2024-06-10T14:11:17.710+0000] {logging_mixin.py:188} INFO - [2024-06-10T14:11:17.709+0000] {dagbag.py:545} INFO - Filling up the DagBag from /opt/airflow/dags/dag_with_postgres_operator.py
[2024-06-10T14:11:17.732+0000] {processor.py:840} INFO - DAG(s) 'dag_with_postgres_operator_v03' retrieved from /opt/airflow/dags/dag_with_postgres_operator.py
[2024-06-10T14:11:17.753+0000] {logging_mixin.py:188} INFO - [2024-06-10T14:11:17.753+0000] {dag.py:3096} INFO - Sync 1 DAGs
[2024-06-10T14:11:17.779+0000] {logging_mixin.py:188} INFO - [2024-06-10T14:11:17.779+0000] {dag.py:3954} INFO - Setting next_dagrun for dag_with_postgres_operator_v03 to 2021-12-19 00:00:00+00:00, run_after=2021-12-20 00:00:00+00:00
[2024-06-10T14:11:17.798+0000] {processor.py:183} INFO - Processing /opt/airflow/dags/dag_with_postgres_operator.py took 0.096 seconds
[2024-06-10T14:11:48.230+0000] {processor.py:161} INFO - Started process (PID=657) to work on /opt/airflow/dags/dag_with_postgres_operator.py
[2024-06-10T14:11:48.232+0000] {processor.py:830} INFO - Processing file /opt/airflow/dags/dag_with_postgres_operator.py for tasks to queue
[2024-06-10T14:11:48.235+0000] {logging_mixin.py:188} INFO - [2024-06-10T14:11:48.234+0000] {dagbag.py:545} INFO - Filling up the DagBag from /opt/airflow/dags/dag_with_postgres_operator.py
[2024-06-10T14:11:48.263+0000] {processor.py:840} INFO - DAG(s) 'dag_with_postgres_operator_v03' retrieved from /opt/airflow/dags/dag_with_postgres_operator.py
[2024-06-10T14:11:48.288+0000] {logging_mixin.py:188} INFO - [2024-06-10T14:11:48.287+0000] {dag.py:3096} INFO - Sync 1 DAGs
[2024-06-10T14:11:48.312+0000] {logging_mixin.py:188} INFO - [2024-06-10T14:11:48.312+0000] {dag.py:3954} INFO - Setting next_dagrun for dag_with_postgres_operator_v03 to 2021-12-19 00:00:00+00:00, run_after=2021-12-20 00:00:00+00:00
[2024-06-10T14:11:48.338+0000] {processor.py:183} INFO - Processing /opt/airflow/dags/dag_with_postgres_operator.py took 0.115 seconds
[2024-06-10T14:12:18.558+0000] {processor.py:161} INFO - Started process (PID=726) to work on /opt/airflow/dags/dag_with_postgres_operator.py
[2024-06-10T14:12:18.559+0000] {processor.py:830} INFO - Processing file /opt/airflow/dags/dag_with_postgres_operator.py for tasks to queue
[2024-06-10T14:12:18.561+0000] {logging_mixin.py:188} INFO - [2024-06-10T14:12:18.561+0000] {dagbag.py:545} INFO - Filling up the DagBag from /opt/airflow/dags/dag_with_postgres_operator.py
[2024-06-10T14:12:18.585+0000] {processor.py:840} INFO - DAG(s) 'dag_with_postgres_operator_v03' retrieved from /opt/airflow/dags/dag_with_postgres_operator.py
[2024-06-10T14:12:18.735+0000] {logging_mixin.py:188} INFO - [2024-06-10T14:12:18.734+0000] {dag.py:3096} INFO - Sync 1 DAGs
[2024-06-10T14:12:18.758+0000] {logging_mixin.py:188} INFO - [2024-06-10T14:12:18.757+0000] {dag.py:3954} INFO - Setting next_dagrun for dag_with_postgres_operator_v03 to 2021-12-19 00:00:00+00:00, run_after=2021-12-20 00:00:00+00:00
[2024-06-10T14:12:18.779+0000] {processor.py:183} INFO - Processing /opt/airflow/dags/dag_with_postgres_operator.py took 0.226 seconds
[2024-06-10T14:12:49.311+0000] {processor.py:161} INFO - Started process (PID=795) to work on /opt/airflow/dags/dag_with_postgres_operator.py
[2024-06-10T14:12:49.312+0000] {processor.py:830} INFO - Processing file /opt/airflow/dags/dag_with_postgres_operator.py for tasks to queue
[2024-06-10T14:12:49.314+0000] {logging_mixin.py:188} INFO - [2024-06-10T14:12:49.314+0000] {dagbag.py:545} INFO - Filling up the DagBag from /opt/airflow/dags/dag_with_postgres_operator.py
[2024-06-10T14:12:49.332+0000] {processor.py:840} INFO - DAG(s) 'dag_with_postgres_operator_v03' retrieved from /opt/airflow/dags/dag_with_postgres_operator.py
[2024-06-10T14:12:49.464+0000] {logging_mixin.py:188} INFO - [2024-06-10T14:12:49.464+0000] {dag.py:3096} INFO - Sync 1 DAGs
[2024-06-10T14:12:49.481+0000] {logging_mixin.py:188} INFO - [2024-06-10T14:12:49.481+0000] {dag.py:3954} INFO - Setting next_dagrun for dag_with_postgres_operator_v03 to 2021-12-19 00:00:00+00:00, run_after=2021-12-20 00:00:00+00:00
[2024-06-10T14:12:49.502+0000] {processor.py:183} INFO - Processing /opt/airflow/dags/dag_with_postgres_operator.py took 0.197 seconds
[2024-06-10T14:13:19.724+0000] {processor.py:161} INFO - Started process (PID=864) to work on /opt/airflow/dags/dag_with_postgres_operator.py
[2024-06-10T14:13:19.725+0000] {processor.py:830} INFO - Processing file /opt/airflow/dags/dag_with_postgres_operator.py for tasks to queue
[2024-06-10T14:13:19.728+0000] {logging_mixin.py:188} INFO - [2024-06-10T14:13:19.727+0000] {dagbag.py:545} INFO - Filling up the DagBag from /opt/airflow/dags/dag_with_postgres_operator.py
[2024-06-10T14:13:19.755+0000] {processor.py:840} INFO - DAG(s) 'dag_with_postgres_operator_v03' retrieved from /opt/airflow/dags/dag_with_postgres_operator.py
[2024-06-10T14:13:19.776+0000] {logging_mixin.py:188} INFO - [2024-06-10T14:13:19.776+0000] {dag.py:3096} INFO - Sync 1 DAGs
[2024-06-10T14:13:19.801+0000] {logging_mixin.py:188} INFO - [2024-06-10T14:13:19.801+0000] {dag.py:3954} INFO - Setting next_dagrun for dag_with_postgres_operator_v03 to 2021-12-19 00:00:00+00:00, run_after=2021-12-20 00:00:00+00:00
[2024-06-10T14:13:19.828+0000] {processor.py:183} INFO - Processing /opt/airflow/dags/dag_with_postgres_operator.py took 0.110 seconds
[2024-06-10T14:13:50.712+0000] {processor.py:161} INFO - Started process (PID=933) to work on /opt/airflow/dags/dag_with_postgres_operator.py
[2024-06-10T14:13:50.714+0000] {processor.py:830} INFO - Processing file /opt/airflow/dags/dag_with_postgres_operator.py for tasks to queue
[2024-06-10T14:13:50.716+0000] {logging_mixin.py:188} INFO - [2024-06-10T14:13:50.716+0000] {dagbag.py:545} INFO - Filling up the DagBag from /opt/airflow/dags/dag_with_postgres_operator.py
[2024-06-10T14:13:50.736+0000] {processor.py:840} INFO - DAG(s) 'dag_with_postgres_operator_v03' retrieved from /opt/airflow/dags/dag_with_postgres_operator.py
[2024-06-10T14:13:50.757+0000] {logging_mixin.py:188} INFO - [2024-06-10T14:13:50.756+0000] {dag.py:3096} INFO - Sync 1 DAGs
[2024-06-10T14:13:50.778+0000] {logging_mixin.py:188} INFO - [2024-06-10T14:13:50.778+0000] {dag.py:3954} INFO - Setting next_dagrun for dag_with_postgres_operator_v03 to 2021-12-19 00:00:00+00:00, run_after=2021-12-20 00:00:00+00:00
[2024-06-10T14:13:50.799+0000] {processor.py:183} INFO - Processing /opt/airflow/dags/dag_with_postgres_operator.py took 0.092 seconds
[2024-06-10T14:14:21.637+0000] {processor.py:161} INFO - Started process (PID=1002) to work on /opt/airflow/dags/dag_with_postgres_operator.py
[2024-06-10T14:14:21.639+0000] {processor.py:830} INFO - Processing file /opt/airflow/dags/dag_with_postgres_operator.py for tasks to queue
[2024-06-10T14:14:21.642+0000] {logging_mixin.py:188} INFO - [2024-06-10T14:14:21.641+0000] {dagbag.py:545} INFO - Filling up the DagBag from /opt/airflow/dags/dag_with_postgres_operator.py
[2024-06-10T14:14:21.663+0000] {processor.py:840} INFO - DAG(s) 'dag_with_postgres_operator_v03' retrieved from /opt/airflow/dags/dag_with_postgres_operator.py
[2024-06-10T14:14:21.686+0000] {logging_mixin.py:188} INFO - [2024-06-10T14:14:21.685+0000] {dag.py:3096} INFO - Sync 1 DAGs
[2024-06-10T14:14:21.709+0000] {logging_mixin.py:188} INFO - [2024-06-10T14:14:21.709+0000] {dag.py:3954} INFO - Setting next_dagrun for dag_with_postgres_operator_v03 to 2021-12-19 00:00:00+00:00, run_after=2021-12-20 00:00:00+00:00
[2024-06-10T14:14:21.729+0000] {processor.py:183} INFO - Processing /opt/airflow/dags/dag_with_postgres_operator.py took 0.098 seconds
[2024-06-10T14:14:51.867+0000] {processor.py:161} INFO - Started process (PID=1071) to work on /opt/airflow/dags/dag_with_postgres_operator.py
[2024-06-10T14:14:51.869+0000] {processor.py:830} INFO - Processing file /opt/airflow/dags/dag_with_postgres_operator.py for tasks to queue
[2024-06-10T14:14:51.871+0000] {logging_mixin.py:188} INFO - [2024-06-10T14:14:51.871+0000] {dagbag.py:545} INFO - Filling up the DagBag from /opt/airflow/dags/dag_with_postgres_operator.py
[2024-06-10T14:14:51.895+0000] {processor.py:840} INFO - DAG(s) 'dag_with_postgres_operator_v03' retrieved from /opt/airflow/dags/dag_with_postgres_operator.py
[2024-06-10T14:14:51.915+0000] {logging_mixin.py:188} INFO - [2024-06-10T14:14:51.915+0000] {dag.py:3096} INFO - Sync 1 DAGs
[2024-06-10T14:14:51.946+0000] {logging_mixin.py:188} INFO - [2024-06-10T14:14:51.946+0000] {dag.py:3954} INFO - Setting next_dagrun for dag_with_postgres_operator_v03 to 2021-12-19 00:00:00+00:00, run_after=2021-12-20 00:00:00+00:00
[2024-06-10T14:14:51.968+0000] {processor.py:183} INFO - Processing /opt/airflow/dags/dag_with_postgres_operator.py took 0.107 seconds
[2024-06-10T14:15:22.430+0000] {processor.py:161} INFO - Started process (PID=1140) to work on /opt/airflow/dags/dag_with_postgres_operator.py
[2024-06-10T14:15:22.431+0000] {processor.py:830} INFO - Processing file /opt/airflow/dags/dag_with_postgres_operator.py for tasks to queue
[2024-06-10T14:15:22.434+0000] {logging_mixin.py:188} INFO - [2024-06-10T14:15:22.432+0000] {dagbag.py:545} INFO - Filling up the DagBag from /opt/airflow/dags/dag_with_postgres_operator.py
[2024-06-10T14:15:23.468+0000] {processor.py:840} INFO - DAG(s) 'dag_with_postgres_operator_v03' retrieved from /opt/airflow/dags/dag_with_postgres_operator.py
[2024-06-10T14:15:23.497+0000] {logging_mixin.py:188} INFO - [2024-06-10T14:15:23.497+0000] {dag.py:3096} INFO - Sync 1 DAGs
[2024-06-10T14:15:23.526+0000] {logging_mixin.py:188} INFO - [2024-06-10T14:15:23.525+0000] {dag.py:3954} INFO - Setting next_dagrun for dag_with_postgres_operator_v03 to 2021-12-19 00:00:00+00:00, run_after=2021-12-20 00:00:00+00:00
[2024-06-10T14:15:23.550+0000] {processor.py:183} INFO - Processing /opt/airflow/dags/dag_with_postgres_operator.py took 1.130 seconds
